[19:29:29][|-xParam-|Array
(
    [UserID] => 167
    [bid] => 15
    [trade_acco] => 1177
    [oldBid] => 
    [origin_tradeacco] => 1155
)
]
[19:30:19][|-xParam-|Array
(
    [UserID] => 167
    [bid] => 15
    [trade_acco] => 1177
    [oldBid] => 2
    [origin_tradeacco] => 1155
)
]
[19:31:15][|-xParam-|Array
(
    [UserID] => 167
    [bid] => 15
    [trade_acco] => 1177
    [oldBid] => 2
    [origin_tradeacco] => 1155
)
]
[19:32:35][|-xParam-|Array
(
    [UserID] => 167
    [bid] => 15
    [trade_acco] => 1177
    [oldBid] => 2
    [origin_tradeacco] => 1155
)
]
[19:32:35][|-sRs-|Array
(
    [flag] => 10009
    [msg] => 基金账号不能为空
    [info] => 
)
]
[19:34:21][|-xParam-|Array
(
    [UserID] => 167
    [bid] => 15
    [trade_acco] => 1177
    [ta_acco] => B01000009761
    [oldBid] => 2
    [origin_tradeacco] => 1155
)
]
[19:34:21][|-sRs-|Array
(
    [flag] => 10009
    [msg] => 请输入正确的密码。
    [info] => 
)
]
[19:35:01][|-xParam-|Array
(
    [UserID] => 167
    [bid] => 15
    [trade_acco] => 1177
    [ta_acco] => B01000009761
    [oldBid] => 2
    [origin_tradeacco] => 1155
)
]
[19:35:01][|-sRs-|Array
(
    [flag] => 10009
    [msg] => 请输入正确的密码。
    [info] => 
)
]
[19:35:07][|-xParam-|Array
(
    [UserID] => 167
    [bid] => 15
    [trade_acco] => 1177
    [ta_acco] => B01000009761
    [oldBid] => 2
    [origin_tradeacco] => 1155
)
]
[19:35:07][|-sRs-|Array
(
    [flag] => 10009
    [msg] => 请输入正确的密码。
    [info] => 
)
]
[19:39:05][|-xParam-|Array
(
    [UserID] => 167
    [bid] => 15
    [trade_acco] => 1177
    [ta_acco] => B01000009761
    [oldBid] => 2
    [origin_tradeacco] => 1155
)
]
[19:39:05][|-sRs-|Array
(
    [flag] => 10000
    [msg] => 修改成功
    [info] => 
)
]
[20:15:50][|-xParam-|Array
(
    [UserID] => 167
    [bid] => 2
    [trade_acco] => 1155
    [ta_acco] => B01000009761
    [oldBid] => 2
    [origin_tradeacco] => 1155
)
]
[20:15:51][|-sRs-|Array
(
    [flag] => 10012
    [msg] => 主卡更新失败
    [info] => 
)
]
[20:15:54][|-xParam-|Array
(
    [UserID] => 167
    [bid] => 2
    [trade_acco] => 1155
    [ta_acco] => B01000009761
    [oldBid] => 2
    [origin_tradeacco] => 1155
)
]
[20:15:54][|-sRs-|Array
(
    [flag] => 10011
    [msg] => 用户信息更新失败
    [info] => 
)
]
[20:16:35][|-xParam-|Array
(
    [UserID] => 167
    [bid] => 2
    [trade_acco] => 1155
    [ta_acco] => B01000009761
    [oldBid] => 2
    [origin_tradeacco] => 1155
)
]
[20:16:35][|-sRs-|Array
(
    [flag] => 10011
    [msg] => 用户信息更新失败
    [info] => 
)
]
[20:17:47][|-xParam-|Array
(
    [UserID] => 167
    [bid] => 15
    [trade_acco] => 1177
    [ta_acco] => B01000009761
    [oldBid] => 2
    [origin_tradeacco] => 1155
)
]
[20:17:48][|-sRs-|Array
(
    [flag] => 10000
    [msg] => 修改成功
    [info] => 
)
]
[20:18:11][|-xParam-|Array
(
    [UserID] => 167
    [bid] => 2
    [trade_acco] => 1155
    [ta_acco] => B01000009761
    [oldBid] => 2
    [origin_tradeacco] => 1155
)
]
[20:18:11][|-sRs-|Array
(
    [flag] => 10012
    [msg] => 主卡更新失败
    [info] => 
)
]
[20:20:11][|-xParam-|Array
(
    [UserID] => 167
    [bid] => 15
    [trade_acco] => 1177
    [ta_acco] => B01000009761
    [oldBid] => 2
    [origin_tradeacco] => 1155
)
]
[20:20:11][|-sRs-|Array
(
    [flag] => 10000
    [msg] => 修改成功
    [info] => 
)
]
[20:21:45][|-xParam-|Array
(
    [UserID] => 167
    [bid] => 2
    [trade_acco] => 1155
    [ta_acco] => B01000009761
    [oldBid] => 2
    [origin_tradeacco] => 1155
)
]
[20:21:45][|-sRs-|Array
(
    [flag] => 10012
    [msg] => 主卡更新失败
    [info] => 
)
]
[20:23:04][|-xParam-|Array
(
    [UserID] => 167
    [bid] => 15
    [trade_acco] => 1177
    [ta_acco] => B01000009761
    [oldBid] => 2
    [origin_tradeacco] => 1155
)
]
[20:23:04][|-sRs-|Array
(
    [flag] => 10000
    [msg] => 修改成功
    [info] => 
)
]
[20:23:35][|-xParam-|Array
(
    [UserID] => 167
    [bid] => 2
    [trade_acco] => 1155
    [ta_acco] => B01000009761
    [oldBid] => 2
    [origin_tradeacco] => 1155
)
]
[20:23:36][|-sRs-|Array
(
    [flag] => 10012
    [msg] => 主卡更新失败
    [info] => 
)
]
[20:23:54][|-xParam-|Array
(
    [UserID] => 167
    [bid] => 15
    [trade_acco] => 1177
    [ta_acco] => B01000009761
    [oldBid] => 2
    [origin_tradeacco] => 1155
)
]
[20:23:54][|-sRs-|Array
(
    [flag] => 10000
    [msg] => 修改成功
    [info] => 
)
]
[20:24:01][|-xParam-|Array
(
    [UserID] => 167
    [bid] => 2
    [trade_acco] => 1155
    [ta_acco] => B01000009761
    [oldBid] => 2
    [origin_tradeacco] => 1155
)
]
[20:24:01][|-sRs-|Array
(
    [flag] => 10012
    [msg] => 主卡更新失败
    [info] => 
)
]
[20:27:06][|-xParam-|Array
(
    [UserID] => 167
    [bid] => 15
    [trade_acco] => 1177
    [ta_acco] => B01000009761
    [oldBid] => 2
    [origin_tradeacco] => 1155
)
]
[20:27:06][|-sRs-|Array
(
    [flag] => 10000
    [msg] => 修改成功
    [info] => 
)
]
[20:28:11][|-xParam-|Array
(
    [UserID] => 167
    [bid] => 2
    [trade_acco] => 1155
    [ta_acco] => B01000009761
    [oldBid] => 15
    [origin_tradeacco] => 1177
)
]
[20:28:12][|-sRs-|Array
(
    [flag] => 10000
    [msg] => 修改成功
    [info] => 
)
]
[20:28:19][|-xParam-|Array
(
    [UserID] => 167
    [bid] => 15
    [trade_acco] => 1177
    [ta_acco] => B01000009761
    [oldBid] => 2
    [origin_tradeacco] => 1155
)
]
[20:28:19][|-sRs-|Array
(
    [flag] => 10000
    [msg] => 修改成功
    [info] => 
)
]
[20:28:27][|-xParam-|Array
(
    [UserID] => 167
    [bid] => 2
    [trade_acco] => 1155
    [ta_acco] => B01000009761
    [oldBid] => 15
    [origin_tradeacco] => 1177
)
]
[20:28:27][|-sRs-|Array
(
    [flag] => 10000
    [msg] => 修改成功
    [info] => 
)
]
[22:10:28][|-xParam-|Array
(
    [UserID] => 178
    [bid] => 23
    [trade_acco] => 1191
    [ta_acco] => *B0000001184
    [oldBid] => 19
    [origin_tradeacco] => 1184
)
]
[22:10:28][|-sRs-|Array
(
    [flag] => 10009
    [msg] => 基金账号状态是[新开户],不能做该交易[058]
    [info] => 
)
]
