[13:45:53][Array
(
    [UserID] => 178
    [Province] => 广东省
    [City] => 广州市
    [BankName] => 招商银行
    [BankNo] => 007
    [BranchBank] => 308581002249
    [BankCard] => 6214830201562278
    [Mobile] => 18125530297
    [NickName] => 阿拉蕾
    [IdentityNumber] => 422201199207070427
    [Sex] => 1
    [Password] => c62d929e7b7e7b6165923a5dfc60cb56
    [EndValidDate] => 20990101
    [Status] => 1
    [protocolNo] => 
    [DataTime] => 2017-02-04 13:45:53
    [OperatDesc] => 
    [OperatTime] => 2017-02-04 13:45:53
)
]
