[15:57:08][|-Param-|Array
(
    [UserID] => 184
    [trust_way] => 2
    [cust_type] => 1
    [full_name] => 江雪锋
    [id_kind_gb] => 0
    [id_no] => 421281199202011735
    [elig_content] => 1:1|2:5|3:1|4:2|5:4|6:2|7:1|8:3|9:2|
)
]
[15:57:08][|-aRs-|Array
(
    [flag] => 10000
    [msg] => ok
    [info] => 
)
]
[15:57:51][|-Param-|Array
(
    [UserID] => 196
    [trust_way] => 2
    [cust_type] => 1
    [full_name] => 严萌
    [id_kind_gb] => 0
    [id_no] => 420111199508286623
    [elig_content] => 1:1|2:1|3:5|4:5|5:3|6:5|7:5|8:4|9:3|
)
]
[15:57:51][|-aRs-|Array
(
    [flag] => 10000
    [msg] => ok
    [info] => 
)
]
