[09:20:11][参数：Array
(
    [targetcomp_id] => 91000
    [sendercomp_id] => 91000
    [access_token] => 105A6F9D5C714C39B153B82737BF4EB62017020608585656801584
    [request_num] => 1
    [reqry_recordsum_flag] => 1
    [qry_beginrownum] => 0
    [fund_code] => 请输入基金代码或简称
)
https://sitapi.hscloud.cn/cwsale/v1/newhq_qry
回参：Array
(
    [data] => 
    [code] => 0
)
]
[09:20:39][参数：Array
(
    [targetcomp_id] => 91000
    [sendercomp_id] => 91000
    [access_token] => 105A6F9D5C714C39B153B82737BF4EB62017020608585656801584
    [request_num] => 1
    [reqry_recordsum_flag] => 1
    [qry_beginrownum] => 0
    [fund_code] => 请输入基金代码或简称
)
https://sitapi.hscloud.cn/cwsale/v1/newhq_qry
回参：Array
(
    [data] => 
    [code] => 0
)
]
[09:22:38][参数：Array
(
    [targetcomp_id] => 91000
    [sendercomp_id] => 91000
    [access_token] => 105A6F9D5C714C39B153B82737BF4EB62017020608585656801584
    [request_num] => 1
    [reqry_recordsum_flag] => 1
    [qry_beginrownum] => 0
    [fund_code] => 600570
)
https://sitapi.hscloud.cn/cwsale/v1/newhq_qry
回参：Array
(
    [data] => {"data":[{"ofund_type":"0","per_myriad_income":"0.0000","fund_code":"600570","fund_curr_income":"0.00","rowcount":"1","forbid_modi_autobuy_flag":"0","pre_income_ratio":"0.0000","fund_full_name":"恒生电子股票基金","accept_hq_date":"20170126","share_type":"A","error_code":"","total_count":"1","fund_share":"0.00","fund_name":"恒生电子股票基金","fund_status":"0","ta_no":"B0","success_type":"0","nav_total":"1.7000","nav":"1.7000","prod_term":"0","ofund_risklevel":"0","en_minshare":"0.00","hq_date":"20170125","fund_curr_ratio":"0.0000","error_info":""}]}
    [code] => 200
)
]
[09:22:38][参数：Array
(
    [targetcomp_id] => 91000
    [sendercomp_id] => 91000
    [access_token] => 105A6F9D5C714C39B153B82737BF4EB62017020608585656801584
    [request_num] => 1
    [reqry_recordsum_flag] => 1
    [qry_beginrownum] => 0
    [fund_code] => 600570
)
https://sitapi.hscloud.cn/cwsale/v1/share_qry
回参：Array
(
    [data] => {"data":[{"excetrans_out_total_quota":"0.00","share_type":"A","c_flag":"1","trade_acco":"0001","today_transin_total_quota":"0.00","current_share":"708.84","ta_acco":"B01000000010","capital_mode":"3","today_apply_total_quota":"0.00","business_frozen_amount":"0.00","lock_share":"0.00","available_due_share":"708.84","bank_account":"6228480987654321789","fund_code":"600570","rowcount":"1","auto_buy":"0","today_exceed_total_quota":"0.00","today_transout_total_quota":"0.00","unpaid_income":"0.00","error_code":"","quick_exceed_enable_share":"708.84","accum_income":"0.00","cost":"1205.02","frozen_share":"0.00","total_count":"16","worth_value":"1205.03","today_income":"0.00","nav_date":"20170125","success_type":"0","enable_shares":"708.84","bank_no":"003","error_info":"","excetrans_in_total_quota":"0.00"}]}
    [code] => 200
)
]
[09:22:43][参数：Array
(
    [targetcomp_id] => 91000
    [sendercomp_id] => 91000
    [access_token] => 105A6F9D5C714C39B153B82737BF4EB62017020608585656801584
    [request_num] => 1
    [reqry_recordsum_flag] => 1
    [qry_beginrownum] => 0
    [fund_code] => 600570
)
https://sitapi.hscloud.cn/cwsale/v1/newhq_qry
回参：Array
(
    [data] => {"data":[{"ofund_type":"0","per_myriad_income":"0.0000","fund_code":"600570","fund_curr_income":"0.00","rowcount":"1","forbid_modi_autobuy_flag":"0","pre_income_ratio":"0.0000","fund_full_name":"恒生电子股票基金","accept_hq_date":"20170126","share_type":"A","error_code":"","total_count":"1","fund_share":"0.00","fund_name":"恒生电子股票基金","fund_status":"0","ta_no":"B0","success_type":"0","nav_total":"1.7000","nav":"1.7000","prod_term":"0","ofund_risklevel":"0","en_minshare":"0.00","hq_date":"20170125","fund_curr_ratio":"0.0000","error_info":""}]}
    [code] => 200
)
]
[09:22:43][参数：Array
(
    [targetcomp_id] => 91000
    [sendercomp_id] => 91000
    [access_token] => 105A6F9D5C714C39B153B82737BF4EB62017020608585656801584
    [request_num] => 1
    [reqry_recordsum_flag] => 1
    [qry_beginrownum] => 0
    [fund_code] => 600570
)
https://sitapi.hscloud.cn/cwsale/v1/share_qry
回参：Array
(
    [data] => {"data":[{"excetrans_out_total_quota":"0.00","share_type":"A","c_flag":"1","trade_acco":"0001","today_transin_total_quota":"0.00","current_share":"708.84","ta_acco":"B01000000010","capital_mode":"3","today_apply_total_quota":"0.00","business_frozen_amount":"0.00","lock_share":"0.00","available_due_share":"708.84","bank_account":"6228480987654321789","fund_code":"600570","rowcount":"1","auto_buy":"0","today_exceed_total_quota":"0.00","today_transout_total_quota":"0.00","unpaid_income":"0.00","error_code":"","quick_exceed_enable_share":"708.84","accum_income":"0.00","cost":"1205.02","frozen_share":"0.00","total_count":"16","worth_value":"1205.03","today_income":"0.00","nav_date":"20170125","success_type":"0","enable_shares":"708.84","bank_no":"003","error_info":"","excetrans_in_total_quota":"0.00"}]}
    [code] => 200
)
]
[09:22:47][参数：Array
(
    [targetcomp_id] => 91000
    [sendercomp_id] => 91000
    [access_token] => 105A6F9D5C714C39B153B82737BF4EB62017020608585656801584
    [request_num] => 1
    [reqry_recordsum_flag] => 1
    [qry_beginrownum] => 0
    [fund_code] => 400003
)
https://sitapi.hscloud.cn/cwsale/v1/newhq_qry
回参：Array
(
    [data] => {"data":[{"ofund_type":"6","per_myriad_income":"0.0000","fund_code":"400003","fund_curr_income":"0.00","rowcount":"1","forbid_modi_autobuy_flag":"0","pre_income_ratio":"0.0000","fund_full_name":"东方精选混合型开放式证券投资基金","accept_hq_date":"20170126","share_type":"A","error_code":"","total_count":"1","fund_share":"0.00","fund_name":"东方精选混合型开放式","fund_status":"0","ta_no":"CS","success_type":"0","nav_total":"1.1000","nav":"1.1000","prod_term":"0","ofund_risklevel":"0","en_minshare":"0.00","hq_date":"20170125","fund_curr_ratio":"0.0000","error_info":""}]}
    [code] => 200
)
]
[09:22:47][参数：Array
(
    [targetcomp_id] => 91000
    [sendercomp_id] => 91000
    [access_token] => 105A6F9D5C714C39B153B82737BF4EB62017020608585656801584
    [request_num] => 1
    [reqry_recordsum_flag] => 1
    [qry_beginrownum] => 0
    [fund_code] => 400003
)
https://sitapi.hscloud.cn/cwsale/v1/share_qry
回参：Array
(
    [data] => {"data":[{"excetrans_out_total_quota":"0.00","share_type":"A","c_flag":"1","trade_acco":"0512","today_transin_total_quota":"0.00","current_share":"114570.40","ta_acco":"CS1000000173","capital_mode":"P","today_apply_total_quota":"0.00","business_frozen_amount":"0.00","lock_share":"0.00","available_due_share":"114570.40","bank_account":"6228484444442","fund_code":"400003","rowcount":"1","auto_buy":"1","today_exceed_total_quota":"0.00","today_transout_total_quota":"0.00","unpaid_income":"0.00","error_code":"","quick_exceed_enable_share":"114570.40","accum_income":"0.00","cost":"143213.00","frozen_share":"0.00","total_count":"9","worth_value":"126027.44","today_income":"0.00","nav_date":"20170125","success_type":"0","enable_shares":"114570.40","bank_no":"003","error_info":"","excetrans_in_total_quota":"0.00"}]}
    [code] => 200
)
]
[09:22:51][参数：Array
(
    [targetcomp_id] => 91000
    [sendercomp_id] => 91000
    [access_token] => 105A6F9D5C714C39B153B82737BF4EB62017020608585656801584
    [request_num] => 1
    [reqry_recordsum_flag] => 1
    [qry_beginrownum] => 0
    [fund_code] => 600570
)
https://sitapi.hscloud.cn/cwsale/v1/newhq_qry
回参：Array
(
    [data] => 
    [code] => 0
)
]
[10:47:10][参数：Array
(
    [targetcomp_id] => 91000
    [sendercomp_id] => 91000
    [access_token] => 105A6F9D5C714C39B153B82737BF4EB62017020608585656801584
    [request_num] => 1
    [reqry_recordsum_flag] => 1
    [qry_beginrownum] => 0
    [fund_code] => 600570
)
https://sitapi.hscloud.cn/cwsale/v1/newhq_qry
回参：Array
(
    [data] => {"data":[{"ofund_type":"0","per_myriad_income":"0.0000","fund_code":"600570","fund_curr_income":"0.00","rowcount":"1","forbid_modi_autobuy_flag":"0","pre_income_ratio":"0.0000","fund_full_name":"恒生电子股票基金","accept_hq_date":"20170206","share_type":"A","error_code":"","total_count":"1","fund_share":"0.00","fund_name":"恒生电子股票基金","fund_status":"0","ta_no":"B0","success_type":"0","nav_total":"1.7000","nav":"1.7000","prod_term":"0","ofund_risklevel":"0","en_minshare":"0.00","hq_date":"20170126","fund_curr_ratio":"0.0000","error_info":""}]}
    [code] => 200
)
]
[10:47:10][参数：Array
(
    [targetcomp_id] => 91000
    [sendercomp_id] => 91000
    [access_token] => 105A6F9D5C714C39B153B82737BF4EB62017020608585656801584
    [request_num] => 1
    [reqry_recordsum_flag] => 1
    [qry_beginrownum] => 0
    [fund_code] => 600570
)
https://sitapi.hscloud.cn/cwsale/v1/share_qry
回参：Array
(
    [data] => {"data":[{"excetrans_out_total_quota":"0.00","share_type":"A","c_flag":"1","trade_acco":"0001","today_transin_total_quota":"0.00","current_share":"708.84","ta_acco":"B01000000010","capital_mode":"3","today_apply_total_quota":"0.00","business_frozen_amount":"0.00","lock_share":"0.00","available_due_share":"708.84","bank_account":"6228480987654321789","fund_code":"600570","rowcount":"1","auto_buy":"0","today_exceed_total_quota":"0.00","today_transout_total_quota":"0.00","unpaid_income":"0.00","error_code":"","quick_exceed_enable_share":"708.84","accum_income":"0.00","cost":"1205.02","frozen_share":"0.00","total_count":"16","worth_value":"1205.03","today_income":"0.00","nav_date":"20170126","success_type":"0","enable_shares":"708.84","bank_no":"003","error_info":"","excetrans_in_total_quota":"0.00"}]}
    [code] => 200
)
]
[10:47:35][参数：Array
(
    [targetcomp_id] => 91000
    [sendercomp_id] => 91000
    [access_token] => 105A6F9D5C714C39B153B82737BF4EB62017020608585656801584
    [request_num] => 1
    [reqry_recordsum_flag] => 1
    [qry_beginrownum] => 0
    [fund_code] => 600570
)
https://sitapi.hscloud.cn/cwsale/v1/newhq_qry
回参：Array
(
    [data] => {"data":[{"ofund_type":"0","per_myriad_income":"0.0000","fund_code":"600570","fund_curr_income":"0.00","rowcount":"1","forbid_modi_autobuy_flag":"0","pre_income_ratio":"0.0000","fund_full_name":"恒生电子股票基金","accept_hq_date":"20170206","share_type":"A","error_code":"","total_count":"1","fund_share":"0.00","fund_name":"恒生电子股票基金","fund_status":"0","ta_no":"B0","success_type":"0","nav_total":"1.7000","nav":"1.7000","prod_term":"0","ofund_risklevel":"0","en_minshare":"0.00","hq_date":"20170126","fund_curr_ratio":"0.0000","error_info":""}]}
    [code] => 200
)
]
[10:47:35][参数：Array
(
    [targetcomp_id] => 91000
    [sendercomp_id] => 91000
    [access_token] => 105A6F9D5C714C39B153B82737BF4EB62017020608585656801584
    [request_num] => 1
    [reqry_recordsum_flag] => 1
    [qry_beginrownum] => 0
    [fund_code] => 600570
)
https://sitapi.hscloud.cn/cwsale/v1/share_qry
回参：Array
(
    [data] => {"data":[{"excetrans_out_total_quota":"0.00","share_type":"A","c_flag":"1","trade_acco":"0001","today_transin_total_quota":"0.00","current_share":"708.84","ta_acco":"B01000000010","capital_mode":"3","today_apply_total_quota":"0.00","business_frozen_amount":"0.00","lock_share":"0.00","available_due_share":"708.84","bank_account":"6228480987654321789","fund_code":"600570","rowcount":"1","auto_buy":"0","today_exceed_total_quota":"0.00","today_transout_total_quota":"0.00","unpaid_income":"0.00","error_code":"","quick_exceed_enable_share":"708.84","accum_income":"0.00","cost":"1205.02","frozen_share":"0.00","total_count":"16","worth_value":"1205.03","today_income":"0.00","nav_date":"20170126","success_type":"0","enable_shares":"708.84","bank_no":"003","error_info":"","excetrans_in_total_quota":"0.00"}]}
    [code] => 200
)
]
[11:00:42][参数：Array
(
    [targetcomp_id] => 91000
    [sendercomp_id] => 91000
    [access_token] => 105A6F9D5C714C39B153B82737BF4EB62017020608585656801584
    [request_num] => 1
    [reqry_recordsum_flag] => 1
    [qry_beginrownum] => 0
    [fund_code] => 000011
)
https://sitapi.hscloud.cn/cwsale/v1/newhq_qry
回参：Array
(
    [data] => {"data":[{"ofund_type":"0","per_myriad_income":"0.0000","fund_code":"000011","fund_curr_income":"0.00","rowcount":"1","forbid_modi_autobuy_flag":"0","pre_income_ratio":"0.0000","fund_full_name":"华夏大盘精选证券投资基金","accept_hq_date":"20170206","share_type":"A","error_code":"","total_count":"1","fund_share":"0.00","fund_name":"华夏大盘精选证券投资","fund_status":"0","ta_no":"CS","success_type":"0","nav_total":"1.0300","nav":"1.0300","prod_term":"0","ofund_risklevel":"0","en_minshare":"0.00","hq_date":"20170126","fund_curr_ratio":"0.0000","error_info":""}]}
    [code] => 200
)
]
[11:00:42][参数：Array
(
    [targetcomp_id] => 91000
    [sendercomp_id] => 91000
    [access_token] => 105A6F9D5C714C39B153B82737BF4EB62017020608585656801584
    [request_num] => 1
    [reqry_recordsum_flag] => 1
    [qry_beginrownum] => 0
    [fund_code] => 000011
)
https://sitapi.hscloud.cn/cwsale/v1/share_qry
回参：Array
(
    [data] => {"data":[{"excetrans_out_total_quota":"0.00","share_type":"A","c_flag":"1","trade_acco":"0002","today_transin_total_quota":"0.00","current_share":"28770.73","ta_acco":"CS1000000016","capital_mode":"M","today_apply_total_quota":"0.00","business_frozen_amount":"0.00","lock_share":"0.00","available_due_share":"28770.73","bank_account":"6230201234567890","fund_code":"000011","rowcount":"1","auto_buy":"1","today_exceed_total_quota":"0.00","today_transout_total_quota":"0.00","unpaid_income":"0.00","error_code":"","quick_exceed_enable_share":"28770.73","accum_income":"0.00","cost":"35994.00","frozen_share":"0.00","total_count":"7","worth_value":"29633.85","today_income":"0.00","nav_date":"20170126","success_type":"0","enable_shares":"28770.73","bank_no":"012","error_info":"","excetrans_in_total_quota":"0.00"}]}
    [code] => 200
)
]
[11:00:45][参数：Array
(
    [targetcomp_id] => 91000
    [sendercomp_id] => 91000
    [access_token] => 105A6F9D5C714C39B153B82737BF4EB62017020608585656801584
    [request_num] => 1
    [reqry_recordsum_flag] => 1
    [qry_beginrownum] => 0
    [fund_code] => 000011
)
https://sitapi.hscloud.cn/cwsale/v1/newhq_qry
回参：Array
(
    [data] => {"data":[{"ofund_type":"0","per_myriad_income":"0.0000","fund_code":"000011","fund_curr_income":"0.00","rowcount":"1","forbid_modi_autobuy_flag":"0","pre_income_ratio":"0.0000","fund_full_name":"华夏大盘精选证券投资基金","accept_hq_date":"20170206","share_type":"A","error_code":"","total_count":"1","fund_share":"0.00","fund_name":"华夏大盘精选证券投资","fund_status":"0","ta_no":"CS","success_type":"0","nav_total":"1.0300","nav":"1.0300","prod_term":"0","ofund_risklevel":"0","en_minshare":"0.00","hq_date":"20170126","fund_curr_ratio":"0.0000","error_info":""}]}
    [code] => 200
)
]
[11:00:45][参数：Array
(
    [targetcomp_id] => 91000
    [sendercomp_id] => 91000
    [access_token] => 105A6F9D5C714C39B153B82737BF4EB62017020608585656801584
    [request_num] => 1
    [reqry_recordsum_flag] => 1
    [qry_beginrownum] => 0
    [fund_code] => 000011
)
https://sitapi.hscloud.cn/cwsale/v1/share_qry
回参：Array
(
    [data] => {"data":[{"excetrans_out_total_quota":"0.00","share_type":"A","c_flag":"1","trade_acco":"0002","today_transin_total_quota":"0.00","current_share":"28770.73","ta_acco":"CS1000000016","capital_mode":"M","today_apply_total_quota":"0.00","business_frozen_amount":"0.00","lock_share":"0.00","available_due_share":"28770.73","bank_account":"6230201234567890","fund_code":"000011","rowcount":"1","auto_buy":"1","today_exceed_total_quota":"0.00","today_transout_total_quota":"0.00","unpaid_income":"0.00","error_code":"","quick_exceed_enable_share":"28770.73","accum_income":"0.00","cost":"35994.00","frozen_share":"0.00","total_count":"7","worth_value":"29633.85","today_income":"0.00","nav_date":"20170126","success_type":"0","enable_shares":"28770.73","bank_no":"012","error_info":"","excetrans_in_total_quota":"0.00"}]}
    [code] => 200
)
]
[11:00:46][参数：Array
(
    [targetcomp_id] => 91000
    [sendercomp_id] => 91000
    [access_token] => 105A6F9D5C714C39B153B82737BF4EB62017020608585656801584
    [request_num] => 1
    [reqry_recordsum_flag] => 1
    [qry_beginrownum] => 0
    [fund_code] => 000011
)
https://sitapi.hscloud.cn/cwsale/v1/newhq_qry
回参：Array
(
    [data] => {"data":[{"ofund_type":"0","per_myriad_income":"0.0000","fund_code":"000011","fund_curr_income":"0.00","rowcount":"1","forbid_modi_autobuy_flag":"0","pre_income_ratio":"0.0000","fund_full_name":"华夏大盘精选证券投资基金","accept_hq_date":"20170206","share_type":"A","error_code":"","total_count":"1","fund_share":"0.00","fund_name":"华夏大盘精选证券投资","fund_status":"0","ta_no":"CS","success_type":"0","nav_total":"1.0300","nav":"1.0300","prod_term":"0","ofund_risklevel":"0","en_minshare":"0.00","hq_date":"20170126","fund_curr_ratio":"0.0000","error_info":""}]}
    [code] => 200
)
]
[11:00:46][参数：Array
(
    [targetcomp_id] => 91000
    [sendercomp_id] => 91000
    [access_token] => 105A6F9D5C714C39B153B82737BF4EB62017020608585656801584
    [request_num] => 1
    [reqry_recordsum_flag] => 1
    [qry_beginrownum] => 0
    [fund_code] => 000011
)
https://sitapi.hscloud.cn/cwsale/v1/share_qry
回参：Array
(
    [data] => {"data":[{"excetrans_out_total_quota":"0.00","share_type":"A","c_flag":"1","trade_acco":"0002","today_transin_total_quota":"0.00","current_share":"28770.73","ta_acco":"CS1000000016","capital_mode":"M","today_apply_total_quota":"0.00","business_frozen_amount":"0.00","lock_share":"0.00","available_due_share":"28770.73","bank_account":"6230201234567890","fund_code":"000011","rowcount":"1","auto_buy":"1","today_exceed_total_quota":"0.00","today_transout_total_quota":"0.00","unpaid_income":"0.00","error_code":"","quick_exceed_enable_share":"28770.73","accum_income":"0.00","cost":"35994.00","frozen_share":"0.00","total_count":"7","worth_value":"29633.85","today_income":"0.00","nav_date":"20170126","success_type":"0","enable_shares":"28770.73","bank_no":"012","error_info":"","excetrans_in_total_quota":"0.00"}]}
    [code] => 200
)
]
[11:00:47][参数：Array
(
    [targetcomp_id] => 91000
    [sendercomp_id] => 91000
    [access_token] => 105A6F9D5C714C39B153B82737BF4EB62017020608585656801584
    [request_num] => 1
    [reqry_recordsum_flag] => 1
    [qry_beginrownum] => 0
    [fund_code] => 000011
)
https://sitapi.hscloud.cn/cwsale/v1/newhq_qry
回参：Array
(
    [data] => {"data":[{"ofund_type":"0","per_myriad_income":"0.0000","fund_code":"000011","fund_curr_income":"0.00","rowcount":"1","forbid_modi_autobuy_flag":"0","pre_income_ratio":"0.0000","fund_full_name":"华夏大盘精选证券投资基金","accept_hq_date":"20170206","share_type":"A","error_code":"","total_count":"1","fund_share":"0.00","fund_name":"华夏大盘精选证券投资","fund_status":"0","ta_no":"CS","success_type":"0","nav_total":"1.0300","nav":"1.0300","prod_term":"0","ofund_risklevel":"0","en_minshare":"0.00","hq_date":"20170126","fund_curr_ratio":"0.0000","error_info":""}]}
    [code] => 200
)
]
[11:00:47][参数：Array
(
    [targetcomp_id] => 91000
    [sendercomp_id] => 91000
    [access_token] => 105A6F9D5C714C39B153B82737BF4EB62017020608585656801584
    [request_num] => 1
    [reqry_recordsum_flag] => 1
    [qry_beginrownum] => 0
    [fund_code] => 000011
)
https://sitapi.hscloud.cn/cwsale/v1/share_qry
回参：Array
(
    [data] => {"data":[{"excetrans_out_total_quota":"0.00","share_type":"A","c_flag":"1","trade_acco":"0002","today_transin_total_quota":"0.00","current_share":"28770.73","ta_acco":"CS1000000016","capital_mode":"M","today_apply_total_quota":"0.00","business_frozen_amount":"0.00","lock_share":"0.00","available_due_share":"28770.73","bank_account":"6230201234567890","fund_code":"000011","rowcount":"1","auto_buy":"1","today_exceed_total_quota":"0.00","today_transout_total_quota":"0.00","unpaid_income":"0.00","error_code":"","quick_exceed_enable_share":"28770.73","accum_income":"0.00","cost":"35994.00","frozen_share":"0.00","total_count":"7","worth_value":"29633.85","today_income":"0.00","nav_date":"20170126","success_type":"0","enable_shares":"28770.73","bank_no":"012","error_info":"","excetrans_in_total_quota":"0.00"}]}
    [code] => 200
)
]
[11:00:47][参数：Array
(
    [targetcomp_id] => 91000
    [sendercomp_id] => 91000
    [access_token] => 105A6F9D5C714C39B153B82737BF4EB62017020608585656801584
    [request_num] => 1
    [reqry_recordsum_flag] => 1
    [qry_beginrownum] => 0
    [fund_code] => 000011
)
https://sitapi.hscloud.cn/cwsale/v1/newhq_qry
回参：Array
(
    [data] => {"data":[{"ofund_type":"0","per_myriad_income":"0.0000","fund_code":"000011","fund_curr_income":"0.00","rowcount":"1","forbid_modi_autobuy_flag":"0","pre_income_ratio":"0.0000","fund_full_name":"华夏大盘精选证券投资基金","accept_hq_date":"20170206","share_type":"A","error_code":"","total_count":"1","fund_share":"0.00","fund_name":"华夏大盘精选证券投资","fund_status":"0","ta_no":"CS","success_type":"0","nav_total":"1.0300","nav":"1.0300","prod_term":"0","ofund_risklevel":"0","en_minshare":"0.00","hq_date":"20170126","fund_curr_ratio":"0.0000","error_info":""}]}
    [code] => 200
)
]
[11:00:47][参数：Array
(
    [targetcomp_id] => 91000
    [sendercomp_id] => 91000
    [access_token] => 105A6F9D5C714C39B153B82737BF4EB62017020608585656801584
    [request_num] => 1
    [reqry_recordsum_flag] => 1
    [qry_beginrownum] => 0
    [fund_code] => 000011
)
https://sitapi.hscloud.cn/cwsale/v1/share_qry
回参：Array
(
    [data] => {"data":[{"excetrans_out_total_quota":"0.00","share_type":"A","c_flag":"1","trade_acco":"0002","today_transin_total_quota":"0.00","current_share":"28770.73","ta_acco":"CS1000000016","capital_mode":"M","today_apply_total_quota":"0.00","business_frozen_amount":"0.00","lock_share":"0.00","available_due_share":"28770.73","bank_account":"6230201234567890","fund_code":"000011","rowcount":"1","auto_buy":"1","today_exceed_total_quota":"0.00","today_transout_total_quota":"0.00","unpaid_income":"0.00","error_code":"","quick_exceed_enable_share":"28770.73","accum_income":"0.00","cost":"35994.00","frozen_share":"0.00","total_count":"7","worth_value":"29633.85","today_income":"0.00","nav_date":"20170126","success_type":"0","enable_shares":"28770.73","bank_no":"012","error_info":"","excetrans_in_total_quota":"0.00"}]}
    [code] => 200
)
]
[11:00:48][参数：Array
(
    [targetcomp_id] => 91000
    [sendercomp_id] => 91000
    [access_token] => 105A6F9D5C714C39B153B82737BF4EB62017020608585656801584
    [request_num] => 1
    [reqry_recordsum_flag] => 1
    [qry_beginrownum] => 0
    [fund_code] => 290002
)
https://sitapi.hscloud.cn/cwsale/v1/newhq_qry
回参：Array
(
    [data] => {"data":[{"ofund_type":"8","per_myriad_income":"0.0000","fund_code":"290002","fund_curr_income":"0.00","rowcount":"1","forbid_modi_autobuy_flag":"0","pre_income_ratio":"0.0000","fund_full_name":"泰信先行策略开放式证券投资基金","accept_hq_date":"20170206","share_type":"A","error_code":"","total_count":"1","fund_share":"0.00","fund_name":"泰信先行策略开放式证","fund_status":"0","ta_no":"B0","success_type":"0","nav_total":"1.0000","nav":"1.0000","prod_term":"0","ofund_risklevel":"2","en_minshare":"0.00","hq_date":"20170126","fund_curr_ratio":"0.0000","error_info":""}]}
    [code] => 200
)
]
[11:00:48][参数：Array
(
    [targetcomp_id] => 91000
    [sendercomp_id] => 91000
    [access_token] => 105A6F9D5C714C39B153B82737BF4EB62017020608585656801584
    [request_num] => 1
    [reqry_recordsum_flag] => 1
    [qry_beginrownum] => 0
    [fund_code] => 290002
)
https://sitapi.hscloud.cn/cwsale/v1/share_qry
回参：Array
(
    [data] => {"data":[{"excetrans_out_total_quota":"0.00","share_type":"A","c_flag":"1","trade_acco":"0002","today_transin_total_quota":"0.00","current_share":"33497.21","ta_acco":"B01000000021","capital_mode":"M","today_apply_total_quota":"0.00","business_frozen_amount":"0.00","lock_share":"0.00","available_due_share":"33497.21","bank_account":"6230201234567890","fund_code":"290002","rowcount":"1","auto_buy":"0","today_exceed_total_quota":"0.00","today_transout_total_quota":"0.00","unpaid_income":"0.00","error_code":"","quick_exceed_enable_share":"33497.21","accum_income":"0.00","cost":"-400.00","frozen_share":"0.00","total_count":"24","worth_value":"33497.21","today_income":"0.00","nav_date":"20170126","success_type":"0","enable_shares":"33497.21","bank_no":"012","error_info":"","excetrans_in_total_quota":"0.00"}]}
    [code] => 200
)
]
[11:00:52][参数：Array
(
    [targetcomp_id] => 91000
    [sendercomp_id] => 91000
    [access_token] => 105A6F9D5C714C39B153B82737BF4EB62017020608585656801584
    [request_num] => 1
    [reqry_recordsum_flag] => 1
    [qry_beginrownum] => 0
    [fund_code] => 290002
)
https://sitapi.hscloud.cn/cwsale/v1/newhq_qry
回参：Array
(
    [data] => {"data":[{"ofund_type":"8","per_myriad_income":"0.0000","fund_code":"290002","fund_curr_income":"0.00","rowcount":"1","forbid_modi_autobuy_flag":"0","pre_income_ratio":"0.0000","fund_full_name":"泰信先行策略开放式证券投资基金","accept_hq_date":"20170206","share_type":"A","error_code":"","total_count":"1","fund_share":"0.00","fund_name":"泰信先行策略开放式证","fund_status":"0","ta_no":"B0","success_type":"0","nav_total":"1.0000","nav":"1.0000","prod_term":"0","ofund_risklevel":"2","en_minshare":"0.00","hq_date":"20170126","fund_curr_ratio":"0.0000","error_info":""}]}
    [code] => 200
)
]
[11:00:53][参数：Array
(
    [targetcomp_id] => 91000
    [sendercomp_id] => 91000
    [access_token] => 105A6F9D5C714C39B153B82737BF4EB62017020608585656801584
    [request_num] => 1
    [reqry_recordsum_flag] => 1
    [qry_beginrownum] => 0
    [fund_code] => 290002
)
https://sitapi.hscloud.cn/cwsale/v1/share_qry
回参：Array
(
    [data] => {"data":[{"excetrans_out_total_quota":"0.00","share_type":"A","c_flag":"1","trade_acco":"0002","today_transin_total_quota":"0.00","current_share":"33497.21","ta_acco":"B01000000021","capital_mode":"M","today_apply_total_quota":"0.00","business_frozen_amount":"0.00","lock_share":"0.00","available_due_share":"33497.21","bank_account":"6230201234567890","fund_code":"290002","rowcount":"1","auto_buy":"0","today_exceed_total_quota":"0.00","today_transout_total_quota":"0.00","unpaid_income":"0.00","error_code":"","quick_exceed_enable_share":"33497.21","accum_income":"0.00","cost":"-400.00","frozen_share":"0.00","total_count":"24","worth_value":"33497.21","today_income":"0.00","nav_date":"20170126","success_type":"0","enable_shares":"33497.21","bank_no":"012","error_info":"","excetrans_in_total_quota":"0.00"}]}
    [code] => 200
)
]
[11:00:53][参数：Array
(
    [targetcomp_id] => 91000
    [sendercomp_id] => 91000
    [access_token] => 105A6F9D5C714C39B153B82737BF4EB62017020608585656801584
    [request_num] => 1
    [reqry_recordsum_flag] => 1
    [qry_beginrownum] => 0
    [fund_code] => 300110
)
https://sitapi.hscloud.cn/cwsale/v1/newhq_qry
回参：Array
(
    [data] => {"data":[{"ofund_type":"2","per_myriad_income":"0.0000","fund_code":"300110","fund_curr_income":"0.00","rowcount":"1","forbid_modi_autobuy_flag":"1","pre_income_ratio":"0.0000","fund_full_name":"测试货币基金","accept_hq_date":"20170206","share_type":"A","error_code":"","total_count":"1","fund_share":"0.00","fund_name":"测试货币基金","fund_status":"0","ta_no":"CS","success_type":"0","nav_total":"1.0800","nav":"1.0800","prod_term":"0","ofund_risklevel":"0","en_minshare":"0.00","hq_date":"20170126","fund_curr_ratio":"0.0000","error_info":""}]}
    [code] => 200
)
]
[11:00:53][参数：Array
(
    [targetcomp_id] => 91000
    [sendercomp_id] => 91000
    [access_token] => 105A6F9D5C714C39B153B82737BF4EB62017020608585656801584
    [request_num] => 1
    [reqry_recordsum_flag] => 1
    [qry_beginrownum] => 0
    [fund_code] => 300110
)
https://sitapi.hscloud.cn/cwsale/v1/share_qry
回参：Array
(
    [data] => {"data":[{"excetrans_out_total_quota":"0.00","share_type":"A","c_flag":"1","trade_acco":"0545","today_transin_total_quota":"0.00","current_share":"800.00","ta_acco":"CS1000000218","capital_mode":"P","today_apply_total_quota":"0.00","business_frozen_amount":"0.00","lock_share":"0.00","available_due_share":"800.00","bank_account":"6225211345678543","fund_code":"300110","rowcount":"1","auto_buy":"0","today_exceed_total_quota":"0.00","today_transout_total_quota":"0.00","unpaid_income":"0.00","error_code":"","quick_exceed_enable_share":"800.00","accum_income":"0.00","cost":"1000.00","frozen_share":"0.00","total_count":"2","worth_value":"864.00","today_income":"0.00","nav_date":"20170126","success_type":"0","enable_shares":"800.00","bank_no":"010","error_info":"","excetrans_in_total_quota":"0.00"}]}
    [code] => 200
)
]
[11:00:55][参数：Array
(
    [targetcomp_id] => 91000
    [sendercomp_id] => 91000
    [access_token] => 105A6F9D5C714C39B153B82737BF4EB62017020608585656801584
    [request_num] => 1
    [reqry_recordsum_flag] => 1
    [qry_beginrownum] => 0
    [fund_code] => 300110
)
https://sitapi.hscloud.cn/cwsale/v1/newhq_qry
回参：Array
(
    [data] => {"data":[{"ofund_type":"2","per_myriad_income":"0.0000","fund_code":"300110","fund_curr_income":"0.00","rowcount":"1","forbid_modi_autobuy_flag":"1","pre_income_ratio":"0.0000","fund_full_name":"测试货币基金","accept_hq_date":"20170206","share_type":"A","error_code":"","total_count":"1","fund_share":"0.00","fund_name":"测试货币基金","fund_status":"0","ta_no":"CS","success_type":"0","nav_total":"1.0800","nav":"1.0800","prod_term":"0","ofund_risklevel":"0","en_minshare":"0.00","hq_date":"20170126","fund_curr_ratio":"0.0000","error_info":""}]}
    [code] => 200
)
]
[11:00:55][参数：Array
(
    [targetcomp_id] => 91000
    [sendercomp_id] => 91000
    [access_token] => 105A6F9D5C714C39B153B82737BF4EB62017020608585656801584
    [request_num] => 1
    [reqry_recordsum_flag] => 1
    [qry_beginrownum] => 0
    [fund_code] => 300110
)
https://sitapi.hscloud.cn/cwsale/v1/share_qry
回参：Array
(
    [data] => {"data":[{"excetrans_out_total_quota":"0.00","share_type":"A","c_flag":"1","trade_acco":"0545","today_transin_total_quota":"0.00","current_share":"800.00","ta_acco":"CS1000000218","capital_mode":"P","today_apply_total_quota":"0.00","business_frozen_amount":"0.00","lock_share":"0.00","available_due_share":"800.00","bank_account":"6225211345678543","fund_code":"300110","rowcount":"1","auto_buy":"0","today_exceed_total_quota":"0.00","today_transout_total_quota":"0.00","unpaid_income":"0.00","error_code":"","quick_exceed_enable_share":"800.00","accum_income":"0.00","cost":"1000.00","frozen_share":"0.00","total_count":"2","worth_value":"864.00","today_income":"0.00","nav_date":"20170126","success_type":"0","enable_shares":"800.00","bank_no":"010","error_info":"","excetrans_in_total_quota":"0.00"}]}
    [code] => 200
)
]
[11:00:56][参数：Array
(
    [targetcomp_id] => 91000
    [sendercomp_id] => 91000
    [access_token] => 105A6F9D5C714C39B153B82737BF4EB62017020608585656801584
    [request_num] => 1
    [reqry_recordsum_flag] => 1
    [qry_beginrownum] => 0
    [fund_code] => 300110
)
https://sitapi.hscloud.cn/cwsale/v1/newhq_qry
回参：Array
(
    [data] => {"data":[{"ofund_type":"2","per_myriad_income":"0.0000","fund_code":"300110","fund_curr_income":"0.00","rowcount":"1","forbid_modi_autobuy_flag":"1","pre_income_ratio":"0.0000","fund_full_name":"测试货币基金","accept_hq_date":"20170206","share_type":"A","error_code":"","total_count":"1","fund_share":"0.00","fund_name":"测试货币基金","fund_status":"0","ta_no":"CS","success_type":"0","nav_total":"1.0800","nav":"1.0800","prod_term":"0","ofund_risklevel":"0","en_minshare":"0.00","hq_date":"20170126","fund_curr_ratio":"0.0000","error_info":""}]}
    [code] => 200
)
]
[11:00:56][参数：Array
(
    [targetcomp_id] => 91000
    [sendercomp_id] => 91000
    [access_token] => 105A6F9D5C714C39B153B82737BF4EB62017020608585656801584
    [request_num] => 1
    [reqry_recordsum_flag] => 1
    [qry_beginrownum] => 0
    [fund_code] => 300110
)
https://sitapi.hscloud.cn/cwsale/v1/share_qry
回参：Array
(
    [data] => {"data":[{"excetrans_out_total_quota":"0.00","share_type":"A","c_flag":"1","trade_acco":"0545","today_transin_total_quota":"0.00","current_share":"800.00","ta_acco":"CS1000000218","capital_mode":"P","today_apply_total_quota":"0.00","business_frozen_amount":"0.00","lock_share":"0.00","available_due_share":"800.00","bank_account":"6225211345678543","fund_code":"300110","rowcount":"1","auto_buy":"0","today_exceed_total_quota":"0.00","today_transout_total_quota":"0.00","unpaid_income":"0.00","error_code":"","quick_exceed_enable_share":"800.00","accum_income":"0.00","cost":"1000.00","frozen_share":"0.00","total_count":"2","worth_value":"864.00","today_income":"0.00","nav_date":"20170126","success_type":"0","enable_shares":"800.00","bank_no":"010","error_info":"","excetrans_in_total_quota":"0.00"}]}
    [code] => 200
)
]
[11:00:57][参数：Array
(
    [targetcomp_id] => 91000
    [sendercomp_id] => 91000
    [access_token] => 105A6F9D5C714C39B153B82737BF4EB62017020608585656801584
    [request_num] => 1
    [reqry_recordsum_flag] => 1
    [qry_beginrownum] => 0
    [fund_code] => 519999
)
https://sitapi.hscloud.cn/cwsale/v1/newhq_qry
回参：Array
(
    [data] => {"data":[{"ofund_type":"2","per_myriad_income":"0.0000","fund_code":"519999","fund_curr_income":"0.00","rowcount":"1","forbid_modi_autobuy_flag":"1","pre_income_ratio":"0.0000","fund_full_name":"长信利息收益","accept_hq_date":"20170206","share_type":"A","error_code":"","total_count":"1","fund_share":"0.00","fund_name":"长信利息收益","fund_status":"0","ta_no":"CS","success_type":"0","nav_total":"1.0000","nav":"1.0000","prod_term":"0","ofund_risklevel":"0","en_minshare":"0.00","hq_date":"20170126","fund_curr_ratio":"0.0000","error_info":""}]}
    [code] => 200
)
]
[11:00:57][参数：Array
(
    [targetcomp_id] => 91000
    [sendercomp_id] => 91000
    [access_token] => 105A6F9D5C714C39B153B82737BF4EB62017020608585656801584
    [request_num] => 1
    [reqry_recordsum_flag] => 1
    [qry_beginrownum] => 0
    [fund_code] => 519999
)
https://sitapi.hscloud.cn/cwsale/v1/share_qry
回参：Array
(
    [data] => {"data":[{"excetrans_out_total_quota":"0.00","share_type":"A","c_flag":"1","trade_acco":"0001","today_transin_total_quota":"0.00","current_share":"100.39","ta_acco":"CS1000000500","capital_mode":"3","today_apply_total_quota":"0.00","business_frozen_amount":"0.00","lock_share":"0.00","available_due_share":"100.39","bank_account":"6228480987654321789","fund_code":"519999","rowcount":"1","auto_buy":"0","today_exceed_total_quota":"0.00","today_transout_total_quota":"0.00","unpaid_income":"0.00","error_code":"","quick_exceed_enable_share":"100.39","accum_income":"0.00","cost":"100.00","frozen_share":"0.00","total_count":"45","worth_value":"100.39","today_income":"0.00","nav_date":"20170126","success_type":"0","enable_shares":"100.39","bank_no":"003","error_info":"","excetrans_in_total_quota":"0.00"}]}
    [code] => 200
)
]
[11:01:09][参数：Array
(
    [targetcomp_id] => 91000
    [sendercomp_id] => 91000
    [access_token] => 105A6F9D5C714C39B153B82737BF4EB62017020608585656801584
    [request_num] => 1
    [reqry_recordsum_flag] => 1
    [qry_beginrownum] => 0
    [fund_code] => 519999
)
https://sitapi.hscloud.cn/cwsale/v1/newhq_qry
回参：Array
(
    [data] => {"data":[{"ofund_type":"2","per_myriad_income":"0.0000","fund_code":"519999","fund_curr_income":"0.00","rowcount":"1","forbid_modi_autobuy_flag":"1","pre_income_ratio":"0.0000","fund_full_name":"长信利息收益","accept_hq_date":"20170206","share_type":"A","error_code":"","total_count":"1","fund_share":"0.00","fund_name":"长信利息收益","fund_status":"0","ta_no":"CS","success_type":"0","nav_total":"1.0000","nav":"1.0000","prod_term":"0","ofund_risklevel":"0","en_minshare":"0.00","hq_date":"20170126","fund_curr_ratio":"0.0000","error_info":""}]}
    [code] => 200
)
]
[11:01:09][参数：Array
(
    [targetcomp_id] => 91000
    [sendercomp_id] => 91000
    [access_token] => 105A6F9D5C714C39B153B82737BF4EB62017020608585656801584
    [request_num] => 1
    [reqry_recordsum_flag] => 1
    [qry_beginrownum] => 0
    [fund_code] => 519999
)
https://sitapi.hscloud.cn/cwsale/v1/share_qry
回参：Array
(
    [data] => {"data":[{"excetrans_out_total_quota":"0.00","share_type":"A","c_flag":"1","trade_acco":"0001","today_transin_total_quota":"0.00","current_share":"100.39","ta_acco":"CS1000000500","capital_mode":"3","today_apply_total_quota":"0.00","business_frozen_amount":"0.00","lock_share":"0.00","available_due_share":"100.39","bank_account":"6228480987654321789","fund_code":"519999","rowcount":"1","auto_buy":"0","today_exceed_total_quota":"0.00","today_transout_total_quota":"0.00","unpaid_income":"0.00","error_code":"","quick_exceed_enable_share":"100.39","accum_income":"0.00","cost":"100.00","frozen_share":"0.00","total_count":"45","worth_value":"100.39","today_income":"0.00","nav_date":"20170126","success_type":"0","enable_shares":"100.39","bank_no":"003","error_info":"","excetrans_in_total_quota":"0.00"}]}
    [code] => 200
)
]
[16:52:38][参数：Array
(
    [targetcomp_id] => 91000
    [sendercomp_id] => 91000
    [access_token] => 105A6F9D5C714C39B153B82737BF4EB62017020608585656801584
    [request_num] => 1
    [reqry_recordsum_flag] => 1
    [qry_beginrownum] => 0
    [fund_code] => 请输入基金代码或简称
)
https://sitapi.hscloud.cn/cwsale/v1/newhq_qry
回参：Array
(
    [data] => 
    [code] => 0
)
]
