[10:42:21][参数：Array
(
    [targetcomp_id] => 91000
    [sendercomp_id] => 91000
    [access_token] => 7532A5C21EDA4615B27F4026F04C8F102017011910421771535701
    [request_num] => 1
    [reqry_recordsum_flag] => 1
    [qry_beginrownum] => 0
    [fund_code] => 请输入基金代码或简称
)
https://sitapi.hscloud.cn/cwsale/v1/newhq_qry
回参：Array
(
    [data] => 
    [code] => 0
)
]
[10:42:27][参数：Array
(
    [targetcomp_id] => 91000
    [sendercomp_id] => 91000
    [access_token] => 1C8E97BBF1DA422B9713BEBCBCC209EE2017011910422881957687
    [request_num] => 1
    [reqry_recordsum_flag] => 1
    [qry_beginrownum] => 0
    [fund_code] => 600570
)
https://sitapi.hscloud.cn/cwsale/v1/newhq_qry
回参：Array
(
    [data] => {"data":[{"ofund_type":"0","per_myriad_income":"0.0000","fund_code":"600570","fund_curr_income":"0.00","rowcount":"1","forbid_modi_autobuy_flag":"0","pre_income_ratio":"0.0000","fund_full_name":"恒生电子股票基金","accept_hq_date":"20170116","share_type":"A","error_code":"","total_count":"1","fund_share":"0.00","fund_name":"恒生电子股票基金","fund_status":"0","ta_no":"B0","success_type":"0","nav_total":"1.7000","nav":"1.7000","prod_term":"0","ofund_risklevel":"0","en_minshare":"0.00","hq_date":"20170113","fund_curr_ratio":"0.0000","error_info":""}]}
    [code] => 200
)
]
[10:42:27][参数：Array
(
    [targetcomp_id] => 91000
    [sendercomp_id] => 91000
    [access_token] => 1C8E97BBF1DA422B9713BEBCBCC209EE2017011910422881957687
    [request_num] => 1
    [reqry_recordsum_flag] => 1
    [qry_beginrownum] => 0
    [fund_code] => 600570
)
https://sitapi.hscloud.cn/cwsale/v1/share_qry
回参：Array
(
    [data] => {"data":[{"excetrans_out_total_quota":"0.00","share_type":"A","c_flag":"1","trade_acco":"0001","today_transin_total_quota":"0.00","current_share":"708.84","ta_acco":"B01000000010","capital_mode":"3","today_apply_total_quota":"0.00","business_frozen_amount":"0.00","lock_share":"0.00","available_due_share":"708.84","bank_account":"6228480987654321789","fund_code":"600570","rowcount":"1","auto_buy":"0","today_exceed_total_quota":"0.00","today_transout_total_quota":"0.00","unpaid_income":"0.00","error_code":"","quick_exceed_enable_share":"708.84","accum_income":"0.00","cost":"1205.02","frozen_share":"0.00","total_count":"15","worth_value":"1205.03","today_income":"0.00","nav_date":"20170113","success_type":"0","enable_shares":"708.84","bank_no":"003","error_info":"","excetrans_in_total_quota":"0.00"}]}
    [code] => 200
)
]
[10:42:27][参数：Array
(
    [targetcomp_id] => 91000
    [sendercomp_id] => 91000
    [access_token] => 1C8E97BBF1DA422B9713BEBCBCC209EE2017011910422881957687
    [request_num] => 1
    [reqry_recordsum_flag] => 1
    [qry_beginrownum] => 0
    [fund_code] => 600570
    [share_type] => A
    [trust_way] => 2
    [capital_mode] => l
    [cust_type] => l
)
https://sitapi.hscloud.cn/cwsale/v1/trade_limit_qry
回参：Array
(
    [data] => {"data":[{"fund_code":"600570","rowcount":"1","second_min":"50.00","share_type":"A","error_code":"","trust_way":"2","total_count":"4","forbid_flag":"","cust_type":"1","capital_mode":"l","fund_busin_code":"020","success_type":"0","max_value":"100000.00","error_info":"","min_value":"100.00"}]}
    [code] => 200
)
]
[11:07:14][参数：Array
(
    [targetcomp_id] => 91000
    [sendercomp_id] => 91000
    [access_token] => 36621A03B37943C49A9CD8154BC87C9A2017011911071578179350
    [request_num] => 1
    [reqry_recordsum_flag] => 1
    [qry_beginrownum] => 0
    [fund_code] => 600570
)
https://sitapi.hscloud.cn/cwsale/v1/newhq_qry
回参：Array
(
    [data] => {"data":[{"ofund_type":"0","per_myriad_income":"0.0000","fund_code":"600570","fund_curr_income":"0.00","rowcount":"1","forbid_modi_autobuy_flag":"0","pre_income_ratio":"0.0000","fund_full_name":"恒生电子股票基金","accept_hq_date":"20170116","share_type":"A","error_code":"","total_count":"1","fund_share":"0.00","fund_name":"恒生电子股票基金","fund_status":"0","ta_no":"B0","success_type":"0","nav_total":"1.7000","nav":"1.7000","prod_term":"0","ofund_risklevel":"0","en_minshare":"0.00","hq_date":"20170113","fund_curr_ratio":"0.0000","error_info":""}]}
    [code] => 200
)
]
[11:07:14][参数：Array
(
    [targetcomp_id] => 91000
    [sendercomp_id] => 91000
    [access_token] => 36621A03B37943C49A9CD8154BC87C9A2017011911071578179350
    [request_num] => 1
    [reqry_recordsum_flag] => 1
    [qry_beginrownum] => 0
    [fund_code] => 600570
)
https://sitapi.hscloud.cn/cwsale/v1/share_qry
回参：Array
(
    [data] => {"data":[{"excetrans_out_total_quota":"0.00","share_type":"A","c_flag":"1","trade_acco":"0001","today_transin_total_quota":"0.00","current_share":"708.84","ta_acco":"B01000000010","capital_mode":"3","today_apply_total_quota":"0.00","business_frozen_amount":"0.00","lock_share":"0.00","available_due_share":"708.84","bank_account":"6228480987654321789","fund_code":"600570","rowcount":"1","auto_buy":"0","today_exceed_total_quota":"0.00","today_transout_total_quota":"0.00","unpaid_income":"0.00","error_code":"","quick_exceed_enable_share":"708.84","accum_income":"0.00","cost":"1205.02","frozen_share":"0.00","total_count":"15","worth_value":"1205.03","today_income":"0.00","nav_date":"20170113","success_type":"0","enable_shares":"708.84","bank_no":"003","error_info":"","excetrans_in_total_quota":"0.00"}]}
    [code] => 200
)
]
[11:07:14][参数：Array
(
    [targetcomp_id] => 91000
    [sendercomp_id] => 91000
    [access_token] => 36621A03B37943C49A9CD8154BC87C9A2017011911071578179350
    [request_num] => 1
    [reqry_recordsum_flag] => 1
    [qry_beginrownum] => 0
    [fund_code] => 600570
    [share_type] => A
    [trust_way] => 2
    [capital_mode] => l
    [cust_type] => l
)
https://sitapi.hscloud.cn/cwsale/v1/trade_limit_qry
回参：Array
(
    [data] => {"data":[{"fund_code":"600570","rowcount":"1","second_min":"50.00","share_type":"A","error_code":"","trust_way":"2","total_count":"4","forbid_flag":"","cust_type":"1","capital_mode":"l","fund_busin_code":"020","success_type":"0","max_value":"100000.00","error_info":"","min_value":"100.00"}]}
    [code] => 200
)
]
[13:29:41][参数：Array
(
    [targetcomp_id] => 91000
    [sendercomp_id] => 91000
    [access_token] => C4307834B5054AA683F698AED1476E402017011913294290801761
    [request_num] => 1
    [reqry_recordsum_flag] => 1
    [qry_beginrownum] => 0
    [fund_code] => 600570
)
https://sitapi.hscloud.cn/cwsale/v1/newhq_qry
回参：Array
(
    [data] => {"data":[{"ofund_type":"0","per_myriad_income":"0.0000","fund_code":"600570","fund_curr_income":"0.00","rowcount":"1","forbid_modi_autobuy_flag":"0","pre_income_ratio":"0.0000","fund_full_name":"恒生电子股票基金","accept_hq_date":"20170116","share_type":"A","error_code":"","total_count":"1","fund_share":"0.00","fund_name":"恒生电子股票基金","fund_status":"0","ta_no":"B0","success_type":"0","nav_total":"1.7000","nav":"1.7000","prod_term":"0","ofund_risklevel":"0","en_minshare":"0.00","hq_date":"20170113","fund_curr_ratio":"0.0000","error_info":""}]}
    [code] => 200
)
]
[13:29:41][参数：Array
(
    [targetcomp_id] => 91000
    [sendercomp_id] => 91000
    [access_token] => C4307834B5054AA683F698AED1476E402017011913294290801761
    [request_num] => 1
    [reqry_recordsum_flag] => 1
    [qry_beginrownum] => 0
    [fund_code] => 600570
)
https://sitapi.hscloud.cn/cwsale/v1/share_qry
回参：Array
(
    [data] => {"data":[{"excetrans_out_total_quota":"0.00","share_type":"A","c_flag":"1","trade_acco":"0001","today_transin_total_quota":"0.00","current_share":"708.84","ta_acco":"B01000000010","capital_mode":"3","today_apply_total_quota":"0.00","business_frozen_amount":"0.00","lock_share":"0.00","available_due_share":"708.84","bank_account":"6228480987654321789","fund_code":"600570","rowcount":"1","auto_buy":"0","today_exceed_total_quota":"0.00","today_transout_total_quota":"0.00","unpaid_income":"0.00","error_code":"","quick_exceed_enable_share":"708.84","accum_income":"0.00","cost":"1205.02","frozen_share":"0.00","total_count":"15","worth_value":"1205.03","today_income":"0.00","nav_date":"20170113","success_type":"0","enable_shares":"708.84","bank_no":"003","error_info":"","excetrans_in_total_quota":"0.00"}]}
    [code] => 200
)
]
[13:29:41][参数：Array
(
    [targetcomp_id] => 91000
    [sendercomp_id] => 91000
    [access_token] => C4307834B5054AA683F698AED1476E402017011913294290801761
    [request_num] => 1
    [reqry_recordsum_flag] => 1
    [qry_beginrownum] => 0
    [fund_code] => 600570
    [share_type] => A
    [trust_way] => 2
    [capital_mode] => l
    [cust_type] => l
)
https://sitapi.hscloud.cn/cwsale/v1/trade_limit_qry
回参：Array
(
    [data] => {"data":[{"fund_code":"600570","rowcount":"1","second_min":"50.00","share_type":"A","error_code":"","trust_way":"2","total_count":"4","forbid_flag":"","cust_type":"1","capital_mode":"l","fund_busin_code":"020","success_type":"0","max_value":"100000.00","error_info":"","min_value":"100.00"}]}
    [code] => 200
)
]
