[14:45:16][|-ip-|192.168.10.115|--sign--|ajaxgetcode]
[14:45:16][|-saRs-|Array
(
    [flag] => 10000
    [msg] => 
)
|--sign--|ajaxgetcode]
[14:58:09][|-ip-|192.168.10.115|--sign--|ajaxgetcode]
[14:58:09][|-saRs-|Array
(
    [flag] => 10000
    [msg] => 
)
|--sign--|ajaxgetcode]
[14:58:22][|-ip-|192.168.10.115|--sign--|ajaxgetcode]
[14:58:22][|-saRs-|Array
(
    [flag] => 10000
    [msg] => 
)
|--sign--|ajaxgetcode]
[14:58:45][|-ip-|192.168.10.115|--sign--|ajaxgetcode]
[14:58:45][|-saRs-|Array
(
    [flag] => 10000
    [msg] => 
)
|--sign--|ajaxgetcode]
[14:59:24][|-ip-|192.168.10.115|--sign--|ajaxgetcode]
[14:59:24][|-saRs-|Array
(
    [flag] => 10000
    [msg] => 
)
|--sign--|ajaxgetcode]
[15:01:07][|-ip-|192.168.10.115|--sign--|ajaxgetcode]
[15:01:07][|-saRs-|Array
(
    [flag] => 10000
    [msg] => 
)
|--sign--|ajaxgetcode]
[15:01:22][|-ip-|192.168.10.115|--sign--|ajaxgetcode]
[15:01:22][|-saRs-|Array
(
    [flag] => 10000
    [msg] => 
)
|--sign--|ajaxgetcode]
[15:02:27][|-ip-|192.168.10.115|--sign--|ajaxgetcode]
[15:02:27][|-saRs-|Array
(
    [flag] => 10000
    [msg] => 
)
|--sign--|ajaxgetcode]
[15:02:38][|-ip-|192.168.10.115|--sign--|ajaxgetcode]
[15:02:38][|-saRs-|Array
(
    [flag] => 10000
    [msg] => 
)
|--sign--|ajaxgetcode]
