[17:08:22][|-ip-|192.168.10.115|--sign--|ajaxgetcode]
[17:08:22][|-saRs-|Array
(
    [flag] => 10000
    [msg] => 
)
|--sign--|ajaxgetcode]
[17:10:40][|-ip-|192.168.10.115|--sign--|ajaxgetcode]
[17:10:40][|-saRs-|Array
(
    [flag] => 10000
    [msg] => 
)
|--sign--|ajaxgetcode]
[17:13:29][|-ip-|192.168.10.115|--sign--|ajaxgetcode]
[17:13:29][|-saRs-|Array
(
    [flag] => 10000
    [msg] => 
)
|--sign--|ajaxgetcode]
[17:14:17][|-ip-|192.168.10.115|--sign--|ajaxgetcode]
[17:14:17][|-saRs-|Array
(
    [flag] => 10000
    [msg] => 
)
|--sign--|ajaxgetcode]
[17:14:18][|-ip-|192.168.10.115|--sign--|ajaxgetcode]
[17:14:18][|-saRs-|Array
(
    [flag] => 10000
    [msg] => 
)
|--sign--|ajaxgetcode]
[17:14:37][|-ip-|192.168.10.115|--sign--|ajaxgetcode]
[17:14:37][|-saRs-|Array
(
    [flag] => 10000
    [msg] => 
)
|--sign--|ajaxgetcode]
[17:14:38][|-ip-|192.168.10.115|--sign--|ajaxgetcode]
[17:14:38][|-saRs-|Array
(
    [flag] => 10000
    [msg] => 
)
|--sign--|ajaxgetcode]
[17:32:34][|-ip-|192.168.10.115|--sign--|ajaxgetcode]
[17:32:34][|-saRs-|Array
(
    [flag] => 10000
    [msg] => 
)
|--sign--|ajaxgetcode]
[17:36:15][|-ip-|192.168.10.115|--sign--|ajaxgetcode]
[17:36:15][|-saRs-|Array
(
    [flag] => 10000
    [msg] => 
)
|--sign--|ajaxgetcode]
[17:36:27][|-ip-|192.168.10.115|--sign--|getmobilecode]
[17:36:27][|-saRs-|Array
(
    [flag] => 10000
    [msg] => 
)
|--sign--|getmobilecode]
[17:38:15][|-ip-|192.168.10.115|--sign--|ajaxgetcode]
[17:38:15][|-saRs-|Array
(
    [flag] => 10000
    [msg] => 
)
|--sign--|ajaxgetcode]
[17:38:21][|-ip-|192.168.10.115|--sign--|getmobilecode]
[17:38:21][|-saRs-|Array
(
    [flag] => 10000
    [msg] => 
)
|--sign--|getmobilecode]
[17:40:42][|-ip-|192.168.10.115|--sign--|ajaxgetcode]
[17:40:42][|-saRs-|Array
(
    [flag] => 10000
    [msg] => 
)
|--sign--|ajaxgetcode]
[17:40:43][|-ip-|192.168.10.115|--sign--|getmobilecode]
[17:40:43][|-saRs-|Array
(
    [flag] => 10000
    [msg] => 
)
|--sign--|getmobilecode]
[18:18:17][|-ip-|192.168.10.115|--sign--|ajaxgetcode]
[18:18:17][|-saRs-|Array
(
    [flag] => 10000
    [msg] => 
)
|--sign--|ajaxgetcode]
[18:18:18][|-ip-|192.168.10.115|--sign--|getmobilecode]
[18:18:18][|-saRs-|Array
(
    [flag] => 10000
    [msg] => 
)
|--sign--|getmobilecode]
[18:19:36][|-ip-|192.168.10.115|--sign--|ajaxgetcode]
[18:19:36][|-saRs-|Array
(
    [flag] => 10000
    [msg] => 
)
|--sign--|ajaxgetcode]
[18:19:37][|-ip-|192.168.10.115|--sign--|getmobilecode]
[18:19:37][|-saRs-|Array
(
    [flag] => 10000
    [msg] => 
)
|--sign--|getmobilecode]
[18:19:53][|-ip-|192.168.10.115|--sign--|ajaxgetcode]
[18:19:53][|-saRs-|Array
(
    [flag] => 10000
    [msg] => 
)
|--sign--|ajaxgetcode]
[18:19:53][|-ip-|192.168.10.115|--sign--|getmobilecode]
[18:19:53][|-saRs-|Array
(
    [flag] => 10000
    [msg] => 
)
|--sign--|getmobilecode]
[18:21:08][|-ip-|192.168.10.115|--sign--|ajaxgetcode]
[18:21:08][|-saRs-|Array
(
    [flag] => 10000
    [msg] => 
)
|--sign--|ajaxgetcode]
[18:21:09][|-ip-|192.168.10.115|--sign--|getmobilecode]
[18:21:09][|-saRs-|Array
(
    [flag] => 10000
    [msg] => 
)
|--sign--|getmobilecode]
