[09:45:33][|-ip-|192.168.10.115|--sign--|ajaxgetcode]
[09:45:33][|-saRs-|Array
(
    [flag] => 10000
    [msg] => 
)
|--sign--|ajaxgetcode]
[12:13:14][|-ip-|192.168.10.115|--sign--|ajaxgetcode]
[12:13:14][|-saRs-|Array
(
    [flag] => 10000
    [msg] => 
)
|--sign--|ajaxgetcode]
[12:13:20][|-ip-|192.168.10.115|--sign--|getmobilecode]
[12:13:20][|-saRs-|Array
(
    [flag] => 10000
    [msg] => 
)
|--sign--|getmobilecode]
[12:14:45][|-ip-|192.168.10.115|--sign--|ajaxgetcode]
[12:14:45][|-saRs-|Array
(
    [flag] => 10000
    [msg] => 
)
|--sign--|ajaxgetcode]
[12:14:47][|-ip-|192.168.10.115|--sign--|getmobilecode]
[12:14:47][|-saRs-|Array
(
    [flag] => 10000
    [msg] => 
)
|--sign--|getmobilecode]
[12:26:53][|-ip-|192.168.10.115|--sign--|getmobilecode]
[12:26:53][|-saRs-|Array
(
    [flag] => 10000
    [msg] => 
)
|--sign--|getmobilecode]
[12:48:28][|-ip-|192.168.10.115|--sign--|ajaxgetcode]
[12:48:28][|-saRs-|Array
(
    [flag] => 10000
    [msg] => 
)
|--sign--|ajaxgetcode]
[12:48:30][|-ip-|192.168.10.115|--sign--|getmobilecode]
[12:48:30][|-saRs-|Array
(
    [flag] => 10000
    [msg] => 
)
|--sign--|getmobilecode]
[12:56:15][|-ip-|192.168.10.115|--sign--|getmobilecode]
[12:56:15][|-saRs-|Array
(
    [flag] => 10000
    [msg] => 
)
|--sign--|getmobilecode]
[12:56:23][|-ip-|192.168.10.115|--sign--|getmobilecode]
[12:56:23][|-saRs-|Array
(
    [flag] => 10000
    [msg] => 
)
|--sign--|getmobilecode]
[13:17:26][|-ip-|192.168.10.115|--sign--|getmobilecode]
[13:17:26][|-saRs-|Array
(
    [flag] => 10000
    [msg] => 
)
|--sign--|getmobilecode]
[13:18:00][|-ip-|192.168.10.115|--sign--|getmobilecode]
[13:18:00][|-saRs-|Array
(
    [flag] => 10000
    [msg] => 
)
|--sign--|getmobilecode]
[13:26:18][|-ip-|192.168.10.115|--sign--|ajaxgetcode]
[13:26:18][|-saRs-|Array
(
    [flag] => 10000
    [msg] => 
)
|--sign--|ajaxgetcode]
[13:26:19][|-ip-|192.168.10.115|--sign--|getmobilecode]
[13:26:19][|-saRs-|Array
(
    [flag] => 10000
    [msg] => 
)
|--sign--|getmobilecode]
[13:26:35][|-ip-|192.168.10.115|--sign--|getmobilecode]
[13:26:35][|-saRs-|Array
(
    [flag] => 10000
    [msg] => 
)
|--sign--|getmobilecode]
[13:27:46][|-ip-|192.168.10.115|--sign--|getmobilecode]
[13:27:46][|-saRs-|Array
(
    [flag] => 10000
    [msg] => 
)
|--sign--|getmobilecode]
[13:27:56][|-ip-|192.168.10.115|--sign--|getmobilecode]
[13:27:56][|-saRs-|Array
(
    [flag] => 10000
    [msg] => 
)
|--sign--|getmobilecode]
[13:28:26][|-ip-|192.168.10.115|--sign--|getmobilecode]
[13:28:26][|-saRs-|Array
(
    [flag] => 10000
    [msg] => 
)
|--sign--|getmobilecode]
[13:37:15][|-ip-|192.168.10.115|--sign--|getmobilecode]
[13:37:15][|-saRs-|Array
(
    [flag] => 10000
    [msg] => 
)
|--sign--|getmobilecode]
[14:12:11][|-ip-|192.168.10.115|--sign--|ajaxgetcode]
[14:12:11][|-saRs-|Array
(
    [flag] => 10000
    [msg] => 
)
|--sign--|ajaxgetcode]
[14:12:13][|-ip-|192.168.10.115|--sign--|getmobilecode]
[14:12:13][|-saRs-|Array
(
    [flag] => 10000
    [msg] => 
)
|--sign--|getmobilecode]
[14:12:56][|-ip-|192.168.10.115|--sign--|getmobilecode]
[14:12:56][|-saRs-|Array
(
    [flag] => 10000
    [msg] => 
)
|--sign--|getmobilecode]
[14:14:44][|-ip-|192.168.10.115|--sign--|ajaxgetcode]
[14:14:44][|-saRs-|Array
(
    [flag] => 10000
    [msg] => 
)
|--sign--|ajaxgetcode]
[14:14:45][|-ip-|192.168.10.115|--sign--|getmobilecode]
[14:14:45][|-saRs-|Array
(
    [flag] => 10000
    [msg] => 
)
|--sign--|getmobilecode]
[14:15:21][|-ip-|192.168.10.115|--sign--|getmobilecode]
[14:15:21][|-saRs-|Array
(
    [flag] => 10000
    [msg] => 
)
|--sign--|getmobilecode]
[14:19:08][|-ip-|192.168.10.115|--sign--|getmobilecode]
[14:19:08][|-saRs-|Array
(
    [flag] => 10000
    [msg] => 
)
|--sign--|getmobilecode]
[14:28:52][|-ip-|192.168.10.115|--sign--|getmobilecode]
[14:28:52][|-saRs-|Array
(
    [flag] => 10000
    [msg] => 
)
|--sign--|getmobilecode]
[14:32:00][|-ip-|192.168.10.115|--sign--|ajaxgetcode]
[14:32:00][|-saRs-|Array
(
    [flag] => 10000
    [msg] => 
)
|--sign--|ajaxgetcode]
[14:32:01][|-ip-|192.168.10.115|--sign--|getmobilecode]
[14:32:01][|-saRs-|Array
(
    [flag] => 10000
    [msg] => 
)
|--sign--|getmobilecode]
[14:32:03][|-ip-|192.168.10.115|--sign--|getmobilecode]
[14:32:03][|-saRs-|Array
(
    [flag] => 10000
    [msg] => 
)
|--sign--|getmobilecode]
[14:32:06][|-ip-|192.168.10.115|--sign--|ajaxgetcode]
[14:32:06][|-saRs-|Array
(
    [flag] => 10000
    [msg] => 
)
|--sign--|ajaxgetcode]
[14:32:09][|-ip-|192.168.10.115|--sign--|getmobilecode]
[14:32:09][|-saRs-|Array
(
    [flag] => 10000
    [msg] => 
)
|--sign--|getmobilecode]
[14:32:28][|-ip-|192.168.10.115|--sign--|ajaxgetcode]
[14:32:28][|-saRs-|Array
(
    [flag] => 10000
    [msg] => 
)
|--sign--|ajaxgetcode]
[14:32:30][|-ip-|192.168.10.115|--sign--|getmobilecode]
[14:32:30][|-saRs-|Array
(
    [flag] => 10000
    [msg] => 
)
|--sign--|getmobilecode]
[14:32:40][|-ip-|192.168.10.115|--sign--|ajaxgetcode]
[14:32:40][|-saRs-|Array
(
    [flag] => 10000
    [msg] => 
)
|--sign--|ajaxgetcode]
[14:32:41][|-ip-|192.168.10.115|--sign--|getmobilecode]
[14:32:41][|-saRs-|Array
(
    [flag] => 10000
    [msg] => 
)
|--sign--|getmobilecode]
[14:32:42][|-ip-|192.168.10.115|--sign--|getmobilecode]
[14:32:42][|-saRs-|Array
(
    [flag] => 10000
    [msg] => 
)
|--sign--|getmobilecode]
[14:32:44][|-ip-|192.168.10.115|--sign--|getmobilecode]
[14:32:44][|-saRs-|Array
(
    [flag] => 10000
    [msg] => 
)
|--sign--|getmobilecode]
[14:32:51][|-ip-|192.168.10.115|--sign--|ajaxgetcode]
[14:32:51][|-saRs-|Array
(
    [flag] => 10000
    [msg] => 
)
|--sign--|ajaxgetcode]
[14:33:06][|-ip-|192.168.10.115|--sign--|getmobilecode]
[14:33:06][|-saRs-|Array
(
    [flag] => 10000
    [msg] => 
)
|--sign--|getmobilecode]
[14:33:08][|-ip-|192.168.10.115|--sign--|getmobilecode]
[14:33:08][|-saRs-|Array
(
    [flag] => 10000
    [msg] => 
)
|--sign--|getmobilecode]
[14:33:19][|-ip-|192.168.10.115|--sign--|getmobilecode]
[14:33:19][|-saRs-|Array
(
    [flag] => 10000
    [msg] => 
)
|--sign--|getmobilecode]
[14:33:22][|-ip-|192.168.10.115|--sign--|getmobilecode]
[14:33:22][|-saRs-|Array
(
    [flag] => 10000
    [msg] => 
)
|--sign--|getmobilecode]
[14:33:39][|-ip-|192.168.10.115|--sign--|getmobilecode]
[14:33:39][|-saRs-|Array
(
    [flag] => 10000
    [msg] => 
)
|--sign--|getmobilecode]
[14:33:51][|-ip-|192.168.10.115|--sign--|ajaxgetcode]
[14:33:51][|-saRs-|Array
(
    [flag] => 10000
    [msg] => 
)
|--sign--|ajaxgetcode]
[14:33:53][|-ip-|192.168.10.115|--sign--|getmobilecode]
[14:33:53][|-saRs-|Array
(
    [flag] => 10000
    [msg] => 
)
|--sign--|getmobilecode]
[14:37:34][|-ip-|192.168.10.115|--sign--|ajaxgetcode]
[14:37:34][|-saRs-|Array
(
    [flag] => 10000
    [msg] => 
)
|--sign--|ajaxgetcode]
[14:37:35][|-ip-|192.168.10.115|--sign--|getmobilecode]
[14:37:35][|-saRs-|Array
(
    [flag] => 10000
    [msg] => 
)
|--sign--|getmobilecode]
[14:40:01][|-ip-|192.168.10.115|--sign--|ajaxgetcode]
[14:40:01][|-saRs-|Array
(
    [flag] => 10000
    [msg] => 
)
|--sign--|ajaxgetcode]
[14:40:02][|-ip-|192.168.10.115|--sign--|getmobilecode]
[14:40:02][|-saRs-|Array
(
    [flag] => 10000
    [msg] => 
)
|--sign--|getmobilecode]
[14:44:54][|-ip-|192.168.10.115|--sign--|getmobilecode]
[14:44:54][|-saRs-|Array
(
    [flag] => 10000
    [msg] => 
)
|--sign--|getmobilecode]
[14:44:58][|-ip-|192.168.10.115|--sign--|ajaxgetcode]
[14:44:58][|-saRs-|Array
(
    [flag] => 10000
    [msg] => 
)
|--sign--|ajaxgetcode]
[15:16:07][|-ip-|192.168.10.115|--sign--|ajaxgetcode]
[15:16:07][|-saRs-|Array
(
    [flag] => 10000
    [msg] => 
)
|--sign--|ajaxgetcode]
[15:16:08][|-ip-|192.168.10.115|--sign--|getmobilecode]
[15:16:08][|-saRs-|Array
(
    [flag] => 10000
    [msg] => 
)
|--sign--|getmobilecode]
[16:21:19][|-ip-|192.168.10.115|--sign--|ajaxgetcode]
[16:21:19][|-saRs-|Array
(
    [flag] => 10000
    [msg] => 
)
|--sign--|ajaxgetcode]
[16:23:49][|-ip-|192.168.10.115|--sign--|ajaxgetcode]
[16:23:49][|-saRs-|Array
(
    [flag] => 10000
    [msg] => 
)
|--sign--|ajaxgetcode]
[16:24:46][|-ip-|192.168.10.115|--sign--|ajaxgetcode]
[16:24:46][|-saRs-|Array
(
    [flag] => 10000
    [msg] => 
)
|--sign--|ajaxgetcode]
[16:26:19][|-ip-|192.168.10.115|--sign--|ajaxgetcode]
[16:26:19][|-saRs-|Array
(
    [flag] => 10000
    [msg] => 
)
|--sign--|ajaxgetcode]
[16:28:49][|-ip-|192.168.10.115|--sign--|ajaxgetcode]
[16:28:49][|-saRs-|Array
(
    [flag] => 10000
    [msg] => 
)
|--sign--|ajaxgetcode]
[16:33:52][|-ip-|192.168.10.115|--sign--|ajaxgetcode]
[16:33:52][|-saRs-|Array
(
    [flag] => 10000
    [msg] => 
)
|--sign--|ajaxgetcode]
[16:33:54][|-ip-|192.168.10.115|--sign--|ajaxgetcode]
[16:33:54][|-saRs-|Array
(
    [flag] => 10000
    [msg] => 
)
|--sign--|ajaxgetcode]
[16:33:55][|-ip-|192.168.10.115|--sign--|ajaxgetcode]
[16:33:55][|-saRs-|Array
(
    [flag] => 10000
    [msg] => 
)
|--sign--|ajaxgetcode]
[16:49:56][|-ip-|192.168.10.115|--sign--|ajaxgetcode]
[16:49:56][|-saRs-|Array
(
    [flag] => 10000
    [msg] => 
)
|--sign--|ajaxgetcode]
[16:51:24][|-ip-|192.168.10.115|--sign--|ajaxgetcode]
[16:51:24][|-saRs-|Array
(
    [flag] => 10000
    [msg] => 
)
|--sign--|ajaxgetcode]
[16:52:16][|-ip-|192.168.10.115|--sign--|ajaxgetcode]
[16:52:16][|-saRs-|Array
(
    [flag] => 10000
    [msg] => 
)
|--sign--|ajaxgetcode]
[16:52:17][|-ip-|192.168.10.115|--sign--|ajaxgetcode]
[16:52:17][|-saRs-|Array
(
    [flag] => 10000
    [msg] => 
)
|--sign--|ajaxgetcode]
[16:52:19][|-ip-|192.168.10.115|--sign--|ajaxgetcode]
[16:52:19][|-saRs-|Array
(
    [flag] => 10000
    [msg] => 
)
|--sign--|ajaxgetcode]
[16:53:06][|-ip-|192.168.10.115|--sign--|ajaxgetcode]
[16:53:06][|-saRs-|Array
(
    [flag] => 10000
    [msg] => 
)
|--sign--|ajaxgetcode]
[16:53:40][|-ip-|192.168.10.115|--sign--|ajaxgetcode]
[16:53:40][|-saRs-|Array
(
    [flag] => 10000
    [msg] => 
)
|--sign--|ajaxgetcode]
[16:53:48][|-ip-|192.168.10.115|--sign--|ajaxgetcode]
[16:53:48][|-saRs-|Array
(
    [flag] => 10000
    [msg] => 
)
|--sign--|ajaxgetcode]
[16:54:07][|-ip-|192.168.10.115|--sign--|ajaxgetcode]
[16:54:07][|-saRs-|Array
(
    [flag] => 10000
    [msg] => 
)
|--sign--|ajaxgetcode]
[16:54:12][|-ip-|192.168.10.115|--sign--|ajaxgetcode]
[16:54:12][|-saRs-|Array
(
    [flag] => 10000
    [msg] => 
)
|--sign--|ajaxgetcode]
[16:54:29][|-ip-|192.168.10.115|--sign--|ajaxgetcode]
[16:54:29][|-saRs-|Array
(
    [flag] => 10000
    [msg] => 
)
|--sign--|ajaxgetcode]
[16:54:54][|-ip-|192.168.10.115|--sign--|ajaxgetcode]
[16:54:54][|-saRs-|Array
(
    [flag] => 10000
    [msg] => 
)
|--sign--|ajaxgetcode]
[16:55:26][|-ip-|192.168.10.115|--sign--|ajaxgetcode]
[16:55:26][|-saRs-|Array
(
    [flag] => 10000
    [msg] => 
)
|--sign--|ajaxgetcode]
[16:55:51][|-ip-|192.168.10.115|--sign--|ajaxgetcode]
[16:55:51][|-saRs-|Array
(
    [flag] => 10000
    [msg] => 
)
|--sign--|ajaxgetcode]
[16:56:12][|-ip-|192.168.10.115|--sign--|ajaxgetcode]
[16:56:12][|-saRs-|Array
(
    [flag] => 10000
    [msg] => 
)
|--sign--|ajaxgetcode]
[16:58:25][|-ip-|192.168.10.115|--sign--|ajaxgetcode]
[16:58:25][|-saRs-|Array
(
    [flag] => 10000
    [msg] => 
)
|--sign--|ajaxgetcode]
[17:01:36][|-ip-|192.168.10.115|--sign--|ajaxgetcode]
[17:01:36][|-saRs-|Array
(
    [flag] => 10000
    [msg] => 
)
|--sign--|ajaxgetcode]
[17:03:13][|-ip-|192.168.10.115|--sign--|ajaxgetcode]
[17:03:13][|-saRs-|Array
(
    [flag] => 10000
    [msg] => 
)
|--sign--|ajaxgetcode]
[17:03:49][|-ip-|192.168.10.115|--sign--|ajaxgetcode]
[17:03:49][|-saRs-|Array
(
    [flag] => 10000
    [msg] => 
)
|--sign--|ajaxgetcode]
[17:04:48][|-ip-|192.168.10.115|--sign--|ajaxgetcode]
[17:04:48][|-saRs-|Array
(
    [flag] => 10000
    [msg] => 
)
|--sign--|ajaxgetcode]
[17:05:44][|-ip-|192.168.10.115|--sign--|ajaxgetcode]
[17:05:44][|-saRs-|Array
(
    [flag] => 10000
    [msg] => 
)
|--sign--|ajaxgetcode]
[17:08:10][|-ip-|192.168.10.115|--sign--|ajaxgetcode]
[17:08:10][|-saRs-|Array
(
    [flag] => 10000
    [msg] => 
)
|--sign--|ajaxgetcode]
[17:08:37][|-ip-|192.168.10.115|--sign--|ajaxgetcode]
[17:08:37][|-saRs-|Array
(
    [flag] => 10000
    [msg] => 
)
|--sign--|ajaxgetcode]
[17:09:10][|-ip-|192.168.10.115|--sign--|ajaxgetcode]
[17:09:10][|-saRs-|Array
(
    [flag] => 10000
    [msg] => 
)
|--sign--|ajaxgetcode]
[17:09:47][|-ip-|192.168.10.115|--sign--|ajaxgetcode]
[17:09:47][|-saRs-|Array
(
    [flag] => 10000
    [msg] => 
)
|--sign--|ajaxgetcode]
[17:12:55][|-ip-|192.168.10.115|--sign--|ajaxgetcode]
[17:12:55][|-saRs-|Array
(
    [flag] => 10000
    [msg] => 
)
|--sign--|ajaxgetcode]
[17:14:01][|-ip-|192.168.10.115|--sign--|ajaxgetcode]
[17:14:01][|-saRs-|Array
(
    [flag] => 10000
    [msg] => 
)
|--sign--|ajaxgetcode]
[17:16:19][|-ip-|192.168.10.115|--sign--|ajaxgetcode]
[17:16:19][|-saRs-|Array
(
    [flag] => 10000
    [msg] => 
)
|--sign--|ajaxgetcode]
[17:16:32][|-ip-|192.168.10.115|--sign--|ajaxgetcode]
[17:16:32][|-saRs-|Array
(
    [flag] => 10000
    [msg] => 
)
|--sign--|ajaxgetcode]
[17:16:43][|-ip-|192.168.10.115|--sign--|getmobilecode]
[17:16:43][|-saRs-|Array
(
    [flag] => 10000
    [msg] => 
)
|--sign--|getmobilecode]
[17:21:21][|-ip-|192.168.10.115|--sign--|ajaxgetcode]
[17:21:21][|-saRs-|Array
(
    [flag] => 10000
    [msg] => 
)
|--sign--|ajaxgetcode]
[17:22:07][|-ip-|192.168.10.115|--sign--|ajaxgetcode]
[17:22:07][|-saRs-|Array
(
    [flag] => 10000
    [msg] => 
)
|--sign--|ajaxgetcode]
[17:22:16][|-ip-|192.168.10.115|--sign--|getmobilecode]
[17:22:16][|-saRs-|Array
(
    [flag] => 10000
    [msg] => 
)
|--sign--|getmobilecode]
[17:22:21][|-ip-|192.168.10.115|--sign--|ajaxgetcode]
[17:22:21][|-saRs-|Array
(
    [flag] => 10000
    [msg] => 
)
|--sign--|ajaxgetcode]
[17:22:27][|-ip-|192.168.10.115|--sign--|ajaxgetcode]
[17:22:27][|-saRs-|Array
(
    [flag] => 10000
    [msg] => 
)
|--sign--|ajaxgetcode]
[17:22:28][|-ip-|192.168.10.115|--sign--|ajaxgetcode]
[17:22:28][|-saRs-|Array
(
    [flag] => 10000
    [msg] => 
)
|--sign--|ajaxgetcode]
[17:22:35][|-ip-|192.168.10.115|--sign--|getmobilecode]
[17:22:35][|-saRs-|Array
(
    [flag] => 10000
    [msg] => 
)
|--sign--|getmobilecode]
[17:36:35][|-ip-|192.168.10.115|--sign--|ajaxgetcode]
[17:36:35][|-saRs-|Array
(
    [flag] => 10000
    [msg] => 
)
|--sign--|ajaxgetcode]
[17:42:08][|-ip-|192.168.10.115|--sign--|ajaxgetcode]
[17:42:08][|-saRs-|Array
(
    [flag] => 10000
    [msg] => 
)
|--sign--|ajaxgetcode]
[17:43:10][|-ip-|192.168.10.115|--sign--|ajaxgetcode]
[17:43:10][|-saRs-|Array
(
    [flag] => 10000
    [msg] => 
)
|--sign--|ajaxgetcode]
[17:45:44][|-ip-|192.168.10.115|--sign--|ajaxgetcode]
[17:45:44][|-saRs-|Array
(
    [flag] => 10000
    [msg] => 
)
|--sign--|ajaxgetcode]
[17:46:21][|-ip-|192.168.10.115|--sign--|ajaxgetcode]
[17:46:21][|-saRs-|Array
(
    [flag] => 10000
    [msg] => 
)
|--sign--|ajaxgetcode]
[17:59:03][|-ip-|192.168.10.115|--sign--|ajaxgetcode]
[17:59:03][|-saRs-|Array
(
    [flag] => 10000
    [msg] => 
)
|--sign--|ajaxgetcode]
[18:00:16][|-ip-|192.168.10.115|--sign--|ajaxgetcode]
[18:00:16][|-saRs-|Array
(
    [flag] => 10000
    [msg] => 
)
|--sign--|ajaxgetcode]
[18:02:19][|-ip-|192.168.10.115|--sign--|ajaxgetcode]
[18:02:19][|-saRs-|Array
(
    [flag] => 10000
    [msg] => 
)
|--sign--|ajaxgetcode]
[18:02:35][|-ip-|192.168.10.115|--sign--|ajaxgetcode]
[18:02:35][|-saRs-|Array
(
    [flag] => 10000
    [msg] => 
)
|--sign--|ajaxgetcode]
[18:03:15][|-ip-|192.168.10.115|--sign--|ajaxgetcode]
[18:03:15][|-saRs-|Array
(
    [flag] => 10000
    [msg] => 
)
|--sign--|ajaxgetcode]
[18:04:44][|-ip-|192.168.10.115|--sign--|ajaxgetcode]
[18:04:44][|-saRs-|Array
(
    [flag] => 10000
    [msg] => 
)
|--sign--|ajaxgetcode]
[18:04:51][|-ip-|192.168.10.115|--sign--|ajaxgetcode]
[18:04:51][|-saRs-|Array
(
    [flag] => 10000
    [msg] => 
)
|--sign--|ajaxgetcode]
[18:06:41][|-ip-|192.168.10.115|--sign--|ajaxgetcode]
[18:06:41][|-saRs-|Array
(
    [flag] => 10000
    [msg] => 
)
|--sign--|ajaxgetcode]
[18:06:49][|-ip-|192.168.10.115|--sign--|ajaxgetcode]
[18:06:49][|-saRs-|Array
(
    [flag] => 10000
    [msg] => 
)
|--sign--|ajaxgetcode]
[18:07:27][|-ip-|192.168.10.115|--sign--|ajaxgetcode]
[18:07:27][|-saRs-|Array
(
    [flag] => 10000
    [msg] => 
)
|--sign--|ajaxgetcode]
[18:08:20][|-ip-|192.168.10.115|--sign--|ajaxgetcode]
[18:08:20][|-saRs-|Array
(
    [flag] => 10000
    [msg] => 
)
|--sign--|ajaxgetcode]
[18:08:22][|-ip-|192.168.10.115|--sign--|ajaxgetcode]
[18:08:22][|-saRs-|Array
(
    [flag] => 10000
    [msg] => 
)
|--sign--|ajaxgetcode]
[18:09:07][|-ip-|192.168.10.115|--sign--|ajaxgetcode]
[18:09:07][|-saRs-|Array
(
    [flag] => 10000
    [msg] => 
)
|--sign--|ajaxgetcode]
[18:12:43][|-ip-|192.168.10.115|--sign--|ajaxgetcode]
[18:12:43][|-saRs-|Array
(
    [flag] => 10000
    [msg] => 
)
|--sign--|ajaxgetcode]
[18:13:11][|-ip-|192.168.10.115|--sign--|ajaxgetcode]
[18:13:11][|-saRs-|Array
(
    [flag] => 10000
    [msg] => 
)
|--sign--|ajaxgetcode]
[18:14:07][|-ip-|192.168.10.115|--sign--|ajaxgetcode]
[18:14:07][|-saRs-|Array
(
    [flag] => 10000
    [msg] => 
)
|--sign--|ajaxgetcode]
[18:15:16][|-ip-|192.168.10.115|--sign--|ajaxgetcode]
[18:15:16][|-saRs-|Array
(
    [flag] => 10000
    [msg] => 
)
|--sign--|ajaxgetcode]
[18:15:23][|-ip-|192.168.10.115|--sign--|ajaxgetcode]
[18:15:23][|-saRs-|Array
(
    [flag] => 10000
    [msg] => 
)
|--sign--|ajaxgetcode]
[18:15:44][|-ip-|192.168.10.115|--sign--|ajaxgetcode]
[18:15:44][|-saRs-|Array
(
    [flag] => 10000
    [msg] => 
)
|--sign--|ajaxgetcode]
[18:18:03][|-ip-|192.168.10.115|--sign--|ajaxgetcode]
[18:18:03][|-saRs-|Array
(
    [flag] => 10000
    [msg] => 
)
|--sign--|ajaxgetcode]
