[14:27:48][|-ip-|192.168.10.115|--sign--|ajaxgetcode]
[14:27:48][|-saRs-|Array
(
    [flag] => 10000
    [msg] => 
)
|--sign--|ajaxgetcode]
[15:31:58][|-ip-|192.168.10.115|--sign--|ajaxgetcode]
[15:31:58][|-saRs-|Array
(
    [flag] => 10000
    [msg] => 
)
|--sign--|ajaxgetcode]
[17:31:47][|-ip-|192.168.10.115|--sign--|ajaxgetcode]
[17:31:47][|-saRs-|Array
(
    [flag] => 10000
    [msg] => 
)
|--sign--|ajaxgetcode]
[17:32:30][|-ip-|192.168.10.115|--sign--|ajaxgetcode]
[17:32:30][|-saRs-|Array
(
    [flag] => 10000
    [msg] => 
)
|--sign--|ajaxgetcode]
[17:32:56][|-ip-|192.168.10.115|--sign--|ajaxgetcode]
[17:32:56][|-saRs-|Array
(
    [flag] => 10000
    [msg] => 
)
|--sign--|ajaxgetcode]
