[09:44:42][|-ip-|192.168.10.115|--sign--|ajaxgetcode]
[09:44:42][|-saRs-|Array
(
    [flag] => 10000
    [msg] => 
)
|--sign--|ajaxgetcode]
[10:14:44][|-ip-|192.168.10.115|--sign--|ajaxgetcode]
[10:14:44][|-saRs-|Array
(
    [flag] => 10000
    [msg] => 
)
|--sign--|ajaxgetcode]
[10:25:59][|-ip-|192.168.10.115|--sign--|ajaxgetcode]
[10:25:59][|-saRs-|Array
(
    [flag] => 10000
    [msg] => 
)
|--sign--|ajaxgetcode]
[10:26:09][|-ip-|192.168.10.115|--sign--|ajaxgetcode]
[10:26:09][|-saRs-|Array
(
    [flag] => 10000
    [msg] => 
)
|--sign--|ajaxgetcode]
[10:26:59][|-ip-|192.168.10.115|--sign--|ajaxgetcode]
[10:26:59][|-saRs-|Array
(
    [flag] => 10000
    [msg] => 
)
|--sign--|ajaxgetcode]
[10:27:37][|-ip-|192.168.10.115|--sign--|ajaxgetcode]
[10:27:37][|-saRs-|Array
(
    [flag] => 10000
    [msg] => 
)
|--sign--|ajaxgetcode]
[10:28:27][|-ip-|192.168.10.115|--sign--|ajaxgetcode]
[10:28:27][|-saRs-|Array
(
    [flag] => 10000
    [msg] => 
)
|--sign--|ajaxgetcode]
[10:28:32][|-ip-|192.168.10.115|--sign--|ajaxgetcode]
[10:28:32][|-saRs-|Array
(
    [flag] => 10000
    [msg] => 
)
|--sign--|ajaxgetcode]
[10:28:47][|-ip-|192.168.10.115|--sign--|ajaxgetcode]
[10:28:47][|-saRs-|Array
(
    [flag] => 10000
    [msg] => 
)
|--sign--|ajaxgetcode]
[10:29:57][|-ip-|192.168.10.115|--sign--|ajaxgetcode]
[10:29:57][|-saRs-|Array
(
    [flag] => 10000
    [msg] => 
)
|--sign--|ajaxgetcode]
[10:49:46][|-ip-|192.168.10.115|--sign--|ajaxgetcode]
[10:49:46][|-saRs-|Array
(
    [flag] => 10000
    [msg] => 
)
|--sign--|ajaxgetcode]
[11:07:18][|-ip-|192.168.10.115|--sign--|ajaxgetcode]
[11:07:18][|-saRs-|Array
(
    [flag] => 10000
    [msg] => 
)
|--sign--|ajaxgetcode]
[11:09:34][|-ip-|192.168.10.115|--sign--|ajaxgetcode]
[11:09:34][|-saRs-|Array
(
    [flag] => 10000
    [msg] => 
)
|--sign--|ajaxgetcode]
[11:09:52][|-ip-|192.168.10.115|--sign--|ajaxgetcode]
[11:09:52][|-saRs-|Array
(
    [flag] => 10000
    [msg] => 
)
|--sign--|ajaxgetcode]
[11:10:21][|-ip-|192.168.10.115|--sign--|ajaxgetcode]
[11:10:21][|-saRs-|Array
(
    [flag] => 10000
    [msg] => 
)
|--sign--|ajaxgetcode]
[11:24:52][|-ip-|192.168.10.115|--sign--|ajaxgetcode]
[11:24:52][|-saRs-|Array
(
    [flag] => 10000
    [msg] => 
)
|--sign--|ajaxgetcode]
