[15:36:51][|-ip-|192.168.10.115|--sign--|ajaxgetcode]
[15:36:51][|-saRs-|Array
(
    [flag] => 10000
    [msg] => 
)
|--sign--|ajaxgetcode]
[15:38:15][|-ip-|192.168.10.115|--sign--|ajaxgetcode]
[15:38:15][|-saRs-|Array
(
    [flag] => 10000
    [msg] => 
)
|--sign--|ajaxgetcode]
[15:38:37][|-ip-|192.168.10.115|--sign--|ajaxgetcode]
[15:38:37][|-saRs-|Array
(
    [flag] => 10000
    [msg] => 
)
|--sign--|ajaxgetcode]
[15:39:42][|-ip-|192.168.10.115|--sign--|ajaxgetcode]
[15:39:42][|-saRs-|Array
(
    [flag] => 10000
    [msg] => 
)
|--sign--|ajaxgetcode]
[15:41:38][|-ip-|192.168.10.115|--sign--|ajaxgetcode]
[15:41:38][|-saRs-|Array
(
    [flag] => 10000
    [msg] => 
)
|--sign--|ajaxgetcode]
[15:45:48][|-ip-|192.168.10.115|--sign--|ajaxgetcode]
[15:45:48][|-saRs-|Array
(
    [flag] => 10000
    [msg] => 
)
|--sign--|ajaxgetcode]
[15:46:13][|-ip-|192.168.10.115|--sign--|ajaxgetcode]
[15:46:13][|-saRs-|Array
(
    [flag] => 10000
    [msg] => 
)
|--sign--|ajaxgetcode]
[15:46:33][|-ip-|192.168.10.115|--sign--|ajaxgetcode]
[15:46:33][|-saRs-|Array
(
    [flag] => 10000
    [msg] => 
)
|--sign--|ajaxgetcode]
[15:52:44][|-ip-|192.168.10.115|--sign--|ajaxgetcode]
[15:52:44][|-saRs-|Array
(
    [flag] => 10000
    [msg] => 
)
|--sign--|ajaxgetcode]
[15:55:09][|-ip-|192.168.10.115|--sign--|getmobilecode]
[15:55:09][|-saRs-|Array
(
    [flag] => 10000
    [msg] => 
)
|--sign--|getmobilecode]
[15:58:13][|-ip-|192.168.10.115|--sign--|getmobilecode]
[15:58:13][|-saRs-|Array
(
    [flag] => 10000
    [msg] => 
)
|--sign--|getmobilecode]
[16:04:10][|-ip-|192.168.10.115|--sign--|ajaxgetcode]
[16:04:10][|-saRs-|Array
(
    [flag] => 10000
    [msg] => 
)
|--sign--|ajaxgetcode]
[16:04:15][|-ip-|192.168.10.115|--sign--|getmobilecode]
[16:04:15][|-saRs-|Array
(
    [flag] => 10000
    [msg] => 
)
|--sign--|getmobilecode]
[16:10:31][|-ip-|192.168.10.115|--sign--|getmobilecode]
[16:10:31][|-saRs-|Array
(
    [flag] => 10000
    [msg] => 
)
|--sign--|getmobilecode]
[16:12:03][|-ip-|192.168.10.115|--sign--|ajaxgetcode]
[16:12:03][|-saRs-|Array
(
    [flag] => 10000
    [msg] => 
)
|--sign--|ajaxgetcode]
[16:12:04][|-ip-|192.168.10.115|--sign--|getmobilecode]
[16:12:04][|-saRs-|Array
(
    [flag] => 10000
    [msg] => 
)
|--sign--|getmobilecode]
[16:12:41][|-ip-|192.168.10.115|--sign--|getmobilecode]
[16:12:41][|-saRs-|Array
(
    [flag] => 10000
    [msg] => 
)
|--sign--|getmobilecode]
[16:28:21][|-ip-|192.168.10.115|--sign--|getmobilecode]
[16:28:21][|-saRs-|Array
(
    [flag] => 10000
    [msg] => 
)
|--sign--|getmobilecode]
