[18:19:56][|-ip-|192.168.10.115|--sign--|ajaxgetcode]
[18:19:56][|-saRs-|Array
(
    [flag] => 10000
    [msg] => 
)
|--sign--|ajaxgetcode]
[18:20:14][|-ip-|192.168.10.115|--sign--|ajaxgetcode]
[18:20:14][|-saRs-|Array
(
    [flag] => 10000
    [msg] => 
)
|--sign--|ajaxgetcode]
[18:27:53][|-ip-|192.168.10.115|--sign--|ajaxgetcode]
[18:27:53][|-saRs-|Array
(
    [flag] => 10000
    [msg] => 
)
|--sign--|ajaxgetcode]
[18:29:40][|-ip-|192.168.10.115|--sign--|ajaxgetcode]
[18:29:40][|-saRs-|Array
(
    [flag] => 10000
    [msg] => 
)
|--sign--|ajaxgetcode]
[18:30:38][|-ip-|192.168.10.115|--sign--|ajaxgetcode]
[18:30:38][|-saRs-|Array
(
    [flag] => 10000
    [msg] => 
)
|--sign--|ajaxgetcode]
[18:30:57][|-ip-|192.168.10.115|--sign--|ajaxgetcode]
[18:30:57][|-saRs-|Array
(
    [flag] => 10000
    [msg] => 
)
|--sign--|ajaxgetcode]
[18:30:58][|-ip-|192.168.10.115|--sign--|ajaxgetcode]
[18:30:58][|-saRs-|Array
(
    [flag] => 10000
    [msg] => 
)
|--sign--|ajaxgetcode]
[18:31:38][|-ip-|192.168.10.115|--sign--|ajaxgetcode]
[18:31:38][|-saRs-|Array
(
    [flag] => 10000
    [msg] => 
)
|--sign--|ajaxgetcode]
[18:31:39][|-ip-|192.168.10.115|--sign--|ajaxgetcode]
[18:31:39][|-saRs-|Array
(
    [flag] => 10000
    [msg] => 
)
|--sign--|ajaxgetcode]
[18:34:58][|-ip-|192.168.10.115|--sign--|ajaxgetcode]
[18:34:58][|-saRs-|Array
(
    [flag] => 10000
    [msg] => 
)
|--sign--|ajaxgetcode]
[18:35:59][|-ip-|192.168.10.115|--sign--|ajaxgetcode]
[18:35:59][|-saRs-|Array
(
    [flag] => 10000
    [msg] => 
)
|--sign--|ajaxgetcode]
[18:45:48][|-ip-|192.168.10.115|--sign--|ajaxgetcode]
[18:45:48][|-saRs-|Array
(
    [flag] => 10000
    [msg] => 
)
|--sign--|ajaxgetcode]
[18:47:41][|-ip-|192.168.10.115|--sign--|ajaxgetcode]
[18:47:41][|-saRs-|Array
(
    [flag] => 10000
    [msg] => 
)
|--sign--|ajaxgetcode]
[18:47:42][|-ip-|192.168.10.115|--sign--|ajaxgetcode]
[18:47:42][|-saRs-|Array
(
    [flag] => 10000
    [msg] => 
)
|--sign--|ajaxgetcode]
