[08:41:20][|-ip-|10.100.0.18|--sign--|setmaster]
[08:41:20][|-saRs-|Array
(
    [flag] => 10000
    [msg] => 
)
|--sign--|setmaster]
[09:25:43][|-ip-|192.168.15.235|--sign--|trade_apply_search]
[09:25:43][|-saRs-|Array
(
    [flag] => 10000
    [msg] => 
)
|--sign--|trade_apply_search]
[09:25:53][|-ip-|192.168.15.235|--sign--|trade_apply_search]
[09:25:53][|-saRs-|Array
(
    [flag] => 10000
    [msg] => 
)
|--sign--|trade_apply_search]
[09:27:13][|-ip-|192.168.15.235|--sign--|dividendmethod]
[09:27:13][|-saRs-|Array
(
    [flag] => 10000
    [msg] => 
)
|--sign--|dividendmethod]
[09:28:07][|-ip-|192.168.15.235|--sign--|dividendmethod]
[09:28:07][|-saRs-|Array
(
    [flag] => 10000
    [msg] => 
)
|--sign--|dividendmethod]
[09:31:52][|-ip-|192.168.15.235|--sign--|trade_apply_search]
[09:31:52][|-saRs-|Array
(
    [flag] => 10000
    [msg] => 
)
|--sign--|trade_apply_search]
[09:31:53][|-ip-|192.168.15.235|--sign--|trade_apply_search]
[09:31:53][|-saRs-|Array
(
    [flag] => 10000
    [msg] => 
)
|--sign--|trade_apply_search]
[09:32:00][|-ip-|192.168.15.235|--sign--|trade_apply_search]
[09:32:00][|-saRs-|Array
(
    [flag] => 10000
    [msg] => 
)
|--sign--|trade_apply_search]
[09:34:41][|-ip-|192.168.15.235|--sign--|trade_apply_search]
[09:34:41][|-saRs-|Array
(
    [flag] => 10000
    [msg] => 
)
|--sign--|trade_apply_search]
[09:34:44][|-ip-|192.168.15.235|--sign--|trade_apply_search]
[09:34:44][|-saRs-|Array
(
    [flag] => 10000
    [msg] => 
)
|--sign--|trade_apply_search]
[09:36:24][|-ip-|192.168.15.235|--sign--|trade_apply_search]
[09:36:24][|-saRs-|Array
(
    [flag] => 10000
    [msg] => 
)
|--sign--|trade_apply_search]
[09:37:09][|-ip-|192.168.15.235|--sign--|trade_apply_search]
[09:37:09][|-saRs-|Array
(
    [flag] => 10000
    [msg] => 
)
|--sign--|trade_apply_search]
[09:56:13][|-ip-|10.100.0.18|--sign--|unbindbank]
[09:56:13][|-saRs-|Array
(
    [flag] => 10000
    [msg] => 
)
|--sign--|unbindbank]
[09:57:06][|-ip-|10.100.0.18|--sign--|unbindbank]
[09:57:06][|-saRs-|Array
(
    [flag] => 10000
    [msg] => 
)
|--sign--|unbindbank]
[09:58:14][|-ip-|10.100.0.18|--sign--|provincebybank]
[09:58:14][|-saRs-|Array
(
    [flag] => 10000
    [msg] => 
)
|--sign--|provincebybank]
[09:58:16][|-ip-|10.100.0.18|--sign--|citybyprovincebank]
[09:58:16][|-saRs-|Array
(
    [flag] => 10000
    [msg] => 
)
|--sign--|citybyprovincebank]
[09:58:17][|-ip-|10.100.0.18|--sign--|bandbyprovincebankcity]
[09:58:17][|-saRs-|Array
(
    [flag] => 10000
    [msg] => 
)
|--sign--|bandbyprovincebankcity]
[09:58:37][|-ip-|10.100.0.18|--sign--|addbindcard]
[09:58:37][|-saRs-|Array
(
    [flag] => 10000
    [msg] => 
)
|--sign--|addbindcard]
[09:58:43][|-ip-|10.100.0.18|--sign--|addbindcard]
[09:58:43][|-saRs-|Array
(
    [flag] => 10000
    [msg] => 
)
|--sign--|addbindcard]
[09:58:50][|-ip-|10.100.0.18|--sign--|addbindcard]
[09:58:50][|-saRs-|Array
(
    [flag] => 10000
    [msg] => 
)
|--sign--|addbindcard]
[09:59:08][|-ip-|10.100.0.18|--sign--|provincebybank]
[09:59:08][|-saRs-|Array
(
    [flag] => 10000
    [msg] => 
)
|--sign--|provincebybank]
[09:59:09][|-ip-|10.100.0.18|--sign--|citybyprovincebank]
[09:59:09][|-saRs-|Array
(
    [flag] => 10000
    [msg] => 
)
|--sign--|citybyprovincebank]
[09:59:12][|-ip-|10.100.0.18|--sign--|citybyprovincebank]
[09:59:12][|-saRs-|Array
(
    [flag] => 10000
    [msg] => 
)
|--sign--|citybyprovincebank]
[09:59:13][|-ip-|10.100.0.18|--sign--|bandbyprovincebankcity]
[09:59:13][|-saRs-|Array
(
    [flag] => 10000
    [msg] => 
)
|--sign--|bandbyprovincebankcity]
[09:59:19][|-ip-|10.100.0.18|--sign--|addbindcard]
[09:59:19][|-saRs-|Array
(
    [flag] => 10000
    [msg] => 
)
|--sign--|addbindcard]
[09:59:34][|-ip-|10.100.0.18|--sign--|activeaddbindcard]
[09:59:34][|-saRs-|Array
(
    [flag] => 10000
    [msg] => 
)
|--sign--|activeaddbindcard]
[10:00:18][|-ip-|10.100.0.18|--sign--|unbindbank]
[10:00:18][|-saRs-|Array
(
    [flag] => 10000
    [msg] => 
)
|--sign--|unbindbank]
[10:00:33][|-ip-|10.100.0.18|--sign--|unbindbank]
[10:00:33][|-saRs-|Array
(
    [flag] => 10000
    [msg] => 
)
|--sign--|unbindbank]
[10:01:30][|-ip-|10.100.0.18|--sign--|unbindbank]
[10:01:30][|-saRs-|Array
(
    [flag] => 10000
    [msg] => 
)
|--sign--|unbindbank]
[10:08:54][|-ip-|10.100.0.18|--sign--|ajaxgetcode]
[10:08:54][|-saRs-|Array
(
    [flag] => 10000
    [msg] => 
)
|--sign--|ajaxgetcode]
[10:09:05][|-ip-|10.100.0.18|--sign--|getmobilecode]
[10:09:05][|-saRs-|Array
(
    [flag] => 10000
    [msg] => 
)
|--sign--|getmobilecode]
[10:09:20][|-ip-|10.100.0.18|--sign--|ajaxgetcode]
[10:09:20][|-saRs-|Array
(
    [flag] => 10000
    [msg] => 
)
|--sign--|ajaxgetcode]
[10:09:26][|-ip-|10.100.0.18|--sign--|getmobilecode]
[10:09:26][|-saRs-|Array
(
    [flag] => 10000
    [msg] => 
)
|--sign--|getmobilecode]
[10:09:34][|-ip-|10.100.0.18|--sign--|ajaxgetcode]
[10:09:34][|-saRs-|Array
(
    [flag] => 10000
    [msg] => 
)
|--sign--|ajaxgetcode]
[10:09:41][|-ip-|10.100.0.18|--sign--|ajaxgetcode]
[10:09:41][|-saRs-|Array
(
    [flag] => 10000
    [msg] => 
)
|--sign--|ajaxgetcode]
[10:10:05][|-ip-|10.100.0.18|--sign--|getmobilecode]
[10:10:05][|-saRs-|Array
(
    [flag] => 10000
    [msg] => 
)
|--sign--|getmobilecode]
[10:10:19][|-ip-|10.100.0.18|--sign--|ajaxbkpwdaction]
[10:10:19][|-saRs-|Array
(
    [flag] => 10000
    [msg] => 
)
|--sign--|ajaxbkpwdaction]
[10:10:29][|-ip-|10.100.0.18|--sign--|ajaxnewpwdaction]
[10:10:29][|-saRs-|Array
(
    [flag] => 10000
    [msg] => 
)
|--sign--|ajaxnewpwdaction]
[10:10:41][|-ip-|10.100.0.18|--sign--|ajaxnewpwdaction]
[10:10:41][|-saRs-|Array
(
    [flag] => 10000
    [msg] => 
)
|--sign--|ajaxnewpwdaction]
[10:10:48][|-ip-|10.100.0.18|--sign--|ajaxnewpwdaction]
[10:10:48][|-saRs-|Array
(
    [flag] => 10000
    [msg] => 
)
|--sign--|ajaxnewpwdaction]
[10:14:52][|-ip-|192.168.15.235|--sign--|trade_apply_search]
[10:14:52][|-saRs-|Array
(
    [flag] => 10000
    [msg] => 
)
|--sign--|trade_apply_search]
[10:15:13][|-ip-|192.168.15.235|--sign--|trade_apply_search]
[10:15:13][|-saRs-|Array
(
    [flag] => 10000
    [msg] => 
)
|--sign--|trade_apply_search]
[10:15:18][|-ip-|192.168.15.235|--sign--|trade_apply_search]
[10:15:18][|-saRs-|Array
(
    [flag] => 10000
    [msg] => 
)
|--sign--|trade_apply_search]
[10:15:20][|-ip-|192.168.15.235|--sign--|trade_apply_search]
[10:15:20][|-saRs-|Array
(
    [flag] => 10000
    [msg] => 
)
|--sign--|trade_apply_search]
[10:16:26][|-ip-|192.168.15.235|--sign--|sellfund]
[10:16:26][|-saRs-|Array
(
    [flag] => 10000
    [msg] => 
)
|--sign--|sellfund]
[10:35:18][|-ip-|10.100.0.18|--sign--|provincebybank]
[10:35:18][|-saRs-|Array
(
    [flag] => 10000
    [msg] => 
)
|--sign--|provincebybank]
[10:35:24][|-ip-|10.100.0.18|--sign--|provincebybank]
[10:35:24][|-saRs-|Array
(
    [flag] => 10000
    [msg] => 
)
|--sign--|provincebybank]
[10:35:36][|-ip-|10.100.0.18|--sign--|ajaxgetcode]
[10:35:36][|-saRs-|Array
(
    [flag] => 10000
    [msg] => 
)
|--sign--|ajaxgetcode]
[10:35:49][|-ip-|10.100.0.18|--sign--|provincebybank]
[10:35:49][|-saRs-|Array
(
    [flag] => 10000
    [msg] => 
)
|--sign--|provincebybank]
[10:35:54][|-ip-|10.100.0.18|--sign--|citybyprovincebank]
[10:35:54][|-saRs-|Array
(
    [flag] => 10000
    [msg] => 
)
|--sign--|citybyprovincebank]
[10:35:56][|-ip-|10.100.0.18|--sign--|bandbyprovincebankcity]
[10:35:56][|-saRs-|Array
(
    [flag] => 10000
    [msg] => 
)
|--sign--|bandbyprovincebankcity]
[10:36:14][|-ip-|10.100.0.18|--sign--|provincebybank]
[10:36:14][|-saRs-|Array
(
    [flag] => 10000
    [msg] => 
)
|--sign--|provincebybank]
[10:36:16][|-ip-|10.100.0.18|--sign--|citybyprovincebank]
[10:36:16][|-saRs-|Array
(
    [flag] => 10000
    [msg] => 
)
|--sign--|citybyprovincebank]
[10:36:19][|-ip-|10.100.0.18|--sign--|bandbyprovincebankcity]
[10:36:19][|-saRs-|Array
(
    [flag] => 10000
    [msg] => 
)
|--sign--|bandbyprovincebankcity]
[10:36:31][|-ip-|10.100.0.18|--sign--|ajaxgetcode]
[10:36:31][|-saRs-|Array
(
    [flag] => 10000
    [msg] => 
)
|--sign--|ajaxgetcode]
[10:36:46][|-ip-|10.100.0.18|--sign--|provincebybank]
[10:36:46][|-saRs-|Array
(
    [flag] => 10000
    [msg] => 
)
|--sign--|provincebybank]
[10:36:47][|-ip-|10.100.0.18|--sign--|citybyprovincebank]
[10:36:47][|-saRs-|Array
(
    [flag] => 10000
    [msg] => 
)
|--sign--|citybyprovincebank]
[10:37:43][|-ip-|10.100.0.18|--sign--|provincebybank]
[10:37:43][|-saRs-|Array
(
    [flag] => 10000
    [msg] => 
)
|--sign--|provincebybank]
[10:37:53][|-ip-|10.100.0.18|--sign--|citybyprovincebank]
[10:37:53][|-saRs-|Array
(
    [flag] => 10000
    [msg] => 
)
|--sign--|citybyprovincebank]
[10:37:55][|-ip-|10.100.0.18|--sign--|bandbyprovincebankcity]
[10:37:55][|-saRs-|Array
(
    [flag] => 10000
    [msg] => 
)
|--sign--|bandbyprovincebankcity]
[10:39:17][|-ip-|10.100.0.18|--sign--|regbindcard]
[10:39:17][|-saRs-|Array
(
    [flag] => 10000
    [msg] => 
)
|--sign--|regbindcard]
[10:40:21][|-ip-|10.100.0.18|--sign--|regbindcard]
[10:40:21][|-saRs-|Array
(
    [flag] => 10000
    [msg] => 
)
|--sign--|regbindcard]
[10:40:41][|-ip-|10.100.0.18|--sign--|regbindcard]
[10:40:41][|-saRs-|Array
(
    [flag] => 10000
    [msg] => 
)
|--sign--|regbindcard]
[10:40:48][|-ip-|10.100.0.18|--sign--|regbindcard]
[10:40:48][|-saRs-|Array
(
    [flag] => 10000
    [msg] => 
)
|--sign--|regbindcard]
[10:40:53][|-ip-|10.100.0.18|--sign--|regbindcard]
[10:40:53][|-saRs-|Array
(
    [flag] => 10000
    [msg] => 
)
|--sign--|regbindcard]
[10:41:28][|-ip-|192.168.10.89|--sign--|trade_apply_search]
[10:41:28][|-saRs-|Array
(
    [flag] => 10000
    [msg] => 
)
|--sign--|trade_apply_search]
[10:41:32][|-ip-|192.168.10.89|--sign--|trade_apply_search]
[10:41:32][|-saRs-|Array
(
    [flag] => 10000
    [msg] => 
)
|--sign--|trade_apply_search]
[10:41:33][|-ip-|192.168.10.89|--sign--|trade_apply_search]
[10:41:33][|-saRs-|Array
(
    [flag] => 10000
    [msg] => 
)
|--sign--|trade_apply_search]
[10:41:33][|-ip-|192.168.10.89|--sign--|trade_apply_search]
[10:41:33][|-saRs-|Array
(
    [flag] => 10000
    [msg] => 
)
|--sign--|trade_apply_search]
[10:41:34][|-ip-|192.168.10.89|--sign--|trade_apply_search]
[10:41:34][|-saRs-|Array
(
    [flag] => 10000
    [msg] => 
)
|--sign--|trade_apply_search]
[10:41:36][|-ip-|192.168.10.89|--sign--|trade_apply_search]
[10:41:36][|-saRs-|Array
(
    [flag] => 10000
    [msg] => 
)
|--sign--|trade_apply_search]
[10:43:09][|-ip-|10.100.0.18|--sign--|provincebybank]
[10:43:09][|-saRs-|Array
(
    [flag] => 10000
    [msg] => 
)
|--sign--|provincebybank]
[10:43:16][|-ip-|10.100.0.18|--sign--|citybyprovincebank]
[10:43:16][|-saRs-|Array
(
    [flag] => 10000
    [msg] => 
)
|--sign--|citybyprovincebank]
[10:43:52][|-ip-|10.100.0.18|--sign--|bandbyprovincebankcity]
[10:43:52][|-saRs-|Array
(
    [flag] => 10000
    [msg] => 
)
|--sign--|bandbyprovincebankcity]
[10:45:45][|-ip-|10.100.0.18|--sign--|regbindcard]
[10:45:45][|-saRs-|Array
(
    [flag] => 10000
    [msg] => 
)
|--sign--|regbindcard]
[10:45:52][|-ip-|10.100.0.18|--sign--|regbindcard]
[10:45:52][|-saRs-|Array
(
    [flag] => 10000
    [msg] => 
)
|--sign--|regbindcard]
[10:46:02][|-ip-|10.100.0.18|--sign--|activebindcard]
[10:46:02][|-saRs-|Array
(
    [flag] => 10000
    [msg] => 
)
|--sign--|activebindcard]
[10:48:02][|-ip-|192.168.10.89|--sign--|trade_apply_search]
[10:48:02][|-saRs-|Array
(
    [flag] => 10000
    [msg] => 
)
|--sign--|trade_apply_search]
[10:48:06][|-ip-|192.168.10.89|--sign--|trade_apply_search]
[10:48:06][|-saRs-|Array
(
    [flag] => 10000
    [msg] => 
)
|--sign--|trade_apply_search]
[10:48:07][|-ip-|192.168.10.89|--sign--|trade_apply_search]
[10:48:07][|-saRs-|Array
(
    [flag] => 10000
    [msg] => 
)
|--sign--|trade_apply_search]
[10:48:08][|-ip-|192.168.10.89|--sign--|trade_apply_search]
[10:48:08][|-saRs-|Array
(
    [flag] => 10000
    [msg] => 
)
|--sign--|trade_apply_search]
[10:48:08][|-ip-|192.168.10.89|--sign--|trade_apply_search]
[10:48:08][|-saRs-|Array
(
    [flag] => 10000
    [msg] => 
)
|--sign--|trade_apply_search]
[10:48:28][|-ip-|10.100.0.18|--sign--|riskask]
[10:48:28][|-saRs-|Array
(
    [flag] => 10000
    [msg] => 
)
|--sign--|riskask]
[10:52:21][|-ip-|10.100.0.18|--sign--|applypurchase]
[10:52:21][|-saRs-|Array
(
    [flag] => 10000
    [msg] => 
)
|--sign--|applypurchase]
[10:58:30][|-ip-|10.100.0.18|--sign--|ajaxgetcode]
[10:58:30][|-saRs-|Array
(
    [flag] => 10000
    [msg] => 
)
|--sign--|ajaxgetcode]
[11:16:42][|-ip-|192.168.10.89|--sign--|trade_apply_search]
[11:16:42][|-saRs-|Array
(
    [flag] => 10000
    [msg] => 
)
|--sign--|trade_apply_search]
[11:17:19][|-ip-|192.168.15.235|--sign--|ajaxgetcode]
[11:17:19][|-saRs-|Array
(
    [flag] => 10000
    [msg] => 
)
|--sign--|ajaxgetcode]
[11:17:35][|-ip-|192.168.15.235|--sign--|ajaxgetcode]
[11:17:35][|-saRs-|Array
(
    [flag] => 10000
    [msg] => 
)
|--sign--|ajaxgetcode]
[11:17:37][|-ip-|192.168.15.235|--sign--|ajaxgetcode]
[11:17:37][|-saRs-|Array
(
    [flag] => 10000
    [msg] => 
)
|--sign--|ajaxgetcode]
[11:17:43][|-ip-|192.168.15.235|--sign--|ajaxgetcode]
[11:17:43][|-saRs-|Array
(
    [flag] => 10000
    [msg] => 
)
|--sign--|ajaxgetcode]
[11:18:02][|-ip-|192.168.15.235|--sign--|getmobilecode]
[11:18:02][|-saRs-|Array
(
    [flag] => 10000
    [msg] => 
)
|--sign--|getmobilecode]
[11:19:36][|-ip-|192.168.10.89|--sign--|trade_apply_search]
[11:19:36][|-saRs-|Array
(
    [flag] => 10000
    [msg] => 
)
|--sign--|trade_apply_search]
[11:20:30][|-ip-|192.168.15.235|--sign--|ajaxgetcode]
[11:20:30][|-saRs-|Array
(
    [flag] => 10000
    [msg] => 
)
|--sign--|ajaxgetcode]
[11:20:35][|-ip-|192.168.15.235|--sign--|getmobilecode]
[11:20:35][|-saRs-|Array
(
    [flag] => 10000
    [msg] => 
)
|--sign--|getmobilecode]
[11:20:42][|-ip-|192.168.15.235|--sign--|ajaxgetcode]
[11:20:42][|-saRs-|Array
(
    [flag] => 10000
    [msg] => 
)
|--sign--|ajaxgetcode]
[11:20:55][|-ip-|192.168.15.235|--sign--|getmobilecode]
[11:20:55][|-saRs-|Array
(
    [flag] => 10000
    [msg] => 
)
|--sign--|getmobilecode]
[11:21:34][|-ip-|192.168.15.235|--sign--|ajaxgetcode]
[11:21:34][|-saRs-|Array
(
    [flag] => 10000
    [msg] => 
)
|--sign--|ajaxgetcode]
[11:21:39][|-ip-|192.168.15.235|--sign--|getmobilecode]
[11:21:39][|-saRs-|Array
(
    [flag] => 10000
    [msg] => 
)
|--sign--|getmobilecode]
[11:22:08][|-ip-|192.168.15.235|--sign--|ajaxgetcode]
[11:22:08][|-saRs-|Array
(
    [flag] => 10000
    [msg] => 
)
|--sign--|ajaxgetcode]
[11:22:16][|-ip-|192.168.15.235|--sign--|getmobilecode]
[11:22:16][|-saRs-|Array
(
    [flag] => 10000
    [msg] => 
)
|--sign--|getmobilecode]
[11:23:09][|-ip-|192.168.10.89|--sign--|trade_apply_search]
[11:23:09][|-saRs-|Array
(
    [flag] => 10000
    [msg] => 
)
|--sign--|trade_apply_search]
[11:23:31][|-ip-|192.168.15.235|--sign--|ajaxgetcode]
[11:23:31][|-saRs-|Array
(
    [flag] => 10000
    [msg] => 
)
|--sign--|ajaxgetcode]
[11:23:40][|-ip-|192.168.15.235|--sign--|getmobilecode]
[11:23:40][|-saRs-|Array
(
    [flag] => 10000
    [msg] => 
)
|--sign--|getmobilecode]
[11:23:51][|-ip-|192.168.15.235|--sign--|ajaxgetcode]
[11:23:51][|-saRs-|Array
(
    [flag] => 10000
    [msg] => 
)
|--sign--|ajaxgetcode]
[11:23:58][|-ip-|192.168.15.235|--sign--|getmobilecode]
[11:23:58][|-saRs-|Array
(
    [flag] => 10000
    [msg] => 
)
|--sign--|getmobilecode]
[11:24:10][|-ip-|192.168.15.235|--sign--|ajaxgetcode]
[11:24:10][|-saRs-|Array
(
    [flag] => 10000
    [msg] => 
)
|--sign--|ajaxgetcode]
[11:24:21][|-ip-|192.168.15.235|--sign--|getmobilecode]
[11:24:21][|-saRs-|Array
(
    [flag] => 10000
    [msg] => 
)
|--sign--|getmobilecode]
[11:24:48][|-ip-|192.168.10.89|--sign--|trade_apply_search]
[11:24:48][|-saRs-|Array
(
    [flag] => 10000
    [msg] => 
)
|--sign--|trade_apply_search]
[11:26:14][|-ip-|192.168.10.89|--sign--|trade_apply_search]
[11:26:14][|-saRs-|Array
(
    [flag] => 10000
    [msg] => 
)
|--sign--|trade_apply_search]
[11:26:32][|-ip-|192.168.10.89|--sign--|trade_apply_search]
[11:26:32][|-saRs-|Array
(
    [flag] => 10000
    [msg] => 
)
|--sign--|trade_apply_search]
[11:26:42][|-ip-|192.168.15.235|--sign--|ajaxgetcode]
[11:26:42][|-saRs-|Array
(
    [flag] => 10000
    [msg] => 
)
|--sign--|ajaxgetcode]
[11:26:56][|-ip-|192.168.15.235|--sign--|getmobilecode]
[11:26:56][|-saRs-|Array
(
    [flag] => 10000
    [msg] => 
)
|--sign--|getmobilecode]
[11:27:03][|-ip-|192.168.10.89|--sign--|trade_apply_search]
[11:27:03][|-saRs-|Array
(
    [flag] => 10000
    [msg] => 
)
|--sign--|trade_apply_search]
[11:27:10][|-ip-|192.168.10.89|--sign--|trade_apply_search]
[11:27:10][|-saRs-|Array
(
    [flag] => 10000
    [msg] => 
)
|--sign--|trade_apply_search]
[11:27:33][|-ip-|192.168.10.89|--sign--|trade_apply_search]
[11:27:33][|-saRs-|Array
(
    [flag] => 10000
    [msg] => 
)
|--sign--|trade_apply_search]
[11:28:14][|-ip-|192.168.15.235|--sign--|ajaxgetcode]
[11:28:14][|-saRs-|Array
(
    [flag] => 10000
    [msg] => 
)
|--sign--|ajaxgetcode]
[11:28:22][|-ip-|192.168.15.235|--sign--|getmobilecode]
[11:28:22][|-saRs-|Array
(
    [flag] => 10000
    [msg] => 
)
|--sign--|getmobilecode]
[11:28:54][|-ip-|192.168.10.89|--sign--|trade_apply_search]
[11:28:54][|-saRs-|Array
(
    [flag] => 10000
    [msg] => 
)
|--sign--|trade_apply_search]
[11:29:07][|-ip-|192.168.10.89|--sign--|trade_apply_search]
[11:29:07][|-saRs-|Array
(
    [flag] => 10000
    [msg] => 
)
|--sign--|trade_apply_search]
[11:29:12][|-ip-|192.168.10.89|--sign--|trade_apply_search]
[11:29:12][|-saRs-|Array
(
    [flag] => 10000
    [msg] => 
)
|--sign--|trade_apply_search]
[11:33:02][|-ip-|192.168.10.89|--sign--|trade_apply_search]
[11:33:02][|-saRs-|Array
(
    [flag] => 10000
    [msg] => 
)
|--sign--|trade_apply_search]
[11:33:13][|-ip-|192.168.15.235|--sign--|ajaxgetcode]
[11:33:13][|-saRs-|Array
(
    [flag] => 10000
    [msg] => 
)
|--sign--|ajaxgetcode]
[11:33:21][|-ip-|192.168.15.235|--sign--|getmobilecode]
[11:33:21][|-saRs-|Array
(
    [flag] => 10000
    [msg] => 
)
|--sign--|getmobilecode]
[11:34:01][|-ip-|192.168.10.89|--sign--|trade_apply_search]
[11:34:01][|-saRs-|Array
(
    [flag] => 10000
    [msg] => 
)
|--sign--|trade_apply_search]
[11:34:15][|-ip-|192.168.10.89|--sign--|trade_apply_search]
[11:34:15][|-saRs-|Array
(
    [flag] => 10000
    [msg] => 
)
|--sign--|trade_apply_search]
[11:34:49][|-ip-|192.168.15.235|--sign--|ajaxgetcode]
[11:34:49][|-saRs-|Array
(
    [flag] => 10000
    [msg] => 
)
|--sign--|ajaxgetcode]
[11:35:08][|-ip-|192.168.15.235|--sign--|getmobilecode]
[11:35:08][|-saRs-|Array
(
    [flag] => 10000
    [msg] => 
)
|--sign--|getmobilecode]
[11:35:29][|-ip-|192.168.15.235|--sign--|ajaxgetcode]
[11:35:29][|-saRs-|Array
(
    [flag] => 10000
    [msg] => 
)
|--sign--|ajaxgetcode]
[11:35:37][|-ip-|192.168.15.235|--sign--|getmobilecode]
[11:35:37][|-saRs-|Array
(
    [flag] => 10000
    [msg] => 
)
|--sign--|getmobilecode]
[11:35:39][|-ip-|192.168.15.235|--sign--|ajaxgetcode]
[11:35:39][|-saRs-|Array
(
    [flag] => 10000
    [msg] => 
)
|--sign--|ajaxgetcode]
[11:35:41][|-ip-|192.168.15.235|--sign--|ajaxgetcode]
[11:35:41][|-saRs-|Array
(
    [flag] => 10000
    [msg] => 
)
|--sign--|ajaxgetcode]
[11:37:01][|-ip-|192.168.15.235|--sign--|getmobilecode]
[11:37:01][|-saRs-|Array
(
    [flag] => 10000
    [msg] => 
)
|--sign--|getmobilecode]
[11:41:29][|-ip-|192.168.10.89|--sign--|trade_apply_search]
[11:41:29][|-saRs-|Array
(
    [flag] => 10000
    [msg] => 
)
|--sign--|trade_apply_search]
[11:42:51][|-ip-|192.168.15.235|--sign--|ajaxgetcode]
[11:42:51][|-saRs-|Array
(
    [flag] => 10000
    [msg] => 
)
|--sign--|ajaxgetcode]
[11:42:59][|-ip-|192.168.15.235|--sign--|getmobilecode]
[11:42:59][|-saRs-|Array
(
    [flag] => 10000
    [msg] => 
)
|--sign--|getmobilecode]
[11:43:19][|-ip-|192.168.15.235|--sign--|ajaxgetcode]
[11:43:19][|-saRs-|Array
(
    [flag] => 10000
    [msg] => 
)
|--sign--|ajaxgetcode]
[11:43:32][|-ip-|192.168.15.235|--sign--|getmobilecode]
[11:43:32][|-saRs-|Array
(
    [flag] => 10000
    [msg] => 
)
|--sign--|getmobilecode]
[11:46:23][|-ip-|192.168.10.89|--sign--|trade_apply_search]
[11:46:23][|-saRs-|Array
(
    [flag] => 10000
    [msg] => 
)
|--sign--|trade_apply_search]
[11:46:53][|-ip-|192.168.10.89|--sign--|trade_apply_search]
[11:46:53][|-saRs-|Array
(
    [flag] => 10000
    [msg] => 
)
|--sign--|trade_apply_search]
[11:47:08][|-ip-|192.168.15.235|--sign--|ajaxgetcode]
[11:47:08][|-saRs-|Array
(
    [flag] => 10000
    [msg] => 
)
|--sign--|ajaxgetcode]
[11:47:17][|-ip-|192.168.15.235|--sign--|getmobilecode]
[11:47:17][|-saRs-|Array
(
    [flag] => 10000
    [msg] => 
)
|--sign--|getmobilecode]
[11:53:02][|-ip-|192.168.15.235|--sign--|ajaxgetcode]
[11:53:02][|-saRs-|Array
(
    [flag] => 10000
    [msg] => 
)
|--sign--|ajaxgetcode]
[11:53:13][|-ip-|192.168.15.235|--sign--|getmobilecode]
[11:53:13][|-saRs-|Array
(
    [flag] => 10000
    [msg] => 
)
|--sign--|getmobilecode]
[11:55:54][|-ip-|192.168.15.235|--sign--|trade_apply_search]
[11:55:54][|-saRs-|Array
(
    [flag] => 10000
    [msg] => 
)
|--sign--|trade_apply_search]
[12:29:36][|-ip-|192.168.15.235|--sign--|ajaxgetcode]
[12:29:36][|-saRs-|Array
(
    [flag] => 10000
    [msg] => 
)
|--sign--|ajaxgetcode]
[12:29:59][|-ip-|192.168.15.235|--sign--|getmobilecode]
[12:29:59][|-saRs-|Array
(
    [flag] => 10000
    [msg] => 
)
|--sign--|getmobilecode]
[12:32:06][|-ip-|192.168.15.235|--sign--|ajaxgetcode]
[12:32:06][|-saRs-|Array
(
    [flag] => 10000
    [msg] => 
)
|--sign--|ajaxgetcode]
[12:32:16][|-ip-|192.168.15.235|--sign--|getmobilecode]
[12:32:16][|-saRs-|Array
(
    [flag] => 10000
    [msg] => 
)
|--sign--|getmobilecode]
[12:36:35][|-ip-|192.168.15.235|--sign--|ajaxgetcode]
[12:36:35][|-saRs-|Array
(
    [flag] => 10000
    [msg] => 
)
|--sign--|ajaxgetcode]
[12:36:40][|-ip-|192.168.15.235|--sign--|getmobilecode]
[12:36:40][|-saRs-|Array
(
    [flag] => 10000
    [msg] => 
)
|--sign--|getmobilecode]
[12:37:40][|-ip-|192.168.15.235|--sign--|ajaxgetcode]
[12:37:40][|-saRs-|Array
(
    [flag] => 10000
    [msg] => 
)
|--sign--|ajaxgetcode]
[12:37:49][|-ip-|192.168.15.235|--sign--|getmobilecode]
[12:37:49][|-saRs-|Array
(
    [flag] => 10000
    [msg] => 
)
|--sign--|getmobilecode]
[12:38:07][|-ip-|192.168.15.235|--sign--|ajaxgetcode]
[12:38:07][|-saRs-|Array
(
    [flag] => 10000
    [msg] => 
)
|--sign--|ajaxgetcode]
[12:38:14][|-ip-|192.168.15.235|--sign--|getmobilecode]
[12:38:14][|-saRs-|Array
(
    [flag] => 10000
    [msg] => 
)
|--sign--|getmobilecode]
[12:44:51][|-ip-|192.168.15.235|--sign--|ajaxgetcode]
[12:44:51][|-saRs-|Array
(
    [flag] => 10000
    [msg] => 
)
|--sign--|ajaxgetcode]
[12:45:09][|-ip-|192.168.15.235|--sign--|getmobilecode]
[12:45:09][|-saRs-|Array
(
    [flag] => 10000
    [msg] => 
)
|--sign--|getmobilecode]
[12:46:21][|-ip-|192.168.15.235|--sign--|ajaxgetcode]
[12:46:21][|-saRs-|Array
(
    [flag] => 10000
    [msg] => 
)
|--sign--|ajaxgetcode]
[12:46:41][|-ip-|192.168.15.235|--sign--|getmobilecode]
[12:46:41][|-saRs-|Array
(
    [flag] => 10000
    [msg] => 
)
|--sign--|getmobilecode]
[12:48:51][|-ip-|192.168.15.235|--sign--|ajaxgetcode]
[12:48:51][|-saRs-|Array
(
    [flag] => 10000
    [msg] => 
)
|--sign--|ajaxgetcode]
[12:49:10][|-ip-|192.168.15.235|--sign--|getmobilecode]
[12:49:10][|-saRs-|Array
(
    [flag] => 10000
    [msg] => 
)
|--sign--|getmobilecode]
[12:53:47][|-ip-|192.168.15.235|--sign--|ajaxgetcode]
[12:53:47][|-saRs-|Array
(
    [flag] => 10000
    [msg] => 
)
|--sign--|ajaxgetcode]
[12:54:02][|-ip-|192.168.15.235|--sign--|getmobilecode]
[12:54:02][|-saRs-|Array
(
    [flag] => 10000
    [msg] => 
)
|--sign--|getmobilecode]
[12:55:05][|-ip-|192.168.15.235|--sign--|ajaxgetcode]
[12:55:05][|-saRs-|Array
(
    [flag] => 10000
    [msg] => 
)
|--sign--|ajaxgetcode]
[12:55:13][|-ip-|192.168.15.235|--sign--|getmobilecode]
[12:55:13][|-saRs-|Array
(
    [flag] => 10000
    [msg] => 
)
|--sign--|getmobilecode]
[13:15:02][|-ip-|192.168.15.235|--sign--|ajaxgetcode]
[13:15:02][|-saRs-|Array
(
    [flag] => 10000
    [msg] => 
)
|--sign--|ajaxgetcode]
[13:15:18][|-ip-|192.168.15.235|--sign--|getmobilecode]
[13:15:18][|-saRs-|Array
(
    [flag] => 10000
    [msg] => 
)
|--sign--|getmobilecode]
[13:15:48][|-ip-|192.168.15.235|--sign--|ajaxgetcode]
[13:15:48][|-saRs-|Array
(
    [flag] => 10000
    [msg] => 
)
|--sign--|ajaxgetcode]
[13:15:55][|-ip-|192.168.15.235|--sign--|getmobilecode]
[13:15:55][|-saRs-|Array
(
    [flag] => 10000
    [msg] => 
)
|--sign--|getmobilecode]
[13:21:39][|-ip-|192.168.10.89|--sign--|trade_apply_search]
[13:21:39][|-saRs-|Array
(
    [flag] => 10000
    [msg] => 
)
|--sign--|trade_apply_search]
[13:21:51][|-ip-|192.168.10.89|--sign--|trade_apply_search]
[13:21:51][|-saRs-|Array
(
    [flag] => 10000
    [msg] => 
)
|--sign--|trade_apply_search]
[13:22:09][|-ip-|192.168.10.89|--sign--|trade_apply_search]
[13:22:09][|-saRs-|Array
(
    [flag] => 10000
    [msg] => 
)
|--sign--|trade_apply_search]
[13:23:45][|-ip-|192.168.10.89|--sign--|trade_apply_search]
[13:23:45][|-saRs-|Array
(
    [flag] => 10000
    [msg] => 
)
|--sign--|trade_apply_search]
[13:23:51][|-ip-|192.168.10.89|--sign--|trade_apply_search]
[13:23:51][|-saRs-|Array
(
    [flag] => 10000
    [msg] => 
)
|--sign--|trade_apply_search]
[13:24:05][|-ip-|192.168.10.89|--sign--|trade_apply_search]
[13:24:05][|-saRs-|Array
(
    [flag] => 10000
    [msg] => 
)
|--sign--|trade_apply_search]
[13:25:03][|-ip-|192.168.10.89|--sign--|trade_apply_search]
[13:25:03][|-saRs-|Array
(
    [flag] => 10000
    [msg] => 
)
|--sign--|trade_apply_search]
[13:51:37][|-ip-|27.17.217.95|--sign--|ajaxgetcode]
[13:51:37][|-saRs-|Array
(
    [flag] => 10000
    [msg] => 
)
|--sign--|ajaxgetcode]
[13:51:46][|-ip-|27.17.217.95|--sign--|getmobilecode]
[13:51:46][|-saRs-|Array
(
    [flag] => 10000
    [msg] => 
)
|--sign--|getmobilecode]
[13:52:15][|-ip-|27.17.217.95|--sign--|ajaxregaction]
[13:52:15][|-saRs-|Array
(
    [flag] => 10000
    [msg] => 
)
|--sign--|ajaxregaction]
[13:52:22][|-ip-|27.17.217.95|--sign--|provincebybank]
[13:52:22][|-saRs-|Array
(
    [flag] => 10000
    [msg] => 
)
|--sign--|provincebybank]
[13:52:43][|-ip-|27.17.217.95|--sign--|citybyprovincebank]
[13:52:43][|-saRs-|Array
(
    [flag] => 10000
    [msg] => 
)
|--sign--|citybyprovincebank]
[13:52:44][|-ip-|27.17.217.95|--sign--|bandbyprovincebankcity]
[13:52:44][|-saRs-|Array
(
    [flag] => 10000
    [msg] => 
)
|--sign--|bandbyprovincebankcity]
[13:53:20][|-ip-|27.17.217.95|--sign--|regbindcard]
[13:53:20][|-saRs-|Array
(
    [flag] => 10000
    [msg] => 
)
|--sign--|regbindcard]
[13:54:40][|-ip-|27.17.217.95|--sign--|regbindcard]
[13:54:40][|-saRs-|Array
(
    [flag] => 10000
    [msg] => 
)
|--sign--|regbindcard]
[13:55:06][|-ip-|27.17.217.95|--sign--|provincebybank]
[13:55:06][|-saRs-|Array
(
    [flag] => 10000
    [msg] => 
)
|--sign--|provincebybank]
[13:55:57][|-ip-|27.17.217.95|--sign--|provincebybank]
[13:55:57][|-saRs-|Array
(
    [flag] => 10000
    [msg] => 
)
|--sign--|provincebybank]
[13:55:58][|-ip-|218.85.72.1|--sign--|provincebybank]
[13:55:58][|-saRs-|Array
(
    [flag] => 10000
    [msg] => 
)
|--sign--|provincebybank]
[13:55:59][|-ip-|27.17.217.95|--sign--|citybyprovincebank]
[13:55:59][|-saRs-|Array
(
    [flag] => 10000
    [msg] => 
)
|--sign--|citybyprovincebank]
[13:56:01][|-ip-|27.17.217.95|--sign--|bandbyprovincebankcity]
[13:56:01][|-saRs-|Array
(
    [flag] => 10000
    [msg] => 
)
|--sign--|bandbyprovincebankcity]
[13:56:43][|-ip-|27.17.217.95|--sign--|regbindcard]
[13:56:43][|-saRs-|Array
(
    [flag] => 10000
    [msg] => 
)
|--sign--|regbindcard]
[13:57:56][|-ip-|27.17.217.95|--sign--|regbindcard]
[13:57:56][|-saRs-|Array
(
    [flag] => 10000
    [msg] => 
)
|--sign--|regbindcard]
[14:00:11][|-ip-|61.183.83.170|--sign--|ajaxgetcode]
[14:00:11][|-saRs-|Array
(
    [flag] => 10000
    [msg] => 
)
|--sign--|ajaxgetcode]
