[11:41:46][|-ip-|192.168.10.115|--sign--|provincebybank]
[11:41:46][|-saRs-|Array
(
    [flag] => 10000
    [msg] => 
)
|--sign--|provincebybank]
[11:41:49][|-ip-|192.168.10.115|--sign--|citybyprovincebank]
[11:41:49][|-saRs-|Array
(
    [flag] => 10000
    [msg] => 
)
|--sign--|citybyprovincebank]
[11:41:55][|-ip-|192.168.10.115|--sign--|bandbyprovincebankcity]
[11:41:55][|-saRs-|Array
(
    [flag] => 10000
    [msg] => 
)
|--sign--|bandbyprovincebankcity]
[11:42:05][|-ip-|192.168.10.115|--sign--|bandbyprovincebankcity]
[11:42:05][|-saRs-|Array
(
    [flag] => 10000
    [msg] => 
)
|--sign--|bandbyprovincebankcity]
[11:42:09][|-ip-|192.168.10.115|--sign--|bandbyprovincebankcity]
[11:42:09][|-saRs-|Array
(
    [flag] => 10000
    [msg] => 
)
|--sign--|bandbyprovincebankcity]
[11:55:50][|-ip-|192.168.10.115|--sign--|provincebybank]
[11:55:50][|-saRs-|Array
(
    [flag] => 10000
    [msg] => 
)
|--sign--|provincebybank]
[11:55:54][|-ip-|192.168.10.115|--sign--|citybyprovincebank]
[11:55:54][|-saRs-|Array
(
    [flag] => 10000
    [msg] => 
)
|--sign--|citybyprovincebank]
[11:56:02][|-ip-|192.168.10.115|--sign--|citybyprovincebank]
[11:56:02][|-saRs-|Array
(
    [flag] => 10000
    [msg] => 
)
|--sign--|citybyprovincebank]
[11:56:05][|-ip-|192.168.10.115|--sign--|citybyprovincebank]
[11:56:05][|-saRs-|Array
(
    [flag] => 10000
    [msg] => 
)
|--sign--|citybyprovincebank]
[11:56:08][|-ip-|192.168.10.115|--sign--|bandbyprovincebankcity]
[11:56:08][|-saRs-|Array
(
    [flag] => 10000
    [msg] => 
)
|--sign--|bandbyprovincebankcity]
[14:44:44][|-ip-|192.168.10.115|--sign--|provincebybank]
[14:44:44][|-saRs-|Array
(
    [flag] => 10000
    [msg] => 
)
|--sign--|provincebybank]
[14:44:47][|-ip-|192.168.10.115|--sign--|citybyprovincebank]
[14:44:47][|-saRs-|Array
(
    [flag] => 10000
    [msg] => 
)
|--sign--|citybyprovincebank]
[14:44:48][|-ip-|192.168.10.115|--sign--|bandbyprovincebankcity]
[14:44:48][|-saRs-|Array
(
    [flag] => 10000
    [msg] => 
)
|--sign--|bandbyprovincebankcity]
[14:54:43][|-ip-|192.168.10.115|--sign--|provincebybank]
[14:54:43][|-saRs-|Array
(
    [flag] => 10000
    [msg] => 
)
|--sign--|provincebybank]
[14:54:55][|-ip-|192.168.10.115|--sign--|provincebybank]
[14:54:55][|-saRs-|Array
(
    [flag] => 10000
    [msg] => 
)
|--sign--|provincebybank]
[14:58:47][|-ip-|192.168.10.115|--sign--|provincebybank]
[14:58:47][|-saRs-|Array
(
    [flag] => 10000
    [msg] => 
)
|--sign--|provincebybank]
[14:58:49][|-ip-|192.168.10.115|--sign--|citybyprovincebank]
[14:58:49][|-saRs-|Array
(
    [flag] => 10000
    [msg] => 
)
|--sign--|citybyprovincebank]
[14:58:50][|-ip-|192.168.10.115|--sign--|bandbyprovincebankcity]
[14:58:50][|-saRs-|Array
(
    [flag] => 10000
    [msg] => 
)
|--sign--|bandbyprovincebankcity]
[15:02:17][|-ip-|192.168.10.115|--sign--|provincebybank]
[15:02:17][|-saRs-|Array
(
    [flag] => 10000
    [msg] => 
)
|--sign--|provincebybank]
[15:02:19][|-ip-|192.168.10.115|--sign--|citybyprovincebank]
[15:02:19][|-saRs-|Array
(
    [flag] => 10000
    [msg] => 
)
|--sign--|citybyprovincebank]
[15:02:21][|-ip-|192.168.10.115|--sign--|bandbyprovincebankcity]
[15:02:21][|-saRs-|Array
(
    [flag] => 10000
    [msg] => 
)
|--sign--|bandbyprovincebankcity]
[15:04:21][|-ip-|192.168.10.115|--sign--|provincebybank]
[15:04:21][|-saRs-|Array
(
    [flag] => 10000
    [msg] => 
)
|--sign--|provincebybank]
[15:05:01][|-ip-|192.168.10.115|--sign--|provincebybank]
[15:05:01][|-saRs-|Array
(
    [flag] => 10000
    [msg] => 
)
|--sign--|provincebybank]
[15:17:21][|-ip-|192.168.10.85|--sign--|ajaxgetcode]
[15:17:21][|-saRs-|Array
(
    [flag] => 10000
    [msg] => 
)
|--sign--|ajaxgetcode]
[15:17:35][|-ip-|192.168.10.85|--sign--|ajaxgetcode]
[15:17:35][|-saRs-|Array
(
    [flag] => 10000
    [msg] => 
)
|--sign--|ajaxgetcode]
[15:17:42][|-ip-|192.168.10.85|--sign--|getmobilecode]
[15:17:42][|-saRs-|Array
(
    [flag] => 10000
    [msg] => 
)
|--sign--|getmobilecode]
[15:18:14][|-ip-|192.168.10.85|--sign--|ajaxbkpwdaction]
[15:18:14][|-saRs-|Array
(
    [flag] => 10000
    [msg] => 
)
|--sign--|ajaxbkpwdaction]
[15:23:57][|-ip-|192.168.10.85|--sign--|ajaxgetcode]
[15:23:57][|-saRs-|Array
(
    [flag] => 10000
    [msg] => 
)
|--sign--|ajaxgetcode]
[15:24:01][|-ip-|192.168.10.85|--sign--|ajaxbkpwdaction]
[15:24:01][|-saRs-|Array
(
    [flag] => 10000
    [msg] => 
)
|--sign--|ajaxbkpwdaction]
[15:24:18][|-ip-|192.168.10.85|--sign--|ajaxgetcode]
[15:24:18][|-saRs-|Array
(
    [flag] => 10000
    [msg] => 
)
|--sign--|ajaxgetcode]
[15:24:57][|-ip-|192.168.10.85|--sign--|getmobilecode]
[15:24:57][|-saRs-|Array
(
    [flag] => 10000
    [msg] => 
)
|--sign--|getmobilecode]
[15:25:22][|-ip-|192.168.10.85|--sign--|ajaxbkpwdaction]
[15:25:22][|-saRs-|Array
(
    [flag] => 10000
    [msg] => 
)
|--sign--|ajaxbkpwdaction]
[15:27:44][|-ip-|192.168.10.115|--sign--|provincebybank]
[15:27:44][|-saRs-|Array
(
    [flag] => 10000
    [msg] => 
)
|--sign--|provincebybank]
[15:32:40][|-ip-|192.168.10.85|--sign--|ajaxgetcode]
[15:32:40][|-saRs-|Array
(
    [flag] => 10000
    [msg] => 
)
|--sign--|ajaxgetcode]
[15:33:06][|-ip-|192.168.10.85|--sign--|ajaxgetcode]
[15:33:06][|-saRs-|Array
(
    [flag] => 10000
    [msg] => 
)
|--sign--|ajaxgetcode]
[15:33:11][|-ip-|192.168.10.85|--sign--|getmobilecode]
[15:33:11][|-saRs-|Array
(
    [flag] => 10000
    [msg] => 
)
|--sign--|getmobilecode]
[15:34:03][|-ip-|192.168.10.85|--sign--|ajaxbkpwdaction]
[15:34:03][|-saRs-|Array
(
    [flag] => 10000
    [msg] => 
)
|--sign--|ajaxbkpwdaction]
[15:34:42][|-ip-|192.168.10.85|--sign--|ajaxnewpwdaction]
[15:34:42][|-saRs-|Array
(
    [flag] => 10000
    [msg] => 
)
|--sign--|ajaxnewpwdaction]
[15:34:54][|-ip-|192.168.10.85|--sign--|ajaxnewpwdaction]
[15:34:54][|-saRs-|Array
(
    [flag] => 10000
    [msg] => 
)
|--sign--|ajaxnewpwdaction]
[15:35:00][|-ip-|192.168.10.85|--sign--|ajaxnewpwdaction]
[15:35:00][|-saRs-|Array
(
    [flag] => 10000
    [msg] => 
)
|--sign--|ajaxnewpwdaction]
[15:35:19][|-ip-|192.168.10.85|--sign--|ajaxgetcode]
[15:35:19][|-saRs-|Array
(
    [flag] => 10000
    [msg] => 
)
|--sign--|ajaxgetcode]
[15:35:20][|-ip-|192.168.10.85|--sign--|ajaxgetcode]
[15:35:20][|-saRs-|Array
(
    [flag] => 10000
    [msg] => 
)
|--sign--|ajaxgetcode]
[15:47:48][|-ip-|192.168.10.85|--sign--|ajaxgetcode]
[15:47:48][|-saRs-|Array
(
    [flag] => 10000
    [msg] => 
)
|--sign--|ajaxgetcode]
[16:20:06][|-ip-|192.168.10.85|--sign--|ajaxgetcode]
[16:20:06][|-saRs-|Array
(
    [flag] => 10000
    [msg] => 
)
|--sign--|ajaxgetcode]
[16:20:21][|-ip-|192.168.10.85|--sign--|getmobilecode]
[16:20:21][|-saRs-|Array
(
    [flag] => 10000
    [msg] => 
)
|--sign--|getmobilecode]
[16:20:41][|-ip-|192.168.10.85|--sign--|ajaxbkpwdaction]
[16:20:41][|-saRs-|Array
(
    [flag] => 10000
    [msg] => 
)
|--sign--|ajaxbkpwdaction]
[16:21:53][|-ip-|192.168.10.85|--sign--|ajaxgetcode]
[16:21:53][|-saRs-|Array
(
    [flag] => 10000
    [msg] => 
)
|--sign--|ajaxgetcode]
[16:21:55][|-ip-|192.168.10.85|--sign--|ajaxbkpwdaction]
[16:21:55][|-saRs-|Array
(
    [flag] => 10000
    [msg] => 
)
|--sign--|ajaxbkpwdaction]
[16:22:07][|-ip-|192.168.10.85|--sign--|ajaxgetcode]
[16:22:07][|-saRs-|Array
(
    [flag] => 10000
    [msg] => 
)
|--sign--|ajaxgetcode]
[16:22:15][|-ip-|192.168.10.85|--sign--|ajaxgetcode]
[16:22:15][|-saRs-|Array
(
    [flag] => 10000
    [msg] => 
)
|--sign--|ajaxgetcode]
[16:22:30][|-ip-|192.168.10.85|--sign--|ajaxgetcode]
[16:22:30][|-saRs-|Array
(
    [flag] => 10000
    [msg] => 
)
|--sign--|ajaxgetcode]
[16:22:38][|-ip-|192.168.10.85|--sign--|getmobilecode]
[16:22:38][|-saRs-|Array
(
    [flag] => 10000
    [msg] => 
)
|--sign--|getmobilecode]
[16:24:20][|-ip-|192.168.10.85|--sign--|ajaxgetcode]
[16:24:20][|-saRs-|Array
(
    [flag] => 10000
    [msg] => 
)
|--sign--|ajaxgetcode]
[16:25:30][|-ip-|192.168.10.85|--sign--|getmobilecode]
[16:25:30][|-saRs-|Array
(
    [flag] => 10000
    [msg] => 
)
|--sign--|getmobilecode]
[16:25:59][|-ip-|192.168.10.85|--sign--|ajaxbkpwdaction]
[16:25:59][|-saRs-|Array
(
    [flag] => 10000
    [msg] => 
)
|--sign--|ajaxbkpwdaction]
[16:26:32][|-ip-|192.168.10.85|--sign--|ajaxgetcode]
[16:26:32][|-saRs-|Array
(
    [flag] => 10000
    [msg] => 
)
|--sign--|ajaxgetcode]
[16:26:35][|-ip-|192.168.10.85|--sign--|ajaxbkpwdaction]
[16:26:35][|-saRs-|Array
(
    [flag] => 10000
    [msg] => 
)
|--sign--|ajaxbkpwdaction]
[16:27:38][|-ip-|192.168.10.85|--sign--|ajaxnewpwdaction]
[16:27:38][|-saRs-|Array
(
    [flag] => 10000
    [msg] => 
)
|--sign--|ajaxnewpwdaction]
[16:28:08][|-ip-|192.168.10.85|--sign--|ajaxgetcode]
[16:28:08][|-saRs-|Array
(
    [flag] => 10000
    [msg] => 
)
|--sign--|ajaxgetcode]
[16:29:00][|-ip-|192.168.10.85|--sign--|ajaxgetcode]
[16:29:00][|-saRs-|Array
(
    [flag] => 10000
    [msg] => 
)
|--sign--|ajaxgetcode]
[16:33:33][|-ip-|192.168.10.85|--sign--|ajaxgetcode]
[16:33:33][|-saRs-|Array
(
    [flag] => 10000
    [msg] => 
)
|--sign--|ajaxgetcode]
[16:34:38][|-ip-|192.168.10.85|--sign--|ajaxgetcode]
[16:34:38][|-saRs-|Array
(
    [flag] => 10000
    [msg] => 
)
|--sign--|ajaxgetcode]
[16:44:15][|-ip-|192.168.10.115|--sign--|provincebybank]
[16:44:15][|-saRs-|Array
(
    [flag] => 10000
    [msg] => 
)
|--sign--|provincebybank]
[16:44:18][|-ip-|192.168.10.115|--sign--|citybyprovincebank]
[16:44:18][|-saRs-|Array
(
    [flag] => 10000
    [msg] => 
)
|--sign--|citybyprovincebank]
[16:44:20][|-ip-|192.168.10.115|--sign--|bandbyprovincebankcity]
[16:44:20][|-saRs-|Array
(
    [flag] => 10000
    [msg] => 
)
|--sign--|bandbyprovincebankcity]
[16:45:17][|-ip-|192.168.10.115|--sign--|provincebybank]
[16:45:17][|-saRs-|Array
(
    [flag] => 10000
    [msg] => 
)
|--sign--|provincebybank]
[16:45:18][|-ip-|192.168.10.115|--sign--|provincebybank]
[16:45:18][|-saRs-|Array
(
    [flag] => 10000
    [msg] => 
)
|--sign--|provincebybank]
[16:45:28][|-ip-|192.168.10.115|--sign--|provincebybank]
[16:45:28][|-saRs-|Array
(
    [flag] => 10000
    [msg] => 
)
|--sign--|provincebybank]
[16:46:01][|-ip-|192.168.10.115|--sign--|provincebybank]
[16:46:01][|-saRs-|Array
(
    [flag] => 10000
    [msg] => 
)
|--sign--|provincebybank]
[16:50:37][|-ip-|192.168.10.115|--sign--|provincebybank]
[16:50:37][|-saRs-|Array
(
    [flag] => 10000
    [msg] => 
)
|--sign--|provincebybank]
[16:56:10][|-ip-|192.168.10.115|--sign--|citybyprovincebank]
[16:56:10][|-saRs-|Array
(
    [flag] => 10000
    [msg] => 
)
|--sign--|citybyprovincebank]
[16:56:11][|-ip-|192.168.10.115|--sign--|citybyprovincebank]
[16:56:11][|-saRs-|Array
(
    [flag] => 10000
    [msg] => 
)
|--sign--|citybyprovincebank]
[16:56:12][|-ip-|192.168.10.115|--sign--|bandbyprovincebankcity]
[16:56:12][|-saRs-|Array
(
    [flag] => 10000
    [msg] => 
)
|--sign--|bandbyprovincebankcity]
[16:58:16][|-ip-|192.168.10.115|--sign--|provincebybank]
[16:58:16][|-saRs-|Array
(
    [flag] => 10000
    [msg] => 
)
|--sign--|provincebybank]
[16:58:18][|-ip-|192.168.10.115|--sign--|citybyprovincebank]
[16:58:18][|-saRs-|Array
(
    [flag] => 10000
    [msg] => 
)
|--sign--|citybyprovincebank]
[16:58:25][|-ip-|192.168.10.115|--sign--|bandbyprovincebankcity]
[16:58:25][|-saRs-|Array
(
    [flag] => 10000
    [msg] => 
)
|--sign--|bandbyprovincebankcity]
[16:58:34][|-ip-|192.168.10.115|--sign--|provincebybank]
[16:58:34][|-saRs-|Array
(
    [flag] => 10000
    [msg] => 
)
|--sign--|provincebybank]
[16:58:36][|-ip-|192.168.10.115|--sign--|citybyprovincebank]
[16:58:36][|-saRs-|Array
(
    [flag] => 10000
    [msg] => 
)
|--sign--|citybyprovincebank]
[16:58:37][|-ip-|192.168.10.115|--sign--|bandbyprovincebankcity]
[16:58:37][|-saRs-|Array
(
    [flag] => 10000
    [msg] => 
)
|--sign--|bandbyprovincebankcity]
[17:17:35][|-ip-|192.168.10.115|--sign--|provincebybank]
[17:17:35][|-saRs-|Array
(
    [flag] => 10000
    [msg] => 
)
|--sign--|provincebybank]
[17:17:47][|-ip-|192.168.10.115|--sign--|citybyprovincebank]
[17:17:47][|-saRs-|Array
(
    [flag] => 10000
    [msg] => 
)
|--sign--|citybyprovincebank]
[17:23:36][|-ip-|192.168.10.115|--sign--|provincebybank]
[17:23:36][|-saRs-|Array
(
    [flag] => 10000
    [msg] => 
)
|--sign--|provincebybank]
[17:24:48][|-ip-|192.168.10.115|--sign--|citybyprovincebank]
[17:24:48][|-saRs-|Array
(
    [flag] => 10000
    [msg] => 
)
|--sign--|citybyprovincebank]
[17:24:50][|-ip-|192.168.10.115|--sign--|bandbyprovincebankcity]
[17:24:50][|-saRs-|Array
(
    [flag] => 10000
    [msg] => 
)
|--sign--|bandbyprovincebankcity]
[17:26:37][|-ip-|192.168.10.115|--sign--|provincebybank]
[17:26:37][|-saRs-|Array
(
    [flag] => 10000
    [msg] => 
)
|--sign--|provincebybank]
[17:28:30][|-ip-|192.168.10.115|--sign--|provincebybank]
[17:28:30][|-saRs-|Array
(
    [flag] => 10000
    [msg] => 
)
|--sign--|provincebybank]
[17:29:09][|-ip-|192.168.10.115|--sign--|provincebybank]
[17:29:09][|-saRs-|Array
(
    [flag] => 10000
    [msg] => 
)
|--sign--|provincebybank]
[17:31:04][|-ip-|192.168.10.115|--sign--|provincebybank]
[17:31:04][|-saRs-|Array
(
    [flag] => 10000
    [msg] => 
)
|--sign--|provincebybank]
[17:31:04][|-ip-|192.168.10.115|--sign--|provincebybank]
[17:31:04][|-saRs-|Array
(
    [flag] => 10000
    [msg] => 
)
|--sign--|provincebybank]
[17:31:06][|-ip-|192.168.10.115|--sign--|citybyprovincebank]
[17:31:06][|-saRs-|Array
(
    [flag] => 10000
    [msg] => 
)
|--sign--|citybyprovincebank]
[17:31:12][|-ip-|192.168.10.115|--sign--|bandbyprovincebankcity]
[17:31:12][|-saRs-|Array
(
    [flag] => 10000
    [msg] => 
)
|--sign--|bandbyprovincebankcity]
[17:32:19][|-ip-|192.168.10.115|--sign--|provincebybank]
[17:32:19][|-saRs-|Array
(
    [flag] => 10000
    [msg] => 
)
|--sign--|provincebybank]
[17:33:09][|-ip-|192.168.10.115|--sign--|provincebybank]
[17:33:09][|-saRs-|Array
(
    [flag] => 10000
    [msg] => 
)
|--sign--|provincebybank]
[17:33:28][|-ip-|192.168.10.115|--sign--|citybyprovincebank]
[17:33:28][|-saRs-|Array
(
    [flag] => 10000
    [msg] => 
)
|--sign--|citybyprovincebank]
[17:33:34][|-ip-|192.168.10.115|--sign--|bandbyprovincebankcity]
[17:33:34][|-saRs-|Array
(
    [flag] => 10000
    [msg] => 
)
|--sign--|bandbyprovincebankcity]
[17:33:41][|-ip-|192.168.10.115|--sign--|bandbyprovincebankcity]
[17:33:41][|-saRs-|Array
(
    [flag] => 10000
    [msg] => 
)
|--sign--|bandbyprovincebankcity]
