[10:17:20][|-ip-|192.168.10.85|--sign--|ajaxgetcode]
[10:17:20][|-saRs-|Array
(
    [flag] => 10000
    [msg] => 
)
|--sign--|ajaxgetcode]
[10:17:35][|-ip-|192.168.10.85|--sign--|getmobilecode]
[10:17:35][|-saRs-|Array
(
    [flag] => 10000
    [msg] => 
)
|--sign--|getmobilecode]
[10:18:04][|-ip-|192.168.10.85|--sign--|ajaxbkpwdaction]
[10:18:04][|-saRs-|Array
(
    [flag] => 10000
    [msg] => 
)
|--sign--|ajaxbkpwdaction]
[10:19:00][|-ip-|192.168.10.85|--sign--|ajaxgetcode]
[10:19:00][|-saRs-|Array
(
    [flag] => 10000
    [msg] => 
)
|--sign--|ajaxgetcode]
[10:19:03][|-ip-|192.168.10.85|--sign--|ajaxbkpwdaction]
[10:19:03][|-saRs-|Array
(
    [flag] => 10000
    [msg] => 
)
|--sign--|ajaxbkpwdaction]
[10:19:07][|-ip-|192.168.10.85|--sign--|ajaxgetcode]
[10:19:07][|-saRs-|Array
(
    [flag] => 10000
    [msg] => 
)
|--sign--|ajaxgetcode]
[10:19:24][|-ip-|192.168.10.85|--sign--|getmobilecode]
[10:19:24][|-saRs-|Array
(
    [flag] => 10000
    [msg] => 
)
|--sign--|getmobilecode]
[10:24:14][|-ip-|192.168.10.85|--sign--|ajaxgetcode]
[10:24:14][|-saRs-|Array
(
    [flag] => 10000
    [msg] => 
)
|--sign--|ajaxgetcode]
[10:25:43][|-ip-|192.168.10.85|--sign--|ajaxgetcode]
[10:25:43][|-saRs-|Array
(
    [flag] => 10000
    [msg] => 
)
|--sign--|ajaxgetcode]
[10:26:01][|-ip-|192.168.10.85|--sign--|getmobilecode]
[10:26:01][|-saRs-|Array
(
    [flag] => 10000
    [msg] => 
)
|--sign--|getmobilecode]
[10:26:28][|-ip-|192.168.10.85|--sign--|ajaxbkpwdaction]
[10:26:28][|-saRs-|Array
(
    [flag] => 10000
    [msg] => 
)
|--sign--|ajaxbkpwdaction]
[10:28:48][|-ip-|192.168.10.85|--sign--|ajaxgetcode]
[10:28:48][|-saRs-|Array
(
    [flag] => 10000
    [msg] => 
)
|--sign--|ajaxgetcode]
[10:28:50][|-ip-|192.168.10.85|--sign--|ajaxgetcode]
[10:28:50][|-saRs-|Array
(
    [flag] => 10000
    [msg] => 
)
|--sign--|ajaxgetcode]
[10:29:00][|-ip-|192.168.10.85|--sign--|getmobilecode]
[10:29:00][|-saRs-|Array
(
    [flag] => 10000
    [msg] => 
)
|--sign--|getmobilecode]
[10:54:36][|-ip-|192.168.10.85|--sign--|ajaxgetcode]
[10:54:36][|-saRs-|Array
(
    [flag] => 10000
    [msg] => 
)
|--sign--|ajaxgetcode]
[10:54:48][|-ip-|192.168.10.85|--sign--|getmobilecode]
[10:54:48][|-saRs-|Array
(
    [flag] => 10000
    [msg] => 
)
|--sign--|getmobilecode]
[10:56:47][|-ip-|192.168.10.85|--sign--|ajaxbkpwdaction]
[10:56:47][|-saRs-|Array
(
    [flag] => 10000
    [msg] => 
)
|--sign--|ajaxbkpwdaction]
[11:03:26][|-ip-|192.168.10.85|--sign--|ajaxgetcode]
[11:03:26][|-saRs-|Array
(
    [flag] => 10000
    [msg] => 
)
|--sign--|ajaxgetcode]
[11:03:29][|-ip-|192.168.10.85|--sign--|ajaxgetcode]
[11:03:29][|-saRs-|Array
(
    [flag] => 10000
    [msg] => 
)
|--sign--|ajaxgetcode]
[11:03:40][|-ip-|192.168.10.85|--sign--|getmobilecode]
[11:03:40][|-saRs-|Array
(
    [flag] => 10000
    [msg] => 
)
|--sign--|getmobilecode]
[11:04:03][|-ip-|192.168.10.85|--sign--|ajaxbkpwdaction]
[11:04:03][|-saRs-|Array
(
    [flag] => 10000
    [msg] => 
)
|--sign--|ajaxbkpwdaction]
[11:04:19][|-ip-|192.168.10.85|--sign--|ajaxbkpwdaction]
[11:04:19][|-saRs-|Array
(
    [flag] => 10000
    [msg] => 
)
|--sign--|ajaxbkpwdaction]
[11:06:06][|-ip-|192.168.10.85|--sign--|ajaxgetcode]
[11:06:06][|-saRs-|Array
(
    [flag] => 10000
    [msg] => 
)
|--sign--|ajaxgetcode]
[11:07:16][|-ip-|192.168.10.85|--sign--|ajaxgetcode]
[11:07:16][|-saRs-|Array
(
    [flag] => 10000
    [msg] => 
)
|--sign--|ajaxgetcode]
[11:07:29][|-ip-|192.168.10.85|--sign--|getmobilecode]
[11:07:29][|-saRs-|Array
(
    [flag] => 10000
    [msg] => 
)
|--sign--|getmobilecode]
[11:08:10][|-ip-|192.168.10.85|--sign--|ajaxbkpwdaction]
[11:08:10][|-saRs-|Array
(
    [flag] => 10000
    [msg] => 
)
|--sign--|ajaxbkpwdaction]
[11:08:23][|-ip-|192.168.10.85|--sign--|ajaxnewpwdaction]
[11:08:23][|-saRs-|Array
(
    [flag] => 10000
    [msg] => 
)
|--sign--|ajaxnewpwdaction]
[11:08:33][|-ip-|192.168.10.85|--sign--|ajaxgetcode]
[11:08:33][|-saRs-|Array
(
    [flag] => 10000
    [msg] => 
)
|--sign--|ajaxgetcode]
[11:08:40][|-ip-|192.168.10.85|--sign--|ajaxbkpwdaction]
[11:08:40][|-saRs-|Array
(
    [flag] => 10000
    [msg] => 
)
|--sign--|ajaxbkpwdaction]
[11:08:49][|-ip-|192.168.10.85|--sign--|ajaxgetcode]
[11:08:49][|-saRs-|Array
(
    [flag] => 10000
    [msg] => 
)
|--sign--|ajaxgetcode]
[11:09:18][|-ip-|192.168.10.85|--sign--|getmobilecode]
[11:09:18][|-saRs-|Array
(
    [flag] => 10000
    [msg] => 
)
|--sign--|getmobilecode]
[11:11:40][|-ip-|192.168.10.85|--sign--|ajaxgetcode]
[11:11:40][|-saRs-|Array
(
    [flag] => 10000
    [msg] => 
)
|--sign--|ajaxgetcode]
[11:11:57][|-ip-|192.168.10.85|--sign--|getmobilecode]
[11:11:57][|-saRs-|Array
(
    [flag] => 10000
    [msg] => 
)
|--sign--|getmobilecode]
[11:12:19][|-ip-|192.168.10.85|--sign--|ajaxbkpwdaction]
[11:12:19][|-saRs-|Array
(
    [flag] => 10000
    [msg] => 
)
|--sign--|ajaxbkpwdaction]
[11:12:39][|-ip-|192.168.10.85|--sign--|ajaxnewpwdaction]
[11:12:39][|-saRs-|Array
(
    [flag] => 10000
    [msg] => 
)
|--sign--|ajaxnewpwdaction]
[11:12:53][|-ip-|192.168.10.85|--sign--|ajaxgetcode]
[11:12:53][|-saRs-|Array
(
    [flag] => 10000
    [msg] => 
)
|--sign--|ajaxgetcode]
[11:12:56][|-ip-|192.168.10.85|--sign--|ajaxgetcode]
[11:12:56][|-saRs-|Array
(
    [flag] => 10000
    [msg] => 
)
|--sign--|ajaxgetcode]
[11:54:30][|-ip-|192.168.10.85|--sign--|ajaxgetcode]
[11:54:30][|-saRs-|Array
(
    [flag] => 10000
    [msg] => 
)
|--sign--|ajaxgetcode]
[11:54:44][|-ip-|192.168.10.85|--sign--|getmobilecode]
[11:54:44][|-saRs-|Array
(
    [flag] => 10000
    [msg] => 
)
|--sign--|getmobilecode]
[11:55:22][|-ip-|192.168.10.85|--sign--|ajaxbkpwdaction]
[11:55:22][|-saRs-|Array
(
    [flag] => 10000
    [msg] => 
)
|--sign--|ajaxbkpwdaction]
[11:55:35][|-ip-|192.168.10.85|--sign--|ajaxnewpwdaction]
[11:55:35][|-saRs-|Array
(
    [flag] => 10000
    [msg] => 
)
|--sign--|ajaxnewpwdaction]
[11:57:35][|-ip-|192.168.10.85|--sign--|ajaxgetcode]
[11:57:35][|-saRs-|Array
(
    [flag] => 10000
    [msg] => 
)
|--sign--|ajaxgetcode]
[11:57:39][|-ip-|192.168.10.85|--sign--|ajaxgetcode]
[11:57:39][|-saRs-|Array
(
    [flag] => 10000
    [msg] => 
)
|--sign--|ajaxgetcode]
[12:00:37][|-ip-|192.168.10.85|--sign--|ajaxgetcode]
[12:00:37][|-saRs-|Array
(
    [flag] => 10000
    [msg] => 
)
|--sign--|ajaxgetcode]
[12:00:47][|-ip-|192.168.10.85|--sign--|getmobilecode]
[12:00:47][|-saRs-|Array
(
    [flag] => 10000
    [msg] => 
)
|--sign--|getmobilecode]
[12:01:05][|-ip-|192.168.10.85|--sign--|ajaxbkpwdaction]
[12:01:05][|-saRs-|Array
(
    [flag] => 10000
    [msg] => 
)
|--sign--|ajaxbkpwdaction]
[12:01:24][|-ip-|192.168.10.85|--sign--|ajaxnewpwdaction]
[12:01:24][|-saRs-|Array
(
    [flag] => 10000
    [msg] => 
)
|--sign--|ajaxnewpwdaction]
[17:18:20][|-ip-|192.168.10.115|--sign--|provincebybank]
[17:18:20][|-saRs-|Array
(
    [flag] => 10000
    [msg] => 
)
|--sign--|provincebybank]
[17:18:23][|-ip-|192.168.10.115|--sign--|citybyprovincebank]
[17:18:23][|-saRs-|Array
(
    [flag] => 10000
    [msg] => 
)
|--sign--|citybyprovincebank]
[17:18:25][|-ip-|192.168.10.115|--sign--|bandbyprovincebankcity]
[17:18:25][|-saRs-|Array
(
    [flag] => 10000
    [msg] => 
)
|--sign--|bandbyprovincebankcity]
