[10:32:37][|-ip-|192.168.10.115|--sign--|ajaxgetcode]
[10:32:37][|-saRs-|Array
(
    [flag] => 10000
    [msg] => 
)
|--sign--|ajaxgetcode]
[10:32:48][|-ip-|192.168.10.115|--sign--|getmobilecode]
[10:32:48][|-saRs-|Array
(
    [flag] => 10000
    [msg] => 
)
|--sign--|getmobilecode]
[10:36:46][|-ip-|192.168.10.115|--sign--|ajaxgetcode]
[10:36:46][|-saRs-|Array
(
    [flag] => 10000
    [msg] => 
)
|--sign--|ajaxgetcode]
[10:36:56][|-ip-|192.168.10.115|--sign--|ajaxgetcode]
[10:36:56][|-saRs-|Array
(
    [flag] => 10000
    [msg] => 
)
|--sign--|ajaxgetcode]
[10:37:06][|-ip-|192.168.10.115|--sign--|getmobilecode]
[10:37:06][|-saRs-|Array
(
    [flag] => 10000
    [msg] => 
)
|--sign--|getmobilecode]
[10:37:39][|-ip-|192.168.10.115|--sign--|ajaxgetcode]
[10:37:39][|-saRs-|Array
(
    [flag] => 10000
    [msg] => 
)
|--sign--|ajaxgetcode]
[10:37:45][|-ip-|192.168.10.115|--sign--|getmobilecode]
[10:37:45][|-saRs-|Array
(
    [flag] => 10000
    [msg] => 
)
|--sign--|getmobilecode]
[10:39:31][|-ip-|192.168.10.115|--sign--|ajaxgetcode]
[10:39:31][|-saRs-|Array
(
    [flag] => 10000
    [msg] => 
)
|--sign--|ajaxgetcode]
[10:39:43][|-ip-|192.168.10.115|--sign--|getmobilecode]
[10:39:43][|-saRs-|Array
(
    [flag] => 10000
    [msg] => 
)
|--sign--|getmobilecode]
[10:48:28][|-ip-|192.168.10.115|--sign--|ajaxgetcode]
[10:48:28][|-saRs-|Array
(
    [flag] => 10000
    [msg] => 
)
|--sign--|ajaxgetcode]
[10:48:32][|-ip-|192.168.10.115|--sign--|getmobilecode]
[10:48:32][|-saRs-|Array
(
    [flag] => 10000
    [msg] => 
)
|--sign--|getmobilecode]
[10:49:28][|-ip-|192.168.10.115|--sign--|ajaxgetcode]
[10:49:28][|-saRs-|Array
(
    [flag] => 10000
    [msg] => 
)
|--sign--|ajaxgetcode]
[10:49:32][|-ip-|192.168.10.115|--sign--|getmobilecode]
[10:49:32][|-saRs-|Array
(
    [flag] => 10000
    [msg] => 
)
|--sign--|getmobilecode]
[10:49:48][|-ip-|192.168.10.115|--sign--|ajaxgetcode]
[10:49:48][|-saRs-|Array
(
    [flag] => 10000
    [msg] => 
)
|--sign--|ajaxgetcode]
[10:49:52][|-ip-|192.168.10.115|--sign--|getmobilecode]
[10:49:52][|-saRs-|Array
(
    [flag] => 10000
    [msg] => 
)
|--sign--|getmobilecode]
[10:50:07][|-ip-|192.168.10.115|--sign--|ajaxgetcode]
[10:50:07][|-saRs-|Array
(
    [flag] => 10000
    [msg] => 
)
|--sign--|ajaxgetcode]
[10:50:08][|-ip-|192.168.10.115|--sign--|ajaxgetcode]
[10:50:08][|-saRs-|Array
(
    [flag] => 10000
    [msg] => 
)
|--sign--|ajaxgetcode]
[10:50:13][|-ip-|192.168.10.115|--sign--|getmobilecode]
[10:50:13][|-saRs-|Array
(
    [flag] => 10000
    [msg] => 
)
|--sign--|getmobilecode]
[10:54:26][|-ip-|192.168.10.115|--sign--|ajaxgetcode]
[10:54:26][|-saRs-|Array
(
    [flag] => 10000
    [msg] => 
)
|--sign--|ajaxgetcode]
[10:54:50][|-ip-|192.168.10.115|--sign--|getmobilecode]
[10:54:50][|-saRs-|Array
(
    [flag] => 10000
    [msg] => 
)
|--sign--|getmobilecode]
[10:56:44][|-ip-|192.168.10.115|--sign--|ajaxgetcode]
[10:56:44][|-saRs-|Array
(
    [flag] => 10000
    [msg] => 
)
|--sign--|ajaxgetcode]
[10:56:51][|-ip-|192.168.10.115|--sign--|getmobilecode]
[10:56:51][|-saRs-|Array
(
    [flag] => 10000
    [msg] => 
)
|--sign--|getmobilecode]
[10:57:19][|-ip-|192.168.10.115|--sign--|ajaxgetcode]
[10:57:19][|-saRs-|Array
(
    [flag] => 10000
    [msg] => 
)
|--sign--|ajaxgetcode]
[10:57:24][|-ip-|192.168.10.115|--sign--|getmobilecode]
[10:57:24][|-saRs-|Array
(
    [flag] => 10000
    [msg] => 
)
|--sign--|getmobilecode]
[10:58:47][|-ip-|192.168.10.115|--sign--|ajaxgetcode]
[10:58:47][|-saRs-|Array
(
    [flag] => 10000
    [msg] => 
)
|--sign--|ajaxgetcode]
[10:58:52][|-ip-|192.168.10.115|--sign--|getmobilecode]
[10:58:52][|-saRs-|Array
(
    [flag] => 10000
    [msg] => 
)
|--sign--|getmobilecode]
[11:08:34][|-ip-|192.168.10.115|--sign--|ajaxgetcode]
[11:08:34][|-saRs-|Array
(
    [flag] => 10000
    [msg] => 
)
|--sign--|ajaxgetcode]
[11:08:39][|-ip-|192.168.10.115|--sign--|getmobilecode]
[11:08:39][|-saRs-|Array
(
    [flag] => 10000
    [msg] => 
)
|--sign--|getmobilecode]
[11:20:01][|-ip-|192.168.10.115|--sign--|ajaxgetcode]
[11:20:01][|-saRs-|Array
(
    [flag] => 10000
    [msg] => 
)
|--sign--|ajaxgetcode]
[11:20:06][|-ip-|192.168.10.115|--sign--|getmobilecode]
[11:20:06][|-saRs-|Array
(
    [flag] => 10000
    [msg] => 
)
|--sign--|getmobilecode]
[11:23:36][|-ip-|192.168.10.115|--sign--|ajaxgetcode]
[11:23:36][|-saRs-|Array
(
    [flag] => 10000
    [msg] => 
)
|--sign--|ajaxgetcode]
[11:23:38][|-ip-|192.168.10.115|--sign--|ajaxgetcode]
[11:23:38][|-saRs-|Array
(
    [flag] => 10000
    [msg] => 
)
|--sign--|ajaxgetcode]
[11:23:43][|-ip-|192.168.10.115|--sign--|getmobilecode]
[11:23:43][|-saRs-|Array
(
    [flag] => 10000
    [msg] => 
)
|--sign--|getmobilecode]
[11:27:22][|-ip-|192.168.10.115|--sign--|ajaxgetcode]
[11:27:22][|-saRs-|Array
(
    [flag] => 10000
    [msg] => 
)
|--sign--|ajaxgetcode]
[11:27:27][|-ip-|192.168.10.115|--sign--|getmobilecode]
[11:27:27][|-saRs-|Array
(
    [flag] => 10000
    [msg] => 
)
|--sign--|getmobilecode]
[11:28:48][|-ip-|192.168.10.115|--sign--|ajaxgetcode]
[11:28:48][|-saRs-|Array
(
    [flag] => 10000
    [msg] => 
)
|--sign--|ajaxgetcode]
[11:28:53][|-ip-|192.168.10.115|--sign--|getmobilecode]
[11:28:53][|-saRs-|Array
(
    [flag] => 10000
    [msg] => 
)
|--sign--|getmobilecode]
[11:30:58][|-ip-|192.168.10.115|--sign--|ajaxgetcode]
[11:30:58][|-saRs-|Array
(
    [flag] => 10000
    [msg] => 
)
|--sign--|ajaxgetcode]
[11:31:02][|-ip-|192.168.10.115|--sign--|getmobilecode]
[11:31:02][|-saRs-|Array
(
    [flag] => 10000
    [msg] => 
)
|--sign--|getmobilecode]
[11:31:52][|-ip-|192.168.10.115|--sign--|ajaxgetcode]
[11:31:52][|-saRs-|Array
(
    [flag] => 10000
    [msg] => 
)
|--sign--|ajaxgetcode]
[11:31:57][|-ip-|192.168.10.115|--sign--|getmobilecode]
[11:31:57][|-saRs-|Array
(
    [flag] => 10000
    [msg] => 
)
|--sign--|getmobilecode]
[11:34:22][|-ip-|192.168.10.115|--sign--|ajaxgetcode]
[11:34:22][|-saRs-|Array
(
    [flag] => 10000
    [msg] => 
)
|--sign--|ajaxgetcode]
[11:34:27][|-ip-|192.168.10.115|--sign--|getmobilecode]
[11:34:27][|-saRs-|Array
(
    [flag] => 10000
    [msg] => 
)
|--sign--|getmobilecode]
[16:37:14][|-ip-|192.168.10.85|--sign--|ajaxgetcode]
[16:37:14][|-saRs-|Array
(
    [flag] => 10000
    [msg] => 
)
|--sign--|ajaxgetcode]
[17:44:11][|-ip-|192.168.10.115|--sign--|ajaxgetcode]
[17:44:11][|-saRs-|Array
(
    [flag] => 10000
    [msg] => 
)
|--sign--|ajaxgetcode]
