[09:58:30][|-ip-|192.168.10.89|--sign--|ajaxgetcode]
[09:58:30][|-saRs-|Array
(
    [flag] => 10000
    [msg] => 
)
|--sign--|ajaxgetcode]
[09:59:08][|-ip-|192.168.10.89|--sign--|getmobilecode]
[09:59:08][|-saRs-|Array
(
    [flag] => 10000
    [msg] => 
)
|--sign--|getmobilecode]
[10:00:39][|-ip-|192.168.10.89|--sign--|ajaxregaction]
[10:00:39][|-saRs-|Array
(
    [flag] => 10000
    [msg] => 
)
|--sign--|ajaxregaction]
[10:03:08][|-ip-|192.168.10.89|--sign--|ajaxgetcode]
[10:03:08][|-saRs-|Array
(
    [flag] => 10000
    [msg] => 
)
|--sign--|ajaxgetcode]
[10:03:08][|-ip-|192.168.10.89|--sign--|ajaxgetcode]
[10:03:08][|-saRs-|Array
(
    [flag] => 10000
    [msg] => 
)
|--sign--|ajaxgetcode]
[10:03:09][|-ip-|192.168.10.89|--sign--|ajaxgetcode]
[10:03:09][|-saRs-|Array
(
    [flag] => 10000
    [msg] => 
)
|--sign--|ajaxgetcode]
[10:03:09][|-ip-|192.168.10.89|--sign--|ajaxgetcode]
[10:03:09][|-saRs-|Array
(
    [flag] => 10000
    [msg] => 
)
|--sign--|ajaxgetcode]
[10:03:09][|-ip-|192.168.10.89|--sign--|ajaxgetcode]
[10:03:09][|-saRs-|Array
(
    [flag] => 10000
    [msg] => 
)
|--sign--|ajaxgetcode]
[10:03:10][|-ip-|192.168.10.89|--sign--|ajaxgetcode]
[10:03:10][|-saRs-|Array
(
    [flag] => 10000
    [msg] => 
)
|--sign--|ajaxgetcode]
[10:03:10][|-ip-|192.168.10.89|--sign--|ajaxgetcode]
[10:03:10][|-saRs-|Array
(
    [flag] => 10000
    [msg] => 
)
|--sign--|ajaxgetcode]
[10:03:11][|-ip-|192.168.10.89|--sign--|ajaxgetcode]
[10:03:11][|-saRs-|Array
(
    [flag] => 10000
    [msg] => 
)
|--sign--|ajaxgetcode]
[10:03:11][|-ip-|192.168.10.89|--sign--|ajaxgetcode]
[10:03:11][|-saRs-|Array
(
    [flag] => 10000
    [msg] => 
)
|--sign--|ajaxgetcode]
[13:38:59][|-ip-|192.168.10.89|--sign--|ajaxgetcode]
[13:38:59][|-saRs-|Array
(
    [flag] => 10000
    [msg] => 
)
|--sign--|ajaxgetcode]
[13:39:00][|-ip-|192.168.10.89|--sign--|ajaxgetcode]
[13:39:00][|-saRs-|Array
(
    [flag] => 10000
    [msg] => 
)
|--sign--|ajaxgetcode]
[13:39:15][|-ip-|192.168.10.89|--sign--|getmobilecode]
[13:39:15][|-saRs-|Array
(
    [flag] => 10000
    [msg] => 
)
|--sign--|getmobilecode]
[13:53:12][|-ip-|192.168.10.89|--sign--|ajaxgetcode]
[13:53:12][|-saRs-|Array
(
    [flag] => 10000
    [msg] => 
)
|--sign--|ajaxgetcode]
[13:53:23][|-ip-|192.168.10.89|--sign--|getmobilecode]
[13:53:23][|-saRs-|Array
(
    [flag] => 10000
    [msg] => 
)
|--sign--|getmobilecode]
[13:53:33][|-ip-|192.168.10.89|--sign--|ajaxgetcode]
[13:53:33][|-saRs-|Array
(
    [flag] => 10000
    [msg] => 
)
|--sign--|ajaxgetcode]
[13:53:42][|-ip-|192.168.10.89|--sign--|getmobilecode]
[13:53:42][|-saRs-|Array
(
    [flag] => 10000
    [msg] => 
)
|--sign--|getmobilecode]
[13:53:51][|-ip-|192.168.10.89|--sign--|ajaxgetcode]
[13:53:51][|-saRs-|Array
(
    [flag] => 10000
    [msg] => 
)
|--sign--|ajaxgetcode]
[13:53:52][|-ip-|192.168.10.89|--sign--|ajaxgetcode]
[13:53:52][|-saRs-|Array
(
    [flag] => 10000
    [msg] => 
)
|--sign--|ajaxgetcode]
[13:53:52][|-ip-|192.168.10.89|--sign--|ajaxgetcode]
[13:53:52][|-saRs-|Array
(
    [flag] => 10000
    [msg] => 
)
|--sign--|ajaxgetcode]
[13:53:53][|-ip-|192.168.10.89|--sign--|ajaxgetcode]
[13:53:53][|-saRs-|Array
(
    [flag] => 10000
    [msg] => 
)
|--sign--|ajaxgetcode]
[13:54:14][|-ip-|192.168.10.89|--sign--|getmobilecode]
[13:54:14][|-saRs-|Array
(
    [flag] => 10000
    [msg] => 
)
|--sign--|getmobilecode]
[13:56:05][|-ip-|192.168.10.89|--sign--|ajaxgetcode]
[13:56:05][|-saRs-|Array
(
    [flag] => 10000
    [msg] => 
)
|--sign--|ajaxgetcode]
[13:56:16][|-ip-|192.168.10.89|--sign--|getmobilecode]
[13:56:16][|-saRs-|Array
(
    [flag] => 10000
    [msg] => 
)
|--sign--|getmobilecode]
[13:57:07][|-ip-|192.168.10.89|--sign--|ajaxgetcode]
[13:57:07][|-saRs-|Array
(
    [flag] => 10000
    [msg] => 
)
|--sign--|ajaxgetcode]
[13:57:09][|-ip-|192.168.10.89|--sign--|ajaxgetcode]
[13:57:09][|-saRs-|Array
(
    [flag] => 10000
    [msg] => 
)
|--sign--|ajaxgetcode]
[13:57:22][|-ip-|192.168.10.89|--sign--|ajaxgetcode]
[13:57:22][|-saRs-|Array
(
    [flag] => 10000
    [msg] => 
)
|--sign--|ajaxgetcode]
[13:57:31][|-ip-|192.168.10.89|--sign--|ajaxgetcode]
[13:57:31][|-saRs-|Array
(
    [flag] => 10000
    [msg] => 
)
|--sign--|ajaxgetcode]
[13:57:38][|-ip-|192.168.10.89|--sign--|getmobilecode]
[13:57:38][|-saRs-|Array
(
    [flag] => 10000
    [msg] => 
)
|--sign--|getmobilecode]
[13:58:44][|-ip-|192.168.10.89|--sign--|ajaxgetcode]
[13:58:44][|-saRs-|Array
(
    [flag] => 10000
    [msg] => 
)
|--sign--|ajaxgetcode]
[13:58:49][|-ip-|192.168.10.89|--sign--|ajaxgetcode]
[13:58:49][|-saRs-|Array
(
    [flag] => 10000
    [msg] => 
)
|--sign--|ajaxgetcode]
[13:58:50][|-ip-|192.168.10.89|--sign--|ajaxgetcode]
[13:58:50][|-saRs-|Array
(
    [flag] => 10000
    [msg] => 
)
|--sign--|ajaxgetcode]
[13:58:57][|-ip-|192.168.10.89|--sign--|getmobilecode]
[13:58:57][|-saRs-|Array
(
    [flag] => 10000
    [msg] => 
)
|--sign--|getmobilecode]
[13:59:40][|-ip-|192.168.10.89|--sign--|ajaxgetcode]
[13:59:40][|-saRs-|Array
(
    [flag] => 10000
    [msg] => 
)
|--sign--|ajaxgetcode]
[13:59:45][|-ip-|192.168.10.89|--sign--|getmobilecode]
[13:59:45][|-saRs-|Array
(
    [flag] => 10000
    [msg] => 
)
|--sign--|getmobilecode]
[13:59:50][|-ip-|192.168.10.89|--sign--|ajaxgetcode]
[13:59:50][|-saRs-|Array
(
    [flag] => 10000
    [msg] => 
)
|--sign--|ajaxgetcode]
[13:59:51][|-ip-|192.168.10.89|--sign--|ajaxgetcode]
[13:59:51][|-saRs-|Array
(
    [flag] => 10000
    [msg] => 
)
|--sign--|ajaxgetcode]
[14:00:05][|-ip-|192.168.10.89|--sign--|getmobilecode]
[14:00:05][|-saRs-|Array
(
    [flag] => 10000
    [msg] => 
)
|--sign--|getmobilecode]
[14:00:35][|-ip-|192.168.10.89|--sign--|ajaxgetcode]
[14:00:35][|-saRs-|Array
(
    [flag] => 10000
    [msg] => 
)
|--sign--|ajaxgetcode]
[14:00:36][|-ip-|192.168.10.89|--sign--|ajaxgetcode]
[14:00:36][|-saRs-|Array
(
    [flag] => 10000
    [msg] => 
)
|--sign--|ajaxgetcode]
[14:00:41][|-ip-|192.168.10.89|--sign--|getmobilecode]
[14:00:41][|-saRs-|Array
(
    [flag] => 10000
    [msg] => 
)
|--sign--|getmobilecode]
[14:02:24][|-ip-|192.168.10.115|--sign--|ajaxgetcode]
[14:02:24][|-saRs-|Array
(
    [flag] => 10000
    [msg] => 
)
|--sign--|ajaxgetcode]
[14:02:33][|-ip-|192.168.10.115|--sign--|getmobilecode]
[14:02:33][|-saRs-|Array
(
    [flag] => 10000
    [msg] => 
)
|--sign--|getmobilecode]
[14:02:42][|-ip-|192.168.10.115|--sign--|ajaxgetcode]
[14:02:42][|-saRs-|Array
(
    [flag] => 10000
    [msg] => 
)
|--sign--|ajaxgetcode]
[14:02:50][|-ip-|192.168.10.115|--sign--|getmobilecode]
[14:02:50][|-saRs-|Array
(
    [flag] => 10000
    [msg] => 
)
|--sign--|getmobilecode]
[14:04:40][|-ip-|192.168.10.115|--sign--|ajaxgetcode]
[14:04:40][|-saRs-|Array
(
    [flag] => 10000
    [msg] => 
)
|--sign--|ajaxgetcode]
[14:04:45][|-ip-|192.168.10.115|--sign--|getmobilecode]
[14:04:45][|-saRs-|Array
(
    [flag] => 10000
    [msg] => 
)
|--sign--|getmobilecode]
[14:05:42][|-ip-|192.168.10.115|--sign--|ajaxgetcode]
[14:05:42][|-saRs-|Array
(
    [flag] => 10000
    [msg] => 
)
|--sign--|ajaxgetcode]
[14:05:46][|-ip-|192.168.10.115|--sign--|getmobilecode]
[14:05:46][|-saRs-|Array
(
    [flag] => 10000
    [msg] => 
)
|--sign--|getmobilecode]
[14:10:01][|-ip-|192.168.10.89|--sign--|ajaxgetcode]
[14:10:01][|-saRs-|Array
(
    [flag] => 10000
    [msg] => 
)
|--sign--|ajaxgetcode]
[14:10:17][|-ip-|192.168.10.89|--sign--|getmobilecode]
[14:10:17][|-saRs-|Array
(
    [flag] => 10000
    [msg] => 
)
|--sign--|getmobilecode]
[14:10:22][|-ip-|192.168.10.89|--sign--|ajaxgetcode]
[14:10:22][|-saRs-|Array
(
    [flag] => 10000
    [msg] => 
)
|--sign--|ajaxgetcode]
[14:10:23][|-ip-|192.168.10.89|--sign--|ajaxgetcode]
[14:10:23][|-saRs-|Array
(
    [flag] => 10000
    [msg] => 
)
|--sign--|ajaxgetcode]
[14:10:30][|-ip-|192.168.10.89|--sign--|getmobilecode]
[14:10:30][|-saRs-|Array
(
    [flag] => 10000
    [msg] => 
)
|--sign--|getmobilecode]
[14:10:35][|-ip-|192.168.10.89|--sign--|ajaxgetcode]
[14:10:35][|-saRs-|Array
(
    [flag] => 10000
    [msg] => 
)
|--sign--|ajaxgetcode]
[14:10:45][|-ip-|192.168.10.89|--sign--|ajaxgetcode]
[14:10:45][|-saRs-|Array
(
    [flag] => 10000
    [msg] => 
)
|--sign--|ajaxgetcode]
[14:10:51][|-ip-|192.168.10.89|--sign--|getmobilecode]
[14:10:51][|-saRs-|Array
(
    [flag] => 10000
    [msg] => 
)
|--sign--|getmobilecode]
[14:27:41][|-ip-|192.168.10.115|--sign--|ajaxgetcode]
[14:27:41][|-saRs-|Array
(
    [flag] => 10000
    [msg] => 
)
|--sign--|ajaxgetcode]
[14:39:40][|-ip-|192.168.10.115|--sign--|ajaxgetcode]
[14:39:40][|-saRs-|Array
(
    [flag] => 10000
    [msg] => 
)
|--sign--|ajaxgetcode]
[14:39:44][|-ip-|192.168.10.115|--sign--|ajaxgetcode]
[14:39:44][|-saRs-|Array
(
    [flag] => 10000
    [msg] => 
)
|--sign--|ajaxgetcode]
[14:39:48][|-ip-|192.168.10.115|--sign--|getmobilecode]
[14:39:48][|-saRs-|Array
(
    [flag] => 10000
    [msg] => 
)
|--sign--|getmobilecode]
[14:40:19][|-ip-|192.168.10.115|--sign--|ajaxgetcode]
[14:40:19][|-saRs-|Array
(
    [flag] => 10000
    [msg] => 
)
|--sign--|ajaxgetcode]
[14:40:26][|-ip-|192.168.10.115|--sign--|ajaxgetcode]
[14:40:26][|-saRs-|Array
(
    [flag] => 10000
    [msg] => 
)
|--sign--|ajaxgetcode]
[14:40:32][|-ip-|192.168.10.115|--sign--|getmobilecode]
[14:40:32][|-saRs-|Array
(
    [flag] => 10000
    [msg] => 
)
|--sign--|getmobilecode]
[14:40:58][|-ip-|192.168.10.115|--sign--|ajaxgetcode]
[14:40:58][|-saRs-|Array
(
    [flag] => 10000
    [msg] => 
)
|--sign--|ajaxgetcode]
[14:41:05][|-ip-|192.168.10.115|--sign--|getmobilecode]
[14:41:05][|-saRs-|Array
(
    [flag] => 10000
    [msg] => 
)
|--sign--|getmobilecode]
[14:42:31][|-ip-|192.168.10.115|--sign--|ajaxgetcode]
[14:42:31][|-saRs-|Array
(
    [flag] => 10000
    [msg] => 
)
|--sign--|ajaxgetcode]
[14:42:38][|-ip-|192.168.10.115|--sign--|getmobilecode]
[14:42:38][|-saRs-|Array
(
    [flag] => 10000
    [msg] => 
)
|--sign--|getmobilecode]
[14:42:57][|-ip-|192.168.10.115|--sign--|ajaxgetcode]
[14:42:57][|-saRs-|Array
(
    [flag] => 10000
    [msg] => 
)
|--sign--|ajaxgetcode]
[14:43:01][|-ip-|192.168.10.115|--sign--|getmobilecode]
[14:43:01][|-saRs-|Array
(
    [flag] => 10000
    [msg] => 
)
|--sign--|getmobilecode]
[14:43:24][|-ip-|192.168.10.115|--sign--|ajaxgetcode]
[14:43:24][|-saRs-|Array
(
    [flag] => 10000
    [msg] => 
)
|--sign--|ajaxgetcode]
[14:43:28][|-ip-|192.168.10.115|--sign--|getmobilecode]
[14:43:28][|-saRs-|Array
(
    [flag] => 10000
    [msg] => 
)
|--sign--|getmobilecode]
[14:43:43][|-ip-|192.168.10.115|--sign--|ajaxgetcode]
[14:43:43][|-saRs-|Array
(
    [flag] => 10000
    [msg] => 
)
|--sign--|ajaxgetcode]
[14:43:47][|-ip-|192.168.10.115|--sign--|getmobilecode]
[14:43:47][|-saRs-|Array
(
    [flag] => 10000
    [msg] => 
)
|--sign--|getmobilecode]
[14:44:23][|-ip-|192.168.10.115|--sign--|ajaxgetcode]
[14:44:23][|-saRs-|Array
(
    [flag] => 10000
    [msg] => 
)
|--sign--|ajaxgetcode]
[14:44:24][|-ip-|192.168.10.115|--sign--|ajaxgetcode]
[14:44:24][|-saRs-|Array
(
    [flag] => 10000
    [msg] => 
)
|--sign--|ajaxgetcode]
[14:44:28][|-ip-|192.168.10.115|--sign--|getmobilecode]
[14:44:28][|-saRs-|Array
(
    [flag] => 10000
    [msg] => 
)
|--sign--|getmobilecode]
[14:44:55][|-ip-|192.168.10.115|--sign--|ajaxgetcode]
[14:44:55][|-saRs-|Array
(
    [flag] => 10000
    [msg] => 
)
|--sign--|ajaxgetcode]
[14:45:01][|-ip-|192.168.10.115|--sign--|getmobilecode]
[14:45:01][|-saRs-|Array
(
    [flag] => 10000
    [msg] => 
)
|--sign--|getmobilecode]
[14:45:31][|-ip-|192.168.10.115|--sign--|ajaxgetcode]
[14:45:31][|-saRs-|Array
(
    [flag] => 10000
    [msg] => 
)
|--sign--|ajaxgetcode]
[14:45:35][|-ip-|192.168.10.115|--sign--|getmobilecode]
[14:45:35][|-saRs-|Array
(
    [flag] => 10000
    [msg] => 
)
|--sign--|getmobilecode]
[14:46:18][|-ip-|192.168.10.115|--sign--|ajaxgetcode]
[14:46:18][|-saRs-|Array
(
    [flag] => 10000
    [msg] => 
)
|--sign--|ajaxgetcode]
[14:46:23][|-ip-|192.168.10.115|--sign--|getmobilecode]
[14:46:23][|-saRs-|Array
(
    [flag] => 10000
    [msg] => 
)
|--sign--|getmobilecode]
[14:48:54][|-ip-|192.168.10.89|--sign--|ajaxgetcode]
[14:48:54][|-saRs-|Array
(
    [flag] => 10000
    [msg] => 
)
|--sign--|ajaxgetcode]
[14:49:12][|-ip-|192.168.10.89|--sign--|getmobilecode]
[14:49:12][|-saRs-|Array
(
    [flag] => 10000
    [msg] => 
)
|--sign--|getmobilecode]
[14:50:34][|-ip-|192.168.10.89|--sign--|ajaxgetcode]
[14:50:34][|-saRs-|Array
(
    [flag] => 10000
    [msg] => 
)
|--sign--|ajaxgetcode]
[14:50:36][|-ip-|192.168.10.89|--sign--|ajaxgetcode]
[14:50:36][|-saRs-|Array
(
    [flag] => 10000
    [msg] => 
)
|--sign--|ajaxgetcode]
[14:50:36][|-ip-|192.168.10.89|--sign--|ajaxgetcode]
[14:50:36][|-saRs-|Array
(
    [flag] => 10000
    [msg] => 
)
|--sign--|ajaxgetcode]
[14:50:44][|-ip-|192.168.10.89|--sign--|getmobilecode]
[14:50:44][|-saRs-|Array
(
    [flag] => 10000
    [msg] => 
)
|--sign--|getmobilecode]
[14:51:06][|-ip-|192.168.10.89|--sign--|ajaxgetcode]
[14:51:06][|-saRs-|Array
(
    [flag] => 10000
    [msg] => 
)
|--sign--|ajaxgetcode]
[14:51:06][|-ip-|192.168.10.89|--sign--|ajaxgetcode]
[14:51:06][|-saRs-|Array
(
    [flag] => 10000
    [msg] => 
)
|--sign--|ajaxgetcode]
[14:51:12][|-ip-|192.168.10.89|--sign--|getmobilecode]
[14:51:12][|-saRs-|Array
(
    [flag] => 10000
    [msg] => 
)
|--sign--|getmobilecode]
[14:51:58][|-ip-|192.168.10.89|--sign--|ajaxgetcode]
[14:51:58][|-saRs-|Array
(
    [flag] => 10000
    [msg] => 
)
|--sign--|ajaxgetcode]
[14:52:00][|-ip-|192.168.10.89|--sign--|ajaxgetcode]
[14:52:00][|-saRs-|Array
(
    [flag] => 10000
    [msg] => 
)
|--sign--|ajaxgetcode]
[14:52:18][|-ip-|192.168.10.89|--sign--|getmobilecode]
[14:52:18][|-saRs-|Array
(
    [flag] => 10000
    [msg] => 
)
|--sign--|getmobilecode]
[14:53:15][|-ip-|192.168.10.115|--sign--|ajaxgetcode]
[14:53:15][|-saRs-|Array
(
    [flag] => 10000
    [msg] => 
)
|--sign--|ajaxgetcode]
[14:53:19][|-ip-|192.168.10.115|--sign--|getmobilecode]
[14:53:19][|-saRs-|Array
(
    [flag] => 10000
    [msg] => 
)
|--sign--|getmobilecode]
[14:55:16][|-ip-|192.168.10.115|--sign--|ajaxgetcode]
[14:55:16][|-saRs-|Array
(
    [flag] => 10000
    [msg] => 
)
|--sign--|ajaxgetcode]
[14:55:21][|-ip-|192.168.10.115|--sign--|getmobilecode]
[14:55:21][|-saRs-|Array
(
    [flag] => 10000
    [msg] => 
)
|--sign--|getmobilecode]
[15:23:13][|-ip-|192.168.10.115|--sign--|ajaxgetcode]
[15:23:13][|-saRs-|Array
(
    [flag] => 10000
    [msg] => 
)
|--sign--|ajaxgetcode]
[15:23:15][|-ip-|192.168.10.115|--sign--|ajaxgetcode]
[15:23:15][|-saRs-|Array
(
    [flag] => 10000
    [msg] => 
)
|--sign--|ajaxgetcode]
[15:23:15][|-ip-|192.168.10.115|--sign--|ajaxgetcode]
[15:23:15][|-saRs-|Array
(
    [flag] => 10000
    [msg] => 
)
|--sign--|ajaxgetcode]
[15:23:19][|-ip-|192.168.10.115|--sign--|getmobilecode]
[15:23:19][|-saRs-|Array
(
    [flag] => 10000
    [msg] => 
)
|--sign--|getmobilecode]
[15:51:08][|-ip-|192.168.10.115|--sign--|ajaxgetcode]
[15:51:08][|-saRs-|Array
(
    [flag] => 10000
    [msg] => 
)
|--sign--|ajaxgetcode]
[15:51:10][|-ip-|192.168.10.115|--sign--|ajaxgetcode]
[15:51:10][|-saRs-|Array
(
    [flag] => 10000
    [msg] => 
)
|--sign--|ajaxgetcode]
[15:52:52][|-ip-|192.168.10.115|--sign--|ajaxgetcode]
[15:52:52][|-saRs-|Array
(
    [flag] => 10000
    [msg] => 
)
|--sign--|ajaxgetcode]
[15:53:00][|-ip-|192.168.10.115|--sign--|getmobilecode]
[15:53:00][|-saRs-|Array
(
    [flag] => 10000
    [msg] => 
)
|--sign--|getmobilecode]
[15:53:16][|-ip-|192.168.10.115|--sign--|ajaxgetcode]
[15:53:16][|-saRs-|Array
(
    [flag] => 10000
    [msg] => 
)
|--sign--|ajaxgetcode]
[15:53:18][|-ip-|192.168.10.115|--sign--|ajaxgetcode]
[15:53:18][|-saRs-|Array
(
    [flag] => 10000
    [msg] => 
)
|--sign--|ajaxgetcode]
[15:53:22][|-ip-|192.168.10.115|--sign--|ajaxgetcode]
[15:53:22][|-saRs-|Array
(
    [flag] => 10000
    [msg] => 
)
|--sign--|ajaxgetcode]
[15:53:29][|-ip-|192.168.10.115|--sign--|getmobilecode]
[15:53:29][|-saRs-|Array
(
    [flag] => 10000
    [msg] => 
)
|--sign--|getmobilecode]
[16:08:57][|-ip-|192.168.10.89|--sign--|ajaxgetcode]
[16:08:57][|-saRs-|Array
(
    [flag] => 10000
    [msg] => 
)
|--sign--|ajaxgetcode]
[16:09:06][|-ip-|192.168.10.89|--sign--|getmobilecode]
[16:09:06][|-saRs-|Array
(
    [flag] => 10000
    [msg] => 
)
|--sign--|getmobilecode]
[16:09:07][|-ip-|192.168.10.89|--sign--|ajaxgetcode]
[16:09:07][|-saRs-|Array
(
    [flag] => 10000
    [msg] => 
)
|--sign--|ajaxgetcode]
[16:09:49][|-ip-|192.168.10.89|--sign--|ajaxregaction]
[16:09:49][|-saRs-|Array
(
    [flag] => 10000
    [msg] => 
)
|--sign--|ajaxregaction]
[16:09:56][|-ip-|192.168.10.89|--sign--|ajaxregaction]
[16:09:56][|-saRs-|Array
(
    [flag] => 10000
    [msg] => 
)
|--sign--|ajaxregaction]
[16:10:00][|-ip-|192.168.10.89|--sign--|ajaxgetcode]
[16:10:00][|-saRs-|Array
(
    [flag] => 10000
    [msg] => 
)
|--sign--|ajaxgetcode]
[16:10:01][|-ip-|192.168.10.89|--sign--|ajaxgetcode]
[16:10:01][|-saRs-|Array
(
    [flag] => 10000
    [msg] => 
)
|--sign--|ajaxgetcode]
[16:10:08][|-ip-|192.168.10.89|--sign--|ajaxregaction]
[16:10:08][|-saRs-|Array
(
    [flag] => 10000
    [msg] => 
)
|--sign--|ajaxregaction]
[16:30:28][|-ip-|192.168.10.89|--sign--|ajaxgetcode]
[16:30:28][|-saRs-|Array
(
    [flag] => 10000
    [msg] => 
)
|--sign--|ajaxgetcode]
[16:30:29][|-ip-|192.168.10.89|--sign--|ajaxgetcode]
[16:30:29][|-saRs-|Array
(
    [flag] => 10000
    [msg] => 
)
|--sign--|ajaxgetcode]
[16:30:30][|-ip-|192.168.10.89|--sign--|ajaxgetcode]
[16:30:30][|-saRs-|Array
(
    [flag] => 10000
    [msg] => 
)
|--sign--|ajaxgetcode]
[16:30:37][|-ip-|192.168.10.89|--sign--|getmobilecode]
[16:30:37][|-saRs-|Array
(
    [flag] => 10000
    [msg] => 
)
|--sign--|getmobilecode]
[16:30:59][|-ip-|192.168.10.89|--sign--|ajaxregaction]
[16:30:59][|-saRs-|Array
(
    [flag] => 10000
    [msg] => 
)
|--sign--|ajaxregaction]
[16:31:06][|-ip-|192.168.10.89|--sign--|ajaxregaction]
[16:31:06][|-saRs-|Array
(
    [flag] => 10000
    [msg] => 
)
|--sign--|ajaxregaction]
[17:10:11][|-ip-|192.168.10.115|--sign--|ajaxgetcode]
[17:10:11][|-saRs-|Array
(
    [flag] => 10000
    [msg] => 
)
|--sign--|ajaxgetcode]
[17:37:51][|-ip-|192.168.10.89|--sign--|ajaxgetcode]
[17:37:51][|-saRs-|Array
(
    [flag] => 10000
    [msg] => 
)
|--sign--|ajaxgetcode]
