[09:07:56][|-ip-|192.168.10.85|--sign--|ajaxgetcode]
[09:07:56][|-saRs-|Array
(
    [flag] => 10000
    [msg] => 
)
|--sign--|ajaxgetcode]
[09:30:42][|-ip-|192.168.10.85|--sign--|ajaxgetcode]
[09:30:42][|-saRs-|Array
(
    [flag] => 10000
    [msg] => 
)
|--sign--|ajaxgetcode]
[09:31:06][|-ip-|10.100.0.18|--sign--|ajaxgetcode]
[09:31:06][|-saRs-|Array
(
    [flag] => 10000
    [msg] => 
)
|--sign--|ajaxgetcode]
[09:31:27][|-ip-|10.100.0.18|--sign--|ajaxgetcode]
[09:31:27][|-saRs-|Array
(
    [flag] => 10000
    [msg] => 
)
|--sign--|ajaxgetcode]
[09:31:34][|-ip-|10.100.0.18|--sign--|ajaxgetcode]
[09:31:34][|-saRs-|Array
(
    [flag] => 10000
    [msg] => 
)
|--sign--|ajaxgetcode]
[09:31:35][|-ip-|10.100.0.18|--sign--|ajaxgetcode]
[09:31:35][|-saRs-|Array
(
    [flag] => 10000
    [msg] => 
)
|--sign--|ajaxgetcode]
[09:31:55][|-ip-|10.100.0.18|--sign--|ajaxgetcode]
[09:31:55][|-saRs-|Array
(
    [flag] => 10000
    [msg] => 
)
|--sign--|ajaxgetcode]
[09:32:38][|-ip-|10.100.0.18|--sign--|getmobilecode]
[09:32:38][|-saRs-|Array
(
    [flag] => 10000
    [msg] => 
)
|--sign--|getmobilecode]
[09:33:44][|-ip-|10.100.0.18|--sign--|ajaxgetcode]
[09:33:44][|-saRs-|Array
(
    [flag] => 10000
    [msg] => 
)
|--sign--|ajaxgetcode]
[09:33:54][|-ip-|10.100.0.18|--sign--|ajaxgetcode]
[09:33:54][|-saRs-|Array
(
    [flag] => 10000
    [msg] => 
)
|--sign--|ajaxgetcode]
[09:34:02][|-ip-|10.100.0.18|--sign--|ajaxgetcode]
[09:34:02][|-saRs-|Array
(
    [flag] => 10000
    [msg] => 
)
|--sign--|ajaxgetcode]
[09:34:11][|-ip-|10.100.0.18|--sign--|ajaxgetcode]
[09:34:11][|-saRs-|Array
(
    [flag] => 10000
    [msg] => 
)
|--sign--|ajaxgetcode]
[09:34:22][|-ip-|10.100.0.18|--sign--|ajaxgetcode]
[09:34:22][|-saRs-|Array
(
    [flag] => 10000
    [msg] => 
)
|--sign--|ajaxgetcode]
[09:34:56][|-ip-|10.100.0.18|--sign--|getmobilecode]
[09:34:56][|-saRs-|Array
(
    [flag] => 10000
    [msg] => 
)
|--sign--|getmobilecode]
[09:39:56][|-ip-|10.100.0.18|--sign--|ajaxgetcode]
[09:39:56][|-saRs-|Array
(
    [flag] => 10000
    [msg] => 
)
|--sign--|ajaxgetcode]
[09:40:25][|-ip-|10.100.0.18|--sign--|getmobilecode]
[09:40:25][|-saRs-|Array
(
    [flag] => 10000
    [msg] => 
)
|--sign--|getmobilecode]
[09:43:09][|-ip-|10.100.0.18|--sign--|ajaxgetcode]
[09:43:09][|-saRs-|Array
(
    [flag] => 10000
    [msg] => 
)
|--sign--|ajaxgetcode]
[09:43:17][|-ip-|10.100.0.18|--sign--|ajaxgetcode]
[09:43:17][|-saRs-|Array
(
    [flag] => 10000
    [msg] => 
)
|--sign--|ajaxgetcode]
[09:43:18][|-ip-|10.100.0.18|--sign--|ajaxgetcode]
[09:43:18][|-saRs-|Array
(
    [flag] => 10000
    [msg] => 
)
|--sign--|ajaxgetcode]
[09:43:22][|-ip-|10.100.0.18|--sign--|ajaxgetcode]
[09:43:22][|-saRs-|Array
(
    [flag] => 10000
    [msg] => 
)
|--sign--|ajaxgetcode]
[09:43:55][|-ip-|10.100.0.18|--sign--|getmobilecode]
[09:43:55][|-saRs-|Array
(
    [flag] => 10000
    [msg] => 
)
|--sign--|getmobilecode]
[09:45:44][|-ip-|10.100.0.18|--sign--|getmobilecode]
[09:45:44][|-saRs-|Array
(
    [flag] => 10000
    [msg] => 
)
|--sign--|getmobilecode]
[09:51:53][|-ip-|192.168.10.115|--sign--|ajaxgetcode]
[09:51:53][|-saRs-|Array
(
    [flag] => 10000
    [msg] => 
)
|--sign--|ajaxgetcode]
[09:52:07][|-ip-|192.168.10.115|--sign--|ajaxgetcode]
[09:52:07][|-saRs-|Array
(
    [flag] => 10000
    [msg] => 
)
|--sign--|ajaxgetcode]
[09:57:43][|-ip-|10.100.0.18|--sign--|ajaxgetcode]
[09:57:43][|-saRs-|Array
(
    [flag] => 10000
    [msg] => 
)
|--sign--|ajaxgetcode]
[09:58:11][|-ip-|10.100.0.18|--sign--|getmobilecode]
[09:58:11][|-saRs-|Array
(
    [flag] => 10000
    [msg] => 
)
|--sign--|getmobilecode]
[10:50:53][|-ip-|192.168.10.39|--sign--|provincebybank]
[10:50:53][|-saRs-|Array
(
    [flag] => 10000
    [msg] => 
)
|--sign--|provincebybank]
[10:50:53][|-ip-|192.168.10.39|--sign--|provincebybank]
[10:50:53][|-saRs-|Array
(
    [flag] => 10000
    [msg] => 
)
|--sign--|provincebybank]
[10:50:53][|-ip-|192.168.10.39|--sign--|provincebybank]
[10:50:53][|-saRs-|Array
(
    [flag] => 10000
    [msg] => 
)
|--sign--|provincebybank]
[10:50:53][|-ip-|192.168.10.39|--sign--|provincebybank]
[10:50:53][|-saRs-|Array
(
    [flag] => 10000
    [msg] => 
)
|--sign--|provincebybank]
[10:50:53][|-ip-|192.168.10.39|--sign--|provincebybank]
[10:50:53][|-saRs-|Array
(
    [flag] => 10000
    [msg] => 
)
|--sign--|provincebybank]
[10:50:53][|-ip-|192.168.10.39|--sign--|provincebybank]
[10:50:53][|-saRs-|Array
(
    [flag] => 10000
    [msg] => 
)
|--sign--|provincebybank]
[10:50:53][|-ip-|192.168.10.39|--sign--|provincebybank]
[10:50:53][|-saRs-|Array
(
    [flag] => 10000
    [msg] => 
)
|--sign--|provincebybank]
[10:50:53][|-ip-|192.168.10.39|--sign--|provincebybank]
[10:50:53][|-saRs-|Array
(
    [flag] => 10000
    [msg] => 
)
|--sign--|provincebybank]
[10:50:53][|-ip-|192.168.10.39|--sign--|provincebybank]
[10:50:53][|-saRs-|Array
(
    [flag] => 10000
    [msg] => 
)
|--sign--|provincebybank]
[10:50:54][|-ip-|192.168.10.39|--sign--|provincebybank]
[10:50:54][|-saRs-|Array
(
    [flag] => 10000
    [msg] => 
)
|--sign--|provincebybank]
[10:51:05][|-ip-|192.168.10.39|--sign--|provincebybank]
[10:51:05][|-saRs-|Array
(
    [flag] => 10000
    [msg] => 
)
|--sign--|provincebybank]
[10:51:05][|-ip-|192.168.10.39|--sign--|provincebybank]
[10:51:05][|-saRs-|Array
(
    [flag] => 10000
    [msg] => 
)
|--sign--|provincebybank]
[10:51:05][|-ip-|192.168.10.39|--sign--|provincebybank]
[10:51:05][|-saRs-|Array
(
    [flag] => 10000
    [msg] => 
)
|--sign--|provincebybank]
[10:51:05][|-ip-|192.168.10.39|--sign--|provincebybank]
[10:51:05][|-saRs-|Array
(
    [flag] => 10000
    [msg] => 
)
|--sign--|provincebybank]
[10:51:05][|-ip-|192.168.10.39|--sign--|provincebybank]
[10:51:05][|-saRs-|Array
(
    [flag] => 10000
    [msg] => 
)
|--sign--|provincebybank]
[10:51:05][|-ip-|192.168.10.39|--sign--|provincebybank]
[10:51:05][|-ip-|192.168.10.39|--sign--|provincebybank]
[10:51:05][|-saRs-|Array
(
    [flag] => 10000
    [msg] => 
)
|--sign--|provincebybank]
[10:51:05][|-saRs-|Array
(
    [flag] => 10000
    [msg] => 
)
|--sign--|provincebybank]
[10:51:05][|-ip-|192.168.10.39|--sign--|provincebybank]
[10:51:05][|-saRs-|Array
(
    [flag] => 10000
    [msg] => 
)
|--sign--|provincebybank]
[10:51:05][|-ip-|192.168.10.39|--sign--|provincebybank]
[10:51:05][|-saRs-|Array
(
    [flag] => 10000
    [msg] => 
)
|--sign--|provincebybank]
[10:51:05][|-ip-|192.168.10.39|--sign--|provincebybank]
[10:51:05][|-saRs-|Array
(
    [flag] => 10000
    [msg] => 
)
|--sign--|provincebybank]
[10:51:15][|-ip-|192.168.10.39|--sign--|provincebybank]
[10:51:15][|-saRs-|Array
(
    [flag] => 10000
    [msg] => 
)
|--sign--|provincebybank]
[10:51:15][|-ip-|192.168.10.39|--sign--|provincebybank]
[10:51:15][|-saRs-|Array
(
    [flag] => 10000
    [msg] => 
)
|--sign--|provincebybank]
[10:51:16][|-ip-|192.168.10.39|--sign--|provincebybank]
[10:51:16][|-saRs-|Array
(
    [flag] => 10000
    [msg] => 
)
|--sign--|provincebybank]
[10:51:16][|-ip-|192.168.10.39|--sign--|provincebybank]
[10:51:16][|-saRs-|Array
(
    [flag] => 10000
    [msg] => 
)
|--sign--|provincebybank]
[10:51:16][|-ip-|192.168.10.39|--sign--|provincebybank]
[10:51:16][|-saRs-|Array
(
    [flag] => 10000
    [msg] => 
)
|--sign--|provincebybank]
[10:51:16][|-ip-|192.168.10.39|--sign--|provincebybank]
[10:51:16][|-saRs-|Array
(
    [flag] => 10000
    [msg] => 
)
|--sign--|provincebybank]
[10:51:16][|-ip-|192.168.10.39|--sign--|provincebybank]
[10:51:16][|-saRs-|Array
(
    [flag] => 10000
    [msg] => 
)
|--sign--|provincebybank]
[10:51:16][|-ip-|192.168.10.39|--sign--|provincebybank]
[10:51:16][|-saRs-|Array
(
    [flag] => 10000
    [msg] => 
)
|--sign--|provincebybank]
[10:51:16][|-ip-|192.168.10.39|--sign--|provincebybank]
[10:51:16][|-saRs-|Array
(
    [flag] => 10000
    [msg] => 
)
|--sign--|provincebybank]
[10:51:16][|-ip-|192.168.10.39|--sign--|provincebybank]
[10:51:16][|-saRs-|Array
(
    [flag] => 10000
    [msg] => 
)
|--sign--|provincebybank]
[10:51:26][|-ip-|192.168.10.39|--sign--|provincebybank]
[10:51:26][|-saRs-|Array
(
    [flag] => 10000
    [msg] => 
)
|--sign--|provincebybank]
[10:51:26][|-ip-|192.168.10.39|--sign--|provincebybank]
[10:51:26][|-saRs-|Array
(
    [flag] => 10000
    [msg] => 
)
|--sign--|provincebybank]
[10:51:26][|-ip-|192.168.10.39|--sign--|provincebybank]
[10:51:26][|-saRs-|Array
(
    [flag] => 10000
    [msg] => 
)
|--sign--|provincebybank]
[10:51:26][|-ip-|192.168.10.39|--sign--|provincebybank]
[10:51:26][|-saRs-|Array
(
    [flag] => 10000
    [msg] => 
)
|--sign--|provincebybank]
[10:51:26][|-ip-|192.168.10.39|--sign--|provincebybank]
[10:51:26][|-saRs-|Array
(
    [flag] => 10000
    [msg] => 
)
|--sign--|provincebybank]
[10:51:26][|-ip-|192.168.10.39|--sign--|provincebybank]
[10:51:26][|-saRs-|Array
(
    [flag] => 10000
    [msg] => 
)
|--sign--|provincebybank]
[10:51:26][|-ip-|192.168.10.39|--sign--|provincebybank]
[10:51:26][|-saRs-|Array
(
    [flag] => 10000
    [msg] => 
)
|--sign--|provincebybank]
[10:51:26][|-ip-|192.168.10.39|--sign--|provincebybank]
[10:51:26][|-saRs-|Array
(
    [flag] => 10000
    [msg] => 
)
|--sign--|provincebybank]
[10:51:26][|-ip-|192.168.10.39|--sign--|provincebybank]
[10:51:26][|-saRs-|Array
(
    [flag] => 10000
    [msg] => 
)
|--sign--|provincebybank]
[10:51:26][|-ip-|192.168.10.39|--sign--|provincebybank]
[10:51:26][|-saRs-|Array
(
    [flag] => 10000
    [msg] => 
)
|--sign--|provincebybank]
[10:51:36][|-ip-|192.168.10.39|--sign--|provincebybank]
[10:51:36][|-saRs-|Array
(
    [flag] => 10000
    [msg] => 
)
|--sign--|provincebybank]
[10:51:36][|-ip-|192.168.10.39|--sign--|provincebybank]
[10:51:36][|-saRs-|Array
(
    [flag] => 10000
    [msg] => 
)
|--sign--|provincebybank]
[10:51:36][|-ip-|192.168.10.39|--sign--|provincebybank]
[10:51:36][|-saRs-|Array
(
    [flag] => 10000
    [msg] => 
)
|--sign--|provincebybank]
[10:51:36][|-ip-|192.168.10.39|--sign--|provincebybank]
[10:51:36][|-saRs-|Array
(
    [flag] => 10000
    [msg] => 
)
|--sign--|provincebybank]
[10:51:36][|-ip-|192.168.10.39|--sign--|provincebybank]
[10:51:36][|-saRs-|Array
(
    [flag] => 10000
    [msg] => 
)
|--sign--|provincebybank]
[10:51:36][|-ip-|192.168.10.39|--sign--|provincebybank]
[10:51:36][|-saRs-|Array
(
    [flag] => 10000
    [msg] => 
)
|--sign--|provincebybank]
[10:51:37][|-ip-|192.168.10.39|--sign--|provincebybank]
[10:51:37][|-saRs-|Array
(
    [flag] => 10000
    [msg] => 
)
|--sign--|provincebybank]
[10:51:37][|-ip-|192.168.10.39|--sign--|provincebybank]
[10:51:37][|-saRs-|Array
(
    [flag] => 10000
    [msg] => 
)
|--sign--|provincebybank]
[10:51:37][|-ip-|192.168.10.39|--sign--|provincebybank]
[10:51:37][|-saRs-|Array
(
    [flag] => 10000
    [msg] => 
)
|--sign--|provincebybank]
[10:51:37][|-ip-|192.168.10.39|--sign--|provincebybank]
[10:51:37][|-saRs-|Array
(
    [flag] => 10000
    [msg] => 
)
|--sign--|provincebybank]
[10:51:46][|-ip-|192.168.10.39|--sign--|provincebybank]
[10:51:46][|-saRs-|Array
(
    [flag] => 10000
    [msg] => 
)
|--sign--|provincebybank]
[10:51:46][|-ip-|192.168.10.39|--sign--|provincebybank]
[10:51:46][|-saRs-|Array
(
    [flag] => 10000
    [msg] => 
)
|--sign--|provincebybank]
[10:51:46][|-ip-|192.168.10.39|--sign--|provincebybank]
[10:51:46][|-saRs-|Array
(
    [flag] => 10000
    [msg] => 
)
|--sign--|provincebybank]
[10:51:47][|-ip-|192.168.10.39|--sign--|provincebybank]
[10:51:47][|-saRs-|Array
(
    [flag] => 10000
    [msg] => 
)
|--sign--|provincebybank]
[10:51:47][|-ip-|192.168.10.39|--sign--|provincebybank]
[10:51:47][|-saRs-|Array
(
    [flag] => 10000
    [msg] => 
)
|--sign--|provincebybank]
[10:51:47][|-ip-|192.168.10.39|--sign--|provincebybank]
[10:51:47][|-saRs-|Array
(
    [flag] => 10000
    [msg] => 
)
|--sign--|provincebybank]
[10:51:47][|-ip-|192.168.10.39|--sign--|provincebybank]
[10:51:47][|-saRs-|Array
(
    [flag] => 10000
    [msg] => 
)
|--sign--|provincebybank]
[10:51:47][|-ip-|192.168.10.39|--sign--|provincebybank]
[10:51:47][|-saRs-|Array
(
    [flag] => 10000
    [msg] => 
)
|--sign--|provincebybank]
[10:51:47][|-ip-|192.168.10.39|--sign--|provincebybank]
[10:51:47][|-saRs-|Array
(
    [flag] => 10000
    [msg] => 
)
|--sign--|provincebybank]
[10:51:47][|-ip-|192.168.10.39|--sign--|provincebybank]
[10:51:47][|-saRs-|Array
(
    [flag] => 10000
    [msg] => 
)
|--sign--|provincebybank]
[10:51:56][|-ip-|192.168.10.39|--sign--|provincebybank]
[10:51:56][|-saRs-|Array
(
    [flag] => 10000
    [msg] => 
)
|--sign--|provincebybank]
[10:51:57][|-ip-|192.168.10.39|--sign--|provincebybank]
[10:51:57][|-saRs-|Array
(
    [flag] => 10000
    [msg] => 
)
|--sign--|provincebybank]
[10:51:57][|-ip-|192.168.10.39|--sign--|provincebybank]
[10:51:57][|-saRs-|Array
(
    [flag] => 10000
    [msg] => 
)
|--sign--|provincebybank]
[10:51:57][|-ip-|192.168.10.39|--sign--|provincebybank]
[10:51:57][|-saRs-|Array
(
    [flag] => 10000
    [msg] => 
)
|--sign--|provincebybank]
[10:51:57][|-ip-|192.168.10.39|--sign--|provincebybank]
[10:51:57][|-saRs-|Array
(
    [flag] => 10000
    [msg] => 
)
|--sign--|provincebybank]
[10:51:57][|-ip-|192.168.10.39|--sign--|provincebybank]
[10:51:57][|-saRs-|Array
(
    [flag] => 10000
    [msg] => 
)
|--sign--|provincebybank]
[10:51:57][|-ip-|192.168.10.39|--sign--|provincebybank]
[10:51:57][|-saRs-|Array
(
    [flag] => 10000
    [msg] => 
)
|--sign--|provincebybank]
[10:51:57][|-ip-|192.168.10.39|--sign--|provincebybank]
[10:51:57][|-saRs-|Array
(
    [flag] => 10000
    [msg] => 
)
|--sign--|provincebybank]
[10:51:57][|-ip-|192.168.10.39|--sign--|provincebybank]
[10:51:57][|-saRs-|Array
(
    [flag] => 10000
    [msg] => 
)
|--sign--|provincebybank]
[10:51:57][|-ip-|192.168.10.39|--sign--|provincebybank]
[10:51:57][|-saRs-|Array
(
    [flag] => 10000
    [msg] => 
)
|--sign--|provincebybank]
[10:52:07][|-ip-|192.168.10.39|--sign--|provincebybank]
[10:52:07][|-saRs-|Array
(
    [flag] => 10000
    [msg] => 
)
|--sign--|provincebybank]
[10:52:07][|-ip-|192.168.10.39|--sign--|provincebybank]
[10:52:07][|-saRs-|Array
(
    [flag] => 10000
    [msg] => 
)
|--sign--|provincebybank]
[10:52:07][|-ip-|192.168.10.39|--sign--|provincebybank]
[10:52:07][|-saRs-|Array
(
    [flag] => 10000
    [msg] => 
)
|--sign--|provincebybank]
[10:52:07][|-ip-|192.168.10.39|--sign--|provincebybank]
[10:52:07][|-saRs-|Array
(
    [flag] => 10000
    [msg] => 
)
|--sign--|provincebybank]
[10:52:08][|-ip-|192.168.10.39|--sign--|provincebybank]
[10:52:08][|-saRs-|Array
(
    [flag] => 10000
    [msg] => 
)
|--sign--|provincebybank]
[10:52:08][|-ip-|192.168.10.39|--sign--|provincebybank]
[10:52:08][|-saRs-|Array
(
    [flag] => 10000
    [msg] => 
)
|--sign--|provincebybank]
[10:52:08][|-ip-|192.168.10.39|--sign--|provincebybank]
[10:52:08][|-saRs-|Array
(
    [flag] => 10000
    [msg] => 
)
|--sign--|provincebybank]
[10:52:08][|-ip-|192.168.10.39|--sign--|provincebybank]
[10:52:08][|-saRs-|Array
(
    [flag] => 10000
    [msg] => 
)
|--sign--|provincebybank]
[10:52:08][|-ip-|192.168.10.39|--sign--|provincebybank]
[10:52:08][|-saRs-|Array
(
    [flag] => 10000
    [msg] => 
)
|--sign--|provincebybank]
[10:52:08][|-ip-|192.168.10.39|--sign--|provincebybank]
[10:52:08][|-saRs-|Array
(
    [flag] => 10000
    [msg] => 
)
|--sign--|provincebybank]
[10:52:17][|-ip-|192.168.10.39|--sign--|provincebybank]
[10:52:17][|-saRs-|Array
(
    [flag] => 10000
    [msg] => 
)
|--sign--|provincebybank]
[10:52:17][|-ip-|192.168.10.39|--sign--|provincebybank]
[10:52:17][|-saRs-|Array
(
    [flag] => 10000
    [msg] => 
)
|--sign--|provincebybank]
[10:52:17][|-ip-|192.168.10.39|--sign--|provincebybank]
[10:52:17][|-saRs-|Array
(
    [flag] => 10000
    [msg] => 
)
|--sign--|provincebybank]
[10:52:18][|-ip-|192.168.10.39|--sign--|provincebybank]
[10:52:18][|-saRs-|Array
(
    [flag] => 10000
    [msg] => 
)
|--sign--|provincebybank]
[10:52:18][|-ip-|192.168.10.39|--sign--|provincebybank]
[10:52:18][|-saRs-|Array
(
    [flag] => 10000
    [msg] => 
)
|--sign--|provincebybank]
[10:52:18][|-ip-|192.168.10.39|--sign--|provincebybank]
[10:52:18][|-saRs-|Array
(
    [flag] => 10000
    [msg] => 
)
|--sign--|provincebybank]
[10:52:18][|-ip-|192.168.10.39|--sign--|provincebybank]
[10:52:18][|-saRs-|Array
(
    [flag] => 10000
    [msg] => 
)
|--sign--|provincebybank]
[10:52:18][|-ip-|192.168.10.39|--sign--|provincebybank]
[10:52:18][|-saRs-|Array
(
    [flag] => 10000
    [msg] => 
)
|--sign--|provincebybank]
[10:52:18][|-ip-|192.168.10.39|--sign--|provincebybank]
[10:52:18][|-saRs-|Array
(
    [flag] => 10000
    [msg] => 
)
|--sign--|provincebybank]
[10:52:18][|-ip-|192.168.10.39|--sign--|provincebybank]
[10:52:18][|-saRs-|Array
(
    [flag] => 10000
    [msg] => 
)
|--sign--|provincebybank]
[10:52:27][|-ip-|192.168.10.39|--sign--|provincebybank]
[10:52:27][|-saRs-|Array
(
    [flag] => 10000
    [msg] => 
)
|--sign--|provincebybank]
[10:52:27][|-ip-|192.168.10.39|--sign--|provincebybank]
[10:52:27][|-saRs-|Array
(
    [flag] => 10000
    [msg] => 
)
|--sign--|provincebybank]
[10:52:27][|-ip-|192.168.10.39|--sign--|provincebybank]
[10:52:27][|-saRs-|Array
(
    [flag] => 10000
    [msg] => 
)
|--sign--|provincebybank]
[10:52:28][|-ip-|192.168.10.39|--sign--|provincebybank]
[10:52:28][|-saRs-|Array
(
    [flag] => 10000
    [msg] => 
)
|--sign--|provincebybank]
[10:52:28][|-ip-|192.168.10.39|--sign--|provincebybank]
[10:52:28][|-saRs-|Array
(
    [flag] => 10000
    [msg] => 
)
|--sign--|provincebybank]
[10:52:28][|-ip-|192.168.10.39|--sign--|provincebybank]
[10:52:28][|-saRs-|Array
(
    [flag] => 10000
    [msg] => 
)
|--sign--|provincebybank]
[10:52:28][|-ip-|192.168.10.39|--sign--|provincebybank]
[10:52:28][|-saRs-|Array
(
    [flag] => 10000
    [msg] => 
)
|--sign--|provincebybank]
[10:52:28][|-ip-|192.168.10.39|--sign--|provincebybank]
[10:52:28][|-saRs-|Array
(
    [flag] => 10000
    [msg] => 
)
|--sign--|provincebybank]
[10:52:28][|-ip-|192.168.10.39|--sign--|provincebybank]
[10:52:28][|-saRs-|Array
(
    [flag] => 10000
    [msg] => 
)
|--sign--|provincebybank]
[10:52:28][|-ip-|192.168.10.39|--sign--|provincebybank]
[10:52:28][|-saRs-|Array
(
    [flag] => 10000
    [msg] => 
)
|--sign--|provincebybank]
[10:52:37][|-ip-|192.168.10.39|--sign--|provincebybank]
[10:52:37][|-saRs-|Array
(
    [flag] => 10000
    [msg] => 
)
|--sign--|provincebybank]
[10:52:38][|-ip-|192.168.10.39|--sign--|provincebybank]
[10:52:38][|-saRs-|Array
(
    [flag] => 10000
    [msg] => 
)
|--sign--|provincebybank]
[10:52:38][|-ip-|192.168.10.39|--sign--|provincebybank]
[10:52:38][|-saRs-|Array
(
    [flag] => 10000
    [msg] => 
)
|--sign--|provincebybank]
[10:52:38][|-ip-|192.168.10.39|--sign--|provincebybank]
[10:52:38][|-saRs-|Array
(
    [flag] => 10000
    [msg] => 
)
|--sign--|provincebybank]
[10:52:38][|-ip-|192.168.10.39|--sign--|provincebybank]
[10:52:38][|-saRs-|Array
(
    [flag] => 10000
    [msg] => 
)
|--sign--|provincebybank]
[10:52:38][|-ip-|192.168.10.39|--sign--|provincebybank]
[10:52:38][|-saRs-|Array
(
    [flag] => 10000
    [msg] => 
)
|--sign--|provincebybank]
[10:52:38][|-ip-|192.168.10.39|--sign--|provincebybank]
[10:52:38][|-saRs-|Array
(
    [flag] => 10000
    [msg] => 
)
|--sign--|provincebybank]
[10:52:39][|-ip-|192.168.10.39|--sign--|provincebybank]
[10:52:39][|-saRs-|Array
(
    [flag] => 10000
    [msg] => 
)
|--sign--|provincebybank]
[10:52:39][|-ip-|192.168.10.39|--sign--|provincebybank]
[10:52:39][|-saRs-|Array
(
    [flag] => 10000
    [msg] => 
)
|--sign--|provincebybank]
[10:52:39][|-ip-|192.168.10.39|--sign--|provincebybank]
[10:52:39][|-saRs-|Array
(
    [flag] => 10000
    [msg] => 
)
|--sign--|provincebybank]
[10:52:48][|-ip-|192.168.10.39|--sign--|provincebybank]
[10:52:48][|-saRs-|Array
(
    [flag] => 10000
    [msg] => 
)
|--sign--|provincebybank]
[10:52:48][|-ip-|192.168.10.39|--sign--|provincebybank]
[10:52:48][|-saRs-|Array
(
    [flag] => 10000
    [msg] => 
)
|--sign--|provincebybank]
[10:52:48][|-ip-|192.168.10.39|--sign--|provincebybank]
[10:52:48][|-saRs-|Array
(
    [flag] => 10000
    [msg] => 
)
|--sign--|provincebybank]
[10:52:48][|-ip-|192.168.10.39|--sign--|provincebybank]
[10:52:48][|-saRs-|Array
(
    [flag] => 10000
    [msg] => 
)
|--sign--|provincebybank]
[10:52:49][|-ip-|192.168.10.39|--sign--|provincebybank]
[10:52:49][|-saRs-|Array
(
    [flag] => 10000
    [msg] => 
)
|--sign--|provincebybank]
[10:52:49][|-ip-|192.168.10.39|--sign--|provincebybank]
[10:52:49][|-saRs-|Array
(
    [flag] => 10000
    [msg] => 
)
|--sign--|provincebybank]
[10:52:49][|-ip-|192.168.10.39|--sign--|provincebybank]
[10:52:49][|-saRs-|Array
(
    [flag] => 10000
    [msg] => 
)
|--sign--|provincebybank]
[10:52:49][|-ip-|192.168.10.39|--sign--|provincebybank]
[10:52:49][|-saRs-|Array
(
    [flag] => 10000
    [msg] => 
)
|--sign--|provincebybank]
[10:52:49][|-ip-|192.168.10.39|--sign--|provincebybank]
[10:52:49][|-saRs-|Array
(
    [flag] => 10000
    [msg] => 
)
|--sign--|provincebybank]
[10:52:49][|-ip-|192.168.10.39|--sign--|provincebybank]
[10:52:49][|-saRs-|Array
(
    [flag] => 10000
    [msg] => 
)
|--sign--|provincebybank]
[10:52:58][|-ip-|192.168.10.39|--sign--|provincebybank]
[10:52:58][|-saRs-|Array
(
    [flag] => 10000
    [msg] => 
)
|--sign--|provincebybank]
[10:52:58][|-ip-|192.168.10.39|--sign--|provincebybank]
[10:52:58][|-saRs-|Array
(
    [flag] => 10000
    [msg] => 
)
|--sign--|provincebybank]
[10:52:58][|-ip-|192.168.10.39|--sign--|provincebybank]
[10:52:58][|-saRs-|Array
(
    [flag] => 10000
    [msg] => 
)
|--sign--|provincebybank]
[10:52:59][|-ip-|192.168.10.39|--sign--|provincebybank]
[10:52:59][|-saRs-|Array
(
    [flag] => 10000
    [msg] => 
)
|--sign--|provincebybank]
[10:52:59][|-ip-|192.168.10.39|--sign--|provincebybank]
[10:52:59][|-saRs-|Array
(
    [flag] => 10000
    [msg] => 
)
|--sign--|provincebybank]
[10:52:59][|-ip-|192.168.10.39|--sign--|provincebybank]
[10:52:59][|-saRs-|Array
(
    [flag] => 10000
    [msg] => 
)
|--sign--|provincebybank]
[10:52:59][|-ip-|192.168.10.39|--sign--|provincebybank]
[10:52:59][|-saRs-|Array
(
    [flag] => 10000
    [msg] => 
)
|--sign--|provincebybank]
[10:52:59][|-ip-|192.168.10.39|--sign--|provincebybank]
[10:52:59][|-saRs-|Array
(
    [flag] => 10000
    [msg] => 
)
|--sign--|provincebybank]
[10:52:59][|-ip-|192.168.10.39|--sign--|provincebybank]
[10:52:59][|-saRs-|Array
(
    [flag] => 10000
    [msg] => 
)
|--sign--|provincebybank]
[10:52:59][|-ip-|192.168.10.39|--sign--|provincebybank]
[10:52:59][|-saRs-|Array
(
    [flag] => 10000
    [msg] => 
)
|--sign--|provincebybank]
[10:53:08][|-ip-|192.168.10.39|--sign--|provincebybank]
[10:53:08][|-saRs-|Array
(
    [flag] => 10000
    [msg] => 
)
|--sign--|provincebybank]
[10:53:08][|-ip-|192.168.10.39|--sign--|provincebybank]
[10:53:08][|-saRs-|Array
(
    [flag] => 10000
    [msg] => 
)
|--sign--|provincebybank]
[10:53:08][|-ip-|192.168.10.39|--sign--|provincebybank]
[10:53:08][|-saRs-|Array
(
    [flag] => 10000
    [msg] => 
)
|--sign--|provincebybank]
[10:53:09][|-ip-|192.168.10.39|--sign--|provincebybank]
[10:53:09][|-saRs-|Array
(
    [flag] => 10000
    [msg] => 
)
|--sign--|provincebybank]
[10:53:09][|-ip-|192.168.10.39|--sign--|provincebybank]
[10:53:09][|-saRs-|Array
(
    [flag] => 10000
    [msg] => 
)
|--sign--|provincebybank]
[10:53:09][|-ip-|192.168.10.39|--sign--|provincebybank]
[10:53:09][|-saRs-|Array
(
    [flag] => 10000
    [msg] => 
)
|--sign--|provincebybank]
[10:53:09][|-ip-|192.168.10.39|--sign--|provincebybank]
[10:53:09][|-saRs-|Array
(
    [flag] => 10000
    [msg] => 
)
|--sign--|provincebybank]
[10:53:09][|-ip-|192.168.10.39|--sign--|provincebybank]
[10:53:09][|-saRs-|Array
(
    [flag] => 10000
    [msg] => 
)
|--sign--|provincebybank]
[10:53:09][|-ip-|192.168.10.39|--sign--|provincebybank]
[10:53:09][|-saRs-|Array
(
    [flag] => 10000
    [msg] => 
)
|--sign--|provincebybank]
[10:53:09][|-ip-|192.168.10.39|--sign--|provincebybank]
[10:53:09][|-saRs-|Array
(
    [flag] => 10000
    [msg] => 
)
|--sign--|provincebybank]
[10:53:18][|-ip-|192.168.10.39|--sign--|provincebybank]
[10:53:18][|-saRs-|Array
(
    [flag] => 10000
    [msg] => 
)
|--sign--|provincebybank]
[10:53:19][|-ip-|192.168.10.39|--sign--|provincebybank]
[10:53:19][|-saRs-|Array
(
    [flag] => 10000
    [msg] => 
)
|--sign--|provincebybank]
[10:53:19][|-ip-|192.168.10.39|--sign--|provincebybank]
[10:53:19][|-saRs-|Array
(
    [flag] => 10000
    [msg] => 
)
|--sign--|provincebybank]
[10:53:19][|-ip-|192.168.10.39|--sign--|provincebybank]
[10:53:19][|-saRs-|Array
(
    [flag] => 10000
    [msg] => 
)
|--sign--|provincebybank]
[10:53:19][|-ip-|192.168.10.39|--sign--|provincebybank]
[10:53:19][|-saRs-|Array
(
    [flag] => 10000
    [msg] => 
)
|--sign--|provincebybank]
[10:53:20][|-ip-|192.168.10.39|--sign--|provincebybank]
[10:53:20][|-saRs-|Array
(
    [flag] => 10000
    [msg] => 
)
|--sign--|provincebybank]
[10:53:20][|-ip-|192.168.10.39|--sign--|provincebybank]
[10:53:20][|-saRs-|Array
(
    [flag] => 10000
    [msg] => 
)
|--sign--|provincebybank]
[10:56:53][|-ip-|192.168.10.39|--sign--|provincebybank]
[10:56:53][|-saRs-|Array
(
    [flag] => 10000
    [msg] => 
)
|--sign--|provincebybank]
[10:56:53][|-ip-|192.168.10.39|--sign--|provincebybank]
[10:56:53][|-saRs-|Array
(
    [flag] => 10000
    [msg] => 
)
|--sign--|provincebybank]
[10:56:53][|-ip-|192.168.10.39|--sign--|provincebybank]
[10:56:53][|-saRs-|Array
(
    [flag] => 10000
    [msg] => 
)
|--sign--|provincebybank]
[10:56:53][|-ip-|192.168.10.39|--sign--|provincebybank]
[10:56:53][|-saRs-|Array
(
    [flag] => 10000
    [msg] => 
)
|--sign--|provincebybank]
[10:56:53][|-ip-|192.168.10.39|--sign--|provincebybank]
[10:56:53][|-saRs-|Array
(
    [flag] => 10000
    [msg] => 
)
|--sign--|provincebybank]
[10:56:53][|-ip-|192.168.10.39|--sign--|provincebybank]
[10:56:53][|-saRs-|Array
(
    [flag] => 10000
    [msg] => 
)
|--sign--|provincebybank]
[10:56:53][|-ip-|192.168.10.39|--sign--|provincebybank]
[10:56:53][|-saRs-|Array
(
    [flag] => 10000
    [msg] => 
)
|--sign--|provincebybank]
[10:56:53][|-ip-|192.168.10.39|--sign--|provincebybank]
[10:56:53][|-saRs-|Array
(
    [flag] => 10000
    [msg] => 
)
|--sign--|provincebybank]
[10:56:53][|-ip-|192.168.10.39|--sign--|provincebybank]
[10:56:53][|-saRs-|Array
(
    [flag] => 10000
    [msg] => 
)
|--sign--|provincebybank]
[10:56:53][|-ip-|192.168.10.39|--sign--|provincebybank]
[10:56:53][|-saRs-|Array
(
    [flag] => 10000
    [msg] => 
)
|--sign--|provincebybank]
[10:57:03][|-ip-|192.168.10.39|--sign--|provincebybank]
[10:57:03][|-saRs-|Array
(
    [flag] => 10000
    [msg] => 
)
|--sign--|provincebybank]
[10:57:03][|-ip-|192.168.10.39|--sign--|provincebybank]
[10:57:03][|-saRs-|Array
(
    [flag] => 10000
    [msg] => 
)
|--sign--|provincebybank]
[10:57:03][|-ip-|192.168.10.39|--sign--|provincebybank]
[10:57:03][|-saRs-|Array
(
    [flag] => 10000
    [msg] => 
)
|--sign--|provincebybank]
[10:57:03][|-ip-|192.168.10.39|--sign--|provincebybank]
[10:57:03][|-ip-|192.168.10.39|--sign--|provincebybank]
[10:57:03][|-saRs-|Array
(
    [flag] => 10000
    [msg] => 
)
|--sign--|provincebybank]
[10:57:03][|-saRs-|Array
(
    [flag] => 10000
    [msg] => 
)
|--sign--|provincebybank]
[10:57:03][|-ip-|192.168.10.39|--sign--|provincebybank]
[10:57:03][|-saRs-|Array
(
    [flag] => 10000
    [msg] => 
)
|--sign--|provincebybank]
[10:57:03][|-ip-|192.168.10.39|--sign--|provincebybank]
[10:57:03][|-saRs-|Array
(
    [flag] => 10000
    [msg] => 
)
|--sign--|provincebybank]
[10:57:03][|-ip-|192.168.10.39|--sign--|provincebybank]
[10:57:03][|-saRs-|Array
(
    [flag] => 10000
    [msg] => 
)
|--sign--|provincebybank]
[10:57:03][|-ip-|192.168.10.39|--sign--|provincebybank]
[10:57:03][|-saRs-|Array
(
    [flag] => 10000
    [msg] => 
)
|--sign--|provincebybank]
[10:57:03][|-ip-|192.168.10.39|--sign--|provincebybank]
[10:57:03][|-saRs-|Array
(
    [flag] => 10000
    [msg] => 
)
|--sign--|provincebybank]
[10:57:13][|-ip-|192.168.10.39|--sign--|provincebybank]
[10:57:13][|-saRs-|Array
(
    [flag] => 10000
    [msg] => 
)
|--sign--|provincebybank]
[10:57:13][|-ip-|192.168.10.39|--sign--|provincebybank]
[10:57:13][|-saRs-|Array
(
    [flag] => 10000
    [msg] => 
)
|--sign--|provincebybank]
[10:57:14][|-ip-|192.168.10.39|--sign--|provincebybank]
[10:57:14][|-saRs-|Array
(
    [flag] => 10000
    [msg] => 
)
|--sign--|provincebybank]
[10:57:14][|-ip-|192.168.10.39|--sign--|provincebybank]
[10:57:14][|-saRs-|Array
(
    [flag] => 10000
    [msg] => 
)
|--sign--|provincebybank]
[10:57:14][|-ip-|192.168.10.39|--sign--|provincebybank]
[10:57:14][|-saRs-|Array
(
    [flag] => 10000
    [msg] => 
)
|--sign--|provincebybank]
[10:57:14][|-ip-|192.168.10.39|--sign--|provincebybank]
[10:57:14][|-saRs-|Array
(
    [flag] => 10000
    [msg] => 
)
|--sign--|provincebybank]
[10:57:14][|-ip-|192.168.10.39|--sign--|provincebybank]
[10:57:14][|-saRs-|Array
(
    [flag] => 10000
    [msg] => 
)
|--sign--|provincebybank]
[10:57:14][|-ip-|192.168.10.39|--sign--|provincebybank]
[10:57:14][|-saRs-|Array
(
    [flag] => 10000
    [msg] => 
)
|--sign--|provincebybank]
[10:57:14][|-ip-|192.168.10.39|--sign--|provincebybank]
[10:57:14][|-saRs-|Array
(
    [flag] => 10000
    [msg] => 
)
|--sign--|provincebybank]
[10:57:14][|-ip-|192.168.10.39|--sign--|provincebybank]
[10:57:14][|-saRs-|Array
(
    [flag] => 10000
    [msg] => 
)
|--sign--|provincebybank]
[10:57:24][|-ip-|192.168.10.39|--sign--|provincebybank]
[10:57:24][|-saRs-|Array
(
    [flag] => 10000
    [msg] => 
)
|--sign--|provincebybank]
[10:57:24][|-ip-|192.168.10.39|--sign--|provincebybank]
[10:57:24][|-saRs-|Array
(
    [flag] => 10000
    [msg] => 
)
|--sign--|provincebybank]
[10:57:24][|-ip-|192.168.10.39|--sign--|provincebybank]
[10:57:24][|-saRs-|Array
(
    [flag] => 10000
    [msg] => 
)
|--sign--|provincebybank]
[10:57:24][|-ip-|192.168.10.39|--sign--|provincebybank]
[10:57:24][|-saRs-|Array
(
    [flag] => 10000
    [msg] => 
)
|--sign--|provincebybank]
[10:57:24][|-ip-|192.168.10.39|--sign--|provincebybank]
[10:57:24][|-saRs-|Array
(
    [flag] => 10000
    [msg] => 
)
|--sign--|provincebybank]
[10:57:24][|-ip-|192.168.10.39|--sign--|provincebybank]
[10:57:24][|-saRs-|Array
(
    [flag] => 10000
    [msg] => 
)
|--sign--|provincebybank]
[10:57:24][|-ip-|192.168.10.39|--sign--|provincebybank]
[10:57:24][|-saRs-|Array
(
    [flag] => 10000
    [msg] => 
)
|--sign--|provincebybank]
[10:57:24][|-ip-|192.168.10.39|--sign--|provincebybank]
[10:57:24][|-saRs-|Array
(
    [flag] => 10000
    [msg] => 
)
|--sign--|provincebybank]
[10:57:24][|-ip-|192.168.10.39|--sign--|provincebybank]
[10:57:24][|-saRs-|Array
(
    [flag] => 10000
    [msg] => 
)
|--sign--|provincebybank]
[10:57:24][|-ip-|192.168.10.39|--sign--|provincebybank]
[10:57:24][|-saRs-|Array
(
    [flag] => 10000
    [msg] => 
)
|--sign--|provincebybank]
[10:57:34][|-ip-|192.168.10.39|--sign--|provincebybank]
[10:57:34][|-saRs-|Array
(
    [flag] => 10000
    [msg] => 
)
|--sign--|provincebybank]
[10:57:34][|-ip-|192.168.10.39|--sign--|provincebybank]
[10:57:34][|-saRs-|Array
(
    [flag] => 10000
    [msg] => 
)
|--sign--|provincebybank]
[10:57:34][|-ip-|192.168.10.39|--sign--|provincebybank]
[10:57:34][|-saRs-|Array
(
    [flag] => 10000
    [msg] => 
)
|--sign--|provincebybank]
[10:57:34][|-ip-|192.168.10.39|--sign--|provincebybank]
[10:57:34][|-saRs-|Array
(
    [flag] => 10000
    [msg] => 
)
|--sign--|provincebybank]
[10:57:34][|-ip-|192.168.10.39|--sign--|provincebybank]
[10:57:34][|-saRs-|Array
(
    [flag] => 10000
    [msg] => 
)
|--sign--|provincebybank]
[10:57:34][|-ip-|192.168.10.39|--sign--|provincebybank]
[10:57:34][|-saRs-|Array
(
    [flag] => 10000
    [msg] => 
)
|--sign--|provincebybank]
[10:57:34][|-ip-|192.168.10.39|--sign--|provincebybank]
[10:57:34][|-saRs-|Array
(
    [flag] => 10000
    [msg] => 
)
|--sign--|provincebybank]
[10:57:34][|-ip-|192.168.10.39|--sign--|provincebybank]
[10:57:34][|-saRs-|Array
(
    [flag] => 10000
    [msg] => 
)
|--sign--|provincebybank]
[10:57:34][|-ip-|192.168.10.39|--sign--|provincebybank]
[10:57:34][|-saRs-|Array
(
    [flag] => 10000
    [msg] => 
)
|--sign--|provincebybank]
[10:57:34][|-ip-|192.168.10.39|--sign--|provincebybank]
[10:57:34][|-saRs-|Array
(
    [flag] => 10000
    [msg] => 
)
|--sign--|provincebybank]
[10:59:30][|-ip-|10.100.0.18|--sign--|ajaxgetcode]
[10:59:30][|-saRs-|Array
(
    [flag] => 10000
    [msg] => 
)
|--sign--|ajaxgetcode]
[11:00:01][|-ip-|10.100.0.18|--sign--|ajaxgetcode]
[11:00:01][|-saRs-|Array
(
    [flag] => 10000
    [msg] => 
)
|--sign--|ajaxgetcode]
[11:01:05][|-ip-|192.168.10.22|--sign--|ajaxgetcode]
[11:01:05][|-saRs-|Array
(
    [flag] => 10000
    [msg] => 
)
|--sign--|ajaxgetcode]
[11:04:57][|-ip-|10.100.0.18|--sign--|ajaxgetcode]
[11:04:57][|-saRs-|Array
(
    [flag] => 10000
    [msg] => 
)
|--sign--|ajaxgetcode]
[11:05:15][|-ip-|10.100.0.18|--sign--|ajaxgetcode]
[11:05:15][|-saRs-|Array
(
    [flag] => 10000
    [msg] => 
)
|--sign--|ajaxgetcode]
[11:05:42][|-ip-|10.100.0.18|--sign--|getmobilecode]
[11:05:42][|-saRs-|Array
(
    [flag] => 10000
    [msg] => 
)
|--sign--|getmobilecode]
[11:09:16][|-ip-|10.100.0.18|--sign--|ajaxgetcode]
[11:09:16][|-saRs-|Array
(
    [flag] => 10000
    [msg] => 
)
|--sign--|ajaxgetcode]
[11:09:48][|-ip-|10.100.0.18|--sign--|getmobilecode]
[11:09:48][|-saRs-|Array
(
    [flag] => 10000
    [msg] => 
)
|--sign--|getmobilecode]
[12:01:18][|-ip-|192.168.15.235|--sign--|ajaxgetcode]
[12:01:18][|-saRs-|Array
(
    [flag] => 10000
    [msg] => 
)
|--sign--|ajaxgetcode]
[12:55:24][|-ip-|192.168.15.235|--sign--|ajaxgetcode]
[12:55:24][|-saRs-|Array
(
    [flag] => 10000
    [msg] => 
)
|--sign--|ajaxgetcode]
[13:08:53][|-ip-|192.168.10.22|--sign--|ajaxgetcode]
[13:08:53][|-saRs-|Array
(
    [flag] => 10000
    [msg] => 
)
|--sign--|ajaxgetcode]
[13:09:19][|-ip-|192.168.10.22|--sign--|ajaxgetcode]
[13:09:19][|-saRs-|Array
(
    [flag] => 10000
    [msg] => 
)
|--sign--|ajaxgetcode]
[13:09:44][|-ip-|192.168.10.22|--sign--|ajaxgetcode]
[13:09:44][|-saRs-|Array
(
    [flag] => 10000
    [msg] => 
)
|--sign--|ajaxgetcode]
[13:09:47][|-ip-|192.168.15.235|--sign--|ajaxgetcode]
[13:09:47][|-saRs-|Array
(
    [flag] => 10000
    [msg] => 
)
|--sign--|ajaxgetcode]
[13:10:34][|-ip-|192.168.15.235|--sign--|getmobilecode]
[13:10:34][|-saRs-|Array
(
    [flag] => 10000
    [msg] => 
)
|--sign--|getmobilecode]
[13:13:40][|-ip-|192.168.15.235|--sign--|ajaxgetcode]
[13:13:40][|-saRs-|Array
(
    [flag] => 10000
    [msg] => 
)
|--sign--|ajaxgetcode]
[13:19:04][|-ip-|192.168.15.235|--sign--|getmobilecode]
[13:19:04][|-saRs-|Array
(
    [flag] => 10000
    [msg] => 
)
|--sign--|getmobilecode]
[13:25:04][|-ip-|10.100.0.18|--sign--|ajaxgetcode]
[13:25:04][|-saRs-|Array
(
    [flag] => 10000
    [msg] => 
)
|--sign--|ajaxgetcode]
[13:25:17][|-ip-|10.100.0.18|--sign--|ajaxgetcode]
[13:25:17][|-saRs-|Array
(
    [flag] => 10000
    [msg] => 
)
|--sign--|ajaxgetcode]
[13:25:18][|-ip-|10.100.0.18|--sign--|ajaxgetcode]
[13:25:18][|-saRs-|Array
(
    [flag] => 10000
    [msg] => 
)
|--sign--|ajaxgetcode]
[13:25:19][|-ip-|10.100.0.18|--sign--|ajaxgetcode]
[13:25:19][|-saRs-|Array
(
    [flag] => 10000
    [msg] => 
)
|--sign--|ajaxgetcode]
[13:25:19][|-ip-|10.100.0.18|--sign--|ajaxgetcode]
[13:25:19][|-saRs-|Array
(
    [flag] => 10000
    [msg] => 
)
|--sign--|ajaxgetcode]
[13:25:27][|-ip-|10.100.0.18|--sign--|ajaxgetcode]
[13:25:27][|-saRs-|Array
(
    [flag] => 10000
    [msg] => 
)
|--sign--|ajaxgetcode]
[13:25:32][|-ip-|10.100.0.18|--sign--|ajaxgetcode]
[13:25:32][|-saRs-|Array
(
    [flag] => 10000
    [msg] => 
)
|--sign--|ajaxgetcode]
[13:25:34][|-ip-|10.100.0.18|--sign--|ajaxgetcode]
[13:25:34][|-saRs-|Array
(
    [flag] => 10000
    [msg] => 
)
|--sign--|ajaxgetcode]
[13:26:54][|-ip-|10.100.0.18|--sign--|getmobilecode]
[13:26:54][|-saRs-|Array
(
    [flag] => 10000
    [msg] => 
)
|--sign--|getmobilecode]
[13:30:51][|-ip-|10.100.0.18|--sign--|ajaxgetcode]
[13:30:51][|-saRs-|Array
(
    [flag] => 10000
    [msg] => 
)
|--sign--|ajaxgetcode]
[13:31:12][|-ip-|10.100.0.18|--sign--|ajaxgetcode]
[13:31:12][|-saRs-|Array
(
    [flag] => 10000
    [msg] => 
)
|--sign--|ajaxgetcode]
[13:31:13][|-ip-|10.100.0.18|--sign--|ajaxgetcode]
[13:31:13][|-saRs-|Array
(
    [flag] => 10000
    [msg] => 
)
|--sign--|ajaxgetcode]
[13:31:13][|-ip-|10.100.0.18|--sign--|ajaxgetcode]
[13:31:13][|-saRs-|Array
(
    [flag] => 10000
    [msg] => 
)
|--sign--|ajaxgetcode]
[13:31:13][|-ip-|10.100.0.18|--sign--|ajaxgetcode]
[13:31:13][|-saRs-|Array
(
    [flag] => 10000
    [msg] => 
)
|--sign--|ajaxgetcode]
[13:31:20][|-ip-|10.100.0.18|--sign--|ajaxgetcode]
[13:31:20][|-saRs-|Array
(
    [flag] => 10000
    [msg] => 
)
|--sign--|ajaxgetcode]
[13:31:22][|-ip-|10.100.0.18|--sign--|ajaxgetcode]
[13:31:22][|-saRs-|Array
(
    [flag] => 10000
    [msg] => 
)
|--sign--|ajaxgetcode]
[13:31:28][|-ip-|10.100.0.18|--sign--|ajaxgetcode]
[13:31:28][|-saRs-|Array
(
    [flag] => 10000
    [msg] => 
)
|--sign--|ajaxgetcode]
[13:31:45][|-ip-|10.100.0.18|--sign--|ajaxgetcode]
[13:31:45][|-saRs-|Array
(
    [flag] => 10000
    [msg] => 
)
|--sign--|ajaxgetcode]
[13:32:03][|-ip-|10.100.0.18|--sign--|ajaxgetcode]
[13:32:03][|-saRs-|Array
(
    [flag] => 10000
    [msg] => 
)
|--sign--|ajaxgetcode]
[13:41:07][|-ip-|10.100.0.18|--sign--|ajaxgetcode]
[13:41:07][|-saRs-|Array
(
    [flag] => 10000
    [msg] => 
)
|--sign--|ajaxgetcode]
[13:41:18][|-ip-|10.100.0.18|--sign--|getmobilecode]
[13:41:18][|-saRs-|Array
(
    [flag] => 10000
    [msg] => 
)
|--sign--|getmobilecode]
[13:51:23][|-ip-|10.100.0.18|--sign--|ajaxgetcode]
[13:51:23][|-saRs-|Array
(
    [flag] => 10000
    [msg] => 
)
|--sign--|ajaxgetcode]
[13:56:00][|-ip-|192.168.15.235|--sign--|ajaxgetcode]
[13:56:00][|-saRs-|Array
(
    [flag] => 10000
    [msg] => 
)
|--sign--|ajaxgetcode]
[13:57:10][|-ip-|192.168.15.235|--sign--|getmobilecode]
[13:57:10][|-saRs-|Array
(
    [flag] => 10000
    [msg] => 
)
|--sign--|getmobilecode]
[14:00:00][|-ip-|192.168.15.235|--sign--|ajaxgetcode]
[14:00:00][|-saRs-|Array
(
    [flag] => 10000
    [msg] => 
)
|--sign--|ajaxgetcode]
[14:00:20][|-ip-|192.168.15.235|--sign--|ajaxgetcode]
[14:00:20][|-saRs-|Array
(
    [flag] => 10000
    [msg] => 
)
|--sign--|ajaxgetcode]
[14:00:20][|-ip-|192.168.15.235|--sign--|ajaxgetcode]
[14:00:20][|-saRs-|Array
(
    [flag] => 10000
    [msg] => 
)
|--sign--|ajaxgetcode]
[14:00:22][|-ip-|192.168.15.235|--sign--|ajaxgetcode]
[14:00:22][|-saRs-|Array
(
    [flag] => 10000
    [msg] => 
)
|--sign--|ajaxgetcode]
[14:00:22][|-ip-|192.168.15.235|--sign--|ajaxgetcode]
[14:00:22][|-saRs-|Array
(
    [flag] => 10000
    [msg] => 
)
|--sign--|ajaxgetcode]
[14:00:40][|-ip-|192.168.15.235|--sign--|ajaxgetcode]
[14:00:40][|-saRs-|Array
(
    [flag] => 10000
    [msg] => 
)
|--sign--|ajaxgetcode]
[14:03:38][|-ip-|192.168.15.235|--sign--|ajaxgetcode]
[14:03:38][|-saRs-|Array
(
    [flag] => 10000
    [msg] => 
)
|--sign--|ajaxgetcode]
[14:03:38][|-ip-|192.168.15.235|--sign--|ajaxgetcode]
[14:03:38][|-saRs-|Array
(
    [flag] => 10000
    [msg] => 
)
|--sign--|ajaxgetcode]
[14:04:05][|-ip-|192.168.15.235|--sign--|ajaxgetcode]
[14:04:05][|-saRs-|Array
(
    [flag] => 10000
    [msg] => 
)
|--sign--|ajaxgetcode]
[14:04:36][|-ip-|192.168.15.235|--sign--|ajaxgetcode]
[14:04:36][|-saRs-|Array
(
    [flag] => 10000
    [msg] => 
)
|--sign--|ajaxgetcode]
[14:06:29][|-ip-|192.168.15.235|--sign--|getmobilecode]
[14:06:29][|-saRs-|Array
(
    [flag] => 10000
    [msg] => 
)
|--sign--|getmobilecode]
[14:16:54][|-ip-|192.168.15.235|--sign--|ajaxgetcode]
[14:16:54][|-saRs-|Array
(
    [flag] => 10000
    [msg] => 
)
|--sign--|ajaxgetcode]
[15:38:53][|-ip-|192.168.15.235|--sign--|ajaxgetcode]
[15:38:53][|-saRs-|Array
(
    [flag] => 10000
    [msg] => 
)
|--sign--|ajaxgetcode]
[15:39:14][|-ip-|192.168.15.235|--sign--|getmobilecode]
[15:39:14][|-saRs-|Array
(
    [flag] => 10000
    [msg] => 
)
|--sign--|getmobilecode]
[16:01:26][|-ip-|192.168.15.235|--sign--|ajaxgetcode]
[16:01:26][|-saRs-|Array
(
    [flag] => 10000
    [msg] => 
)
|--sign--|ajaxgetcode]
[16:03:11][|-ip-|192.168.15.235|--sign--|ajaxgetcode]
[16:03:11][|-saRs-|Array
(
    [flag] => 10000
    [msg] => 
)
|--sign--|ajaxgetcode]
[16:03:12][|-ip-|192.168.15.235|--sign--|ajaxgetcode]
[16:03:12][|-saRs-|Array
(
    [flag] => 10000
    [msg] => 
)
|--sign--|ajaxgetcode]
[16:03:12][|-ip-|192.168.15.235|--sign--|ajaxgetcode]
[16:03:12][|-saRs-|Array
(
    [flag] => 10000
    [msg] => 
)
|--sign--|ajaxgetcode]
[16:29:52][|-ip-|192.168.15.235|--sign--|ajaxgetcode]
[16:29:52][|-saRs-|Array
(
    [flag] => 10000
    [msg] => 
)
|--sign--|ajaxgetcode]
[16:30:35][|-ip-|192.168.15.235|--sign--|getmobilecode]
[16:30:35][|-saRs-|Array
(
    [flag] => 10000
    [msg] => 
)
|--sign--|getmobilecode]
[16:31:34][|-ip-|192.168.10.89|--sign--|ajaxgetcode]
[16:31:34][|-saRs-|Array
(
    [flag] => 10000
    [msg] => 
)
|--sign--|ajaxgetcode]
[16:31:37][|-ip-|192.168.10.89|--sign--|ajaxgetcode]
[16:31:37][|-saRs-|Array
(
    [flag] => 10000
    [msg] => 
)
|--sign--|ajaxgetcode]
[16:32:28][|-ip-|192.168.10.89|--sign--|getmobilecode]
[16:32:28][|-saRs-|Array
(
    [flag] => 10000
    [msg] => 
)
|--sign--|getmobilecode]
[16:42:55][|-ip-|192.168.10.39|--sign--|ajaxgetcode]
[16:42:55][|-saRs-|Array
(
    [flag] => 10000
    [msg] => 
)
|--sign--|ajaxgetcode]
[17:17:08][|-ip-|192.168.15.235|--sign--|ajaxgetcode]
[17:17:08][|-saRs-|Array
(
    [flag] => 10000
    [msg] => 
)
|--sign--|ajaxgetcode]
[17:50:29][|-ip-|192.168.10.89|--sign--|ajaxgetcode]
[17:50:29][|-saRs-|Array
(
    [flag] => 10000
    [msg] => 
)
|--sign--|ajaxgetcode]
