[08:59:20][|-ip-|192.168.10.85|--sign--|ajaxgetcode]
[08:59:20][|-saRs-|Array
(
    [flag] => 10000
    [msg] => 
)
|--sign--|ajaxgetcode]
[08:59:31][|-ip-|192.168.10.85|--sign--|ajaxgetcode]
[08:59:31][|-saRs-|Array
(
    [flag] => 10000
    [msg] => 
)
|--sign--|ajaxgetcode]
[08:59:59][|-ip-|192.168.10.85|--sign--|ajaxgetcode]
[08:59:59][|-saRs-|Array
(
    [flag] => 10000
    [msg] => 
)
|--sign--|ajaxgetcode]
[09:00:08][|-ip-|192.168.10.85|--sign--|getmobilecode]
[09:00:08][|-saRs-|Array
(
    [flag] => 10000
    [msg] => 
)
|--sign--|getmobilecode]
[09:23:25][|-ip-|192.168.10.85|--sign--|ajaxgetcode]
[09:23:25][|-saRs-|Array
(
    [flag] => 10000
    [msg] => 
)
|--sign--|ajaxgetcode]
[09:23:42][|-ip-|192.168.10.85|--sign--|getmobilecode]
[09:23:42][|-saRs-|Array
(
    [flag] => 10000
    [msg] => 
)
|--sign--|getmobilecode]
[09:26:33][|-ip-|192.168.10.85|--sign--|ajaxgetcode]
[09:26:33][|-saRs-|Array
(
    [flag] => 10000
    [msg] => 
)
|--sign--|ajaxgetcode]
[09:26:41][|-ip-|192.168.10.85|--sign--|getmobilecode]
[09:26:41][|-saRs-|Array
(
    [flag] => 10000
    [msg] => 
)
|--sign--|getmobilecode]
[09:27:01][|-ip-|192.168.10.85|--sign--|ajaxgetcode]
[09:27:01][|-saRs-|Array
(
    [flag] => 10000
    [msg] => 
)
|--sign--|ajaxgetcode]
[09:27:22][|-ip-|192.168.10.85|--sign--|getmobilecode]
[09:27:22][|-saRs-|Array
(
    [flag] => 10000
    [msg] => 
)
|--sign--|getmobilecode]
[09:39:11][|-ip-|192.168.10.85|--sign--|ajaxgetcode]
[09:39:11][|-saRs-|Array
(
    [flag] => 10000
    [msg] => 
)
|--sign--|ajaxgetcode]
[09:44:42][|-ip-|192.168.10.85|--sign--|ajaxgetcode]
[09:44:42][|-saRs-|Array
(
    [flag] => 10000
    [msg] => 
)
|--sign--|ajaxgetcode]
[09:47:57][|-ip-|192.168.10.85|--sign--|ajaxgetcode]
[09:47:57][|-saRs-|Array
(
    [flag] => 10000
    [msg] => 
)
|--sign--|ajaxgetcode]
[09:48:19][|-ip-|192.168.10.85|--sign--|ajaxgetcode]
[09:48:19][|-saRs-|Array
(
    [flag] => 10000
    [msg] => 
)
|--sign--|ajaxgetcode]
[09:48:38][|-ip-|192.168.10.85|--sign--|ajaxgetcode]
[09:48:38][|-saRs-|Array
(
    [flag] => 10000
    [msg] => 
)
|--sign--|ajaxgetcode]
[09:49:58][|-ip-|192.168.10.85|--sign--|ajaxgetcode]
[09:49:58][|-saRs-|Array
(
    [flag] => 10000
    [msg] => 
)
|--sign--|ajaxgetcode]
[09:53:11][|-ip-|10.100.0.18|--sign--|ajaxgetcode]
[09:53:11][|-saRs-|Array
(
    [flag] => 10000
    [msg] => 
)
|--sign--|ajaxgetcode]
[09:53:13][|-ip-|10.100.0.18|--sign--|ajaxgetcode]
[09:53:13][|-saRs-|Array
(
    [flag] => 10000
    [msg] => 
)
|--sign--|ajaxgetcode]
[09:53:25][|-ip-|10.100.0.18|--sign--|getmobilecode]
[09:53:25][|-saRs-|Array
(
    [flag] => 10000
    [msg] => 
)
|--sign--|getmobilecode]
[09:56:47][|-ip-|192.168.10.85|--sign--|ajaxgetcode]
[09:56:47][|-saRs-|Array
(
    [flag] => 10000
    [msg] => 
)
|--sign--|ajaxgetcode]
[09:59:37][|-ip-|192.168.10.85|--sign--|ajaxgetcode]
[09:59:37][|-saRs-|Array
(
    [flag] => 10000
    [msg] => 
)
|--sign--|ajaxgetcode]
[09:59:47][|-ip-|192.168.10.85|--sign--|ajaxgetcode]
[09:59:47][|-saRs-|Array
(
    [flag] => 10000
    [msg] => 
)
|--sign--|ajaxgetcode]
[10:00:05][|-ip-|192.168.10.85|--sign--|ajaxgetcode]
[10:00:05][|-saRs-|Array
(
    [flag] => 10000
    [msg] => 
)
|--sign--|ajaxgetcode]
[10:00:50][|-ip-|192.168.10.85|--sign--|ajaxgetcode]
[10:00:50][|-saRs-|Array
(
    [flag] => 10000
    [msg] => 
)
|--sign--|ajaxgetcode]
[10:01:52][|-ip-|192.168.10.85|--sign--|ajaxgetcode]
[10:01:52][|-saRs-|Array
(
    [flag] => 10000
    [msg] => 
)
|--sign--|ajaxgetcode]
[10:03:02][|-ip-|192.168.10.85|--sign--|ajaxgetcode]
[10:03:02][|-saRs-|Array
(
    [flag] => 10000
    [msg] => 
)
|--sign--|ajaxgetcode]
[10:04:14][|-ip-|192.168.10.85|--sign--|ajaxgetcode]
[10:04:14][|-saRs-|Array
(
    [flag] => 10000
    [msg] => 
)
|--sign--|ajaxgetcode]
[10:05:17][|-ip-|192.168.10.85|--sign--|ajaxgetcode]
[10:05:17][|-saRs-|Array
(
    [flag] => 10000
    [msg] => 
)
|--sign--|ajaxgetcode]
[10:06:40][|-ip-|192.168.10.85|--sign--|ajaxgetcode]
[10:06:40][|-saRs-|Array
(
    [flag] => 10000
    [msg] => 
)
|--sign--|ajaxgetcode]
[10:30:45][|-ip-|192.168.10.85|--sign--|ajaxgetcode]
[10:30:45][|-saRs-|Array
(
    [flag] => 10000
    [msg] => 
)
|--sign--|ajaxgetcode]
[10:36:57][|-ip-|192.168.10.85|--sign--|ajaxgetcode]
[10:36:57][|-saRs-|Array
(
    [flag] => 10000
    [msg] => 
)
|--sign--|ajaxgetcode]
[10:37:01][|-ip-|192.168.10.85|--sign--|ajaxgetcode]
[10:37:01][|-saRs-|Array
(
    [flag] => 10000
    [msg] => 
)
|--sign--|ajaxgetcode]
[10:37:20][|-ip-|192.168.10.85|--sign--|getmobilecode]
[10:37:20][|-saRs-|Array
(
    [flag] => 10000
    [msg] => 
)
|--sign--|getmobilecode]
[11:27:07][|-ip-|192.168.10.85|--sign--|ajaxgetcode]
[11:27:07][|-saRs-|Array
(
    [flag] => 10000
    [msg] => 
)
|--sign--|ajaxgetcode]
[11:29:51][|-ip-|192.168.10.85|--sign--|ajaxgetcode]
[11:29:51][|-saRs-|Array
(
    [flag] => 10000
    [msg] => 
)
|--sign--|ajaxgetcode]
[14:14:12][|-ip-|192.168.10.115|--sign--|provincebybank]
[14:14:12][|-saRs-|Array
(
    [flag] => 10000
    [msg] => 
)
|--sign--|provincebybank]
[14:14:15][|-ip-|192.168.10.115|--sign--|provincebybank]
[14:14:15][|-saRs-|Array
(
    [flag] => 10000
    [msg] => 
)
|--sign--|provincebybank]
[14:43:16][|-ip-|192.168.10.115|--sign--|provincebybank]
[14:43:16][|-saRs-|Array
(
    [flag] => 10000
    [msg] => 
)
|--sign--|provincebybank]
[14:49:28][|-ip-|192.168.10.115|--sign--|provincebybank]
[14:49:28][|-saRs-|Array
(
    [flag] => 10000
    [msg] => 
)
|--sign--|provincebybank]
[14:49:38][|-ip-|192.168.10.115|--sign--|provincebybank]
[14:49:38][|-saRs-|Array
(
    [flag] => 10000
    [msg] => 
)
|--sign--|provincebybank]
[14:57:20][|-ip-|192.168.10.115|--sign--|provincebybank]
[14:57:20][|-saRs-|Array
(
    [flag] => 10000
    [msg] => 
)
|--sign--|provincebybank]
[14:57:30][|-ip-|192.168.10.115|--sign--|provincebybank]
[14:57:30][|-saRs-|Array
(
    [flag] => 10000
    [msg] => 
)
|--sign--|provincebybank]
[14:57:34][|-ip-|192.168.10.115|--sign--|provincebybank]
[14:57:34][|-saRs-|Array
(
    [flag] => 10000
    [msg] => 
)
|--sign--|provincebybank]
[14:58:00][|-ip-|192.168.10.115|--sign--|provincebybank]
[14:58:00][|-saRs-|Array
(
    [flag] => 10000
    [msg] => 
)
|--sign--|provincebybank]
[15:29:54][|-ip-|192.168.10.115|--sign--|provincebybank]
[15:29:54][|-saRs-|Array
(
    [flag] => 10000
    [msg] => 
)
|--sign--|provincebybank]
[15:30:17][|-ip-|192.168.10.115|--sign--|provincebybank]
[15:30:17][|-saRs-|Array
(
    [flag] => 10000
    [msg] => 
)
|--sign--|provincebybank]
[15:30:25][|-ip-|192.168.10.115|--sign--|provincebybank]
[15:30:25][|-saRs-|Array
(
    [flag] => 10000
    [msg] => 
)
|--sign--|provincebybank]
[15:30:26][|-ip-|192.168.10.115|--sign--|provincebybank]
[15:30:26][|-saRs-|Array
(
    [flag] => 10000
    [msg] => 
)
|--sign--|provincebybank]
[15:43:13][|-ip-|192.168.10.115|--sign--|provincebybank]
[15:43:13][|-saRs-|Array
(
    [flag] => 10000
    [msg] => 
)
|--sign--|provincebybank]
[15:43:13][|-ip-|192.168.10.115|--sign--|provincebybank]
[15:43:13][|-saRs-|Array
(
    [flag] => 10000
    [msg] => 
)
|--sign--|provincebybank]
[15:43:28][|-ip-|192.168.10.115|--sign--|provincebybank]
[15:43:28][|-saRs-|Array
(
    [flag] => 10000
    [msg] => 
)
|--sign--|provincebybank]
[15:43:28][|-ip-|192.168.10.115|--sign--|provincebybank]
[15:43:28][|-saRs-|Array
(
    [flag] => 10000
    [msg] => 
)
|--sign--|provincebybank]
[15:43:33][|-ip-|192.168.10.115|--sign--|provincebybank]
[15:43:33][|-saRs-|Array
(
    [flag] => 10000
    [msg] => 
)
|--sign--|provincebybank]
[15:43:34][|-ip-|192.168.10.115|--sign--|provincebybank]
[15:43:34][|-saRs-|Array
(
    [flag] => 10000
    [msg] => 
)
|--sign--|provincebybank]
[15:43:34][|-ip-|192.168.10.115|--sign--|provincebybank]
[15:43:34][|-saRs-|Array
(
    [flag] => 10000
    [msg] => 
)
|--sign--|provincebybank]
[15:43:34][|-ip-|192.168.10.115|--sign--|provincebybank]
[15:43:34][|-saRs-|Array
(
    [flag] => 10000
    [msg] => 
)
|--sign--|provincebybank]
[15:43:35][|-ip-|192.168.10.115|--sign--|provincebybank]
[15:43:35][|-saRs-|Array
(
    [flag] => 10000
    [msg] => 
)
|--sign--|provincebybank]
[15:43:35][|-ip-|192.168.10.115|--sign--|provincebybank]
[15:43:35][|-saRs-|Array
(
    [flag] => 10000
    [msg] => 
)
|--sign--|provincebybank]
[15:43:36][|-ip-|192.168.10.115|--sign--|provincebybank]
[15:43:36][|-saRs-|Array
(
    [flag] => 10000
    [msg] => 
)
|--sign--|provincebybank]
[15:43:36][|-ip-|192.168.10.115|--sign--|provincebybank]
[15:43:36][|-saRs-|Array
(
    [flag] => 10000
    [msg] => 
)
|--sign--|provincebybank]
[15:43:37][|-ip-|192.168.10.115|--sign--|provincebybank]
[15:43:37][|-saRs-|Array
(
    [flag] => 10000
    [msg] => 
)
|--sign--|provincebybank]
[15:43:37][|-ip-|192.168.10.115|--sign--|provincebybank]
[15:43:37][|-saRs-|Array
(
    [flag] => 10000
    [msg] => 
)
|--sign--|provincebybank]
[15:43:38][|-ip-|192.168.10.115|--sign--|provincebybank]
[15:43:38][|-saRs-|Array
(
    [flag] => 10000
    [msg] => 
)
|--sign--|provincebybank]
[15:43:56][|-ip-|192.168.10.115|--sign--|provincebybank]
[15:43:56][|-saRs-|Array
(
    [flag] => 10000
    [msg] => 
)
|--sign--|provincebybank]
[15:44:03][|-ip-|192.168.10.115|--sign--|provincebybank]
[15:44:03][|-saRs-|Array
(
    [flag] => 10000
    [msg] => 
)
|--sign--|provincebybank]
[15:44:03][|-ip-|192.168.10.115|--sign--|provincebybank]
[15:44:03][|-saRs-|Array
(
    [flag] => 10000
    [msg] => 
)
|--sign--|provincebybank]
[15:44:04][|-ip-|192.168.10.115|--sign--|provincebybank]
[15:44:04][|-saRs-|Array
(
    [flag] => 10000
    [msg] => 
)
|--sign--|provincebybank]
[15:44:05][|-ip-|192.168.10.115|--sign--|provincebybank]
[15:44:05][|-saRs-|Array
(
    [flag] => 10000
    [msg] => 
)
|--sign--|provincebybank]
[15:44:27][|-ip-|192.168.10.115|--sign--|provincebybank]
[15:44:27][|-saRs-|Array
(
    [flag] => 10000
    [msg] => 
)
|--sign--|provincebybank]
[15:44:28][|-ip-|192.168.10.115|--sign--|provincebybank]
[15:44:28][|-saRs-|Array
(
    [flag] => 10000
    [msg] => 
)
|--sign--|provincebybank]
[15:44:43][|-ip-|192.168.10.115|--sign--|provincebybank]
[15:44:43][|-saRs-|Array
(
    [flag] => 10000
    [msg] => 
)
|--sign--|provincebybank]
[15:44:44][|-ip-|192.168.10.115|--sign--|provincebybank]
[15:44:44][|-saRs-|Array
(
    [flag] => 10000
    [msg] => 
)
|--sign--|provincebybank]
[15:52:10][|-ip-|192.168.10.115|--sign--|provincebybank]
[15:52:10][|-saRs-|Array
(
    [flag] => 10000
    [msg] => 
)
|--sign--|provincebybank]
[15:52:11][|-ip-|192.168.10.115|--sign--|provincebybank]
[15:52:11][|-saRs-|Array
(
    [flag] => 10000
    [msg] => 
)
|--sign--|provincebybank]
[15:52:57][|-ip-|192.168.10.115|--sign--|provincebybank]
[15:52:57][|-saRs-|Array
(
    [flag] => 10000
    [msg] => 
)
|--sign--|provincebybank]
[15:52:58][|-ip-|192.168.10.115|--sign--|provincebybank]
[15:52:58][|-saRs-|Array
(
    [flag] => 10000
    [msg] => 
)
|--sign--|provincebybank]
[15:53:09][|-ip-|192.168.10.115|--sign--|provincebybank]
[15:53:09][|-saRs-|Array
(
    [flag] => 10000
    [msg] => 
)
|--sign--|provincebybank]
[16:07:53][|-ip-|192.168.10.115|--sign--|provincebybank]
[16:07:53][|-saRs-|Array
(
    [flag] => 10000
    [msg] => 
)
|--sign--|provincebybank]
[16:08:07][|-ip-|192.168.10.115|--sign--|provincebybank]
[16:08:07][|-saRs-|Array
(
    [flag] => 10000
    [msg] => 
)
|--sign--|provincebybank]
[16:08:45][|-ip-|192.168.10.115|--sign--|provincebybank]
[16:08:45][|-saRs-|Array
(
    [flag] => 10000
    [msg] => 
)
|--sign--|provincebybank]
[16:09:44][|-ip-|192.168.10.115|--sign--|provincebybank]
[16:09:44][|-saRs-|Array
(
    [flag] => 10000
    [msg] => 
)
|--sign--|provincebybank]
[16:10:58][|-ip-|192.168.10.115|--sign--|provincebybank]
[16:10:58][|-saRs-|Array
(
    [flag] => 10000
    [msg] => 
)
|--sign--|provincebybank]
[16:11:06][|-ip-|192.168.10.115|--sign--|provincebybank]
[16:11:06][|-saRs-|Array
(
    [flag] => 10000
    [msg] => 
)
|--sign--|provincebybank]
[16:11:08][|-ip-|192.168.10.115|--sign--|provincebybank]
[16:11:08][|-saRs-|Array
(
    [flag] => 10000
    [msg] => 
)
|--sign--|provincebybank]
[16:11:08][|-ip-|192.168.10.115|--sign--|provincebybank]
[16:11:08][|-saRs-|Array
(
    [flag] => 10000
    [msg] => 
)
|--sign--|provincebybank]
[16:11:09][|-ip-|192.168.10.115|--sign--|provincebybank]
[16:11:09][|-saRs-|Array
(
    [flag] => 10000
    [msg] => 
)
|--sign--|provincebybank]
[16:11:10][|-ip-|192.168.10.115|--sign--|provincebybank]
[16:11:10][|-saRs-|Array
(
    [flag] => 10000
    [msg] => 
)
|--sign--|provincebybank]
[16:11:11][|-ip-|192.168.10.115|--sign--|provincebybank]
[16:11:11][|-saRs-|Array
(
    [flag] => 10000
    [msg] => 
)
|--sign--|provincebybank]
[16:11:12][|-ip-|192.168.10.115|--sign--|provincebybank]
[16:11:12][|-saRs-|Array
(
    [flag] => 10000
    [msg] => 
)
|--sign--|provincebybank]
[16:11:12][|-ip-|192.168.10.115|--sign--|provincebybank]
[16:11:12][|-saRs-|Array
(
    [flag] => 10000
    [msg] => 
)
|--sign--|provincebybank]
[16:11:12][|-ip-|192.168.10.115|--sign--|provincebybank]
[16:11:12][|-saRs-|Array
(
    [flag] => 10000
    [msg] => 
)
|--sign--|provincebybank]
[16:11:14][|-ip-|192.168.10.115|--sign--|provincebybank]
[16:11:14][|-saRs-|Array
(
    [flag] => 10000
    [msg] => 
)
|--sign--|provincebybank]
[16:11:14][|-ip-|192.168.10.115|--sign--|provincebybank]
[16:11:14][|-saRs-|Array
(
    [flag] => 10000
    [msg] => 
)
|--sign--|provincebybank]
[16:11:15][|-ip-|192.168.10.115|--sign--|provincebybank]
[16:11:15][|-saRs-|Array
(
    [flag] => 10000
    [msg] => 
)
|--sign--|provincebybank]
[16:11:15][|-ip-|192.168.10.115|--sign--|provincebybank]
[16:11:15][|-saRs-|Array
(
    [flag] => 10000
    [msg] => 
)
|--sign--|provincebybank]
[16:18:20][|-ip-|192.168.10.115|--sign--|provincebybank]
[16:18:20][|-saRs-|Array
(
    [flag] => 10000
    [msg] => 
)
|--sign--|provincebybank]
[16:18:33][|-ip-|192.168.10.115|--sign--|provincebybank]
[16:18:33][|-saRs-|Array
(
    [flag] => 10000
    [msg] => 
)
|--sign--|provincebybank]
[16:18:37][|-ip-|192.168.10.115|--sign--|provincebybank]
[16:18:37][|-saRs-|Array
(
    [flag] => 10000
    [msg] => 
)
|--sign--|provincebybank]
[16:25:11][|-ip-|192.168.10.115|--sign--|provincebybank]
[16:25:11][|-saRs-|Array
(
    [flag] => 10000
    [msg] => 
)
|--sign--|provincebybank]
[16:25:38][|-ip-|192.168.10.115|--sign--|provincebybank]
[16:25:38][|-saRs-|Array
(
    [flag] => 10000
    [msg] => 
)
|--sign--|provincebybank]
[16:26:11][|-ip-|192.168.10.115|--sign--|provincebybank]
[16:26:11][|-saRs-|Array
(
    [flag] => 10000
    [msg] => 
)
|--sign--|provincebybank]
[16:26:26][|-ip-|192.168.10.115|--sign--|provincebybank]
[16:26:26][|-saRs-|Array
(
    [flag] => 10000
    [msg] => 
)
|--sign--|provincebybank]
[16:26:29][|-ip-|192.168.10.115|--sign--|provincebybank]
[16:26:29][|-saRs-|Array
(
    [flag] => 10000
    [msg] => 
)
|--sign--|provincebybank]
[16:26:54][|-ip-|192.168.10.115|--sign--|provincebybank]
[16:26:54][|-saRs-|Array
(
    [flag] => 10000
    [msg] => 
)
|--sign--|provincebybank]
[16:27:13][|-ip-|192.168.10.115|--sign--|provincebybank]
[16:27:13][|-saRs-|Array
(
    [flag] => 10000
    [msg] => 
)
|--sign--|provincebybank]
[16:27:14][|-ip-|192.168.10.115|--sign--|provincebybank]
[16:27:14][|-saRs-|Array
(
    [flag] => 10000
    [msg] => 
)
|--sign--|provincebybank]
[16:27:17][|-ip-|192.168.10.115|--sign--|provincebybank]
[16:27:17][|-saRs-|Array
(
    [flag] => 10000
    [msg] => 
)
|--sign--|provincebybank]
[16:27:18][|-ip-|192.168.10.115|--sign--|provincebybank]
[16:27:18][|-saRs-|Array
(
    [flag] => 10000
    [msg] => 
)
|--sign--|provincebybank]
[16:27:19][|-ip-|192.168.10.115|--sign--|provincebybank]
[16:27:19][|-saRs-|Array
(
    [flag] => 10000
    [msg] => 
)
|--sign--|provincebybank]
[16:27:19][|-ip-|192.168.10.115|--sign--|provincebybank]
[16:27:19][|-saRs-|Array
(
    [flag] => 10000
    [msg] => 
)
|--sign--|provincebybank]
[16:27:20][|-ip-|192.168.10.115|--sign--|provincebybank]
[16:27:20][|-saRs-|Array
(
    [flag] => 10000
    [msg] => 
)
|--sign--|provincebybank]
[16:27:21][|-ip-|192.168.10.115|--sign--|provincebybank]
[16:27:21][|-saRs-|Array
(
    [flag] => 10000
    [msg] => 
)
|--sign--|provincebybank]
[16:27:21][|-ip-|192.168.10.115|--sign--|provincebybank]
[16:27:21][|-saRs-|Array
(
    [flag] => 10000
    [msg] => 
)
|--sign--|provincebybank]
[16:27:22][|-ip-|192.168.10.115|--sign--|provincebybank]
[16:27:22][|-saRs-|Array
(
    [flag] => 10000
    [msg] => 
)
|--sign--|provincebybank]
[16:27:22][|-ip-|192.168.10.115|--sign--|provincebybank]
[16:27:22][|-saRs-|Array
(
    [flag] => 10000
    [msg] => 
)
|--sign--|provincebybank]
[16:27:23][|-ip-|192.168.10.115|--sign--|provincebybank]
[16:27:23][|-saRs-|Array
(
    [flag] => 10000
    [msg] => 
)
|--sign--|provincebybank]
[16:27:24][|-ip-|192.168.10.115|--sign--|provincebybank]
[16:27:24][|-saRs-|Array
(
    [flag] => 10000
    [msg] => 
)
|--sign--|provincebybank]
[16:27:24][|-ip-|192.168.10.115|--sign--|provincebybank]
[16:27:24][|-saRs-|Array
(
    [flag] => 10000
    [msg] => 
)
|--sign--|provincebybank]
[16:27:25][|-ip-|192.168.10.115|--sign--|provincebybank]
[16:27:25][|-saRs-|Array
(
    [flag] => 10000
    [msg] => 
)
|--sign--|provincebybank]
[16:27:25][|-ip-|192.168.10.115|--sign--|provincebybank]
[16:27:25][|-saRs-|Array
(
    [flag] => 10000
    [msg] => 
)
|--sign--|provincebybank]
[16:27:26][|-ip-|192.168.10.115|--sign--|provincebybank]
[16:27:26][|-saRs-|Array
(
    [flag] => 10000
    [msg] => 
)
|--sign--|provincebybank]
[16:27:26][|-ip-|192.168.10.115|--sign--|provincebybank]
[16:27:26][|-saRs-|Array
(
    [flag] => 10000
    [msg] => 
)
|--sign--|provincebybank]
[16:27:26][|-ip-|192.168.10.115|--sign--|provincebybank]
[16:27:26][|-saRs-|Array
(
    [flag] => 10000
    [msg] => 
)
|--sign--|provincebybank]
[16:27:27][|-ip-|192.168.10.115|--sign--|provincebybank]
[16:27:27][|-saRs-|Array
(
    [flag] => 10000
    [msg] => 
)
|--sign--|provincebybank]
[16:27:27][|-ip-|192.168.10.115|--sign--|provincebybank]
[16:27:27][|-saRs-|Array
(
    [flag] => 10000
    [msg] => 
)
|--sign--|provincebybank]
[16:27:28][|-ip-|192.168.10.115|--sign--|provincebybank]
[16:27:28][|-saRs-|Array
(
    [flag] => 10000
    [msg] => 
)
|--sign--|provincebybank]
[16:27:28][|-ip-|192.168.10.115|--sign--|provincebybank]
[16:27:28][|-saRs-|Array
(
    [flag] => 10000
    [msg] => 
)
|--sign--|provincebybank]
[16:27:28][|-ip-|192.168.10.115|--sign--|provincebybank]
[16:27:28][|-saRs-|Array
(
    [flag] => 10000
    [msg] => 
)
|--sign--|provincebybank]
[16:27:29][|-ip-|192.168.10.115|--sign--|provincebybank]
[16:27:29][|-saRs-|Array
(
    [flag] => 10000
    [msg] => 
)
|--sign--|provincebybank]
[16:27:30][|-ip-|192.168.10.115|--sign--|provincebybank]
[16:27:30][|-saRs-|Array
(
    [flag] => 10000
    [msg] => 
)
|--sign--|provincebybank]
[16:27:30][|-ip-|192.168.10.115|--sign--|provincebybank]
[16:27:30][|-saRs-|Array
(
    [flag] => 10000
    [msg] => 
)
|--sign--|provincebybank]
[16:27:30][|-ip-|192.168.10.115|--sign--|provincebybank]
[16:27:30][|-saRs-|Array
(
    [flag] => 10000
    [msg] => 
)
|--sign--|provincebybank]
[16:27:31][|-ip-|192.168.10.115|--sign--|provincebybank]
[16:27:31][|-saRs-|Array
(
    [flag] => 10000
    [msg] => 
)
|--sign--|provincebybank]
[16:30:21][|-ip-|192.168.10.115|--sign--|provincebybank]
[16:30:21][|-saRs-|Array
(
    [flag] => 10000
    [msg] => 
)
|--sign--|provincebybank]
[16:31:17][|-ip-|192.168.10.115|--sign--|provincebybank]
[16:31:17][|-saRs-|Array
(
    [flag] => 10000
    [msg] => 
)
|--sign--|provincebybank]
[16:35:45][|-ip-|192.168.10.115|--sign--|provincebybank]
[16:35:45][|-saRs-|Array
(
    [flag] => 10000
    [msg] => 
)
|--sign--|provincebybank]
[16:38:13][|-ip-|192.168.10.115|--sign--|provincebybank]
[16:38:13][|-saRs-|Array
(
    [flag] => 10000
    [msg] => 
)
|--sign--|provincebybank]
[16:38:35][|-ip-|192.168.10.115|--sign--|provincebybank]
[16:38:35][|-saRs-|Array
(
    [flag] => 10000
    [msg] => 
)
|--sign--|provincebybank]
[16:38:41][|-ip-|192.168.10.115|--sign--|provincebybank]
[16:38:41][|-saRs-|Array
(
    [flag] => 10000
    [msg] => 
)
|--sign--|provincebybank]
[16:38:52][|-ip-|192.168.10.115|--sign--|provincebybank]
[16:38:52][|-saRs-|Array
(
    [flag] => 10000
    [msg] => 
)
|--sign--|provincebybank]
[16:43:38][|-ip-|192.168.10.115|--sign--|provincebybank]
[16:43:38][|-saRs-|Array
(
    [flag] => 10000
    [msg] => 
)
|--sign--|provincebybank]
[16:43:41][|-ip-|192.168.10.115|--sign--|provincebybank]
[16:43:41][|-saRs-|Array
(
    [flag] => 10000
    [msg] => 
)
|--sign--|provincebybank]
[16:44:33][|-ip-|192.168.10.115|--sign--|provincebybank]
[16:44:33][|-saRs-|Array
(
    [flag] => 10000
    [msg] => 
)
|--sign--|provincebybank]
[16:44:34][|-ip-|192.168.10.115|--sign--|provincebybank]
[16:44:34][|-saRs-|Array
(
    [flag] => 10000
    [msg] => 
)
|--sign--|provincebybank]
[16:44:34][|-ip-|192.168.10.115|--sign--|provincebybank]
[16:44:34][|-saRs-|Array
(
    [flag] => 10000
    [msg] => 
)
|--sign--|provincebybank]
[16:48:27][|-ip-|192.168.10.115|--sign--|provincebybank]
[16:48:27][|-saRs-|Array
(
    [flag] => 10000
    [msg] => 
)
|--sign--|provincebybank]
[16:48:30][|-ip-|192.168.10.115|--sign--|citybyprovincebank]
[16:48:30][|-saRs-|Array
(
    [flag] => 10000
    [msg] => 
)
|--sign--|citybyprovincebank]
[16:48:35][|-ip-|192.168.10.115|--sign--|citybyprovincebank]
[16:48:35][|-saRs-|Array
(
    [flag] => 10000
    [msg] => 
)
|--sign--|citybyprovincebank]
[16:48:37][|-ip-|192.168.10.115|--sign--|citybyprovincebank]
[16:48:37][|-saRs-|Array
(
    [flag] => 10000
    [msg] => 
)
|--sign--|citybyprovincebank]
[16:58:36][|-ip-|192.168.10.85|--sign--|ajaxgetcode]
[16:58:36][|-saRs-|Array
(
    [flag] => 10000
    [msg] => 
)
|--sign--|ajaxgetcode]
[16:58:56][|-ip-|192.168.10.85|--sign--|getmobilecode]
[16:58:56][|-saRs-|Array
(
    [flag] => 10000
    [msg] => 
)
|--sign--|getmobilecode]
[17:03:28][|-ip-|192.168.10.85|--sign--|ajaxgetcode]
[17:03:28][|-saRs-|Array
(
    [flag] => 10000
    [msg] => 
)
|--sign--|ajaxgetcode]
[17:04:19][|-ip-|192.168.10.85|--sign--|getmobilecode]
[17:04:19][|-saRs-|Array
(
    [flag] => 10000
    [msg] => 
)
|--sign--|getmobilecode]
[17:04:20][|-ip-|192.168.10.115|--sign--|provincebybank]
[17:04:20][|-saRs-|Array
(
    [flag] => 10000
    [msg] => 
)
|--sign--|provincebybank]
[17:04:55][|-ip-|192.168.10.115|--sign--|provincebybank]
[17:04:55][|-saRs-|Array
(
    [flag] => 10000
    [msg] => 
)
|--sign--|provincebybank]
[17:09:06][|-ip-|192.168.10.115|--sign--|provincebybank]
[17:09:06][|-saRs-|Array
(
    [flag] => 10000
    [msg] => 
)
|--sign--|provincebybank]
[17:09:10][|-ip-|192.168.10.115|--sign--|citybyprovincebank]
[17:09:10][|-saRs-|Array
(
    [flag] => 10000
    [msg] => 
)
|--sign--|citybyprovincebank]
[17:09:48][|-ip-|192.168.10.115|--sign--|provincebybank]
[17:09:48][|-saRs-|Array
(
    [flag] => 10000
    [msg] => 
)
|--sign--|provincebybank]
[17:09:51][|-ip-|192.168.10.115|--sign--|citybyprovincebank]
[17:09:51][|-saRs-|Array
(
    [flag] => 10000
    [msg] => 
)
|--sign--|citybyprovincebank]
[17:10:01][|-ip-|192.168.10.115|--sign--|citybyprovincebank]
[17:10:01][|-saRs-|Array
(
    [flag] => 10000
    [msg] => 
)
|--sign--|citybyprovincebank]
[17:10:06][|-ip-|192.168.10.85|--sign--|ajaxgetcode]
[17:10:06][|-saRs-|Array
(
    [flag] => 10000
    [msg] => 
)
|--sign--|ajaxgetcode]
[17:11:46][|-ip-|192.168.10.85|--sign--|ajaxgetcode]
[17:11:46][|-saRs-|Array
(
    [flag] => 10000
    [msg] => 
)
|--sign--|ajaxgetcode]
[17:14:51][|-ip-|192.168.10.85|--sign--|ajaxgetcode]
[17:14:51][|-saRs-|Array
(
    [flag] => 10000
    [msg] => 
)
|--sign--|ajaxgetcode]
[17:16:51][|-ip-|192.168.10.85|--sign--|ajaxgetcode]
[17:16:51][|-saRs-|Array
(
    [flag] => 10000
    [msg] => 
)
|--sign--|ajaxgetcode]
[17:17:47][|-ip-|192.168.10.85|--sign--|getmobilecode]
[17:17:47][|-saRs-|Array
(
    [flag] => 10000
    [msg] => 
)
|--sign--|getmobilecode]
[17:17:48][|-ip-|192.168.10.85|--sign--|ajaxgetcode]
[17:17:48][|-saRs-|Array
(
    [flag] => 10000
    [msg] => 
)
|--sign--|ajaxgetcode]
[17:18:34][|-ip-|192.168.10.85|--sign--|ajaxgetcode]
[17:18:34][|-saRs-|Array
(
    [flag] => 10000
    [msg] => 
)
|--sign--|ajaxgetcode]
[17:18:46][|-ip-|192.168.10.85|--sign--|getmobilecode]
[17:18:46][|-saRs-|Array
(
    [flag] => 10000
    [msg] => 
)
|--sign--|getmobilecode]
[17:19:00][|-ip-|192.168.10.85|--sign--|ajaxgetcode]
[17:19:00][|-saRs-|Array
(
    [flag] => 10000
    [msg] => 
)
|--sign--|ajaxgetcode]
[17:19:12][|-ip-|192.168.10.85|--sign--|getmobilecode]
[17:19:12][|-saRs-|Array
(
    [flag] => 10000
    [msg] => 
)
|--sign--|getmobilecode]
[17:19:46][|-ip-|192.168.10.85|--sign--|ajaxgetcode]
[17:19:46][|-saRs-|Array
(
    [flag] => 10000
    [msg] => 
)
|--sign--|ajaxgetcode]
[17:19:58][|-ip-|192.168.10.85|--sign--|getmobilecode]
[17:19:58][|-saRs-|Array
(
    [flag] => 10000
    [msg] => 
)
|--sign--|getmobilecode]
[17:22:39][|-ip-|192.168.10.85|--sign--|ajaxgetcode]
[17:22:39][|-saRs-|Array
(
    [flag] => 10000
    [msg] => 
)
|--sign--|ajaxgetcode]
[17:25:52][|-ip-|192.168.10.85|--sign--|ajaxgetcode]
[17:25:52][|-saRs-|Array
(
    [flag] => 10000
    [msg] => 
)
|--sign--|ajaxgetcode]
[17:28:10][|-ip-|192.168.10.85|--sign--|ajaxgetcode]
[17:28:10][|-saRs-|Array
(
    [flag] => 10000
    [msg] => 
)
|--sign--|ajaxgetcode]
[17:28:56][|-ip-|192.168.10.85|--sign--|ajaxgetcode]
[17:28:56][|-saRs-|Array
(
    [flag] => 10000
    [msg] => 
)
|--sign--|ajaxgetcode]
[17:30:06][|-ip-|192.168.10.85|--sign--|ajaxgetcode]
[17:30:06][|-saRs-|Array
(
    [flag] => 10000
    [msg] => 
)
|--sign--|ajaxgetcode]
[17:31:57][|-ip-|192.168.10.85|--sign--|ajaxgetcode]
[17:31:57][|-saRs-|Array
(
    [flag] => 10000
    [msg] => 
)
|--sign--|ajaxgetcode]
[17:35:36][|-ip-|192.168.10.85|--sign--|ajaxgetcode]
[17:35:36][|-saRs-|Array
(
    [flag] => 10000
    [msg] => 
)
|--sign--|ajaxgetcode]
[17:36:39][|-ip-|192.168.10.85|--sign--|ajaxgetcode]
[17:36:39][|-saRs-|Array
(
    [flag] => 10000
    [msg] => 
)
|--sign--|ajaxgetcode]
[17:39:15][|-ip-|192.168.10.85|--sign--|ajaxgetcode]
[17:39:15][|-saRs-|Array
(
    [flag] => 10000
    [msg] => 
)
|--sign--|ajaxgetcode]
[17:42:29][|-ip-|192.168.10.115|--sign--|provincebybank]
[17:42:29][|-saRs-|Array
(
    [flag] => 10000
    [msg] => 
)
|--sign--|provincebybank]
[17:42:32][|-ip-|192.168.10.115|--sign--|citybyprovincebank]
[17:42:32][|-saRs-|Array
(
    [flag] => 10000
    [msg] => 
)
|--sign--|citybyprovincebank]
[17:42:37][|-ip-|192.168.10.115|--sign--|citybyprovincebank]
[17:42:37][|-saRs-|Array
(
    [flag] => 10000
    [msg] => 
)
|--sign--|citybyprovincebank]
[17:43:01][|-ip-|192.168.10.115|--sign--|provincebybank]
[17:43:01][|-saRs-|Array
(
    [flag] => 10000
    [msg] => 
)
|--sign--|provincebybank]
[17:43:04][|-ip-|192.168.10.115|--sign--|citybyprovincebank]
[17:43:04][|-saRs-|Array
(
    [flag] => 10000
    [msg] => 
)
|--sign--|citybyprovincebank]
[17:43:08][|-ip-|192.168.10.115|--sign--|citybyprovincebank]
[17:43:08][|-saRs-|Array
(
    [flag] => 10000
    [msg] => 
)
|--sign--|citybyprovincebank]
[17:43:11][|-ip-|192.168.10.115|--sign--|citybyprovincebank]
[17:43:11][|-saRs-|Array
(
    [flag] => 10000
    [msg] => 
)
|--sign--|citybyprovincebank]
[17:43:13][|-ip-|192.168.10.115|--sign--|citybyprovincebank]
[17:43:13][|-saRs-|Array
(
    [flag] => 10000
    [msg] => 
)
|--sign--|citybyprovincebank]
[17:43:40][|-ip-|192.168.10.115|--sign--|provincebybank]
[17:43:40][|-saRs-|Array
(
    [flag] => 10000
    [msg] => 
)
|--sign--|provincebybank]
[17:43:42][|-ip-|192.168.10.115|--sign--|citybyprovincebank]
[17:43:42][|-saRs-|Array
(
    [flag] => 10000
    [msg] => 
)
|--sign--|citybyprovincebank]
[17:43:44][|-ip-|192.168.10.115|--sign--|bandbyprovincebankcity]
[17:43:44][|-saRs-|Array
(
    [flag] => 10000
    [msg] => 
)
|--sign--|bandbyprovincebankcity]
[17:45:04][|-ip-|192.168.10.85|--sign--|ajaxgetcode]
[17:45:04][|-saRs-|Array
(
    [flag] => 10000
    [msg] => 
)
|--sign--|ajaxgetcode]
[17:46:25][|-ip-|192.168.10.85|--sign--|ajaxgetcode]
[17:46:25][|-saRs-|Array
(
    [flag] => 10000
    [msg] => 
)
|--sign--|ajaxgetcode]
[17:50:01][|-ip-|192.168.10.115|--sign--|provincebybank]
[17:50:01][|-saRs-|Array
(
    [flag] => 10000
    [msg] => 
)
|--sign--|provincebybank]
[17:50:03][|-ip-|192.168.10.115|--sign--|citybyprovincebank]
[17:50:03][|-saRs-|Array
(
    [flag] => 10000
    [msg] => 
)
|--sign--|citybyprovincebank]
[17:50:04][|-ip-|192.168.10.115|--sign--|bandbyprovincebankcity]
[17:50:04][|-saRs-|Array
(
    [flag] => 10000
    [msg] => 
)
|--sign--|bandbyprovincebankcity]
[17:50:25][|-ip-|192.168.10.115|--sign--|bandbyprovincebankcity]
[17:50:25][|-saRs-|Array
(
    [flag] => 10000
    [msg] => 
)
|--sign--|bandbyprovincebankcity]
[17:57:42][|-ip-|192.168.10.115|--sign--|provincebybank]
[17:57:42][|-saRs-|Array
(
    [flag] => 10000
    [msg] => 
)
|--sign--|provincebybank]
[17:57:44][|-ip-|192.168.10.115|--sign--|citybyprovincebank]
[17:57:44][|-saRs-|Array
(
    [flag] => 10000
    [msg] => 
)
|--sign--|citybyprovincebank]
[17:57:47][|-ip-|192.168.10.115|--sign--|citybyprovincebank]
[17:57:47][|-saRs-|Array
(
    [flag] => 10000
    [msg] => 
)
|--sign--|citybyprovincebank]
[17:57:50][|-ip-|192.168.10.115|--sign--|citybyprovincebank]
[17:57:50][|-saRs-|Array
(
    [flag] => 10000
    [msg] => 
)
|--sign--|citybyprovincebank]
[17:57:58][|-ip-|192.168.10.115|--sign--|citybyprovincebank]
[17:57:58][|-saRs-|Array
(
    [flag] => 10000
    [msg] => 
)
|--sign--|citybyprovincebank]
[18:00:00][|-ip-|192.168.10.115|--sign--|provincebybank]
[18:00:00][|-saRs-|Array
(
    [flag] => 10000
    [msg] => 
)
|--sign--|provincebybank]
[18:00:05][|-ip-|192.168.10.115|--sign--|citybyprovincebank]
[18:00:05][|-saRs-|Array
(
    [flag] => 10000
    [msg] => 
)
|--sign--|citybyprovincebank]
[18:00:06][|-ip-|192.168.10.115|--sign--|citybyprovincebank]
[18:00:06][|-saRs-|Array
(
    [flag] => 10000
    [msg] => 
)
|--sign--|citybyprovincebank]
[18:00:24][|-ip-|192.168.10.115|--sign--|citybyprovincebank]
[18:00:24][|-saRs-|Array
(
    [flag] => 10000
    [msg] => 
)
|--sign--|citybyprovincebank]
[18:00:26][|-ip-|192.168.10.115|--sign--|citybyprovincebank]
[18:00:26][|-saRs-|Array
(
    [flag] => 10000
    [msg] => 
)
|--sign--|citybyprovincebank]
[18:01:26][|-ip-|192.168.10.115|--sign--|bandbyprovincebankcity]
[18:01:26][|-saRs-|Array
(
    [flag] => 10000
    [msg] => 
)
|--sign--|bandbyprovincebankcity]
[18:02:24][|-ip-|192.168.10.115|--sign--|bandbyprovincebankcity]
[18:02:24][|-saRs-|Array
(
    [flag] => 10000
    [msg] => 
)
|--sign--|bandbyprovincebankcity]
[18:02:30][|-ip-|192.168.10.115|--sign--|citybyprovincebank]
[18:02:30][|-saRs-|Array
(
    [flag] => 10000
    [msg] => 
)
|--sign--|citybyprovincebank]
[18:02:34][|-ip-|192.168.10.115|--sign--|citybyprovincebank]
[18:02:34][|-saRs-|Array
(
    [flag] => 10000
    [msg] => 
)
|--sign--|citybyprovincebank]
[18:02:37][|-ip-|192.168.10.115|--sign--|citybyprovincebank]
[18:02:37][|-saRs-|Array
(
    [flag] => 10000
    [msg] => 
)
|--sign--|citybyprovincebank]
[18:02:40][|-ip-|192.168.10.115|--sign--|bandbyprovincebankcity]
[18:02:40][|-saRs-|Array
(
    [flag] => 10000
    [msg] => 
)
|--sign--|bandbyprovincebankcity]
[18:02:46][|-ip-|192.168.10.115|--sign--|citybyprovincebank]
[18:02:46][|-saRs-|Array
(
    [flag] => 10000
    [msg] => 
)
|--sign--|citybyprovincebank]
[18:02:56][|-ip-|192.168.10.115|--sign--|citybyprovincebank]
[18:02:56][|-saRs-|Array
(
    [flag] => 10000
    [msg] => 
)
|--sign--|citybyprovincebank]
[18:03:20][|-ip-|192.168.10.115|--sign--|citybyprovincebank]
[18:03:20][|-saRs-|Array
(
    [flag] => 10000
    [msg] => 
)
|--sign--|citybyprovincebank]
[18:03:25][|-ip-|192.168.10.115|--sign--|citybyprovincebank]
[18:03:25][|-saRs-|Array
(
    [flag] => 10000
    [msg] => 
)
|--sign--|citybyprovincebank]
[18:03:33][|-ip-|192.168.10.115|--sign--|citybyprovincebank]
[18:03:33][|-saRs-|Array
(
    [flag] => 10000
    [msg] => 
)
|--sign--|citybyprovincebank]
[18:03:35][|-ip-|192.168.10.115|--sign--|bandbyprovincebankcity]
[18:03:35][|-saRs-|Array
(
    [flag] => 10000
    [msg] => 
)
|--sign--|bandbyprovincebankcity]
[18:03:38][|-ip-|192.168.10.115|--sign--|citybyprovincebank]
[18:03:38][|-saRs-|Array
(
    [flag] => 10000
    [msg] => 
)
|--sign--|citybyprovincebank]
[18:05:52][|-ip-|192.168.10.115|--sign--|provincebybank]
[18:05:52][|-saRs-|Array
(
    [flag] => 10000
    [msg] => 
)
|--sign--|provincebybank]
[18:05:58][|-ip-|192.168.10.115|--sign--|provincebybank]
[18:05:58][|-saRs-|Array
(
    [flag] => 10000
    [msg] => 
)
|--sign--|provincebybank]
[18:05:59][|-ip-|192.168.10.115|--sign--|provincebybank]
[18:05:59][|-saRs-|Array
(
    [flag] => 10000
    [msg] => 
)
|--sign--|provincebybank]
[18:06:00][|-ip-|192.168.10.115|--sign--|provincebybank]
[18:06:00][|-saRs-|Array
(
    [flag] => 10000
    [msg] => 
)
|--sign--|provincebybank]
[18:06:01][|-ip-|192.168.10.115|--sign--|provincebybank]
[18:06:01][|-saRs-|Array
(
    [flag] => 10000
    [msg] => 
)
|--sign--|provincebybank]
[18:07:45][|-ip-|192.168.10.115|--sign--|provincebybank]
[18:07:45][|-saRs-|Array
(
    [flag] => 10000
    [msg] => 
)
|--sign--|provincebybank]
[18:07:48][|-ip-|192.168.10.115|--sign--|citybyprovincebank]
[18:07:48][|-saRs-|Array
(
    [flag] => 10000
    [msg] => 
)
|--sign--|citybyprovincebank]
[18:07:50][|-ip-|192.168.10.115|--sign--|citybyprovincebank]
[18:07:50][|-saRs-|Array
(
    [flag] => 10000
    [msg] => 
)
|--sign--|citybyprovincebank]
[18:07:54][|-ip-|192.168.10.115|--sign--|provincebybank]
[18:07:54][|-saRs-|Array
(
    [flag] => 10000
    [msg] => 
)
|--sign--|provincebybank]
[18:08:11][|-ip-|192.168.10.115|--sign--|provincebybank]
[18:08:11][|-saRs-|Array
(
    [flag] => 10000
    [msg] => 
)
|--sign--|provincebybank]
[18:08:14][|-ip-|192.168.10.115|--sign--|citybyprovincebank]
[18:08:14][|-saRs-|Array
(
    [flag] => 10000
    [msg] => 
)
|--sign--|citybyprovincebank]
[18:08:19][|-ip-|192.168.10.115|--sign--|provincebybank]
[18:08:19][|-saRs-|Array
(
    [flag] => 10000
    [msg] => 
)
|--sign--|provincebybank]
[18:08:54][|-ip-|192.168.10.115|--sign--|provincebybank]
[18:08:54][|-saRs-|Array
(
    [flag] => 10000
    [msg] => 
)
|--sign--|provincebybank]
[18:08:57][|-ip-|192.168.10.115|--sign--|citybyprovincebank]
[18:08:57][|-saRs-|Array
(
    [flag] => 10000
    [msg] => 
)
|--sign--|citybyprovincebank]
[18:08:58][|-ip-|192.168.10.115|--sign--|bandbyprovincebankcity]
[18:08:58][|-saRs-|Array
(
    [flag] => 10000
    [msg] => 
)
|--sign--|bandbyprovincebankcity]
[18:09:02][|-ip-|192.168.10.115|--sign--|bandbyprovincebankcity]
[18:09:02][|-saRs-|Array
(
    [flag] => 10000
    [msg] => 
)
|--sign--|bandbyprovincebankcity]
[18:09:21][|-ip-|192.168.10.115|--sign--|provincebybank]
[18:09:21][|-saRs-|Array
(
    [flag] => 10000
    [msg] => 
)
|--sign--|provincebybank]
[18:09:23][|-ip-|192.168.10.115|--sign--|citybyprovincebank]
[18:09:23][|-saRs-|Array
(
    [flag] => 10000
    [msg] => 
)
|--sign--|citybyprovincebank]
[18:09:25][|-ip-|192.168.10.115|--sign--|bandbyprovincebankcity]
[18:09:25][|-saRs-|Array
(
    [flag] => 10000
    [msg] => 
)
|--sign--|bandbyprovincebankcity]
[18:10:00][|-ip-|192.168.10.115|--sign--|provincebybank]
[18:10:00][|-saRs-|Array
(
    [flag] => 10000
    [msg] => 
)
|--sign--|provincebybank]
[18:10:02][|-ip-|192.168.10.115|--sign--|citybyprovincebank]
[18:10:02][|-saRs-|Array
(
    [flag] => 10000
    [msg] => 
)
|--sign--|citybyprovincebank]
[18:10:05][|-ip-|192.168.10.115|--sign--|bandbyprovincebankcity]
[18:10:05][|-saRs-|Array
(
    [flag] => 10000
    [msg] => 
)
|--sign--|bandbyprovincebankcity]
[18:11:11][|-ip-|192.168.10.115|--sign--|provincebybank]
[18:11:11][|-saRs-|Array
(
    [flag] => 10000
    [msg] => 
)
|--sign--|provincebybank]
[18:11:13][|-ip-|192.168.10.115|--sign--|citybyprovincebank]
[18:11:13][|-saRs-|Array
(
    [flag] => 10000
    [msg] => 
)
|--sign--|citybyprovincebank]
[18:11:14][|-ip-|192.168.10.115|--sign--|bandbyprovincebankcity]
[18:11:14][|-saRs-|Array
(
    [flag] => 10000
    [msg] => 
)
|--sign--|bandbyprovincebankcity]
[18:12:02][|-ip-|192.168.10.115|--sign--|provincebybank]
[18:12:02][|-saRs-|Array
(
    [flag] => 10000
    [msg] => 
)
|--sign--|provincebybank]
[18:12:03][|-ip-|192.168.10.115|--sign--|citybyprovincebank]
[18:12:03][|-saRs-|Array
(
    [flag] => 10000
    [msg] => 
)
|--sign--|citybyprovincebank]
[18:12:05][|-ip-|192.168.10.115|--sign--|bandbyprovincebankcity]
[18:12:05][|-saRs-|Array
(
    [flag] => 10000
    [msg] => 
)
|--sign--|bandbyprovincebankcity]
[18:12:34][|-ip-|192.168.10.115|--sign--|provincebybank]
[18:12:34][|-saRs-|Array
(
    [flag] => 10000
    [msg] => 
)
|--sign--|provincebybank]
[18:12:36][|-ip-|192.168.10.115|--sign--|citybyprovincebank]
[18:12:36][|-saRs-|Array
(
    [flag] => 10000
    [msg] => 
)
|--sign--|citybyprovincebank]
[18:12:37][|-ip-|192.168.10.115|--sign--|bandbyprovincebankcity]
[18:12:37][|-saRs-|Array
(
    [flag] => 10000
    [msg] => 
)
|--sign--|bandbyprovincebankcity]
[18:13:02][|-ip-|192.168.10.115|--sign--|citybyprovincebank]
[18:13:02][|-saRs-|Array
(
    [flag] => 10000
    [msg] => 
)
|--sign--|citybyprovincebank]
[18:13:04][|-ip-|192.168.10.115|--sign--|bandbyprovincebankcity]
[18:13:04][|-saRs-|Array
(
    [flag] => 10000
    [msg] => 
)
|--sign--|bandbyprovincebankcity]
