[08:40:19][|-ip-|10.100.0.18|--sign--|ajaxgetcode]
[08:40:19][|-saRs-|Array
(
    [flag] => 10000
    [msg] => 
)
|--sign--|ajaxgetcode]
[09:11:58][|-ip-|192.168.10.39|--sign--|ajaxgetcode]
[09:11:58][|-saRs-|Array
(
    [flag] => 10000
    [msg] => 
)
|--sign--|ajaxgetcode]
[09:12:57][|-ip-|192.168.10.39|--sign--|ajaxgetcode]
[09:12:57][|-saRs-|Array
(
    [flag] => 10000
    [msg] => 
)
|--sign--|ajaxgetcode]
[09:16:20][|-ip-|10.100.0.18|--sign--|ajaxgetcode]
[09:16:20][|-saRs-|Array
(
    [flag] => 10000
    [msg] => 
)
|--sign--|ajaxgetcode]
[09:16:39][|-ip-|10.100.0.18|--sign--|getmobilecode]
[09:16:39][|-saRs-|Array
(
    [flag] => 10000
    [msg] => 
)
|--sign--|getmobilecode]
[09:20:54][|-ip-|192.168.15.235|--sign--|ajaxgetcode]
[09:20:54][|-saRs-|Array
(
    [flag] => 10000
    [msg] => 
)
|--sign--|ajaxgetcode]
[10:06:04][|-ip-|192.168.10.39|--sign--|ajaxgetcode]
[10:06:04][|-saRs-|Array
(
    [flag] => 10000
    [msg] => 
)
|--sign--|ajaxgetcode]
[10:12:30][|-ip-|10.100.0.18|--sign--|ajaxgetcode]
[10:12:30][|-saRs-|Array
(
    [flag] => 10000
    [msg] => 
)
|--sign--|ajaxgetcode]
[10:16:52][|-ip-|192.168.15.235|--sign--|ajaxgetcode]
[10:16:52][|-saRs-|Array
(
    [flag] => 10000
    [msg] => 
)
|--sign--|ajaxgetcode]
[10:17:05][|-ip-|192.168.15.235|--sign--|getmobilecode]
[10:17:05][|-saRs-|Array
(
    [flag] => 10000
    [msg] => 
)
|--sign--|getmobilecode]
[10:39:05][|-ip-|192.168.15.235|--sign--|ajaxgetcode]
[10:39:05][|-saRs-|Array
(
    [flag] => 10000
    [msg] => 
)
|--sign--|ajaxgetcode]
[11:12:04][|-ip-|192.168.10.39|--sign--|ajaxgetcode]
[11:12:04][|-saRs-|Array
(
    [flag] => 10000
    [msg] => 
)
|--sign--|ajaxgetcode]
[11:13:56][|-ip-|192.168.15.235|--sign--|provincebybank]
[11:13:56][|-saRs-|Array
(
    [flag] => 10000
    [msg] => 
)
|--sign--|provincebybank]
[11:17:15][|-ip-|192.168.10.39|--sign--|ajaxgetcode]
[11:17:15][|-saRs-|Array
(
    [flag] => 10000
    [msg] => 
)
|--sign--|ajaxgetcode]
[11:26:41][|-ip-|192.168.15.235|--sign--|citybyprovincebank]
[11:26:41][|-saRs-|Array
(
    [flag] => 10000
    [msg] => 
)
|--sign--|citybyprovincebank]
[11:26:42][|-ip-|192.168.15.235|--sign--|bandbyprovincebankcity]
[11:26:42][|-saRs-|Array
(
    [flag] => 10000
    [msg] => 
)
|--sign--|bandbyprovincebankcity]
[11:29:16][|-ip-|10.100.0.18|--sign--|ajaxgetcode]
[11:29:16][|-saRs-|Array
(
    [flag] => 10000
    [msg] => 
)
|--sign--|ajaxgetcode]
[11:29:26][|-ip-|10.100.0.18|--sign--|getmobilecode]
[11:29:26][|-saRs-|Array
(
    [flag] => 10000
    [msg] => 
)
|--sign--|getmobilecode]
[12:42:30][|-ip-|192.168.10.39|--sign--|applypurchase]
[12:42:30][|-saRs-|Array
(
    [flag] => 10000
    [msg] => 
)
|--sign--|applypurchase]
[12:42:37][|-ip-|192.168.10.39|--sign--|applypurchase]
[12:42:37][|-saRs-|Array
(
    [flag] => 10000
    [msg] => 
)
|--sign--|applypurchase]
[12:45:31][|-ip-|10.100.0.18|--sign--|ajaxgetcode]
[12:45:31][|-saRs-|Array
(
    [flag] => 10000
    [msg] => 
)
|--sign--|ajaxgetcode]
[12:45:43][|-ip-|10.100.0.18|--sign--|getmobilecode]
[12:45:43][|-saRs-|Array
(
    [flag] => 10000
    [msg] => 
)
|--sign--|getmobilecode]
[12:46:04][|-ip-|10.100.0.18|--sign--|ajaxregaction]
[12:46:04][|-saRs-|Array
(
    [flag] => 10000
    [msg] => 
)
|--sign--|ajaxregaction]
[12:48:32][|-ip-|192.168.10.39|--sign--|applypurchase]
[12:48:32][|-saRs-|Array
(
    [flag] => 10000
    [msg] => 
)
|--sign--|applypurchase]
[13:30:02][|-ip-|192.168.10.115|--sign--|ajaxgetcode]
[13:30:02][|-saRs-|Array
(
    [flag] => 10000
    [msg] => 
)
|--sign--|ajaxgetcode]
[13:30:11][|-ip-|192.168.10.115|--sign--|getmobilecode]
[13:30:11][|-saRs-|Array
(
    [flag] => 10000
    [msg] => 
)
|--sign--|getmobilecode]
[13:30:40][|-ip-|192.168.10.115|--sign--|ajaxregaction]
[13:30:40][|-saRs-|Array
(
    [flag] => 10000
    [msg] => 
)
|--sign--|ajaxregaction]
[13:30:51][|-ip-|192.168.10.115|--sign--|ajaxregaction]
[13:30:51][|-saRs-|Array
(
    [flag] => 10000
    [msg] => 
)
|--sign--|ajaxregaction]
[13:31:22][|-ip-|192.168.10.115|--sign--|ajaxregaction]
[13:31:22][|-saRs-|Array
(
    [flag] => 10000
    [msg] => 
)
|--sign--|ajaxregaction]
[13:31:27][|-ip-|192.168.10.115|--sign--|ajaxgetcode]
[13:31:27][|-saRs-|Array
(
    [flag] => 10000
    [msg] => 
)
|--sign--|ajaxgetcode]
[13:31:33][|-ip-|192.168.10.115|--sign--|ajaxgetcode]
[13:31:33][|-saRs-|Array
(
    [flag] => 10000
    [msg] => 
)
|--sign--|ajaxgetcode]
[13:31:39][|-ip-|192.168.10.115|--sign--|getmobilecode]
[13:31:39][|-saRs-|Array
(
    [flag] => 10000
    [msg] => 
)
|--sign--|getmobilecode]
[13:31:58][|-ip-|192.168.10.115|--sign--|ajaxgetcode]
[13:31:58][|-saRs-|Array
(
    [flag] => 10000
    [msg] => 
)
|--sign--|ajaxgetcode]
[13:32:11][|-ip-|192.168.10.115|--sign--|ajaxgetcode]
[13:32:11][|-saRs-|Array
(
    [flag] => 10000
    [msg] => 
)
|--sign--|ajaxgetcode]
[13:32:21][|-ip-|192.168.15.235|--sign--|ajaxgetcode]
[13:32:21][|-saRs-|Array
(
    [flag] => 10000
    [msg] => 
)
|--sign--|ajaxgetcode]
[13:32:27][|-ip-|192.168.15.235|--sign--|ajaxgetcode]
[13:32:27][|-saRs-|Array
(
    [flag] => 10000
    [msg] => 
)
|--sign--|ajaxgetcode]
[13:32:28][|-ip-|192.168.10.115|--sign--|ajaxgetcode]
[13:32:28][|-saRs-|Array
(
    [flag] => 10000
    [msg] => 
)
|--sign--|ajaxgetcode]
[13:32:32][|-ip-|192.168.10.115|--sign--|ajaxgetcode]
[13:32:32][|-saRs-|Array
(
    [flag] => 10000
    [msg] => 
)
|--sign--|ajaxgetcode]
[13:32:37][|-ip-|192.168.15.235|--sign--|getmobilecode]
[13:32:37][|-saRs-|Array
(
    [flag] => 10000
    [msg] => 
)
|--sign--|getmobilecode]
[13:32:49][|-ip-|192.168.15.235|--sign--|provincebybank]
[13:32:49][|-saRs-|Array
(
    [flag] => 10000
    [msg] => 
)
|--sign--|provincebybank]
[13:33:13][|-ip-|192.168.10.115|--sign--|ajaxgetcode]
[13:33:13][|-saRs-|Array
(
    [flag] => 10000
    [msg] => 
)
|--sign--|ajaxgetcode]
[13:33:18][|-ip-|192.168.10.115|--sign--|ajaxgetcode]
[13:33:18][|-saRs-|Array
(
    [flag] => 10000
    [msg] => 
)
|--sign--|ajaxgetcode]
[13:33:24][|-ip-|192.168.10.115|--sign--|ajaxgetcode]
[13:33:24][|-saRs-|Array
(
    [flag] => 10000
    [msg] => 
)
|--sign--|ajaxgetcode]
[13:33:35][|-ip-|192.168.10.115|--sign--|ajaxgetcode]
[13:33:35][|-saRs-|Array
(
    [flag] => 10000
    [msg] => 
)
|--sign--|ajaxgetcode]
[13:33:48][|-ip-|192.168.10.115|--sign--|ajaxgetcode]
[13:33:48][|-saRs-|Array
(
    [flag] => 10000
    [msg] => 
)
|--sign--|ajaxgetcode]
[13:34:03][|-ip-|192.168.15.235|--sign--|ajaxregaction]
[13:34:03][|-saRs-|Array
(
    [flag] => 10000
    [msg] => 
)
|--sign--|ajaxregaction]
[13:34:09][|-ip-|192.168.10.115|--sign--|ajaxgetcode]
[13:34:09][|-saRs-|Array
(
    [flag] => 10000
    [msg] => 
)
|--sign--|ajaxgetcode]
[13:34:11][|-ip-|192.168.15.235|--sign--|ajaxregaction]
[13:34:11][|-saRs-|Array
(
    [flag] => 10000
    [msg] => 
)
|--sign--|ajaxregaction]
[13:34:14][|-ip-|192.168.10.115|--sign--|getmobilecode]
[13:34:14][|-saRs-|Array
(
    [flag] => 10000
    [msg] => 
)
|--sign--|getmobilecode]
[13:34:31][|-ip-|192.168.15.235|--sign--|ajaxregaction]
[13:34:31][|-saRs-|Array
(
    [flag] => 10000
    [msg] => 
)
|--sign--|ajaxregaction]
[13:34:41][|-ip-|192.168.10.115|--sign--|ajaxregaction]
[13:34:41][|-saRs-|Array
(
    [flag] => 10000
    [msg] => 
)
|--sign--|ajaxregaction]
[13:36:06][|-ip-|192.168.15.235|--sign--|ajaxregaction]
[13:36:06][|-saRs-|Array
(
    [flag] => 10000
    [msg] => 
)
|--sign--|ajaxregaction]
[13:36:43][|-ip-|192.168.15.235|--sign--|ajaxregaction]
[13:36:43][|-saRs-|Array
(
    [flag] => 10000
    [msg] => 
)
|--sign--|ajaxregaction]
[13:36:46][|-ip-|192.168.15.235|--sign--|ajaxgetcode]
[13:36:46][|-saRs-|Array
(
    [flag] => 10000
    [msg] => 
)
|--sign--|ajaxgetcode]
[13:36:52][|-ip-|192.168.15.235|--sign--|ajaxregaction]
[13:36:52][|-saRs-|Array
(
    [flag] => 10000
    [msg] => 
)
|--sign--|ajaxregaction]
[13:36:57][|-ip-|192.168.15.235|--sign--|ajaxgetcode]
[13:36:57][|-saRs-|Array
(
    [flag] => 10000
    [msg] => 
)
|--sign--|ajaxgetcode]
[13:37:04][|-ip-|192.168.15.235|--sign--|ajaxregaction]
[13:37:04][|-saRs-|Array
(
    [flag] => 10000
    [msg] => 
)
|--sign--|ajaxregaction]
[13:37:15][|-ip-|192.168.15.235|--sign--|ajaxregaction]
[13:37:15][|-saRs-|Array
(
    [flag] => 10000
    [msg] => 
)
|--sign--|ajaxregaction]
[13:37:18][|-ip-|192.168.15.235|--sign--|ajaxgetcode]
[13:37:18][|-saRs-|Array
(
    [flag] => 10000
    [msg] => 
)
|--sign--|ajaxgetcode]
[13:37:26][|-ip-|192.168.15.235|--sign--|ajaxregaction]
[13:37:26][|-saRs-|Array
(
    [flag] => 10000
    [msg] => 
)
|--sign--|ajaxregaction]
[13:37:36][|-ip-|192.168.15.235|--sign--|ajaxregaction]
[13:37:36][|-saRs-|Array
(
    [flag] => 10000
    [msg] => 
)
|--sign--|ajaxregaction]
[13:38:09][|-ip-|192.168.10.115|--sign--|ajaxgetcode]
[13:38:09][|-saRs-|Array
(
    [flag] => 10000
    [msg] => 
)
|--sign--|ajaxgetcode]
[13:38:22][|-ip-|192.168.15.235|--sign--|ajaxgetcode]
[13:38:22][|-saRs-|Array
(
    [flag] => 10000
    [msg] => 
)
|--sign--|ajaxgetcode]
[13:38:33][|-ip-|192.168.15.235|--sign--|getmobilecode]
[13:38:33][|-saRs-|Array
(
    [flag] => 10000
    [msg] => 
)
|--sign--|getmobilecode]
[13:39:12][|-ip-|192.168.15.235|--sign--|ajaxregaction]
[13:39:12][|-saRs-|Array
(
    [flag] => 10000
    [msg] => 
)
|--sign--|ajaxregaction]
[13:40:20][|-ip-|192.168.15.235|--sign--|provincebybank]
[13:40:20][|-saRs-|Array
(
    [flag] => 10000
    [msg] => 
)
|--sign--|provincebybank]
[13:40:35][|-ip-|192.168.15.235|--sign--|citybyprovincebank]
[13:40:35][|-saRs-|Array
(
    [flag] => 10000
    [msg] => 
)
|--sign--|citybyprovincebank]
[13:40:36][|-ip-|192.168.15.235|--sign--|bandbyprovincebankcity]
[13:40:36][|-saRs-|Array
(
    [flag] => 10000
    [msg] => 
)
|--sign--|bandbyprovincebankcity]
[13:41:38][|-ip-|192.168.15.235|--sign--|regbindcard]
[13:41:38][|-saRs-|Array
(
    [flag] => 10000
    [msg] => 
)
|--sign--|regbindcard]
[13:42:01][|-ip-|192.168.15.235|--sign--|regbindcard]
[13:42:01][|-saRs-|Array
(
    [flag] => 10000
    [msg] => 
)
|--sign--|regbindcard]
[13:42:27][|-ip-|192.168.15.235|--sign--|regbindcard]
[13:42:27][|-saRs-|Array
(
    [flag] => 10000
    [msg] => 
)
|--sign--|regbindcard]
[13:43:24][|-ip-|192.168.10.115|--sign--|getmobilecode]
[13:43:24][|-saRs-|Array
(
    [flag] => 10000
    [msg] => 
)
|--sign--|getmobilecode]
[13:43:46][|-ip-|192.168.10.115|--sign--|ajaxregaction]
[13:43:46][|-saRs-|Array
(
    [flag] => 10000
    [msg] => 
)
|--sign--|ajaxregaction]
[13:44:20][|-ip-|192.168.15.235|--sign--|regbindcard]
[13:44:20][|-saRs-|Array
(
    [flag] => 10000
    [msg] => 
)
|--sign--|regbindcard]
[13:44:52][|-ip-|192.168.15.235|--sign--|regbindcard]
[13:44:52][|-saRs-|Array
(
    [flag] => 10000
    [msg] => 
)
|--sign--|regbindcard]
[13:45:23][|-ip-|192.168.15.235|--sign--|regbindcard]
[13:45:23][|-saRs-|Array
(
    [flag] => 10000
    [msg] => 
)
|--sign--|regbindcard]
[13:45:52][|-ip-|192.168.15.235|--sign--|activebindcard]
[13:45:52][|-saRs-|Array
(
    [flag] => 10000
    [msg] => 
)
|--sign--|activebindcard]
[13:46:23][|-ip-|192.168.15.235|--sign--|activebindcard]
[13:46:23][|-saRs-|Array
(
    [flag] => 10000
    [msg] => 
)
|--sign--|activebindcard]
[13:51:59][|-ip-|192.168.10.39|--sign--|ajaxgetcode]
[13:51:59][|-saRs-|Array
(
    [flag] => 10000
    [msg] => 
)
|--sign--|ajaxgetcode]
[13:52:04][|-ip-|192.168.15.235|--sign--|ajaxgetcode]
[13:52:04][|-saRs-|Array
(
    [flag] => 10000
    [msg] => 
)
|--sign--|ajaxgetcode]
[13:52:31][|-ip-|192.168.15.235|--sign--|getmobilecode]
[13:52:31][|-saRs-|Array
(
    [flag] => 10000
    [msg] => 
)
|--sign--|getmobilecode]
[13:53:20][|-ip-|192.168.15.235|--sign--|activebindcard]
[13:53:20][|-saRs-|Array
(
    [flag] => 10000
    [msg] => 
)
|--sign--|activebindcard]
[13:53:34][|-ip-|192.168.15.235|--sign--|ajaxregaction]
[13:53:34][|-saRs-|Array
(
    [flag] => 10000
    [msg] => 
)
|--sign--|ajaxregaction]
[13:53:48][|-ip-|192.168.15.235|--sign--|ajaxregaction]
[13:53:48][|-saRs-|Array
(
    [flag] => 10000
    [msg] => 
)
|--sign--|ajaxregaction]
[13:54:23][|-ip-|192.168.15.235|--sign--|provincebybank]
[13:54:23][|-saRs-|Array
(
    [flag] => 10000
    [msg] => 
)
|--sign--|provincebybank]
[13:54:31][|-ip-|192.168.15.235|--sign--|citybyprovincebank]
[13:54:31][|-saRs-|Array
(
    [flag] => 10000
    [msg] => 
)
|--sign--|citybyprovincebank]
[13:54:33][|-ip-|192.168.15.235|--sign--|bandbyprovincebankcity]
[13:54:33][|-saRs-|Array
(
    [flag] => 10000
    [msg] => 
)
|--sign--|bandbyprovincebankcity]
[14:00:46][|-ip-|192.168.15.235|--sign--|provincebybank]
[14:00:46][|-saRs-|Array
(
    [flag] => 10000
    [msg] => 
)
|--sign--|provincebybank]
[14:01:15][|-ip-|192.168.15.235|--sign--|ajaxgetcode]
[14:01:15][|-saRs-|Array
(
    [flag] => 10000
    [msg] => 
)
|--sign--|ajaxgetcode]
[14:02:01][|-ip-|192.168.15.235|--sign--|provincebybank]
[14:02:01][|-saRs-|Array
(
    [flag] => 10000
    [msg] => 
)
|--sign--|provincebybank]
[14:02:52][|-ip-|192.168.15.235|--sign--|regbindcard]
[14:02:52][|-saRs-|Array
(
    [flag] => 10000
    [msg] => 
)
|--sign--|regbindcard]
[14:03:43][|-ip-|192.168.15.235|--sign--|regbindcard]
[14:03:43][|-saRs-|Array
(
    [flag] => 10000
    [msg] => 
)
|--sign--|regbindcard]
[14:04:13][|-ip-|192.168.15.235|--sign--|regbindcard]
[14:04:13][|-saRs-|Array
(
    [flag] => 10000
    [msg] => 
)
|--sign--|regbindcard]
[14:05:11][|-ip-|192.168.15.235|--sign--|citybyprovincebank]
[14:05:11][|-saRs-|Array
(
    [flag] => 10000
    [msg] => 
)
|--sign--|citybyprovincebank]
[14:05:15][|-ip-|192.168.15.235|--sign--|bandbyprovincebankcity]
[14:05:15][|-saRs-|Array
(
    [flag] => 10000
    [msg] => 
)
|--sign--|bandbyprovincebankcity]
[14:05:24][|-ip-|192.168.15.235|--sign--|regbindcard]
[14:05:24][|-saRs-|Array
(
    [flag] => 10000
    [msg] => 
)
|--sign--|regbindcard]
[14:05:38][|-ip-|192.168.15.235|--sign--|regbindcard]
[14:05:38][|-saRs-|Array
(
    [flag] => 10000
    [msg] => 
)
|--sign--|regbindcard]
[14:06:32][|-ip-|192.168.15.235|--sign--|regbindcard]
[14:06:32][|-saRs-|Array
(
    [flag] => 10000
    [msg] => 
)
|--sign--|regbindcard]
[14:06:37][|-ip-|192.168.15.235|--sign--|regbindcard]
[14:06:37][|-saRs-|Array
(
    [flag] => 10000
    [msg] => 
)
|--sign--|regbindcard]
[14:07:27][|-ip-|192.168.15.235|--sign--|citybyprovincebank]
[14:07:27][|-saRs-|Array
(
    [flag] => 10000
    [msg] => 
)
|--sign--|citybyprovincebank]
[14:07:29][|-ip-|192.168.15.235|--sign--|bandbyprovincebankcity]
[14:07:29][|-saRs-|Array
(
    [flag] => 10000
    [msg] => 
)
|--sign--|bandbyprovincebankcity]
[14:08:06][|-ip-|192.168.15.235|--sign--|regbindcard]
[14:08:06][|-saRs-|Array
(
    [flag] => 10000
    [msg] => 
)
|--sign--|regbindcard]
[14:11:05][|-ip-|192.168.15.235|--sign--|ajaxgetcode]
[14:11:05][|-saRs-|Array
(
    [flag] => 10000
    [msg] => 
)
|--sign--|ajaxgetcode]
[14:11:19][|-ip-|192.168.15.235|--sign--|ajaxgetcode]
[14:11:19][|-saRs-|Array
(
    [flag] => 10000
    [msg] => 
)
|--sign--|ajaxgetcode]
[14:11:27][|-ip-|192.168.15.235|--sign--|ajaxregaction]
[14:11:27][|-saRs-|Array
(
    [flag] => 10000
    [msg] => 
)
|--sign--|ajaxregaction]
[14:11:37][|-ip-|192.168.15.235|--sign--|getmobilecode]
[14:11:37][|-saRs-|Array
(
    [flag] => 10000
    [msg] => 
)
|--sign--|getmobilecode]
[14:12:12][|-ip-|192.168.15.235|--sign--|ajaxbkpwdaction]
[14:12:12][|-saRs-|Array
(
    [flag] => 10000
    [msg] => 
)
|--sign--|ajaxbkpwdaction]
[14:12:26][|-ip-|192.168.15.235|--sign--|ajaxgetcode]
[14:12:26][|-saRs-|Array
(
    [flag] => 10000
    [msg] => 
)
|--sign--|ajaxgetcode]
[14:12:33][|-ip-|192.168.15.235|--sign--|getmobilecode]
[14:12:33][|-saRs-|Array
(
    [flag] => 10000
    [msg] => 
)
|--sign--|getmobilecode]
[14:12:43][|-ip-|192.168.15.235|--sign--|ajaxgetcode]
[14:12:43][|-saRs-|Array
(
    [flag] => 10000
    [msg] => 
)
|--sign--|ajaxgetcode]
[14:12:44][|-ip-|192.168.15.235|--sign--|ajaxbkpwdaction]
[14:12:44][|-saRs-|Array
(
    [flag] => 10000
    [msg] => 
)
|--sign--|ajaxbkpwdaction]
[14:12:45][|-ip-|192.168.15.235|--sign--|ajaxgetcode]
[14:12:45][|-saRs-|Array
(
    [flag] => 10000
    [msg] => 
)
|--sign--|ajaxgetcode]
[14:12:55][|-ip-|192.168.15.235|--sign--|ajaxbkpwdaction]
[14:12:55][|-saRs-|Array
(
    [flag] => 10000
    [msg] => 
)
|--sign--|ajaxbkpwdaction]
[14:13:00][|-ip-|192.168.15.235|--sign--|ajaxregaction]
[14:13:00][|-saRs-|Array
(
    [flag] => 10000
    [msg] => 
)
|--sign--|ajaxregaction]
[14:13:01][|-ip-|192.168.15.235|--sign--|ajaxgetcode]
[14:13:01][|-saRs-|Array
(
    [flag] => 10000
    [msg] => 
)
|--sign--|ajaxgetcode]
[14:13:08][|-ip-|192.168.15.235|--sign--|ajaxbkpwdaction]
[14:13:08][|-saRs-|Array
(
    [flag] => 10000
    [msg] => 
)
|--sign--|ajaxbkpwdaction]
[14:13:19][|-ip-|192.168.15.235|--sign--|ajaxgetcode]
[14:13:19][|-saRs-|Array
(
    [flag] => 10000
    [msg] => 
)
|--sign--|ajaxgetcode]
[14:13:30][|-ip-|192.168.15.235|--sign--|getmobilecode]
[14:13:30][|-saRs-|Array
(
    [flag] => 10000
    [msg] => 
)
|--sign--|getmobilecode]
[14:15:26][|-ip-|192.168.15.235|--sign--|ajaxgetcode]
[14:15:26][|-saRs-|Array
(
    [flag] => 10000
    [msg] => 
)
|--sign--|ajaxgetcode]
[14:15:58][|-ip-|192.168.15.235|--sign--|ajaxgetcode]
[14:15:58][|-saRs-|Array
(
    [flag] => 10000
    [msg] => 
)
|--sign--|ajaxgetcode]
[14:16:11][|-ip-|192.168.15.235|--sign--|getmobilecode]
[14:16:11][|-saRs-|Array
(
    [flag] => 10000
    [msg] => 
)
|--sign--|getmobilecode]
[14:17:01][|-ip-|192.168.15.235|--sign--|ajaxgetcode]
[14:17:01][|-saRs-|Array
(
    [flag] => 10000
    [msg] => 
)
|--sign--|ajaxgetcode]
[14:17:13][|-ip-|192.168.15.235|--sign--|getmobilecode]
[14:17:13][|-saRs-|Array
(
    [flag] => 10000
    [msg] => 
)
|--sign--|getmobilecode]
[14:17:21][|-ip-|192.168.15.235|--sign--|ajaxgetcode]
[14:17:21][|-saRs-|Array
(
    [flag] => 10000
    [msg] => 
)
|--sign--|ajaxgetcode]
[14:18:17][|-ip-|192.168.15.235|--sign--|ajaxgetcode]
[14:18:17][|-saRs-|Array
(
    [flag] => 10000
    [msg] => 
)
|--sign--|ajaxgetcode]
[14:18:52][|-ip-|192.168.15.235|--sign--|ajaxgetcode]
[14:18:52][|-saRs-|Array
(
    [flag] => 10000
    [msg] => 
)
|--sign--|ajaxgetcode]
[14:18:53][|-ip-|192.168.15.235|--sign--|ajaxgetcode]
[14:18:53][|-saRs-|Array
(
    [flag] => 10000
    [msg] => 
)
|--sign--|ajaxgetcode]
[14:18:54][|-ip-|192.168.15.235|--sign--|ajaxgetcode]
[14:18:54][|-saRs-|Array
(
    [flag] => 10000
    [msg] => 
)
|--sign--|ajaxgetcode]
[14:19:15][|-ip-|192.168.15.235|--sign--|ajaxgetcode]
[14:19:15][|-saRs-|Array
(
    [flag] => 10000
    [msg] => 
)
|--sign--|ajaxgetcode]
[14:19:15][|-ip-|192.168.15.235|--sign--|getmobilecode]
[14:19:15][|-saRs-|Array
(
    [flag] => 10000
    [msg] => 
)
|--sign--|getmobilecode]
[14:19:27][|-ip-|192.168.15.235|--sign--|getmobilecode]
[14:19:27][|-saRs-|Array
(
    [flag] => 10000
    [msg] => 
)
|--sign--|getmobilecode]
[14:21:22][|-ip-|192.168.15.235|--sign--|ajaxgetcode]
[14:21:22][|-saRs-|Array
(
    [flag] => 10000
    [msg] => 
)
|--sign--|ajaxgetcode]
[14:25:08][|-ip-|192.168.15.235|--sign--|ajaxgetcode]
[14:25:08][|-saRs-|Array
(
    [flag] => 10000
    [msg] => 
)
|--sign--|ajaxgetcode]
[14:25:18][|-ip-|192.168.15.235|--sign--|getmobilecode]
[14:25:18][|-saRs-|Array
(
    [flag] => 10000
    [msg] => 
)
|--sign--|getmobilecode]
[14:25:53][|-ip-|192.168.15.235|--sign--|ajaxbkpwdaction]
[14:25:53][|-saRs-|Array
(
    [flag] => 10000
    [msg] => 
)
|--sign--|ajaxbkpwdaction]
[14:28:12][|-ip-|192.168.15.235|--sign--|ajaxgetcode]
[14:28:12][|-saRs-|Array
(
    [flag] => 10000
    [msg] => 
)
|--sign--|ajaxgetcode]
[14:28:25][|-ip-|192.168.15.235|--sign--|ajaxgetcode]
[14:28:25][|-saRs-|Array
(
    [flag] => 10000
    [msg] => 
)
|--sign--|ajaxgetcode]
[14:29:22][|-ip-|192.168.10.39|--sign--|ajaxgetcode]
[14:29:22][|-saRs-|Array
(
    [flag] => 10000
    [msg] => 
)
|--sign--|ajaxgetcode]
[14:30:07][|-ip-|192.168.15.235|--sign--|ajaxgetcode]
[14:30:07][|-saRs-|Array
(
    [flag] => 10000
    [msg] => 
)
|--sign--|ajaxgetcode]
[14:30:11][|-ip-|192.168.15.235|--sign--|ajaxgetcode]
[14:30:11][|-saRs-|Array
(
    [flag] => 10000
    [msg] => 
)
|--sign--|ajaxgetcode]
[14:31:02][|-ip-|10.100.0.18|--sign--|ajaxgetcode]
[14:31:02][|-saRs-|Array
(
    [flag] => 10000
    [msg] => 
)
|--sign--|ajaxgetcode]
[14:31:26][|-ip-|192.168.15.235|--sign--|ajaxgetcode]
[14:31:26][|-saRs-|Array
(
    [flag] => 10000
    [msg] => 
)
|--sign--|ajaxgetcode]
[14:31:32][|-ip-|192.168.15.235|--sign--|ajaxgetcode]
[14:31:32][|-saRs-|Array
(
    [flag] => 10000
    [msg] => 
)
|--sign--|ajaxgetcode]
[14:32:59][|-ip-|192.168.10.39|--sign--|ajaxgetcode]
[14:32:59][|-saRs-|Array
(
    [flag] => 10000
    [msg] => 
)
|--sign--|ajaxgetcode]
[14:33:10][|-ip-|192.168.10.39|--sign--|getmobilecode]
[14:33:10][|-saRs-|Array
(
    [flag] => 10000
    [msg] => 
)
|--sign--|getmobilecode]
[14:33:28][|-ip-|192.168.15.235|--sign--|ajaxgetcode]
[14:33:28][|-saRs-|Array
(
    [flag] => 10000
    [msg] => 
)
|--sign--|ajaxgetcode]
[14:33:53][|-ip-|192.168.15.235|--sign--|ajaxgetcode]
[14:33:53][|-saRs-|Array
(
    [flag] => 10000
    [msg] => 
)
|--sign--|ajaxgetcode]
[14:33:57][|-ip-|192.168.15.235|--sign--|ajaxgetcode]
[14:33:57][|-saRs-|Array
(
    [flag] => 10000
    [msg] => 
)
|--sign--|ajaxgetcode]
[14:33:59][|-ip-|192.168.15.235|--sign--|ajaxgetcode]
[14:33:59][|-saRs-|Array
(
    [flag] => 10000
    [msg] => 
)
|--sign--|ajaxgetcode]
[14:34:05][|-ip-|192.168.10.39|--sign--|ajaxregaction]
[14:34:05][|-saRs-|Array
(
    [flag] => 10000
    [msg] => 
)
|--sign--|ajaxregaction]
[14:34:05][|-ip-|192.168.15.235|--sign--|getmobilecode]
[14:34:05][|-saRs-|Array
(
    [flag] => 10000
    [msg] => 
)
|--sign--|getmobilecode]
[14:34:14][|-ip-|192.168.10.115|--sign--|ajaxgetcode]
[14:34:14][|-saRs-|Array
(
    [flag] => 10000
    [msg] => 
)
|--sign--|ajaxgetcode]
[14:34:43][|-ip-|192.168.15.235|--sign--|ajaxbkpwdaction]
[14:34:43][|-saRs-|Array
(
    [flag] => 10000
    [msg] => 
)
|--sign--|ajaxbkpwdaction]
[14:35:13][|-ip-|192.168.10.115|--sign--|ajaxgetcode]
[14:35:13][|-saRs-|Array
(
    [flag] => 10000
    [msg] => 
)
|--sign--|ajaxgetcode]
[14:35:15][|-ip-|192.168.10.115|--sign--|ajaxgetcode]
[14:35:15][|-saRs-|Array
(
    [flag] => 10000
    [msg] => 
)
|--sign--|ajaxgetcode]
[14:35:15][|-ip-|192.168.10.115|--sign--|ajaxgetcode]
[14:35:15][|-saRs-|Array
(
    [flag] => 10000
    [msg] => 
)
|--sign--|ajaxgetcode]
[14:35:15][|-ip-|192.168.10.115|--sign--|ajaxgetcode]
[14:35:15][|-saRs-|Array
(
    [flag] => 10000
    [msg] => 
)
|--sign--|ajaxgetcode]
[14:35:16][|-ip-|192.168.10.115|--sign--|ajaxgetcode]
[14:35:16][|-saRs-|Array
(
    [flag] => 10000
    [msg] => 
)
|--sign--|ajaxgetcode]
[14:35:16][|-ip-|192.168.10.115|--sign--|ajaxgetcode]
[14:35:16][|-saRs-|Array
(
    [flag] => 10000
    [msg] => 
)
|--sign--|ajaxgetcode]
[14:35:24][|-ip-|192.168.10.115|--sign--|ajaxgetcode]
[14:35:24][|-saRs-|Array
(
    [flag] => 10000
    [msg] => 
)
|--sign--|ajaxgetcode]
[14:35:27][|-ip-|192.168.10.115|--sign--|ajaxgetcode]
[14:35:27][|-saRs-|Array
(
    [flag] => 10000
    [msg] => 
)
|--sign--|ajaxgetcode]
[14:36:35][|-ip-|192.168.10.115|--sign--|getmobilecode]
[14:36:35][|-saRs-|Array
(
    [flag] => 10000
    [msg] => 
)
|--sign--|getmobilecode]
[14:37:17][|-ip-|192.168.10.115|--sign--|ajaxregaction]
[14:37:17][|-saRs-|Array
(
    [flag] => 10000
    [msg] => 
)
|--sign--|ajaxregaction]
[14:37:34][|-ip-|10.100.0.18|--sign--|ajaxgetcode]
[14:37:34][|-saRs-|Array
(
    [flag] => 10000
    [msg] => 
)
|--sign--|ajaxgetcode]
[14:37:39][|-ip-|10.100.0.18|--sign--|getmobilecode]
[14:37:39][|-saRs-|Array
(
    [flag] => 10000
    [msg] => 
)
|--sign--|getmobilecode]
[14:38:07][|-ip-|10.100.0.18|--sign--|ajaxregaction]
[14:38:07][|-saRs-|Array
(
    [flag] => 10000
    [msg] => 
)
|--sign--|ajaxregaction]
[14:46:35][|-ip-|192.168.15.235|--sign--|ajaxgetcode]
[14:46:35][|-saRs-|Array
(
    [flag] => 10000
    [msg] => 
)
|--sign--|ajaxgetcode]
[14:46:39][|-ip-|192.168.15.235|--sign--|ajaxgetcode]
[14:46:39][|-saRs-|Array
(
    [flag] => 10000
    [msg] => 
)
|--sign--|ajaxgetcode]
[14:51:16][|-ip-|192.168.15.235|--sign--|ajaxgetcode]
[14:51:16][|-saRs-|Array
(
    [flag] => 10000
    [msg] => 
)
|--sign--|ajaxgetcode]
[14:51:32][|-ip-|192.168.15.235|--sign--|getmobilecode]
[14:51:32][|-saRs-|Array
(
    [flag] => 10000
    [msg] => 
)
|--sign--|getmobilecode]
[14:51:54][|-ip-|192.168.15.235|--sign--|ajaxbkpwdaction]
[14:51:54][|-saRs-|Array
(
    [flag] => 10000
    [msg] => 
)
|--sign--|ajaxbkpwdaction]
[14:57:15][|-ip-|192.168.15.235|--sign--|ajaxgetcode]
[14:57:15][|-saRs-|Array
(
    [flag] => 10000
    [msg] => 
)
|--sign--|ajaxgetcode]
[14:57:20][|-ip-|192.168.15.235|--sign--|getmobilecode]
[14:57:20][|-saRs-|Array
(
    [flag] => 10000
    [msg] => 
)
|--sign--|getmobilecode]
[15:01:22][|-ip-|192.168.15.235|--sign--|ajaxgetcode]
[15:01:22][|-saRs-|Array
(
    [flag] => 10000
    [msg] => 
)
|--sign--|ajaxgetcode]
[15:01:28][|-ip-|192.168.15.235|--sign--|ajaxgetcode]
[15:01:28][|-saRs-|Array
(
    [flag] => 10000
    [msg] => 
)
|--sign--|ajaxgetcode]
[15:01:44][|-ip-|192.168.15.235|--sign--|getmobilecode]
[15:01:44][|-saRs-|Array
(
    [flag] => 10000
    [msg] => 
)
|--sign--|getmobilecode]
[15:02:04][|-ip-|192.168.15.235|--sign--|ajaxbkpwdaction]
[15:02:04][|-saRs-|Array
(
    [flag] => 10000
    [msg] => 
)
|--sign--|ajaxbkpwdaction]
[15:03:43][|-ip-|192.168.15.235|--sign--|ajaxgetcode]
[15:03:43][|-saRs-|Array
(
    [flag] => 10000
    [msg] => 
)
|--sign--|ajaxgetcode]
[15:07:41][|-ip-|192.168.15.235|--sign--|ajaxgetcode]
[15:07:41][|-saRs-|Array
(
    [flag] => 10000
    [msg] => 
)
|--sign--|ajaxgetcode]
[15:07:44][|-ip-|192.168.15.235|--sign--|ajaxbkpwdaction]
[15:07:44][|-saRs-|Array
(
    [flag] => 10000
    [msg] => 
)
|--sign--|ajaxbkpwdaction]
[15:07:48][|-ip-|192.168.15.235|--sign--|ajaxgetcode]
[15:07:48][|-saRs-|Array
(
    [flag] => 10000
    [msg] => 
)
|--sign--|ajaxgetcode]
[15:07:59][|-ip-|192.168.15.235|--sign--|getmobilecode]
[15:07:59][|-saRs-|Array
(
    [flag] => 10000
    [msg] => 
)
|--sign--|getmobilecode]
[15:08:18][|-ip-|192.168.15.235|--sign--|ajaxbkpwdaction]
[15:08:18][|-saRs-|Array
(
    [flag] => 10000
    [msg] => 
)
|--sign--|ajaxbkpwdaction]
[15:08:52][|-ip-|192.168.15.235|--sign--|ajaxgetcode]
[15:08:52][|-saRs-|Array
(
    [flag] => 10000
    [msg] => 
)
|--sign--|ajaxgetcode]
[15:16:41][|-ip-|10.100.0.18|--sign--|ajaxgetcode]
[15:16:41][|-saRs-|Array
(
    [flag] => 10000
    [msg] => 
)
|--sign--|ajaxgetcode]
[15:16:47][|-ip-|192.168.15.235|--sign--|ajaxgetcode]
[15:16:47][|-saRs-|Array
(
    [flag] => 10000
    [msg] => 
)
|--sign--|ajaxgetcode]
[15:16:52][|-ip-|10.100.0.18|--sign--|getmobilecode]
[15:16:52][|-saRs-|Array
(
    [flag] => 10000
    [msg] => 
)
|--sign--|getmobilecode]
[15:17:06][|-ip-|192.168.15.235|--sign--|ajaxgetcode]
[15:17:06][|-saRs-|Array
(
    [flag] => 10000
    [msg] => 
)
|--sign--|ajaxgetcode]
[15:17:33][|-ip-|192.168.15.235|--sign--|getmobilecode]
[15:17:33][|-saRs-|Array
(
    [flag] => 10000
    [msg] => 
)
|--sign--|getmobilecode]
[15:17:34][|-ip-|10.100.0.18|--sign--|ajaxregaction]
[15:17:34][|-saRs-|Array
(
    [flag] => 10000
    [msg] => 
)
|--sign--|ajaxregaction]
[15:17:50][|-ip-|192.168.15.235|--sign--|ajaxbkpwdaction]
[15:17:50][|-saRs-|Array
(
    [flag] => 10000
    [msg] => 
)
|--sign--|ajaxbkpwdaction]
[15:18:47][|-ip-|192.168.15.235|--sign--|ajaxgetcode]
[15:18:47][|-saRs-|Array
(
    [flag] => 10000
    [msg] => 
)
|--sign--|ajaxgetcode]
[15:18:48][|-ip-|192.168.15.235|--sign--|ajaxbkpwdaction]
[15:18:48][|-saRs-|Array
(
    [flag] => 10000
    [msg] => 
)
|--sign--|ajaxbkpwdaction]
[15:18:57][|-ip-|192.168.15.235|--sign--|ajaxbkpwdaction]
[15:18:57][|-saRs-|Array
(
    [flag] => 10000
    [msg] => 
)
|--sign--|ajaxbkpwdaction]
[15:19:05][|-ip-|192.168.15.235|--sign--|ajaxgetcode]
[15:19:05][|-saRs-|Array
(
    [flag] => 10000
    [msg] => 
)
|--sign--|ajaxgetcode]
[15:19:17][|-ip-|192.168.15.235|--sign--|getmobilecode]
[15:19:17][|-saRs-|Array
(
    [flag] => 10000
    [msg] => 
)
|--sign--|getmobilecode]
[15:20:21][|-ip-|192.168.15.235|--sign--|ajaxgetcode]
[15:20:21][|-saRs-|Array
(
    [flag] => 10000
    [msg] => 
)
|--sign--|ajaxgetcode]
[15:20:29][|-ip-|192.168.15.235|--sign--|getmobilecode]
[15:20:29][|-saRs-|Array
(
    [flag] => 10000
    [msg] => 
)
|--sign--|getmobilecode]
[15:20:48][|-ip-|192.168.15.235|--sign--|ajaxbkpwdaction]
[15:20:48][|-saRs-|Array
(
    [flag] => 10000
    [msg] => 
)
|--sign--|ajaxbkpwdaction]
[15:21:22][|-ip-|192.168.15.235|--sign--|ajaxgetcode]
[15:21:22][|-saRs-|Array
(
    [flag] => 10000
    [msg] => 
)
|--sign--|ajaxgetcode]
[15:21:27][|-ip-|192.168.15.235|--sign--|ajaxgetcode]
[15:21:27][|-saRs-|Array
(
    [flag] => 10000
    [msg] => 
)
|--sign--|ajaxgetcode]
[15:21:40][|-ip-|192.168.15.235|--sign--|getmobilecode]
[15:21:40][|-saRs-|Array
(
    [flag] => 10000
    [msg] => 
)
|--sign--|getmobilecode]
[15:22:00][|-ip-|192.168.15.235|--sign--|ajaxbkpwdaction]
[15:22:00][|-saRs-|Array
(
    [flag] => 10000
    [msg] => 
)
|--sign--|ajaxbkpwdaction]
[15:23:51][|-ip-|192.168.15.235|--sign--|ajaxgetcode]
[15:23:51][|-saRs-|Array
(
    [flag] => 10000
    [msg] => 
)
|--sign--|ajaxgetcode]
[15:27:50][|-ip-|192.168.15.235|--sign--|ajaxgetcode]
[15:27:50][|-saRs-|Array
(
    [flag] => 10000
    [msg] => 
)
|--sign--|ajaxgetcode]
[15:27:54][|-ip-|192.168.15.235|--sign--|ajaxgetcode]
[15:27:54][|-saRs-|Array
(
    [flag] => 10000
    [msg] => 
)
|--sign--|ajaxgetcode]
[15:28:06][|-ip-|192.168.15.235|--sign--|getmobilecode]
[15:28:06][|-saRs-|Array
(
    [flag] => 10000
    [msg] => 
)
|--sign--|getmobilecode]
[15:28:21][|-ip-|192.168.15.235|--sign--|ajaxbkpwdaction]
[15:28:21][|-saRs-|Array
(
    [flag] => 10000
    [msg] => 
)
|--sign--|ajaxbkpwdaction]
[15:28:37][|-ip-|192.168.15.235|--sign--|ajaxbkpwdaction]
[15:28:37][|-saRs-|Array
(
    [flag] => 10000
    [msg] => 
)
|--sign--|ajaxbkpwdaction]
[15:30:02][|-ip-|192.168.15.235|--sign--|ajaxgetcode]
[15:30:02][|-saRs-|Array
(
    [flag] => 10000
    [msg] => 
)
|--sign--|ajaxgetcode]
[15:30:06][|-ip-|192.168.15.235|--sign--|ajaxgetcode]
[15:30:06][|-saRs-|Array
(
    [flag] => 10000
    [msg] => 
)
|--sign--|ajaxgetcode]
[15:30:28][|-ip-|192.168.15.235|--sign--|getmobilecode]
[15:30:28][|-saRs-|Array
(
    [flag] => 10000
    [msg] => 
)
|--sign--|getmobilecode]
[15:30:45][|-ip-|192.168.15.235|--sign--|ajaxgetcode]
[15:30:45][|-saRs-|Array
(
    [flag] => 10000
    [msg] => 
)
|--sign--|ajaxgetcode]
[15:30:53][|-ip-|192.168.15.235|--sign--|getmobilecode]
[15:30:53][|-saRs-|Array
(
    [flag] => 10000
    [msg] => 
)
|--sign--|getmobilecode]
[15:31:06][|-ip-|192.168.15.235|--sign--|ajaxbkpwdaction]
[15:31:06][|-saRs-|Array
(
    [flag] => 10000
    [msg] => 
)
|--sign--|ajaxbkpwdaction]
[15:32:43][|-ip-|192.168.15.235|--sign--|ajaxgetcode]
[15:32:43][|-saRs-|Array
(
    [flag] => 10000
    [msg] => 
)
|--sign--|ajaxgetcode]
[15:33:05][|-ip-|192.168.15.235|--sign--|ajaxgetcode]
[15:33:05][|-saRs-|Array
(
    [flag] => 10000
    [msg] => 
)
|--sign--|ajaxgetcode]
[15:33:11][|-ip-|192.168.15.235|--sign--|getmobilecode]
[15:33:11][|-saRs-|Array
(
    [flag] => 10000
    [msg] => 
)
|--sign--|getmobilecode]
[15:39:17][|-ip-|192.168.15.235|--sign--|ajaxgetcode]
[15:39:17][|-saRs-|Array
(
    [flag] => 10000
    [msg] => 
)
|--sign--|ajaxgetcode]
[15:39:23][|-ip-|192.168.15.235|--sign--|getmobilecode]
[15:39:23][|-saRs-|Array
(
    [flag] => 10000
    [msg] => 
)
|--sign--|getmobilecode]
[15:39:56][|-ip-|192.168.15.235|--sign--|ajaxbkpwdaction]
[15:39:56][|-saRs-|Array
(
    [flag] => 10000
    [msg] => 
)
|--sign--|ajaxbkpwdaction]
[15:40:26][|-ip-|192.168.15.235|--sign--|ajaxnewpwdaction]
[15:40:26][|-saRs-|Array
(
    [flag] => 10000
    [msg] => 
)
|--sign--|ajaxnewpwdaction]
[15:41:29][|-ip-|192.168.15.235|--sign--|ajaxgetcode]
[15:41:29][|-saRs-|Array
(
    [flag] => 10000
    [msg] => 
)
|--sign--|ajaxgetcode]
[15:41:40][|-ip-|192.168.15.235|--sign--|getmobilecode]
[15:41:40][|-saRs-|Array
(
    [flag] => 10000
    [msg] => 
)
|--sign--|getmobilecode]
[15:45:37][|-ip-|192.168.15.235|--sign--|ajaxgetcode]
[15:45:37][|-saRs-|Array
(
    [flag] => 10000
    [msg] => 
)
|--sign--|ajaxgetcode]
[15:45:44][|-ip-|192.168.15.235|--sign--|getmobilecode]
[15:45:44][|-saRs-|Array
(
    [flag] => 10000
    [msg] => 
)
|--sign--|getmobilecode]
[15:46:07][|-ip-|192.168.15.235|--sign--|ajaxbkpwdaction]
[15:46:07][|-saRs-|Array
(
    [flag] => 10000
    [msg] => 
)
|--sign--|ajaxbkpwdaction]
[15:47:59][|-ip-|192.168.15.235|--sign--|ajaxgetcode]
[15:47:59][|-saRs-|Array
(
    [flag] => 10000
    [msg] => 
)
|--sign--|ajaxgetcode]
[15:48:10][|-ip-|192.168.15.235|--sign--|ajaxgetcode]
[15:48:10][|-saRs-|Array
(
    [flag] => 10000
    [msg] => 
)
|--sign--|ajaxgetcode]
[15:48:22][|-ip-|192.168.15.235|--sign--|getmobilecode]
[15:48:22][|-saRs-|Array
(
    [flag] => 10000
    [msg] => 
)
|--sign--|getmobilecode]
[15:48:41][|-ip-|192.168.15.235|--sign--|ajaxbkpwdaction]
[15:48:41][|-saRs-|Array
(
    [flag] => 10000
    [msg] => 
)
|--sign--|ajaxbkpwdaction]
[15:51:14][|-ip-|192.168.15.235|--sign--|ajaxgetcode]
[15:51:14][|-saRs-|Array
(
    [flag] => 10000
    [msg] => 
)
|--sign--|ajaxgetcode]
[15:51:23][|-ip-|192.168.15.235|--sign--|ajaxgetcode]
[15:51:23][|-saRs-|Array
(
    [flag] => 10000
    [msg] => 
)
|--sign--|ajaxgetcode]
[15:51:30][|-ip-|192.168.15.235|--sign--|getmobilecode]
[15:51:30][|-saRs-|Array
(
    [flag] => 10000
    [msg] => 
)
|--sign--|getmobilecode]
[15:52:20][|-ip-|192.168.15.235|--sign--|ajaxbkpwdaction]
[15:52:20][|-saRs-|Array
(
    [flag] => 10000
    [msg] => 
)
|--sign--|ajaxbkpwdaction]
[15:52:34][|-ip-|192.168.15.235|--sign--|ajaxgetcode]
[15:52:34][|-saRs-|Array
(
    [flag] => 10000
    [msg] => 
)
|--sign--|ajaxgetcode]
[15:59:39][|-ip-|192.168.15.235|--sign--|ajaxgetcode]
[15:59:39][|-saRs-|Array
(
    [flag] => 10000
    [msg] => 
)
|--sign--|ajaxgetcode]
[16:02:53][|-ip-|192.168.15.235|--sign--|ajaxgetcode]
[16:02:53][|-saRs-|Array
(
    [flag] => 10000
    [msg] => 
)
|--sign--|ajaxgetcode]
[16:03:00][|-ip-|192.168.15.235|--sign--|getmobilecode]
[16:03:00][|-saRs-|Array
(
    [flag] => 10000
    [msg] => 
)
|--sign--|getmobilecode]
[16:03:22][|-ip-|192.168.15.235|--sign--|ajaxbkpwdaction]
[16:03:22][|-saRs-|Array
(
    [flag] => 10000
    [msg] => 
)
|--sign--|ajaxbkpwdaction]
[16:03:50][|-ip-|192.168.15.235|--sign--|ajaxgetcode]
[16:03:50][|-saRs-|Array
(
    [flag] => 10000
    [msg] => 
)
|--sign--|ajaxgetcode]
[16:03:59][|-ip-|192.168.15.235|--sign--|ajaxgetcode]
[16:03:59][|-saRs-|Array
(
    [flag] => 10000
    [msg] => 
)
|--sign--|ajaxgetcode]
[16:05:13][|-ip-|192.168.15.235|--sign--|ajaxgetcode]
[16:05:13][|-saRs-|Array
(
    [flag] => 10000
    [msg] => 
)
|--sign--|ajaxgetcode]
[16:05:17][|-ip-|192.168.15.235|--sign--|ajaxgetcode]
[16:05:17][|-saRs-|Array
(
    [flag] => 10000
    [msg] => 
)
|--sign--|ajaxgetcode]
[16:05:24][|-ip-|192.168.15.235|--sign--|getmobilecode]
[16:05:24][|-saRs-|Array
(
    [flag] => 10000
    [msg] => 
)
|--sign--|getmobilecode]
[16:08:00][|-ip-|192.168.15.235|--sign--|ajaxgetcode]
[16:08:00][|-saRs-|Array
(
    [flag] => 10000
    [msg] => 
)
|--sign--|ajaxgetcode]
[16:08:06][|-ip-|192.168.15.235|--sign--|getmobilecode]
[16:08:06][|-saRs-|Array
(
    [flag] => 10000
    [msg] => 
)
|--sign--|getmobilecode]
[16:08:28][|-ip-|192.168.15.235|--sign--|ajaxbkpwdaction]
[16:08:28][|-saRs-|Array
(
    [flag] => 10000
    [msg] => 
)
|--sign--|ajaxbkpwdaction]
[16:08:54][|-ip-|192.168.15.235|--sign--|ajaxnewpwdaction]
[16:08:54][|-saRs-|Array
(
    [flag] => 10000
    [msg] => 
)
|--sign--|ajaxnewpwdaction]
[16:30:19][|-ip-|192.168.15.235|--sign--|ajaxgetcode]
[16:30:19][|-saRs-|Array
(
    [flag] => 10000
    [msg] => 
)
|--sign--|ajaxgetcode]
[16:30:36][|-ip-|192.168.15.235|--sign--|getmobilecode]
[16:30:36][|-saRs-|Array
(
    [flag] => 10000
    [msg] => 
)
|--sign--|getmobilecode]
[16:31:09][|-ip-|192.168.15.235|--sign--|ajaxbkpwdaction]
[16:31:09][|-saRs-|Array
(
    [flag] => 10000
    [msg] => 
)
|--sign--|ajaxbkpwdaction]
[16:31:18][|-ip-|192.168.15.235|--sign--|ajaxnewpwdaction]
[16:31:18][|-saRs-|Array
(
    [flag] => 10000
    [msg] => 
)
|--sign--|ajaxnewpwdaction]
[17:16:43][|-ip-|192.168.10.115|--sign--|modreserved]
[17:16:43][|-saRs-|Array
(
    [flag] => 10000
    [msg] => 
)
|--sign--|modreserved]
[17:17:22][|-ip-|192.168.10.115|--sign--|modreserved]
[17:17:22][|-saRs-|Array
(
    [flag] => 10000
    [msg] => 
)
|--sign--|modreserved]
[17:17:29][|-ip-|192.168.10.115|--sign--|modreserved]
[17:17:29][|-saRs-|Array
(
    [flag] => 10000
    [msg] => 
)
|--sign--|modreserved]
[17:18:03][|-ip-|192.168.10.115|--sign--|modreserved]
[17:18:03][|-saRs-|Array
(
    [flag] => 10000
    [msg] => 
)
|--sign--|modreserved]
[17:19:45][|-ip-|192.168.10.115|--sign--|modreserved]
[17:19:45][|-saRs-|Array
(
    [flag] => 10000
    [msg] => 
)
|--sign--|modreserved]
[17:19:50][|-ip-|192.168.10.115|--sign--|modreserved]
[17:19:50][|-saRs-|Array
(
    [flag] => 10000
    [msg] => 
)
|--sign--|modreserved]
[17:21:30][|-ip-|192.168.10.115|--sign--|modreserved]
[17:21:30][|-saRs-|Array
(
    [flag] => 10000
    [msg] => 
)
|--sign--|modreserved]
[17:21:33][|-ip-|192.168.10.115|--sign--|modreserved]
[17:21:33][|-saRs-|Array
(
    [flag] => 10000
    [msg] => 
)
|--sign--|modreserved]
[17:30:01][|-ip-|192.168.10.39|--sign--|ajaxgetcode]
[17:30:01][|-saRs-|Array
(
    [flag] => 10000
    [msg] => 
)
|--sign--|ajaxgetcode]
[17:43:22][|-ip-|192.168.10.115|--sign--|modreserved]
[17:43:22][|-saRs-|Array
(
    [flag] => 10000
    [msg] => 
)
|--sign--|modreserved]
[17:45:11][|-ip-|192.168.10.115|--sign--|provincebybank]
[17:45:11][|-saRs-|Array
(
    [flag] => 10000
    [msg] => 
)
|--sign--|provincebybank]
[17:45:11][|-ip-|192.168.10.115|--sign--|provincebybank]
[17:45:11][|-saRs-|Array
(
    [flag] => 10000
    [msg] => 
)
|--sign--|provincebybank]
