[10:47:23][|-ip-|192.168.10.85|--sign--|ajaxgetcode]
[10:47:23][|-saRs-|Array
(
    [flag] => 10000
    [msg] => 
)
|--sign--|ajaxgetcode]
[10:47:34][|-ip-|192.168.10.85|--sign--|getmobilecode]
[10:47:34][|-saRs-|Array
(
    [flag] => 10000
    [msg] => 
)
|--sign--|getmobilecode]
[10:50:27][|-ip-|192.168.10.85|--sign--|ajaxgetcode]
[10:50:27][|-saRs-|Array
(
    [flag] => 10000
    [msg] => 
)
|--sign--|ajaxgetcode]
[10:50:43][|-ip-|192.168.10.85|--sign--|getmobilecode]
[10:50:43][|-saRs-|Array
(
    [flag] => 10000
    [msg] => 
)
|--sign--|getmobilecode]
[10:51:17][|-ip-|192.168.10.85|--sign--|ajaxgetcode]
[10:51:17][|-saRs-|Array
(
    [flag] => 10000
    [msg] => 
)
|--sign--|ajaxgetcode]
[10:51:26][|-ip-|192.168.10.85|--sign--|getmobilecode]
[10:51:26][|-saRs-|Array
(
    [flag] => 10000
    [msg] => 
)
|--sign--|getmobilecode]
[10:52:09][|-ip-|192.168.10.85|--sign--|ajaxgetcode]
[10:52:09][|-saRs-|Array
(
    [flag] => 10000
    [msg] => 
)
|--sign--|ajaxgetcode]
[10:52:34][|-ip-|192.168.10.85|--sign--|getmobilecode]
[10:52:34][|-saRs-|Array
(
    [flag] => 10000
    [msg] => 
)
|--sign--|getmobilecode]
[10:52:49][|-ip-|192.168.10.85|--sign--|ajaxgetcode]
[10:52:49][|-saRs-|Array
(
    [flag] => 10000
    [msg] => 
)
|--sign--|ajaxgetcode]
[10:53:02][|-ip-|192.168.10.85|--sign--|getmobilecode]
[10:53:02][|-saRs-|Array
(
    [flag] => 10000
    [msg] => 
)
|--sign--|getmobilecode]
[10:55:40][|-ip-|192.168.10.85|--sign--|ajaxgetcode]
[10:55:40][|-saRs-|Array
(
    [flag] => 10000
    [msg] => 
)
|--sign--|ajaxgetcode]
[10:55:44][|-ip-|192.168.10.85|--sign--|ajaxgetcode]
[10:55:44][|-saRs-|Array
(
    [flag] => 10000
    [msg] => 
)
|--sign--|ajaxgetcode]
[10:55:47][|-ip-|192.168.10.85|--sign--|ajaxgetcode]
[10:55:47][|-saRs-|Array
(
    [flag] => 10000
    [msg] => 
)
|--sign--|ajaxgetcode]
[10:55:56][|-ip-|192.168.10.85|--sign--|getmobilecode]
[10:55:56][|-saRs-|Array
(
    [flag] => 10000
    [msg] => 
)
|--sign--|getmobilecode]
[11:25:47][|-ip-|192.168.10.85|--sign--|ajaxgetcode]
[11:25:47][|-saRs-|Array
(
    [flag] => 10000
    [msg] => 
)
|--sign--|ajaxgetcode]
[11:25:59][|-ip-|192.168.10.85|--sign--|getmobilecode]
[11:25:59][|-saRs-|Array
(
    [flag] => 10000
    [msg] => 
)
|--sign--|getmobilecode]
[11:28:33][|-ip-|192.168.10.85|--sign--|ajaxgetcode]
[11:28:33][|-saRs-|Array
(
    [flag] => 10000
    [msg] => 
)
|--sign--|ajaxgetcode]
[11:28:45][|-ip-|192.168.10.85|--sign--|getmobilecode]
[11:28:45][|-saRs-|Array
(
    [flag] => 10000
    [msg] => 
)
|--sign--|getmobilecode]
[11:36:25][|-ip-|192.168.10.85|--sign--|ajaxgetcode]
[11:36:25][|-saRs-|Array
(
    [flag] => 10000
    [msg] => 
)
|--sign--|ajaxgetcode]
[11:36:38][|-ip-|192.168.10.85|--sign--|getmobilecode]
[11:36:38][|-saRs-|Array
(
    [flag] => 10000
    [msg] => 
)
|--sign--|getmobilecode]
[11:45:01][|-ip-|192.168.10.85|--sign--|ajaxgetcode]
[11:45:01][|-saRs-|Array
(
    [flag] => 10000
    [msg] => 
)
|--sign--|ajaxgetcode]
[11:45:11][|-ip-|192.168.10.85|--sign--|getmobilecode]
[11:45:11][|-saRs-|Array
(
    [flag] => 10000
    [msg] => 
)
|--sign--|getmobilecode]
[11:51:59][|-ip-|192.168.10.85|--sign--|ajaxgetcode]
[11:51:59][|-saRs-|Array
(
    [flag] => 10000
    [msg] => 
)
|--sign--|ajaxgetcode]
[11:52:21][|-ip-|192.168.10.85|--sign--|getmobilecode]
[11:52:21][|-saRs-|Array
(
    [flag] => 10000
    [msg] => 
)
|--sign--|getmobilecode]
