[09:24:13][|-ip-|192.168.15.235|--sign--|ajaxgetcode]
[09:24:13][|-saRs-|Array
(
    [flag] => 10000
    [msg] => 
)
|--sign--|ajaxgetcode]
[09:24:44][|-ip-|192.168.15.235|--sign--|getmobilecode]
[09:24:44][|-saRs-|Array
(
    [flag] => 10000
    [msg] => 
)
|--sign--|getmobilecode]
[09:25:51][|-ip-|192.168.15.235|--sign--|provincebybank]
[09:25:51][|-saRs-|Array
(
    [flag] => 10000
    [msg] => 
)
|--sign--|provincebybank]
[09:26:03][|-ip-|192.168.15.235|--sign--|ajaxregaction]
[09:26:03][|-saRs-|Array
(
    [flag] => 10000
    [msg] => 
)
|--sign--|ajaxregaction]
[09:26:06][|-ip-|192.168.15.235|--sign--|provincebybank]
[09:26:06][|-saRs-|Array
(
    [flag] => 10000
    [msg] => 
)
|--sign--|provincebybank]
[09:26:14][|-ip-|192.168.15.235|--sign--|citybyprovincebank]
[09:26:14][|-saRs-|Array
(
    [flag] => 10000
    [msg] => 
)
|--sign--|citybyprovincebank]
[09:26:16][|-ip-|192.168.15.235|--sign--|bandbyprovincebankcity]
[09:26:16][|-saRs-|Array
(
    [flag] => 10000
    [msg] => 
)
|--sign--|bandbyprovincebankcity]
[09:26:19][|-ip-|192.168.15.235|--sign--|ajaxregaction]
[09:26:19][|-saRs-|Array
(
    [flag] => 10000
    [msg] => 
)
|--sign--|ajaxregaction]
[09:26:50][|-ip-|192.168.15.235|--sign--|ajaxgetcode]
[09:26:50][|-saRs-|Array
(
    [flag] => 10000
    [msg] => 
)
|--sign--|ajaxgetcode]
[09:27:18][|-ip-|192.168.15.235|--sign--|ajaxregaction]
[09:27:18][|-saRs-|Array
(
    [flag] => 10000
    [msg] => 
)
|--sign--|ajaxregaction]
[09:27:47][|-ip-|192.168.15.235|--sign--|regbindcard]
[09:27:47][|-saRs-|Array
(
    [flag] => 10000
    [msg] => 
)
|--sign--|regbindcard]
[09:28:37][|-ip-|192.168.15.235|--sign--|regbindcard]
[09:28:37][|-saRs-|Array
(
    [flag] => 10000
    [msg] => 
)
|--sign--|regbindcard]
[09:29:19][|-ip-|192.168.15.235|--sign--|activebindcard]
[09:29:19][|-saRs-|Array
(
    [flag] => 10000
    [msg] => 
)
|--sign--|activebindcard]
[09:51:59][|-ip-|192.168.10.115|--sign--|ajaxgetcode]
[09:51:59][|-saRs-|Array
(
    [flag] => 10000
    [msg] => 
)
|--sign--|ajaxgetcode]
[09:52:39][|-ip-|192.168.10.115|--sign--|getmobilecode]
[09:52:39][|-saRs-|Array
(
    [flag] => 10000
    [msg] => 
)
|--sign--|getmobilecode]
[09:53:24][|-ip-|192.168.10.115|--sign--|ajaxgetcode]
[09:53:24][|-saRs-|Array
(
    [flag] => 10000
    [msg] => 
)
|--sign--|ajaxgetcode]
[09:53:30][|-ip-|192.168.10.115|--sign--|getmobilecode]
[09:53:30][|-saRs-|Array
(
    [flag] => 10000
    [msg] => 
)
|--sign--|getmobilecode]
[09:54:01][|-ip-|192.168.10.115|--sign--|ajaxregaction]
[09:54:01][|-saRs-|Array
(
    [flag] => 10000
    [msg] => 
)
|--sign--|ajaxregaction]
[09:54:18][|-ip-|192.168.10.115|--sign--|ajaxgetcode]
[09:54:18][|-saRs-|Array
(
    [flag] => 10000
    [msg] => 
)
|--sign--|ajaxgetcode]
[09:54:42][|-ip-|192.168.10.115|--sign--|ajaxgetcode]
[09:54:42][|-saRs-|Array
(
    [flag] => 10000
    [msg] => 
)
|--sign--|ajaxgetcode]
[09:55:40][|-ip-|192.168.15.235|--sign--|ajaxgetcode]
[09:55:40][|-saRs-|Array
(
    [flag] => 10000
    [msg] => 
)
|--sign--|ajaxgetcode]
[09:58:44][|-ip-|192.168.15.235|--sign--|getmobilecode]
[09:58:44][|-saRs-|Array
(
    [flag] => 10000
    [msg] => 
)
|--sign--|getmobilecode]
[09:59:29][|-ip-|192.168.15.235|--sign--|provincebybank]
[09:59:29][|-saRs-|Array
(
    [flag] => 10000
    [msg] => 
)
|--sign--|provincebybank]
[09:59:36][|-ip-|192.168.15.235|--sign--|citybyprovincebank]
[09:59:36][|-saRs-|Array
(
    [flag] => 10000
    [msg] => 
)
|--sign--|citybyprovincebank]
[09:59:38][|-ip-|192.168.15.235|--sign--|bandbyprovincebankcity]
[09:59:38][|-saRs-|Array
(
    [flag] => 10000
    [msg] => 
)
|--sign--|bandbyprovincebankcity]
[10:00:28][|-ip-|192.168.15.235|--sign--|regbindcard]
[10:00:28][|-saRs-|Array
(
    [flag] => 10000
    [msg] => 
)
|--sign--|regbindcard]
[10:01:03][|-ip-|192.168.15.235|--sign--|activebindcard]
[10:01:03][|-saRs-|Array
(
    [flag] => 10000
    [msg] => 
)
|--sign--|activebindcard]
[10:02:01][|-ip-|192.168.15.235|--sign--|regbindcard]
[10:02:01][|-saRs-|Array
(
    [flag] => 10000
    [msg] => 
)
|--sign--|regbindcard]
[10:02:20][|-ip-|192.168.15.235|--sign--|activebindcard]
[10:02:20][|-saRs-|Array
(
    [flag] => 10000
    [msg] => 
)
|--sign--|activebindcard]
[10:02:39][|-ip-|192.168.15.235|--sign--|activebindcard]
[10:02:39][|-saRs-|Array
(
    [flag] => 10000
    [msg] => 
)
|--sign--|activebindcard]
[10:03:20][|-ip-|192.168.15.235|--sign--|activebindcard]
[10:03:20][|-saRs-|Array
(
    [flag] => 10000
    [msg] => 
)
|--sign--|activebindcard]
[10:03:34][|-ip-|192.168.15.235|--sign--|regbindcard]
[10:03:34][|-saRs-|Array
(
    [flag] => 10000
    [msg] => 
)
|--sign--|regbindcard]
[10:04:43][|-ip-|192.168.15.235|--sign--|activebindcard]
[10:04:43][|-saRs-|Array
(
    [flag] => 10000
    [msg] => 
)
|--sign--|activebindcard]
[10:06:41][|-ip-|192.168.10.39|--sign--|ajaxgetcode]
[10:06:41][|-saRs-|Array
(
    [flag] => 10000
    [msg] => 
)
|--sign--|ajaxgetcode]
[10:07:37][|-ip-|192.168.10.39|--sign--|ajaxgetcode]
[10:07:37][|-saRs-|Array
(
    [flag] => 10000
    [msg] => 
)
|--sign--|ajaxgetcode]
[10:08:47][|-ip-|192.168.10.39|--sign--|ajaxgetcode]
[10:08:47][|-saRs-|Array
(
    [flag] => 10000
    [msg] => 
)
|--sign--|ajaxgetcode]
[10:09:17][|-ip-|192.168.10.115|--sign--|ajaxgetcode]
[10:09:17][|-saRs-|Array
(
    [flag] => 10000
    [msg] => 
)
|--sign--|ajaxgetcode]
[10:09:22][|-ip-|192.168.10.115|--sign--|getmobilecode]
[10:09:22][|-saRs-|Array
(
    [flag] => 10000
    [msg] => 
)
|--sign--|getmobilecode]
[10:09:48][|-ip-|192.168.10.115|--sign--|ajaxregaction]
[10:09:48][|-saRs-|Array
(
    [flag] => 10000
    [msg] => 
)
|--sign--|ajaxregaction]
[10:09:48][|-ip-|192.168.10.39|--sign--|ajaxgetcode]
[10:09:48][|-saRs-|Array
(
    [flag] => 10000
    [msg] => 
)
|--sign--|ajaxgetcode]
[10:11:18][|-ip-|192.168.10.39|--sign--|ajaxgetcode]
[10:11:18][|-saRs-|Array
(
    [flag] => 10000
    [msg] => 
)
|--sign--|ajaxgetcode]
[10:14:00][|-ip-|192.168.10.115|--sign--|ajaxgetcode]
[10:14:00][|-saRs-|Array
(
    [flag] => 10000
    [msg] => 
)
|--sign--|ajaxgetcode]
[10:15:10][|-ip-|192.168.10.115|--sign--|ajaxgetcode]
[10:15:10][|-saRs-|Array
(
    [flag] => 10000
    [msg] => 
)
|--sign--|ajaxgetcode]
[10:15:14][|-ip-|192.168.10.115|--sign--|getmobilecode]
[10:15:14][|-saRs-|Array
(
    [flag] => 10000
    [msg] => 
)
|--sign--|getmobilecode]
[10:15:16][|-ip-|10.100.0.18|--sign--|ajaxgetcode]
[10:15:16][|-saRs-|Array
(
    [flag] => 10000
    [msg] => 
)
|--sign--|ajaxgetcode]
[10:15:16][|-ip-|192.168.10.39|--sign--|ajaxgetcode]
[10:15:16][|-saRs-|Array
(
    [flag] => 10000
    [msg] => 
)
|--sign--|ajaxgetcode]
[10:15:24][|-ip-|192.168.10.39|--sign--|ajaxgetcode]
[10:15:24][|-saRs-|Array
(
    [flag] => 10000
    [msg] => 
)
|--sign--|ajaxgetcode]
[10:15:35][|-ip-|10.100.0.18|--sign--|ajaxgetcode]
[10:15:35][|-saRs-|Array
(
    [flag] => 10000
    [msg] => 
)
|--sign--|ajaxgetcode]
[10:15:45][|-ip-|192.168.10.115|--sign--|ajaxregaction]
[10:15:45][|-saRs-|Array
(
    [flag] => 10000
    [msg] => 
)
|--sign--|ajaxregaction]
[10:16:05][|-ip-|10.100.0.18|--sign--|ajaxgetcode]
[10:16:05][|-saRs-|Array
(
    [flag] => 10000
    [msg] => 
)
|--sign--|ajaxgetcode]
[10:16:19][|-ip-|192.168.10.39|--sign--|ajaxgetcode]
[10:16:19][|-saRs-|Array
(
    [flag] => 10000
    [msg] => 
)
|--sign--|ajaxgetcode]
[10:16:22][|-ip-|192.168.10.39|--sign--|ajaxgetcode]
[10:16:22][|-saRs-|Array
(
    [flag] => 10000
    [msg] => 
)
|--sign--|ajaxgetcode]
[10:19:14][|-ip-|192.168.10.115|--sign--|ajaxgetcode]
[10:19:14][|-saRs-|Array
(
    [flag] => 10000
    [msg] => 
)
|--sign--|ajaxgetcode]
[10:19:22][|-ip-|192.168.10.115|--sign--|ajaxgetcode]
[10:19:22][|-saRs-|Array
(
    [flag] => 10000
    [msg] => 
)
|--sign--|ajaxgetcode]
[10:19:27][|-ip-|192.168.10.115|--sign--|getmobilecode]
[10:19:27][|-saRs-|Array
(
    [flag] => 10000
    [msg] => 
)
|--sign--|getmobilecode]
[10:19:52][|-ip-|192.168.10.115|--sign--|ajaxregaction]
[10:19:52][|-saRs-|Array
(
    [flag] => 10000
    [msg] => 
)
|--sign--|ajaxregaction]
[10:21:52][|-ip-|192.168.15.235|--sign--|ajaxgetcode]
[10:21:52][|-saRs-|Array
(
    [flag] => 10000
    [msg] => 
)
|--sign--|ajaxgetcode]
[10:22:06][|-ip-|192.168.15.235|--sign--|getmobilecode]
[10:22:06][|-saRs-|Array
(
    [flag] => 10000
    [msg] => 
)
|--sign--|getmobilecode]
[10:22:21][|-ip-|192.168.15.235|--sign--|ajaxbkpwdaction]
[10:22:21][|-saRs-|Array
(
    [flag] => 10000
    [msg] => 
)
|--sign--|ajaxbkpwdaction]
[10:22:24][|-ip-|192.168.10.39|--sign--|ajaxgetcode]
[10:22:24][|-saRs-|Array
(
    [flag] => 10000
    [msg] => 
)
|--sign--|ajaxgetcode]
[10:22:57][|-ip-|192.168.10.115|--sign--|ajaxgetcode]
[10:22:57][|-saRs-|Array
(
    [flag] => 10000
    [msg] => 
)
|--sign--|ajaxgetcode]
[10:23:05][|-ip-|192.168.15.235|--sign--|ajaxnewpwdaction]
[10:23:05][|-saRs-|Array
(
    [flag] => 10000
    [msg] => 
)
|--sign--|ajaxnewpwdaction]
[10:23:17][|-ip-|192.168.10.115|--sign--|ajaxgetcode]
[10:23:17][|-saRs-|Array
(
    [flag] => 10000
    [msg] => 
)
|--sign--|ajaxgetcode]
[10:23:22][|-ip-|192.168.10.115|--sign--|ajaxgetcode]
[10:23:22][|-saRs-|Array
(
    [flag] => 10000
    [msg] => 
)
|--sign--|ajaxgetcode]
[10:23:27][|-ip-|192.168.10.115|--sign--|getmobilecode]
[10:23:27][|-saRs-|Array
(
    [flag] => 10000
    [msg] => 
)
|--sign--|getmobilecode]
[10:23:40][|-ip-|192.168.15.235|--sign--|ajaxnewpwdaction]
[10:23:40][|-saRs-|Array
(
    [flag] => 10000
    [msg] => 
)
|--sign--|ajaxnewpwdaction]
[10:23:47][|-ip-|192.168.10.115|--sign--|ajaxgetcode]
[10:23:47][|-saRs-|Array
(
    [flag] => 10000
    [msg] => 
)
|--sign--|ajaxgetcode]
[10:23:51][|-ip-|192.168.10.115|--sign--|getmobilecode]
[10:23:51][|-saRs-|Array
(
    [flag] => 10000
    [msg] => 
)
|--sign--|getmobilecode]
[10:24:18][|-ip-|192.168.10.115|--sign--|ajaxregaction]
[10:24:18][|-saRs-|Array
(
    [flag] => 10000
    [msg] => 
)
|--sign--|ajaxregaction]
[10:24:59][|-ip-|192.168.15.235|--sign--|ajaxgetcode]
[10:24:59][|-saRs-|Array
(
    [flag] => 10000
    [msg] => 
)
|--sign--|ajaxgetcode]
[10:29:15][|-ip-|192.168.10.115|--sign--|ajaxgetcode]
[10:29:15][|-saRs-|Array
(
    [flag] => 10000
    [msg] => 
)
|--sign--|ajaxgetcode]
[10:29:22][|-ip-|192.168.10.115|--sign--|getmobilecode]
[10:29:22][|-saRs-|Array
(
    [flag] => 10000
    [msg] => 
)
|--sign--|getmobilecode]
[10:29:52][|-ip-|192.168.10.115|--sign--|ajaxregaction]
[10:29:52][|-saRs-|Array
(
    [flag] => 10000
    [msg] => 
)
|--sign--|ajaxregaction]
[10:35:26][|-ip-|192.168.15.235|--sign--|ajaxgetcode]
[10:35:26][|-saRs-|Array
(
    [flag] => 10000
    [msg] => 
)
|--sign--|ajaxgetcode]
[10:35:43][|-ip-|192.168.10.39|--sign--|ajaxgetcode]
[10:35:43][|-saRs-|Array
(
    [flag] => 10000
    [msg] => 
)
|--sign--|ajaxgetcode]
[10:35:43][|-ip-|192.168.15.235|--sign--|getmobilecode]
[10:35:43][|-saRs-|Array
(
    [flag] => 10000
    [msg] => 
)
|--sign--|getmobilecode]
[10:36:49][|-ip-|192.168.15.235|--sign--|provincebybank]
[10:36:49][|-saRs-|Array
(
    [flag] => 10000
    [msg] => 
)
|--sign--|provincebybank]
[10:36:57][|-ip-|192.168.15.235|--sign--|citybyprovincebank]
[10:36:57][|-saRs-|Array
(
    [flag] => 10000
    [msg] => 
)
|--sign--|citybyprovincebank]
[10:37:18][|-ip-|192.168.15.235|--sign--|bandbyprovincebankcity]
[10:37:18][|-saRs-|Array
(
    [flag] => 10000
    [msg] => 
)
|--sign--|bandbyprovincebankcity]
[10:38:52][|-ip-|192.168.15.235|--sign--|ajaxgetcode]
[10:38:52][|-saRs-|Array
(
    [flag] => 10000
    [msg] => 
)
|--sign--|ajaxgetcode]
[10:39:05][|-ip-|192.168.15.235|--sign--|getmobilecode]
[10:39:05][|-saRs-|Array
(
    [flag] => 10000
    [msg] => 
)
|--sign--|getmobilecode]
[10:39:42][|-ip-|192.168.15.235|--sign--|ajaxregaction]
[10:39:42][|-saRs-|Array
(
    [flag] => 10000
    [msg] => 
)
|--sign--|ajaxregaction]
[10:46:20][|-ip-|192.168.15.235|--sign--|regbindcard]
[10:46:20][|-saRs-|Array
(
    [flag] => 10000
    [msg] => 
)
|--sign--|regbindcard]
[10:46:31][|-ip-|192.168.15.235|--sign--|activebindcard]
[10:46:31][|-saRs-|Array
(
    [flag] => 10000
    [msg] => 
)
|--sign--|activebindcard]
[10:46:54][|-ip-|192.168.15.235|--sign--|activebindcard]
[10:46:54][|-saRs-|Array
(
    [flag] => 10000
    [msg] => 
)
|--sign--|activebindcard]
[10:46:57][|-ip-|192.168.15.235|--sign--|activebindcard]
[10:46:57][|-saRs-|Array
(
    [flag] => 10000
    [msg] => 
)
|--sign--|activebindcard]
[10:46:59][|-ip-|192.168.15.235|--sign--|activebindcard]
[10:46:59][|-saRs-|Array
(
    [flag] => 10000
    [msg] => 
)
|--sign--|activebindcard]
[10:49:44][|-ip-|192.168.15.235|--sign--|ajaxgetcode]
[10:49:44][|-saRs-|Array
(
    [flag] => 10000
    [msg] => 
)
|--sign--|ajaxgetcode]
[10:50:08][|-ip-|192.168.15.235|--sign--|activebindcard]
[10:50:08][|-saRs-|Array
(
    [flag] => 10000
    [msg] => 
)
|--sign--|activebindcard]
[10:50:14][|-ip-|192.168.15.235|--sign--|activebindcard]
[10:50:14][|-saRs-|Array
(
    [flag] => 10000
    [msg] => 
)
|--sign--|activebindcard]
[10:58:37][|-ip-|10.100.0.18|--sign--|ajaxgetcode]
[10:58:37][|-saRs-|Array
(
    [flag] => 10000
    [msg] => 
)
|--sign--|ajaxgetcode]
[11:03:54][|-ip-|10.100.0.18|--sign--|provincebybank]
[11:03:54][|-saRs-|Array
(
    [flag] => 10000
    [msg] => 
)
|--sign--|provincebybank]
[11:04:05][|-ip-|10.100.0.18|--sign--|citybyprovincebank]
[11:04:05][|-saRs-|Array
(
    [flag] => 10000
    [msg] => 
)
|--sign--|citybyprovincebank]
[11:04:21][|-ip-|10.100.0.18|--sign--|bandbyprovincebankcity]
[11:04:21][|-saRs-|Array
(
    [flag] => 10000
    [msg] => 
)
|--sign--|bandbyprovincebankcity]
[11:05:19][|-ip-|10.100.0.18|--sign--|provincebybank]
[11:05:19][|-saRs-|Array
(
    [flag] => 10000
    [msg] => 
)
|--sign--|provincebybank]
[11:05:22][|-ip-|10.100.0.18|--sign--|citybyprovincebank]
[11:05:22][|-saRs-|Array
(
    [flag] => 10000
    [msg] => 
)
|--sign--|citybyprovincebank]
[11:05:25][|-ip-|10.100.0.18|--sign--|bandbyprovincebankcity]
[11:05:25][|-saRs-|Array
(
    [flag] => 10000
    [msg] => 
)
|--sign--|bandbyprovincebankcity]
[11:05:51][|-ip-|192.168.10.39|--sign--|ajaxgetcode]
[11:05:51][|-saRs-|Array
(
    [flag] => 10000
    [msg] => 
)
|--sign--|ajaxgetcode]
[11:06:04][|-ip-|192.168.10.39|--sign--|ajaxgetcode]
[11:06:04][|-saRs-|Array
(
    [flag] => 10000
    [msg] => 
)
|--sign--|ajaxgetcode]
[11:06:05][|-ip-|192.168.10.39|--sign--|ajaxgetcode]
[11:06:05][|-saRs-|Array
(
    [flag] => 10000
    [msg] => 
)
|--sign--|ajaxgetcode]
[11:06:19][|-ip-|192.168.10.39|--sign--|ajaxgetcode]
[11:06:19][|-saRs-|Array
(
    [flag] => 10000
    [msg] => 
)
|--sign--|ajaxgetcode]
[11:06:21][|-ip-|192.168.10.39|--sign--|ajaxgetcode]
[11:06:21][|-saRs-|Array
(
    [flag] => 10000
    [msg] => 
)
|--sign--|ajaxgetcode]
[11:06:22][|-ip-|192.168.10.39|--sign--|ajaxgetcode]
[11:06:22][|-saRs-|Array
(
    [flag] => 10000
    [msg] => 
)
|--sign--|ajaxgetcode]
[11:06:24][|-ip-|10.100.0.18|--sign--|regbindcard]
[11:06:24][|-saRs-|Array
(
    [flag] => 10000
    [msg] => 
)
|--sign--|regbindcard]
[11:06:36][|-ip-|192.168.10.39|--sign--|getmobilecode]
[11:06:36][|-saRs-|Array
(
    [flag] => 10000
    [msg] => 
)
|--sign--|getmobilecode]
[11:06:50][|-ip-|10.100.0.18|--sign--|activebindcard]
[11:06:50][|-saRs-|Array
(
    [flag] => 10000
    [msg] => 
)
|--sign--|activebindcard]
[11:06:57][|-ip-|192.168.10.39|--sign--|ajaxgetcode]
[11:06:57][|-saRs-|Array
(
    [flag] => 10000
    [msg] => 
)
|--sign--|ajaxgetcode]
[11:07:04][|-ip-|10.100.0.18|--sign--|activebindcard]
[11:07:04][|-saRs-|Array
(
    [flag] => 10000
    [msg] => 
)
|--sign--|activebindcard]
[11:07:16][|-ip-|10.100.0.18|--sign--|regbindcard]
[11:07:16][|-saRs-|Array
(
    [flag] => 10000
    [msg] => 
)
|--sign--|regbindcard]
[11:07:39][|-ip-|10.100.0.18|--sign--|activebindcard]
[11:07:39][|-saRs-|Array
(
    [flag] => 10000
    [msg] => 
)
|--sign--|activebindcard]
[11:08:30][|-ip-|192.168.10.39|--sign--|ajaxgetcode]
[11:08:30][|-saRs-|Array
(
    [flag] => 10000
    [msg] => 
)
|--sign--|ajaxgetcode]
[11:09:32][|-ip-|192.168.10.39|--sign--|ajaxgetcode]
[11:09:32][|-saRs-|Array
(
    [flag] => 10000
    [msg] => 
)
|--sign--|ajaxgetcode]
[11:09:37][|-ip-|10.100.0.18|--sign--|ajaxgetcode]
[11:09:37][|-saRs-|Array
(
    [flag] => 10000
    [msg] => 
)
|--sign--|ajaxgetcode]
[11:09:53][|-ip-|192.168.10.39|--sign--|ajaxgetcode]
[11:09:53][|-saRs-|Array
(
    [flag] => 10000
    [msg] => 
)
|--sign--|ajaxgetcode]
[11:10:00][|-ip-|192.168.10.39|--sign--|ajaxgetcode]
[11:10:00][|-saRs-|Array
(
    [flag] => 10000
    [msg] => 
)
|--sign--|ajaxgetcode]
[11:13:50][|-ip-|192.168.10.39|--sign--|ajaxgetcode]
[11:13:50][|-saRs-|Array
(
    [flag] => 10000
    [msg] => 
)
|--sign--|ajaxgetcode]
[11:13:51][|-ip-|192.168.10.39|--sign--|ajaxgetcode]
[11:13:51][|-saRs-|Array
(
    [flag] => 10000
    [msg] => 
)
|--sign--|ajaxgetcode]
[11:14:05][|-ip-|192.168.10.39|--sign--|ajaxgetcode]
[11:14:05][|-saRs-|Array
(
    [flag] => 10000
    [msg] => 
)
|--sign--|ajaxgetcode]
[11:14:20][|-ip-|192.168.10.39|--sign--|ajaxgetcode]
[11:14:20][|-saRs-|Array
(
    [flag] => 10000
    [msg] => 
)
|--sign--|ajaxgetcode]
[11:14:59][|-ip-|192.168.10.39|--sign--|ajaxgetcode]
[11:14:59][|-saRs-|Array
(
    [flag] => 10000
    [msg] => 
)
|--sign--|ajaxgetcode]
[11:15:22][|-ip-|192.168.10.39|--sign--|ajaxgetcode]
[11:15:22][|-saRs-|Array
(
    [flag] => 10000
    [msg] => 
)
|--sign--|ajaxgetcode]
[11:15:56][|-ip-|192.168.10.39|--sign--|ajaxgetcode]
[11:15:56][|-saRs-|Array
(
    [flag] => 10000
    [msg] => 
)
|--sign--|ajaxgetcode]
[11:16:04][|-ip-|192.168.10.39|--sign--|ajaxgetcode]
[11:16:04][|-saRs-|Array
(
    [flag] => 10000
    [msg] => 
)
|--sign--|ajaxgetcode]
[11:17:02][|-ip-|192.168.10.39|--sign--|ajaxgetcode]
[11:17:02][|-saRs-|Array
(
    [flag] => 10000
    [msg] => 
)
|--sign--|ajaxgetcode]
[11:17:06][|-ip-|192.168.10.39|--sign--|ajaxgetcode]
[11:17:06][|-saRs-|Array
(
    [flag] => 10000
    [msg] => 
)
|--sign--|ajaxgetcode]
[11:17:41][|-ip-|192.168.10.39|--sign--|ajaxgetcode]
[11:17:41][|-saRs-|Array
(
    [flag] => 10000
    [msg] => 
)
|--sign--|ajaxgetcode]
[11:18:03][|-ip-|192.168.10.39|--sign--|ajaxgetcode]
[11:18:03][|-saRs-|Array
(
    [flag] => 10000
    [msg] => 
)
|--sign--|ajaxgetcode]
[11:18:05][|-ip-|192.168.10.39|--sign--|ajaxgetcode]
[11:18:05][|-saRs-|Array
(
    [flag] => 10000
    [msg] => 
)
|--sign--|ajaxgetcode]
[11:18:05][|-ip-|192.168.10.39|--sign--|ajaxgetcode]
[11:18:05][|-saRs-|Array
(
    [flag] => 10000
    [msg] => 
)
|--sign--|ajaxgetcode]
[11:18:07][|-ip-|192.168.10.39|--sign--|ajaxgetcode]
[11:18:07][|-saRs-|Array
(
    [flag] => 10000
    [msg] => 
)
|--sign--|ajaxgetcode]
[11:18:07][|-ip-|192.168.10.39|--sign--|ajaxgetcode]
[11:18:07][|-saRs-|Array
(
    [flag] => 10000
    [msg] => 
)
|--sign--|ajaxgetcode]
[11:18:24][|-ip-|192.168.10.39|--sign--|ajaxgetcode]
[11:18:24][|-saRs-|Array
(
    [flag] => 10000
    [msg] => 
)
|--sign--|ajaxgetcode]
[11:18:36][|-ip-|192.168.10.39|--sign--|ajaxgetcode]
[11:18:36][|-saRs-|Array
(
    [flag] => 10000
    [msg] => 
)
|--sign--|ajaxgetcode]
[11:18:37][|-ip-|192.168.10.39|--sign--|ajaxgetcode]
[11:18:37][|-saRs-|Array
(
    [flag] => 10000
    [msg] => 
)
|--sign--|ajaxgetcode]
[11:18:38][|-ip-|192.168.10.39|--sign--|ajaxgetcode]
[11:18:38][|-saRs-|Array
(
    [flag] => 10000
    [msg] => 
)
|--sign--|ajaxgetcode]
[11:18:38][|-ip-|192.168.10.39|--sign--|ajaxgetcode]
[11:18:38][|-saRs-|Array
(
    [flag] => 10000
    [msg] => 
)
|--sign--|ajaxgetcode]
[11:18:39][|-ip-|192.168.10.39|--sign--|ajaxgetcode]
[11:18:39][|-saRs-|Array
(
    [flag] => 10000
    [msg] => 
)
|--sign--|ajaxgetcode]
[11:18:39][|-ip-|192.168.10.39|--sign--|ajaxgetcode]
[11:18:39][|-saRs-|Array
(
    [flag] => 10000
    [msg] => 
)
|--sign--|ajaxgetcode]
[11:18:40][|-ip-|192.168.10.39|--sign--|ajaxgetcode]
[11:18:40][|-saRs-|Array
(
    [flag] => 10000
    [msg] => 
)
|--sign--|ajaxgetcode]
[11:19:29][|-ip-|192.168.15.235|--sign--|activebindcard]
[11:19:29][|-saRs-|Array
(
    [flag] => 10000
    [msg] => 
)
|--sign--|activebindcard]
[11:19:30][|-ip-|192.168.15.235|--sign--|activebindcard]
[11:19:30][|-saRs-|Array
(
    [flag] => 10000
    [msg] => 
)
|--sign--|activebindcard]
[11:19:31][|-ip-|192.168.15.235|--sign--|activebindcard]
[11:19:31][|-saRs-|Array
(
    [flag] => 10000
    [msg] => 
)
|--sign--|activebindcard]
[11:19:31][|-ip-|192.168.15.235|--sign--|activebindcard]
[11:19:31][|-saRs-|Array
(
    [flag] => 10000
    [msg] => 
)
|--sign--|activebindcard]
[11:19:32][|-ip-|192.168.15.235|--sign--|activebindcard]
[11:19:32][|-saRs-|Array
(
    [flag] => 10000
    [msg] => 
)
|--sign--|activebindcard]
[11:19:32][|-ip-|192.168.15.235|--sign--|activebindcard]
[11:19:32][|-saRs-|Array
(
    [flag] => 10000
    [msg] => 
)
|--sign--|activebindcard]
[11:19:32][|-ip-|192.168.15.235|--sign--|activebindcard]
[11:19:32][|-saRs-|Array
(
    [flag] => 10000
    [msg] => 
)
|--sign--|activebindcard]
[11:19:32][|-ip-|192.168.15.235|--sign--|activebindcard]
[11:19:32][|-saRs-|Array
(
    [flag] => 10000
    [msg] => 
)
|--sign--|activebindcard]
[11:19:33][|-ip-|192.168.15.235|--sign--|activebindcard]
[11:19:33][|-saRs-|Array
(
    [flag] => 10000
    [msg] => 
)
|--sign--|activebindcard]
[11:19:33][|-ip-|192.168.15.235|--sign--|activebindcard]
[11:19:33][|-saRs-|Array
(
    [flag] => 10000
    [msg] => 
)
|--sign--|activebindcard]
[11:19:33][|-ip-|192.168.15.235|--sign--|activebindcard]
[11:19:33][|-saRs-|Array
(
    [flag] => 10000
    [msg] => 
)
|--sign--|activebindcard]
[11:19:42][|-ip-|192.168.15.235|--sign--|provincebybank]
[11:19:42][|-saRs-|Array
(
    [flag] => 10000
    [msg] => 
)
|--sign--|provincebybank]
[11:19:59][|-ip-|192.168.10.115|--sign--|ajaxgetcode]
[11:19:59][|-saRs-|Array
(
    [flag] => 10000
    [msg] => 
)
|--sign--|ajaxgetcode]
[11:20:02][|-ip-|192.168.10.115|--sign--|ajaxgetcode]
[11:20:02][|-saRs-|Array
(
    [flag] => 10000
    [msg] => 
)
|--sign--|ajaxgetcode]
[11:20:27][|-ip-|192.168.10.115|--sign--|ajaxgetcode]
[11:20:27][|-saRs-|Array
(
    [flag] => 10000
    [msg] => 
)
|--sign--|ajaxgetcode]
[11:21:49][|-ip-|192.168.10.39|--sign--|ajaxgetcode]
[11:21:49][|-saRs-|Array
(
    [flag] => 10000
    [msg] => 
)
|--sign--|ajaxgetcode]
[11:22:02][|-ip-|192.168.10.39|--sign--|ajaxgetcode]
[11:22:02][|-saRs-|Array
(
    [flag] => 10000
    [msg] => 
)
|--sign--|ajaxgetcode]
[11:22:03][|-ip-|192.168.10.39|--sign--|ajaxgetcode]
[11:22:03][|-saRs-|Array
(
    [flag] => 10000
    [msg] => 
)
|--sign--|ajaxgetcode]
[11:22:09][|-ip-|192.168.10.39|--sign--|getmobilecode]
[11:22:09][|-saRs-|Array
(
    [flag] => 10000
    [msg] => 
)
|--sign--|getmobilecode]
[11:22:30][|-ip-|192.168.10.39|--sign--|ajaxgetcode]
[11:22:30][|-saRs-|Array
(
    [flag] => 10000
    [msg] => 
)
|--sign--|ajaxgetcode]
[11:22:37][|-ip-|192.168.10.39|--sign--|ajaxgetcode]
[11:22:37][|-saRs-|Array
(
    [flag] => 10000
    [msg] => 
)
|--sign--|ajaxgetcode]
[11:22:41][|-ip-|192.168.10.39|--sign--|getmobilecode]
[11:22:41][|-saRs-|Array
(
    [flag] => 10000
    [msg] => 
)
|--sign--|getmobilecode]
[11:22:50][|-ip-|192.168.10.39|--sign--|ajaxgetcode]
[11:22:50][|-saRs-|Array
(
    [flag] => 10000
    [msg] => 
)
|--sign--|ajaxgetcode]
[11:23:09][|-ip-|192.168.10.39|--sign--|ajaxgetcode]
[11:23:09][|-saRs-|Array
(
    [flag] => 10000
    [msg] => 
)
|--sign--|ajaxgetcode]
[11:23:20][|-ip-|192.168.10.39|--sign--|ajaxgetcode]
[11:23:20][|-saRs-|Array
(
    [flag] => 10000
    [msg] => 
)
|--sign--|ajaxgetcode]
[11:23:28][|-ip-|192.168.10.39|--sign--|getmobilecode]
[11:23:28][|-saRs-|Array
(
    [flag] => 10000
    [msg] => 
)
|--sign--|getmobilecode]
[11:25:57][|-ip-|192.168.10.115|--sign--|getmobilecode]
[11:25:57][|-saRs-|Array
(
    [flag] => 10000
    [msg] => 
)
|--sign--|getmobilecode]
[11:26:15][|-ip-|192.168.10.115|--sign--|ajaxgetcode]
[11:26:15][|-saRs-|Array
(
    [flag] => 10000
    [msg] => 
)
|--sign--|ajaxgetcode]
[11:27:01][|-ip-|192.168.10.115|--sign--|ajaxgetcode]
[11:27:01][|-saRs-|Array
(
    [flag] => 10000
    [msg] => 
)
|--sign--|ajaxgetcode]
[11:27:02][|-ip-|192.168.10.115|--sign--|ajaxgetcode]
[11:27:02][|-saRs-|Array
(
    [flag] => 10000
    [msg] => 
)
|--sign--|ajaxgetcode]
[11:27:02][|-ip-|192.168.10.115|--sign--|ajaxgetcode]
[11:27:02][|-saRs-|Array
(
    [flag] => 10000
    [msg] => 
)
|--sign--|ajaxgetcode]
[11:27:04][|-ip-|192.168.10.115|--sign--|ajaxgetcode]
[11:27:04][|-saRs-|Array
(
    [flag] => 10000
    [msg] => 
)
|--sign--|ajaxgetcode]
[11:27:09][|-ip-|192.168.10.115|--sign--|ajaxgetcode]
[11:27:09][|-saRs-|Array
(
    [flag] => 10000
    [msg] => 
)
|--sign--|ajaxgetcode]
[11:27:23][|-ip-|192.168.10.115|--sign--|getmobilecode]
[11:27:23][|-saRs-|Array
(
    [flag] => 10000
    [msg] => 
)
|--sign--|getmobilecode]
[11:28:11][|-ip-|192.168.10.115|--sign--|ajaxgetcode]
[11:28:11][|-saRs-|Array
(
    [flag] => 10000
    [msg] => 
)
|--sign--|ajaxgetcode]
[11:28:14][|-ip-|192.168.10.115|--sign--|ajaxgetcode]
[11:28:14][|-saRs-|Array
(
    [flag] => 10000
    [msg] => 
)
|--sign--|ajaxgetcode]
[11:28:15][|-ip-|192.168.10.115|--sign--|ajaxgetcode]
[11:28:15][|-saRs-|Array
(
    [flag] => 10000
    [msg] => 
)
|--sign--|ajaxgetcode]
[11:28:20][|-ip-|192.168.10.115|--sign--|getmobilecode]
[11:28:20][|-saRs-|Array
(
    [flag] => 10000
    [msg] => 
)
|--sign--|getmobilecode]
[11:28:50][|-ip-|192.168.10.115|--sign--|ajaxgetcode]
[11:28:50][|-saRs-|Array
(
    [flag] => 10000
    [msg] => 
)
|--sign--|ajaxgetcode]
[11:29:25][|-ip-|192.168.10.115|--sign--|ajaxgetcode]
[11:29:25][|-saRs-|Array
(
    [flag] => 10000
    [msg] => 
)
|--sign--|ajaxgetcode]
[11:29:33][|-ip-|192.168.10.115|--sign--|getmobilecode]
[11:29:33][|-saRs-|Array
(
    [flag] => 10000
    [msg] => 
)
|--sign--|getmobilecode]
[11:29:58][|-ip-|192.168.10.115|--sign--|ajaxgetcode]
[11:29:58][|-saRs-|Array
(
    [flag] => 10000
    [msg] => 
)
|--sign--|ajaxgetcode]
[11:30:04][|-ip-|192.168.10.115|--sign--|getmobilecode]
[11:30:04][|-saRs-|Array
(
    [flag] => 10000
    [msg] => 
)
|--sign--|getmobilecode]
[11:30:46][|-ip-|192.168.10.115|--sign--|ajaxgetcode]
[11:30:46][|-saRs-|Array
(
    [flag] => 10000
    [msg] => 
)
|--sign--|ajaxgetcode]
[11:30:52][|-ip-|192.168.10.115|--sign--|ajaxgetcode]
[11:30:52][|-saRs-|Array
(
    [flag] => 10000
    [msg] => 
)
|--sign--|ajaxgetcode]
[11:30:56][|-ip-|192.168.10.115|--sign--|getmobilecode]
[11:30:56][|-saRs-|Array
(
    [flag] => 10000
    [msg] => 
)
|--sign--|getmobilecode]
[11:32:31][|-ip-|192.168.10.39|--sign--|ajaxgetcode]
[11:32:31][|-saRs-|Array
(
    [flag] => 10000
    [msg] => 
)
|--sign--|ajaxgetcode]
[11:32:32][|-ip-|192.168.10.39|--sign--|ajaxgetcode]
[11:32:32][|-saRs-|Array
(
    [flag] => 10000
    [msg] => 
)
|--sign--|ajaxgetcode]
[11:32:35][|-ip-|192.168.10.39|--sign--|ajaxgetcode]
[11:32:35][|-saRs-|Array
(
    [flag] => 10000
    [msg] => 
)
|--sign--|ajaxgetcode]
[11:33:29][|-ip-|192.168.10.39|--sign--|ajaxgetcode]
[11:33:29][|-saRs-|Array
(
    [flag] => 10000
    [msg] => 
)
|--sign--|ajaxgetcode]
[11:33:31][|-ip-|192.168.10.39|--sign--|ajaxgetcode]
[11:33:31][|-saRs-|Array
(
    [flag] => 10000
    [msg] => 
)
|--sign--|ajaxgetcode]
[11:33:37][|-ip-|192.168.10.39|--sign--|getmobilecode]
[11:33:37][|-saRs-|Array
(
    [flag] => 10000
    [msg] => 
)
|--sign--|getmobilecode]
[11:33:41][|-ip-|192.168.10.39|--sign--|ajaxgetcode]
[11:33:41][|-saRs-|Array
(
    [flag] => 10000
    [msg] => 
)
|--sign--|ajaxgetcode]
[11:33:52][|-ip-|192.168.10.39|--sign--|getmobilecode]
[11:33:52][|-saRs-|Array
(
    [flag] => 10000
    [msg] => 
)
|--sign--|getmobilecode]
[11:45:41][|-ip-|192.168.10.115|--sign--|ajaxgetcode]
[11:45:41][|-saRs-|Array
(
    [flag] => 10000
    [msg] => 
)
|--sign--|ajaxgetcode]
[12:17:53][|-ip-|192.168.10.39|--sign--|ajaxgetcode]
[12:17:53][|-saRs-|Array
(
    [flag] => 10000
    [msg] => 
)
|--sign--|ajaxgetcode]
[12:18:46][|-ip-|192.168.10.39|--sign--|ajaxgetcode]
[12:18:46][|-saRs-|Array
(
    [flag] => 10000
    [msg] => 
)
|--sign--|ajaxgetcode]
[12:18:52][|-ip-|192.168.10.39|--sign--|getmobilecode]
[12:18:52][|-saRs-|Array
(
    [flag] => 10000
    [msg] => 
)
|--sign--|getmobilecode]
[12:19:25][|-ip-|192.168.10.39|--sign--|ajaxregaction]
[12:19:25][|-saRs-|Array
(
    [flag] => 10000
    [msg] => 
)
|--sign--|ajaxregaction]
[12:19:29][|-ip-|192.168.10.39|--sign--|provincebybank]
[12:19:29][|-saRs-|Array
(
    [flag] => 10000
    [msg] => 
)
|--sign--|provincebybank]
[12:19:47][|-ip-|192.168.10.39|--sign--|provincebybank]
[12:19:47][|-saRs-|Array
(
    [flag] => 10000
    [msg] => 
)
|--sign--|provincebybank]
[12:19:57][|-ip-|192.168.10.39|--sign--|citybyprovincebank]
[12:19:57][|-saRs-|Array
(
    [flag] => 10000
    [msg] => 
)
|--sign--|citybyprovincebank]
[12:20:00][|-ip-|192.168.10.39|--sign--|bandbyprovincebankcity]
[12:20:00][|-saRs-|Array
(
    [flag] => 10000
    [msg] => 
)
|--sign--|bandbyprovincebankcity]
[12:33:45][|-ip-|192.168.10.39|--sign--|ajaxgetcode]
[12:33:45][|-saRs-|Array
(
    [flag] => 10000
    [msg] => 
)
|--sign--|ajaxgetcode]
[12:34:03][|-ip-|192.168.10.39|--sign--|ajaxgetcode]
[12:34:03][|-saRs-|Array
(
    [flag] => 10000
    [msg] => 
)
|--sign--|ajaxgetcode]
[12:34:13][|-ip-|192.168.10.39|--sign--|ajaxgetcode]
[12:34:13][|-saRs-|Array
(
    [flag] => 10000
    [msg] => 
)
|--sign--|ajaxgetcode]
[12:34:15][|-ip-|192.168.10.39|--sign--|ajaxgetcode]
[12:34:15][|-saRs-|Array
(
    [flag] => 10000
    [msg] => 
)
|--sign--|ajaxgetcode]
[12:34:16][|-ip-|192.168.10.39|--sign--|ajaxgetcode]
[12:34:16][|-saRs-|Array
(
    [flag] => 10000
    [msg] => 
)
|--sign--|ajaxgetcode]
[12:34:20][|-ip-|192.168.10.39|--sign--|ajaxgetcode]
[12:34:20][|-saRs-|Array
(
    [flag] => 10000
    [msg] => 
)
|--sign--|ajaxgetcode]
[12:34:21][|-ip-|192.168.10.39|--sign--|ajaxgetcode]
[12:34:21][|-saRs-|Array
(
    [flag] => 10000
    [msg] => 
)
|--sign--|ajaxgetcode]
[12:34:23][|-ip-|192.168.10.39|--sign--|ajaxgetcode]
[12:34:23][|-saRs-|Array
(
    [flag] => 10000
    [msg] => 
)
|--sign--|ajaxgetcode]
[12:35:30][|-ip-|192.168.10.39|--sign--|ajaxgetcode]
[12:35:30][|-saRs-|Array
(
    [flag] => 10000
    [msg] => 
)
|--sign--|ajaxgetcode]
[12:35:36][|-ip-|192.168.10.39|--sign--|ajaxgetcode]
[12:35:36][|-saRs-|Array
(
    [flag] => 10000
    [msg] => 
)
|--sign--|ajaxgetcode]
[12:38:00][|-ip-|192.168.10.39|--sign--|ajaxgetcode]
[12:38:00][|-saRs-|Array
(
    [flag] => 10000
    [msg] => 
)
|--sign--|ajaxgetcode]
[12:38:11][|-ip-|192.168.10.39|--sign--|ajaxgetcode]
[12:38:11][|-saRs-|Array
(
    [flag] => 10000
    [msg] => 
)
|--sign--|ajaxgetcode]
[12:38:13][|-ip-|192.168.10.39|--sign--|ajaxgetcode]
[12:38:13][|-saRs-|Array
(
    [flag] => 10000
    [msg] => 
)
|--sign--|ajaxgetcode]
[12:38:19][|-ip-|192.168.10.39|--sign--|ajaxgetcode]
[12:38:19][|-saRs-|Array
(
    [flag] => 10000
    [msg] => 
)
|--sign--|ajaxgetcode]
[12:38:22][|-ip-|192.168.10.39|--sign--|ajaxgetcode]
[12:38:22][|-saRs-|Array
(
    [flag] => 10000
    [msg] => 
)
|--sign--|ajaxgetcode]
[13:00:01][|-ip-|192.168.10.39|--sign--|ajaxgetcode]
[13:00:01][|-saRs-|Array
(
    [flag] => 10000
    [msg] => 
)
|--sign--|ajaxgetcode]
[13:00:28][|-ip-|192.168.10.39|--sign--|ajaxgetcode]
[13:00:28][|-saRs-|Array
(
    [flag] => 10000
    [msg] => 
)
|--sign--|ajaxgetcode]
[13:01:10][|-ip-|192.168.10.39|--sign--|getmobilecode]
[13:01:10][|-saRs-|Array
(
    [flag] => 10000
    [msg] => 
)
|--sign--|getmobilecode]
[13:01:14][|-ip-|192.168.10.39|--sign--|ajaxgetcode]
[13:01:14][|-saRs-|Array
(
    [flag] => 10000
    [msg] => 
)
|--sign--|ajaxgetcode]
[13:01:28][|-ip-|192.168.10.39|--sign--|getmobilecode]
[13:01:28][|-saRs-|Array
(
    [flag] => 10000
    [msg] => 
)
|--sign--|getmobilecode]
[13:02:22][|-ip-|192.168.10.39|--sign--|ajaxbkpwdaction]
[13:02:22][|-saRs-|Array
(
    [flag] => 10000
    [msg] => 
)
|--sign--|ajaxbkpwdaction]
[13:03:00][|-ip-|192.168.10.39|--sign--|ajaxgetcode]
[13:03:00][|-saRs-|Array
(
    [flag] => 10000
    [msg] => 
)
|--sign--|ajaxgetcode]
[13:05:31][|-ip-|192.168.10.39|--sign--|ajaxgetcode]
[13:05:31][|-saRs-|Array
(
    [flag] => 10000
    [msg] => 
)
|--sign--|ajaxgetcode]
[13:09:59][|-ip-|192.168.10.39|--sign--|ajaxgetcode]
[13:09:59][|-saRs-|Array
(
    [flag] => 10000
    [msg] => 
)
|--sign--|ajaxgetcode]
[13:12:13][|-ip-|192.168.10.39|--sign--|ajaxgetcode]
[13:12:13][|-saRs-|Array
(
    [flag] => 10000
    [msg] => 
)
|--sign--|ajaxgetcode]
[13:17:29][|-ip-|192.168.10.39|--sign--|ajaxgetcode]
[13:17:29][|-saRs-|Array
(
    [flag] => 10000
    [msg] => 
)
|--sign--|ajaxgetcode]
[13:33:29][|-ip-|192.168.10.39|--sign--|ajaxgetcode]
[13:33:29][|-saRs-|Array
(
    [flag] => 10000
    [msg] => 
)
|--sign--|ajaxgetcode]
[13:34:13][|-ip-|192.168.10.39|--sign--|ajaxgetcode]
[13:34:13][|-saRs-|Array
(
    [flag] => 10000
    [msg] => 
)
|--sign--|ajaxgetcode]
[13:35:39][|-ip-|10.100.0.18|--sign--|provincebybank]
[13:35:39][|-saRs-|Array
(
    [flag] => 10000
    [msg] => 
)
|--sign--|provincebybank]
[13:35:44][|-ip-|10.100.0.18|--sign--|citybyprovincebank]
[13:35:44][|-saRs-|Array
(
    [flag] => 10000
    [msg] => 
)
|--sign--|citybyprovincebank]
[13:35:45][|-ip-|192.168.10.89|--sign--|ajaxgetcode]
[13:35:45][|-saRs-|Array
(
    [flag] => 10000
    [msg] => 
)
|--sign--|ajaxgetcode]
[13:35:46][|-ip-|10.100.0.18|--sign--|bandbyprovincebankcity]
[13:35:46][|-saRs-|Array
(
    [flag] => 10000
    [msg] => 
)
|--sign--|bandbyprovincebankcity]
[13:36:40][|-ip-|10.100.0.18|--sign--|regbindcard]
[13:36:40][|-saRs-|Array
(
    [flag] => 10000
    [msg] => 
)
|--sign--|regbindcard]
[13:37:01][|-ip-|10.100.0.18|--sign--|activebindcard]
[13:37:01][|-saRs-|Array
(
    [flag] => 10000
    [msg] => 
)
|--sign--|activebindcard]
[13:41:01][|-ip-|10.100.0.18|--sign--|provincebybank]
[13:41:01][|-saRs-|Array
(
    [flag] => 10000
    [msg] => 
)
|--sign--|provincebybank]
[13:41:02][|-ip-|10.100.0.18|--sign--|provincebybank]
[13:41:02][|-saRs-|Array
(
    [flag] => 10000
    [msg] => 
)
|--sign--|provincebybank]
[13:41:03][|-ip-|10.100.0.18|--sign--|provincebybank]
[13:41:03][|-saRs-|Array
(
    [flag] => 10000
    [msg] => 
)
|--sign--|provincebybank]
[13:42:11][|-ip-|10.100.0.18|--sign--|provincebybank]
[13:42:11][|-saRs-|Array
(
    [flag] => 10000
    [msg] => 
)
|--sign--|provincebybank]
[13:42:12][|-ip-|10.100.0.18|--sign--|provincebybank]
[13:42:12][|-saRs-|Array
(
    [flag] => 10000
    [msg] => 
)
|--sign--|provincebybank]
[13:42:13][|-ip-|10.100.0.18|--sign--|provincebybank]
[13:42:13][|-saRs-|Array
(
    [flag] => 10000
    [msg] => 
)
|--sign--|provincebybank]
[13:42:14][|-ip-|10.100.0.18|--sign--|provincebybank]
[13:42:14][|-saRs-|Array
(
    [flag] => 10000
    [msg] => 
)
|--sign--|provincebybank]
[13:42:15][|-ip-|10.100.0.18|--sign--|provincebybank]
[13:42:15][|-saRs-|Array
(
    [flag] => 10000
    [msg] => 
)
|--sign--|provincebybank]
[13:43:04][|-ip-|192.168.10.39|--sign--|ajaxgetcode]
[13:43:04][|-saRs-|Array
(
    [flag] => 10000
    [msg] => 
)
|--sign--|ajaxgetcode]
[13:44:26][|-ip-|10.100.0.18|--sign--|provincebybank]
[13:44:26][|-saRs-|Array
(
    [flag] => 10000
    [msg] => 
)
|--sign--|provincebybank]
[13:49:49][|-ip-|192.168.10.39|--sign--|provincebybank]
[13:49:49][|-saRs-|Array
(
    [flag] => 10000
    [msg] => 
)
|--sign--|provincebybank]
[13:54:08][|-ip-|192.168.15.235|--sign--|ajaxgetcode]
[13:54:08][|-saRs-|Array
(
    [flag] => 10000
    [msg] => 
)
|--sign--|ajaxgetcode]
[13:54:21][|-ip-|192.168.15.235|--sign--|getmobilecode]
[13:54:21][|-saRs-|Array
(
    [flag] => 10000
    [msg] => 
)
|--sign--|getmobilecode]
[14:03:35][|-ip-|192.168.15.235|--sign--|citybyprovincebank]
[14:03:35][|-saRs-|Array
(
    [flag] => 10000
    [msg] => 
)
|--sign--|citybyprovincebank]
[14:04:00][|-ip-|192.168.15.235|--sign--|bandbyprovincebankcity]
[14:04:00][|-saRs-|Array
(
    [flag] => 10000
    [msg] => 
)
|--sign--|bandbyprovincebankcity]
[14:05:26][|-ip-|192.168.15.235|--sign--|provincebybank]
[14:05:26][|-saRs-|Array
(
    [flag] => 10000
    [msg] => 
)
|--sign--|provincebybank]
[14:05:32][|-ip-|192.168.15.235|--sign--|citybyprovincebank]
[14:05:32][|-saRs-|Array
(
    [flag] => 10000
    [msg] => 
)
|--sign--|citybyprovincebank]
[14:05:52][|-ip-|192.168.15.235|--sign--|bandbyprovincebankcity]
[14:05:52][|-saRs-|Array
(
    [flag] => 10000
    [msg] => 
)
|--sign--|bandbyprovincebankcity]
[14:06:45][|-ip-|192.168.15.235|--sign--|regbindcard]
[14:06:45][|-saRs-|Array
(
    [flag] => 10000
    [msg] => 
)
|--sign--|regbindcard]
[14:06:59][|-ip-|192.168.15.235|--sign--|activebindcard]
[14:06:59][|-saRs-|Array
(
    [flag] => 10000
    [msg] => 
)
|--sign--|activebindcard]
[14:08:40][|-ip-|192.168.15.235|--sign--|provincebybank]
[14:08:40][|-saRs-|Array
(
    [flag] => 10000
    [msg] => 
)
|--sign--|provincebybank]
[14:21:28][|-ip-|192.168.10.115|--sign--|provincebybank]
[14:21:28][|-saRs-|Array
(
    [flag] => 10000
    [msg] => 
)
|--sign--|provincebybank]
[14:21:31][|-ip-|192.168.10.115|--sign--|citybyprovincebank]
[14:21:31][|-saRs-|Array
(
    [flag] => 10000
    [msg] => 
)
|--sign--|citybyprovincebank]
[14:21:32][|-ip-|192.168.10.115|--sign--|bandbyprovincebankcity]
[14:21:32][|-saRs-|Array
(
    [flag] => 10000
    [msg] => 
)
|--sign--|bandbyprovincebankcity]
[14:23:16][|-ip-|192.168.15.235|--sign--|ajaxgetcode]
[14:23:16][|-saRs-|Array
(
    [flag] => 10000
    [msg] => 
)
|--sign--|ajaxgetcode]
[14:25:36][|-ip-|192.168.15.235|--sign--|ajaxgetcode]
[14:25:36][|-saRs-|Array
(
    [flag] => 10000
    [msg] => 
)
|--sign--|ajaxgetcode]
[14:29:24][|-ip-|192.168.15.235|--sign--|ajaxgetcode]
[14:29:24][|-saRs-|Array
(
    [flag] => 10000
    [msg] => 
)
|--sign--|ajaxgetcode]
[14:34:58][|-ip-|192.168.10.89|--sign--|ajaxgetcode]
[14:34:58][|-saRs-|Array
(
    [flag] => 10000
    [msg] => 
)
|--sign--|ajaxgetcode]
[14:35:02][|-ip-|192.168.15.235|--sign--|ajaxgetcode]
[14:35:02][|-saRs-|Array
(
    [flag] => 10000
    [msg] => 
)
|--sign--|ajaxgetcode]
[14:35:02][|-ip-|192.168.10.89|--sign--|ajaxgetcode]
[14:35:02][|-saRs-|Array
(
    [flag] => 10000
    [msg] => 
)
|--sign--|ajaxgetcode]
[14:35:10][|-ip-|192.168.15.235|--sign--|getmobilecode]
[14:35:10][|-saRs-|Array
(
    [flag] => 10000
    [msg] => 
)
|--sign--|getmobilecode]
[14:35:17][|-ip-|192.168.10.89|--sign--|ajaxgetcode]
[14:35:17][|-saRs-|Array
(
    [flag] => 10000
    [msg] => 
)
|--sign--|ajaxgetcode]
[14:35:26][|-ip-|192.168.15.235|--sign--|ajaxbkpwdaction]
[14:35:26][|-saRs-|Array
(
    [flag] => 10000
    [msg] => 
)
|--sign--|ajaxbkpwdaction]
[14:38:58][|-ip-|192.168.15.235|--sign--|ajaxgetcode]
[14:38:58][|-saRs-|Array
(
    [flag] => 10000
    [msg] => 
)
|--sign--|ajaxgetcode]
[14:39:48][|-ip-|192.168.15.235|--sign--|ajaxgetcode]
[14:39:48][|-saRs-|Array
(
    [flag] => 10000
    [msg] => 
)
|--sign--|ajaxgetcode]
[14:40:09][|-ip-|192.168.15.235|--sign--|ajaxbkpwdaction]
[14:40:09][|-saRs-|Array
(
    [flag] => 10000
    [msg] => 
)
|--sign--|ajaxbkpwdaction]
[14:40:58][|-ip-|192.168.15.235|--sign--|ajaxbkpwdaction]
[14:40:58][|-saRs-|Array
(
    [flag] => 10000
    [msg] => 
)
|--sign--|ajaxbkpwdaction]
[14:47:11][|-ip-|192.168.10.115|--sign--|provincebybank]
[14:47:11][|-saRs-|Array
(
    [flag] => 10000
    [msg] => 
)
|--sign--|provincebybank]
[14:47:13][|-ip-|192.168.10.115|--sign--|citybyprovincebank]
[14:47:13][|-saRs-|Array
(
    [flag] => 10000
    [msg] => 
)
|--sign--|citybyprovincebank]
[14:47:14][|-ip-|192.168.10.115|--sign--|bandbyprovincebankcity]
[14:47:14][|-saRs-|Array
(
    [flag] => 10000
    [msg] => 
)
|--sign--|bandbyprovincebankcity]
[14:48:10][|-ip-|192.168.10.115|--sign--|regbindcard]
[14:48:10][|-saRs-|Array
(
    [flag] => 10000
    [msg] => 
)
|--sign--|regbindcard]
[14:48:18][|-ip-|192.168.10.115|--sign--|regbindcard]
[14:48:18][|-saRs-|Array
(
    [flag] => 10000
    [msg] => 
)
|--sign--|regbindcard]
[14:48:24][|-ip-|192.168.10.115|--sign--|regbindcard]
[14:48:24][|-saRs-|Array
(
    [flag] => 10000
    [msg] => 
)
|--sign--|regbindcard]
[14:49:29][|-ip-|192.168.10.115|--sign--|citybyprovincebank]
[14:49:29][|-saRs-|Array
(
    [flag] => 10000
    [msg] => 
)
|--sign--|citybyprovincebank]
[14:49:47][|-ip-|192.168.10.115|--sign--|bandbyprovincebankcity]
[14:49:47][|-saRs-|Array
(
    [flag] => 10000
    [msg] => 
)
|--sign--|bandbyprovincebankcity]
[14:49:52][|-ip-|192.168.10.115|--sign--|regbindcard]
[14:49:52][|-saRs-|Array
(
    [flag] => 10000
    [msg] => 
)
|--sign--|regbindcard]
[14:50:09][|-ip-|192.168.10.115|--sign--|activebindcard]
[14:50:09][|-saRs-|Array
(
    [flag] => 10000
    [msg] => 
)
|--sign--|activebindcard]
[14:56:46][|-ip-|192.168.10.115|--sign--|provincebybank]
[14:56:46][|-saRs-|Array
(
    [flag] => 10000
    [msg] => 
)
|--sign--|provincebybank]
[14:56:50][|-ip-|10.100.0.18|--sign--|provincebybank]
[14:56:50][|-saRs-|Array
(
    [flag] => 10000
    [msg] => 
)
|--sign--|provincebybank]
[14:56:51][|-ip-|192.168.10.115|--sign--|citybyprovincebank]
[14:56:51][|-saRs-|Array
(
    [flag] => 10000
    [msg] => 
)
|--sign--|citybyprovincebank]
[14:56:55][|-ip-|192.168.10.115|--sign--|bandbyprovincebankcity]
[14:56:55][|-saRs-|Array
(
    [flag] => 10000
    [msg] => 
)
|--sign--|bandbyprovincebankcity]
[14:57:44][|-ip-|192.168.10.115|--sign--|regbindcard]
[14:57:44][|-saRs-|Array
(
    [flag] => 10000
    [msg] => 
)
|--sign--|regbindcard]
[14:58:00][|-ip-|192.168.10.115|--sign--|activebindcard]
[14:58:00][|-saRs-|Array
(
    [flag] => 10000
    [msg] => 
)
|--sign--|activebindcard]
[14:58:15][|-ip-|192.168.10.115|--sign--|regbindcard]
[14:58:15][|-saRs-|Array
(
    [flag] => 10000
    [msg] => 
)
|--sign--|regbindcard]
[14:58:29][|-ip-|192.168.10.115|--sign--|activebindcard]
[14:58:29][|-saRs-|Array
(
    [flag] => 10000
    [msg] => 
)
|--sign--|activebindcard]
[14:59:11][|-ip-|10.100.0.18|--sign--|provincebybank]
[14:59:11][|-saRs-|Array
(
    [flag] => 10000
    [msg] => 
)
|--sign--|provincebybank]
[15:00:59][|-ip-|192.168.10.115|--sign--|activebindcard]
[15:00:59][|-saRs-|Array
(
    [flag] => 10000
    [msg] => 
)
|--sign--|activebindcard]
[15:01:01][|-ip-|192.168.10.115|--sign--|activebindcard]
[15:01:01][|-saRs-|Array
(
    [flag] => 10000
    [msg] => 
)
|--sign--|activebindcard]
[15:01:05][|-ip-|192.168.10.115|--sign--|regbindcard]
[15:01:05][|-saRs-|Array
(
    [flag] => 10000
    [msg] => 
)
|--sign--|regbindcard]
[15:01:16][|-ip-|192.168.10.115|--sign--|activebindcard]
[15:01:16][|-saRs-|Array
(
    [flag] => 10000
    [msg] => 
)
|--sign--|activebindcard]
[15:04:45][|-ip-|192.168.10.89|--sign--|ajaxgetcode]
[15:04:45][|-saRs-|Array
(
    [flag] => 10000
    [msg] => 
)
|--sign--|ajaxgetcode]
[15:16:45][|-ip-|192.168.10.115|--sign--|regbindcard]
[15:16:45][|-saRs-|Array
(
    [flag] => 10000
    [msg] => 
)
|--sign--|regbindcard]
[15:16:57][|-ip-|192.168.10.115|--sign--|activebindcard]
[15:16:57][|-saRs-|Array
(
    [flag] => 10000
    [msg] => 
)
|--sign--|activebindcard]
[15:21:38][|-ip-|192.168.10.115|--sign--|regbindcard]
[15:21:38][|-saRs-|Array
(
    [flag] => 10000
    [msg] => 
)
|--sign--|regbindcard]
[15:21:48][|-ip-|192.168.10.115|--sign--|regbindcard]
[15:21:48][|-saRs-|Array
(
    [flag] => 10000
    [msg] => 
)
|--sign--|regbindcard]
[15:21:57][|-ip-|192.168.10.115|--sign--|regbindcard]
[15:21:57][|-saRs-|Array
(
    [flag] => 10000
    [msg] => 
)
|--sign--|regbindcard]
[15:22:12][|-ip-|192.168.10.115|--sign--|activebindcard]
[15:22:12][|-saRs-|Array
(
    [flag] => 10000
    [msg] => 
)
|--sign--|activebindcard]
[15:28:42][|-ip-|10.100.0.18|--sign--|provincebybank]
[15:28:42][|-saRs-|Array
(
    [flag] => 10000
    [msg] => 
)
|--sign--|provincebybank]
[15:28:46][|-ip-|10.100.0.18|--sign--|citybyprovincebank]
[15:28:46][|-saRs-|Array
(
    [flag] => 10000
    [msg] => 
)
|--sign--|citybyprovincebank]
[15:28:48][|-ip-|10.100.0.18|--sign--|bandbyprovincebankcity]
[15:28:48][|-saRs-|Array
(
    [flag] => 10000
    [msg] => 
)
|--sign--|bandbyprovincebankcity]
[15:29:19][|-ip-|192.168.15.235|--sign--|citybyprovincebank]
[15:29:19][|-saRs-|Array
(
    [flag] => 10000
    [msg] => 
)
|--sign--|citybyprovincebank]
[15:29:25][|-ip-|192.168.15.235|--sign--|bandbyprovincebankcity]
[15:29:25][|-saRs-|Array
(
    [flag] => 10000
    [msg] => 
)
|--sign--|bandbyprovincebankcity]
[15:30:07][|-ip-|10.100.0.18|--sign--|provincebybank]
[15:30:07][|-saRs-|Array
(
    [flag] => 10000
    [msg] => 
)
|--sign--|provincebybank]
[15:30:10][|-ip-|10.100.0.18|--sign--|citybyprovincebank]
[15:30:10][|-saRs-|Array
(
    [flag] => 10000
    [msg] => 
)
|--sign--|citybyprovincebank]
[15:30:11][|-ip-|10.100.0.18|--sign--|bandbyprovincebankcity]
[15:30:11][|-saRs-|Array
(
    [flag] => 10000
    [msg] => 
)
|--sign--|bandbyprovincebankcity]
[15:30:42][|-ip-|10.100.0.18|--sign--|regbindcard]
[15:30:42][|-saRs-|Array
(
    [flag] => 10000
    [msg] => 
)
|--sign--|regbindcard]
[15:31:03][|-ip-|10.100.0.18|--sign--|activebindcard]
[15:31:03][|-saRs-|Array
(
    [flag] => 10000
    [msg] => 
)
|--sign--|activebindcard]
[15:31:08][|-ip-|10.100.0.18|--sign--|activebindcard]
[15:31:08][|-saRs-|Array
(
    [flag] => 10000
    [msg] => 
)
|--sign--|activebindcard]
[15:33:17][|-ip-|10.100.0.18|--sign--|provincebybank]
[15:33:17][|-saRs-|Array
(
    [flag] => 10000
    [msg] => 
)
|--sign--|provincebybank]
[15:33:28][|-ip-|10.100.0.18|--sign--|citybyprovincebank]
[15:33:28][|-saRs-|Array
(
    [flag] => 10000
    [msg] => 
)
|--sign--|citybyprovincebank]
[15:33:35][|-ip-|10.100.0.18|--sign--|bandbyprovincebankcity]
[15:33:35][|-saRs-|Array
(
    [flag] => 10000
    [msg] => 
)
|--sign--|bandbyprovincebankcity]
[15:34:24][|-ip-|10.100.0.18|--sign--|regbindcard]
[15:34:24][|-saRs-|Array
(
    [flag] => 10000
    [msg] => 
)
|--sign--|regbindcard]
[15:34:42][|-ip-|10.100.0.18|--sign--|activebindcard]
[15:34:42][|-saRs-|Array
(
    [flag] => 10000
    [msg] => 
)
|--sign--|activebindcard]
[15:37:04][|-ip-|192.168.15.235|--sign--|provincebybank]
[15:37:04][|-saRs-|Array
(
    [flag] => 10000
    [msg] => 
)
|--sign--|provincebybank]
[15:37:09][|-ip-|192.168.15.235|--sign--|citybyprovincebank]
[15:37:09][|-saRs-|Array
(
    [flag] => 10000
    [msg] => 
)
|--sign--|citybyprovincebank]
[15:37:16][|-ip-|192.168.15.235|--sign--|bandbyprovincebankcity]
[15:37:16][|-saRs-|Array
(
    [flag] => 10000
    [msg] => 
)
|--sign--|bandbyprovincebankcity]
[15:37:35][|-ip-|10.100.0.18|--sign--|activebindcard]
[15:37:35][|-saRs-|Array
(
    [flag] => 10000
    [msg] => 
)
|--sign--|activebindcard]
[15:38:01][|-ip-|192.168.15.235|--sign--|regbindcard]
[15:38:01][|-saRs-|Array
(
    [flag] => 10000
    [msg] => 
)
|--sign--|regbindcard]
[15:38:10][|-ip-|192.168.15.235|--sign--|activebindcard]
[15:38:10][|-saRs-|Array
(
    [flag] => 10000
    [msg] => 
)
|--sign--|activebindcard]
[15:38:49][|-ip-|192.168.15.235|--sign--|activebindcard]
[15:38:49][|-saRs-|Array
(
    [flag] => 10000
    [msg] => 
)
|--sign--|activebindcard]
[15:38:55][|-ip-|192.168.15.235|--sign--|activebindcard]
[15:38:55][|-saRs-|Array
(
    [flag] => 10000
    [msg] => 
)
|--sign--|activebindcard]
[15:40:25][|-ip-|192.168.15.235|--sign--|activebindcard]
[15:40:25][|-saRs-|Array
(
    [flag] => 10000
    [msg] => 
)
|--sign--|activebindcard]
[15:40:26][|-ip-|192.168.15.235|--sign--|activebindcard]
[15:40:26][|-saRs-|Array
(
    [flag] => 10000
    [msg] => 
)
|--sign--|activebindcard]
[15:40:26][|-ip-|192.168.15.235|--sign--|activebindcard]
[15:40:26][|-saRs-|Array
(
    [flag] => 10000
    [msg] => 
)
|--sign--|activebindcard]
[15:40:39][|-ip-|192.168.15.235|--sign--|regbindcard]
[15:40:39][|-saRs-|Array
(
    [flag] => 10000
    [msg] => 
)
|--sign--|regbindcard]
[15:40:51][|-ip-|192.168.15.235|--sign--|activebindcard]
[15:40:51][|-saRs-|Array
(
    [flag] => 10000
    [msg] => 
)
|--sign--|activebindcard]
[15:41:14][|-ip-|10.100.0.18|--sign--|provincebybank]
[15:41:14][|-saRs-|Array
(
    [flag] => 10000
    [msg] => 
)
|--sign--|provincebybank]
[15:41:28][|-ip-|10.100.0.18|--sign--|citybyprovincebank]
[15:41:28][|-saRs-|Array
(
    [flag] => 10000
    [msg] => 
)
|--sign--|citybyprovincebank]
[15:41:53][|-ip-|10.100.0.18|--sign--|provincebybank]
[15:41:53][|-saRs-|Array
(
    [flag] => 10000
    [msg] => 
)
|--sign--|provincebybank]
[15:41:56][|-ip-|10.100.0.18|--sign--|citybyprovincebank]
[15:41:56][|-saRs-|Array
(
    [flag] => 10000
    [msg] => 
)
|--sign--|citybyprovincebank]
[15:41:58][|-ip-|10.100.0.18|--sign--|bandbyprovincebankcity]
[15:41:58][|-saRs-|Array
(
    [flag] => 10000
    [msg] => 
)
|--sign--|bandbyprovincebankcity]
[15:42:02][|-ip-|10.100.0.18|--sign--|provincebybank]
[15:42:02][|-saRs-|Array
(
    [flag] => 10000
    [msg] => 
)
|--sign--|provincebybank]
[15:42:06][|-ip-|10.100.0.18|--sign--|citybyprovincebank]
[15:42:06][|-saRs-|Array
(
    [flag] => 10000
    [msg] => 
)
|--sign--|citybyprovincebank]
[15:42:15][|-ip-|10.100.0.18|--sign--|bandbyprovincebankcity]
[15:42:15][|-saRs-|Array
(
    [flag] => 10000
    [msg] => 
)
|--sign--|bandbyprovincebankcity]
[15:42:29][|-ip-|10.100.0.18|--sign--|regbindcard]
[15:42:29][|-saRs-|Array
(
    [flag] => 10000
    [msg] => 
)
|--sign--|regbindcard]
[15:42:43][|-ip-|192.168.15.235|--sign--|activebindcard]
[15:42:43][|-saRs-|Array
(
    [flag] => 10000
    [msg] => 
)
|--sign--|activebindcard]
[15:42:44][|-ip-|192.168.15.235|--sign--|activebindcard]
[15:42:44][|-saRs-|Array
(
    [flag] => 10000
    [msg] => 
)
|--sign--|activebindcard]
[15:42:53][|-ip-|10.100.0.18|--sign--|activebindcard]
[15:42:53][|-saRs-|Array
(
    [flag] => 10000
    [msg] => 
)
|--sign--|activebindcard]
[15:43:03][|-ip-|192.168.15.235|--sign--|activebindcard]
[15:43:03][|-saRs-|Array
(
    [flag] => 10000
    [msg] => 
)
|--sign--|activebindcard]
[15:43:04][|-ip-|192.168.15.235|--sign--|activebindcard]
[15:43:04][|-saRs-|Array
(
    [flag] => 10000
    [msg] => 
)
|--sign--|activebindcard]
[15:43:06][|-ip-|192.168.15.235|--sign--|activebindcard]
[15:43:06][|-saRs-|Array
(
    [flag] => 10000
    [msg] => 
)
|--sign--|activebindcard]
[15:45:10][|-ip-|10.100.0.18|--sign--|regbindcard]
[15:45:10][|-saRs-|Array
(
    [flag] => 10000
    [msg] => 
)
|--sign--|regbindcard]
[15:45:25][|-ip-|10.100.0.18|--sign--|activebindcard]
[15:45:25][|-saRs-|Array
(
    [flag] => 10000
    [msg] => 
)
|--sign--|activebindcard]
[15:46:05][|-ip-|10.100.0.18|--sign--|regbindcard]
[15:46:05][|-saRs-|Array
(
    [flag] => 10000
    [msg] => 
)
|--sign--|regbindcard]
[15:46:20][|-ip-|192.168.10.115|--sign--|provincebybank]
[15:46:20][|-saRs-|Array
(
    [flag] => 10000
    [msg] => 
)
|--sign--|provincebybank]
[15:46:20][|-ip-|10.100.0.18|--sign--|activebindcard]
[15:46:20][|-saRs-|Array
(
    [flag] => 10000
    [msg] => 
)
|--sign--|activebindcard]
[15:46:23][|-ip-|192.168.10.115|--sign--|provincebybank]
[15:46:23][|-saRs-|Array
(
    [flag] => 10000
    [msg] => 
)
|--sign--|provincebybank]
[15:46:25][|-ip-|10.100.0.18|--sign--|activebindcard]
[15:46:25][|-saRs-|Array
(
    [flag] => 10000
    [msg] => 
)
|--sign--|activebindcard]
[15:46:37][|-ip-|10.100.0.18|--sign--|activebindcard]
[15:46:37][|-saRs-|Array
(
    [flag] => 10000
    [msg] => 
)
|--sign--|activebindcard]
[15:46:50][|-ip-|10.100.0.18|--sign--|regbindcard]
[15:46:50][|-saRs-|Array
(
    [flag] => 10000
    [msg] => 
)
|--sign--|regbindcard]
[15:47:02][|-ip-|10.100.0.18|--sign--|activebindcard]
[15:47:02][|-saRs-|Array
(
    [flag] => 10000
    [msg] => 
)
|--sign--|activebindcard]
[15:48:41][|-ip-|10.100.0.18|--sign--|activebindcard]
[15:48:41][|-saRs-|Array
(
    [flag] => 10000
    [msg] => 
)
|--sign--|activebindcard]
[15:50:50][|-ip-|192.168.15.235|--sign--|regbindcard]
[15:50:50][|-saRs-|Array
(
    [flag] => 10000
    [msg] => 
)
|--sign--|regbindcard]
[15:51:28][|-ip-|192.168.15.235|--sign--|activebindcard]
[15:51:28][|-saRs-|Array
(
    [flag] => 10000
    [msg] => 
)
|--sign--|activebindcard]
[15:53:31][|-ip-|192.168.15.235|--sign--|regbindcard]
[15:53:31][|-saRs-|Array
(
    [flag] => 10000
    [msg] => 
)
|--sign--|regbindcard]
[15:53:51][|-ip-|192.168.15.235|--sign--|activebindcard]
[15:53:51][|-saRs-|Array
(
    [flag] => 10000
    [msg] => 
)
|--sign--|activebindcard]
[15:54:13][|-ip-|192.168.10.89|--sign--|ajaxgetcode]
[15:54:13][|-saRs-|Array
(
    [flag] => 10000
    [msg] => 
)
|--sign--|ajaxgetcode]
[15:54:26][|-ip-|192.168.15.235|--sign--|regbindcard]
[15:54:26][|-saRs-|Array
(
    [flag] => 10000
    [msg] => 
)
|--sign--|regbindcard]
[15:54:54][|-ip-|192.168.15.235|--sign--|activebindcard]
[15:54:54][|-saRs-|Array
(
    [flag] => 10000
    [msg] => 
)
|--sign--|activebindcard]
[15:54:57][|-ip-|10.100.0.18|--sign--|provincebybank]
[15:54:57][|-saRs-|Array
(
    [flag] => 10000
    [msg] => 
)
|--sign--|provincebybank]
[15:55:02][|-ip-|10.100.0.18|--sign--|citybyprovincebank]
[15:55:02][|-saRs-|Array
(
    [flag] => 10000
    [msg] => 
)
|--sign--|citybyprovincebank]
[15:55:07][|-ip-|192.168.15.235|--sign--|regbindcard]
[15:55:07][|-saRs-|Array
(
    [flag] => 10000
    [msg] => 
)
|--sign--|regbindcard]
[15:55:08][|-ip-|10.100.0.18|--sign--|provincebybank]
[15:55:08][|-saRs-|Array
(
    [flag] => 10000
    [msg] => 
)
|--sign--|provincebybank]
[15:55:11][|-ip-|10.100.0.18|--sign--|citybyprovincebank]
[15:55:11][|-saRs-|Array
(
    [flag] => 10000
    [msg] => 
)
|--sign--|citybyprovincebank]
[15:55:12][|-ip-|10.100.0.18|--sign--|bandbyprovincebankcity]
[15:55:12][|-saRs-|Array
(
    [flag] => 10000
    [msg] => 
)
|--sign--|bandbyprovincebankcity]
[15:55:23][|-ip-|192.168.15.235|--sign--|activebindcard]
[15:55:23][|-saRs-|Array
(
    [flag] => 10000
    [msg] => 
)
|--sign--|activebindcard]
[15:55:56][|-ip-|10.100.0.18|--sign--|regbindcard]
[15:55:56][|-saRs-|Array
(
    [flag] => 10000
    [msg] => 
)
|--sign--|regbindcard]
[15:56:14][|-ip-|10.100.0.18|--sign--|activebindcard]
[15:56:14][|-saRs-|Array
(
    [flag] => 10000
    [msg] => 
)
|--sign--|activebindcard]
[16:14:25][|-ip-|192.168.15.235|--sign--|modreserved]
[16:14:25][|-saRs-|Array
(
    [flag] => 10000
    [msg] => 
)
|--sign--|modreserved]
[16:53:24][|-ip-|10.100.0.18|--sign--|ajaxgetcode]
[16:53:24][|-saRs-|Array
(
    [flag] => 10000
    [msg] => 
)
|--sign--|ajaxgetcode]
[16:54:45][|-ip-|192.168.15.235|--sign--|provincebybank]
[16:54:45][|-saRs-|Array
(
    [flag] => 10000
    [msg] => 
)
|--sign--|provincebybank]
[16:54:51][|-ip-|192.168.15.235|--sign--|citybyprovincebank]
[16:54:51][|-saRs-|Array
(
    [flag] => 10000
    [msg] => 
)
|--sign--|citybyprovincebank]
[16:54:53][|-ip-|192.168.15.235|--sign--|bandbyprovincebankcity]
[16:54:53][|-saRs-|Array
(
    [flag] => 10000
    [msg] => 
)
|--sign--|bandbyprovincebankcity]
[16:55:45][|-ip-|192.168.15.235|--sign--|regbindcard]
[16:55:45][|-saRs-|Array
(
    [flag] => 10000
    [msg] => 
)
|--sign--|regbindcard]
[16:56:17][|-ip-|192.168.15.235|--sign--|regbindcard]
[16:56:17][|-saRs-|Array
(
    [flag] => 10000
    [msg] => 
)
|--sign--|regbindcard]
[16:56:57][|-ip-|192.168.15.235|--sign--|activebindcard]
[16:56:57][|-saRs-|Array
(
    [flag] => 10000
    [msg] => 
)
|--sign--|activebindcard]
[16:57:12][|-ip-|192.168.15.235|--sign--|regbindcard]
[16:57:12][|-saRs-|Array
(
    [flag] => 10000
    [msg] => 
)
|--sign--|regbindcard]
[16:57:57][|-ip-|192.168.15.235|--sign--|activebindcard]
[16:57:57][|-saRs-|Array
(
    [flag] => 10000
    [msg] => 
)
|--sign--|activebindcard]
[16:58:44][|-ip-|192.168.15.235|--sign--|provincebybank]
[16:58:44][|-saRs-|Array
(
    [flag] => 10000
    [msg] => 
)
|--sign--|provincebybank]
[16:58:54][|-ip-|192.168.15.235|--sign--|provincebybank]
[16:58:54][|-saRs-|Array
(
    [flag] => 10000
    [msg] => 
)
|--sign--|provincebybank]
[16:59:49][|-ip-|192.168.15.235|--sign--|provincebybank]
[16:59:49][|-saRs-|Array
(
    [flag] => 10000
    [msg] => 
)
|--sign--|provincebybank]
[17:00:00][|-ip-|192.168.15.235|--sign--|citybyprovincebank]
[17:00:00][|-saRs-|Array
(
    [flag] => 10000
    [msg] => 
)
|--sign--|citybyprovincebank]
[17:02:11][|-ip-|192.168.15.235|--sign--|bandbyprovincebankcity]
[17:02:11][|-saRs-|Array
(
    [flag] => 10000
    [msg] => 
)
|--sign--|bandbyprovincebankcity]
[17:06:42][|-ip-|192.168.10.115|--sign--|provincebybank]
[17:06:42][|-saRs-|Array
(
    [flag] => 10000
    [msg] => 
)
|--sign--|provincebybank]
[17:06:47][|-ip-|192.168.10.115|--sign--|citybyprovincebank]
[17:06:47][|-saRs-|Array
(
    [flag] => 10000
    [msg] => 
)
|--sign--|citybyprovincebank]
[17:06:49][|-ip-|192.168.10.115|--sign--|bandbyprovincebankcity]
[17:06:49][|-saRs-|Array
(
    [flag] => 10000
    [msg] => 
)
|--sign--|bandbyprovincebankcity]
[17:13:05][|-ip-|192.168.10.39|--sign--|ajaxgetcode]
[17:13:05][|-saRs-|Array
(
    [flag] => 10000
    [msg] => 
)
|--sign--|ajaxgetcode]
[17:16:34][|-ip-|192.168.10.89|--sign--|ajaxgetcode]
[17:16:34][|-saRs-|Array
(
    [flag] => 10000
    [msg] => 
)
|--sign--|ajaxgetcode]
[17:18:23][|-ip-|192.168.10.39|--sign--|ajaxgetcode]
[17:18:23][|-saRs-|Array
(
    [flag] => 10000
    [msg] => 
)
|--sign--|ajaxgetcode]
[17:25:09][|-ip-|192.168.10.115|--sign--|ajaxgetcode]
[17:25:09][|-saRs-|Array
(
    [flag] => 10000
    [msg] => 
)
|--sign--|ajaxgetcode]
[17:36:45][|-ip-|10.100.0.18|--sign--|ajaxgetcode]
[17:36:45][|-saRs-|Array
(
    [flag] => 10000
    [msg] => 
)
|--sign--|ajaxgetcode]
[17:38:17][|-ip-|10.100.0.18|--sign--|ajaxgetcode]
[17:38:17][|-saRs-|Array
(
    [flag] => 10000
    [msg] => 
)
|--sign--|ajaxgetcode]
[17:38:38][|-ip-|10.100.0.18|--sign--|ajaxgetcode]
[17:38:38][|-saRs-|Array
(
    [flag] => 10000
    [msg] => 
)
|--sign--|ajaxgetcode]
[19:23:31][|-ip-|10.100.0.18|--sign--|ajaxgetcode]
[19:23:31][|-saRs-|Array
(
    [flag] => 10000
    [msg] => 
)
|--sign--|ajaxgetcode]
[20:22:37][|-ip-|192.168.10.115|--sign--|riskask]
[20:22:37][|-saRs-|Array
(
    [flag] => 10000
    [msg] => 
)
|--sign--|riskask]
[20:24:54][|-ip-|192.168.10.115|--sign--|riskask]
[20:24:54][|-saRs-|Array
(
    [flag] => 10000
    [msg] => 
)
|--sign--|riskask]
[20:29:24][|-ip-|192.168.10.115|--sign--|riskask]
[20:29:24][|-saRs-|Array
(
    [flag] => 10000
    [msg] => 
)
|--sign--|riskask]
[20:30:07][|-ip-|192.168.10.115|--sign--|riskask]
[20:30:07][|-saRs-|Array
(
    [flag] => 10000
    [msg] => 
)
|--sign--|riskask]
[20:37:10][|-ip-|192.168.10.115|--sign--|riskask]
[20:37:10][|-saRs-|Array
(
    [flag] => 10000
    [msg] => 
)
|--sign--|riskask]
[20:37:17][|-ip-|192.168.10.115|--sign--|riskask]
[20:37:17][|-saRs-|Array
(
    [flag] => 10000
    [msg] => 
)
|--sign--|riskask]
[20:37:59][|-ip-|192.168.10.115|--sign--|riskask]
[20:37:59][|-saRs-|Array
(
    [flag] => 10000
    [msg] => 
)
|--sign--|riskask]
[20:38:07][|-ip-|192.168.10.115|--sign--|riskask]
[20:38:07][|-saRs-|Array
(
    [flag] => 10000
    [msg] => 
)
|--sign--|riskask]
[20:40:28][|-ip-|192.168.10.115|--sign--|riskask]
[20:40:28][|-saRs-|Array
(
    [flag] => 10000
    [msg] => 
)
|--sign--|riskask]
[21:37:07][|-ip-|192.168.10.115|--sign--|provincebybank]
[21:37:07][|-saRs-|Array
(
    [flag] => 10000
    [msg] => 
)
|--sign--|provincebybank]
[21:37:08][|-ip-|192.168.10.115|--sign--|provincebybank]
[21:37:08][|-saRs-|Array
(
    [flag] => 10000
    [msg] => 
)
|--sign--|provincebybank]
[21:37:13][|-ip-|192.168.10.115|--sign--|provincebybank]
[21:37:13][|-saRs-|Array
(
    [flag] => 10000
    [msg] => 
)
|--sign--|provincebybank]
[21:37:19][|-ip-|192.168.10.115|--sign--|provincebybank]
[21:37:19][|-saRs-|Array
(
    [flag] => 10000
    [msg] => 
)
|--sign--|provincebybank]
[21:37:19][|-ip-|192.168.10.115|--sign--|provincebybank]
[21:37:19][|-saRs-|Array
(
    [flag] => 10000
    [msg] => 
)
|--sign--|provincebybank]
[21:37:20][|-ip-|192.168.10.115|--sign--|provincebybank]
[21:37:20][|-saRs-|Array
(
    [flag] => 10000
    [msg] => 
)
|--sign--|provincebybank]
[21:37:21][|-ip-|192.168.10.115|--sign--|provincebybank]
[21:37:21][|-saRs-|Array
(
    [flag] => 10000
    [msg] => 
)
|--sign--|provincebybank]
[21:37:21][|-ip-|192.168.10.115|--sign--|provincebybank]
[21:37:21][|-saRs-|Array
(
    [flag] => 10000
    [msg] => 
)
|--sign--|provincebybank]
[21:37:22][|-ip-|192.168.10.115|--sign--|provincebybank]
[21:37:22][|-saRs-|Array
(
    [flag] => 10000
    [msg] => 
)
|--sign--|provincebybank]
[21:37:22][|-ip-|192.168.10.115|--sign--|provincebybank]
[21:37:22][|-saRs-|Array
(
    [flag] => 10000
    [msg] => 
)
|--sign--|provincebybank]
[21:38:03][|-ip-|192.168.10.115|--sign--|provincebybank]
[21:38:03][|-saRs-|Array
(
    [flag] => 10000
    [msg] => 
)
|--sign--|provincebybank]
[21:38:04][|-ip-|192.168.10.115|--sign--|provincebybank]
[21:38:04][|-saRs-|Array
(
    [flag] => 10000
    [msg] => 
)
|--sign--|provincebybank]
[21:38:06][|-ip-|192.168.10.115|--sign--|provincebybank]
[21:38:06][|-saRs-|Array
(
    [flag] => 10000
    [msg] => 
)
|--sign--|provincebybank]
[21:38:07][|-ip-|192.168.10.115|--sign--|provincebybank]
[21:38:07][|-saRs-|Array
(
    [flag] => 10000
    [msg] => 
)
|--sign--|provincebybank]
[21:39:27][|-ip-|192.168.10.115|--sign--|provincebybank]
[21:39:27][|-saRs-|Array
(
    [flag] => 10000
    [msg] => 
)
|--sign--|provincebybank]
[21:39:28][|-ip-|192.168.10.115|--sign--|provincebybank]
[21:39:28][|-saRs-|Array
(
    [flag] => 10000
    [msg] => 
)
|--sign--|provincebybank]
[21:39:28][|-ip-|192.168.10.115|--sign--|provincebybank]
[21:39:28][|-saRs-|Array
(
    [flag] => 10000
    [msg] => 
)
|--sign--|provincebybank]
[21:39:29][|-ip-|192.168.10.115|--sign--|provincebybank]
[21:39:29][|-saRs-|Array
(
    [flag] => 10000
    [msg] => 
)
|--sign--|provincebybank]
[21:39:29][|-ip-|192.168.10.115|--sign--|provincebybank]
[21:39:29][|-saRs-|Array
(
    [flag] => 10000
    [msg] => 
)
|--sign--|provincebybank]
[21:39:29][|-ip-|192.168.10.115|--sign--|provincebybank]
[21:39:29][|-saRs-|Array
(
    [flag] => 10000
    [msg] => 
)
|--sign--|provincebybank]
[21:39:30][|-ip-|192.168.10.115|--sign--|provincebybank]
[21:39:30][|-saRs-|Array
(
    [flag] => 10000
    [msg] => 
)
|--sign--|provincebybank]
[21:39:30][|-ip-|192.168.10.115|--sign--|provincebybank]
[21:39:30][|-saRs-|Array
(
    [flag] => 10000
    [msg] => 
)
|--sign--|provincebybank]
[21:39:31][|-ip-|192.168.10.115|--sign--|provincebybank]
[21:39:31][|-saRs-|Array
(
    [flag] => 10000
    [msg] => 
)
|--sign--|provincebybank]
[21:41:21][|-ip-|192.168.10.115|--sign--|provincebybank]
[21:41:21][|-saRs-|Array
(
    [flag] => 10000
    [msg] => 
)
|--sign--|provincebybank]
[21:41:22][|-ip-|192.168.10.115|--sign--|provincebybank]
[21:41:22][|-saRs-|Array
(
    [flag] => 10000
    [msg] => 
)
|--sign--|provincebybank]
[21:41:23][|-ip-|192.168.10.115|--sign--|provincebybank]
[21:41:23][|-saRs-|Array
(
    [flag] => 10000
    [msg] => 
)
|--sign--|provincebybank]
[21:41:24][|-ip-|192.168.10.115|--sign--|provincebybank]
[21:41:24][|-saRs-|Array
(
    [flag] => 10000
    [msg] => 
)
|--sign--|provincebybank]
[21:41:26][|-ip-|192.168.10.115|--sign--|provincebybank]
[21:41:26][|-saRs-|Array
(
    [flag] => 10000
    [msg] => 
)
|--sign--|provincebybank]
[21:41:27][|-ip-|192.168.10.115|--sign--|provincebybank]
[21:41:27][|-saRs-|Array
(
    [flag] => 10000
    [msg] => 
)
|--sign--|provincebybank]
[21:41:33][|-ip-|192.168.10.115|--sign--|provincebybank]
[21:41:33][|-saRs-|Array
(
    [flag] => 10000
    [msg] => 
)
|--sign--|provincebybank]
[21:41:33][|-ip-|192.168.10.115|--sign--|provincebybank]
[21:41:33][|-saRs-|Array
(
    [flag] => 10000
    [msg] => 
)
|--sign--|provincebybank]
[21:41:34][|-ip-|192.168.10.115|--sign--|provincebybank]
[21:41:34][|-saRs-|Array
(
    [flag] => 10000
    [msg] => 
)
|--sign--|provincebybank]
[21:41:35][|-ip-|192.168.10.115|--sign--|provincebybank]
[21:41:35][|-saRs-|Array
(
    [flag] => 10000
    [msg] => 
)
|--sign--|provincebybank]
[21:41:35][|-ip-|192.168.10.115|--sign--|provincebybank]
[21:41:35][|-saRs-|Array
(
    [flag] => 10000
    [msg] => 
)
|--sign--|provincebybank]
[21:41:35][|-ip-|192.168.10.115|--sign--|provincebybank]
[21:41:35][|-saRs-|Array
(
    [flag] => 10000
    [msg] => 
)
|--sign--|provincebybank]
[21:41:36][|-ip-|192.168.10.115|--sign--|provincebybank]
[21:41:36][|-saRs-|Array
(
    [flag] => 10000
    [msg] => 
)
|--sign--|provincebybank]
[21:41:47][|-ip-|192.168.10.115|--sign--|provincebybank]
[21:41:47][|-saRs-|Array
(
    [flag] => 10000
    [msg] => 
)
|--sign--|provincebybank]
[21:41:48][|-ip-|192.168.10.115|--sign--|provincebybank]
[21:41:48][|-saRs-|Array
(
    [flag] => 10000
    [msg] => 
)
|--sign--|provincebybank]
[21:41:53][|-ip-|192.168.10.115|--sign--|provincebybank]
[21:41:53][|-saRs-|Array
(
    [flag] => 10000
    [msg] => 
)
|--sign--|provincebybank]
[21:41:53][|-ip-|192.168.10.115|--sign--|provincebybank]
[21:41:53][|-saRs-|Array
(
    [flag] => 10000
    [msg] => 
)
|--sign--|provincebybank]
[21:41:54][|-ip-|192.168.10.115|--sign--|provincebybank]
[21:41:54][|-saRs-|Array
(
    [flag] => 10000
    [msg] => 
)
|--sign--|provincebybank]
[21:42:06][|-ip-|192.168.10.115|--sign--|provincebybank]
[21:42:06][|-saRs-|Array
(
    [flag] => 10000
    [msg] => 
)
|--sign--|provincebybank]
[21:43:26][|-ip-|192.168.10.115|--sign--|provincebybank]
[21:43:26][|-saRs-|Array
(
    [flag] => 10000
    [msg] => 
)
|--sign--|provincebybank]
[21:43:27][|-ip-|192.168.10.115|--sign--|provincebybank]
[21:43:27][|-saRs-|Array
(
    [flag] => 10000
    [msg] => 
)
|--sign--|provincebybank]
[21:44:17][|-ip-|192.168.10.115|--sign--|provincebybank]
[21:44:17][|-saRs-|Array
(
    [flag] => 10000
    [msg] => 
)
|--sign--|provincebybank]
[21:44:51][|-ip-|192.168.10.115|--sign--|provincebybank]
[21:44:51][|-saRs-|Array
(
    [flag] => 10000
    [msg] => 
)
|--sign--|provincebybank]
[21:44:52][|-ip-|192.168.10.115|--sign--|provincebybank]
[21:44:52][|-saRs-|Array
(
    [flag] => 10000
    [msg] => 
)
|--sign--|provincebybank]
[21:46:15][|-ip-|192.168.10.115|--sign--|provincebybank]
[21:46:15][|-saRs-|Array
(
    [flag] => 10000
    [msg] => 
)
|--sign--|provincebybank]
[21:46:16][|-ip-|192.168.10.115|--sign--|provincebybank]
[21:46:16][|-saRs-|Array
(
    [flag] => 10000
    [msg] => 
)
|--sign--|provincebybank]
[21:46:16][|-ip-|192.168.10.115|--sign--|provincebybank]
[21:46:16][|-saRs-|Array
(
    [flag] => 10000
    [msg] => 
)
|--sign--|provincebybank]
[21:46:22][|-ip-|192.168.10.115|--sign--|provincebybank]
[21:46:22][|-saRs-|Array
(
    [flag] => 10000
    [msg] => 
)
|--sign--|provincebybank]
[21:46:24][|-ip-|192.168.10.115|--sign--|citybyprovincebank]
[21:46:24][|-saRs-|Array
(
    [flag] => 10000
    [msg] => 
)
|--sign--|citybyprovincebank]
[21:46:25][|-ip-|192.168.10.115|--sign--|provincebybank]
[21:46:25][|-saRs-|Array
(
    [flag] => 10000
    [msg] => 
)
|--sign--|provincebybank]
[21:46:29][|-ip-|192.168.10.115|--sign--|provincebybank]
[21:46:29][|-saRs-|Array
(
    [flag] => 10000
    [msg] => 
)
|--sign--|provincebybank]
[21:46:32][|-ip-|192.168.10.115|--sign--|citybyprovincebank]
[21:46:32][|-saRs-|Array
(
    [flag] => 10000
    [msg] => 
)
|--sign--|citybyprovincebank]
[21:46:34][|-ip-|192.168.10.115|--sign--|bandbyprovincebankcity]
[21:46:34][|-saRs-|Array
(
    [flag] => 10000
    [msg] => 
)
|--sign--|bandbyprovincebankcity]
[21:52:40][|-ip-|192.168.10.115|--sign--|provincebybank]
[21:52:40][|-saRs-|Array
(
    [flag] => 10000
    [msg] => 
)
|--sign--|provincebybank]
[21:53:01][|-ip-|192.168.10.115|--sign--|provincebybank]
[21:53:01][|-saRs-|Array
(
    [flag] => 10000
    [msg] => 
)
|--sign--|provincebybank]
[21:53:18][|-ip-|192.168.10.115|--sign--|provincebybank]
[21:53:18][|-saRs-|Array
(
    [flag] => 10000
    [msg] => 
)
|--sign--|provincebybank]
[21:53:25][|-ip-|192.168.10.115|--sign--|provincebybank]
[21:53:25][|-saRs-|Array
(
    [flag] => 10000
    [msg] => 
)
|--sign--|provincebybank]
[21:53:48][|-ip-|192.168.10.115|--sign--|citybyprovincebank]
[21:53:48][|-saRs-|Array
(
    [flag] => 10000
    [msg] => 
)
|--sign--|citybyprovincebank]
[21:53:49][|-ip-|192.168.10.115|--sign--|bandbyprovincebankcity]
[21:53:49][|-saRs-|Array
(
    [flag] => 10000
    [msg] => 
)
|--sign--|bandbyprovincebankcity]
[21:53:55][|-ip-|192.168.10.115|--sign--|citybyprovincebank]
[21:53:55][|-saRs-|Array
(
    [flag] => 10000
    [msg] => 
)
|--sign--|citybyprovincebank]
[21:53:57][|-ip-|192.168.10.115|--sign--|bandbyprovincebankcity]
[21:53:57][|-saRs-|Array
(
    [flag] => 10000
    [msg] => 
)
|--sign--|bandbyprovincebankcity]
