[09:10:16][|-ip-|192.168.10.85|--sign--|ajaxgetcode]
[09:10:16][|-saRs-|Array
(
    [flag] => 10000
    [msg] => 
)
|--sign--|ajaxgetcode]
[09:11:54][|-ip-|192.168.10.85|--sign--|ajaxgetcode]
[09:11:54][|-saRs-|Array
(
    [flag] => 10000
    [msg] => 
)
|--sign--|ajaxgetcode]
[09:23:08][|-ip-|192.168.10.85|--sign--|ajaxgetcode]
[09:23:08][|-saRs-|Array
(
    [flag] => 10000
    [msg] => 
)
|--sign--|ajaxgetcode]
[09:33:44][|-ip-|192.168.10.85|--sign--|ajaxgetcode]
[09:33:44][|-saRs-|Array
(
    [flag] => 10000
    [msg] => 
)
|--sign--|ajaxgetcode]
[09:34:02][|-ip-|192.168.10.85|--sign--|ajaxgetcode]
[09:34:02][|-saRs-|Array
(
    [flag] => 10000
    [msg] => 
)
|--sign--|ajaxgetcode]
[09:42:28][|-ip-|192.168.10.85|--sign--|ajaxgetcode]
[09:42:28][|-saRs-|Array
(
    [flag] => 10000
    [msg] => 
)
|--sign--|ajaxgetcode]
[09:53:07][|-ip-|192.168.10.85|--sign--|ajaxgetcode]
[09:53:07][|-saRs-|Array
(
    [flag] => 10000
    [msg] => 
)
|--sign--|ajaxgetcode]
[09:53:52][|-ip-|192.168.10.85|--sign--|ajaxgetcode]
[09:53:52][|-saRs-|Array
(
    [flag] => 10000
    [msg] => 
)
|--sign--|ajaxgetcode]
[09:54:49][|-ip-|192.168.10.85|--sign--|ajaxgetcode]
[09:54:49][|-saRs-|Array
(
    [flag] => 10000
    [msg] => 
)
|--sign--|ajaxgetcode]
[09:55:29][|-ip-|192.168.10.85|--sign--|ajaxgetcode]
[09:55:29][|-saRs-|Array
(
    [flag] => 10000
    [msg] => 
)
|--sign--|ajaxgetcode]
[09:55:54][|-ip-|192.168.10.85|--sign--|ajaxgetcode]
[09:55:54][|-saRs-|Array
(
    [flag] => 10000
    [msg] => 
)
|--sign--|ajaxgetcode]
[09:56:20][|-ip-|192.168.10.85|--sign--|ajaxgetcode]
[09:56:20][|-saRs-|Array
(
    [flag] => 10000
    [msg] => 
)
|--sign--|ajaxgetcode]
[09:56:48][|-ip-|192.168.10.85|--sign--|ajaxgetcode]
[09:56:48][|-saRs-|Array
(
    [flag] => 10000
    [msg] => 
)
|--sign--|ajaxgetcode]
[09:57:06][|-ip-|192.168.10.85|--sign--|ajaxgetcode]
[09:57:06][|-saRs-|Array
(
    [flag] => 10000
    [msg] => 
)
|--sign--|ajaxgetcode]
[09:57:07][|-ip-|192.168.10.85|--sign--|ajaxgetcode]
[09:57:07][|-saRs-|Array
(
    [flag] => 10000
    [msg] => 
)
|--sign--|ajaxgetcode]
[09:57:24][|-ip-|192.168.10.85|--sign--|ajaxgetcode]
[09:57:24][|-saRs-|Array
(
    [flag] => 10000
    [msg] => 
)
|--sign--|ajaxgetcode]
[09:57:29][|-ip-|192.168.10.85|--sign--|ajaxgetcode]
[09:57:29][|-saRs-|Array
(
    [flag] => 10000
    [msg] => 
)
|--sign--|ajaxgetcode]
[09:57:31][|-ip-|192.168.10.85|--sign--|ajaxgetcode]
[09:57:31][|-saRs-|Array
(
    [flag] => 10000
    [msg] => 
)
|--sign--|ajaxgetcode]
[09:58:15][|-ip-|192.168.10.85|--sign--|ajaxgetcode]
[09:58:15][|-saRs-|Array
(
    [flag] => 10000
    [msg] => 
)
|--sign--|ajaxgetcode]
[09:58:30][|-ip-|192.168.10.85|--sign--|ajaxgetcode]
[09:58:30][|-saRs-|Array
(
    [flag] => 10000
    [msg] => 
)
|--sign--|ajaxgetcode]
[09:59:36][|-ip-|192.168.10.85|--sign--|ajaxgetcode]
[09:59:36][|-saRs-|Array
(
    [flag] => 10000
    [msg] => 
)
|--sign--|ajaxgetcode]
[10:01:51][|-ip-|192.168.10.85|--sign--|ajaxgetcode]
[10:01:51][|-saRs-|Array
(
    [flag] => 10000
    [msg] => 
)
|--sign--|ajaxgetcode]
[10:03:18][|-ip-|192.168.10.85|--sign--|ajaxgetcode]
[10:03:18][|-saRs-|Array
(
    [flag] => 10000
    [msg] => 
)
|--sign--|ajaxgetcode]
[10:03:33][|-ip-|192.168.10.85|--sign--|getmobilecode]
[10:03:33][|-saRs-|Array
(
    [flag] => 10000
    [msg] => 
)
|--sign--|getmobilecode]
[10:04:11][|-ip-|192.168.10.85|--sign--|ajaxgetcode]
[10:04:11][|-saRs-|Array
(
    [flag] => 10000
    [msg] => 
)
|--sign--|ajaxgetcode]
[10:04:23][|-ip-|192.168.10.85|--sign--|getmobilecode]
[10:04:23][|-saRs-|Array
(
    [flag] => 10000
    [msg] => 
)
|--sign--|getmobilecode]
[10:07:37][|-ip-|192.168.10.85|--sign--|ajaxgetcode]
[10:07:37][|-saRs-|Array
(
    [flag] => 10000
    [msg] => 
)
|--sign--|ajaxgetcode]
[10:07:42][|-ip-|192.168.10.85|--sign--|ajaxgetcode]
[10:07:42][|-saRs-|Array
(
    [flag] => 10000
    [msg] => 
)
|--sign--|ajaxgetcode]
[10:07:54][|-ip-|192.168.10.85|--sign--|getmobilecode]
[10:07:54][|-saRs-|Array
(
    [flag] => 10000
    [msg] => 
)
|--sign--|getmobilecode]
[10:08:20][|-ip-|192.168.10.85|--sign--|ajaxgetcode]
[10:08:20][|-saRs-|Array
(
    [flag] => 10000
    [msg] => 
)
|--sign--|ajaxgetcode]
[10:08:29][|-ip-|192.168.10.85|--sign--|getmobilecode]
[10:08:29][|-saRs-|Array
(
    [flag] => 10000
    [msg] => 
)
|--sign--|getmobilecode]
[10:08:35][|-ip-|192.168.10.85|--sign--|ajaxgetcode]
[10:08:35][|-saRs-|Array
(
    [flag] => 10000
    [msg] => 
)
|--sign--|ajaxgetcode]
[10:09:06][|-ip-|192.168.10.85|--sign--|ajaxgetcode]
[10:09:06][|-saRs-|Array
(
    [flag] => 10000
    [msg] => 
)
|--sign--|ajaxgetcode]
[10:09:23][|-ip-|192.168.10.85|--sign--|getmobilecode]
[10:09:23][|-saRs-|Array
(
    [flag] => 10000
    [msg] => 
)
|--sign--|getmobilecode]
[10:10:05][|-ip-|192.168.10.85|--sign--|ajaxgetcode]
[10:10:05][|-saRs-|Array
(
    [flag] => 10000
    [msg] => 
)
|--sign--|ajaxgetcode]
[10:10:12][|-ip-|192.168.10.85|--sign--|getmobilecode]
[10:10:12][|-saRs-|Array
(
    [flag] => 10000
    [msg] => 
)
|--sign--|getmobilecode]
[10:10:39][|-ip-|192.168.10.85|--sign--|ajaxgetcode]
[10:10:39][|-saRs-|Array
(
    [flag] => 10000
    [msg] => 
)
|--sign--|ajaxgetcode]
[10:10:46][|-ip-|192.168.10.85|--sign--|getmobilecode]
[10:10:46][|-saRs-|Array
(
    [flag] => 10000
    [msg] => 
)
|--sign--|getmobilecode]
[10:13:43][|-ip-|192.168.10.85|--sign--|ajaxgetcode]
[10:13:43][|-saRs-|Array
(
    [flag] => 10000
    [msg] => 
)
|--sign--|ajaxgetcode]
[10:13:54][|-ip-|192.168.10.85|--sign--|ajaxgetcode]
[10:13:54][|-saRs-|Array
(
    [flag] => 10000
    [msg] => 
)
|--sign--|ajaxgetcode]
[10:14:00][|-ip-|192.168.10.85|--sign--|getmobilecode]
[10:14:00][|-saRs-|Array
(
    [flag] => 10000
    [msg] => 
)
|--sign--|getmobilecode]
[10:37:06][|-ip-|192.168.10.85|--sign--|ajaxgetcode]
[10:37:06][|-saRs-|Array
(
    [flag] => 10000
    [msg] => 
)
|--sign--|ajaxgetcode]
[10:37:11][|-ip-|192.168.10.85|--sign--|ajaxgetcode]
[10:37:11][|-saRs-|Array
(
    [flag] => 10000
    [msg] => 
)
|--sign--|ajaxgetcode]
[10:37:23][|-ip-|192.168.10.85|--sign--|getmobilecode]
[10:37:23][|-saRs-|Array
(
    [flag] => 10000
    [msg] => 
)
|--sign--|getmobilecode]
[10:40:13][|-ip-|192.168.10.85|--sign--|ajaxgetcode]
[10:40:13][|-saRs-|Array
(
    [flag] => 10000
    [msg] => 
)
|--sign--|ajaxgetcode]
[10:40:23][|-ip-|192.168.10.85|--sign--|getmobilecode]
[10:40:23][|-saRs-|Array
(
    [flag] => 10000
    [msg] => 
)
|--sign--|getmobilecode]
[10:40:30][|-ip-|192.168.10.85|--sign--|ajaxgetcode]
[10:40:30][|-saRs-|Array
(
    [flag] => 10000
    [msg] => 
)
|--sign--|ajaxgetcode]
[10:40:37][|-ip-|192.168.10.85|--sign--|getmobilecode]
[10:40:37][|-saRs-|Array
(
    [flag] => 10000
    [msg] => 
)
|--sign--|getmobilecode]
[10:41:30][|-ip-|192.168.10.85|--sign--|ajaxgetcode]
[10:41:30][|-saRs-|Array
(
    [flag] => 10000
    [msg] => 
)
|--sign--|ajaxgetcode]
[10:41:32][|-ip-|192.168.10.85|--sign--|ajaxgetcode]
[10:41:32][|-saRs-|Array
(
    [flag] => 10000
    [msg] => 
)
|--sign--|ajaxgetcode]
[10:41:41][|-ip-|192.168.10.85|--sign--|ajaxgetcode]
[10:41:41][|-saRs-|Array
(
    [flag] => 10000
    [msg] => 
)
|--sign--|ajaxgetcode]
[10:49:54][|-ip-|192.168.10.85|--sign--|ajaxgetcode]
[10:49:54][|-saRs-|Array
(
    [flag] => 10000
    [msg] => 
)
|--sign--|ajaxgetcode]
[10:50:52][|-ip-|192.168.10.85|--sign--|ajaxgetcode]
[10:50:52][|-saRs-|Array
(
    [flag] => 10000
    [msg] => 
)
|--sign--|ajaxgetcode]
[10:50:55][|-ip-|192.168.10.85|--sign--|ajaxgetcode]
[10:50:55][|-saRs-|Array
(
    [flag] => 10000
    [msg] => 
)
|--sign--|ajaxgetcode]
[10:50:59][|-ip-|192.168.10.85|--sign--|ajaxgetcode]
[10:50:59][|-saRs-|Array
(
    [flag] => 10000
    [msg] => 
)
|--sign--|ajaxgetcode]
[10:51:21][|-ip-|192.168.10.85|--sign--|ajaxgetcode]
[10:51:21][|-saRs-|Array
(
    [flag] => 10000
    [msg] => 
)
|--sign--|ajaxgetcode]
[10:51:52][|-ip-|192.168.10.85|--sign--|ajaxgetcode]
[10:51:52][|-saRs-|Array
(
    [flag] => 10000
    [msg] => 
)
|--sign--|ajaxgetcode]
[10:52:05][|-ip-|192.168.10.85|--sign--|getmobilecode]
[10:52:05][|-saRs-|Array
(
    [flag] => 10000
    [msg] => 
)
|--sign--|getmobilecode]
[10:52:10][|-ip-|192.168.10.85|--sign--|ajaxgetcode]
[10:52:10][|-saRs-|Array
(
    [flag] => 10000
    [msg] => 
)
|--sign--|ajaxgetcode]
[10:52:19][|-ip-|192.168.10.85|--sign--|getmobilecode]
[10:52:19][|-saRs-|Array
(
    [flag] => 10000
    [msg] => 
)
|--sign--|getmobilecode]
[10:54:13][|-ip-|192.168.10.85|--sign--|ajaxgetcode]
[10:54:13][|-saRs-|Array
(
    [flag] => 10000
    [msg] => 
)
|--sign--|ajaxgetcode]
[10:54:31][|-ip-|192.168.10.85|--sign--|getmobilecode]
[10:54:31][|-saRs-|Array
(
    [flag] => 10000
    [msg] => 
)
|--sign--|getmobilecode]
[10:54:47][|-ip-|192.168.10.85|--sign--|ajaxgetcode]
[10:54:47][|-saRs-|Array
(
    [flag] => 10000
    [msg] => 
)
|--sign--|ajaxgetcode]
[10:55:00][|-ip-|192.168.10.85|--sign--|getmobilecode]
[10:55:00][|-saRs-|Array
(
    [flag] => 10000
    [msg] => 
)
|--sign--|getmobilecode]
[10:55:51][|-ip-|192.168.10.85|--sign--|ajaxgetcode]
[10:55:51][|-saRs-|Array
(
    [flag] => 10000
    [msg] => 
)
|--sign--|ajaxgetcode]
[10:56:03][|-ip-|192.168.10.85|--sign--|getmobilecode]
[10:56:03][|-saRs-|Array
(
    [flag] => 10000
    [msg] => 
)
|--sign--|getmobilecode]
[11:03:50][|-ip-|192.168.10.85|--sign--|ajaxgetcode]
[11:03:50][|-saRs-|Array
(
    [flag] => 10000
    [msg] => 
)
|--sign--|ajaxgetcode]
[11:03:57][|-ip-|192.168.10.85|--sign--|ajaxgetcode]
[11:03:57][|-saRs-|Array
(
    [flag] => 10000
    [msg] => 
)
|--sign--|ajaxgetcode]
[11:04:04][|-ip-|192.168.10.85|--sign--|getmobilecode]
[11:04:04][|-saRs-|Array
(
    [flag] => 10000
    [msg] => 
)
|--sign--|getmobilecode]
[11:05:07][|-ip-|192.168.10.85|--sign--|ajaxgetcode]
[11:05:07][|-saRs-|Array
(
    [flag] => 10000
    [msg] => 
)
|--sign--|ajaxgetcode]
[11:05:58][|-ip-|192.168.10.85|--sign--|ajaxgetcode]
[11:05:58][|-saRs-|Array
(
    [flag] => 10000
    [msg] => 
)
|--sign--|ajaxgetcode]
[11:06:05][|-ip-|192.168.10.85|--sign--|getmobilecode]
[11:06:05][|-saRs-|Array
(
    [flag] => 10000
    [msg] => 
)
|--sign--|getmobilecode]
[11:09:41][|-ip-|192.168.10.85|--sign--|ajaxgetcode]
[11:09:41][|-saRs-|Array
(
    [flag] => 10000
    [msg] => 
)
|--sign--|ajaxgetcode]
[11:09:55][|-ip-|192.168.10.85|--sign--|getmobilecode]
[11:09:55][|-saRs-|Array
(
    [flag] => 10000
    [msg] => 
)
|--sign--|getmobilecode]
[11:24:37][|-ip-|192.168.10.85|--sign--|ajaxgetcode]
[11:24:37][|-saRs-|Array
(
    [flag] => 10000
    [msg] => 
)
|--sign--|ajaxgetcode]
[11:25:07][|-ip-|192.168.10.85|--sign--|getmobilecode]
[11:25:07][|-saRs-|Array
(
    [flag] => 10000
    [msg] => 
)
|--sign--|getmobilecode]
[11:28:18][|-ip-|192.168.10.85|--sign--|ajaxgetcode]
[11:28:18][|-saRs-|Array
(
    [flag] => 10000
    [msg] => 
)
|--sign--|ajaxgetcode]
[11:32:28][|-ip-|192.168.10.85|--sign--|ajaxgetcode]
[11:32:28][|-saRs-|Array
(
    [flag] => 10000
    [msg] => 
)
|--sign--|ajaxgetcode]
[11:32:42][|-ip-|192.168.10.85|--sign--|getmobilecode]
[11:32:42][|-saRs-|Array
(
    [flag] => 10000
    [msg] => 
)
|--sign--|getmobilecode]
[11:33:08][|-ip-|192.168.10.85|--sign--|ajaxgetcode]
[11:33:08][|-saRs-|Array
(
    [flag] => 10000
    [msg] => 
)
|--sign--|ajaxgetcode]
[11:33:22][|-ip-|192.168.10.85|--sign--|getmobilecode]
[11:33:22][|-saRs-|Array
(
    [flag] => 10000
    [msg] => 
)
|--sign--|getmobilecode]
[11:33:40][|-ip-|192.168.10.85|--sign--|ajaxgetcode]
[11:33:40][|-saRs-|Array
(
    [flag] => 10000
    [msg] => 
)
|--sign--|ajaxgetcode]
[11:33:52][|-ip-|192.168.10.85|--sign--|getmobilecode]
[11:33:52][|-saRs-|Array
(
    [flag] => 10000
    [msg] => 
)
|--sign--|getmobilecode]
[11:42:37][|-ip-|192.168.10.85|--sign--|ajaxgetcode]
[11:42:37][|-saRs-|Array
(
    [flag] => 10000
    [msg] => 
)
|--sign--|ajaxgetcode]
[11:43:04][|-ip-|192.168.10.85|--sign--|ajaxgetcode]
[11:43:04][|-saRs-|Array
(
    [flag] => 10000
    [msg] => 
)
|--sign--|ajaxgetcode]
[11:43:11][|-ip-|192.168.10.85|--sign--|getmobilecode]
[11:43:11][|-saRs-|Array
(
    [flag] => 10000
    [msg] => 
)
|--sign--|getmobilecode]
[11:53:25][|-ip-|192.168.10.85|--sign--|ajaxgetcode]
[11:53:25][|-saRs-|Array
(
    [flag] => 10000
    [msg] => 
)
|--sign--|ajaxgetcode]
[11:53:38][|-ip-|192.168.10.85|--sign--|getmobilecode]
[11:53:38][|-saRs-|Array
(
    [flag] => 10000
    [msg] => 
)
|--sign--|getmobilecode]
[13:31:25][|-ip-|192.168.10.115|--sign--|ajaxgetcode]
[13:31:25][|-saRs-|Array
(
    [flag] => 10000
    [msg] => 
)
|--sign--|ajaxgetcode]
[13:32:03][|-ip-|192.168.10.85|--sign--|ajaxgetcode]
[13:32:03][|-saRs-|Array
(
    [flag] => 10000
    [msg] => 
)
|--sign--|ajaxgetcode]
[13:32:19][|-ip-|192.168.10.85|--sign--|getmobilecode]
[13:32:19][|-saRs-|Array
(
    [flag] => 10000
    [msg] => 
)
|--sign--|getmobilecode]
[13:35:42][|-ip-|192.168.10.85|--sign--|ajaxgetcode]
[13:35:42][|-saRs-|Array
(
    [flag] => 10000
    [msg] => 
)
|--sign--|ajaxgetcode]
[13:35:53][|-ip-|192.168.10.85|--sign--|getmobilecode]
[13:35:53][|-saRs-|Array
(
    [flag] => 10000
    [msg] => 
)
|--sign--|getmobilecode]
[14:36:31][|-ip-|192.168.10.85|--sign--|ajaxgetcode]
[14:36:31][|-saRs-|Array
(
    [flag] => 10000
    [msg] => 
)
|--sign--|ajaxgetcode]
[14:36:43][|-ip-|192.168.10.85|--sign--|getmobilecode]
[14:36:43][|-saRs-|Array
(
    [flag] => 10000
    [msg] => 
)
|--sign--|getmobilecode]
[15:54:39][|-ip-|192.168.10.85|--sign--|ajaxgetcode]
[15:54:39][|-saRs-|Array
(
    [flag] => 10000
    [msg] => 
)
|--sign--|ajaxgetcode]
[15:54:51][|-ip-|192.168.10.85|--sign--|getmobilecode]
[15:54:51][|-saRs-|Array
(
    [flag] => 10000
    [msg] => 
)
|--sign--|getmobilecode]
[16:08:14][|-ip-|192.168.10.85|--sign--|ajaxgetcode]
[16:08:14][|-saRs-|Array
(
    [flag] => 10000
    [msg] => 
)
|--sign--|ajaxgetcode]
[16:08:26][|-ip-|192.168.10.85|--sign--|getmobilecode]
[16:08:26][|-saRs-|Array
(
    [flag] => 10000
    [msg] => 
)
|--sign--|getmobilecode]
[17:53:14][|-ip-|192.168.10.85|--sign--|ajaxgetcode]
[17:53:14][|-saRs-|Array
(
    [flag] => 10000
    [msg] => 
)
|--sign--|ajaxgetcode]
[17:53:27][|-ip-|192.168.10.85|--sign--|getmobilecode]
[17:53:27][|-saRs-|Array
(
    [flag] => 10000
    [msg] => 
)
|--sign--|getmobilecode]
