[10:11:26][|-ip-|192.168.10.85|--sign--|ajaxgetcode]
[10:11:26][|-saRs-|Array
(
    [flag] => 10000
    [msg] => 
)
|--sign--|ajaxgetcode]
[14:17:59][|-ip-|192.168.10.85|--sign--|ajaxgetcode]
[14:17:59][|-saRs-|Array
(
    [flag] => 10000
    [msg] => 
)
|--sign--|ajaxgetcode]
[14:18:05][|-ip-|192.168.10.85|--sign--|ajaxgetcode]
[14:18:05][|-saRs-|Array
(
    [flag] => 10000
    [msg] => 
)
|--sign--|ajaxgetcode]
[14:18:07][|-ip-|192.168.10.85|--sign--|ajaxgetcode]
[14:18:07][|-saRs-|Array
(
    [flag] => 10000
    [msg] => 
)
|--sign--|ajaxgetcode]
[14:18:08][|-ip-|192.168.10.85|--sign--|ajaxgetcode]
[14:18:08][|-saRs-|Array
(
    [flag] => 10000
    [msg] => 
)
|--sign--|ajaxgetcode]
[14:18:20][|-ip-|192.168.10.85|--sign--|getmobilecode]
[14:18:20][|-saRs-|Array
(
    [flag] => 10000
    [msg] => 
)
|--sign--|getmobilecode]
[16:53:50][|-ip-|192.168.10.85|--sign--|ajaxgetcode]
[16:53:50][|-saRs-|Array
(
    [flag] => 10000
    [msg] => 
)
|--sign--|ajaxgetcode]
[16:54:30][|-ip-|192.168.10.85|--sign--|ajaxgetcode]
[16:54:30][|-saRs-|Array
(
    [flag] => 10000
    [msg] => 
)
|--sign--|ajaxgetcode]
[17:01:23][|-ip-|192.168.10.85|--sign--|ajaxgetcode]
[17:01:23][|-saRs-|Array
(
    [flag] => 10000
    [msg] => 
)
|--sign--|ajaxgetcode]
[17:01:26][|-ip-|192.168.10.85|--sign--|ajaxgetcode]
[17:01:26][|-saRs-|Array
(
    [flag] => 10000
    [msg] => 
)
|--sign--|ajaxgetcode]
[17:20:01][|-ip-|192.168.10.85|--sign--|ajaxgetcode]
[17:20:01][|-saRs-|Array
(
    [flag] => 10000
    [msg] => 
)
|--sign--|ajaxgetcode]
[17:31:53][|-ip-|192.168.10.85|--sign--|ajaxgetcode]
[17:31:53][|-saRs-|Array
(
    [flag] => 10000
    [msg] => 
)
|--sign--|ajaxgetcode]
