[09:18:29][|-ip-|192.168.10.85|--sign--|ajaxgetcode]
[09:18:29][|-saRs-|Array
(
    [flag] => 10000
    [msg] => 
)
|--sign--|ajaxgetcode]
[09:56:58][|-ip-|192.168.10.115|--sign--|provincebybank]
[09:56:58][|-saRs-|Array
(
    [flag] => 10000
    [msg] => 
)
|--sign--|provincebybank]
[09:57:02][|-ip-|192.168.10.115|--sign--|citybyprovincebank]
[09:57:02][|-saRs-|Array
(
    [flag] => 10000
    [msg] => 
)
|--sign--|citybyprovincebank]
[09:57:03][|-ip-|192.168.10.115|--sign--|bandbyprovincebankcity]
[09:57:03][|-saRs-|Array
(
    [flag] => 10000
    [msg] => 
)
|--sign--|bandbyprovincebankcity]
[13:46:39][|-ip-|192.168.10.115|--sign--|provincebybank]
[13:46:39][|-saRs-|Array
(
    [flag] => 10000
    [msg] => 
)
|--sign--|provincebybank]
[13:46:47][|-ip-|192.168.10.115|--sign--|provincebybank]
[13:46:47][|-saRs-|Array
(
    [flag] => 10000
    [msg] => 
)
|--sign--|provincebybank]
[13:46:50][|-ip-|192.168.10.115|--sign--|citybyprovincebank]
[13:46:50][|-saRs-|Array
(
    [flag] => 10000
    [msg] => 
)
|--sign--|citybyprovincebank]
[13:46:51][|-ip-|192.168.10.115|--sign--|bandbyprovincebankcity]
[13:46:51][|-saRs-|Array
(
    [flag] => 10000
    [msg] => 
)
|--sign--|bandbyprovincebankcity]
[15:24:49][|-ip-|192.168.10.115|--sign--|provincebybank]
[15:24:49][|-saRs-|Array
(
    [flag] => 10000
    [msg] => 
)
|--sign--|provincebybank]
[15:24:57][|-ip-|192.168.10.115|--sign--|citybyprovincebank]
[15:24:57][|-saRs-|Array
(
    [flag] => 10000
    [msg] => 
)
|--sign--|citybyprovincebank]
[15:24:58][|-ip-|192.168.10.115|--sign--|bandbyprovincebankcity]
[15:24:58][|-saRs-|Array
(
    [flag] => 10000
    [msg] => 
)
|--sign--|bandbyprovincebankcity]
[15:25:10][|-ip-|192.168.10.115|--sign--|regbindcard]
[15:25:10][|-saRs-|Array
(
    [flag] => 10000
    [msg] => 
)
|--sign--|regbindcard]
[15:26:17][|-ip-|192.168.10.115|--sign--|regbindcard]
[15:26:17][|-saRs-|Array
(
    [flag] => 10000
    [msg] => 
)
|--sign--|regbindcard]
[15:27:32][|-ip-|192.168.10.115|--sign--|regbindcard]
[15:27:32][|-saRs-|Array
(
    [flag] => 10000
    [msg] => 
)
|--sign--|regbindcard]
[15:28:35][|-ip-|192.168.10.115|--sign--|regbindcard]
[15:28:35][|-saRs-|Array
(
    [flag] => 10000
    [msg] => 
)
|--sign--|regbindcard]
[15:28:52][|-ip-|192.168.10.115|--sign--|regbindcard]
[15:28:52][|-saRs-|Array
(
    [flag] => 10000
    [msg] => 
)
|--sign--|regbindcard]
[15:29:12][|-ip-|192.168.10.115|--sign--|regbindcard]
[15:29:12][|-saRs-|Array
(
    [flag] => 10000
    [msg] => 
)
|--sign--|regbindcard]
[15:30:23][|-ip-|192.168.10.115|--sign--|regbindcard]
[15:30:23][|-saRs-|Array
(
    [flag] => 10000
    [msg] => 
)
|--sign--|regbindcard]
[15:31:22][|-ip-|192.168.10.115|--sign--|regbindcard]
[15:31:22][|-saRs-|Array
(
    [flag] => 10000
    [msg] => 
)
|--sign--|regbindcard]
[15:31:48][|-ip-|192.168.10.115|--sign--|regbindcard]
[15:31:48][|-saRs-|Array
(
    [flag] => 10000
    [msg] => 
)
|--sign--|regbindcard]
[15:33:00][|-ip-|192.168.10.115|--sign--|regbindcard]
[15:33:00][|-saRs-|Array
(
    [flag] => 10000
    [msg] => 
)
|--sign--|regbindcard]
[15:40:10][|-ip-|192.168.10.115|--sign--|regbindcard]
[15:40:10][|-saRs-|Array
(
    [flag] => 10000
    [msg] => 
)
|--sign--|regbindcard]
[15:41:09][|-ip-|192.168.10.115|--sign--|regbindcard]
[15:41:09][|-saRs-|Array
(
    [flag] => 10000
    [msg] => 
)
|--sign--|regbindcard]
[15:41:37][|-ip-|192.168.10.115|--sign--|regbindcard]
[15:41:37][|-saRs-|Array
(
    [flag] => 10000
    [msg] => 
)
|--sign--|regbindcard]
[15:42:41][|-ip-|192.168.10.115|--sign--|regbindcard]
[15:42:41][|-saRs-|Array
(
    [flag] => 10000
    [msg] => 
)
|--sign--|regbindcard]
[16:43:14][|-ip-|192.168.10.115|--sign--|provincebybank]
[16:43:14][|-saRs-|Array
(
    [flag] => 10000
    [msg] => 
)
|--sign--|provincebybank]
[16:43:17][|-ip-|192.168.10.115|--sign--|citybyprovincebank]
[16:43:17][|-saRs-|Array
(
    [flag] => 10000
    [msg] => 
)
|--sign--|citybyprovincebank]
[16:43:18][|-ip-|192.168.10.115|--sign--|bandbyprovincebankcity]
[16:43:18][|-saRs-|Array
(
    [flag] => 10000
    [msg] => 
)
|--sign--|bandbyprovincebankcity]
[16:43:59][|-ip-|192.168.10.115|--sign--|regbindcard]
[16:43:59][|-saRs-|Array
(
    [flag] => 10000
    [msg] => 
)
|--sign--|regbindcard]
[16:44:07][|-ip-|192.168.10.115|--sign--|regbindcard]
[16:44:07][|-saRs-|Array
(
    [flag] => 10000
    [msg] => 
)
|--sign--|regbindcard]
