[09:08:33][|-ip-|192.168.10.85|--sign--|ajaxgetcode]
[09:08:33][|-saRs-|Array
(
    [flag] => 10000
    [msg] => 
)
|--sign--|ajaxgetcode]
[09:08:46][|-ip-|192.168.10.85|--sign--|getmobilecode]
[09:08:46][|-saRs-|Array
(
    [flag] => 10000
    [msg] => 
)
|--sign--|getmobilecode]
[09:09:58][|-ip-|192.168.10.85|--sign--|ajaxgetcode]
[09:09:58][|-saRs-|Array
(
    [flag] => 10000
    [msg] => 
)
|--sign--|ajaxgetcode]
[09:10:13][|-ip-|192.168.10.85|--sign--|getmobilecode]
[09:10:13][|-saRs-|Array
(
    [flag] => 10000
    [msg] => 
)
|--sign--|getmobilecode]
[09:17:59][|-ip-|10.100.0.18|--sign--|ajaxgetcode]
[09:17:59][|-saRs-|Array
(
    [flag] => 10000
    [msg] => 
)
|--sign--|ajaxgetcode]
[09:18:17][|-ip-|10.100.0.18|--sign--|getmobilecode]
[09:18:17][|-saRs-|Array
(
    [flag] => 10000
    [msg] => 
)
|--sign--|getmobilecode]
[09:27:23][|-ip-|192.168.10.85|--sign--|ajaxgetcode]
[09:27:23][|-saRs-|Array
(
    [flag] => 10000
    [msg] => 
)
|--sign--|ajaxgetcode]
[09:27:25][|-ip-|192.168.10.85|--sign--|ajaxgetcode]
[09:27:25][|-saRs-|Array
(
    [flag] => 10000
    [msg] => 
)
|--sign--|ajaxgetcode]
[09:27:46][|-ip-|192.168.10.85|--sign--|getmobilecode]
[09:27:46][|-saRs-|Array
(
    [flag] => 10000
    [msg] => 
)
|--sign--|getmobilecode]
[09:28:33][|-ip-|192.168.10.85|--sign--|ajaxgetcode]
[09:28:33][|-saRs-|Array
(
    [flag] => 10000
    [msg] => 
)
|--sign--|ajaxgetcode]
[09:28:44][|-ip-|192.168.10.85|--sign--|getmobilecode]
[09:28:44][|-saRs-|Array
(
    [flag] => 10000
    [msg] => 
)
|--sign--|getmobilecode]
[09:29:14][|-ip-|192.168.10.85|--sign--|ajaxgetcode]
[09:29:14][|-saRs-|Array
(
    [flag] => 10000
    [msg] => 
)
|--sign--|ajaxgetcode]
[09:29:34][|-ip-|192.168.10.85|--sign--|getmobilecode]
[09:29:34][|-saRs-|Array
(
    [flag] => 10000
    [msg] => 
)
|--sign--|getmobilecode]
[09:31:15][|-ip-|192.168.10.85|--sign--|ajaxgetcode]
[09:31:15][|-saRs-|Array
(
    [flag] => 10000
    [msg] => 
)
|--sign--|ajaxgetcode]
[09:31:26][|-ip-|192.168.10.85|--sign--|getmobilecode]
[09:31:26][|-saRs-|Array
(
    [flag] => 10000
    [msg] => 
)
|--sign--|getmobilecode]
[09:35:27][|-ip-|192.168.10.85|--sign--|ajaxgetcode]
[09:35:27][|-saRs-|Array
(
    [flag] => 10000
    [msg] => 
)
|--sign--|ajaxgetcode]
[09:35:39][|-ip-|192.168.10.85|--sign--|getmobilecode]
[09:35:39][|-saRs-|Array
(
    [flag] => 10000
    [msg] => 
)
|--sign--|getmobilecode]
[10:03:46][|-ip-|192.168.10.115|--sign--|ajaxgetcode]
[10:03:46][|-saRs-|Array
(
    [flag] => 10000
    [msg] => 
)
|--sign--|ajaxgetcode]
[10:56:35][|-ip-|192.168.10.85|--sign--|ajaxgetcode]
[10:56:35][|-saRs-|Array
(
    [flag] => 10000
    [msg] => 
)
|--sign--|ajaxgetcode]
[10:56:54][|-ip-|192.168.10.85|--sign--|getmobilecode]
[10:56:54][|-saRs-|Array
(
    [flag] => 10000
    [msg] => 
)
|--sign--|getmobilecode]
[11:56:53][|-ip-|192.168.10.85|--sign--|ajaxgetcode]
[11:56:53][|-saRs-|Array
(
    [flag] => 10000
    [msg] => 
)
|--sign--|ajaxgetcode]
[11:57:40][|-ip-|192.168.10.85|--sign--|ajaxgetcode]
[11:57:40][|-saRs-|Array
(
    [flag] => 10000
    [msg] => 
)
|--sign--|ajaxgetcode]
[11:57:51][|-ip-|192.168.10.85|--sign--|getmobilecode]
[11:57:51][|-saRs-|Array
(
    [flag] => 10000
    [msg] => 
)
|--sign--|getmobilecode]
[11:58:59][|-ip-|192.168.10.85|--sign--|ajaxgetcode]
[11:58:59][|-saRs-|Array
(
    [flag] => 10000
    [msg] => 
)
|--sign--|ajaxgetcode]
[11:59:09][|-ip-|192.168.10.85|--sign--|getmobilecode]
[11:59:09][|-saRs-|Array
(
    [flag] => 10000
    [msg] => 
)
|--sign--|getmobilecode]
