[09:19:23][|-ip-|192.168.10.85|--sign--|ajaxgetcode]
[09:19:23][|-saRs-|Array
(
    [flag] => 10000
    [msg] => 
)
|--sign--|ajaxgetcode]
[09:20:26][|-ip-|192.168.10.85|--sign--|ajaxgetcode]
[09:20:26][|-saRs-|Array
(
    [flag] => 10000
    [msg] => 
)
|--sign--|ajaxgetcode]
[09:25:31][|-ip-|192.168.10.85|--sign--|ajaxgetcode]
[09:25:31][|-saRs-|Array
(
    [flag] => 10000
    [msg] => 
)
|--sign--|ajaxgetcode]
[09:37:28][|-ip-|192.168.10.85|--sign--|ajaxgetcode]
[09:37:28][|-saRs-|Array
(
    [flag] => 10000
    [msg] => 
)
|--sign--|ajaxgetcode]
[09:46:21][|-ip-|192.168.10.85|--sign--|ajaxgetcode]
[09:46:21][|-saRs-|Array
(
    [flag] => 10000
    [msg] => 
)
|--sign--|ajaxgetcode]
[09:52:07][|-ip-|192.168.10.115|--sign--|provincebybank]
[09:52:07][|-saRs-|Array
(
    [flag] => 10000
    [msg] => 
)
|--sign--|provincebybank]
[09:52:08][|-ip-|192.168.10.115|--sign--|citybyprovincebank]
[09:52:08][|-saRs-|Array
(
    [flag] => 10000
    [msg] => 
)
|--sign--|citybyprovincebank]
[09:52:10][|-ip-|192.168.10.115|--sign--|bandbyprovincebankcity]
[09:52:10][|-saRs-|Array
(
    [flag] => 10000
    [msg] => 
)
|--sign--|bandbyprovincebankcity]
[10:04:47][|-ip-|192.168.10.115|--sign--|provincebybank]
[10:04:47][|-saRs-|Array
(
    [flag] => 10000
    [msg] => 
)
|--sign--|provincebybank]
[10:04:51][|-ip-|192.168.10.115|--sign--|citybyprovincebank]
[10:04:51][|-saRs-|Array
(
    [flag] => 10000
    [msg] => 
)
|--sign--|citybyprovincebank]
[10:04:52][|-ip-|192.168.10.115|--sign--|bandbyprovincebankcity]
[10:04:52][|-saRs-|Array
(
    [flag] => 10000
    [msg] => 
)
|--sign--|bandbyprovincebankcity]
[10:06:34][|-ip-|192.168.10.115|--sign--|provincebybank]
[10:06:34][|-saRs-|Array
(
    [flag] => 10000
    [msg] => 
)
|--sign--|provincebybank]
[10:06:37][|-ip-|192.168.10.115|--sign--|citybyprovincebank]
[10:06:37][|-saRs-|Array
(
    [flag] => 10000
    [msg] => 
)
|--sign--|citybyprovincebank]
[10:06:39][|-ip-|192.168.10.115|--sign--|bandbyprovincebankcity]
[10:06:39][|-saRs-|Array
(
    [flag] => 10000
    [msg] => 
)
|--sign--|bandbyprovincebankcity]
[10:06:46][|-ip-|192.168.10.115|--sign--|citybyprovincebank]
[10:06:46][|-saRs-|Array
(
    [flag] => 10000
    [msg] => 
)
|--sign--|citybyprovincebank]
[10:06:49][|-ip-|192.168.10.115|--sign--|bandbyprovincebankcity]
[10:06:49][|-saRs-|Array
(
    [flag] => 10000
    [msg] => 
)
|--sign--|bandbyprovincebankcity]
[10:28:52][|-ip-|192.168.10.85|--sign--|ajaxgetcode]
[10:28:52][|-saRs-|Array
(
    [flag] => 10000
    [msg] => 
)
|--sign--|ajaxgetcode]
[10:29:58][|-ip-|192.168.10.85|--sign--|ajaxgetcode]
[10:29:58][|-saRs-|Array
(
    [flag] => 10000
    [msg] => 
)
|--sign--|ajaxgetcode]
[10:30:08][|-ip-|192.168.10.85|--sign--|getmobilecode]
[10:30:08][|-saRs-|Array
(
    [flag] => 10000
    [msg] => 
)
|--sign--|getmobilecode]
[10:32:36][|-ip-|192.168.10.85|--sign--|ajaxbkpwdaction]
[10:32:36][|-saRs-|Array
(
    [flag] => 10000
    [msg] => 
)
|--sign--|ajaxbkpwdaction]
[11:07:34][|-ip-|192.168.10.115|--sign--|provincebybank]
[11:07:34][|-saRs-|Array
(
    [flag] => 10000
    [msg] => 
)
|--sign--|provincebybank]
[11:44:32][|-ip-|192.168.10.85|--sign--|ajaxgetcode]
[11:44:32][|-saRs-|Array
(
    [flag] => 10000
    [msg] => 
)
|--sign--|ajaxgetcode]
[11:44:45][|-ip-|192.168.10.85|--sign--|getmobilecode]
[11:44:45][|-saRs-|Array
(
    [flag] => 10000
    [msg] => 
)
|--sign--|getmobilecode]
[11:45:14][|-ip-|192.168.10.85|--sign--|ajaxbkpwdaction]
[11:45:14][|-saRs-|Array
(
    [flag] => 10000
    [msg] => 
)
|--sign--|ajaxbkpwdaction]
[11:46:12][|-ip-|192.168.10.85|--sign--|ajaxgetcode]
[11:46:12][|-saRs-|Array
(
    [flag] => 10000
    [msg] => 
)
|--sign--|ajaxgetcode]
[11:46:22][|-ip-|192.168.10.85|--sign--|getmobilecode]
[11:46:22][|-saRs-|Array
(
    [flag] => 10000
    [msg] => 
)
|--sign--|getmobilecode]
[11:49:28][|-ip-|192.168.10.85|--sign--|ajaxgetcode]
[11:49:28][|-saRs-|Array
(
    [flag] => 10000
    [msg] => 
)
|--sign--|ajaxgetcode]
[11:49:38][|-ip-|192.168.10.85|--sign--|getmobilecode]
[11:49:38][|-saRs-|Array
(
    [flag] => 10000
    [msg] => 
)
|--sign--|getmobilecode]
[11:50:02][|-ip-|192.168.10.85|--sign--|ajaxbkpwdaction]
[11:50:02][|-saRs-|Array
(
    [flag] => 10000
    [msg] => 
)
|--sign--|ajaxbkpwdaction]
[11:54:23][|-ip-|192.168.10.85|--sign--|ajaxgetcode]
[11:54:23][|-saRs-|Array
(
    [flag] => 10000
    [msg] => 
)
|--sign--|ajaxgetcode]
[11:54:40][|-ip-|192.168.10.85|--sign--|getmobilecode]
[11:54:40][|-saRs-|Array
(
    [flag] => 10000
    [msg] => 
)
|--sign--|getmobilecode]
[11:55:01][|-ip-|192.168.10.85|--sign--|ajaxbkpwdaction]
[11:55:01][|-saRs-|Array
(
    [flag] => 10000
    [msg] => 
)
|--sign--|ajaxbkpwdaction]
[13:24:36][|-ip-|192.168.10.85|--sign--|ajaxgetcode]
[13:24:36][|-saRs-|Array
(
    [flag] => 10000
    [msg] => 
)
|--sign--|ajaxgetcode]
[13:24:59][|-ip-|192.168.10.85|--sign--|getmobilecode]
[13:24:59][|-saRs-|Array
(
    [flag] => 10000
    [msg] => 
)
|--sign--|getmobilecode]
[13:25:25][|-ip-|192.168.10.85|--sign--|ajaxbkpwdaction]
[13:25:25][|-saRs-|Array
(
    [flag] => 10000
    [msg] => 
)
|--sign--|ajaxbkpwdaction]
[13:51:46][|-ip-|192.168.10.85|--sign--|ajaxgetcode]
[13:51:46][|-saRs-|Array
(
    [flag] => 10000
    [msg] => 
)
|--sign--|ajaxgetcode]
[13:51:50][|-ip-|192.168.10.85|--sign--|ajaxgetcode]
[13:51:50][|-saRs-|Array
(
    [flag] => 10000
    [msg] => 
)
|--sign--|ajaxgetcode]
[13:52:05][|-ip-|192.168.10.85|--sign--|getmobilecode]
[13:52:05][|-saRs-|Array
(
    [flag] => 10000
    [msg] => 
)
|--sign--|getmobilecode]
[13:52:27][|-ip-|192.168.10.85|--sign--|ajaxbkpwdaction]
[13:52:27][|-saRs-|Array
(
    [flag] => 10000
    [msg] => 
)
|--sign--|ajaxbkpwdaction]
[13:54:10][|-ip-|192.168.10.85|--sign--|ajaxgetcode]
[13:54:10][|-saRs-|Array
(
    [flag] => 10000
    [msg] => 
)
|--sign--|ajaxgetcode]
[13:54:18][|-ip-|192.168.10.85|--sign--|ajaxgetcode]
[13:54:18][|-saRs-|Array
(
    [flag] => 10000
    [msg] => 
)
|--sign--|ajaxgetcode]
[13:54:26][|-ip-|192.168.10.85|--sign--|getmobilecode]
[13:54:26][|-saRs-|Array
(
    [flag] => 10000
    [msg] => 
)
|--sign--|getmobilecode]
[13:54:48][|-ip-|192.168.10.85|--sign--|ajaxbkpwdaction]
[13:54:48][|-saRs-|Array
(
    [flag] => 10000
    [msg] => 
)
|--sign--|ajaxbkpwdaction]
[13:54:54][|-ip-|192.168.10.85|--sign--|ajaxbkpwdaction]
[13:54:54][|-saRs-|Array
(
    [flag] => 10000
    [msg] => 
)
|--sign--|ajaxbkpwdaction]
[13:54:56][|-ip-|192.168.10.85|--sign--|ajaxbkpwdaction]
[13:54:56][|-saRs-|Array
(
    [flag] => 10000
    [msg] => 
)
|--sign--|ajaxbkpwdaction]
[13:54:58][|-ip-|192.168.10.85|--sign--|ajaxbkpwdaction]
[13:54:58][|-saRs-|Array
(
    [flag] => 10000
    [msg] => 
)
|--sign--|ajaxbkpwdaction]
[13:55:13][|-ip-|192.168.10.85|--sign--|ajaxbkpwdaction]
[13:55:13][|-saRs-|Array
(
    [flag] => 10000
    [msg] => 
)
|--sign--|ajaxbkpwdaction]
[13:55:19][|-ip-|192.168.10.85|--sign--|ajaxgetcode]
[13:55:19][|-saRs-|Array
(
    [flag] => 10000
    [msg] => 
)
|--sign--|ajaxgetcode]
[14:07:11][|-ip-|192.168.10.85|--sign--|ajaxgetcode]
[14:07:11][|-saRs-|Array
(
    [flag] => 10000
    [msg] => 
)
|--sign--|ajaxgetcode]
[14:07:26][|-ip-|192.168.10.85|--sign--|getmobilecode]
[14:07:26][|-saRs-|Array
(
    [flag] => 10000
    [msg] => 
)
|--sign--|getmobilecode]
[14:07:46][|-ip-|192.168.10.85|--sign--|ajaxbkpwdaction]
[14:07:46][|-saRs-|Array
(
    [flag] => 10000
    [msg] => 
)
|--sign--|ajaxbkpwdaction]
[14:08:06][|-ip-|192.168.10.85|--sign--|ajaxbkpwdaction]
[14:08:06][|-saRs-|Array
(
    [flag] => 10000
    [msg] => 
)
|--sign--|ajaxbkpwdaction]
[14:08:28][|-ip-|192.168.10.85|--sign--|ajaxbkpwdaction]
[14:08:28][|-saRs-|Array
(
    [flag] => 10000
    [msg] => 
)
|--sign--|ajaxbkpwdaction]
[14:10:48][|-ip-|192.168.10.85|--sign--|ajaxbkpwdaction]
[14:10:48][|-saRs-|Array
(
    [flag] => 10000
    [msg] => 
)
|--sign--|ajaxbkpwdaction]
[14:14:13][|-ip-|192.168.10.85|--sign--|ajaxgetcode]
[14:14:13][|-saRs-|Array
(
    [flag] => 10000
    [msg] => 
)
|--sign--|ajaxgetcode]
[14:14:24][|-ip-|192.168.10.85|--sign--|getmobilecode]
[14:14:24][|-saRs-|Array
(
    [flag] => 10000
    [msg] => 
)
|--sign--|getmobilecode]
[14:14:52][|-ip-|192.168.10.85|--sign--|ajaxbkpwdaction]
[14:14:52][|-saRs-|Array
(
    [flag] => 10000
    [msg] => 
)
|--sign--|ajaxbkpwdaction]
[14:20:24][|-ip-|192.168.10.85|--sign--|ajaxgetcode]
[14:20:24][|-saRs-|Array
(
    [flag] => 10000
    [msg] => 
)
|--sign--|ajaxgetcode]
[14:20:28][|-ip-|192.168.10.85|--sign--|ajaxgetcode]
[14:20:28][|-saRs-|Array
(
    [flag] => 10000
    [msg] => 
)
|--sign--|ajaxgetcode]
[14:26:09][|-ip-|192.168.10.85|--sign--|ajaxgetcode]
[14:26:09][|-saRs-|Array
(
    [flag] => 10000
    [msg] => 
)
|--sign--|ajaxgetcode]
[14:26:19][|-ip-|192.168.10.85|--sign--|getmobilecode]
[14:26:19][|-saRs-|Array
(
    [flag] => 10000
    [msg] => 
)
|--sign--|getmobilecode]
[14:26:51][|-ip-|192.168.10.85|--sign--|ajaxbkpwdaction]
[14:26:51][|-saRs-|Array
(
    [flag] => 10000
    [msg] => 
)
|--sign--|ajaxbkpwdaction]
[14:28:52][|-ip-|192.168.10.85|--sign--|ajaxgetcode]
[14:28:52][|-saRs-|Array
(
    [flag] => 10000
    [msg] => 
)
|--sign--|ajaxgetcode]
[14:29:02][|-ip-|192.168.10.85|--sign--|ajaxgetcode]
[14:29:02][|-saRs-|Array
(
    [flag] => 10000
    [msg] => 
)
|--sign--|ajaxgetcode]
[14:29:13][|-ip-|192.168.10.85|--sign--|getmobilecode]
[14:29:13][|-saRs-|Array
(
    [flag] => 10000
    [msg] => 
)
|--sign--|getmobilecode]
[14:29:34][|-ip-|192.168.10.85|--sign--|ajaxbkpwdaction]
[14:29:34][|-saRs-|Array
(
    [flag] => 10000
    [msg] => 
)
|--sign--|ajaxbkpwdaction]
[14:35:00][|-ip-|192.168.10.85|--sign--|ajaxgetcode]
[14:35:00][|-saRs-|Array
(
    [flag] => 10000
    [msg] => 
)
|--sign--|ajaxgetcode]
[14:35:02][|-ip-|192.168.10.85|--sign--|ajaxgetcode]
[14:35:02][|-saRs-|Array
(
    [flag] => 10000
    [msg] => 
)
|--sign--|ajaxgetcode]
[14:35:36][|-ip-|192.168.10.85|--sign--|getmobilecode]
[14:35:36][|-saRs-|Array
(
    [flag] => 10000
    [msg] => 
)
|--sign--|getmobilecode]
[14:36:08][|-ip-|192.168.10.85|--sign--|ajaxbkpwdaction]
[14:36:08][|-saRs-|Array
(
    [flag] => 10000
    [msg] => 
)
|--sign--|ajaxbkpwdaction]
[14:37:43][|-ip-|192.168.10.85|--sign--|ajaxgetcode]
[14:37:43][|-saRs-|Array
(
    [flag] => 10000
    [msg] => 
)
|--sign--|ajaxgetcode]
[14:37:47][|-ip-|192.168.10.85|--sign--|ajaxgetcode]
[14:37:47][|-saRs-|Array
(
    [flag] => 10000
    [msg] => 
)
|--sign--|ajaxgetcode]
[14:37:59][|-ip-|192.168.10.85|--sign--|getmobilecode]
[14:37:59][|-saRs-|Array
(
    [flag] => 10000
    [msg] => 
)
|--sign--|getmobilecode]
[14:38:19][|-ip-|192.168.10.85|--sign--|ajaxbkpwdaction]
[14:38:19][|-saRs-|Array
(
    [flag] => 10000
    [msg] => 
)
|--sign--|ajaxbkpwdaction]
[14:38:29][|-ip-|192.168.10.85|--sign--|ajaxbkpwdaction]
[14:38:29][|-saRs-|Array
(
    [flag] => 10000
    [msg] => 
)
|--sign--|ajaxbkpwdaction]
[14:39:21][|-ip-|192.168.10.85|--sign--|ajaxbkpwdaction]
[14:39:21][|-saRs-|Array
(
    [flag] => 10000
    [msg] => 
)
|--sign--|ajaxbkpwdaction]
[14:41:04][|-ip-|192.168.10.85|--sign--|ajaxgetcode]
[14:41:04][|-saRs-|Array
(
    [flag] => 10000
    [msg] => 
)
|--sign--|ajaxgetcode]
[16:30:42][|-ip-|192.168.10.85|--sign--|ajaxgetcode]
[16:30:42][|-saRs-|Array
(
    [flag] => 10000
    [msg] => 
)
|--sign--|ajaxgetcode]
[16:35:01][|-ip-|192.168.10.85|--sign--|ajaxgetcode]
[16:35:01][|-saRs-|Array
(
    [flag] => 10000
    [msg] => 
)
|--sign--|ajaxgetcode]
[16:37:36][|-ip-|192.168.10.85|--sign--|ajaxbkpwdaction]
[16:37:36][|-saRs-|Array
(
    [flag] => 10000
    [msg] => 
)
|--sign--|ajaxbkpwdaction]
[17:04:19][|-ip-|192.168.10.85|--sign--|ajaxbkpwdaction]
[17:04:19][|-saRs-|Array
(
    [flag] => 10000
    [msg] => 
)
|--sign--|ajaxbkpwdaction]
[17:05:51][|-ip-|192.168.10.85|--sign--|ajaxbkpwdaction]
[17:05:51][|-saRs-|Array
(
    [flag] => 10000
    [msg] => 
)
|--sign--|ajaxbkpwdaction]
[17:06:38][|-ip-|192.168.10.85|--sign--|ajaxbkpwdaction]
[17:06:38][|-saRs-|Array
(
    [flag] => 10000
    [msg] => 
)
|--sign--|ajaxbkpwdaction]
[17:07:33][|-ip-|192.168.10.85|--sign--|ajaxbkpwdaction]
[17:07:33][|-saRs-|Array
(
    [flag] => 10000
    [msg] => 
)
|--sign--|ajaxbkpwdaction]
[17:08:40][|-ip-|192.168.10.85|--sign--|ajaxbkpwdaction]
[17:08:40][|-saRs-|Array
(
    [flag] => 10000
    [msg] => 
)
|--sign--|ajaxbkpwdaction]
[17:10:15][|-ip-|192.168.10.85|--sign--|ajaxbkpwdaction]
[17:10:15][|-saRs-|Array
(
    [flag] => 10000
    [msg] => 
)
|--sign--|ajaxbkpwdaction]
[17:34:04][|-ip-|192.168.10.85|--sign--|ajaxgetcode]
[17:34:04][|-saRs-|Array
(
    [flag] => 10000
    [msg] => 
)
|--sign--|ajaxgetcode]
[17:34:08][|-ip-|192.168.10.85|--sign--|ajaxgetcode]
[17:34:08][|-saRs-|Array
(
    [flag] => 10000
    [msg] => 
)
|--sign--|ajaxgetcode]
[17:34:38][|-ip-|192.168.10.85|--sign--|getmobilecode]
[17:34:38][|-saRs-|Array
(
    [flag] => 10000
    [msg] => 
)
|--sign--|getmobilecode]
[17:34:58][|-ip-|192.168.10.85|--sign--|ajaxbkpwdaction]
[17:34:58][|-saRs-|Array
(
    [flag] => 10000
    [msg] => 
)
|--sign--|ajaxbkpwdaction]
[17:35:38][|-ip-|192.168.10.85|--sign--|ajaxgetcode]
[17:35:38][|-saRs-|Array
(
    [flag] => 10000
    [msg] => 
)
|--sign--|ajaxgetcode]
[17:35:42][|-ip-|192.168.10.85|--sign--|ajaxgetcode]
[17:35:42][|-saRs-|Array
(
    [flag] => 10000
    [msg] => 
)
|--sign--|ajaxgetcode]
[17:36:22][|-ip-|192.168.10.85|--sign--|ajaxgetcode]
[17:36:22][|-saRs-|Array
(
    [flag] => 10000
    [msg] => 
)
|--sign--|ajaxgetcode]
[17:36:36][|-ip-|192.168.10.85|--sign--|getmobilecode]
[17:36:36][|-saRs-|Array
(
    [flag] => 10000
    [msg] => 
)
|--sign--|getmobilecode]
