[09:15:36][|-saRs-|Array
(
    [flag] => 10000
    [msg] => 
)
|--sign--|regbindcard]
[09:15:49][|-saRs-|Array
(
    [flag] => 10000
    [msg] => 
)
|--sign--|regbindcard]
[09:17:02][|-saRs-|Array
(
    [flag] => 10000
    [msg] => 
)
|--sign--|modreserved]
[09:17:09][|-saRs-|Array
(
    [flag] => 10000
    [msg] => 
)
|--sign--|modreserved]
[09:17:15][|-saRs-|Array
(
    [flag] => 10000
    [msg] => 
)
|--sign--|modreserved]
[09:21:32][|-saRs-|Array
(
    [flag] => 10000
    [msg] => 
)
|--sign--|personal]
[09:51:16][|-saRs-|Array
(
    [flag] => 10000
    [msg] => 
)
|--sign--|personal]
[09:51:20][|-saRs-|Array
(
    [flag] => 10000
    [msg] => 
)
|--sign--|personal]
[10:09:21][|-saRs-|Array
(
    [flag] => 10000
    [msg] => 
)
|--sign--|regbindcard]
[10:19:04][|-saRs-|Array
(
    [flag] => 10000
    [msg] => 
)
|--sign--|regbindcard]
[10:19:23][|-saRs-|Array
(
    [flag] => 10000
    [msg] => 
)
|--sign--|regbindcard]
[10:19:23][|-saRs-|Array
(
    [flag] => 10000
    [msg] => 
)
|--sign--|personal]
[10:20:00][|-saRs-|Array
(
    [flag] => 10000
    [msg] => 
)
|--sign--|regbindcard]
[10:20:16][|-saRs-|Array
(
    [flag] => 10000
    [msg] => 
)
|--sign--|regbindcard]
[10:25:24][|-saRs-|Array
(
    [flag] => 10000
    [msg] => 
)
|--sign--|regbindcard]
[10:35:09][|-saRs-|Array
(
    [flag] => 10000
    [msg] => 
)
|--sign--|regbindcard]
[10:35:40][|-saRs-|Array
(
    [flag] => 10000
    [msg] => 
)
|--sign--|personal]
[10:36:30][|-saRs-|Array
(
    [flag] => 10000
    [msg] => 
)
|--sign--|regbindcard]
[10:37:55][|-saRs-|Array
(
    [flag] => 10000
    [msg] => 
)
|--sign--|regbindcard]
[11:11:55][|-saRs-|Array
(
    [flag] => 10000
    [msg] => 
)
|--sign--|regbindcard]
[11:13:48][|-saRs-|Array
(
    [flag] => 10000
    [msg] => 
)
|--sign--|regbindcard]
[11:14:22][|-saRs-|Array
(
    [flag] => 10000
    [msg] => 
)
|--sign--|regbindcard]
[11:16:25][|-saRs-|Array
(
    [flag] => 10000
    [msg] => 
)
|--sign--|regbindcard]
[11:16:54][|-saRs-|Array
(
    [flag] => 10000
    [msg] => 
)
|--sign--|activebindcard]
[11:17:00][|-saRs-|Array
(
    [flag] => 10000
    [msg] => 
)
|--sign--|regbindcard]
[11:18:15][|-saRs-|Array
(
    [flag] => 10000
    [msg] => 
)
|--sign--|regbindcard]
[11:19:55][|-saRs-|Array
(
    [flag] => 10000
    [msg] => 
)
|--sign--|regbindcard]
[11:20:35][|-saRs-|Array
(
    [flag] => 10000
    [msg] => 
)
|--sign--|regbindcard]
[11:20:48][|-saRs-|Array
(
    [flag] => 10000
    [msg] => 
)
|--sign--|regbindcard]
[11:21:00][|-saRs-|Array
(
    [flag] => 10000
    [msg] => 
)
|--sign--|regbindcard]
[11:21:02][|-saRs-|Array
(
    [flag] => 10000
    [msg] => 
)
|--sign--|regbindcard]
[11:21:23][|-saRs-|Array
(
    [flag] => 10000
    [msg] => 
)
|--sign--|regbindcard]
[11:21:30][|-saRs-|Array
(
    [flag] => 10000
    [msg] => 
)
|--sign--|regbindcard]
[11:21:42][|-saRs-|Array
(
    [flag] => 10000
    [msg] => 
)
|--sign--|regbindcard]
[11:22:06][|-saRs-|Array
(
    [flag] => 10000
    [msg] => 
)
|--sign--|regbindcard]
[11:23:13][|-saRs-|Array
(
    [flag] => 10000
    [msg] => 
)
|--sign--|regbindcard]
[11:23:32][|-saRs-|Array
(
    [flag] => 10000
    [msg] => 
)
|--sign--|regbindcard]
[11:23:33][|-saRs-|Array
(
    [flag] => 10000
    [msg] => 
)
|--sign--|regbindcard]
[11:25:53][|-saRs-|Array
(
    [flag] => 10000
    [msg] => 
)
|--sign--|regbindcard]
[11:25:56][|-saRs-|Array
(
    [flag] => 10000
    [msg] => 
)
|--sign--|regbindcard]
[11:25:58][|-saRs-|Array
(
    [flag] => 10000
    [msg] => 
)
|--sign--|regbindcard]
[11:26:02][|-saRs-|Array
(
    [flag] => 10000
    [msg] => 
)
|--sign--|regbindcard]
[11:26:04][|-saRs-|Array
(
    [flag] => 10000
    [msg] => 
)
|--sign--|regbindcard]
[11:29:52][|-saRs-|Array
(
    [flag] => 10000
    [msg] => 
)
|--sign--|regbindcard]
[11:30:09][|-saRs-|Array
(
    [flag] => 10000
    [msg] => 
)
|--sign--|regbindcard]
[11:31:36][|-saRs-|Array
(
    [flag] => 10000
    [msg] => 
)
|--sign--|personal]
[11:32:00][|-saRs-|Array
(
    [flag] => 10000
    [msg] => 
)
|--sign--|regbindcard]
[11:32:00][|-saRs-|Array
(
    [flag] => 10000
    [msg] => 
)
|--sign--|regbindcard]
[11:32:13][|-saRs-|Array
(
    [flag] => 10000
    [msg] => 
)
|--sign--|regbindcard]
[11:33:56][|-saRs-|Array
(
    [flag] => 10000
    [msg] => 
)
|--sign--|regbindcard]
[11:34:29][|-saRs-|Array
(
    [flag] => 10000
    [msg] => 
)
|--sign--|regbindcard]
[11:35:47][|-saRs-|Array
(
    [flag] => 10000
    [msg] => 
)
|--sign--|regbindcard]
[11:35:53][|-saRs-|Array
(
    [flag] => 10000
    [msg] => 
)
|--sign--|regbindcard]
[11:35:56][|-saRs-|Array
(
    [flag] => 10000
    [msg] => 
)
|--sign--|regbindcard]
[11:36:07][|-saRs-|Array
(
    [flag] => 10000
    [msg] => 
)
|--sign--|regbindcard]
[11:36:11][|-saRs-|Array
(
    [flag] => 10000
    [msg] => 
)
|--sign--|regbindcard]
[11:36:44][|-saRs-|Array
(
    [flag] => 10000
    [msg] => 
)
|--sign--|regbindcard]
[11:36:55][|-saRs-|Array
(
    [flag] => 10000
    [msg] => 
)
|--sign--|regbindcard]
[11:37:57][|-saRs-|Array
(
    [flag] => 10000
    [msg] => 
)
|--sign--|regbindcard]
[11:40:55][|-saRs-|Array
(
    [flag] => 10000
    [msg] => 
)
|--sign--|regbindcard]
[11:44:44][|-saRs-|Array
(
    [flag] => 10000
    [msg] => 
)
|--sign--|regbindcard]
[11:49:36][|-saRs-|Array
(
    [flag] => 10000
    [msg] => 
)
|--sign--|modreserved]
[13:40:00][|-saRs-|Array
(
    [flag] => 10000
    [msg] => 
)
|--sign--|personal]
[14:06:51][|-saRs-|Array
(
    [flag] => 10000
    [msg] => 
)
|--sign--|regbindcard]
[14:07:01][|-saRs-|Array
(
    [flag] => 10000
    [msg] => 
)
|--sign--|regbindcard]
[14:07:47][|-saRs-|Array
(
    [flag] => 10000
    [msg] => 
)
|--sign--|regbindcard]
[14:08:26][|-saRs-|Array
(
    [flag] => 10000
    [msg] => 
)
|--sign--|regbindcard]
[14:11:00][|-saRs-|Array
(
    [flag] => 10000
    [msg] => 
)
|--sign--|regbindcard]
[14:11:05][|-saRs-|Array
(
    [flag] => 10000
    [msg] => 
)
|--sign--|regbindcard]
[14:11:11][|-saRs-|Array
(
    [flag] => 10000
    [msg] => 
)
|--sign--|regbindcard]
[14:11:24][|-saRs-|Array
(
    [flag] => 10000
    [msg] => 
)
|--sign--|regbindcard]
[14:11:35][|-saRs-|Array
(
    [flag] => 10000
    [msg] => 
)
|--sign--|regbindcard]
[14:11:44][|-saRs-|Array
(
    [flag] => 10000
    [msg] => 
)
|--sign--|regbindcard]
[14:12:52][|-saRs-|Array
(
    [flag] => 10000
    [msg] => 
)
|--sign--|regbindcard]
[14:13:08][|-saRs-|Array
(
    [flag] => 10000
    [msg] => 
)
|--sign--|regbindcard]
[14:13:23][|-saRs-|Array
(
    [flag] => 10000
    [msg] => 
)
|--sign--|regbindcard]
[14:13:36][|-saRs-|Array
(
    [flag] => 10000
    [msg] => 
)
|--sign--|regbindcard]
[14:14:16][|-saRs-|Array
(
    [flag] => 10000
    [msg] => 
)
|--sign--|regbindcard]
[14:14:54][|-saRs-|Array
(
    [flag] => 10000
    [msg] => 
)
|--sign--|regbindcard]
[14:14:58][|-saRs-|Array
(
    [flag] => 10000
    [msg] => 
)
|--sign--|regbindcard]
[14:15:01][|-saRs-|Array
(
    [flag] => 10000
    [msg] => 
)
|--sign--|regbindcard]
[14:15:04][|-saRs-|Array
(
    [flag] => 10000
    [msg] => 
)
|--sign--|regbindcard]
[14:15:31][|-saRs-|Array
(
    [flag] => 10000
    [msg] => 
)
|--sign--|regbindcard]
[14:15:40][|-saRs-|Array
(
    [flag] => 10000
    [msg] => 
)
|--sign--|regbindcard]
[14:15:49][|-saRs-|Array
(
    [flag] => 10000
    [msg] => 
)
|--sign--|regbindcard]
[14:16:03][|-saRs-|Array
(
    [flag] => 10000
    [msg] => 
)
|--sign--|regbindcard]
[14:16:26][|-saRs-|Array
(
    [flag] => 10000
    [msg] => 
)
|--sign--|regbindcard]
[14:19:46][|-saRs-|Array
(
    [flag] => 10000
    [msg] => 
)
|--sign--|regbindcard]
[14:20:07][|-saRs-|Array
(
    [flag] => 10000
    [msg] => 
)
|--sign--|regbindcard]
[14:21:07][|-saRs-|Array
(
    [flag] => 10000
    [msg] => 
)
|--sign--|regbindcard]
[14:22:35][|-saRs-|Array
(
    [flag] => 10000
    [msg] => 
)
|--sign--|regbindcard]
[14:26:50][|-saRs-|Array
(
    [flag] => 10000
    [msg] => 
)
|--sign--|regbindcard]
[14:29:15][|-saRs-|Array
(
    [flag] => 10000
    [msg] => 
)
|--sign--|regbindcard]
[14:31:25][|-saRs-|Array
(
    [flag] => 10000
    [msg] => 
)
|--sign--|regbindcard]
[14:35:37][|-saRs-|Array
(
    [flag] => 10000
    [msg] => 
)
|--sign--|regbindcard]
[14:37:56][|-saRs-|Array
(
    [flag] => 10000
    [msg] => 
)
|--sign--|regbindcard]
[14:38:02][|-saRs-|Array
(
    [flag] => 10000
    [msg] => 
)
|--sign--|regbindcard]
[14:38:10][|-saRs-|Array
(
    [flag] => 10000
    [msg] => 
)
|--sign--|regbindcard]
[14:38:16][|-saRs-|Array
(
    [flag] => 10000
    [msg] => 
)
|--sign--|regbindcard]
[14:38:24][|-saRs-|Array
(
    [flag] => 10000
    [msg] => 
)
|--sign--|regbindcard]
[14:45:46][|-saRs-|Array
(
    [flag] => 10000
    [msg] => 
)
|--sign--|regbindcard]
[14:46:03][|-saRs-|Array
(
    [flag] => 10000
    [msg] => 
)
|--sign--|regbindcard]
[14:46:20][|-saRs-|Array
(
    [flag] => 10000
    [msg] => 
)
|--sign--|regbindcard]
[14:50:55][|-saRs-|Array
(
    [flag] => 10000
    [msg] => 
)
|--sign--|personal]
[14:58:08][|-saRs-|Array
(
    [flag] => 10000
    [msg] => 
)
|--sign--|regbindcard]
[14:58:13][|-saRs-|Array
(
    [flag] => 10000
    [msg] => 
)
|--sign--|regbindcard]
[14:58:15][|-saRs-|Array
(
    [flag] => 10000
    [msg] => 
)
|--sign--|regbindcard]
[14:58:18][|-saRs-|Array
(
    [flag] => 10000
    [msg] => 
)
|--sign--|regbindcard]
[14:58:23][|-saRs-|Array
(
    [flag] => 10000
    [msg] => 
)
|--sign--|regbindcard]
[14:58:54][|-saRs-|Array
(
    [flag] => 10000
    [msg] => 
)
|--sign--|regbindcard]
[14:59:48][|-saRs-|Array
(
    [flag] => 10000
    [msg] => 
)
|--sign--|regbindcard]
[15:00:34][|-saRs-|Array
(
    [flag] => 10000
    [msg] => 
)
|--sign--|regbindcard]
[15:18:54][|-saRs-|Array
(
    [flag] => 10000
    [msg] => 
)
|--sign--|regbindcard]
[15:20:38][|-saRs-|Array
(
    [flag] => 10000
    [msg] => 
)
|--sign--|regbindcard]
[15:22:10][|-saRs-|Array
(
    [flag] => 10000
    [msg] => 
)
|--sign--|regbindcard]
[15:23:14][|-saRs-|Array
(
    [flag] => 10000
    [msg] => 
)
|--sign--|regbindcard]
[15:23:51][|-saRs-|Array
(
    [flag] => 10000
    [msg] => 
)
|--sign--|regbindcard]
[15:30:28][|-saRs-|Array
(
    [flag] => 10000
    [msg] => 
)
|--sign--|regbindcard]
[15:31:37][|-saRs-|Array
(
    [flag] => 10000
    [msg] => 
)
|--sign--|regbindcard]
[15:31:54][|-saRs-|Array
(
    [flag] => 10000
    [msg] => 
)
|--sign--|regbindcard]
[15:32:01][|-saRs-|Array
(
    [flag] => 10000
    [msg] => 
)
|--sign--|regbindcard]
[15:32:35][|-saRs-|Array
(
    [flag] => 10000
    [msg] => 
)
|--sign--|regbindcard]
[15:32:42][|-saRs-|Array
(
    [flag] => 10000
    [msg] => 
)
|--sign--|regbindcard]
[15:32:46][|-saRs-|Array
(
    [flag] => 10000
    [msg] => 
)
|--sign--|regbindcard]
[15:32:49][|-saRs-|Array
(
    [flag] => 10000
    [msg] => 
)
|--sign--|regbindcard]
[15:33:06][|-saRs-|Array
(
    [flag] => 10000
    [msg] => 
)
|--sign--|regbindcard]
[15:33:36][|-saRs-|Array
(
    [flag] => 10000
    [msg] => 
)
|--sign--|regbindcard]
[15:33:59][|-saRs-|Array
(
    [flag] => 10000
    [msg] => 
)
|--sign--|regbindcard]
[15:34:29][|-saRs-|Array
(
    [flag] => 10000
    [msg] => 
)
|--sign--|regbindcard]
[15:39:24][|-saRs-|Array
(
    [flag] => 10000
    [msg] => 
)
|--sign--|regbindcard]
[15:39:43][|-saRs-|Array
(
    [flag] => 10000
    [msg] => 
)
|--sign--|regbindcard]
[15:39:50][|-saRs-|Array
(
    [flag] => 10000
    [msg] => 
)
|--sign--|regbindcard]
[15:39:56][|-saRs-|Array
(
    [flag] => 10000
    [msg] => 
)
|--sign--|regbindcard]
[15:40:21][|-saRs-|Array
(
    [flag] => 10000
    [msg] => 
)
|--sign--|regbindcard]
[15:40:29][|-saRs-|Array
(
    [flag] => 10000
    [msg] => 
)
|--sign--|regbindcard]
[15:40:44][|-saRs-|Array
(
    [flag] => 10000
    [msg] => 
)
|--sign--|regbindcard]
[15:45:18][|-saRs-|Array
(
    [flag] => 10000
    [msg] => 
)
|--sign--|regbindcard]
[15:45:21][|-saRs-|Array
(
    [flag] => 10000
    [msg] => 
)
|--sign--|regbindcard]
[15:46:02][|-saRs-|Array
(
    [flag] => 10000
    [msg] => 
)
|--sign--|regbindcard]
[15:46:05][|-saRs-|Array
(
    [flag] => 10000
    [msg] => 
)
|--sign--|regbindcard]
[15:46:13][|-saRs-|Array
(
    [flag] => 10000
    [msg] => 
)
|--sign--|regbindcard]
[15:46:17][|-saRs-|Array
(
    [flag] => 10000
    [msg] => 
)
|--sign--|regbindcard]
[15:46:20][|-saRs-|Array
(
    [flag] => 10000
    [msg] => 
)
|--sign--|regbindcard]
[15:46:22][|-saRs-|Array
(
    [flag] => 10000
    [msg] => 
)
|--sign--|regbindcard]
[15:46:25][|-saRs-|Array
(
    [flag] => 10000
    [msg] => 
)
|--sign--|regbindcard]
[15:46:28][|-saRs-|Array
(
    [flag] => 10000
    [msg] => 
)
|--sign--|regbindcard]
[15:46:57][|-saRs-|Array
(
    [flag] => 10000
    [msg] => 
)
|--sign--|regbindcard]
[15:47:27][|-saRs-|Array
(
    [flag] => 10000
    [msg] => 
)
|--sign--|regbindcard]
[15:50:56][|-saRs-|Array
(
    [flag] => 10000
    [msg] => 
)
|--sign--|setmaster]
[15:58:22][|-saRs-|Array
(
    [flag] => 10000
    [msg] => 
)
|--sign--|regbindcard]
[15:58:28][|-saRs-|Array
(
    [flag] => 10000
    [msg] => 
)
|--sign--|regbindcard]
[15:58:33][|-saRs-|Array
(
    [flag] => 10000
    [msg] => 
)
|--sign--|regbindcard]
[15:59:03][|-saRs-|Array
(
    [flag] => 10000
    [msg] => 
)
|--sign--|regbindcard]
[15:59:18][|-saRs-|Array
(
    [flag] => 10000
    [msg] => 
)
|--sign--|regbindcard]
[15:59:32][|-saRs-|Array
(
    [flag] => 10000
    [msg] => 
)
|--sign--|regbindcard]
[15:59:55][|-saRs-|Array
(
    [flag] => 10000
    [msg] => 
)
|--sign--|regbindcard]
[16:00:09][|-saRs-|Array
(
    [flag] => 10000
    [msg] => 
)
|--sign--|regbindcard]
[16:00:42][|-saRs-|Array
(
    [flag] => 10000
    [msg] => 
)
|--sign--|setmaster]
[16:03:32][|-saRs-|Array
(
    [flag] => 10000
    [msg] => 
)
|--sign--|regbindcard]
[16:03:37][|-saRs-|Array
(
    [flag] => 10000
    [msg] => 
)
|--sign--|regbindcard]
[16:03:42][|-saRs-|Array
(
    [flag] => 10000
    [msg] => 
)
|--sign--|regbindcard]
[16:06:02][|-saRs-|Array
(
    [flag] => 10000
    [msg] => 
)
|--sign--|setmaster]
[16:13:10][|-saRs-|Array
(
    [flag] => 10000
    [msg] => 
)
|--sign--|regbindcard]
[16:15:34][|-saRs-|Array
(
    [flag] => 10000
    [msg] => 
)
|--sign--|regbindcard]
[16:16:12][|-saRs-|Array
(
    [flag] => 10000
    [msg] => 
)
|--sign--|activebindcard]
[16:24:42][|-saRs-|Array
(
    [flag] => 10000
    [msg] => 
)
|--sign--|riskask]
[16:25:43][|-saRs-|Array
(
    [flag] => 10000
    [msg] => 
)
|--sign--|riskask]
[16:29:27][|-saRs-|Array
(
    [flag] => 10000
    [msg] => 
)
|--sign--|personal]
[16:34:34][|-saRs-|Array
(
    [flag] => 10000
    [msg] => 
)
|--sign--|regbindcard]
[16:35:00][|-saRs-|Array
(
    [flag] => 10000
    [msg] => 
)
|--sign--|activebindcard]
[16:36:05][|-saRs-|Array
(
    [flag] => 10000
    [msg] => 
)
|--sign--|regbindcard]
[16:36:23][|-saRs-|Array
(
    [flag] => 10000
    [msg] => 
)
|--sign--|regbindcard]
[16:37:36][|-saRs-|Array
(
    [flag] => 10000
    [msg] => 
)
|--sign--|regbindcard]
[16:38:04][|-saRs-|Array
(
    [flag] => 10000
    [msg] => 
)
|--sign--|regbindcard]
[16:38:17][|-saRs-|Array
(
    [flag] => 10000
    [msg] => 
)
|--sign--|regbindcard]
[16:38:47][|-saRs-|Array
(
    [flag] => 10000
    [msg] => 
)
|--sign--|regbindcard]
[16:39:08][|-saRs-|Array
(
    [flag] => 10000
    [msg] => 
)
|--sign--|regbindcard]
[16:39:24][|-saRs-|Array
(
    [flag] => 10000
    [msg] => 
)
|--sign--|regbindcard]
[16:39:27][|-saRs-|Array
(
    [flag] => 10000
    [msg] => 
)
|--sign--|regbindcard]
[16:40:22][|-saRs-|Array
(
    [flag] => 10000
    [msg] => 
)
|--sign--|regbindcard]
[16:41:01][|-saRs-|Array
(
    [flag] => 10000
    [msg] => 
)
|--sign--|activebindcard]
[16:50:34][|-saRs-|Array
(
    [flag] => 10000
    [msg] => 
)
|--sign--|regbindcard]
[16:51:00][|-saRs-|Array
(
    [flag] => 10000
    [msg] => 
)
|--sign--|regbindcard]
[16:52:01][|-saRs-|Array
(
    [flag] => 10000
    [msg] => 
)
|--sign--|regbindcard]
[16:52:29][|-saRs-|Array
(
    [flag] => 10000
    [msg] => 
)
|--sign--|activebindcard]
[16:55:07][|-saRs-|Array
(
    [flag] => 10000
    [msg] => 
)
|--sign--|riskask]
[17:01:22][|-saRs-|Array
(
    [flag] => 10000
    [msg] => 
)
|--sign--|setmaster]
[17:10:15][|-saRs-|Array
(
    [flag] => 10000
    [msg] => 
)
|--sign--|addbindcard]
[17:10:59][|-saRs-|Array
(
    [flag] => 10000
    [msg] => 
)
|--sign--|addbindcard]
[17:11:13][|-saRs-|Array
(
    [flag] => 10000
    [msg] => 
)
|--sign--|addbindcard]
[17:11:53][|-saRs-|Array
(
    [flag] => 10000
    [msg] => 
)
|--sign--|activeaddbindcard]
[17:14:11][|-saRs-|Array
(
    [flag] => 10000
    [msg] => 
)
|--sign--|setmaster]
[17:14:19][|-saRs-|Array
(
    [flag] => 10000
    [msg] => 
)
|--sign--|setmaster]
[17:14:25][|-saRs-|Array
(
    [flag] => 10000
    [msg] => 
)
|--sign--|setmaster]
[17:14:25][|-saRs-|Array
(
    [flag] => 10000
    [msg] => 
)
|--sign--|setmaster]
[17:14:26][|-saRs-|Array
(
    [flag] => 10000
    [msg] => 
)
|--sign--|setmaster]
[17:14:26][|-saRs-|Array
(
    [flag] => 10000
    [msg] => 
)
|--sign--|setmaster]
[17:14:26][|-saRs-|Array
(
    [flag] => 10000
    [msg] => 
)
|--sign--|setmaster]
[17:14:27][|-saRs-|Array
(
    [flag] => 10000
    [msg] => 
)
|--sign--|setmaster]
[17:14:27][|-saRs-|Array
(
    [flag] => 10000
    [msg] => 
)
|--sign--|setmaster]
[17:14:29][|-saRs-|Array
(
    [flag] => 10000
    [msg] => 
)
|--sign--|setmaster]
[17:17:12][|-saRs-|Array
(
    [flag] => 10000
    [msg] => 
)
|--sign--|setmaster]
[17:18:28][|-saRs-|Array
(
    [flag] => 10000
    [msg] => 
)
|--sign--|setmaster]
[17:26:40][|-saRs-|Array
(
    [flag] => 10000
    [msg] => 
)
|--sign--|setmaster]
[17:26:48][|-saRs-|Array
(
    [flag] => 10000
    [msg] => 
)
|--sign--|setmaster]
[17:26:54][|-saRs-|Array
(
    [flag] => 10000
    [msg] => 
)
|--sign--|setmaster]
[17:26:55][|-saRs-|Array
(
    [flag] => 10000
    [msg] => 
)
|--sign--|setmaster]
[17:35:14][|-saRs-|Array
(
    [flag] => 10000
    [msg] => 
)
|--sign--|setmaster]
[17:35:16][|-saRs-|Array
(
    [flag] => 10000
    [msg] => 
)
|--sign--|setmaster]
[17:36:34][|-saRs-|Array
(
    [flag] => 10000
    [msg] => 
)
|--sign--|setmaster]
[18:48:57][|-saRs-|Array
(
    [flag] => 10000
    [msg] => 
)
|--sign--|modreserved]
[18:50:48][|-saRs-|Array
(
    [flag] => 10000
    [msg] => 
)
|--sign--|setmaster]
[18:56:59][|-saRs-|Array
(
    [flag] => 10000
    [msg] => 
)
|--sign--|personal]
[19:01:35][|-saRs-|Array
(
    [flag] => 10000
    [msg] => 
)
|--sign--|addbindcard]
[19:02:01][|-saRs-|Array
(
    [flag] => 10000
    [msg] => 
)
|--sign--|activeaddbindcard]
[19:04:19][|-saRs-|Array
(
    [flag] => 10000
    [msg] => 
)
|--sign--|unbindbank]
[19:11:31][|-saRs-|Array
(
    [flag] => 10000
    [msg] => 
)
|--sign--|modreserved]
[19:12:23][|-saRs-|Array
(
    [flag] => 10000
    [msg] => 
)
|--sign--|personal]
[19:17:41][|-saRs-|Array
(
    [flag] => 10000
    [msg] => 
)
|--sign--|setmaster]
[19:29:29][|-saRs-|Array
(
    [flag] => 10000
    [msg] => 
)
|--sign--|setmaster]
[19:30:19][|-saRs-|Array
(
    [flag] => 10000
    [msg] => 
)
|--sign--|setmaster]
[19:31:15][|-saRs-|Array
(
    [flag] => 10000
    [msg] => 
)
|--sign--|setmaster]
[19:32:35][|-saRs-|Array
(
    [flag] => 10000
    [msg] => 
)
|--sign--|setmaster]
[19:34:21][|-saRs-|Array
(
    [flag] => 10000
    [msg] => 
)
|--sign--|setmaster]
[19:35:01][|-saRs-|Array
(
    [flag] => 10000
    [msg] => 
)
|--sign--|setmaster]
[19:35:07][|-saRs-|Array
(
    [flag] => 10000
    [msg] => 
)
|--sign--|setmaster]
[19:37:15][|-saRs-|Array
(
    [flag] => 10000
    [msg] => 
)
|--sign--|setmaster]
[19:39:05][|-saRs-|Array
(
    [flag] => 10000
    [msg] => 
)
|--sign--|setmaster]
[20:15:40][|-saRs-|Array
(
    [flag] => 10000
    [msg] => 
)
|--sign--|personal]
[20:15:50][|-saRs-|Array
(
    [flag] => 10000
    [msg] => 
)
|--sign--|setmaster]
[20:15:54][|-saRs-|Array
(
    [flag] => 10000
    [msg] => 
)
|--sign--|setmaster]
[20:16:35][|-saRs-|Array
(
    [flag] => 10000
    [msg] => 
)
|--sign--|setmaster]
[20:17:47][|-saRs-|Array
(
    [flag] => 10000
    [msg] => 
)
|--sign--|setmaster]
[20:18:11][|-saRs-|Array
(
    [flag] => 10000
    [msg] => 
)
|--sign--|setmaster]
[20:20:10][|-saRs-|Array
(
    [flag] => 10000
    [msg] => 
)
|--sign--|setmaster]
[20:21:44][|-saRs-|Array
(
    [flag] => 10000
    [msg] => 
)
|--sign--|setmaster]
[20:23:04][|-saRs-|Array
(
    [flag] => 10000
    [msg] => 
)
|--sign--|setmaster]
[20:23:35][|-saRs-|Array
(
    [flag] => 10000
    [msg] => 
)
|--sign--|setmaster]
[20:23:53][|-saRs-|Array
(
    [flag] => 10000
    [msg] => 
)
|--sign--|setmaster]
[20:24:01][|-saRs-|Array
(
    [flag] => 10000
    [msg] => 
)
|--sign--|setmaster]
[20:27:06][|-saRs-|Array
(
    [flag] => 10000
    [msg] => 
)
|--sign--|setmaster]
[20:28:11][|-saRs-|Array
(
    [flag] => 10000
    [msg] => 
)
|--sign--|setmaster]
[20:28:19][|-saRs-|Array
(
    [flag] => 10000
    [msg] => 
)
|--sign--|setmaster]
[20:28:27][|-saRs-|Array
(
    [flag] => 10000
    [msg] => 
)
|--sign--|setmaster]
[22:10:28][|-saRs-|Array
(
    [flag] => 10000
    [msg] => 
)
|--sign--|setmaster]
[22:10:43][|-saRs-|Array
(
    [flag] => 10000
    [msg] => 
)
|--sign--|unbindbank]
