[10:33:25][|-saRs-|Array
(
    [flag] => 10000
    [msg] => 
)
|--sign--|setmaster]
[10:33:50][|-saRs-|Array
(
    [flag] => 10000
    [msg] => 
)
|--sign--|unbindbank]
[10:34:45][|-saRs-|Array
(
    [flag] => 10000
    [msg] => 
)
|--sign--|setmaster]
[10:34:53][|-saRs-|Array
(
    [flag] => 10000
    [msg] => 
)
|--sign--|unbindbank]
[13:42:57][|-saRs-|Array
(
    [flag] => 10000
    [msg] => 
)
|--sign--|addbindcard]
[13:43:11][|-saRs-|Array
(
    [flag] => 10000
    [msg] => 
)
|--sign--|addbindcard]
[13:43:20][|-saRs-|Array
(
    [flag] => 10000
    [msg] => 
)
|--sign--|addbindcard]
[13:43:43][|-saRs-|Array
(
    [flag] => 10000
    [msg] => 
)
|--sign--|addbindcard]
[13:43:56][|-saRs-|Array
(
    [flag] => 10000
    [msg] => 
)
|--sign--|addbindcard]
[13:50:08][|-saRs-|Array
(
    [flag] => 10000
    [msg] => 
)
|--sign--|setmaster]
[14:07:40][|-saRs-|Array
(
    [flag] => 10000
    [msg] => 
)
|--sign--|personal]
[14:21:30][|-saRs-|Array
(
    [flag] => 10000
    [msg] => 
)
|--sign--|setmaster]
[16:33:44][|-saRs-|Array
(
    [flag] => 10000
    [msg] => 
)
|--sign--|personal]
[16:33:53][|-saRs-|Array
(
    [flag] => 10000
    [msg] => 
)
|--sign--|personal]
[16:39:19][|-saRs-|Array
(
    [flag] => 10000
    [msg] => 
)
|--sign--|personal]
[16:39:28][|-saRs-|Array
(
    [flag] => 10000
    [msg] => 
)
|--sign--|personal]
[16:39:37][|-saRs-|Array
(
    [flag] => 10000
    [msg] => 
)
|--sign--|personal]
