[09:37:05][|-saRs-|Array
(
    [flag] => 10000
    [msg] => 
)
|--sign--|addbindcard]
[09:39:47][|-saRs-|Array
(
    [flag] => 10000
    [msg] => 
)
|--sign--|regbindcard]
[09:50:50][|-saRs-|Array
(
    [flag] => 10000
    [msg] => 
)
|--sign--|regbindcard]
[10:48:20][|-saRs-|Array
(
    [flag] => 10000
    [msg] => 
)
|--sign--|regbindcard]
[11:11:01][|-saRs-|Array
(
    [flag] => 10000
    [msg] => 
)
|--sign--|modreserved]
[11:29:34][|-saRs-|Array
(
    [flag] => 10000
    [msg] => 
)
|--sign--|regbindcard]
[11:29:59][|-saRs-|Array
(
    [flag] => 10000
    [msg] => 
)
|--sign--|regbindcard]
[11:56:08][|-saRs-|Array
(
    [flag] => 10000
    [msg] => 
)
|--sign--|regbindcard]
[11:56:19][|-saRs-|Array
(
    [flag] => 10000
    [msg] => 
)
|--sign--|regbindcard]
[11:56:52][|-saRs-|Array
(
    [flag] => 10000
    [msg] => 
)
|--sign--|regbindcard]
[13:19:44][|-saRs-|Array
(
    [flag] => 10000
    [msg] => 
)
|--sign--|addbindcard]
[13:23:44][|-saRs-|Array
(
    [flag] => 10000
    [msg] => 
)
|--sign--|addbindcard]
[13:24:08][|-saRs-|Array
(
    [flag] => 10000
    [msg] => 
)
|--sign--|addbindcard]
[13:24:34][|-saRs-|Array
(
    [flag] => 10000
    [msg] => 
)
|--sign--|activeaddbindcard]
[13:29:51][|-saRs-|Array
(
    [flag] => 10000
    [msg] => 
)
|--sign--|activeaddbindcard]
[13:30:03][|-saRs-|Array
(
    [flag] => 10000
    [msg] => 
)
|--sign--|addbindcard]
[13:31:08][|-saRs-|Array
(
    [flag] => 10000
    [msg] => 
)
|--sign--|addbindcard]
[14:30:03][|-saRs-|Array
(
    [flag] => 10000
    [msg] => 
)
|--sign--|addbindcard]
[14:30:14][|-saRs-|Array
(
    [flag] => 10000
    [msg] => 
)
|--sign--|activeaddbindcard]
[14:34:43][|-saRs-|Array
(
    [flag] => 10000
    [msg] => 
)
|--sign--|regbindcard]
[14:35:28][|-saRs-|Array
(
    [flag] => 10000
    [msg] => 
)
|--sign--|regbindcard]
[14:36:33][|-saRs-|Array
(
    [flag] => 10000
    [msg] => 
)
|--sign--|regbindcard]
[14:36:58][|-saRs-|Array
(
    [flag] => 10000
    [msg] => 
)
|--sign--|activebindcard]
[14:37:03][|-saRs-|Array
(
    [flag] => 10000
    [msg] => 
)
|--sign--|activebindcard]
[14:37:31][|-saRs-|Array
(
    [flag] => 10000
    [msg] => 
)
|--sign--|regbindcard]
[14:37:45][|-saRs-|Array
(
    [flag] => 10000
    [msg] => 
)
|--sign--|activebindcard]
[14:37:52][|-saRs-|Array
(
    [flag] => 10000
    [msg] => 
)
|--sign--|regbindcard]
[14:38:05][|-saRs-|Array
(
    [flag] => 10000
    [msg] => 
)
|--sign--|regbindcard]
[14:38:10][|-saRs-|Array
(
    [flag] => 10000
    [msg] => 
)
|--sign--|regbindcard]
[14:38:23][|-saRs-|Array
(
    [flag] => 10000
    [msg] => 
)
|--sign--|regbindcard]
[14:38:26][|-saRs-|Array
(
    [flag] => 10000
    [msg] => 
)
|--sign--|regbindcard]
[14:41:30][|-saRs-|Array
(
    [flag] => 10000
    [msg] => 
)
|--sign--|regbindcard]
[14:41:35][|-saRs-|Array
(
    [flag] => 10000
    [msg] => 
)
|--sign--|regbindcard]
[14:41:39][|-saRs-|Array
(
    [flag] => 10000
    [msg] => 
)
|--sign--|regbindcard]
[14:42:26][|-saRs-|Array
(
    [flag] => 10000
    [msg] => 
)
|--sign--|regbindcard]
[14:42:44][|-saRs-|Array
(
    [flag] => 10000
    [msg] => 
)
|--sign--|activebindcard]
[14:43:09][|-saRs-|Array
(
    [flag] => 10000
    [msg] => 
)
|--sign--|regbindcard]
[14:43:22][|-saRs-|Array
(
    [flag] => 10000
    [msg] => 
)
|--sign--|activebindcard]
[14:43:29][|-saRs-|Array
(
    [flag] => 10000
    [msg] => 
)
|--sign--|regbindcard]
[14:43:37][|-saRs-|Array
(
    [flag] => 10000
    [msg] => 
)
|--sign--|regbindcard]
[14:44:08][|-saRs-|Array
(
    [flag] => 10000
    [msg] => 
)
|--sign--|regbindcard]
[14:45:51][|-saRs-|Array
(
    [flag] => 10000
    [msg] => 
)
|--sign--|regbindcard]
[14:46:42][|-saRs-|Array
(
    [flag] => 10000
    [msg] => 
)
|--sign--|regbindcard]
[14:47:00][|-saRs-|Array
(
    [flag] => 10000
    [msg] => 
)
|--sign--|activebindcard]
[14:51:43][|-saRs-|Array
(
    [flag] => 10000
    [msg] => 
)
|--sign--|addbindcard]
[14:53:06][|-saRs-|Array
(
    [flag] => 10000
    [msg] => 
)
|--sign--|personal]
[14:53:07][|-saRs-|Array
(
    [flag] => 10000
    [msg] => 
)
|--sign--|activeaddbindcard]
[14:53:40][|-saRs-|Array
(
    [flag] => 10000
    [msg] => 
)
|--sign--|addbindcard]
[14:54:01][|-saRs-|Array
(
    [flag] => 10000
    [msg] => 
)
|--sign--|addbindcard]
[14:55:19][|-saRs-|Array
(
    [flag] => 10000
    [msg] => 
)
|--sign--|addbindcard]
[14:56:18][|-saRs-|Array
(
    [flag] => 10000
    [msg] => 
)
|--sign--|addbindcard]
[14:58:17][|-saRs-|Array
(
    [flag] => 10000
    [msg] => 
)
|--sign--|addbindcard]
[14:58:39][|-saRs-|Array
(
    [flag] => 10000
    [msg] => 
)
|--sign--|activeaddbindcard]
[15:00:46][|-saRs-|Array
(
    [flag] => 10000
    [msg] => 
)
|--sign--|addbindcard]
[15:03:02][|-saRs-|Array
(
    [flag] => 10000
    [msg] => 
)
|--sign--|addbindcard]
[15:03:33][|-saRs-|Array
(
    [flag] => 10000
    [msg] => 
)
|--sign--|activeaddbindcard]
[15:12:12][|-saRs-|Array
(
    [flag] => 10000
    [msg] => 
)
|--sign--|regbindcard]
[15:12:36][|-saRs-|Array
(
    [flag] => 10000
    [msg] => 
)
|--sign--|personal]
[15:12:50][|-saRs-|Array
(
    [flag] => 10000
    [msg] => 
)
|--sign--|regbindcard]
[15:13:34][|-saRs-|Array
(
    [flag] => 10000
    [msg] => 
)
|--sign--|personal]
[15:13:39][|-saRs-|Array
(
    [flag] => 10000
    [msg] => 
)
|--sign--|personal]
[15:14:07][|-saRs-|Array
(
    [flag] => 10000
    [msg] => 
)
|--sign--|personal]
[15:22:35][|-saRs-|Array
(
    [flag] => 10000
    [msg] => 
)
|--sign--|personal]
[15:23:58][|-saRs-|Array
(
    [flag] => 10000
    [msg] => 
)
|--sign--|personal]
[15:24:41][|-saRs-|Array
(
    [flag] => 10000
    [msg] => 
)
|--sign--|personal]
[15:28:23][|-saRs-|Array
(
    [flag] => 10000
    [msg] => 
)
|--sign--|personal]
[15:28:33][|-saRs-|Array
(
    [flag] => 10000
    [msg] => 
)
|--sign--|personal]
[15:28:50][|-saRs-|Array
(
    [flag] => 10000
    [msg] => 
)
|--sign--|personal]
[15:30:07][|-saRs-|Array
(
    [flag] => 10000
    [msg] => 
)
|--sign--|personal]
[15:30:17][|-saRs-|Array
(
    [flag] => 10000
    [msg] => 
)
|--sign--|personal]
[15:30:30][|-saRs-|Array
(
    [flag] => 10000
    [msg] => 
)
|--sign--|regbindcard]
[15:30:47][|-saRs-|Array
(
    [flag] => 10000
    [msg] => 
)
|--sign--|activebindcard]
[15:31:03][|-saRs-|Array
(
    [flag] => 10000
    [msg] => 
)
|--sign--|regbindcard]
[15:31:17][|-saRs-|Array
(
    [flag] => 10000
    [msg] => 
)
|--sign--|regbindcard]
[15:31:48][|-saRs-|Array
(
    [flag] => 10000
    [msg] => 
)
|--sign--|regbindcard]
[15:33:35][|-saRs-|Array
(
    [flag] => 10000
    [msg] => 
)
|--sign--|regbindcard]
[16:11:52][|-saRs-|Array
(
    [flag] => 10000
    [msg] => 
)
|--sign--|unbindbank]
[16:13:01][|-saRs-|Array
(
    [flag] => 10000
    [msg] => 
)
|--sign--|unbindbank]
[16:14:23][|-saRs-|Array
(
    [flag] => 10000
    [msg] => 
)
|--sign--|unbindbank]
[16:14:38][|-saRs-|Array
(
    [flag] => 10000
    [msg] => 
)
|--sign--|unbindbank]
[16:15:37][|-saRs-|Array
(
    [flag] => 10000
    [msg] => 
)
|--sign--|unbindbank]
[16:17:24][|-saRs-|Array
(
    [flag] => 10000
    [msg] => 
)
|--sign--|unbindbank]
[16:30:11][|-saRs-|Array
(
    [flag] => 10000
    [msg] => 
)
|--sign--|personal]
[16:30:21][|-saRs-|Array
(
    [flag] => 10000
    [msg] => 
)
|--sign--|personal]
[16:31:01][|-saRs-|Array
(
    [flag] => 10000
    [msg] => 
)
|--sign--|personal]
[16:31:07][|-saRs-|Array
(
    [flag] => 10000
    [msg] => 
)
|--sign--|personal]
[16:33:45][|-saRs-|Array
(
    [flag] => 10000
    [msg] => 
)
|--sign--|personal]
[16:33:53][|-saRs-|Array
(
    [flag] => 10000
    [msg] => 
)
|--sign--|personal]
[16:34:10][|-saRs-|Array
(
    [flag] => 10000
    [msg] => 
)
|--sign--|personal]
[16:35:41][|-saRs-|Array
(
    [flag] => 10000
    [msg] => 
)
|--sign--|personal]
[16:35:56][|-saRs-|Array
(
    [flag] => 10000
    [msg] => 
)
|--sign--|personal]
[16:36:38][|-saRs-|Array
(
    [flag] => 10000
    [msg] => 
)
|--sign--|personal]
[16:37:06][|-saRs-|Array
(
    [flag] => 10000
    [msg] => 
)
|--sign--|personal]
[16:37:15][|-saRs-|Array
(
    [flag] => 10000
    [msg] => 
)
|--sign--|personal]
[16:38:17][|-saRs-|Array
(
    [flag] => 10000
    [msg] => 
)
|--sign--|personal]
[16:38:39][|-saRs-|Array
(
    [flag] => 10000
    [msg] => 
)
|--sign--|personal]
[16:39:27][|-saRs-|Array
(
    [flag] => 10000
    [msg] => 
)
|--sign--|personal]
[16:39:57][|-saRs-|Array
(
    [flag] => 10000
    [msg] => 
)
|--sign--|personal]
[16:41:41][|-saRs-|Array
(
    [flag] => 10000
    [msg] => 
)
|--sign--|personal]
[17:03:34][|-saRs-|Array
(
    [flag] => 10000
    [msg] => 
)
|--sign--|personal]
[17:03:41][|-saRs-|Array
(
    [flag] => 10000
    [msg] => 
)
|--sign--|personal]
[17:03:54][|-saRs-|Array
(
    [flag] => 10000
    [msg] => 
)
|--sign--|personal]
[17:04:18][|-saRs-|Array
(
    [flag] => 10000
    [msg] => 
)
|--sign--|personal]
[17:11:16][|-saRs-|Array
(
    [flag] => 10000
    [msg] => 
)
|--sign--|personal]
[17:17:38][|-saRs-|Array
(
    [flag] => 10000
    [msg] => 
)
|--sign--|personal]
[17:24:29][|-saRs-|Array
(
    [flag] => 10000
    [msg] => 
)
|--sign--|personal]
[17:27:15][|-saRs-|Array
(
    [flag] => 10000
    [msg] => 
)
|--sign--|personal]
[17:30:35][|-saRs-|Array
(
    [flag] => 10000
    [msg] => 
)
|--sign--|regbindcard]
