[10:29:21][|-saRs-|Array
(
    [flag] => 10000
    [msg] => 
)
|--sign--|addbindcard]
[10:29:26][|-saRs-|Array
(
    [flag] => 10000
    [msg] => 
)
|--sign--|addbindcard]
[10:36:23][|-saRs-|Array
(
    [flag] => 10000
    [msg] => 
)
|--sign--|addbindcard]
[10:36:42][|-saRs-|Array
(
    [flag] => 10000
    [msg] => 
)
|--sign--|addbindcard]
[10:39:06][|-saRs-|Array
(
    [flag] => 10000
    [msg] => 
)
|--sign--|addbindcard]
[10:41:47][|-saRs-|Array
(
    [flag] => 10000
    [msg] => 
)
|--sign--|addbindcard]
[10:41:52][|-saRs-|Array
(
    [flag] => 10000
    [msg] => 
)
|--sign--|addbindcard]
[10:42:32][|-saRs-|Array
(
    [flag] => 10000
    [msg] => 
)
|--sign--|addbindcard]
[10:43:47][|-saRs-|Array
(
    [flag] => 10000
    [msg] => 
)
|--sign--|addbindcard]
[10:50:46][|-saRs-|Array
(
    [flag] => 10000
    [msg] => 
)
|--sign--|addbindcard]
[10:51:41][|-saRs-|Array
(
    [flag] => 10000
    [msg] => 
)
|--sign--|addbindcard]
[10:52:07][|-saRs-|Array
(
    [flag] => 10000
    [msg] => 
)
|--sign--|addbindcard]
[10:52:34][|-saRs-|Array
(
    [flag] => 10000
    [msg] => 
)
|--sign--|addbindcard]
[10:55:34][|-saRs-|Array
(
    [flag] => 10000
    [msg] => 
)
|--sign--|personal]
[10:55:42][|-saRs-|Array
(
    [flag] => 10000
    [msg] => 
)
|--sign--|personal]
[10:56:39][|-saRs-|Array
(
    [flag] => 10000
    [msg] => 
)
|--sign--|personal]
[10:57:17][|-saRs-|Array
(
    [flag] => 10000
    [msg] => 
)
|--sign--|addbindcard]
[10:57:30][|-saRs-|Array
(
    [flag] => 10000
    [msg] => 
)
|--sign--|activeaddbindcard]
[10:59:07][|-saRs-|Array
(
    [flag] => 10000
    [msg] => 
)
|--sign--|addbindcard]
[10:59:34][|-saRs-|Array
(
    [flag] => 10000
    [msg] => 
)
|--sign--|addbindcard]
[11:00:03][|-saRs-|Array
(
    [flag] => 10000
    [msg] => 
)
|--sign--|addbindcard]
[11:00:05][|-saRs-|Array
(
    [flag] => 10000
    [msg] => 
)
|--sign--|personal]
[11:02:31][|-saRs-|Array
(
    [flag] => 10000
    [msg] => 
)
|--sign--|addbindcard]
[11:02:35][|-saRs-|Array
(
    [flag] => 10000
    [msg] => 
)
|--sign--|addbindcard]
[11:10:50][|-saRs-|Array
(
    [flag] => 10000
    [msg] => 
)
|--sign--|addbindcard]
[11:11:17][|-saRs-|Array
(
    [flag] => 10000
    [msg] => 
)
|--sign--|addbindcard]
[11:12:13][|-saRs-|Array
(
    [flag] => 10000
    [msg] => 
)
|--sign--|addbindcard]
[11:12:17][|-saRs-|Array
(
    [flag] => 10000
    [msg] => 
)
|--sign--|addbindcard]
[11:12:24][|-saRs-|Array
(
    [flag] => 10000
    [msg] => 
)
|--sign--|addbindcard]
[11:12:51][|-saRs-|Array
(
    [flag] => 10000
    [msg] => 
)
|--sign--|addbindcard]
[11:17:02][|-saRs-|Array
(
    [flag] => 10000
    [msg] => 
)
|--sign--|addbindcard]
[11:17:23][|-saRs-|Array
(
    [flag] => 10000
    [msg] => 
)
|--sign--|addbindcard]
[11:20:27][|-saRs-|Array
(
    [flag] => 10000
    [msg] => 
)
|--sign--|addbindcard]
[11:22:14][|-saRs-|Array
(
    [flag] => 10000
    [msg] => 
)
|--sign--|addbindcard]
[11:23:43][|-saRs-|Array
(
    [flag] => 10000
    [msg] => 
)
|--sign--|addbindcard]
[11:23:49][|-saRs-|Array
(
    [flag] => 10000
    [msg] => 
)
|--sign--|addbindcard]
[11:23:55][|-saRs-|Array
(
    [flag] => 10000
    [msg] => 
)
|--sign--|addbindcard]
[11:24:06][|-saRs-|Array
(
    [flag] => 10000
    [msg] => 
)
|--sign--|addbindcard]
[11:24:30][|-saRs-|Array
(
    [flag] => 10000
    [msg] => 
)
|--sign--|addbindcard]
[11:24:47][|-saRs-|Array
(
    [flag] => 10000
    [msg] => 
)
|--sign--|addbindcard]
[11:28:55][|-saRs-|Array
(
    [flag] => 10000
    [msg] => 
)
|--sign--|addbindcard]
[11:33:41][|-saRs-|Array
(
    [flag] => 10000
    [msg] => 
)
|--sign--|addbindcard]
[11:34:41][|-saRs-|Array
(
    [flag] => 10000
    [msg] => 
)
|--sign--|addbindcard]
[11:35:11][|-saRs-|Array
(
    [flag] => 10000
    [msg] => 
)
|--sign--|addbindcard]
[11:36:13][|-saRs-|Array
(
    [flag] => 10000
    [msg] => 
)
|--sign--|addbindcard]
[11:37:43][|-saRs-|Array
(
    [flag] => 10000
    [msg] => 
)
|--sign--|addbindcard]
[11:38:30][|-saRs-|Array
(
    [flag] => 10000
    [msg] => 
)
|--sign--|activeaddbindcard]
[11:38:34][|-saRs-|Array
(
    [flag] => 10000
    [msg] => 
)
|--sign--|activeaddbindcard]
[11:38:35][|-saRs-|Array
(
    [flag] => 10000
    [msg] => 
)
|--sign--|activeaddbindcard]
[11:38:36][|-saRs-|Array
(
    [flag] => 10000
    [msg] => 
)
|--sign--|activeaddbindcard]
[11:42:04][|-saRs-|Array
(
    [flag] => 10000
    [msg] => 
)
|--sign--|activeaddbindcard]
[11:42:05][|-saRs-|Array
(
    [flag] => 10000
    [msg] => 
)
|--sign--|activeaddbindcard]
[11:56:03][|-saRs-|Array
(
    [flag] => 10000
    [msg] => 
)
|--sign--|activeaddbindcard]
[12:01:01][|-saRs-|Array
(
    [flag] => 10000
    [msg] => 
)
|--sign--|addbindcard]
[12:01:30][|-saRs-|Array
(
    [flag] => 10000
    [msg] => 
)
|--sign--|activeaddbindcard]
[12:01:41][|-saRs-|Array
(
    [flag] => 10000
    [msg] => 
)
|--sign--|activeaddbindcard]
[12:01:49][|-saRs-|Array
(
    [flag] => 10000
    [msg] => 
)
|--sign--|activeaddbindcard]
[12:02:34][|-saRs-|Array
(
    [flag] => 10000
    [msg] => 
)
|--sign--|addbindcard]
[12:03:01][|-saRs-|Array
(
    [flag] => 10000
    [msg] => 
)
|--sign--|activeaddbindcard]
[13:27:46][|-saRs-|Array
(
    [flag] => 10000
    [msg] => 
)
|--sign--|addbindcard]
[13:27:54][|-saRs-|Array
(
    [flag] => 10000
    [msg] => 
)
|--sign--|addbindcard]
[13:28:26][|-saRs-|Array
(
    [flag] => 10000
    [msg] => 
)
|--sign--|addbindcard]
[13:31:33][|-saRs-|Array
(
    [flag] => 10000
    [msg] => 
)
|--sign--|addbindcard]
[13:32:45][|-saRs-|Array
(
    [flag] => 10000
    [msg] => 
)
|--sign--|addbindcard]
[13:33:02][|-saRs-|Array
(
    [flag] => 10000
    [msg] => 
)
|--sign--|activeaddbindcard]
[13:33:50][|-saRs-|Array
(
    [flag] => 10000
    [msg] => 
)
|--sign--|addbindcard]
[13:34:03][|-saRs-|Array
(
    [flag] => 10000
    [msg] => 
)
|--sign--|activeaddbindcard]
[13:36:30][|-saRs-|Array
(
    [flag] => 10000
    [msg] => 
)
|--sign--|activeaddbindcard]
[13:36:35][|-saRs-|Array
(
    [flag] => 10000
    [msg] => 
)
|--sign--|addbindcard]
[13:36:49][|-saRs-|Array
(
    [flag] => 10000
    [msg] => 
)
|--sign--|activeaddbindcard]
[13:38:04][|-saRs-|Array
(
    [flag] => 10000
    [msg] => 
)
|--sign--|unbindbank]
[13:53:17][|-saRs-|Array
(
    [flag] => 10000
    [msg] => 
)
|--sign--|regbindcard]
[13:53:28][|-saRs-|Array
(
    [flag] => 10000
    [msg] => 
)
|--sign--|regbindcard]
[13:55:15][|-saRs-|Array
(
    [flag] => 10000
    [msg] => 
)
|--sign--|regbindcard]
[13:57:49][|-saRs-|Array
(
    [flag] => 10000
    [msg] => 
)
|--sign--|addbindcard]
[13:58:13][|-saRs-|Array
(
    [flag] => 10000
    [msg] => 
)
|--sign--|addbindcard]
[13:59:21][|-saRs-|Array
(
    [flag] => 10000
    [msg] => 
)
|--sign--|addbindcard]
[13:59:25][|-saRs-|Array
(
    [flag] => 10000
    [msg] => 
)
|--sign--|addbindcard]
[14:02:05][|-saRs-|Array
(
    [flag] => 10000
    [msg] => 
)
|--sign--|regbindcard]
[14:05:49][|-saRs-|Array
(
    [flag] => 10000
    [msg] => 
)
|--sign--|regbindcard]
[14:11:05][|-saRs-|Array
(
    [flag] => 10000
    [msg] => 
)
|--sign--|regbindcard]
[14:12:20][|-saRs-|Array
(
    [flag] => 10000
    [msg] => 
)
|--sign--|regbindcard]
[14:12:49][|-saRs-|Array
(
    [flag] => 10000
    [msg] => 
)
|--sign--|regbindcard]
[14:12:59][|-saRs-|Array
(
    [flag] => 10000
    [msg] => 
)
|--sign--|activebindcard]
[14:13:10][|-saRs-|Array
(
    [flag] => 10000
    [msg] => 
)
|--sign--|activebindcard]
[14:16:20][|-saRs-|Array
(
    [flag] => 10000
    [msg] => 
)
|--sign--|addbindcard]
[14:17:43][|-saRs-|Array
(
    [flag] => 10000
    [msg] => 
)
|--sign--|addbindcard]
[14:19:04][|-saRs-|Array
(
    [flag] => 10000
    [msg] => 
)
|--sign--|addbindcard]
[14:20:21][|-saRs-|Array
(
    [flag] => 10000
    [msg] => 
)
|--sign--|addbindcard]
[14:21:47][|-saRs-|Array
(
    [flag] => 10000
    [msg] => 
)
|--sign--|addbindcard]
[14:26:19][|-saRs-|Array
(
    [flag] => 10000
    [msg] => 
)
|--sign--|addbindcard]
[14:27:36][|-saRs-|Array
(
    [flag] => 10000
    [msg] => 
)
|--sign--|addbindcard]
[14:28:06][|-saRs-|Array
(
    [flag] => 10000
    [msg] => 
)
|--sign--|activeaddbindcard]
[14:28:13][|-saRs-|Array
(
    [flag] => 10000
    [msg] => 
)
|--sign--|addbindcard]
[14:30:19][|-saRs-|Array
(
    [flag] => 10000
    [msg] => 
)
|--sign--|addbindcard]
[14:30:38][|-saRs-|Array
(
    [flag] => 10000
    [msg] => 
)
|--sign--|activeaddbindcard]
[14:36:29][|-saRs-|Array
(
    [flag] => 10000
    [msg] => 
)
|--sign--|activeaddbindcard]
[14:48:00][|-saRs-|Array
(
    [flag] => 10000
    [msg] => 
)
|--sign--|addbindcard]
[14:48:07][|-saRs-|Array
(
    [flag] => 10000
    [msg] => 
)
|--sign--|addbindcard]
[14:48:11][|-saRs-|Array
(
    [flag] => 10000
    [msg] => 
)
|--sign--|addbindcard]
[14:48:16][|-saRs-|Array
(
    [flag] => 10000
    [msg] => 
)
|--sign--|addbindcard]
[14:50:33][|-saRs-|Array
(
    [flag] => 10000
    [msg] => 
)
|--sign--|setmaster]
[14:51:06][|-saRs-|Array
(
    [flag] => 10000
    [msg] => 
)
|--sign--|personal]
[14:57:54][|-saRs-|Array
(
    [flag] => 10000
    [msg] => 
)
|--sign--|personal]
[15:06:38][|-saRs-|Array
(
    [flag] => 10000
    [msg] => 
)
|--sign--|personal]
[15:20:06][|-saRs-|Array
(
    [flag] => 10000
    [msg] => 
)
|--sign--|riskask]
[15:20:52][|-saRs-|Array
(
    [flag] => 10000
    [msg] => 
)
|--sign--|riskask]
[15:46:27][|-saRs-|Array
(
    [flag] => 10000
    [msg] => 
)
|--sign--|unbindbank]
[15:46:40][|-saRs-|Array
(
    [flag] => 10000
    [msg] => 
)
|--sign--|unbindbank]
[15:46:44][|-saRs-|Array
(
    [flag] => 10000
    [msg] => 
)
|--sign--|unbindbank]
[15:46:51][|-saRs-|Array
(
    [flag] => 10000
    [msg] => 
)
|--sign--|unbindbank]
[16:01:05][|-saRs-|Array
(
    [flag] => 10000
    [msg] => 
)
|--sign--|addbindcard]
[16:01:39][|-saRs-|Array
(
    [flag] => 10000
    [msg] => 
)
|--sign--|addbindcard]
[16:01:46][|-saRs-|Array
(
    [flag] => 10000
    [msg] => 
)
|--sign--|addbindcard]
[16:01:51][|-saRs-|Array
(
    [flag] => 10000
    [msg] => 
)
|--sign--|addbindcard]
[16:01:58][|-saRs-|Array
(
    [flag] => 10000
    [msg] => 
)
|--sign--|addbindcard]
[16:03:02][|-saRs-|Array
(
    [flag] => 10000
    [msg] => 
)
|--sign--|addbindcard]
[16:06:42][|-saRs-|Array
(
    [flag] => 10000
    [msg] => 
)
|--sign--|addbindcard]
[16:06:55][|-saRs-|Array
(
    [flag] => 10000
    [msg] => 
)
|--sign--|activeaddbindcard]
[16:09:56][|-saRs-|Array
(
    [flag] => 10000
    [msg] => 
)
|--sign--|unbindbank]
[16:10:01][|-saRs-|Array
(
    [flag] => 10000
    [msg] => 
)
|--sign--|addbindcard]
[16:10:06][|-saRs-|Array
(
    [flag] => 10000
    [msg] => 
)
|--sign--|unbindbank]
[16:10:35][|-saRs-|Array
(
    [flag] => 10000
    [msg] => 
)
|--sign--|unbindbank]
[16:11:42][|-saRs-|Array
(
    [flag] => 10000
    [msg] => 
)
|--sign--|riskask]
[16:12:10][|-saRs-|Array
(
    [flag] => 10000
    [msg] => 
)
|--sign--|addbindcard]
[16:12:23][|-saRs-|Array
(
    [flag] => 10000
    [msg] => 
)
|--sign--|addbindcard]
[16:12:28][|-saRs-|Array
(
    [flag] => 10000
    [msg] => 
)
|--sign--|addbindcard]
[16:12:31][|-saRs-|Array
(
    [flag] => 10000
    [msg] => 
)
|--sign--|addbindcard]
[16:12:36][|-saRs-|Array
(
    [flag] => 10000
    [msg] => 
)
|--sign--|addbindcard]
[16:13:03][|-saRs-|Array
(
    [flag] => 10000
    [msg] => 
)
|--sign--|addbindcard]
[16:13:16][|-saRs-|Array
(
    [flag] => 10000
    [msg] => 
)
|--sign--|activeaddbindcard]
[16:13:44][|-saRs-|Array
(
    [flag] => 10000
    [msg] => 
)
|--sign--|unbindbank]
[16:14:02][|-saRs-|Array
(
    [flag] => 10000
    [msg] => 
)
|--sign--|unbindbank]
[16:14:37][|-saRs-|Array
(
    [flag] => 10000
    [msg] => 
)
|--sign--|unbindbank]
[16:15:01][|-saRs-|Array
(
    [flag] => 10000
    [msg] => 
)
|--sign--|setmaster]
[16:15:23][|-saRs-|Array
(
    [flag] => 10000
    [msg] => 
)
|--sign--|unbindbank]
[16:17:04][|-saRs-|Array
(
    [flag] => 10000
    [msg] => 
)
|--sign--|setmaster]
[16:17:19][|-saRs-|Array
(
    [flag] => 10000
    [msg] => 
)
|--sign--|setmaster]
[16:18:30][|-saRs-|Array
(
    [flag] => 10000
    [msg] => 
)
|--sign--|setmaster]
[16:18:41][|-saRs-|Array
(
    [flag] => 10000
    [msg] => 
)
|--sign--|setmaster]
[16:22:13][|-saRs-|Array
(
    [flag] => 10000
    [msg] => 
)
|--sign--|setmaster]
[16:22:37][|-saRs-|Array
(
    [flag] => 10000
    [msg] => 
)
|--sign--|setmaster]
[16:23:44][|-saRs-|Array
(
    [flag] => 10000
    [msg] => 
)
|--sign--|setmaster]
[16:24:10][|-saRs-|Array
(
    [flag] => 10000
    [msg] => 
)
|--sign--|setmaster]
[16:31:01][|-saRs-|Array
(
    [flag] => 10000
    [msg] => 
)
|--sign--|personal]
[16:31:02][|-saRs-|Array
(
    [flag] => 10000
    [msg] => 
)
|--sign--|personal]
[16:31:30][|-saRs-|Array
(
    [flag] => 10000
    [msg] => 
)
|--sign--|personal]
[16:59:54][|-saRs-|Array
(
    [flag] => 10000
    [msg] => 
)
|--sign--|riskask]
