[14:18:20][|-saRs-|Array
(
    [flag] => 10000
    [msg] => 
)
|--sign--|personal]
[14:18:48][|-saRs-|Array
(
    [flag] => 10000
    [msg] => 
)
|--sign--|personal]
[14:20:44][|-saRs-|Array
(
    [flag] => 10000
    [msg] => 
)
|--sign--|personal]
[14:39:13][|-saRs-|Array
(
    [flag] => 10000
    [msg] => 
)
|--sign--|regbindcard]
[14:40:59][|-saRs-|Array
(
    [flag] => 10000
    [msg] => 
)
|--sign--|regbindcard]
[14:43:22][|-saRs-|Array
(
    [flag] => 10000
    [msg] => 
)
|--sign--|regbindcard]
