[10:24:12][|-saRs-|Array
(
    [flag] => 10000
    [msg] => 
)
|--sign--|regbindcard]
[16:31:37][|-saRs-|Array
(
    [flag] => 10000
    [msg] => 
)
|--sign--|regbindcard]
[16:33:20][|-saRs-|Array
(
    [flag] => 10000
    [msg] => 
)
|--sign--|regbindcard]
[16:34:13][|-saRs-|Array
(
    [flag] => 10000
    [msg] => 
)
|--sign--|regbindcard]
[16:44:24][|-saRs-|Array
(
    [flag] => 10000
    [msg] => 
)
|--sign--|regbindcard]
[16:45:09][|-saRs-|Array
(
    [flag] => 10000
    [msg] => 
)
|--sign--|regbindcard]
[16:46:38][|-saRs-|Array
(
    [flag] => 10000
    [msg] => 
)
|--sign--|regbindcard]
[16:47:05][|-saRs-|Array
(
    [flag] => 10000
    [msg] => 
)
|--sign--|regbindcard]
[16:53:59][|-saRs-|Array
(
    [flag] => 10000
    [msg] => 
)
|--sign--|regbindcard]
[16:54:03][|-saRs-|Array
(
    [flag] => 10000
    [msg] => 
)
|--sign--|regbindcard]
[16:57:39][|-saRs-|Array
(
    [flag] => 10000
    [msg] => 
)
|--sign--|regbindcard]
[16:57:43][|-saRs-|Array
(
    [flag] => 10000
    [msg] => 
)
|--sign--|activebindcard]
[16:58:52][|-saRs-|Array
(
    [flag] => 10000
    [msg] => 
)
|--sign--|activebindcard]
[17:01:19][|-saRs-|Array
(
    [flag] => 10000
    [msg] => 
)
|--sign--|activebindcard]
[17:02:34][|-saRs-|Array
(
    [flag] => 10000
    [msg] => 
)
|--sign--|activebindcard]
[17:04:54][|-saRs-|Array
(
    [flag] => 10000
    [msg] => 
)
|--sign--|activebindcard]
[17:05:04][|-saRs-|Array
(
    [flag] => 10000
    [msg] => 
)
|--sign--|regbindcard]
[17:05:41][|-saRs-|Array
(
    [flag] => 10000
    [msg] => 
)
|--sign--|activebindcard]
[17:09:16][|-saRs-|Array
(
    [flag] => 10000
    [msg] => 
)
|--sign--|activebindcard]
[17:09:24][|-saRs-|Array
(
    [flag] => 10000
    [msg] => 
)
|--sign--|regbindcard]
[17:09:37][|-saRs-|Array
(
    [flag] => 10000
    [msg] => 
)
|--sign--|activebindcard]
[17:12:30][|-saRs-|Array
(
    [flag] => 10000
    [msg] => 
)
|--sign--|activebindcard]
[17:13:08][|-saRs-|Array
(
    [flag] => 10000
    [msg] => 
)
|--sign--|regbindcard]
[17:13:27][|-saRs-|Array
(
    [flag] => 10000
    [msg] => 
)
|--sign--|activebindcard]
[17:16:00][|-saRs-|Array
(
    [flag] => 10000
    [msg] => 
)
|--sign--|regbindcard]
[17:16:16][|-saRs-|Array
(
    [flag] => 10000
    [msg] => 
)
|--sign--|activebindcard]
[17:42:00][|-saRs-|Array
(
    [flag] => 10000
    [msg] => 
)
|--sign--|regbindcard]
[17:42:14][|-saRs-|Array
(
    [flag] => 10000
    [msg] => 
)
|--sign--|activebindcard]
