[08:41:20][|-x-|https://sitapi.hscloud.cn/cwsale/v1/maintransaccount_mod_acct
<br/><form method="post" action="https://sitapi.hscloud.cn/cwsale/v1/maintransaccount_mod_acct">
<br/>targetcomp_id:<input type="text" value="91000" name="targetcomp_id"/>
<br/>sendercomp_id:<input type="text" value="91000" name="sendercomp_id"/>
<br/>access_token:<input type="text" value="70E9C8095E904B3296F571620051A3862017021608270515315614" name="access_token"/>
<br/>trust_way:<input type="text" value="2" name="trust_way"/>
<br/>trade_acco:<input type="text" value="1200" name="trade_acco"/>
<br/>ta_acco:<input type="text" value="B01000010055" name="ta_acco"/>
<br/>password:<input type="text" value="e87704c1b3fbd8f432cfc536c744dd71" name="password"/>
<br/>origin_tradeacco:<input type="text" value="1197" name="origin_tradeacco"/>
<br/><input type="submit" value="ok">
</form>]
[08:41:20][|-string-|targetcomp_id=91000&sendercomp_id=91000&access_token=70E9C8095E904B3296F571620051A3862017021608270515315614&trust_way=2&trade_acco=1200&ta_acco=B01000010055&password=e87704c1b3fbd8f432cfc536c744dd71&origin_tradeacco=1197]
[08:41:20][|-Url-|https://sitapi.hscloud.cn/cwsale/v1/maintransaccount_mod_acct
|-aParam-|Array
(
    [targetcomp_id] => 91000
    [sendercomp_id] => 91000
    [access_token] => 70E9C8095E904B3296F571620051A3862017021608270515315614
    [trust_way] => 2
    [trade_acco] => 1200
    [ta_acco] => B01000010055
    [password] => e87704c1b3fbd8f432cfc536c744dd71
    [origin_tradeacco] => 1197
)
|-cRs-|Array
(
    [data] => {"data":[{"success_type":"0","origin_tradeacco":"1197","error_code":"","error_info":""}]}
    [code] => 200
)
]
[09:56:13][|-x-|https://sitapi.hscloud.cn/cwsale/v1/transaccount_close_acct
<br/><form method="post" action="https://sitapi.hscloud.cn/cwsale/v1/transaccount_close_acct">
<br/>targetcomp_id:<input type="text" value="91000" name="targetcomp_id"/>
<br/>sendercomp_id:<input type="text" value="91000" name="sendercomp_id"/>
<br/>access_token:<input type="text" value="70E9C8095E904B3296F571620051A3862017021608270515315614" name="access_token"/>
<br/>trust_way:<input type="text" value="2" name="trust_way"/>
<br/>trade_acco:<input type="text" value="1201" name="trade_acco"/>
<br/>password:<input type="text" value="e87704c1b3fbd8f432cfc536c744dd71" name="password"/>
<br/><input type="submit" value="ok">
</form>]
[09:56:13][|-string-|targetcomp_id=91000&sendercomp_id=91000&access_token=70E9C8095E904B3296F571620051A3862017021608270515315614&trust_way=2&trade_acco=1201&password=e87704c1b3fbd8f432cfc536c744dd71]
[09:56:13][|-Url-|https://sitapi.hscloud.cn/cwsale/v1/transaccount_close_acct
|-aParam-|Array
(
    [targetcomp_id] => 91000
    [sendercomp_id] => 91000
    [access_token] => 70E9C8095E904B3296F571620051A3862017021608270515315614
    [trust_way] => 2
    [trade_acco] => 1201
    [password] => e87704c1b3fbd8f432cfc536c744dd71
)
|-cRs-|Array
(
    [data] => {"data":[{"allot_no":"","success_type":"2","error_code":"2034","error_info":"[1201]有在途交易，不能销户"}]}
    [code] => 200
)
]
[09:57:06][|-x-|https://sitapi.hscloud.cn/cwsale/v1/transaccount_close_acct
<br/><form method="post" action="https://sitapi.hscloud.cn/cwsale/v1/transaccount_close_acct">
<br/>targetcomp_id:<input type="text" value="91000" name="targetcomp_id"/>
<br/>sendercomp_id:<input type="text" value="91000" name="sendercomp_id"/>
<br/>access_token:<input type="text" value="70E9C8095E904B3296F571620051A3862017021608270515315614" name="access_token"/>
<br/>trust_way:<input type="text" value="2" name="trust_way"/>
<br/>trade_acco:<input type="text" value="1197" name="trade_acco"/>
<br/>password:<input type="text" value="e87704c1b3fbd8f432cfc536c744dd71" name="password"/>
<br/><input type="submit" value="ok">
</form>]
[09:57:07][|-string-|targetcomp_id=91000&sendercomp_id=91000&access_token=70E9C8095E904B3296F571620051A3862017021608270515315614&trust_way=2&trade_acco=1197&password=e87704c1b3fbd8f432cfc536c744dd71]
[09:57:07][|-Url-|https://sitapi.hscloud.cn/cwsale/v1/transaccount_close_acct
|-aParam-|Array
(
    [targetcomp_id] => 91000
    [sendercomp_id] => 91000
    [access_token] => 70E9C8095E904B3296F571620051A3862017021608270515315614
    [trust_way] => 2
    [trade_acco] => 1197
    [password] => e87704c1b3fbd8f432cfc536c744dd71
)
|-cRs-|Array
(
    [data] => {"data":[{"allot_no":"","success_type":"2","error_code":"2034","error_info":"[1197]有在途交易，不能销户"}]}
    [code] => 200
)
]
[09:58:37][|-x-|https://sitapi.hscloud.cn/cwpay/v1/pay_sign_contract_sms
<br/><form method="post" action="https://sitapi.hscloud.cn/cwpay/v1/pay_sign_contract_sms">
<br/>targetcomp_id:<input type="text" value="91000" name="targetcomp_id"/>
<br/>sendercomp_id:<input type="text" value="91000" name="sendercomp_id"/>
<br/>access_token:<input type="text" value="70E9C8095E904B3296F571620051A3862017021608270515315614" name="access_token"/>
<br/>serial_no:<input type="text" value="bj201702160958374923" name="serial_no"/>
<br/>capital_mode:<input type="text" value="l" name="capital_mode"/>
<br/>merchant_name:<input type="text" value="test" name="merchant_name"/>
<br/>id_kind_gb:<input type="text" value="0" name="id_kind_gb"/>
<br/>id_no:<input type="text" value="421281199202011735" name="id_no"/>
<br/>real_name:<input type="text" value="江雪锋" name="real_name"/>
<br/>mobile_tel:<input type="text" value="18671517368" name="mobile_tel"/>
<br/>order_date:<input type="text" value="20170216" name="order_date"/>
<br/>order_time:<input type="text" value="095837" name="order_time"/>
<br/>bank_account:<input type="text" value="9555500272203932" name="bank_account"/>
<br/>bank_no:<input type="text" value="313331065504" name="bank_no"/>
<br/><input type="submit" value="ok">
</form>]
[09:58:37][|-string-|targetcomp_id=91000&sendercomp_id=91000&access_token=70E9C8095E904B3296F571620051A3862017021608270515315614&serial_no=bj201702160958374923&capital_mode=l&merchant_name=test&id_kind_gb=0&id_no=421281199202011735&real_name=%E6%B1%9F%E9%9B%AA%E9%94%8B&mobile_tel=18671517368&order_date=20170216&order_time=095837&bank_account=9555500272203932&bank_no=313331065504]
[09:58:37][|-Url-|https://sitapi.hscloud.cn/cwpay/v1/pay_sign_contract_sms
|-aParam-|Array
(
    [targetcomp_id] => 91000
    [sendercomp_id] => 91000
    [access_token] => 70E9C8095E904B3296F571620051A3862017021608270515315614
    [serial_no] => bj201702160958374923
    [capital_mode] => l
    [merchant_name] => test
    [id_kind_gb] => 0
    [id_no] => 421281199202011735
    [real_name] => 江雪锋
    [mobile_tel] => 18671517368
    [order_date] => 20170216
    [order_time] => 095837
    [bank_account] => 9555500272203932
    [bank_no] => 313331065504
)
|-cRs-|Array
(
    [data] => {"error_code":"9999","error_info":"错误的卡号校验位","error_no":-1}
    [code] => 200
)
]
[09:58:43][|-x-|https://sitapi.hscloud.cn/cwpay/v1/pay_sign_contract_sms
<br/><form method="post" action="https://sitapi.hscloud.cn/cwpay/v1/pay_sign_contract_sms">
<br/>targetcomp_id:<input type="text" value="91000" name="targetcomp_id"/>
<br/>sendercomp_id:<input type="text" value="91000" name="sendercomp_id"/>
<br/>access_token:<input type="text" value="70E9C8095E904B3296F571620051A3862017021608270515315614" name="access_token"/>
<br/>serial_no:<input type="text" value="bj2017021609584389606" name="serial_no"/>
<br/>capital_mode:<input type="text" value="l" name="capital_mode"/>
<br/>merchant_name:<input type="text" value="test" name="merchant_name"/>
<br/>id_kind_gb:<input type="text" value="0" name="id_kind_gb"/>
<br/>id_no:<input type="text" value="421281199202011735" name="id_no"/>
<br/>real_name:<input type="text" value="江雪锋" name="real_name"/>
<br/>mobile_tel:<input type="text" value="18671517368" name="mobile_tel"/>
<br/>order_date:<input type="text" value="20170216" name="order_date"/>
<br/>order_time:<input type="text" value="095843" name="order_time"/>
<br/>bank_account:<input type="text" value="95555002722039323" name="bank_account"/>
<br/>bank_no:<input type="text" value="313331065504" name="bank_no"/>
<br/><input type="submit" value="ok">
</form>]
[09:58:43][|-string-|targetcomp_id=91000&sendercomp_id=91000&access_token=70E9C8095E904B3296F571620051A3862017021608270515315614&serial_no=bj2017021609584389606&capital_mode=l&merchant_name=test&id_kind_gb=0&id_no=421281199202011735&real_name=%E6%B1%9F%E9%9B%AA%E9%94%8B&mobile_tel=18671517368&order_date=20170216&order_time=095843&bank_account=95555002722039323&bank_no=313331065504]
[09:58:43][|-Url-|https://sitapi.hscloud.cn/cwpay/v1/pay_sign_contract_sms
|-aParam-|Array
(
    [targetcomp_id] => 91000
    [sendercomp_id] => 91000
    [access_token] => 70E9C8095E904B3296F571620051A3862017021608270515315614
    [serial_no] => bj2017021609584389606
    [capital_mode] => l
    [merchant_name] => test
    [id_kind_gb] => 0
    [id_no] => 421281199202011735
    [real_name] => 江雪锋
    [mobile_tel] => 18671517368
    [order_date] => 20170216
    [order_time] => 095843
    [bank_account] => 95555002722039323
    [bank_no] => 313331065504
)
|-cRs-|Array
(
    [data] => {"error_code":"9999","error_info":"卡号无效/卡号输入错误","error_no":-1}
    [code] => 200
)
]
[09:58:50][|-x-|https://sitapi.hscloud.cn/cwpay/v1/pay_sign_contract_sms
<br/><form method="post" action="https://sitapi.hscloud.cn/cwpay/v1/pay_sign_contract_sms">
<br/>targetcomp_id:<input type="text" value="91000" name="targetcomp_id"/>
<br/>sendercomp_id:<input type="text" value="91000" name="sendercomp_id"/>
<br/>access_token:<input type="text" value="70E9C8095E904B3296F571620051A3862017021608270515315614" name="access_token"/>
<br/>serial_no:<input type="text" value="bj2017021609585012173" name="serial_no"/>
<br/>capital_mode:<input type="text" value="l" name="capital_mode"/>
<br/>merchant_name:<input type="text" value="test" name="merchant_name"/>
<br/>id_kind_gb:<input type="text" value="0" name="id_kind_gb"/>
<br/>id_no:<input type="text" value="421281199202011735" name="id_no"/>
<br/>real_name:<input type="text" value="江雪锋" name="real_name"/>
<br/>mobile_tel:<input type="text" value="18671517368" name="mobile_tel"/>
<br/>order_date:<input type="text" value="20170216" name="order_date"/>
<br/>order_time:<input type="text" value="095850" name="order_time"/>
<br/>bank_account:<input type="text" value="9555500272204343" name="bank_account"/>
<br/>bank_no:<input type="text" value="313331065504" name="bank_no"/>
<br/><input type="submit" value="ok">
</form>]
[09:58:50][|-string-|targetcomp_id=91000&sendercomp_id=91000&access_token=70E9C8095E904B3296F571620051A3862017021608270515315614&serial_no=bj2017021609585012173&capital_mode=l&merchant_name=test&id_kind_gb=0&id_no=421281199202011735&real_name=%E6%B1%9F%E9%9B%AA%E9%94%8B&mobile_tel=18671517368&order_date=20170216&order_time=095850&bank_account=9555500272204343&bank_no=313331065504]
[09:58:50][|-Url-|https://sitapi.hscloud.cn/cwpay/v1/pay_sign_contract_sms
|-aParam-|Array
(
    [targetcomp_id] => 91000
    [sendercomp_id] => 91000
    [access_token] => 70E9C8095E904B3296F571620051A3862017021608270515315614
    [serial_no] => bj2017021609585012173
    [capital_mode] => l
    [merchant_name] => test
    [id_kind_gb] => 0
    [id_no] => 421281199202011735
    [real_name] => 江雪锋
    [mobile_tel] => 18671517368
    [order_date] => 20170216
    [order_time] => 095850
    [bank_account] => 9555500272204343
    [bank_no] => 313331065504
)
|-cRs-|Array
(
    [data] => {"error_code":"9999","error_info":"错误的卡号校验位","error_no":-1}
    [code] => 200
)
]
[09:59:19][|-x-|https://sitapi.hscloud.cn/cwpay/v1/pay_sign_contract_sms
<br/><form method="post" action="https://sitapi.hscloud.cn/cwpay/v1/pay_sign_contract_sms">
<br/>targetcomp_id:<input type="text" value="91000" name="targetcomp_id"/>
<br/>sendercomp_id:<input type="text" value="91000" name="sendercomp_id"/>
<br/>access_token:<input type="text" value="70E9C8095E904B3296F571620051A3862017021608270515315614" name="access_token"/>
<br/>serial_no:<input type="text" value="bj2017021609591986393" name="serial_no"/>
<br/>capital_mode:<input type="text" value="l" name="capital_mode"/>
<br/>merchant_name:<input type="text" value="test" name="merchant_name"/>
<br/>id_kind_gb:<input type="text" value="0" name="id_kind_gb"/>
<br/>id_no:<input type="text" value="421281199202011735" name="id_no"/>
<br/>real_name:<input type="text" value="江雪锋" name="real_name"/>
<br/>mobile_tel:<input type="text" value="18671517368" name="mobile_tel"/>
<br/>order_date:<input type="text" value="20170216" name="order_date"/>
<br/>order_time:<input type="text" value="095919" name="order_time"/>
<br/>bank_account:<input type="text" value="6217000830000123038" name="bank_account"/>
<br/>bank_no:<input type="text" value="105199066379" name="bank_no"/>
<br/><input type="submit" value="ok">
</form>]
[09:59:20][|-string-|targetcomp_id=91000&sendercomp_id=91000&access_token=70E9C8095E904B3296F571620051A3862017021608270515315614&serial_no=bj2017021609591986393&capital_mode=l&merchant_name=test&id_kind_gb=0&id_no=421281199202011735&real_name=%E6%B1%9F%E9%9B%AA%E9%94%8B&mobile_tel=18671517368&order_date=20170216&order_time=095919&bank_account=6217000830000123038&bank_no=105199066379]
[09:59:20][|-Url-|https://sitapi.hscloud.cn/cwpay/v1/pay_sign_contract_sms
|-aParam-|Array
(
    [targetcomp_id] => 91000
    [sendercomp_id] => 91000
    [access_token] => 70E9C8095E904B3296F571620051A3862017021608270515315614
    [serial_no] => bj2017021609591986393
    [capital_mode] => l
    [merchant_name] => test
    [id_kind_gb] => 0
    [id_no] => 421281199202011735
    [real_name] => 江雪锋
    [mobile_tel] => 18671517368
    [order_date] => 20170216
    [order_time] => 095919
    [bank_account] => 6217000830000123038
    [bank_no] => 105199066379
)
|-cRs-|Array
(
    [data] => {"data":[{"fields":{},"sms_serial_no":"1691062","status":"9"}]}
    [code] => 200
)
]
[09:59:34][|-x-|https://sitapi.hscloud.cn/cwpay/v1/pay_sign_contract_sms
<br/><form method="post" action="https://sitapi.hscloud.cn/cwpay/v1/pay_sign_contract_sms">
<br/>targetcomp_id:<input type="text" value="91000" name="targetcomp_id"/>
<br/>sendercomp_id:<input type="text" value="91000" name="sendercomp_id"/>
<br/>access_token:<input type="text" value="70E9C8095E904B3296F571620051A3862017021608270515315614" name="access_token"/>
<br/>mobile_code:<input type="text" value="515680" name="mobile_code"/>
<br/>sms_serial_no:<input type="text" value="1691062" name="sms_serial_no"/>
<br/>original_serial_no:<input type="text" value="bj2017021609591986393" name="original_serial_no"/>
<br/>capital_mode:<input type="text" value="l" name="capital_mode"/>
<br/>merchant_name:<input type="text" value="test" name="merchant_name"/>
<br/>id_kind_gb:<input type="text" value="0" name="id_kind_gb"/>
<br/>id_no:<input type="text" value="421281199202011735" name="id_no"/>
<br/>mobile_tel:<input type="text" value="18671517368" name="mobile_tel"/>
<br/>order_date:<input type="text" value="20170216" name="order_date"/>
<br/>order_time:<input type="text" value="095934" name="order_time"/>
<br/>bank_account:<input type="text" value="6217000830000123038" name="bank_account"/>
<br/>bank_no:<input type="text" value="105199066379" name="bank_no"/>
<br/><input type="submit" value="ok">
</form>]
[09:59:35][|-string-|targetcomp_id=91000&sendercomp_id=91000&access_token=70E9C8095E904B3296F571620051A3862017021608270515315614&mobile_code=515680&sms_serial_no=1691062&original_serial_no=bj2017021609591986393&capital_mode=l&merchant_name=test&id_kind_gb=0&id_no=421281199202011735&mobile_tel=18671517368&order_date=20170216&order_time=095934&bank_account=6217000830000123038&bank_no=105199066379]
[09:59:35][|-Url-|https://sitapi.hscloud.cn/cwpay/v1/pay_sign_contract_sms
|-aParam-|Array
(
    [targetcomp_id] => 91000
    [sendercomp_id] => 91000
    [access_token] => 70E9C8095E904B3296F571620051A3862017021608270515315614
    [mobile_code] => 515680
    [sms_serial_no] => 1691062
    [original_serial_no] => bj2017021609591986393
    [capital_mode] => l
    [merchant_name] => test
    [id_kind_gb] => 0
    [id_no] => 421281199202011735
    [mobile_tel] => 18671517368
    [order_date] => 20170216
    [order_time] => 095934
    [bank_account] => 6217000830000123038
    [bank_no] => 105199066379
)
|-cRs-|Array
(
    [data] => {"data":[{"fields":{},"status":"1"}]}
    [code] => 200
)
]
[09:59:35][|-x-|https://sitapi.hscloud.cn/cwsale/v1/tradeaccount_add_acct
<br/><form method="post" action="https://sitapi.hscloud.cn/cwsale/v1/tradeaccount_add_acct">
<br/>targetcomp_id:<input type="text" value="91000" name="targetcomp_id"/>
<br/>sendercomp_id:<input type="text" value="91000" name="sendercomp_id"/>
<br/>access_token:<input type="text" value="70E9C8095E904B3296F571620051A3862017021608270515315614" name="access_token"/>
<br/>trust_way:<input type="text" value="2" name="trust_way"/>
<br/>trade_acco:<input type="text" value="1165" name="trade_acco"/>
<br/>password:<input type="text" value="5dcc73f8fd666d3a9d2d0ce70d36e3ff" name="password"/>
<br/>mobile_tel:<input type="text" value="18671517368" name="mobile_tel"/>
<br/>bank_no:<input type="text" value="005" name="bank_no"/>
<br/>bank_name:<input type="text" value="中国建设银行" name="bank_name"/>
<br/>bank_account:<input type="text" value="6217000830000123038" name="bank_account"/>
<br/>bank_account_name:<input type="text" value="江雪锋" name="bank_account_name"/>
<br/>capital_mode:<input type="text" value="l" name="capital_mode"/>
<br/>fund_card:<input type="text" value="" name="fund_card"/>
<br/>bank_open_id_kind_gb:<input type="text" value="0" name="bank_open_id_kind_gb"/>
<br/>bank_open_id_no:<input type="text" value="421281199202011735" name="bank_open_id_no"/>
<br/>detail_fund_way:<input type="text" value="01" name="detail_fund_way"/>
<br/>branchbank:<input type="text" value="105199066379" name="branchbank"/>
<br/>fund_interface_type:<input type="text" value="1" name="fund_interface_type"/>
<br/><input type="submit" value="ok">
</form>]
[09:59:35][|-string-|targetcomp_id=91000&sendercomp_id=91000&access_token=70E9C8095E904B3296F571620051A3862017021608270515315614&trust_way=2&trade_acco=1165&password=5dcc73f8fd666d3a9d2d0ce70d36e3ff&mobile_tel=18671517368&bank_no=005&bank_name=%E4%B8%AD%E5%9B%BD%E5%BB%BA%E8%AE%BE%E9%93%B6%E8%A1%8C&bank_account=6217000830000123038&bank_account_name=%E6%B1%9F%E9%9B%AA%E9%94%8B&capital_mode=l&fund_card=&bank_open_id_kind_gb=0&bank_open_id_no=421281199202011735&detail_fund_way=01&branchbank=105199066379&fund_interface_type=1]
[09:59:35][|-Url-|https://sitapi.hscloud.cn/cwsale/v1/tradeaccount_add_acct
|-aParam-|Array
(
    [targetcomp_id] => 91000
    [sendercomp_id] => 91000
    [access_token] => 70E9C8095E904B3296F571620051A3862017021608270515315614
    [trust_way] => 2
    [trade_acco] => 1165
    [password] => 5dcc73f8fd666d3a9d2d0ce70d36e3ff
    [mobile_tel] => 18671517368
    [bank_no] => 005
    [bank_name] => 中国建设银行
    [bank_account] => 6217000830000123038
    [bank_account_name] => 江雪锋
    [capital_mode] => l
    [fund_card] => 
    [bank_open_id_kind_gb] => 0
    [bank_open_id_no] => 421281199202011735
    [detail_fund_way] => 01
    [branchbank] => 105199066379
    [fund_interface_type] => 1
)
|-cRs-|Array
(
    [data] => {"data":[{"allot_no":"20170215000346","success_type":"0","trade_acco":"1205","error_code":"","error_info":""}]}
    [code] => 200
)
]
[10:00:18][|-x-|https://sitapi.hscloud.cn/cwsale/v1/transaccount_close_acct
<br/><form method="post" action="https://sitapi.hscloud.cn/cwsale/v1/transaccount_close_acct">
<br/>targetcomp_id:<input type="text" value="91000" name="targetcomp_id"/>
<br/>sendercomp_id:<input type="text" value="91000" name="sendercomp_id"/>
<br/>access_token:<input type="text" value="70E9C8095E904B3296F571620051A3862017021608270515315614" name="access_token"/>
<br/>trust_way:<input type="text" value="2" name="trust_way"/>
<br/>trade_acco:<input type="text" value="1205" name="trade_acco"/>
<br/>password:<input type="text" value="5dcc73f8fd666d3a9d2d0ce70d36e3ff" name="password"/>
<br/><input type="submit" value="ok">
</form>]
[10:00:18][|-string-|targetcomp_id=91000&sendercomp_id=91000&access_token=70E9C8095E904B3296F571620051A3862017021608270515315614&trust_way=2&trade_acco=1205&password=5dcc73f8fd666d3a9d2d0ce70d36e3ff]
[10:00:18][|-Url-|https://sitapi.hscloud.cn/cwsale/v1/transaccount_close_acct
|-aParam-|Array
(
    [targetcomp_id] => 91000
    [sendercomp_id] => 91000
    [access_token] => 70E9C8095E904B3296F571620051A3862017021608270515315614
    [trust_way] => 2
    [trade_acco] => 1205
    [password] => 5dcc73f8fd666d3a9d2d0ce70d36e3ff
)
|-cRs-|Array
(
    [data] => {"data":[{"allot_no":"","success_type":"2","error_code":"2034","error_info":"[1205]有在途交易，不能销户"}]}
    [code] => 200
)
]
[10:00:33][|-x-|https://sitapi.hscloud.cn/cwsale/v1/transaccount_close_acct
<br/><form method="post" action="https://sitapi.hscloud.cn/cwsale/v1/transaccount_close_acct">
<br/>targetcomp_id:<input type="text" value="91000" name="targetcomp_id"/>
<br/>sendercomp_id:<input type="text" value="91000" name="sendercomp_id"/>
<br/>access_token:<input type="text" value="70E9C8095E904B3296F571620051A3862017021608270515315614" name="access_token"/>
<br/>trust_way:<input type="text" value="2" name="trust_way"/>
<br/>trade_acco:<input type="text" value="1205" name="trade_acco"/>
<br/>password:<input type="text" value="5dcc73f8fd666d3a9d2d0ce70d36e3ff" name="password"/>
<br/><input type="submit" value="ok">
</form>]
[10:00:33][|-string-|targetcomp_id=91000&sendercomp_id=91000&access_token=70E9C8095E904B3296F571620051A3862017021608270515315614&trust_way=2&trade_acco=1205&password=5dcc73f8fd666d3a9d2d0ce70d36e3ff]
[10:00:33][|-Url-|https://sitapi.hscloud.cn/cwsale/v1/transaccount_close_acct
|-aParam-|Array
(
    [targetcomp_id] => 91000
    [sendercomp_id] => 91000
    [access_token] => 70E9C8095E904B3296F571620051A3862017021608270515315614
    [trust_way] => 2
    [trade_acco] => 1205
    [password] => 5dcc73f8fd666d3a9d2d0ce70d36e3ff
)
|-cRs-|Array
(
    [data] => {"data":[{"allot_no":"","success_type":"2","error_code":"2034","error_info":"[1205]有在途交易，不能销户"}]}
    [code] => 200
)
]
[10:01:31][|-x-|https://sitapi.hscloud.cn/cwsale/v1/transaccount_close_acct
<br/><form method="post" action="https://sitapi.hscloud.cn/cwsale/v1/transaccount_close_acct">
<br/>targetcomp_id:<input type="text" value="91000" name="targetcomp_id"/>
<br/>sendercomp_id:<input type="text" value="91000" name="sendercomp_id"/>
<br/>access_token:<input type="text" value="70E9C8095E904B3296F571620051A3862017021608270515315614" name="access_token"/>
<br/>trust_way:<input type="text" value="2" name="trust_way"/>
<br/>trade_acco:<input type="text" value="1205" name="trade_acco"/>
<br/>password:<input type="text" value="5dcc73f8fd666d3a9d2d0ce70d36e3ff" name="password"/>
<br/><input type="submit" value="ok">
</form>]
[10:01:31][|-string-|targetcomp_id=91000&sendercomp_id=91000&access_token=70E9C8095E904B3296F571620051A3862017021608270515315614&trust_way=2&trade_acco=1205&password=5dcc73f8fd666d3a9d2d0ce70d36e3ff]
[10:01:31][|-Url-|https://sitapi.hscloud.cn/cwsale/v1/transaccount_close_acct
|-aParam-|Array
(
    [targetcomp_id] => 91000
    [sendercomp_id] => 91000
    [access_token] => 70E9C8095E904B3296F571620051A3862017021608270515315614
    [trust_way] => 2
    [trade_acco] => 1205
    [password] => 5dcc73f8fd666d3a9d2d0ce70d36e3ff
)
|-cRs-|Array
(
    [data] => {"data":[{"allot_no":"","success_type":"2","error_code":"2034","error_info":"[1205]有在途交易，不能销户"}]}
    [code] => 200
)
]
[10:39:17][|-x-|https://sitapi.hscloud.cn/cwpay/v1/pay_sign_contract_sms
<br/><form method="post" action="https://sitapi.hscloud.cn/cwpay/v1/pay_sign_contract_sms">
<br/>targetcomp_id:<input type="text" value="91000" name="targetcomp_id"/>
<br/>sendercomp_id:<input type="text" value="91000" name="sendercomp_id"/>
<br/>access_token:<input type="text" value="70E9C8095E904B3296F571620051A3862017021608270515315614" name="access_token"/>
<br/>serial_no:<input type="text" value="bj2017021610391786747" name="serial_no"/>
<br/>capital_mode:<input type="text" value="l" name="capital_mode"/>
<br/>merchant_name:<input type="text" value="test" name="merchant_name"/>
<br/>id_kind_gb:<input type="text" value="0" name="id_kind_gb"/>
<br/>id_no:<input type="text" value="421083199206290033" name="id_no"/>
<br/>real_name:<input type="text" value="罗蔓" name="real_name"/>
<br/>mobile_tel:<input type="text" value="15927191870" name="mobile_tel"/>
<br/>order_date:<input type="text" value="20170216" name="order_date"/>
<br/>order_time:<input type="text" value="103917" name="order_time"/>
<br/>bank_account:<input type="text" value="6217711604404516" name="bank_account"/>
<br/>bank_no:<input type="text" value="302521038273" name="bank_no"/>
<br/><input type="submit" value="ok">
</form>]
[10:39:25][|-string-|targetcomp_id=91000&sendercomp_id=91000&access_token=70E9C8095E904B3296F571620051A3862017021608270515315614&serial_no=bj2017021610391786747&capital_mode=l&merchant_name=test&id_kind_gb=0&id_no=421083199206290033&real_name=%E7%BD%97%E8%94%93&mobile_tel=15927191870&order_date=20170216&order_time=103917&bank_account=6217711604404516&bank_no=302521038273]
[10:39:25][|-Url-|https://sitapi.hscloud.cn/cwpay/v1/pay_sign_contract_sms
|-aParam-|Array
(
    [targetcomp_id] => 91000
    [sendercomp_id] => 91000
    [access_token] => 70E9C8095E904B3296F571620051A3862017021608270515315614
    [serial_no] => bj2017021610391786747
    [capital_mode] => l
    [merchant_name] => test
    [id_kind_gb] => 0
    [id_no] => 421083199206290033
    [real_name] => 罗蔓
    [mobile_tel] => 15927191870
    [order_date] => 20170216
    [order_time] => 103917
    [bank_account] => 6217711604404516
    [bank_no] => 302521038273
)
|-cRs-|Array
(
    [data] => {"error_code":"9999","error_info":"联机交易交互失败String index out of range: -21","error_no":-1}
    [code] => 200
)
]
[10:40:21][|-x-|https://sitapi.hscloud.cn/cwpay/v1/pay_sign_contract_sms
<br/><form method="post" action="https://sitapi.hscloud.cn/cwpay/v1/pay_sign_contract_sms">
<br/>targetcomp_id:<input type="text" value="91000" name="targetcomp_id"/>
<br/>sendercomp_id:<input type="text" value="91000" name="sendercomp_id"/>
<br/>access_token:<input type="text" value="70E9C8095E904B3296F571620051A3862017021608270515315614" name="access_token"/>
<br/>serial_no:<input type="text" value="bj2017021610402111124" name="serial_no"/>
<br/>capital_mode:<input type="text" value="l" name="capital_mode"/>
<br/>merchant_name:<input type="text" value="test" name="merchant_name"/>
<br/>id_kind_gb:<input type="text" value="0" name="id_kind_gb"/>
<br/>id_no:<input type="text" value="421083199206290033" name="id_no"/>
<br/>real_name:<input type="text" value="罗蔓" name="real_name"/>
<br/>mobile_tel:<input type="text" value="15927191870" name="mobile_tel"/>
<br/>order_date:<input type="text" value="20170216" name="order_date"/>
<br/>order_time:<input type="text" value="104021" name="order_time"/>
<br/>bank_account:<input type="text" value="6217711504504516" name="bank_account"/>
<br/>bank_no:<input type="text" value="302521038273" name="bank_no"/>
<br/><input type="submit" value="ok">
</form>]
[10:40:22][|-string-|targetcomp_id=91000&sendercomp_id=91000&access_token=70E9C8095E904B3296F571620051A3862017021608270515315614&serial_no=bj2017021610402111124&capital_mode=l&merchant_name=test&id_kind_gb=0&id_no=421083199206290033&real_name=%E7%BD%97%E8%94%93&mobile_tel=15927191870&order_date=20170216&order_time=104021&bank_account=6217711504504516&bank_no=302521038273]
[10:40:22][|-Url-|https://sitapi.hscloud.cn/cwpay/v1/pay_sign_contract_sms
|-aParam-|Array
(
    [targetcomp_id] => 91000
    [sendercomp_id] => 91000
    [access_token] => 70E9C8095E904B3296F571620051A3862017021608270515315614
    [serial_no] => bj2017021610402111124
    [capital_mode] => l
    [merchant_name] => test
    [id_kind_gb] => 0
    [id_no] => 421083199206290033
    [real_name] => 罗蔓
    [mobile_tel] => 15927191870
    [order_date] => 20170216
    [order_time] => 104021
    [bank_account] => 6217711504504516
    [bank_no] => 302521038273
)
|-cRs-|Array
(
    [data] => {"error_code":"9999","error_info":"错误的卡号校验位","error_no":-1}
    [code] => 200
)
]
[10:40:41][|-x-|https://sitapi.hscloud.cn/cwpay/v1/pay_sign_contract_sms
<br/><form method="post" action="https://sitapi.hscloud.cn/cwpay/v1/pay_sign_contract_sms">
<br/>targetcomp_id:<input type="text" value="91000" name="targetcomp_id"/>
<br/>sendercomp_id:<input type="text" value="91000" name="sendercomp_id"/>
<br/>access_token:<input type="text" value="70E9C8095E904B3296F571620051A3862017021608270515315614" name="access_token"/>
<br/>serial_no:<input type="text" value="bj2017021610404144677" name="serial_no"/>
<br/>capital_mode:<input type="text" value="l" name="capital_mode"/>
<br/>merchant_name:<input type="text" value="test" name="merchant_name"/>
<br/>id_kind_gb:<input type="text" value="0" name="id_kind_gb"/>
<br/>id_no:<input type="text" value="421083199206290033" name="id_no"/>
<br/>real_name:<input type="text" value="罗蔓" name="real_name"/>
<br/>mobile_tel:<input type="text" value="15927191870" name="mobile_tel"/>
<br/>order_date:<input type="text" value="20170216" name="order_date"/>
<br/>order_time:<input type="text" value="104041" name="order_time"/>
<br/>bank_account:<input type="text" value="62177115045045165" name="bank_account"/>
<br/>bank_no:<input type="text" value="302521038273" name="bank_no"/>
<br/><input type="submit" value="ok">
</form>]
[10:40:41][|-string-|targetcomp_id=91000&sendercomp_id=91000&access_token=70E9C8095E904B3296F571620051A3862017021608270515315614&serial_no=bj2017021610404144677&capital_mode=l&merchant_name=test&id_kind_gb=0&id_no=421083199206290033&real_name=%E7%BD%97%E8%94%93&mobile_tel=15927191870&order_date=20170216&order_time=104041&bank_account=62177115045045165&bank_no=302521038273]
[10:40:41][|-Url-|https://sitapi.hscloud.cn/cwpay/v1/pay_sign_contract_sms
|-aParam-|Array
(
    [targetcomp_id] => 91000
    [sendercomp_id] => 91000
    [access_token] => 70E9C8095E904B3296F571620051A3862017021608270515315614
    [serial_no] => bj2017021610404144677
    [capital_mode] => l
    [merchant_name] => test
    [id_kind_gb] => 0
    [id_no] => 421083199206290033
    [real_name] => 罗蔓
    [mobile_tel] => 15927191870
    [order_date] => 20170216
    [order_time] => 104041
    [bank_account] => 62177115045045165
    [bank_no] => 302521038273
)
|-cRs-|Array
(
    [data] => {"error_code":"9999","error_info":"错误的卡号校验位","error_no":-1}
    [code] => 200
)
]
[10:40:53][|-x-|https://sitapi.hscloud.cn/cwpay/v1/pay_sign_contract_sms
<br/><form method="post" action="https://sitapi.hscloud.cn/cwpay/v1/pay_sign_contract_sms">
<br/>targetcomp_id:<input type="text" value="91000" name="targetcomp_id"/>
<br/>sendercomp_id:<input type="text" value="91000" name="sendercomp_id"/>
<br/>access_token:<input type="text" value="70E9C8095E904B3296F571620051A3862017021608270515315614" name="access_token"/>
<br/>serial_no:<input type="text" value="bj2017021610405330141" name="serial_no"/>
<br/>capital_mode:<input type="text" value="l" name="capital_mode"/>
<br/>merchant_name:<input type="text" value="test" name="merchant_name"/>
<br/>id_kind_gb:<input type="text" value="0" name="id_kind_gb"/>
<br/>id_no:<input type="text" value="421083199206290033" name="id_no"/>
<br/>real_name:<input type="text" value="罗蔓" name="real_name"/>
<br/>mobile_tel:<input type="text" value="15927191870" name="mobile_tel"/>
<br/>order_date:<input type="text" value="20170216" name="order_date"/>
<br/>order_time:<input type="text" value="104053" name="order_time"/>
<br/>bank_account:<input type="text" value="6217711504504519" name="bank_account"/>
<br/>bank_no:<input type="text" value="302521038273" name="bank_no"/>
<br/><input type="submit" value="ok">
</form>]
[10:40:53][|-string-|targetcomp_id=91000&sendercomp_id=91000&access_token=70E9C8095E904B3296F571620051A3862017021608270515315614&serial_no=bj2017021610405330141&capital_mode=l&merchant_name=test&id_kind_gb=0&id_no=421083199206290033&real_name=%E7%BD%97%E8%94%93&mobile_tel=15927191870&order_date=20170216&order_time=104053&bank_account=6217711504504519&bank_no=302521038273]
[10:40:53][|-Url-|https://sitapi.hscloud.cn/cwpay/v1/pay_sign_contract_sms
|-aParam-|Array
(
    [targetcomp_id] => 91000
    [sendercomp_id] => 91000
    [access_token] => 70E9C8095E904B3296F571620051A3862017021608270515315614
    [serial_no] => bj2017021610405330141
    [capital_mode] => l
    [merchant_name] => test
    [id_kind_gb] => 0
    [id_no] => 421083199206290033
    [real_name] => 罗蔓
    [mobile_tel] => 15927191870
    [order_date] => 20170216
    [order_time] => 104053
    [bank_account] => 6217711504504519
    [bank_no] => 302521038273
)
|-cRs-|Array
(
    [data] => {"error_code":"9999","error_info":"错误的卡号校验位","error_no":-1}
    [code] => 200
)
]
[10:45:45][|-x-|https://sitapi.hscloud.cn/cwpay/v1/pay_sign_contract_sms
<br/><form method="post" action="https://sitapi.hscloud.cn/cwpay/v1/pay_sign_contract_sms">
<br/>targetcomp_id:<input type="text" value="91000" name="targetcomp_id"/>
<br/>sendercomp_id:<input type="text" value="91000" name="sendercomp_id"/>
<br/>access_token:<input type="text" value="70E9C8095E904B3296F571620051A3862017021608270515315614" name="access_token"/>
<br/>serial_no:<input type="text" value="bj2017021610454570440" name="serial_no"/>
<br/>capital_mode:<input type="text" value="l" name="capital_mode"/>
<br/>merchant_name:<input type="text" value="test" name="merchant_name"/>
<br/>id_kind_gb:<input type="text" value="0" name="id_kind_gb"/>
<br/>id_no:<input type="text" value="421083199206290033" name="id_no"/>
<br/>real_name:<input type="text" value="罗蔓" name="real_name"/>
<br/>mobile_tel:<input type="text" value="15927191870" name="mobile_tel"/>
<br/>order_date:<input type="text" value="20170216" name="order_date"/>
<br/>order_time:<input type="text" value="104545" name="order_time"/>
<br/>bank_account:<input type="text" value="6228480068816522773" name="bank_account"/>
<br/>bank_no:<input type="text" value="103391013640" name="bank_no"/>
<br/><input type="submit" value="ok">
</form>]
[10:45:46][|-string-|targetcomp_id=91000&sendercomp_id=91000&access_token=70E9C8095E904B3296F571620051A3862017021608270515315614&serial_no=bj2017021610454570440&capital_mode=l&merchant_name=test&id_kind_gb=0&id_no=421083199206290033&real_name=%E7%BD%97%E8%94%93&mobile_tel=15927191870&order_date=20170216&order_time=104545&bank_account=6228480068816522773&bank_no=103391013640]
[10:45:46][|-Url-|https://sitapi.hscloud.cn/cwpay/v1/pay_sign_contract_sms
|-aParam-|Array
(
    [targetcomp_id] => 91000
    [sendercomp_id] => 91000
    [access_token] => 70E9C8095E904B3296F571620051A3862017021608270515315614
    [serial_no] => bj2017021610454570440
    [capital_mode] => l
    [merchant_name] => test
    [id_kind_gb] => 0
    [id_no] => 421083199206290033
    [real_name] => 罗蔓
    [mobile_tel] => 15927191870
    [order_date] => 20170216
    [order_time] => 104545
    [bank_account] => 6228480068816522773
    [bank_no] => 103391013640
)
|-cRs-|Array
(
    [data] => {"error_code":"9999","error_info":"错误的卡号校验位","error_no":-1}
    [code] => 200
)
]
[10:45:52][|-x-|https://sitapi.hscloud.cn/cwpay/v1/pay_sign_contract_sms
<br/><form method="post" action="https://sitapi.hscloud.cn/cwpay/v1/pay_sign_contract_sms">
<br/>targetcomp_id:<input type="text" value="91000" name="targetcomp_id"/>
<br/>sendercomp_id:<input type="text" value="91000" name="sendercomp_id"/>
<br/>access_token:<input type="text" value="70E9C8095E904B3296F571620051A3862017021608270515315614" name="access_token"/>
<br/>serial_no:<input type="text" value="bj2017021610455274737" name="serial_no"/>
<br/>capital_mode:<input type="text" value="l" name="capital_mode"/>
<br/>merchant_name:<input type="text" value="test" name="merchant_name"/>
<br/>id_kind_gb:<input type="text" value="0" name="id_kind_gb"/>
<br/>id_no:<input type="text" value="421083199206290033" name="id_no"/>
<br/>real_name:<input type="text" value="罗蔓" name="real_name"/>
<br/>mobile_tel:<input type="text" value="15927191870" name="mobile_tel"/>
<br/>order_date:<input type="text" value="20170216" name="order_date"/>
<br/>order_time:<input type="text" value="104552" name="order_time"/>
<br/>bank_account:<input type="text" value="6228480068816522772" name="bank_account"/>
<br/>bank_no:<input type="text" value="103391013640" name="bank_no"/>
<br/><input type="submit" value="ok">
</form>]
[10:45:54][|-string-|targetcomp_id=91000&sendercomp_id=91000&access_token=70E9C8095E904B3296F571620051A3862017021608270515315614&serial_no=bj2017021610455274737&capital_mode=l&merchant_name=test&id_kind_gb=0&id_no=421083199206290033&real_name=%E7%BD%97%E8%94%93&mobile_tel=15927191870&order_date=20170216&order_time=104552&bank_account=6228480068816522772&bank_no=103391013640]
[10:45:54][|-Url-|https://sitapi.hscloud.cn/cwpay/v1/pay_sign_contract_sms
|-aParam-|Array
(
    [targetcomp_id] => 91000
    [sendercomp_id] => 91000
    [access_token] => 70E9C8095E904B3296F571620051A3862017021608270515315614
    [serial_no] => bj2017021610455274737
    [capital_mode] => l
    [merchant_name] => test
    [id_kind_gb] => 0
    [id_no] => 421083199206290033
    [real_name] => 罗蔓
    [mobile_tel] => 15927191870
    [order_date] => 20170216
    [order_time] => 104552
    [bank_account] => 6228480068816522772
    [bank_no] => 103391013640
)
|-cRs-|Array
(
    [data] => {"data":[{"fields":{},"sms_serial_no":"1691099","status":"9"}]}
    [code] => 200
)
]
[10:46:02][|-x-|https://sitapi.hscloud.cn/cwpay/v1/pay_sign_contract_sms
<br/><form method="post" action="https://sitapi.hscloud.cn/cwpay/v1/pay_sign_contract_sms">
<br/>targetcomp_id:<input type="text" value="91000" name="targetcomp_id"/>
<br/>sendercomp_id:<input type="text" value="91000" name="sendercomp_id"/>
<br/>access_token:<input type="text" value="70E9C8095E904B3296F571620051A3862017021608270515315614" name="access_token"/>
<br/>mobile_code:<input type="text" value="695269" name="mobile_code"/>
<br/>sms_serial_no:<input type="text" value="1691099" name="sms_serial_no"/>
<br/>original_serial_no:<input type="text" value="bj2017021610455274737" name="original_serial_no"/>
<br/>capital_mode:<input type="text" value="l" name="capital_mode"/>
<br/>merchant_name:<input type="text" value="test" name="merchant_name"/>
<br/>id_kind_gb:<input type="text" value="0" name="id_kind_gb"/>
<br/>id_no:<input type="text" value="421083199206290033" name="id_no"/>
<br/>mobile_tel:<input type="text" value="15927191870" name="mobile_tel"/>
<br/>order_date:<input type="text" value="20170216" name="order_date"/>
<br/>order_time:<input type="text" value="104602" name="order_time"/>
<br/>bank_account:<input type="text" value="6228480068816522772" name="bank_account"/>
<br/>bank_no:<input type="text" value="103391013640" name="bank_no"/>
<br/><input type="submit" value="ok">
</form>]
[10:46:03][|-string-|targetcomp_id=91000&sendercomp_id=91000&access_token=70E9C8095E904B3296F571620051A3862017021608270515315614&mobile_code=695269&sms_serial_no=1691099&original_serial_no=bj2017021610455274737&capital_mode=l&merchant_name=test&id_kind_gb=0&id_no=421083199206290033&mobile_tel=15927191870&order_date=20170216&order_time=104602&bank_account=6228480068816522772&bank_no=103391013640]
[10:46:03][|-Url-|https://sitapi.hscloud.cn/cwpay/v1/pay_sign_contract_sms
|-aParam-|Array
(
    [targetcomp_id] => 91000
    [sendercomp_id] => 91000
    [access_token] => 70E9C8095E904B3296F571620051A3862017021608270515315614
    [mobile_code] => 695269
    [sms_serial_no] => 1691099
    [original_serial_no] => bj2017021610455274737
    [capital_mode] => l
    [merchant_name] => test
    [id_kind_gb] => 0
    [id_no] => 421083199206290033
    [mobile_tel] => 15927191870
    [order_date] => 20170216
    [order_time] => 104602
    [bank_account] => 6228480068816522772
    [bank_no] => 103391013640
)
|-cRs-|Array
(
    [data] => {"data":[{"fields":{},"status":"1"}]}
    [code] => 200
)
]
[10:46:03][|-x-|https://sitapi.hscloud.cn/cwsale/v1/fundacct_direct_open_acct
<br/><form method="post" action="https://sitapi.hscloud.cn/cwsale/v1/fundacct_direct_open_acct">
<br/>targetcomp_id:<input type="text" value="91000" name="targetcomp_id"/>
<br/>sendercomp_id:<input type="text" value="91000" name="sendercomp_id"/>
<br/>access_token:<input type="text" value="70E9C8095E904B3296F571620051A3862017021608270515315614" name="access_token"/>
<br/>trust_way:<input type="text" value="2" name="trust_way"/>
<br/>en_entrust_way:<input type="text" value="0|1|1|0|0|0|0|" name="en_entrust_way"/>
<br/>order_date:<input type="text" value="" name="order_date"/>
<br/>apply_time:<input type="text" value="" name="apply_time"/>
<br/>account_type:<input type="text" value="A" name="account_type"/>
<br/>cust_type:<input type="text" value="1" name="cust_type"/>
<br/>client_full_name:<input type="text" value="罗蔓" name="client_full_name"/>
<br/>client_name:<input type="text" value="罗蔓" name="client_name"/>
<br/>fund_nationality:<input type="text" value="156" name="fund_nationality"/>
<br/>id_kind_gb:<input type="text" value="0" name="id_kind_gb"/>
<br/>id_no:<input type="text" value="421083199206290033" name="id_no"/>
<br/>password:<input type="text" value="2fed3552497f2facc94bd74d5996315b" name="password"/>
<br/>mobile_tel:<input type="text" value="15927191870" name="mobile_tel"/>
<br/>bank_no:<input type="text" value="003" name="bank_no"/>
<br/>bank_name:<input type="text" value="中国农业银行" name="bank_name"/>
<br/>bank_account:<input type="text" value="6228480068816522772" name="bank_account"/>
<br/>bank_account_name:<input type="text" value="罗蔓" name="bank_account_name"/>
<br/>capital_mode:<input type="text" value="l" name="capital_mode"/>
<br/>ta_no:<input type="text" value="B0" name="ta_no"/>
<br/>fund_card:<input type="text" value="" name="fund_card"/>
<br/>branchbank:<input type="text" value="103391013640" name="branchbank"/>
<br/>detail_fund_way:<input type="text" value="01" name="detail_fund_way"/>
<br/>id_enddate:<input type="text" value="20990101" name="id_enddate"/>
<br/>fund_interface_type:<input type="text" value="1" name="fund_interface_type"/>
<br/><input type="submit" value="ok">
</form>]
[10:46:03][|-string-|targetcomp_id=91000&sendercomp_id=91000&access_token=70E9C8095E904B3296F571620051A3862017021608270515315614&trust_way=2&en_entrust_way=0%7C1%7C1%7C0%7C0%7C0%7C0%7C&order_date=&apply_time=&account_type=A&cust_type=1&client_full_name=%E7%BD%97%E8%94%93&client_name=%E7%BD%97%E8%94%93&fund_nationality=156&id_kind_gb=0&id_no=421083199206290033&password=2fed3552497f2facc94bd74d5996315b&mobile_tel=15927191870&bank_no=003&bank_name=%E4%B8%AD%E5%9B%BD%E5%86%9C%E4%B8%9A%E9%93%B6%E8%A1%8C&bank_account=6228480068816522772&bank_account_name=%E7%BD%97%E8%94%93&capital_mode=l&ta_no=B0&fund_card=&branchbank=103391013640&detail_fund_way=01&id_enddate=20990101&fund_interface_type=1]
[10:46:03][|-Url-|https://sitapi.hscloud.cn/cwsale/v1/fundacct_direct_open_acct
|-aParam-|Array
(
    [targetcomp_id] => 91000
    [sendercomp_id] => 91000
    [access_token] => 70E9C8095E904B3296F571620051A3862017021608270515315614
    [trust_way] => 2
    [en_entrust_way] => 0|1|1|0|0|0|0|
    [order_date] => 
    [apply_time] => 
    [account_type] => A
    [cust_type] => 1
    [client_full_name] => 罗蔓
    [client_name] => 罗蔓
    [fund_nationality] => 156
    [id_kind_gb] => 0
    [id_no] => 421083199206290033
    [password] => 2fed3552497f2facc94bd74d5996315b
    [mobile_tel] => 15927191870
    [bank_no] => 003
    [bank_name] => 中国农业银行
    [bank_account] => 6228480068816522772
    [bank_account_name] => 罗蔓
    [capital_mode] => l
    [ta_no] => B0
    [fund_card] => 
    [branchbank] => 103391013640
    [detail_fund_way] => 01
    [id_enddate] => 20990101
    [fund_interface_type] => 1
)
|-cRs-|Array
(
    [data] => {"data":[{"allot_no":"20170215000349","apply_date":"20170216","success_type":"0","trade_acco":"1206","error_code":"","client_id":"10378","error_info":""}]}
    [code] => 200
)
]
[10:46:04][|-x-|https://sitapi.hscloud.cn/cwsale/v1/paperinfo_add_acct
<br/><form method="post" action="https://sitapi.hscloud.cn/cwsale/v1/paperinfo_add_acct">
<br/>targetcomp_id:<input type="text" value="91000" name="targetcomp_id"/>
<br/>sendercomp_id:<input type="text" value="91000" name="sendercomp_id"/>
<br/>access_token:<input type="text" value="70E9C8095E904B3296F571620051A3862017021608270515315614" name="access_token"/>
<br/>trust_way:<input type="text" value="2" name="trust_way"/>
<br/>cust_type:<input type="text" value="1" name="cust_type"/>
<br/>full_name:<input type="text" value="罗蔓" name="full_name"/>
<br/>id_kind_gb:<input type="text" value="0" name="id_kind_gb"/>
<br/>id_no:<input type="text" value="421083199206290033" name="id_no"/>
<br/>elig_content:<input type="text" value="1:4|2:4|3:4|4:3|5:4|6:1|7:3|8:4|9:3|" name="elig_content"/>
<br/><input type="submit" value="ok">
</form>]
[10:46:04][|-string-|targetcomp_id=91000&sendercomp_id=91000&access_token=70E9C8095E904B3296F571620051A3862017021608270515315614&trust_way=2&cust_type=1&full_name=%E7%BD%97%E8%94%93&id_kind_gb=0&id_no=421083199206290033&elig_content=1%3A4%7C2%3A4%7C3%3A4%7C4%3A3%7C5%3A4%7C6%3A1%7C7%3A3%7C8%3A4%7C9%3A3%7C]
[10:46:04][|-Url-|https://sitapi.hscloud.cn/cwsale/v1/paperinfo_add_acct
|-aParam-|Array
(
    [targetcomp_id] => 91000
    [sendercomp_id] => 91000
    [access_token] => 70E9C8095E904B3296F571620051A3862017021608270515315614
    [trust_way] => 2
    [cust_type] => 1
    [full_name] => 罗蔓
    [id_kind_gb] => 0
    [id_no] => 421083199206290033
    [elig_content] => 1:4|2:4|3:4|4:3|5:4|6:1|7:3|8:4|9:3|
)
|-cRs-|Array
(
    [data] => {"data":[{"invest_risk_tolerance":"2","success_type":"0","error_code":"","paper_id":"20170215000350","error_info":""}]}
    [code] => 200
)
]
[10:46:06][|-x-|https://sitapi.hscloud.cn/cwsale/v1/paperinfo_question_qry
<br/><form method="post" action="https://sitapi.hscloud.cn/cwsale/v1/paperinfo_question_qry">
<br/>targetcomp_id:<input type="text" value="91000" name="targetcomp_id"/>
<br/>sendercomp_id:<input type="text" value="91000" name="sendercomp_id"/>
<br/>access_token:<input type="text" value="70E9C8095E904B3296F571620051A3862017021608270515315614" name="access_token"/>
<br/>request_num:<input type="text" value="20" name="request_num"/>
<br/><input type="submit" value="ok">
</form>]
[10:46:06][|-string-|targetcomp_id=91000&sendercomp_id=91000&access_token=70E9C8095E904B3296F571620051A3862017021608270515315614&request_num=20]
[10:46:06][|-Url-|https://sitapi.hscloud.cn/cwsale/v1/paperinfo_question_qry
|-aParam-|Array
(
    [targetcomp_id] => 91000
    [sendercomp_id] => 91000
    [access_token] => 70E9C8095E904B3296F571620051A3862017021608270515315614
    [request_num] => 20
)
|-cRs-|Array
(
    [data] => {"data":[{"question_content":"01 您所处的年龄段是： (  )","rowcount":"9","success_type":"0","answer_object":"1","question_no":"1","error_code":"","total_count":"","error_info":"","order_no":"1"},{"question_content":"02 您每月的可支配收入范围： (  )","rowcount":"9","success_type":"0","answer_object":"1","question_no":"2","error_code":"","total_count":"","error_info":"","order_no":"3"},{"question_content":"03 您曾经投资过以下哪些金融产品： (  )","rowcount":"9","success_type":"0","answer_object":"1","question_no":"3","error_code":"","total_count":"","error_info":"","order_no":"4"},{"question_content":"04 您准备投资的资金占到您个人或者家庭资产（包括固定和流动资产）的比例范围：  (  )","rowcount":"9","success_type":"0","answer_object":"1","question_no":"4","error_code":"","total_count":"","error_info":"","order_no":"5"},{"question_content":"05 您从什么渠道开始对基金产生兴趣并准备开始投资： (  )","rowcount":"9","success_type":"0","answer_object":"1","question_no":"5","error_code":"","total_count":"","error_info":"","order_no":"6"},{"question_content":"06 您认为投资基金的哪个方面最吸引您： (  )","rowcount":"9","success_type":"0","answer_object":"1","question_no":"6","error_code":"","total_count":"","error_info":"","order_no":"7"},{"question_content":"07 您曾经购买过何种类型的基金产品： (  )","rowcount":"9","success_type":"0","answer_object":"1","question_no":"7","error_code":"","total_count":"","error_info":"","order_no":"8"},{"question_content":"08 您大约会持有这项投资计划多久，才有可能动用其中的大部分资金： (  )","rowcount":"9","success_type":"0","answer_object":"1","question_no":"8","error_code":"","total_count":"","error_info":"","order_no":"9"},{"question_content":"09 当您选择了一项投资工具，相信它在未来一段期间将翻番，可是不久却下跌了20%，这时您将： (  )","rowcount":"9","success_type":"0","answer_object":"1","question_no":"9","error_code":"","total_count":"","error_info":"","order_no":"10"}]}
    [code] => 200
)
]
[10:46:06][|-x-|https://sitapi.hscloud.cn/cwsale/v1/paperinfo_question_section_qry
<br/><form method="post" action="https://sitapi.hscloud.cn/cwsale/v1/paperinfo_question_section_qry">
<br/>targetcomp_id:<input type="text" value="91000" name="targetcomp_id"/>
<br/>sendercomp_id:<input type="text" value="91000" name="sendercomp_id"/>
<br/>access_token:<input type="text" value="70E9C8095E904B3296F571620051A3862017021608270515315614" name="access_token"/>
<br/>trust_way:<input type="text" value="2" name="trust_way"/>
<br/>request_num:<input type="text" value="8" name="request_num"/>
<br/>reqry_recordsum_flag:<input type="text" value="1" name="reqry_recordsum_flag"/>
<br/>qry_beginrownum:<input type="text" value="1" name="qry_beginrownum"/>
<br/>question_no:<input type="text" value="1" name="question_no"/>
<br/><input type="submit" value="ok">
</form>]
[10:46:07][|-string-|targetcomp_id=91000&sendercomp_id=91000&access_token=70E9C8095E904B3296F571620051A3862017021608270515315614&trust_way=2&request_num=8&reqry_recordsum_flag=1&qry_beginrownum=1&question_no=1]
[10:46:07][|-Url-|https://sitapi.hscloud.cn/cwsale/v1/paperinfo_question_section_qry
|-aParam-|Array
(
    [targetcomp_id] => 91000
    [sendercomp_id] => 91000
    [access_token] => 70E9C8095E904B3296F571620051A3862017021608270515315614
    [trust_way] => 2
    [request_num] => 8
    [reqry_recordsum_flag] => 1
    [qry_beginrownum] => 1
    [question_no] => 1
)
|-cRs-|Array
(
    [data] => {"data":[{"option_score":"5.00","rowcount":"5","success_type":"0","question_no":"1","error_code":"","option_no":"1","option_content":"A 30岁以下","total_count":"5","error_info":"","order_no":"1"},{"option_score":"4.00","rowcount":"5","success_type":"0","question_no":"1","error_code":"","option_no":"2","option_content":"B 30岁以上40岁以下","total_count":"5","error_info":"","order_no":"2"},{"option_score":"3.00","rowcount":"5","success_type":"0","question_no":"1","error_code":"","option_no":"3","option_content":"C 40岁以上50岁以下","total_count":"5","error_info":"","order_no":"3"},{"option_score":"2.00","rowcount":"5","success_type":"0","question_no":"1","error_code":"","option_no":"4","option_content":"D 50岁以上60岁以下","total_count":"5","error_info":"","order_no":"4"},{"option_score":"1.00","rowcount":"5","success_type":"0","question_no":"1","error_code":"","option_no":"5","option_content":"E 60岁以上","total_count":"5","error_info":"","order_no":"5"}]}
    [code] => 200
)
]
[10:46:07][|-x-|https://sitapi.hscloud.cn/cwsale/v1/paperinfo_question_section_qry
<br/><form method="post" action="https://sitapi.hscloud.cn/cwsale/v1/paperinfo_question_section_qry">
<br/>targetcomp_id:<input type="text" value="91000" name="targetcomp_id"/>
<br/>sendercomp_id:<input type="text" value="91000" name="sendercomp_id"/>
<br/>access_token:<input type="text" value="70E9C8095E904B3296F571620051A3862017021608270515315614" name="access_token"/>
<br/>trust_way:<input type="text" value="2" name="trust_way"/>
<br/>request_num:<input type="text" value="8" name="request_num"/>
<br/>reqry_recordsum_flag:<input type="text" value="1" name="reqry_recordsum_flag"/>
<br/>qry_beginrownum:<input type="text" value="1" name="qry_beginrownum"/>
<br/>question_no:<input type="text" value="2" name="question_no"/>
<br/><input type="submit" value="ok">
</form>]
[10:46:07][|-string-|targetcomp_id=91000&sendercomp_id=91000&access_token=70E9C8095E904B3296F571620051A3862017021608270515315614&trust_way=2&request_num=8&reqry_recordsum_flag=1&qry_beginrownum=1&question_no=2]
[10:46:07][|-Url-|https://sitapi.hscloud.cn/cwsale/v1/paperinfo_question_section_qry
|-aParam-|Array
(
    [targetcomp_id] => 91000
    [sendercomp_id] => 91000
    [access_token] => 70E9C8095E904B3296F571620051A3862017021608270515315614
    [trust_way] => 2
    [request_num] => 8
    [reqry_recordsum_flag] => 1
    [qry_beginrownum] => 1
    [question_no] => 2
)
|-cRs-|Array
(
    [data] => {"data":[{"option_score":"2.00","rowcount":"5","success_type":"0","question_no":"2","error_code":"","option_no":"1","option_content":"A      2000元以下","total_count":"5","error_info":"","order_no":"1"},{"option_score":"4.00","rowcount":"5","success_type":"0","question_no":"2","error_code":"","option_no":"2","option_content":"B 2000元以上4000元以下","total_count":"5","error_info":"","order_no":"2"},{"option_score":"6.00","rowcount":"5","success_type":"0","question_no":"2","error_code":"","option_no":"3","option_content":"C 4000元以上6000元以下","total_count":"5","error_info":"","order_no":"3"},{"option_score":"8.00","rowcount":"5","success_type":"0","question_no":"2","error_code":"","option_no":"4","option_content":"D 6000元以上10000元以下","total_count":"5","error_info":"","order_no":"4"},{"option_score":"10.00","rowcount":"5","success_type":"0","question_no":"2","error_code":"","option_no":"5","option_content":"E 10000元以上","total_count":"5","error_info":"","order_no":"5"}]}
    [code] => 200
)
]
[10:46:07][|-x-|https://sitapi.hscloud.cn/cwsale/v1/paperinfo_question_section_qry
<br/><form method="post" action="https://sitapi.hscloud.cn/cwsale/v1/paperinfo_question_section_qry">
<br/>targetcomp_id:<input type="text" value="91000" name="targetcomp_id"/>
<br/>sendercomp_id:<input type="text" value="91000" name="sendercomp_id"/>
<br/>access_token:<input type="text" value="70E9C8095E904B3296F571620051A3862017021608270515315614" name="access_token"/>
<br/>trust_way:<input type="text" value="2" name="trust_way"/>
<br/>request_num:<input type="text" value="8" name="request_num"/>
<br/>reqry_recordsum_flag:<input type="text" value="1" name="reqry_recordsum_flag"/>
<br/>qry_beginrownum:<input type="text" value="1" name="qry_beginrownum"/>
<br/>question_no:<input type="text" value="3" name="question_no"/>
<br/><input type="submit" value="ok">
</form>]
[10:46:07][|-string-|targetcomp_id=91000&sendercomp_id=91000&access_token=70E9C8095E904B3296F571620051A3862017021608270515315614&trust_way=2&request_num=8&reqry_recordsum_flag=1&qry_beginrownum=1&question_no=3]
[10:46:07][|-Url-|https://sitapi.hscloud.cn/cwsale/v1/paperinfo_question_section_qry
|-aParam-|Array
(
    [targetcomp_id] => 91000
    [sendercomp_id] => 91000
    [access_token] => 70E9C8095E904B3296F571620051A3862017021608270515315614
    [trust_way] => 2
    [request_num] => 8
    [reqry_recordsum_flag] => 1
    [qry_beginrownum] => 1
    [question_no] => 3
)
|-cRs-|Array
(
    [data] => {"data":[{"option_score":"5.00","rowcount":"5","success_type":"0","question_no":"3","error_code":"","option_no":"1","option_content":"A 投资过期货、股票、外汇、基金、及其它金融产品如黄金、债券、银行理财产品、储蓄等","total_count":"5","error_info":"","order_no":"1"},{"option_score":"3.00","rowcount":"5","success_type":"0","question_no":"3","error_code":"","option_no":"2","option_content":"B 没投资过期货、但投资过股票、外汇、基金、及其它产品如黄金、债券、银行理财产品、储蓄等","total_count":"5","error_info":"","order_no":"2"},{"option_score":"1.00","rowcount":"5","success_type":"0","question_no":"3","error_code":"","option_no":"3","option_content":"C 投资过基金、及其它产品如黄金、债券、银行理财产品、储蓄等","total_count":"5","error_info":"","order_no":"3"},{"option_score":"0.00","rowcount":"5","success_type":"0","question_no":"3","error_code":"","option_no":"4","option_content":"D 只投资过黄金、债券、银行理财产品、储蓄等金融产品","total_count":"5","error_info":"","order_no":"4"},{"option_score":"0.00","rowcount":"5","success_type":"0","question_no":"3","error_code":"","option_no":"5","option_content":"E 没有投资过","total_count":"5","error_info":"","order_no":"5"}]}
    [code] => 200
)
]
[10:46:07][|-x-|https://sitapi.hscloud.cn/cwsale/v1/paperinfo_question_section_qry
<br/><form method="post" action="https://sitapi.hscloud.cn/cwsale/v1/paperinfo_question_section_qry">
<br/>targetcomp_id:<input type="text" value="91000" name="targetcomp_id"/>
<br/>sendercomp_id:<input type="text" value="91000" name="sendercomp_id"/>
<br/>access_token:<input type="text" value="70E9C8095E904B3296F571620051A3862017021608270515315614" name="access_token"/>
<br/>trust_way:<input type="text" value="2" name="trust_way"/>
<br/>request_num:<input type="text" value="8" name="request_num"/>
<br/>reqry_recordsum_flag:<input type="text" value="1" name="reqry_recordsum_flag"/>
<br/>qry_beginrownum:<input type="text" value="1" name="qry_beginrownum"/>
<br/>question_no:<input type="text" value="4" name="question_no"/>
<br/><input type="submit" value="ok">
</form>]
[10:46:07][|-string-|targetcomp_id=91000&sendercomp_id=91000&access_token=70E9C8095E904B3296F571620051A3862017021608270515315614&trust_way=2&request_num=8&reqry_recordsum_flag=1&qry_beginrownum=1&question_no=4]
[10:46:07][|-Url-|https://sitapi.hscloud.cn/cwsale/v1/paperinfo_question_section_qry
|-aParam-|Array
(
    [targetcomp_id] => 91000
    [sendercomp_id] => 91000
    [access_token] => 70E9C8095E904B3296F571620051A3862017021608270515315614
    [trust_way] => 2
    [request_num] => 8
    [reqry_recordsum_flag] => 1
    [qry_beginrownum] => 1
    [question_no] => 4
)
|-cRs-|Array
(
    [data] => {"data":[{"option_score":"10.00","rowcount":"5","success_type":"0","question_no":"4","error_code":"","option_no":"1","option_content":"A 50%以上","total_count":"5","error_info":"","order_no":"1"},{"option_score":"8.00","rowcount":"5","success_type":"0","question_no":"4","error_code":"","option_no":"2","option_content":"B 30%以上50%以下","total_count":"5","error_info":"","order_no":"2"},{"option_score":"6.00","rowcount":"5","success_type":"0","question_no":"4","error_code":"","option_no":"3","option_content":"C 15%以上30%以下","total_count":"5","error_info":"","order_no":"3"},{"option_score":"4.00","rowcount":"5","success_type":"0","question_no":"4","error_code":"","option_no":"4","option_content":"D 5%以上15以下","total_count":"5","error_info":"","order_no":"4"},{"option_score":"2.00","rowcount":"5","success_type":"0","question_no":"4","error_code":"","option_no":"5","option_content":"E 5%以下","total_count":"5","error_info":"","order_no":"5"}]}
    [code] => 200
)
]
[10:46:07][|-x-|https://sitapi.hscloud.cn/cwsale/v1/paperinfo_question_section_qry
<br/><form method="post" action="https://sitapi.hscloud.cn/cwsale/v1/paperinfo_question_section_qry">
<br/>targetcomp_id:<input type="text" value="91000" name="targetcomp_id"/>
<br/>sendercomp_id:<input type="text" value="91000" name="sendercomp_id"/>
<br/>access_token:<input type="text" value="70E9C8095E904B3296F571620051A3862017021608270515315614" name="access_token"/>
<br/>trust_way:<input type="text" value="2" name="trust_way"/>
<br/>request_num:<input type="text" value="8" name="request_num"/>
<br/>reqry_recordsum_flag:<input type="text" value="1" name="reqry_recordsum_flag"/>
<br/>qry_beginrownum:<input type="text" value="1" name="qry_beginrownum"/>
<br/>question_no:<input type="text" value="5" name="question_no"/>
<br/><input type="submit" value="ok">
</form>]
[10:46:07][|-string-|targetcomp_id=91000&sendercomp_id=91000&access_token=70E9C8095E904B3296F571620051A3862017021608270515315614&trust_way=2&request_num=8&reqry_recordsum_flag=1&qry_beginrownum=1&question_no=5]
[10:46:07][|-Url-|https://sitapi.hscloud.cn/cwsale/v1/paperinfo_question_section_qry
|-aParam-|Array
(
    [targetcomp_id] => 91000
    [sendercomp_id] => 91000
    [access_token] => 70E9C8095E904B3296F571620051A3862017021608270515315614
    [trust_way] => 2
    [request_num] => 8
    [reqry_recordsum_flag] => 1
    [qry_beginrownum] => 1
    [question_no] => 5
)
|-cRs-|Array
(
    [data] => {"data":[{"option_score":"3.00","rowcount":"4","success_type":"0","question_no":"5","error_code":"","option_no":"1","option_content":"A 广播、电视等媒体宣传","total_count":"4","error_info":"","order_no":"1"},{"option_score":"3.00","rowcount":"4","success_type":"0","question_no":"5","error_code":"","option_no":"2","option_content":"B 专业人士（工作人员）推荐","total_count":"4","error_info":"","order_no":"2"},{"option_score":"3.00","rowcount":"4","success_type":"0","question_no":"5","error_code":"","option_no":"3","option_content":"C 亲友介绍","total_count":"4","error_info":"","order_no":"3"},{"option_score":"5.00","rowcount":"4","success_type":"0","question_no":"5","error_code":"","option_no":"4","option_content":"D 自己本来就很有理财意识","total_count":"4","error_info":"","order_no":"4"}]}
    [code] => 200
)
]
[10:46:07][|-x-|https://sitapi.hscloud.cn/cwsale/v1/paperinfo_question_section_qry
<br/><form method="post" action="https://sitapi.hscloud.cn/cwsale/v1/paperinfo_question_section_qry">
<br/>targetcomp_id:<input type="text" value="91000" name="targetcomp_id"/>
<br/>sendercomp_id:<input type="text" value="91000" name="sendercomp_id"/>
<br/>access_token:<input type="text" value="70E9C8095E904B3296F571620051A3862017021608270515315614" name="access_token"/>
<br/>trust_way:<input type="text" value="2" name="trust_way"/>
<br/>request_num:<input type="text" value="8" name="request_num"/>
<br/>reqry_recordsum_flag:<input type="text" value="1" name="reqry_recordsum_flag"/>
<br/>qry_beginrownum:<input type="text" value="1" name="qry_beginrownum"/>
<br/>question_no:<input type="text" value="6" name="question_no"/>
<br/><input type="submit" value="ok">
</form>]
[10:46:07][|-string-|targetcomp_id=91000&sendercomp_id=91000&access_token=70E9C8095E904B3296F571620051A3862017021608270515315614&trust_way=2&request_num=8&reqry_recordsum_flag=1&qry_beginrownum=1&question_no=6]
[10:46:07][|-Url-|https://sitapi.hscloud.cn/cwsale/v1/paperinfo_question_section_qry
|-aParam-|Array
(
    [targetcomp_id] => 91000
    [sendercomp_id] => 91000
    [access_token] => 70E9C8095E904B3296F571620051A3862017021608270515315614
    [trust_way] => 2
    [request_num] => 8
    [reqry_recordsum_flag] => 1
    [qry_beginrownum] => 1
    [question_no] => 6
)
|-cRs-|Array
(
    [data] => {"data":[{"option_score":"10.00","rowcount":"5","success_type":"0","question_no":"6","error_code":"","option_no":"1","option_content":"A 基金公司专业的管理能力","total_count":"5","error_info":"","order_no":"1"},{"option_score":"8.00","rowcount":"5","success_type":"0","question_no":"6","error_code":"","option_no":"2","option_content":"B 长期表现比较稳健","total_count":"5","error_info":"","order_no":"2"},{"option_score":"6.00","rowcount":"5","success_type":"0","question_no":"6","error_code":"","option_no":"3","option_content":"C 投资理财的乐趣","total_count":"5","error_info":"","order_no":"3"},{"option_score":"2.00","rowcount":"5","success_type":"0","question_no":"6","error_code":"","option_no":"4","option_content":"D 没什么理由，感觉能赚钱","total_count":"5","error_info":"","order_no":"4"},{"option_score":"0.00","rowcount":"5","success_type":"0","question_no":"6","error_code":"","option_no":"5","option_content":"E 稳赚不赔较为保险的投资方式","total_count":"5","error_info":"","order_no":"5"}]}
    [code] => 200
)
]
[10:46:07][|-x-|https://sitapi.hscloud.cn/cwsale/v1/paperinfo_question_section_qry
<br/><form method="post" action="https://sitapi.hscloud.cn/cwsale/v1/paperinfo_question_section_qry">
<br/>targetcomp_id:<input type="text" value="91000" name="targetcomp_id"/>
<br/>sendercomp_id:<input type="text" value="91000" name="sendercomp_id"/>
<br/>access_token:<input type="text" value="70E9C8095E904B3296F571620051A3862017021608270515315614" name="access_token"/>
<br/>trust_way:<input type="text" value="2" name="trust_way"/>
<br/>request_num:<input type="text" value="8" name="request_num"/>
<br/>reqry_recordsum_flag:<input type="text" value="1" name="reqry_recordsum_flag"/>
<br/>qry_beginrownum:<input type="text" value="1" name="qry_beginrownum"/>
<br/>question_no:<input type="text" value="7" name="question_no"/>
<br/><input type="submit" value="ok">
</form>]
[10:46:07][|-string-|targetcomp_id=91000&sendercomp_id=91000&access_token=70E9C8095E904B3296F571620051A3862017021608270515315614&trust_way=2&request_num=8&reqry_recordsum_flag=1&qry_beginrownum=1&question_no=7]
[10:46:07][|-Url-|https://sitapi.hscloud.cn/cwsale/v1/paperinfo_question_section_qry
|-aParam-|Array
(
    [targetcomp_id] => 91000
    [sendercomp_id] => 91000
    [access_token] => 70E9C8095E904B3296F571620051A3862017021608270515315614
    [trust_way] => 2
    [request_num] => 8
    [reqry_recordsum_flag] => 1
    [qry_beginrownum] => 1
    [question_no] => 7
)
|-cRs-|Array
(
    [data] => {"data":[{"option_score":"5.00","rowcount":"5","success_type":"0","question_no":"7","error_code":"","option_no":"1","option_content":"A 偏股型、债券型、保本型、货币型","total_count":"5","error_info":"","order_no":"1"},{"option_score":"3.00","rowcount":"5","success_type":"0","question_no":"7","error_code":"","option_no":"2","option_content":"B 债券型、保本型、货币型","total_count":"5","error_info":"","order_no":"2"},{"option_score":"2.00","rowcount":"5","success_type":"0","question_no":"7","error_code":"","option_no":"3","option_content":"C 保本型、货币型","total_count":"5","error_info":"","order_no":"3"},{"option_score":"0.00","rowcount":"5","success_type":"0","question_no":"7","error_code":"","option_no":"4","option_content":"D 购买过但不清楚类型","total_count":"5","error_info":"","order_no":"4"},{"option_score":"0.00","rowcount":"5","success_type":"0","question_no":"7","error_code":"","option_no":"5","option_content":"E 没有购买过","total_count":"5","error_info":"","order_no":"5"}]}
    [code] => 200
)
]
[10:46:07][|-x-|https://sitapi.hscloud.cn/cwsale/v1/paperinfo_question_section_qry
<br/><form method="post" action="https://sitapi.hscloud.cn/cwsale/v1/paperinfo_question_section_qry">
<br/>targetcomp_id:<input type="text" value="91000" name="targetcomp_id"/>
<br/>sendercomp_id:<input type="text" value="91000" name="sendercomp_id"/>
<br/>access_token:<input type="text" value="70E9C8095E904B3296F571620051A3862017021608270515315614" name="access_token"/>
<br/>trust_way:<input type="text" value="2" name="trust_way"/>
<br/>request_num:<input type="text" value="8" name="request_num"/>
<br/>reqry_recordsum_flag:<input type="text" value="1" name="reqry_recordsum_flag"/>
<br/>qry_beginrownum:<input type="text" value="1" name="qry_beginrownum"/>
<br/>question_no:<input type="text" value="8" name="question_no"/>
<br/><input type="submit" value="ok">
</form>]
[10:46:07][|-string-|targetcomp_id=91000&sendercomp_id=91000&access_token=70E9C8095E904B3296F571620051A3862017021608270515315614&trust_way=2&request_num=8&reqry_recordsum_flag=1&qry_beginrownum=1&question_no=8]
[10:46:07][|-Url-|https://sitapi.hscloud.cn/cwsale/v1/paperinfo_question_section_qry
|-aParam-|Array
(
    [targetcomp_id] => 91000
    [sendercomp_id] => 91000
    [access_token] => 70E9C8095E904B3296F571620051A3862017021608270515315614
    [trust_way] => 2
    [request_num] => 8
    [reqry_recordsum_flag] => 1
    [qry_beginrownum] => 1
    [question_no] => 8
)
|-cRs-|Array
(
    [data] => {"data":[{"option_score":"10.00","rowcount":"5","success_type":"0","question_no":"8","error_code":"","option_no":"1","option_content":"A 10年以上","total_count":"5","error_info":"","order_no":"1"},{"option_score":"8.00","rowcount":"5","success_type":"0","question_no":"8","error_code":"","option_no":"2","option_content":"B 5年以上10年以下","total_count":"5","error_info":"","order_no":"2"},{"option_score":"6.00","rowcount":"5","success_type":"0","question_no":"8","error_code":"","option_no":"3","option_content":"C 3年以上5年以下","total_count":"5","error_info":"","order_no":"3"},{"option_score":"4.00","rowcount":"5","success_type":"0","question_no":"8","error_code":"","option_no":"4","option_content":"D 1年以上3年以下","total_count":"5","error_info":"","order_no":"4"},{"option_score":"2.00","rowcount":"5","success_type":"0","question_no":"8","error_code":"","option_no":"5","option_content":"E 1年以下","total_count":"5","error_info":"","order_no":"5"}]}
    [code] => 200
)
]
[10:46:07][|-x-|https://sitapi.hscloud.cn/cwsale/v1/paperinfo_question_section_qry
<br/><form method="post" action="https://sitapi.hscloud.cn/cwsale/v1/paperinfo_question_section_qry">
<br/>targetcomp_id:<input type="text" value="91000" name="targetcomp_id"/>
<br/>sendercomp_id:<input type="text" value="91000" name="sendercomp_id"/>
<br/>access_token:<input type="text" value="70E9C8095E904B3296F571620051A3862017021608270515315614" name="access_token"/>
<br/>trust_way:<input type="text" value="2" name="trust_way"/>
<br/>request_num:<input type="text" value="8" name="request_num"/>
<br/>reqry_recordsum_flag:<input type="text" value="1" name="reqry_recordsum_flag"/>
<br/>qry_beginrownum:<input type="text" value="1" name="qry_beginrownum"/>
<br/>question_no:<input type="text" value="9" name="question_no"/>
<br/><input type="submit" value="ok">
</form>]
[10:46:08][|-string-|targetcomp_id=91000&sendercomp_id=91000&access_token=70E9C8095E904B3296F571620051A3862017021608270515315614&trust_way=2&request_num=8&reqry_recordsum_flag=1&qry_beginrownum=1&question_no=9]
[10:46:08][|-Url-|https://sitapi.hscloud.cn/cwsale/v1/paperinfo_question_section_qry
|-aParam-|Array
(
    [targetcomp_id] => 91000
    [sendercomp_id] => 91000
    [access_token] => 70E9C8095E904B3296F571620051A3862017021608270515315614
    [trust_way] => 2
    [request_num] => 8
    [reqry_recordsum_flag] => 1
    [qry_beginrownum] => 1
    [question_no] => 9
)
|-cRs-|Array
(
    [data] => {"data":[{"option_score":"3.00","rowcount":"4","success_type":"0","question_no":"9","error_code":"","option_no":"1","option_content":"A 全部卖出","total_count":"4","error_info":"","order_no":"1"},{"option_score":"5.00","rowcount":"4","success_type":"0","question_no":"9","error_code":"","option_no":"2","option_content":"B 增加投资","total_count":"4","error_info":"","order_no":"2"},{"option_score":"7.00","rowcount":"4","success_type":"0","question_no":"9","error_code":"","option_no":"3","option_content":"C 什么也不做","total_count":"4","error_info":"","order_no":"3"},{"option_score":"10.00","rowcount":"4","success_type":"0","question_no":"9","error_code":"","option_no":"4","option_content":"D 等待反弹，如果反弹超过10%，则追加投资","total_count":"4","error_info":"","order_no":"4"}]}
    [code] => 200
)
]
[10:48:28][|-x-|https://sitapi.hscloud.cn/cwsale/v1/paperinfo_mod_acct
<br/><form method="post" action="https://sitapi.hscloud.cn/cwsale/v1/paperinfo_mod_acct">
<br/>targetcomp_id:<input type="text" value="91000" name="targetcomp_id"/>
<br/>sendercomp_id:<input type="text" value="91000" name="sendercomp_id"/>
<br/>access_token:<input type="text" value="70E9C8095E904B3296F571620051A3862017021608270515315614" name="access_token"/>
<br/>trust_way:<input type="text" value="2" name="trust_way"/>
<br/>paper_id:<input type="text" value="20170215000350" name="paper_id"/>
<br/>elig_content:<input type="text" value="1:1|2:2|3:1|4:2|5:4|6:1|7:1|8:4|9:4|" name="elig_content"/>
<br/><input type="submit" value="ok">
</form>]
[10:48:28][|-string-|targetcomp_id=91000&sendercomp_id=91000&access_token=70E9C8095E904B3296F571620051A3862017021608270515315614&trust_way=2&paper_id=20170215000350&elig_content=1%3A1%7C2%3A2%7C3%3A1%7C4%3A2%7C5%3A4%7C6%3A1%7C7%3A1%7C8%3A4%7C9%3A4%7C]
[10:48:28][|-Url-|https://sitapi.hscloud.cn/cwsale/v1/paperinfo_mod_acct
|-aParam-|Array
(
    [targetcomp_id] => 91000
    [sendercomp_id] => 91000
    [access_token] => 70E9C8095E904B3296F571620051A3862017021608270515315614
    [trust_way] => 2
    [paper_id] => 20170215000350
    [elig_content] => 1:1|2:2|3:1|4:2|5:4|6:1|7:1|8:4|9:4|
)
|-cRs-|Array
(
    [data] => {"data":[{"invest_risk_tolerance":"2","success_type":"0","error_code":"","paper_id":"20170215000351","error_info":""}]}
    [code] => 200
)
]
[13:53:20][|-x-|https://sitapi.hscloud.cn/cwpay/v1/pay_sign_contract_sms
<br/><form method="post" action="https://sitapi.hscloud.cn/cwpay/v1/pay_sign_contract_sms">
<br/>targetcomp_id:<input type="text" value="91000" name="targetcomp_id"/>
<br/>sendercomp_id:<input type="text" value="91000" name="sendercomp_id"/>
<br/>access_token:<input type="text" value="C89109B3A6264051B51F0061915B154D2017021609182587983696" name="access_token"/>
<br/>serial_no:<input type="text" value="bj2017021613532069871" name="serial_no"/>
<br/>capital_mode:<input type="text" value="l" name="capital_mode"/>
<br/>merchant_name:<input type="text" value="test" name="merchant_name"/>
<br/>id_kind_gb:<input type="text" value="0" name="id_kind_gb"/>
<br/>id_no:<input type="text" value="421281199202010214" name="id_no"/>
<br/>real_name:<input type="text" value="江来" name="real_name"/>
<br/>mobile_tel:<input type="text" value="18671517368" name="mobile_tel"/>
<br/>order_date:<input type="text" value="20170216" name="order_date"/>
<br/>order_time:<input type="text" value="135320" name="order_time"/>
<br/>bank_account:<input type="text" value="6217000830000123038" name="bank_account"/>
<br/>bank_no:<input type="text" value="105110039241" name="bank_no"/>
<br/><input type="submit" value="ok">
</form>]
[13:53:21][|-string-|targetcomp_id=91000&sendercomp_id=91000&access_token=C89109B3A6264051B51F0061915B154D2017021609182587983696&serial_no=bj2017021613532069871&capital_mode=l&merchant_name=test&id_kind_gb=0&id_no=421281199202010214&real_name=%E6%B1%9F%E6%9D%A5&mobile_tel=18671517368&order_date=20170216&order_time=135320&bank_account=6217000830000123038&bank_no=105110039241]
[13:53:21][|-Url-|https://sitapi.hscloud.cn/cwpay/v1/pay_sign_contract_sms
|-aParam-|Array
(
    [targetcomp_id] => 91000
    [sendercomp_id] => 91000
    [access_token] => C89109B3A6264051B51F0061915B154D2017021609182587983696
    [serial_no] => bj2017021613532069871
    [capital_mode] => l
    [merchant_name] => test
    [id_kind_gb] => 0
    [id_no] => 421281199202010214
    [real_name] => 江来
    [mobile_tel] => 18671517368
    [order_date] => 20170216
    [order_time] => 135320
    [bank_account] => 6217000830000123038
    [bank_no] => 105110039241
)
|-cRs-|Array
(
    [data] => {"error":"invalid_token","error_description":"访问令牌无效或已过期!"}
    [code] => 401
)
]
[13:54:40][|-x-|https://sitapi.hscloud.cn/cwpay/v1/pay_sign_contract_sms
<br/><form method="post" action="https://sitapi.hscloud.cn/cwpay/v1/pay_sign_contract_sms">
<br/>targetcomp_id:<input type="text" value="91000" name="targetcomp_id"/>
<br/>sendercomp_id:<input type="text" value="91000" name="sendercomp_id"/>
<br/>access_token:<input type="text" value="C89109B3A6264051B51F0061915B154D2017021609182587983696" name="access_token"/>
<br/>serial_no:<input type="text" value="bj2017021613544059297" name="serial_no"/>
<br/>capital_mode:<input type="text" value="l" name="capital_mode"/>
<br/>merchant_name:<input type="text" value="test" name="merchant_name"/>
<br/>id_kind_gb:<input type="text" value="0" name="id_kind_gb"/>
<br/>id_no:<input type="text" value="421281199202010214" name="id_no"/>
<br/>real_name:<input type="text" value="江来" name="real_name"/>
<br/>mobile_tel:<input type="text" value="18671517368" name="mobile_tel"/>
<br/>order_date:<input type="text" value="20170216" name="order_date"/>
<br/>order_time:<input type="text" value="135440" name="order_time"/>
<br/>bank_account:<input type="text" value="6217000830000123038" name="bank_account"/>
<br/>bank_no:<input type="text" value="105110039241" name="bank_no"/>
<br/><input type="submit" value="ok">
</form>]
[13:54:40][|-string-|targetcomp_id=91000&sendercomp_id=91000&access_token=C89109B3A6264051B51F0061915B154D2017021609182587983696&serial_no=bj2017021613544059297&capital_mode=l&merchant_name=test&id_kind_gb=0&id_no=421281199202010214&real_name=%E6%B1%9F%E6%9D%A5&mobile_tel=18671517368&order_date=20170216&order_time=135440&bank_account=6217000830000123038&bank_no=105110039241]
[13:54:40][|-Url-|https://sitapi.hscloud.cn/cwpay/v1/pay_sign_contract_sms
|-aParam-|Array
(
    [targetcomp_id] => 91000
    [sendercomp_id] => 91000
    [access_token] => C89109B3A6264051B51F0061915B154D2017021609182587983696
    [serial_no] => bj2017021613544059297
    [capital_mode] => l
    [merchant_name] => test
    [id_kind_gb] => 0
    [id_no] => 421281199202010214
    [real_name] => 江来
    [mobile_tel] => 18671517368
    [order_date] => 20170216
    [order_time] => 135440
    [bank_account] => 6217000830000123038
    [bank_no] => 105110039241
)
|-cRs-|Array
(
    [data] => {"error":"invalid_token","error_description":"访问令牌无效或已过期!"}
    [code] => 401
)
]
[13:56:43][|-x-|https://sitapi.hscloud.cn/cwpay/v1/pay_sign_contract_sms
<br/><form method="post" action="https://sitapi.hscloud.cn/cwpay/v1/pay_sign_contract_sms">
<br/>targetcomp_id:<input type="text" value="91000" name="targetcomp_id"/>
<br/>sendercomp_id:<input type="text" value="91000" name="sendercomp_id"/>
<br/>access_token:<input type="text" value="C89109B3A6264051B51F0061915B154D2017021609182587983696" name="access_token"/>
<br/>serial_no:<input type="text" value="bj2017021613564383725" name="serial_no"/>
<br/>capital_mode:<input type="text" value="l" name="capital_mode"/>
<br/>merchant_name:<input type="text" value="test" name="merchant_name"/>
<br/>id_kind_gb:<input type="text" value="0" name="id_kind_gb"/>
<br/>id_no:<input type="text" value="421281199202011555" name="id_no"/>
<br/>real_name:<input type="text" value="江来" name="real_name"/>
<br/>mobile_tel:<input type="text" value="18671517368" name="mobile_tel"/>
<br/>order_date:<input type="text" value="20170216" name="order_date"/>
<br/>order_time:<input type="text" value="135643" name="order_time"/>
<br/>bank_account:<input type="text" value="6217000830000123033" name="bank_account"/>
<br/>bank_no:<input type="text" value="105100001044" name="bank_no"/>
<br/><input type="submit" value="ok">
</form>]
[13:56:43][|-string-|targetcomp_id=91000&sendercomp_id=91000&access_token=C89109B3A6264051B51F0061915B154D2017021609182587983696&serial_no=bj2017021613564383725&capital_mode=l&merchant_name=test&id_kind_gb=0&id_no=421281199202011555&real_name=%E6%B1%9F%E6%9D%A5&mobile_tel=18671517368&order_date=20170216&order_time=135643&bank_account=6217000830000123033&bank_no=105100001044]
[13:56:43][|-Url-|https://sitapi.hscloud.cn/cwpay/v1/pay_sign_contract_sms
|-aParam-|Array
(
    [targetcomp_id] => 91000
    [sendercomp_id] => 91000
    [access_token] => C89109B3A6264051B51F0061915B154D2017021609182587983696
    [serial_no] => bj2017021613564383725
    [capital_mode] => l
    [merchant_name] => test
    [id_kind_gb] => 0
    [id_no] => 421281199202011555
    [real_name] => 江来
    [mobile_tel] => 18671517368
    [order_date] => 20170216
    [order_time] => 135643
    [bank_account] => 6217000830000123033
    [bank_no] => 105100001044
)
|-cRs-|Array
(
    [data] => {"error":"invalid_token","error_description":"访问令牌无效或已过期!"}
    [code] => 401
)
]
[13:57:56][|-x-|https://sitapi.hscloud.cn/cwpay/v1/pay_sign_contract_sms
<br/><form method="post" action="https://sitapi.hscloud.cn/cwpay/v1/pay_sign_contract_sms">
<br/>targetcomp_id:<input type="text" value="91000" name="targetcomp_id"/>
<br/>sendercomp_id:<input type="text" value="91000" name="sendercomp_id"/>
<br/>access_token:<input type="text" value="C89109B3A6264051B51F0061915B154D2017021609182587983696" name="access_token"/>
<br/>serial_no:<input type="text" value="bj2017021613575661732" name="serial_no"/>
<br/>capital_mode:<input type="text" value="l" name="capital_mode"/>
<br/>merchant_name:<input type="text" value="test" name="merchant_name"/>
<br/>id_kind_gb:<input type="text" value="0" name="id_kind_gb"/>
<br/>id_no:<input type="text" value="421281199202011555" name="id_no"/>
<br/>real_name:<input type="text" value="江来" name="real_name"/>
<br/>mobile_tel:<input type="text" value="18671517368" name="mobile_tel"/>
<br/>order_date:<input type="text" value="20170216" name="order_date"/>
<br/>order_time:<input type="text" value="135756" name="order_time"/>
<br/>bank_account:<input type="text" value="6217000830000123033" name="bank_account"/>
<br/>bank_no:<input type="text" value="105100001044" name="bank_no"/>
<br/><input type="submit" value="ok">
</form>]
[13:57:56][|-string-|targetcomp_id=91000&sendercomp_id=91000&access_token=C89109B3A6264051B51F0061915B154D2017021609182587983696&serial_no=bj2017021613575661732&capital_mode=l&merchant_name=test&id_kind_gb=0&id_no=421281199202011555&real_name=%E6%B1%9F%E6%9D%A5&mobile_tel=18671517368&order_date=20170216&order_time=135756&bank_account=6217000830000123033&bank_no=105100001044]
[13:57:56][|-Url-|https://sitapi.hscloud.cn/cwpay/v1/pay_sign_contract_sms
|-aParam-|Array
(
    [targetcomp_id] => 91000
    [sendercomp_id] => 91000
    [access_token] => C89109B3A6264051B51F0061915B154D2017021609182587983696
    [serial_no] => bj2017021613575661732
    [capital_mode] => l
    [merchant_name] => test
    [id_kind_gb] => 0
    [id_no] => 421281199202011555
    [real_name] => 江来
    [mobile_tel] => 18671517368
    [order_date] => 20170216
    [order_time] => 135756
    [bank_account] => 6217000830000123033
    [bank_no] => 105100001044
)
|-cRs-|Array
(
    [data] => {"error":"invalid_token","error_description":"访问令牌无效或已过期!"}
    [code] => 401
)
]
