[09:17:02][|-Param-|Array
(
    [ReservedContent] => 啦品质部
)
]
[09:17:02][|-uRs-|Array
(
    [flag] => 10000
    [msg] => 修改成功
    [info] => 
)
]
[09:17:09][|-Param-|Array
(
    [ReservedContent] => 啦品质部
)
]
[09:17:09][|-uRs-|Array
(
    [flag] => 10007
    [msg] => 详情更新失败
    [info] => 
)
]
[09:17:15][|-Param-|Array
(
    [ReservedContent] => 啦品质部啊
)
]
[09:17:15][|-uRs-|Array
(
    [flag] => 10000
    [msg] => 修改成功
    [info] => 
)
]
[11:49:36][|-Param-|Array
(
    [ReservedContent] => 我是
)
]
[11:49:36][|-uRs-|Array
(
    [flag] => 10000
    [msg] => 修改成功
    [info] => 
)
]
[18:48:57][|-Param-|Array
(
    [ReservedContent] => 测试啊
)
]
[18:48:57][|-uRs-|Array
(
    [flag] => 10000
    [msg] => 修改成功
    [info] => 
)
]
[19:11:31][|-Param-|Array
(
    [ReservedContent] => 巴拉拉小魔仙11
)
]
[19:11:31][|-uRs-|Array
(
    [flag] => 10000
    [msg] => 修改成功
    [info] => 
)
]
