[10:43:31][|-Param-|Array
(
    [request_num] => 20
)
]
[10:43:36][|-rs-|Array
(
)
]
[10:43:48][|-Param-|Array
(
    [request_num] => 20
)
]
[10:43:53][|-rs-|Array
(
)
]
[10:56:48][|-Param-|Array
(
    [request_num] => 20
)
]
[10:56:53][|-rs-|Array
(
)
]
[11:05:39][|-Param-|Array
(
    [request_num] => 20
)
]
[11:05:45][|-rs-|Array
(
)
]
[11:05:55][|-Param-|Array
(
    [request_num] => 20
)
]
[11:06:00][|-rs-|Array
(
)
]
[11:10:40][|-Param-|Array
(
    [request_num] => 20
)
]
[11:10:45][|-rs-|Array
(
)
]
[11:10:55][|-Param-|Array
(
    [request_num] => 20
)
]
[11:10:57][|-Param-|Array
(
    [request_num] => 20
)
]
[11:11:00][|-rs-|Array
(
)
]
[11:11:02][|-rs-|Array
(
)
]
[11:11:18][|-Param-|Array
(
    [request_num] => 20
)
]
[11:11:23][|-rs-|Array
(
)
]
[11:11:52][|-Param-|Array
(
    [request_num] => 20
)
]
[11:11:57][|-rs-|Array
(
)
]
[11:12:22][|-Param-|Array
(
    [request_num] => 20
)
]
[11:12:27][|-rs-|Array
(
)
]
[11:14:29][|-Param-|Array
(
    [request_num] => 20
)
]
[11:14:34][|-rs-|Array
(
)
]
[11:15:09][|-Param-|Array
(
    [request_num] => 20
)
]
[11:15:14][|-rs-|Array
(
)
]
[11:16:46][|-Param-|Array
(
    [request_num] => 20
)
]
[11:16:52][|-rs-|Array
(
)
]
[14:50:48][|-Param-|Array
(
    [request_num] => 20
)
]
[14:51:07][|-Param-|Array
(
    [request_num] => 20
)
]
[14:54:42][|-Param-|Array
(
    [request_num] => 20
)
]
[14:55:49][|-Param-|Array
(
    [request_num] => 20
)
]
[14:56:03][|-Param-|Array
(
    [request_num] => 20
)
]
[14:56:43][|-Param-|Array
(
    [request_num] => 20
)
]
[14:56:56][|-Param-|Array
(
    [request_num] => 20
)
]
[14:56:58][|-Param-|Array
(
    [request_num] => 20
)
]
[14:57:18][|-Param-|Array
(
    [request_num] => 20
)
]
[14:57:21][|-Param-|Array
(
    [request_num] => 20
)
]
[14:58:22][|-Param-|Array
(
    [request_num] => 20
)
]
[15:02:08][|-Param-|Array
(
    [request_num] => 20
)
]
[15:02:12][|-Param-|Array
(
    [request_num] => 20
)
]
[15:02:19][|-Param-|Array
(
    [request_num] => 20
)
]
[15:02:40][|-Param-|Array
(
    [request_num] => 20
)
]
[15:02:42][|-Param-|Array
(
    [request_num] => 20
)
]
[15:02:49][|-Param-|Array
(
    [request_num] => 20
)
]
[15:07:11][|-Param-|Array
(
    [request_num] => 20
)
]
[15:08:31][|-Param-|Array
(
    [request_num] => 20
)
]
[15:23:01][|-Param-|Array
(
    [request_num] => 20
)
]
[15:23:01][|-rs-|Array
(
)
]
[15:23:04][|-Param-|Array
(
    [request_num] => 20
)
]
[15:23:04][|-rs-|Array
(
)
]
[15:23:05][|-Param-|Array
(
    [request_num] => 20
)
]
[15:23:05][|-rs-|Array
(
)
]
[15:23:06][|-Param-|Array
(
    [request_num] => 20
)
]
[15:23:06][|-rs-|Array
(
)
]
[15:23:07][|-Param-|Array
(
    [request_num] => 20
)
]
[15:23:07][|-rs-|Array
(
)
]
[15:23:08][|-Param-|Array
(
    [request_num] => 20
)
]
[15:23:08][|-rs-|Array
(
)
]
[15:23:09][|-Param-|Array
(
    [request_num] => 20
)
]
[15:23:09][|-rs-|Array
(
)
]
[15:23:09][|-Param-|Array
(
    [request_num] => 20
)
]
[15:23:10][|-rs-|Array
(
)
]
[15:23:10][|-Param-|Array
(
    [request_num] => 20
)
]
[15:23:10][|-rs-|Array
(
)
]
[15:23:10][|-Param-|Array
(
    [request_num] => 20
)
]
[15:23:10][|-rs-|Array
(
)
]
[15:23:19][|-Param-|Array
(
    [request_num] => 20
)
]
[15:23:19][|-rs-|Array
(
)
]
[15:23:20][|-Param-|Array
(
    [request_num] => 20
)
]
[15:23:20][|-rs-|Array
(
)
]
[15:23:22][|-Param-|Array
(
    [request_num] => 20
)
]
[15:23:22][|-rs-|Array
(
)
]
[15:48:35][|-Param-|Array
(
    [request_num] => 20
)
]
[15:48:35][|-rs-|Array
(
)
]
[15:48:35][|-Param-|Array
(
    [request_num] => 20
)
]
[15:48:35][|-rs-|Array
(
)
]
[15:48:35][|-Param-|Array
(
    [request_num] => 20
)
]
[15:48:35][|-rs-|Array
(
)
]
[15:49:46][|-Param-|Array
(
    [request_num] => 20
)
]
[15:49:46][|-rs-|Array
(
)
]
[15:50:41][|-Param-|Array
(
    [request_num] => 20
)
]
[15:50:42][|-rs-|Array
(
)
]
[15:50:42][|-Param-|Array
(
    [request_num] => 20
)
]
[15:50:42][|-rs-|Array
(
)
]
[15:55:19][|-Param-|Array
(
    [request_num] => 20
)
]
[15:55:19][|-rs-|Array
(
)
]
[15:56:09][|-Param-|Array
(
    [request_num] => 20
)
]
[15:56:10][|-rs-|Array
(
)
]
[15:56:11][|-Param-|Array
(
    [request_num] => 20
)
]
[15:56:11][|-rs-|Array
(
)
]
[15:56:12][|-Param-|Array
(
    [request_num] => 20
)
]
[15:56:12][|-rs-|Array
(
)
]
[15:56:13][|-Param-|Array
(
    [request_num] => 20
)
]
[15:56:13][|-rs-|Array
(
)
]
[15:56:31][|-Param-|Array
(
    [request_num] => 20
)
]
[15:56:31][|-rs-|Array
(
)
]
[15:56:32][|-Param-|Array
(
    [request_num] => 20
)
]
[15:56:32][|-rs-|Array
(
)
]
[15:56:47][|-Param-|Array
(
    [request_num] => 20
)
]
[15:56:48][|-rs-|Array
(
)
]
[15:56:48][|-Param-|Array
(
    [request_num] => 20
)
]
[15:56:48][|-rs-|Array
(
)
]
[15:57:05][|-Param-|Array
(
    [request_num] => 20
)
]
[15:57:05][|-rs-|Array
(
)
]
[15:57:06][|-Param-|Array
(
    [request_num] => 20
)
]
[15:57:06][|-rs-|Array
(
)
]
[15:57:07][|-Param-|Array
(
    [request_num] => 20
)
]
[15:57:07][|-rs-|Array
(
)
]
[15:57:39][|-Param-|Array
(
    [request_num] => 20
)
]
[15:57:39][|-rs-|Array
(
    [data] => Array
        (
            [0] => Array
                (
                    [question_content] => 01 您所处的年龄段是： (  )
                    [rowcount] => 9
                    [success_type] => 0
                    [answer_object] => 1
                    [question_no] => 1
                    [error_code] => 
                    [total_count] => 
                    [error_info] => 
                    [order_no] => 1
                )

            [1] => Array
                (
                    [question_content] => 02 您每月的可支配收入范围： (  )
                    [rowcount] => 9
                    [success_type] => 0
                    [answer_object] => 1
                    [question_no] => 2
                    [error_code] => 
                    [total_count] => 
                    [error_info] => 
                    [order_no] => 3
                )

            [2] => Array
                (
                    [question_content] => 03 您曾经投资过以下哪些金融产品： (  )
                    [rowcount] => 9
                    [success_type] => 0
                    [answer_object] => 1
                    [question_no] => 3
                    [error_code] => 
                    [total_count] => 
                    [error_info] => 
                    [order_no] => 4
                )

            [3] => Array
                (
                    [question_content] => 04 您准备投资的资金占到您个人或者家庭资产（包括固定和流动资产）的比例范围：  (  )
                    [rowcount] => 9
                    [success_type] => 0
                    [answer_object] => 1
                    [question_no] => 4
                    [error_code] => 
                    [total_count] => 
                    [error_info] => 
                    [order_no] => 5
                )

            [4] => Array
                (
                    [question_content] => 05 您从什么渠道开始对基金产生兴趣并准备开始投资： (  )
                    [rowcount] => 9
                    [success_type] => 0
                    [answer_object] => 1
                    [question_no] => 5
                    [error_code] => 
                    [total_count] => 
                    [error_info] => 
                    [order_no] => 6
                )

            [5] => Array
                (
                    [question_content] => 06 您认为投资基金的哪个方面最吸引您： (  )
                    [rowcount] => 9
                    [success_type] => 0
                    [answer_object] => 1
                    [question_no] => 6
                    [error_code] => 
                    [total_count] => 
                    [error_info] => 
                    [order_no] => 7
                )

            [6] => Array
                (
                    [question_content] => 07 您曾经购买过何种类型的基金产品： (  )
                    [rowcount] => 9
                    [success_type] => 0
                    [answer_object] => 1
                    [question_no] => 7
                    [error_code] => 
                    [total_count] => 
                    [error_info] => 
                    [order_no] => 8
                )

            [7] => Array
                (
                    [question_content] => 08 您大约会持有这项投资计划多久，才有可能动用其中的大部分资金： (  )
                    [rowcount] => 9
                    [success_type] => 0
                    [answer_object] => 1
                    [question_no] => 8
                    [error_code] => 
                    [total_count] => 
                    [error_info] => 
                    [order_no] => 9
                )

            [8] => Array
                (
                    [question_content] => 09 当您选择了一项投资工具，相信它在未来一段期间将翻番，可是不久却下跌了20%，这时您将： (  )
                    [rowcount] => 9
                    [success_type] => 0
                    [answer_object] => 1
                    [question_no] => 9
                    [error_code] => 
                    [total_count] => 
                    [error_info] => 
                    [order_no] => 10
                )

        )

)
]
[15:59:03][|-Param-|Array
(
    [request_num] => 20
)
]
[15:59:13][|-Param-|Array
(
    [request_num] => 20
)
]
[15:59:31][|-Param-|Array
(
    [request_num] => 20
)
]
[15:59:42][|-Param-|Array
(
    [request_num] => 20
)
]
[15:59:43][|-Param-|Array
(
    [request_num] => 20
)
]
[15:59:51][|-Param-|Array
(
    [request_num] => 20
)
]
[16:11:17][|-Param-|Array
(
    [request_num] => 20
)
]
[16:11:19][|-Param-|Array
(
    [request_num] => 20
)
]
[16:11:34][|-Param-|Array
(
    [request_num] => 20
)
]
[16:11:37][|-Param-|Array
(
    [request_num] => 20
)
]
[16:11:41][|-Param-|Array
(
    [request_num] => 20
)
]
[17:51:02][|-Param-|Array
(
    [request_num] => 20
)
]
[17:51:02][|-rs-|Array
(
    [data] => Array
        (
            [0] => Array
                (
                    [question_content] => 01 您所处的年龄段是： (  )
                    [rowcount] => 9
                    [success_type] => 0
                    [answer_object] => 1
                    [question_no] => 1
                    [error_code] => 
                    [total_count] => 
                    [error_info] => 
                    [order_no] => 1
                )

            [1] => Array
                (
                    [question_content] => 02 您每月的可支配收入范围： (  )
                    [rowcount] => 9
                    [success_type] => 0
                    [answer_object] => 1
                    [question_no] => 2
                    [error_code] => 
                    [total_count] => 
                    [error_info] => 
                    [order_no] => 3
                )

            [2] => Array
                (
                    [question_content] => 03 您曾经投资过以下哪些金融产品： (  )
                    [rowcount] => 9
                    [success_type] => 0
                    [answer_object] => 1
                    [question_no] => 3
                    [error_code] => 
                    [total_count] => 
                    [error_info] => 
                    [order_no] => 4
                )

            [3] => Array
                (
                    [question_content] => 04 您准备投资的资金占到您个人或者家庭资产（包括固定和流动资产）的比例范围：  (  )
                    [rowcount] => 9
                    [success_type] => 0
                    [answer_object] => 1
                    [question_no] => 4
                    [error_code] => 
                    [total_count] => 
                    [error_info] => 
                    [order_no] => 5
                )

            [4] => Array
                (
                    [question_content] => 05 您从什么渠道开始对基金产生兴趣并准备开始投资： (  )
                    [rowcount] => 9
                    [success_type] => 0
                    [answer_object] => 1
                    [question_no] => 5
                    [error_code] => 
                    [total_count] => 
                    [error_info] => 
                    [order_no] => 6
                )

            [5] => Array
                (
                    [question_content] => 06 您认为投资基金的哪个方面最吸引您： (  )
                    [rowcount] => 9
                    [success_type] => 0
                    [answer_object] => 1
                    [question_no] => 6
                    [error_code] => 
                    [total_count] => 
                    [error_info] => 
                    [order_no] => 7
                )

            [6] => Array
                (
                    [question_content] => 07 您曾经购买过何种类型的基金产品： (  )
                    [rowcount] => 9
                    [success_type] => 0
                    [answer_object] => 1
                    [question_no] => 7
                    [error_code] => 
                    [total_count] => 
                    [error_info] => 
                    [order_no] => 8
                )

            [7] => Array
                (
                    [question_content] => 08 您大约会持有这项投资计划多久，才有可能动用其中的大部分资金： (  )
                    [rowcount] => 9
                    [success_type] => 0
                    [answer_object] => 1
                    [question_no] => 8
                    [error_code] => 
                    [total_count] => 
                    [error_info] => 
                    [order_no] => 9
                )

            [8] => Array
                (
                    [question_content] => 09 当您选择了一项投资工具，相信它在未来一段期间将翻番，可是不久却下跌了20%，这时您将： (  )
                    [rowcount] => 9
                    [success_type] => 0
                    [answer_object] => 1
                    [question_no] => 9
                    [error_code] => 
                    [total_count] => 
                    [error_info] => 
                    [order_no] => 10
                )

        )

)
]
[17:51:45][|-Param-|Array
(
    [request_num] => 20
)
]
[17:59:48][|-Param-|Array
(
    [request_num] => 20
)
]
[17:59:51][|-Param-|Array
(
    [request_num] => 20
)
]
[18:00:03][|-Param-|Array
(
    [request_num] => 20
)
]
