[10:37:33][参数：Array
(
    [targetcomp_id] => 91000
    [sendercomp_id] => 91000
    [access_token] => 136A2B9823E64AA39937ACB4B3455EB92017021308184133334219
    [trust_way] => 2
    [capital_mode] => l
    [trade_source] => bjjj
    [request_num] => 10
    [reqry_recordsum_flag] => 1
    [qry_beginrownum] => 1
    [trade_acco] => 
    [client_id] => 10278
    [fund_code] => 
    [taconfirm_flag] => 9
    [hope_date] => 20170213
)
https://sitapi.hscloud.cn/cwsale/v1/trade_apply_qry
回参：Array
(
    [data] => {"data":[{"detail_fund_way":"","send_flags":"","hope_date":"","money_type":"","max_trade_succ_quota":"","target_fund_type":"","ta_acco":"","balance":"","apply_date":"","original_date":"","protocol_period_unit":"","deduct_status":"","discount_rate":"","apply_time":"","oppo_netno":"","first_exchdate":"","diffscale":"","max_succ_times":"","ofund_user_type":"","error_code":"1000","original_appno":"","busin_ass_code":"","shares":"","portfolio_code":"","success_type":"0","portfolio_allot_no":"","bank_no":"","expiry_date":"","combined_error_info":"","fund_froze_flag":"","busin_board_type":"","share_type":"","trade_acco":"","capital_mode":"","oppo_agency":"","after_discount_rate":"","oppo_trade_account":"","order_date":"","protocol_name":"","target_fund_code":"","fund_code":"","reserve_discount_rate":"","auto_buy":"","rowcount":"","cyber_bank_error_id":"","oppo_fund_account":"","total_count":"","taconfirm_flag":"","receivable_account":"","trade_period":"","allot_no":"","fund_exceed_flag":"","fund_busin_code":"","fund_risk_flag":"","error_info":"HS_QUERY-9K: 总记录数为0!"}]}
    [code] => 200
)
]
[10:51:24][参数：Array
(
    [targetcomp_id] => 91000
    [sendercomp_id] => 91000
    [access_token] => 136A2B9823E64AA39937ACB4B3455EB92017021308184133334219
    [trust_way] => 2
    [capital_mode] => l
    [trade_source] => bjjj
    [request_num] => 10
    [reqry_recordsum_flag] => 1
    [qry_beginrownum] => 1
    [trade_acco] => 
    [client_id] => 10268
    [fund_code] => 
    [taconfirm_flag] => 9
    [hope_date] => 20170213
)
https://sitapi.hscloud.cn/cwsale/v1/trade_apply_qry
回参：Array
(
    [data] => {"data":[{"detail_fund_way":"","send_flags":"","hope_date":"","money_type":"","max_trade_succ_quota":"","target_fund_type":"","ta_acco":"","balance":"","apply_date":"","original_date":"","protocol_period_unit":"","deduct_status":"","discount_rate":"","apply_time":"","oppo_netno":"","first_exchdate":"","diffscale":"","max_succ_times":"","ofund_user_type":"","error_code":"1000","original_appno":"","busin_ass_code":"","shares":"","portfolio_code":"","success_type":"0","portfolio_allot_no":"","bank_no":"","expiry_date":"","combined_error_info":"","fund_froze_flag":"","busin_board_type":"","share_type":"","trade_acco":"","capital_mode":"","oppo_agency":"","after_discount_rate":"","oppo_trade_account":"","order_date":"","protocol_name":"","target_fund_code":"","fund_code":"","reserve_discount_rate":"","auto_buy":"","rowcount":"","cyber_bank_error_id":"","oppo_fund_account":"","total_count":"","taconfirm_flag":"","receivable_account":"","trade_period":"","allot_no":"","fund_exceed_flag":"","fund_busin_code":"","fund_risk_flag":"","error_info":"HS_QUERY-9K: 总记录数为0!"}]}
    [code] => 200
)
]
[10:53:46][参数：Array
(
    [targetcomp_id] => 91000
    [sendercomp_id] => 91000
    [access_token] => 136A2B9823E64AA39937ACB4B3455EB92017021308184133334219
    [trust_way] => 2
    [capital_mode] => l
    [trade_source] => bjjj
    [request_num] => 10
    [reqry_recordsum_flag] => 1
    [qry_beginrownum] => 1
    [trade_acco] => 
    [client_id] => 10308
    [fund_code] => 
    [taconfirm_flag] => 9
    [hope_date] => 20170213
)
https://sitapi.hscloud.cn/cwsale/v1/trade_apply_qry
回参：Array
(
    [data] => {"data":[{"detail_fund_way":"","send_flags":"","hope_date":"","money_type":"","max_trade_succ_quota":"","target_fund_type":"","ta_acco":"","balance":"","apply_date":"","original_date":"","protocol_period_unit":"","deduct_status":"","discount_rate":"","apply_time":"","oppo_netno":"","first_exchdate":"","diffscale":"","max_succ_times":"","ofund_user_type":"","error_code":"1000","original_appno":"","busin_ass_code":"","shares":"","portfolio_code":"","success_type":"0","portfolio_allot_no":"","bank_no":"","expiry_date":"","combined_error_info":"","fund_froze_flag":"","busin_board_type":"","share_type":"","trade_acco":"","capital_mode":"","oppo_agency":"","after_discount_rate":"","oppo_trade_account":"","order_date":"","protocol_name":"","target_fund_code":"","fund_code":"","reserve_discount_rate":"","auto_buy":"","rowcount":"","cyber_bank_error_id":"","oppo_fund_account":"","total_count":"","taconfirm_flag":"","receivable_account":"","trade_period":"","allot_no":"","fund_exceed_flag":"","fund_busin_code":"","fund_risk_flag":"","error_info":"HS_QUERY-9K: 总记录数为0!"}]}
    [code] => 200
)
]
[11:01:47][参数：Array
(
    [targetcomp_id] => 91000
    [sendercomp_id] => 91000
    [access_token] => 136A2B9823E64AA39937ACB4B3455EB92017021308184133334219
    [trust_way] => 2
    [capital_mode] => l
    [trade_source] => bjjj
    [request_num] => 10
    [reqry_recordsum_flag] => 1
    [qry_beginrownum] => 1
    [trade_acco] => 
    [client_id] => 10308
    [fund_code] => 
    [taconfirm_flag] => 9
    [hope_date] => 20170213
)
https://sitapi.hscloud.cn/cwsale/v1/trade_apply_qry
回参：Array
(
    [data] => {"data":[{"detail_fund_way":"","send_flags":"","hope_date":"","money_type":"","max_trade_succ_quota":"","target_fund_type":"","ta_acco":"","balance":"","apply_date":"","original_date":"","protocol_period_unit":"","deduct_status":"","discount_rate":"","apply_time":"","oppo_netno":"","first_exchdate":"","diffscale":"","max_succ_times":"","ofund_user_type":"","error_code":"1000","original_appno":"","busin_ass_code":"","shares":"","portfolio_code":"","success_type":"0","portfolio_allot_no":"","bank_no":"","expiry_date":"","combined_error_info":"","fund_froze_flag":"","busin_board_type":"","share_type":"","trade_acco":"","capital_mode":"","oppo_agency":"","after_discount_rate":"","oppo_trade_account":"","order_date":"","protocol_name":"","target_fund_code":"","fund_code":"","reserve_discount_rate":"","auto_buy":"","rowcount":"","cyber_bank_error_id":"","oppo_fund_account":"","total_count":"","taconfirm_flag":"","receivable_account":"","trade_period":"","allot_no":"","fund_exceed_flag":"","fund_busin_code":"","fund_risk_flag":"","error_info":"HS_QUERY-9K: 总记录数为0!"}]}
    [code] => 200
)
]
[11:07:53][参数：Array
(
    [targetcomp_id] => 91000
    [sendercomp_id] => 91000
    [access_token] => 136A2B9823E64AA39937ACB4B3455EB92017021308184133334219
    [trust_way] => 2
    [capital_mode] => l
    [trade_source] => bjjj
    [request_num] => 10
    [reqry_recordsum_flag] => 1
    [qry_beginrownum] => 1
    [trade_acco] => 
    [client_id] => 10308
    [fund_code] => 
    [taconfirm_flag] => 9
    [hope_date] => 20170213
)
https://sitapi.hscloud.cn/cwsale/v1/trade_apply_qry
回参：Array
(
    [data] => {"data":[{"detail_fund_way":"","send_flags":"","hope_date":"","money_type":"","max_trade_succ_quota":"","target_fund_type":"","ta_acco":"","balance":"","apply_date":"","original_date":"","protocol_period_unit":"","deduct_status":"","discount_rate":"","apply_time":"","oppo_netno":"","first_exchdate":"","diffscale":"","max_succ_times":"","ofund_user_type":"","error_code":"1000","original_appno":"","busin_ass_code":"","shares":"","portfolio_code":"","success_type":"0","portfolio_allot_no":"","bank_no":"","expiry_date":"","combined_error_info":"","fund_froze_flag":"","busin_board_type":"","share_type":"","trade_acco":"","capital_mode":"","oppo_agency":"","after_discount_rate":"","oppo_trade_account":"","order_date":"","protocol_name":"","target_fund_code":"","fund_code":"","reserve_discount_rate":"","auto_buy":"","rowcount":"","cyber_bank_error_id":"","oppo_fund_account":"","total_count":"","taconfirm_flag":"","receivable_account":"","trade_period":"","allot_no":"","fund_exceed_flag":"","fund_busin_code":"","fund_risk_flag":"","error_info":"HS_QUERY-9K: 总记录数为0!"}]}
    [code] => 200
)
]
[11:17:22][参数：Array
(
    [targetcomp_id] => 91000
    [sendercomp_id] => 91000
    [access_token] => 136A2B9823E64AA39937ACB4B3455EB92017021308184133334219
    [trust_way] => 2
    [capital_mode] => l
    [trade_source] => bjjj
    [request_num] => 10
    [reqry_recordsum_flag] => 1
    [qry_beginrownum] => 1
    [trade_acco] => 
    [client_id] => 10308
    [fund_code] => 
    [taconfirm_flag] => 9
    [hope_date] => 20170213
)
https://sitapi.hscloud.cn/cwsale/v1/trade_apply_qry
回参：Array
(
    [data] => {"data":[{"detail_fund_way":"","send_flags":"","hope_date":"","money_type":"","max_trade_succ_quota":"","target_fund_type":"","ta_acco":"","balance":"","apply_date":"","original_date":"","protocol_period_unit":"","deduct_status":"","discount_rate":"","apply_time":"","oppo_netno":"","first_exchdate":"","diffscale":"","max_succ_times":"","ofund_user_type":"","error_code":"1000","original_appno":"","busin_ass_code":"","shares":"","portfolio_code":"","success_type":"0","portfolio_allot_no":"","bank_no":"","expiry_date":"","combined_error_info":"","fund_froze_flag":"","busin_board_type":"","share_type":"","trade_acco":"","capital_mode":"","oppo_agency":"","after_discount_rate":"","oppo_trade_account":"","order_date":"","protocol_name":"","target_fund_code":"","fund_code":"","reserve_discount_rate":"","auto_buy":"","rowcount":"","cyber_bank_error_id":"","oppo_fund_account":"","total_count":"","taconfirm_flag":"","receivable_account":"","trade_period":"","allot_no":"","fund_exceed_flag":"","fund_busin_code":"","fund_risk_flag":"","error_info":"HS_QUERY-9K: 总记录数为0!"}]}
    [code] => 200
)
]
[12:23:42][参数：Array
(
    [targetcomp_id] => 91000
    [sendercomp_id] => 91000
    [access_token] => 136A2B9823E64AA39937ACB4B3455EB92017021308184133334219
    [trust_way] => 2
    [capital_mode] => l
    [trade_source] => bjjj
    [request_num] => 10
    [reqry_recordsum_flag] => 1
    [qry_beginrownum] => 1
    [trade_acco] => 
    [client_id] => 10278
    [fund_code] => 
    [taconfirm_flag] => 9
    [hope_date] => 20170213
)
https://sitapi.hscloud.cn/cwsale/v1/trade_apply_qry
回参：Array
(
    [data] => {"data":[{"detail_fund_way":"","send_flags":"","hope_date":"","money_type":"","max_trade_succ_quota":"","target_fund_type":"","ta_acco":"","balance":"","apply_date":"","original_date":"","protocol_period_unit":"","deduct_status":"","discount_rate":"","apply_time":"","oppo_netno":"","first_exchdate":"","diffscale":"","max_succ_times":"","ofund_user_type":"","error_code":"1000","original_appno":"","busin_ass_code":"","shares":"","portfolio_code":"","success_type":"0","portfolio_allot_no":"","bank_no":"","expiry_date":"","combined_error_info":"","fund_froze_flag":"","busin_board_type":"","share_type":"","trade_acco":"","capital_mode":"","oppo_agency":"","after_discount_rate":"","oppo_trade_account":"","order_date":"","protocol_name":"","target_fund_code":"","fund_code":"","reserve_discount_rate":"","auto_buy":"","rowcount":"","cyber_bank_error_id":"","oppo_fund_account":"","total_count":"","taconfirm_flag":"","receivable_account":"","trade_period":"","allot_no":"","fund_exceed_flag":"","fund_busin_code":"","fund_risk_flag":"","error_info":"HS_QUERY-9K: 总记录数为0!"}]}
    [code] => 200
)
]
[14:46:25][参数：Array
(
    [targetcomp_id] => 91000
    [sendercomp_id] => 91000
    [access_token] => 136A2B9823E64AA39937ACB4B3455EB92017021308184133334219
    [trust_way] => 2
    [capital_mode] => l
    [trade_source] => bjjj
    [request_num] => 10
    [reqry_recordsum_flag] => 1
    [qry_beginrownum] => 1
    [trade_acco] => 
    [client_id] => 10308
    [fund_code] => 
    [taconfirm_flag] => 9
    [hope_date] => 20170213
)
https://sitapi.hscloud.cn/cwsale/v1/trade_apply_qry
回参：Array
(
    [data] => {"data":[{"detail_fund_way":"","send_flags":"","hope_date":"","money_type":"","max_trade_succ_quota":"","target_fund_type":"","ta_acco":"","balance":"","apply_date":"","original_date":"","protocol_period_unit":"","deduct_status":"","discount_rate":"","apply_time":"","oppo_netno":"","first_exchdate":"","diffscale":"","max_succ_times":"","ofund_user_type":"","error_code":"1000","original_appno":"","busin_ass_code":"","shares":"","portfolio_code":"","success_type":"0","portfolio_allot_no":"","bank_no":"","expiry_date":"","combined_error_info":"","fund_froze_flag":"","busin_board_type":"","share_type":"","trade_acco":"","capital_mode":"","oppo_agency":"","after_discount_rate":"","oppo_trade_account":"","order_date":"","protocol_name":"","target_fund_code":"","fund_code":"","reserve_discount_rate":"","auto_buy":"","rowcount":"","cyber_bank_error_id":"","oppo_fund_account":"","total_count":"","taconfirm_flag":"","receivable_account":"","trade_period":"","allot_no":"","fund_exceed_flag":"","fund_busin_code":"","fund_risk_flag":"","error_info":"HS_QUERY-9K: 总记录数为0!"}]}
    [code] => 200
)
]
[14:50:08][参数：Array
(
    [targetcomp_id] => 91000
    [sendercomp_id] => 91000
    [access_token] => 136A2B9823E64AA39937ACB4B3455EB92017021308184133334219
    [trust_way] => 2
    [capital_mode] => l
    [trade_source] => bjjj
    [request_num] => 10
    [reqry_recordsum_flag] => 1
    [qry_beginrownum] => 1
    [trade_acco] => 
    [client_id] => 10298
    [fund_code] => 
    [taconfirm_flag] => 9
    [hope_date] => 20170213
)
https://sitapi.hscloud.cn/cwsale/v1/trade_apply_qry
回参：Array
(
    [data] => {"data":[{"detail_fund_way":"","send_flags":"","hope_date":"","money_type":"","max_trade_succ_quota":"","target_fund_type":"","ta_acco":"","balance":"","apply_date":"","original_date":"","protocol_period_unit":"","deduct_status":"","discount_rate":"","apply_time":"","oppo_netno":"","first_exchdate":"","diffscale":"","max_succ_times":"","ofund_user_type":"","error_code":"1000","original_appno":"","busin_ass_code":"","shares":"","portfolio_code":"","success_type":"0","portfolio_allot_no":"","bank_no":"","expiry_date":"","combined_error_info":"","fund_froze_flag":"","busin_board_type":"","share_type":"","trade_acco":"","capital_mode":"","oppo_agency":"","after_discount_rate":"","oppo_trade_account":"","order_date":"","protocol_name":"","target_fund_code":"","fund_code":"","reserve_discount_rate":"","auto_buy":"","rowcount":"","cyber_bank_error_id":"","oppo_fund_account":"","total_count":"","taconfirm_flag":"","receivable_account":"","trade_period":"","allot_no":"","fund_exceed_flag":"","fund_busin_code":"","fund_risk_flag":"","error_info":"HS_QUERY-9K: 总记录数为0!"}]}
    [code] => 200
)
]
[14:50:41][参数：Array
(
    [targetcomp_id] => 91000
    [sendercomp_id] => 91000
    [access_token] => 136A2B9823E64AA39937ACB4B3455EB92017021308184133334219
    [trust_way] => 2
    [capital_mode] => l
    [trade_source] => bjjj
    [request_num] => 10
    [reqry_recordsum_flag] => 1
    [qry_beginrownum] => 1
    [trade_acco] => 
    [client_id] => 10298
    [fund_code] => 
    [taconfirm_flag] => 9
    [hope_date] => 20170213
)
https://sitapi.hscloud.cn/cwsale/v1/trade_apply_qry
回参：Array
(
    [data] => {"data":[{"detail_fund_way":"","send_flags":"","hope_date":"","money_type":"","max_trade_succ_quota":"","target_fund_type":"","ta_acco":"","balance":"","apply_date":"","original_date":"","protocol_period_unit":"","deduct_status":"","discount_rate":"","apply_time":"","oppo_netno":"","first_exchdate":"","diffscale":"","max_succ_times":"","ofund_user_type":"","error_code":"1000","original_appno":"","busin_ass_code":"","shares":"","portfolio_code":"","success_type":"0","portfolio_allot_no":"","bank_no":"","expiry_date":"","combined_error_info":"","fund_froze_flag":"","busin_board_type":"","share_type":"","trade_acco":"","capital_mode":"","oppo_agency":"","after_discount_rate":"","oppo_trade_account":"","order_date":"","protocol_name":"","target_fund_code":"","fund_code":"","reserve_discount_rate":"","auto_buy":"","rowcount":"","cyber_bank_error_id":"","oppo_fund_account":"","total_count":"","taconfirm_flag":"","receivable_account":"","trade_period":"","allot_no":"","fund_exceed_flag":"","fund_busin_code":"","fund_risk_flag":"","error_info":"HS_QUERY-9K: 总记录数为0!"}]}
    [code] => 200
)
]
[15:29:36][参数：Array
(
    [targetcomp_id] => 91000
    [sendercomp_id] => 91000
    [access_token] => 136A2B9823E64AA39937ACB4B3455EB92017021308184133334219
    [trust_way] => 2
    [capital_mode] => l
    [trade_source] => bjjj
    [request_num] => 10
    [reqry_recordsum_flag] => 1
    [qry_beginrownum] => 1
    [trade_acco] => 
    [client_id] => 10308
    [fund_code] => 
    [taconfirm_flag] => 9
    [hope_date] => 20170213
)
https://sitapi.hscloud.cn/cwsale/v1/trade_apply_qry
回参：Array
(
    [data] => {"data":[{"detail_fund_way":"","send_flags":"","hope_date":"","money_type":"","max_trade_succ_quota":"","target_fund_type":"","ta_acco":"","balance":"","apply_date":"","original_date":"","protocol_period_unit":"","deduct_status":"","discount_rate":"","apply_time":"","oppo_netno":"","first_exchdate":"","diffscale":"","max_succ_times":"","ofund_user_type":"","error_code":"1000","original_appno":"","busin_ass_code":"","shares":"","portfolio_code":"","success_type":"0","portfolio_allot_no":"","bank_no":"","expiry_date":"","combined_error_info":"","fund_froze_flag":"","busin_board_type":"","share_type":"","trade_acco":"","capital_mode":"","oppo_agency":"","after_discount_rate":"","oppo_trade_account":"","order_date":"","protocol_name":"","target_fund_code":"","fund_code":"","reserve_discount_rate":"","auto_buy":"","rowcount":"","cyber_bank_error_id":"","oppo_fund_account":"","total_count":"","taconfirm_flag":"","receivable_account":"","trade_period":"","allot_no":"","fund_exceed_flag":"","fund_busin_code":"","fund_risk_flag":"","error_info":"HS_QUERY-9K: 总记录数为0!"}]}
    [code] => 200
)
]
[15:35:16][参数：Array
(
    [targetcomp_id] => 91000
    [sendercomp_id] => 91000
    [access_token] => 136A2B9823E64AA39937ACB4B3455EB92017021308184133334219
    [trust_way] => 2
    [capital_mode] => l
    [trade_source] => bjjj
    [request_num] => 10
    [reqry_recordsum_flag] => 1
    [qry_beginrownum] => 1
    [trade_acco] => 
    [client_id] => 10278
    [fund_code] => 
    [taconfirm_flag] => 9
    [hope_date] => 20170213
)
https://sitapi.hscloud.cn/cwsale/v1/trade_apply_qry
回参：Array
(
    [data] => {"data":[{"detail_fund_way":"","send_flags":"","hope_date":"","money_type":"","max_trade_succ_quota":"","target_fund_type":"","ta_acco":"","balance":"","apply_date":"","original_date":"","protocol_period_unit":"","deduct_status":"","discount_rate":"","apply_time":"","oppo_netno":"","first_exchdate":"","diffscale":"","max_succ_times":"","ofund_user_type":"","error_code":"1000","original_appno":"","busin_ass_code":"","shares":"","portfolio_code":"","success_type":"0","portfolio_allot_no":"","bank_no":"","expiry_date":"","combined_error_info":"","fund_froze_flag":"","busin_board_type":"","share_type":"","trade_acco":"","capital_mode":"","oppo_agency":"","after_discount_rate":"","oppo_trade_account":"","order_date":"","protocol_name":"","target_fund_code":"","fund_code":"","reserve_discount_rate":"","auto_buy":"","rowcount":"","cyber_bank_error_id":"","oppo_fund_account":"","total_count":"","taconfirm_flag":"","receivable_account":"","trade_period":"","allot_no":"","fund_exceed_flag":"","fund_busin_code":"","fund_risk_flag":"","error_info":"HS_QUERY-9K: 总记录数为0!"}]}
    [code] => 200
)
]
[16:04:46][参数：Array
(
    [targetcomp_id] => 91000
    [sendercomp_id] => 91000
    [access_token] => 136A2B9823E64AA39937ACB4B3455EB92017021308184133334219
    [trust_way] => 2
    [capital_mode] => l
    [trade_source] => bjjj
    [request_num] => 10
    [reqry_recordsum_flag] => 1
    [qry_beginrownum] => 1
    [trade_acco] => 
    [client_id] => 10278
    [fund_code] => 
    [taconfirm_flag] => 9
    [hope_date] => 20170213
)
https://sitapi.hscloud.cn/cwsale/v1/trade_apply_qry
回参：Array
(
    [data] => {"data":[{"detail_fund_way":"","send_flags":"","hope_date":"","money_type":"","max_trade_succ_quota":"","target_fund_type":"","ta_acco":"","balance":"","apply_date":"","original_date":"","protocol_period_unit":"","deduct_status":"","discount_rate":"","apply_time":"","oppo_netno":"","first_exchdate":"","diffscale":"","max_succ_times":"","ofund_user_type":"","error_code":"1000","original_appno":"","busin_ass_code":"","shares":"","portfolio_code":"","success_type":"0","portfolio_allot_no":"","bank_no":"","expiry_date":"","combined_error_info":"","fund_froze_flag":"","busin_board_type":"","share_type":"","trade_acco":"","capital_mode":"","oppo_agency":"","after_discount_rate":"","oppo_trade_account":"","order_date":"","protocol_name":"","target_fund_code":"","fund_code":"","reserve_discount_rate":"","auto_buy":"","rowcount":"","cyber_bank_error_id":"","oppo_fund_account":"","total_count":"","taconfirm_flag":"","receivable_account":"","trade_period":"","allot_no":"","fund_exceed_flag":"","fund_busin_code":"","fund_risk_flag":"","error_info":"HS_QUERY-9K: 总记录数为0!"}]}
    [code] => 200
)
]
[16:33:48][参数：Array
(
    [targetcomp_id] => 91000
    [sendercomp_id] => 91000
    [access_token] => 136A2B9823E64AA39937ACB4B3455EB92017021308184133334219
    [trust_way] => 2
    [capital_mode] => l
    [trade_source] => bjjj
    [request_num] => 10
    [reqry_recordsum_flag] => 1
    [qry_beginrownum] => 1
    [trade_acco] => 
    [client_id] => 10278
    [fund_code] => 
    [taconfirm_flag] => 9
    [hope_date] => 20170213
)
https://sitapi.hscloud.cn/cwsale/v1/trade_apply_qry
回参：Array
(
    [data] => {"data":[{"detail_fund_way":"","send_flags":"","hope_date":"","money_type":"","max_trade_succ_quota":"","target_fund_type":"","ta_acco":"","balance":"","apply_date":"","original_date":"","protocol_period_unit":"","deduct_status":"","discount_rate":"","apply_time":"","oppo_netno":"","first_exchdate":"","diffscale":"","max_succ_times":"","ofund_user_type":"","error_code":"1000","original_appno":"","busin_ass_code":"","shares":"","portfolio_code":"","success_type":"0","portfolio_allot_no":"","bank_no":"","expiry_date":"","combined_error_info":"","fund_froze_flag":"","busin_board_type":"","share_type":"","trade_acco":"","capital_mode":"","oppo_agency":"","after_discount_rate":"","oppo_trade_account":"","order_date":"","protocol_name":"","target_fund_code":"","fund_code":"","reserve_discount_rate":"","auto_buy":"","rowcount":"","cyber_bank_error_id":"","oppo_fund_account":"","total_count":"","taconfirm_flag":"","receivable_account":"","trade_period":"","allot_no":"","fund_exceed_flag":"","fund_busin_code":"","fund_risk_flag":"","error_info":"HS_QUERY-9K: 总记录数为0!"}]}
    [code] => 200
)
]
[17:01:35][参数：Array
(
    [targetcomp_id] => 91000
    [sendercomp_id] => 91000
    [access_token] => 136A2B9823E64AA39937ACB4B3455EB92017021308184133334219
    [trust_way] => 2
    [capital_mode] => l
    [trade_source] => bjjj
    [request_num] => 10
    [reqry_recordsum_flag] => 1
    [qry_beginrownum] => 1
    [trade_acco] => 
    [client_id] => 10328
    [fund_code] => 
    [taconfirm_flag] => 9
    [hope_date] => 20170213
)
https://sitapi.hscloud.cn/cwsale/v1/trade_apply_qry
回参：Array
(
    [data] => {"data":[{"detail_fund_way":"","send_flags":"","hope_date":"","money_type":"","max_trade_succ_quota":"","target_fund_type":"","ta_acco":"","balance":"","apply_date":"","original_date":"","protocol_period_unit":"","deduct_status":"","discount_rate":"","apply_time":"","oppo_netno":"","first_exchdate":"","diffscale":"","max_succ_times":"","ofund_user_type":"","error_code":"1000","original_appno":"","busin_ass_code":"","shares":"","portfolio_code":"","success_type":"0","portfolio_allot_no":"","bank_no":"","expiry_date":"","combined_error_info":"","fund_froze_flag":"","busin_board_type":"","share_type":"","trade_acco":"","capital_mode":"","oppo_agency":"","after_discount_rate":"","oppo_trade_account":"","order_date":"","protocol_name":"","target_fund_code":"","fund_code":"","reserve_discount_rate":"","auto_buy":"","rowcount":"","cyber_bank_error_id":"","oppo_fund_account":"","total_count":"","taconfirm_flag":"","receivable_account":"","trade_period":"","allot_no":"","fund_exceed_flag":"","fund_busin_code":"","fund_risk_flag":"","error_info":"HS_QUERY-9K: 总记录数为0!"}]}
    [code] => 200
)
]
