[15:01:57][|-moRs-|Array
(
    [userID] => 196
    [centerUrl] => https://trade.buyfunds.cn/user/center
    [keywords] => 基金,基金销售,伯嘉基金,伯嘉基金网,基金第三方销售平台,网上买基金,现金宝,质押宝,固定收益,打新基金,高端理财,基金申购,基金认购,基金费率,免费开户,网上基金开户,开户流程
    [description] => 伯嘉基金网是证监会批准的独立基金销售机构，民生银行全程监管资金安全。网上买基金，首选伯嘉。7*24小时免费基金开户，基金开户流程方便快捷，仅需10秒。
    [headerCss] => 
    [nav] => wdzh
    [backUrl] => https://trade.buyfunds.cn/_user/Userinfo
    [nickName] => 严萌
    [subnav] => 
    [sidebar] => 
    [title] => 交易密码修改_我的账户_伯嘉基金网
    [uid] => 196
    [mobile] => 15972158074
    [tid] => 1486623682
    [stid] => 1486623717
    [mkid] => 7fc4701807012da1
    [userInfo] => Array
        (
            [UserID] => 196
            [HsUserID] => 10108
            [HsAccount] => 1164
            [UserName] => CM-196
            [NickName] => 严萌
            [Mobile] => 15972158074
            [Status] => 1
            [LastLoginIP] => 192.168.15.235
            [LastLoginTime] => 2017-02-09 14:40:15
            [ActiveTime] => 2017-02-09 14:40:15
            [KeyStr] => 92fb964cb8285f22a7493bf0b89affd3
            [RegTime] => 2017-02-06 09:26:03
            [GroupIDs] => Array
                (
                    [0] => 1
                )

        )

    [userDetail] => Array
        (
            [UserID] => 196
            [Country] => 
            [RiskBear] => 1
            [PaperID] => 20170206000015
            [TelPhone] => 02787530321
            [Email] => 1160076821@qq.com
            [Address] => 吾问无为谓呜呜呜
            [Postal] => 430000
            [Job] => 1
            [SendRate] => 1
            [SendMethod] => a:1:{i:0;i:1;}
            [ReservedContent] => 巴拉拉小魔仙
        )

)
]
[15:08:21][|-moRs-|Array
(
    [userID] => 196
    [centerUrl] => https://trade.buyfunds.cn/user/center
    [keywords] => 基金,基金销售,伯嘉基金,伯嘉基金网,基金第三方销售平台,网上买基金,现金宝,质押宝,固定收益,打新基金,高端理财,基金申购,基金认购,基金费率,免费开户,网上基金开户,开户流程
    [description] => 伯嘉基金网是证监会批准的独立基金销售机构，民生银行全程监管资金安全。网上买基金，首选伯嘉。7*24小时免费基金开户，基金开户流程方便快捷，仅需10秒。
    [headerCss] => 
    [nav] => wdzh
    [backUrl] => https://trade.buyfunds.cn/_user/Userinfo
    [nickName] => 严萌
    [subnav] => 
    [sidebar] => 
    [title] => 交易密码修改_我的账户_伯嘉基金网
    [uid] => 196
    [mobile] => 15972158074
    [tid] => 1486624059
    [stid] => 1486624101
    [mkid] => 8a21057e3007d810
    [userInfo] => Array
        (
            [UserID] => 196
            [HsUserID] => 10108
            [HsAccount] => 1164
            [UserName] => CM-196
            [NickName] => 严萌
            [Mobile] => 15972158074
            [Status] => 1
            [LastLoginIP] => 192.168.15.235
            [LastLoginTime] => 2017-02-09 14:40:15
            [ActiveTime] => 2017-02-09 14:40:15
            [KeyStr] => 92fb964cb8285f22a7493bf0b89affd3
            [RegTime] => 2017-02-06 09:26:03
            [GroupIDs] => Array
                (
                    [0] => 1
                )

        )

    [userDetail] => Array
        (
            [UserID] => 196
            [Country] => 
            [RiskBear] => 1
            [PaperID] => 20170206000015
            [TelPhone] => 02787530321
            [Email] => 1160076821@qq.com
            [Address] => 吾问无为谓呜呜呜
            [Postal] => 430000
            [Job] => 1
            [SendRate] => 1
            [SendMethod] => a:1:{i:0;i:1;}
            [ReservedContent] => 巴拉拉小魔仙
        )

)
]
[15:12:28][|-moRs-|Array
(
    [userID] => 169
    [centerUrl] => https://trade.buyfunds.cn/user/center
    [keywords] => 基金,基金销售,伯嘉基金,伯嘉基金网,基金第三方销售平台,网上买基金,现金宝,质押宝,固定收益,打新基金,高端理财,基金申购,基金认购,基金费率,免费开户,网上基金开户,开户流程
    [description] => 伯嘉基金网是证监会批准的独立基金销售机构，民生银行全程监管资金安全。网上买基金，首选伯嘉。7*24小时免费基金开户，基金开户流程方便快捷，仅需10秒。
    [headerCss] => 
    [nav] => wdzh
    [backUrl] => https://trade.buyfunds.cn/_user/Userinfo
    [nickName] => 黄
    [subnav] => 
    [sidebar] => 
    [title] => 交易密码修改_我的账户_伯嘉基金网
    [uid] => 169
    [mobile] => 18065043496
    [tid] => 1486624301
    [stid] => 1486624348
    [mkid] => 6b2d347d1686ab4b
    [userInfo] => Array
        (
            [UserID] => 169
            [HsUserID] => 0
            [HsAccount] => 1181
            [UserName] => QQ-169
            [NickName] => 黄
            [Mobile] => 18065043496
            [Status] => 1
            [LastLoginIP] => 192.168.15.235
            [LastLoginTime] => 2017-02-09 15:10:29
            [ActiveTime] => 2017-02-09 15:10:29
            [KeyStr] => 4e6cea5a5f31361e77e228041b89f2d0
            [RegTime] => 2017-02-04 09:44:00
            [GroupIDs] => Array
                (
                    [0] => 1
                )

        )

    [userDetail] => Array
        (
            [UserID] => 169
            [Country] => 
            [RiskBear] => 1
            [PaperID] => 20170206000025
            [TelPhone] => 
            [Email] => 
            [Address] => 
            [Postal] => 
            [Job] => 
            [SendRate] => 1
            [SendMethod] => 
            [ReservedContent] => 23423
        )

)
]
[15:23:39][|-moRs-|Array
(
    [userID] => 169
    [centerUrl] => https://trade.buyfunds.cn/user/center
    [keywords] => 基金,基金销售,伯嘉基金,伯嘉基金网,基金第三方销售平台,网上买基金,现金宝,质押宝,固定收益,打新基金,高端理财,基金申购,基金认购,基金费率,免费开户,网上基金开户,开户流程
    [description] => 伯嘉基金网是证监会批准的独立基金销售机构，民生银行全程监管资金安全。网上买基金，首选伯嘉。7*24小时免费基金开户，基金开户流程方便快捷，仅需10秒。
    [headerCss] => 
    [nav] => wdzh
    [backUrl] => https://trade.buyfunds.cn/_user/Userinfo
    [nickName] => 黄
    [subnav] => 
    [sidebar] => 
    [title] => 交易密码修改_我的账户_伯嘉基金网
    [uid] => 169
    [mobile] => 18065043496
    [tid] => 1486624990
    [stid] => 1486625019
    [mkid] => 2bb6a16c259cc6d3
    [userInfo] => Array
        (
            [UserID] => 169
            [HsUserID] => 0
            [HsAccount] => 1181
            [UserName] => QQ-169
            [NickName] => 黄
            [Mobile] => 18065043496
            [Status] => 1
            [LastLoginIP] => 192.168.15.235
            [LastLoginTime] => 2017-02-09 15:10:29
            [ActiveTime] => 2017-02-09 15:10:29
            [KeyStr] => 4e6cea5a5f31361e77e228041b89f2d0
            [RegTime] => 2017-02-04 09:44:00
            [GroupIDs] => Array
                (
                    [0] => 1
                )

        )

    [userDetail] => Array
        (
            [UserID] => 169
            [Country] => 
            [RiskBear] => 1
            [PaperID] => 20170206000025
            [TelPhone] => 
            [Email] => 
            [Address] => 
            [Postal] => 
            [Job] => 
            [SendRate] => 1
            [SendMethod] => 
            [ReservedContent] => 23423
        )

)
]
[15:26:36][|-moRs-|Array
(
    [userID] => 196
    [centerUrl] => https://trade.buyfunds.cn/user/center
    [keywords] => 基金,基金销售,伯嘉基金,伯嘉基金网,基金第三方销售平台,网上买基金,现金宝,质押宝,固定收益,打新基金,高端理财,基金申购,基金认购,基金费率,免费开户,网上基金开户,开户流程
    [description] => 伯嘉基金网是证监会批准的独立基金销售机构，民生银行全程监管资金安全。网上买基金，首选伯嘉。7*24小时免费基金开户，基金开户流程方便快捷，仅需10秒。
    [headerCss] => 
    [nav] => wdzh
    [backUrl] => https://trade.buyfunds.cn/_user/Userinfo
    [nickName] => 严萌
    [subnav] => 
    [sidebar] => 
    [title] => 交易密码修改_我的账户_伯嘉基金网
    [uid] => 196
    [mobile] => 15972158074
    [tid] => 1486625161
    [stid] => 1486625196
    [mkid] => 96fa054a3ddd2e19
    [userInfo] => Array
        (
            [UserID] => 196
            [HsUserID] => 10108
            [HsAccount] => 1164
            [UserName] => CM-196
            [NickName] => 严萌
            [Mobile] => 15972158074
            [Status] => 1
            [LastLoginIP] => 192.168.15.235
            [LastLoginTime] => 2017-02-09 14:40:15
            [ActiveTime] => 2017-02-09 14:40:15
            [KeyStr] => 92fb964cb8285f22a7493bf0b89affd3
            [RegTime] => 2017-02-06 09:26:03
            [GroupIDs] => Array
                (
                    [0] => 1
                )

        )

    [userDetail] => Array
        (
            [UserID] => 196
            [Country] => 
            [RiskBear] => 1
            [PaperID] => 20170206000015
            [TelPhone] => 02787530321
            [Email] => 1160076821@qq.com
            [Address] => 吾问无为谓呜呜呜
            [Postal] => 430000
            [Job] => 1
            [SendRate] => 1
            [SendMethod] => a:1:{i:0;i:1;}
            [ReservedContent] => 巴拉拉小魔仙
        )

)
]
[16:55:18][|-moRs-|Array
(
    [userID] => 220
    [centerUrl] => https://trade.buyfunds.cn/user/center
    [keywords] => 基金,基金销售,伯嘉基金,伯嘉基金网,基金第三方销售平台,网上买基金,现金宝,质押宝,固定收益,打新基金,高端理财,基金申购,基金认购,基金费率,免费开户,网上基金开户,开户流程
    [description] => 伯嘉基金网是证监会批准的独立基金销售机构，民生银行全程监管资金安全。网上买基金，首选伯嘉。7*24小时免费基金开户，基金开户流程方便快捷，仅需10秒。
    [headerCss] => 
    [nav] => wdzh
    [backUrl] => https://trade.buyfunds.cn/_user/Userinfo
    [nickName] => 后
    [subnav] => 
    [sidebar] => 
    [title] => 交易密码修改_我的账户_伯嘉基金网
    [uid] => 220
    [mobile] => 15205006442
    [tid] => 1486630472
    [stid] => 1486630518
    [mkid] => d05871230761e029
    [userInfo] => Array
        (
            [UserID] => 220
            [HsUserID] => 10288
            [HsAccount] => 1189
            [UserName] => CM-220
            [NickName] => 后
            [Mobile] => 15205006442
            [Status] => 1
            [LastLoginIP] => 192.168.10.39
            [LastLoginTime] => 2017-02-09 16:45:41
            [ActiveTime] => 2017-02-09 16:45:41
            [KeyStr] => e3cd196e09d6bfc1ccefa2ff99321948
            [RegTime] => 2017-02-09 16:31:14
            [GroupIDs] => Array
                (
                    [0] => 1
                )

        )

    [userDetail] => Array
        (
            [UserID] => 220
            [Country] => 
            [RiskBear] => 2
            [PaperID] => 20170209000053
            [TelPhone] => 
            [Email] => 
            [Address] => 
            [Postal] => 
            [Job] => 
            [SendRate] => 1
            [SendMethod] => 
            [ReservedContent] => 
        )

)
]
[17:04:53][|-moRs-|Array
(
    [userID] => 169
    [centerUrl] => https://trade.buyfunds.cn/user/center
    [keywords] => 基金,基金销售,伯嘉基金,伯嘉基金网,基金第三方销售平台,网上买基金,现金宝,质押宝,固定收益,打新基金,高端理财,基金申购,基金认购,基金费率,免费开户,网上基金开户,开户流程
    [description] => 伯嘉基金网是证监会批准的独立基金销售机构，民生银行全程监管资金安全。网上买基金，首选伯嘉。7*24小时免费基金开户，基金开户流程方便快捷，仅需10秒。
    [headerCss] => 
    [nav] => wdzh
    [backUrl] => https://trade.buyfunds.cn/_user/Userinfo
    [nickName] => 黄
    [subnav] => 
    [sidebar] => 
    [title] => 交易密码修改_我的账户_伯嘉基金网
    [uid] => 169
    [mobile] => 18065043496
    [tid] => 1486631056
    [stid] => 1486631093
    [mkid] => d4d291f2b491cdbb
    [userInfo] => Array
        (
            [UserID] => 169
            [HsUserID] => 0
            [HsAccount] => 1181
            [UserName] => QQ-169
            [NickName] => 黄
            [Mobile] => 18065043496
            [Status] => 1
            [LastLoginIP] => 192.168.15.235
            [LastLoginTime] => 2017-02-09 15:10:29
            [ActiveTime] => 2017-02-09 15:10:29
            [KeyStr] => 4e6cea5a5f31361e77e228041b89f2d0
            [RegTime] => 2017-02-04 09:44:00
            [GroupIDs] => Array
                (
                    [0] => 1
                )

        )

    [userDetail] => Array
        (
            [UserID] => 169
            [Country] => 
            [RiskBear] => 1
            [PaperID] => 20170206000025
            [TelPhone] => 
            [Email] => 
            [Address] => 
            [Postal] => 
            [Job] => 
            [SendRate] => 1
            [SendMethod] => 
            [ReservedContent] => 23423
        )

)
]
[21:08:44][|-moRs-|Array
(
    [userID] => 178
    [centerUrl] => https://trade.buyfunds.cn/user/center
    [keywords] => 基金,基金销售,伯嘉基金,伯嘉基金网,基金第三方销售平台,网上买基金,现金宝,质押宝,固定收益,打新基金,高端理财,基金申购,基金认购,基金费率,免费开户,网上基金开户,开户流程
    [description] => 伯嘉基金网是证监会批准的独立基金销售机构，民生银行全程监管资金安全。网上买基金，首选伯嘉。7*24小时免费基金开户，基金开户流程方便快捷，仅需10秒。
    [headerCss] => 
    [nav] => wdzh
    [backUrl] => https://trade.buyfunds.cn/_user/Userinfo
    [nickName] => 杜拉拉
    [subnav] => 
    [sidebar] => 
    [title] => 交易密码修改_我的账户_伯嘉基金网
    [uid] => 178
    [mobile] => 18125530297
    [tid] => 1486645664
    [stid] => 1486645724
    [mkid] => a25a152298b392e3
    [userInfo] => Array
        (
            [UserID] => 178
            [HsUserID] => 10268
            [HsAccount] => 1184
            [UserName] => CM-178
            [NickName] => 杜拉拉
            [Mobile] => 18125530297
            [Status] => 1
            [LastLoginIP] => 192.168.15.235
            [LastLoginTime] => 2017-02-09 20:08:44
            [ActiveTime] => 2017-02-09 20:08:44
            [KeyStr] => 25d168ba4b708b6615c5baf5fc3a8d19
            [RegTime] => 2017-02-04 13:39:12
            [GroupIDs] => Array
                (
                    [0] => 1
                )

        )

    [userDetail] => Array
        (
            [UserID] => 178
            [Country] => 
            [RiskBear] => 1
            [PaperID] => 20170209000037
            [TelPhone] => 123456
            [Email] => 123456@qq.com
            [Address] => 123456
            [Postal] => 123456
            [Job] => 2
            [SendRate] => 1
            [SendMethod] => 
            [ReservedContent] => 测试啊
        )

)
]
[21:28:32][|-moRs-|Array
(
    [userID] => 169
    [centerUrl] => https://trade.buyfunds.cn/user/center
    [keywords] => 基金,基金销售,伯嘉基金,伯嘉基金网,基金第三方销售平台,网上买基金,现金宝,质押宝,固定收益,打新基金,高端理财,基金申购,基金认购,基金费率,免费开户,网上基金开户,开户流程
    [description] => 伯嘉基金网是证监会批准的独立基金销售机构，民生银行全程监管资金安全。网上买基金，首选伯嘉。7*24小时免费基金开户，基金开户流程方便快捷，仅需10秒。
    [headerCss] => 
    [nav] => wdzh
    [backUrl] => https://trade.buyfunds.cn/_user/Userinfo
    [nickName] => 黄
    [subnav] => 
    [sidebar] => 
    [title] => 交易密码修改_我的账户_伯嘉基金网
    [uid] => 169
    [mobile] => 18065043496
    [tid] => 1486646853
    [stid] => 1486646912
    [mkid] => 0193f8f11ccf6ad8
    [userInfo] => Array
        (
            [UserID] => 169
            [HsUserID] => 0
            [HsAccount] => 1181
            [UserName] => QQ-169
            [NickName] => 黄
            [Mobile] => 18065043496
            [Status] => 1
            [LastLoginIP] => 192.168.17.222
            [LastLoginTime] => 2017-02-09 21:27:11
            [ActiveTime] => 2017-02-09 21:27:11
            [KeyStr] => 6264f1439606c43b9fbf1ad63b078253
            [RegTime] => 2017-02-04 09:44:00
            [GroupIDs] => Array
                (
                    [0] => 1
                )

        )

    [userDetail] => Array
        (
            [UserID] => 169
            [Country] => 
            [RiskBear] => 1
            [PaperID] => 20170206000025
            [TelPhone] => 
            [Email] => 
            [Address] => 
            [Postal] => 
            [Job] => 
            [SendRate] => 1
            [SendMethod] => 
            [ReservedContent] => 23423
        )

)
]
[21:31:26][|-moRs-|Array
(
    [userID] => 169
    [centerUrl] => https://trade.buyfunds.cn/user/center
    [keywords] => 基金,基金销售,伯嘉基金,伯嘉基金网,基金第三方销售平台,网上买基金,现金宝,质押宝,固定收益,打新基金,高端理财,基金申购,基金认购,基金费率,免费开户,网上基金开户,开户流程
    [description] => 伯嘉基金网是证监会批准的独立基金销售机构，民生银行全程监管资金安全。网上买基金，首选伯嘉。7*24小时免费基金开户，基金开户流程方便快捷，仅需10秒。
    [headerCss] => 
    [nav] => wdzh
    [backUrl] => https://trade.buyfunds.cn/_user/Userinfo
    [nickName] => 黄
    [subnav] => 
    [sidebar] => 
    [title] => 交易密码修改_我的账户_伯嘉基金网
    [uid] => 169
    [mobile] => 18065043496
    [tid] => 1486647029
    [stid] => 1486647086
    [mkid] => 2a7a79337b7a657a
    [userInfo] => Array
        (
            [UserID] => 169
            [HsUserID] => 0
            [HsAccount] => 1181
            [UserName] => QQ-169
            [NickName] => 黄
            [Mobile] => 18065043496
            [Status] => 1
            [LastLoginIP] => 192.168.17.222
            [LastLoginTime] => 2017-02-09 21:29:52
            [ActiveTime] => 2017-02-09 21:29:52
            [KeyStr] => 95d2e1ce6b75359f32f63df1fc194673
            [RegTime] => 2017-02-04 09:44:00
            [GroupIDs] => Array
                (
                    [0] => 1
                )

        )

    [userDetail] => Array
        (
            [UserID] => 169
            [Country] => 
            [RiskBear] => 1
            [PaperID] => 20170206000025
            [TelPhone] => 
            [Email] => 
            [Address] => 
            [Postal] => 
            [Job] => 
            [SendRate] => 1
            [SendMethod] => 
            [ReservedContent] => 23423
        )

)
]
[21:52:12][|-moRs-|Array
(
    [userID] => 178
    [centerUrl] => https://trade.buyfunds.cn/user/center
    [keywords] => 基金,基金销售,伯嘉基金,伯嘉基金网,基金第三方销售平台,网上买基金,现金宝,质押宝,固定收益,打新基金,高端理财,基金申购,基金认购,基金费率,免费开户,网上基金开户,开户流程
    [description] => 伯嘉基金网是证监会批准的独立基金销售机构，民生银行全程监管资金安全。网上买基金，首选伯嘉。7*24小时免费基金开户，基金开户流程方便快捷，仅需10秒。
    [headerCss] => 
    [nav] => wdzh
    [backUrl] => https://trade.buyfunds.cn/_user/Userinfo
    [nickName] => 杜拉拉
    [subnav] => 
    [sidebar] => 
    [title] => 交易密码修改_我的账户_伯嘉基金网
    [uid] => 178
    [mobile] => 18125530297
    [tid] => 1486648278
    [stid] => 1486648332
    [mkid] => b9ae8b0b3a11f33d
    [userInfo] => Array
        (
            [UserID] => 178
            [HsUserID] => 10268
            [HsAccount] => 1184
            [UserName] => CM-178
            [NickName] => 杜拉拉
            [Mobile] => 18125530297
            [Status] => 1
            [LastLoginIP] => 192.168.15.235
            [LastLoginTime] => 2017-02-09 21:25:28
            [ActiveTime] => 2017-02-09 21:25:28
            [KeyStr] => f31f302da63be8dd05871e89dcde65d9
            [RegTime] => 2017-02-04 13:39:12
            [GroupIDs] => Array
                (
                    [0] => 1
                )

        )

    [userDetail] => Array
        (
            [UserID] => 178
            [Country] => 
            [RiskBear] => 1
            [PaperID] => 20170209000037
            [TelPhone] => 123456
            [Email] => 123456@qq.com
            [Address] => 123456
            [Postal] => 123456
            [Job] => 2
            [SendRate] => 1
            [SendMethod] => 
            [ReservedContent] => 测试啊
        )

)
]
[22:04:12][|-moRs-|Array
(
    [userID] => 169
    [centerUrl] => https://trade.buyfunds.cn/user/center
    [keywords] => 基金,基金销售,伯嘉基金,伯嘉基金网,基金第三方销售平台,网上买基金,现金宝,质押宝,固定收益,打新基金,高端理财,基金申购,基金认购,基金费率,免费开户,网上基金开户,开户流程
    [description] => 伯嘉基金网是证监会批准的独立基金销售机构，民生银行全程监管资金安全。网上买基金，首选伯嘉。7*24小时免费基金开户，基金开户流程方便快捷，仅需10秒。
    [headerCss] => 
    [nav] => wdzh
    [backUrl] => https://trade.buyfunds.cn/_user/Userinfo
    [nickName] => 黄
    [subnav] => 
    [sidebar] => 
    [title] => 交易密码修改_我的账户_伯嘉基金网
    [uid] => 169
    [mobile] => 18065043496
    [tid] => 1486649012
    [stid] => 1486649052
    [mkid] => 923f974cd92ba34e
    [userInfo] => Array
        (
            [UserID] => 169
            [HsUserID] => 0
            [HsAccount] => 1181
            [UserName] => QQ-169
            [NickName] => 黄
            [Mobile] => 18065043496
            [Status] => 1
            [LastLoginIP] => 192.168.17.222
            [LastLoginTime] => 2017-02-09 21:29:52
            [ActiveTime] => 2017-02-09 21:29:52
            [KeyStr] => 95d2e1ce6b75359f32f63df1fc194673
            [RegTime] => 2017-02-04 09:44:00
            [GroupIDs] => Array
                (
                    [0] => 1
                )

        )

    [userDetail] => Array
        (
            [UserID] => 169
            [Country] => 
            [RiskBear] => 1
            [PaperID] => 20170206000025
            [TelPhone] => 
            [Email] => 
            [Address] => 
            [Postal] => 
            [Job] => 
            [SendRate] => 1
            [SendMethod] => 
            [ReservedContent] => 23423
        )

)
]
[22:16:08][|-moRs-|Array
(
    [userID] => 178
    [centerUrl] => https://trade.buyfunds.cn/user/center
    [keywords] => 基金,基金销售,伯嘉基金,伯嘉基金网,基金第三方销售平台,网上买基金,现金宝,质押宝,固定收益,打新基金,高端理财,基金申购,基金认购,基金费率,免费开户,网上基金开户,开户流程
    [description] => 伯嘉基金网是证监会批准的独立基金销售机构，民生银行全程监管资金安全。网上买基金，首选伯嘉。7*24小时免费基金开户，基金开户流程方便快捷，仅需10秒。
    [headerCss] => 
    [nav] => wdzh
    [backUrl] => https://trade.buyfunds.cn/_user/Userinfo
    [nickName] => 杜拉拉
    [subnav] => 
    [sidebar] => 
    [title] => 交易密码修改_我的账户_伯嘉基金网
    [uid] => 178
    [mobile] => 18125530297
    [tid] => 1486649652
    [stid] => 1486649768
    [mkid] => acd66b3f39e24a9c
    [userInfo] => Array
        (
            [UserID] => 178
            [HsUserID] => 10268
            [HsAccount] => 1184
            [UserName] => CM-178
            [NickName] => 杜拉拉
            [Mobile] => 18125530297
            [Status] => 1
            [LastLoginIP] => 192.168.15.235
            [LastLoginTime] => 2017-02-09 21:25:28
            [ActiveTime] => 2017-02-09 21:25:28
            [KeyStr] => f31f302da63be8dd05871e89dcde65d9
            [RegTime] => 2017-02-04 13:39:12
            [GroupIDs] => Array
                (
                    [0] => 1
                )

        )

    [userDetail] => Array
        (
            [UserID] => 178
            [Country] => 
            [RiskBear] => 1
            [PaperID] => 20170209000037
            [TelPhone] => 123456
            [Email] => 123456@qq.com
            [Address] => 123456
            [Postal] => 123456
            [Job] => 2
            [SendRate] => 1
            [SendMethod] => 
            [ReservedContent] => 测试啊
        )

)
]
