[16:19:07][参数：Array
(
    [targetcomp_id] => 91000
    [sendercomp_id] => 91000
    [access_token] => 0398E85639A042EEA8000ED2177F455D2017020709415200045217
    [trust_way] => 2
    [request_num] => 10
    [reqry_recordsum_flag] => 1
    [qry_beginrownum] => 0
    [trade_acco] => 
    [client_id] => 0
    [bank_no] => 
)
https://sitapi.hscloud.cn/cwsale/v1/accobank_qry
回参：Array
(
    [data] => {"data":[{"detail_fund_way":"","rowcount":"","fund_interface_type":"","bank_open_id_kind_gb":"","error_code":"1000","trade_acco":"","total_count":"","ta_acco":"","capital_mode":"","success_type":"0","branchbank":"","bank_open_id_no":"","bank_no":"","bank_account":"","error_info":"HS_QUERY-93: 总记录数为0!","remittance_no":"","fund_card":"","bank_account_name":""}]}
    [code] => 200
)
]
[16:19:09][参数：Array
(
    [targetcomp_id] => 91000
    [sendercomp_id] => 91000
    [access_token] => 0398E85639A042EEA8000ED2177F455D2017020709415200045217
    [trust_way] => 2
    [request_num] => 10
    [reqry_recordsum_flag] => 1
    [qry_beginrownum] => 0
    [trade_acco] => 
    [client_id] => 0
    [bank_no] => 
)
https://sitapi.hscloud.cn/cwsale/v1/accobank_qry
回参：Array
(
    [data] => {"data":[{"detail_fund_way":"","rowcount":"","fund_interface_type":"","bank_open_id_kind_gb":"","error_code":"1000","trade_acco":"","total_count":"","ta_acco":"","capital_mode":"","success_type":"0","branchbank":"","bank_open_id_no":"","bank_no":"","bank_account":"","error_info":"HS_QUERY-93: 总记录数为0!","remittance_no":"","fund_card":"","bank_account_name":""}]}
    [code] => 200
)
]
[16:19:10][参数：Array
(
    [targetcomp_id] => 91000
    [sendercomp_id] => 91000
    [access_token] => 0398E85639A042EEA8000ED2177F455D2017020709415200045217
    [trust_way] => 2
    [request_num] => 10
    [reqry_recordsum_flag] => 1
    [qry_beginrownum] => 0
    [trade_acco] => 
    [client_id] => 0
    [bank_no] => 
)
https://sitapi.hscloud.cn/cwsale/v1/accobank_qry
回参：Array
(
    [data] => {"data":[{"detail_fund_way":"","rowcount":"","fund_interface_type":"","bank_open_id_kind_gb":"","error_code":"1000","trade_acco":"","total_count":"","ta_acco":"","capital_mode":"","success_type":"0","branchbank":"","bank_open_id_no":"","bank_no":"","bank_account":"","error_info":"HS_QUERY-93: 总记录数为0!","remittance_no":"","fund_card":"","bank_account_name":""}]}
    [code] => 200
)
]
[16:19:25][参数：Array
(
    [targetcomp_id] => 91000
    [sendercomp_id] => 91000
    [access_token] => 0398E85639A042EEA8000ED2177F455D2017020709415200045217
    [trust_way] => 2
    [request_num] => 10
    [reqry_recordsum_flag] => 1
    [qry_beginrownum] => 0
    [trade_acco] => 
    [client_id] => 9928
    [bank_no] => 
)
https://sitapi.hscloud.cn/cwsale/v1/accobank_qry
回参：Array
(
    [data] => {"data":[{"detail_fund_way":"01","rowcount":"1","fund_interface_type":"","bank_open_id_kind_gb":"0","error_code":"","trade_acco":"1146","total_count":"1","ta_acco":"B01000009693","capital_mode":"l","success_type":"0","branchbank":"","bank_open_id_no":"350321199603192266","bank_no":"014","bank_account":"1234001840336623111","error_info":"","remittance_no":"","fund_card":"","bank_account_name":"在线交易"}]}
    [code] => 200
)
]
[16:20:24][参数：Array
(
    [targetcomp_id] => 91000
    [sendercomp_id] => 91000
    [access_token] => 0398E85639A042EEA8000ED2177F455D2017020709415200045217
    [trust_way] => 2
    [request_num] => 10
    [reqry_recordsum_flag] => 1
    [qry_beginrownum] => 0
    [trade_acco] => 
    [client_id] => 9928
    [bank_no] => 
)
https://sitapi.hscloud.cn/cwsale/v1/accobank_qry
回参：Array
(
    [data] => {"data":[{"detail_fund_way":"01","rowcount":"1","fund_interface_type":"","bank_open_id_kind_gb":"0","error_code":"","trade_acco":"1146","total_count":"1","ta_acco":"B01000009693","capital_mode":"l","success_type":"0","branchbank":"","bank_open_id_no":"350321199603192266","bank_no":"014","bank_account":"1234001840336623111","error_info":"","remittance_no":"","fund_card":"","bank_account_name":"在线交易"}]}
    [code] => 200
)
]
[16:22:03][参数：Array
(
    [targetcomp_id] => 91000
    [sendercomp_id] => 91000
    [access_token] => 0398E85639A042EEA8000ED2177F455D2017020709415200045217
    [trust_way] => 2
    [request_num] => 10
    [reqry_recordsum_flag] => 1
    [qry_beginrownum] => 0
    [trade_acco] => 
    [client_id] => 9928
    [bank_no] => 
)
https://sitapi.hscloud.cn/cwsale/v1/accobank_qry
回参：Array
(
    [data] => {"data":[{"detail_fund_way":"01","rowcount":"1","fund_interface_type":"","bank_open_id_kind_gb":"0","error_code":"","trade_acco":"1146","total_count":"1","ta_acco":"B01000009693","capital_mode":"l","success_type":"0","branchbank":"","bank_open_id_no":"350321199603192266","bank_no":"014","bank_account":"1234001840336623111","error_info":"","remittance_no":"","fund_card":"","bank_account_name":"在线交易"}]}
    [code] => 200
)
]
[16:27:28][参数：Array
(
    [targetcomp_id] => 91000
    [sendercomp_id] => 91000
    [access_token] => 0398E85639A042EEA8000ED2177F455D2017020709415200045217
    [trust_way] => 2
    [request_num] => 10
    [reqry_recordsum_flag] => 1
    [qry_beginrownum] => 0
    [trade_acco] => 
    [client_id] => 9928
    [bank_no] => 
)
https://sitapi.hscloud.cn/cwsale/v1/accobank_qry
回参：Array
(
    [data] => {"data":[{"detail_fund_way":"01","rowcount":"1","fund_interface_type":"","bank_open_id_kind_gb":"0","error_code":"","trade_acco":"1146","total_count":"1","ta_acco":"B01000009693","capital_mode":"l","success_type":"0","branchbank":"","bank_open_id_no":"350321199603192266","bank_no":"014","bank_account":"1234001840336623111","error_info":"","remittance_no":"","fund_card":"","bank_account_name":"在线交易"}]}
    [code] => 200
)
]
[16:28:09][参数：Array
(
    [targetcomp_id] => 91000
    [sendercomp_id] => 91000
    [access_token] => 0398E85639A042EEA8000ED2177F455D2017020709415200045217
    [trust_way] => 2
    [request_num] => 10
    [reqry_recordsum_flag] => 1
    [qry_beginrownum] => 0
    [trade_acco] => 
    [client_id] => 9928
    [bank_no] => 
)
https://sitapi.hscloud.cn/cwsale/v1/accobank_qry
回参：Array
(
    [data] => {"data":[{"detail_fund_way":"01","rowcount":"1","fund_interface_type":"","bank_open_id_kind_gb":"0","error_code":"","trade_acco":"1146","total_count":"1","ta_acco":"B01000009693","capital_mode":"l","success_type":"0","branchbank":"","bank_open_id_no":"350321199603192266","bank_no":"014","bank_account":"1234001840336623111","error_info":"","remittance_no":"","fund_card":"","bank_account_name":"在线交易"}]}
    [code] => 200
)
]
[16:31:59][参数：Array
(
    [targetcomp_id] => 91000
    [sendercomp_id] => 91000
    [access_token] => 0398E85639A042EEA8000ED2177F455D2017020709415200045217
    [trust_way] => 2
    [request_num] => 10
    [reqry_recordsum_flag] => 1
    [qry_beginrownum] => 0
    [trade_acco] => 
    [client_id] => 9928
    [bank_no] => 
)
https://sitapi.hscloud.cn/cwsale/v1/accobank_qry
回参：Array
(
    [data] => {"data":[{"detail_fund_way":"01","rowcount":"1","fund_interface_type":"","bank_open_id_kind_gb":"0","error_code":"","trade_acco":"1146","total_count":"1","ta_acco":"B01000009693","capital_mode":"l","success_type":"0","branchbank":"","bank_open_id_no":"350321199603192266","bank_no":"014","bank_account":"1234001840336623111","error_info":"","remittance_no":"","fund_card":"","bank_account_name":"在线交易"}]}
    [code] => 200
)
]
[16:32:28][参数：Array
(
    [targetcomp_id] => 91000
    [sendercomp_id] => 91000
    [access_token] => 0398E85639A042EEA8000ED2177F455D2017020709415200045217
    [trust_way] => 2
    [request_num] => 10
    [reqry_recordsum_flag] => 1
    [qry_beginrownum] => 0
    [trade_acco] => 
    [client_id] => 9928
    [bank_no] => 
)
https://sitapi.hscloud.cn/cwsale/v1/accobank_qry
回参：Array
(
    [data] => {"data":[{"detail_fund_way":"01","rowcount":"1","fund_interface_type":"","bank_open_id_kind_gb":"0","error_code":"","trade_acco":"1146","total_count":"1","ta_acco":"B01000009693","capital_mode":"l","success_type":"0","branchbank":"","bank_open_id_no":"350321199603192266","bank_no":"014","bank_account":"1234001840336623111","error_info":"","remittance_no":"","fund_card":"","bank_account_name":"在线交易"}]}
    [code] => 200
)
]
[16:33:05][参数：Array
(
    [targetcomp_id] => 91000
    [sendercomp_id] => 91000
    [access_token] => 0398E85639A042EEA8000ED2177F455D2017020709415200045217
    [trust_way] => 2
    [request_num] => 10
    [reqry_recordsum_flag] => 1
    [qry_beginrownum] => 0
    [trade_acco] => 
    [client_id] => 9928
    [bank_no] => 
)
https://sitapi.hscloud.cn/cwsale/v1/accobank_qry
回参：Array
(
    [data] => {"data":[{"detail_fund_way":"01","rowcount":"1","fund_interface_type":"","bank_open_id_kind_gb":"0","error_code":"","trade_acco":"1146","total_count":"1","ta_acco":"B01000009693","capital_mode":"l","success_type":"0","branchbank":"","bank_open_id_no":"350321199603192266","bank_no":"014","bank_account":"1234001840336623111","error_info":"","remittance_no":"","fund_card":"","bank_account_name":"在线交易"}]}
    [code] => 200
)
]
[16:34:40][参数：Array
(
    [targetcomp_id] => 91000
    [sendercomp_id] => 91000
    [access_token] => 0398E85639A042EEA8000ED2177F455D2017020709415200045217
    [trust_way] => 2
    [request_num] => 10
    [reqry_recordsum_flag] => 1
    [qry_beginrownum] => 0
    [trade_acco] => 
    [client_id] => 9928
    [bank_no] => 
)
https://sitapi.hscloud.cn/cwsale/v1/accobank_qry
回参：Array
(
    [data] => {"data":[{"detail_fund_way":"01","rowcount":"1","fund_interface_type":"","bank_open_id_kind_gb":"0","error_code":"","trade_acco":"1146","total_count":"1","ta_acco":"B01000009693","capital_mode":"l","success_type":"0","branchbank":"","bank_open_id_no":"350321199603192266","bank_no":"014","bank_account":"1234001840336623111","error_info":"","remittance_no":"","fund_card":"","bank_account_name":"在线交易"}]}
    [code] => 200
)
]
[16:38:23][参数：Array
(
    [targetcomp_id] => 91000
    [sendercomp_id] => 91000
    [access_token] => 0398E85639A042EEA8000ED2177F455D2017020709415200045217
    [trust_way] => 2
    [request_num] => 10
    [reqry_recordsum_flag] => 1
    [qry_beginrownum] => 0
    [trade_acco] => 
    [client_id] => 9928
    [bank_no] => 
)
https://sitapi.hscloud.cn/cwsale/v1/accobank_qry
回参：Array
(
    [data] => {"data":[{"detail_fund_way":"01","rowcount":"1","fund_interface_type":"","bank_open_id_kind_gb":"0","error_code":"","trade_acco":"1146","total_count":"1","ta_acco":"B01000009693","capital_mode":"l","success_type":"0","branchbank":"","bank_open_id_no":"350321199603192266","bank_no":"014","bank_account":"1234001840336623111","error_info":"","remittance_no":"","fund_card":"","bank_account_name":"在线交易"}]}
    [code] => 200
)
]
[16:38:59][参数：Array
(
    [targetcomp_id] => 91000
    [sendercomp_id] => 91000
    [access_token] => 0398E85639A042EEA8000ED2177F455D2017020709415200045217
    [trust_way] => 2
    [request_num] => 10
    [reqry_recordsum_flag] => 1
    [qry_beginrownum] => 0
    [trade_acco] => 
    [client_id] => 9928
    [bank_no] => 
)
https://sitapi.hscloud.cn/cwsale/v1/accobank_qry
回参：Array
(
    [data] => {"data":[{"detail_fund_way":"01","rowcount":"1","fund_interface_type":"","bank_open_id_kind_gb":"0","error_code":"","trade_acco":"1146","total_count":"1","ta_acco":"B01000009693","capital_mode":"l","success_type":"0","branchbank":"","bank_open_id_no":"350321199603192266","bank_no":"014","bank_account":"1234001840336623111","error_info":"","remittance_no":"","fund_card":"","bank_account_name":"在线交易"}]}
    [code] => 200
)
]
[16:42:49][参数：Array
(
    [targetcomp_id] => 91000
    [sendercomp_id] => 91000
    [access_token] => 0398E85639A042EEA8000ED2177F455D2017020709415200045217
    [trust_way] => 2
    [request_num] => 10
    [reqry_recordsum_flag] => 1
    [qry_beginrownum] => 0
    [trade_acco] => 
    [client_id] => 9928
    [bank_no] => 
)
https://sitapi.hscloud.cn/cwsale/v1/accobank_qry
回参：Array
(
    [data] => {"data":[{"detail_fund_way":"01","rowcount":"1","fund_interface_type":"","bank_open_id_kind_gb":"0","error_code":"","trade_acco":"1146","total_count":"1","ta_acco":"B01000009693","capital_mode":"l","success_type":"0","branchbank":"","bank_open_id_no":"350321199603192266","bank_no":"014","bank_account":"1234001840336623111","error_info":"","remittance_no":"","fund_card":"","bank_account_name":"在线交易"}]}
    [code] => 200
)
]
[16:55:29][参数：Array
(
    [targetcomp_id] => 91000
    [sendercomp_id] => 91000
    [access_token] => 0398E85639A042EEA8000ED2177F455D2017020709415200045217
    [trust_way] => 2
    [request_num] => 10
    [reqry_recordsum_flag] => 1
    [qry_beginrownum] => 0
    [trade_acco] => 
    [client_id] => 0
    [bank_no] => 
)
https://sitapi.hscloud.cn/cwsale/v1/accobank_qry
回参：Array
(
    [data] => {"data":[{"detail_fund_way":"","rowcount":"","fund_interface_type":"","bank_open_id_kind_gb":"","error_code":"1000","trade_acco":"","total_count":"","ta_acco":"","capital_mode":"","success_type":"0","branchbank":"","bank_open_id_no":"","bank_no":"","bank_account":"","error_info":"HS_QUERY-93: 总记录数为0!","remittance_no":"","fund_card":"","bank_account_name":""}]}
    [code] => 200
)
]
[17:02:59][参数：Array
(
    [targetcomp_id] => 91000
    [sendercomp_id] => 91000
    [access_token] => 0398E85639A042EEA8000ED2177F455D2017020709415200045217
    [trust_way] => 2
    [request_num] => 10
    [reqry_recordsum_flag] => 1
    [qry_beginrownum] => 0
    [trade_acco] => 
    [client_id] => 0
    [bank_no] => 
)
https://sitapi.hscloud.cn/cwsale/v1/accobank_qry
回参：Array
(
    [data] => {"data":[{"detail_fund_way":"","rowcount":"","fund_interface_type":"","bank_open_id_kind_gb":"","error_code":"1000","trade_acco":"","total_count":"","ta_acco":"","capital_mode":"","success_type":"0","branchbank":"","bank_open_id_no":"","bank_no":"","bank_account":"","error_info":"HS_QUERY-93: 总记录数为0!","remittance_no":"","fund_card":"","bank_account_name":""}]}
    [code] => 200
)
]
