[14:42:32][参数：Array
(
    [targetcomp_id] => 91000
    [sendercomp_id] => 91000
    [access_token] => 36AFD9D4FA9D4C8D9A8676265390F7382017020909405418005400
    [trust_way] => 2
    [capital_mode] => l
    [trade_source] => bjjj
    [request_num] => 1
    [reqry_recordsum_flag] => 1
    [qry_beginrownum] => 0
    [trade_acco] => 1184
    [client_id] => 10268
    [allot_no] => 20170209000010
    [fund_code] => 
    [taconfirm_flag] => 9
    [begin_date] => 20170209
    [end_date] => 20170209
)
https://sitapi.hscloud.cn/cwsale/v1/trade_apply_qry
回参：Array
(
    [data] => {"data":[{"detail_fund_way":"01","send_flags":"0","hope_date":"","money_type":"0","max_trade_succ_quota":"0.00","target_fund_type":"","ta_acco":"*B0000001184","balance":"1000.00","apply_date":"20170209","original_date":"20170209","protocol_period_unit":"","deduct_status":"2","discount_rate":"1.0000","apply_time":"114441","oppo_netno":"","first_exchdate":"","diffscale":"0.0000","max_succ_times":"","ofund_user_type":"","error_code":"","original_appno":"","busin_ass_code":"","shares":"0.00","portfolio_code":"","success_type":"0","portfolio_allot_no":"","bank_no":"004","expiry_date":"","combined_error_info":"","fund_froze_flag":"","busin_board_type":"","share_type":"A","trade_acco":"1184","capital_mode":"l","oppo_agency":"","after_discount_rate":"1.0000","oppo_trade_account":"","order_date":"114441","protocol_name":"","target_fund_code":"","fund_code":"600570","reserve_discount_rate":"1.0000","auto_buy":"","rowcount":"1","cyber_bank_error_id":"","oppo_fund_account":"","total_count":"1","taconfirm_flag":"9","receivable_account":"6216697000003339540","trade_period":"","allot_no":"20170209000010","fund_exceed_flag":"","fund_busin_code":"022","fund_risk_flag":"2","error_info":""}]}
    [code] => 200
)
]
[14:42:32][参数：Array
(
    [targetcomp_id] => 91000
    [sendercomp_id] => 91000
    [access_token] => 36AFD9D4FA9D4C8D9A8676265390F7382017020909405418005400
    [request_num] => 1
    [reqry_recordsum_flag] => 1
    [qry_beginrownum] => 0
    [fund_code] => 600570
)
https://sitapi.hscloud.cn/cwsale/v1/newhq_qry
回参：Array
(
    [data] => {"data":[{"ofund_type":"0","per_myriad_income":"0.0000","fund_code":"600570","fund_curr_income":"0.00","rowcount":"1","forbid_modi_autobuy_flag":"0","pre_income_ratio":"0.0000","fund_full_name":"恒生电子股票基金","accept_hq_date":"20170209","share_type":"A","error_code":"","total_count":"1","fund_share":"0.00","fund_name":"恒生电子股票基金","fund_status":"0","ta_no":"B0","success_type":"0","nav_total":"1.7000","nav":"1.7000","prod_term":"0","ofund_risklevel":"0","en_minshare":"0.00","hq_date":"20170208","fund_curr_ratio":"0.0000","error_info":""}]}
    [code] => 200
)
]
[16:37:30][参数：Array
(
    [targetcomp_id] => 91000
    [sendercomp_id] => 91000
    [access_token] => 36AFD9D4FA9D4C8D9A8676265390F7382017020909405418005400
    [trust_way] => 2
    [capital_mode] => l
    [trade_source] => bjjj
    [request_num] => 1
    [reqry_recordsum_flag] => 1
    [qry_beginrownum] => 0
    [trade_acco] => 1184
    [client_id] => 10268
    [allot_no] => 20170209000010
    [fund_code] => 
    [taconfirm_flag] => 9
    [begin_date] => 20170209
    [end_date] => 20170209
)
https://sitapi.hscloud.cn/cwsale/v1/trade_apply_qry
回参：Array
(
    [data] => {"data":[{"detail_fund_way":"01","send_flags":"0","hope_date":"","money_type":"0","max_trade_succ_quota":"0.00","target_fund_type":"","ta_acco":"*B0000001184","balance":"1000.00","apply_date":"20170209","original_date":"20170209","protocol_period_unit":"","deduct_status":"2","discount_rate":"1.0000","apply_time":"114441","oppo_netno":"","first_exchdate":"","diffscale":"0.0000","max_succ_times":"","ofund_user_type":"","error_code":"","original_appno":"","busin_ass_code":"","shares":"0.00","portfolio_code":"","success_type":"0","portfolio_allot_no":"","bank_no":"004","expiry_date":"","combined_error_info":"","fund_froze_flag":"","busin_board_type":"","share_type":"A","trade_acco":"1184","capital_mode":"l","oppo_agency":"","after_discount_rate":"1.0000","oppo_trade_account":"","order_date":"114441","protocol_name":"","target_fund_code":"","fund_code":"600570","reserve_discount_rate":"1.0000","auto_buy":"","rowcount":"1","cyber_bank_error_id":"","oppo_fund_account":"","total_count":"1","taconfirm_flag":"9","receivable_account":"6216697000003339540","trade_period":"","allot_no":"20170209000010","fund_exceed_flag":"","fund_busin_code":"022","fund_risk_flag":"2","error_info":""}]}
    [code] => 200
)
]
[16:37:30][参数：Array
(
    [targetcomp_id] => 91000
    [sendercomp_id] => 91000
    [access_token] => 36AFD9D4FA9D4C8D9A8676265390F7382017020909405418005400
    [request_num] => 1
    [reqry_recordsum_flag] => 1
    [qry_beginrownum] => 0
    [fund_code] => 600570
)
https://sitapi.hscloud.cn/cwsale/v1/newhq_qry
回参：Array
(
    [data] => {"data":[{"ofund_type":"0","per_myriad_income":"0.0000","fund_code":"600570","fund_curr_income":"0.00","rowcount":"1","forbid_modi_autobuy_flag":"0","pre_income_ratio":"0.0000","fund_full_name":"恒生电子股票基金","accept_hq_date":"20170209","share_type":"A","error_code":"","total_count":"1","fund_share":"0.00","fund_name":"恒生电子股票基金","fund_status":"0","ta_no":"B0","success_type":"0","nav_total":"1.7000","nav":"1.7000","prod_term":"0","ofund_risklevel":"0","en_minshare":"0.00","hq_date":"20170208","fund_curr_ratio":"0.0000","error_info":""}]}
    [code] => 200
)
]
[16:37:56][参数：Array
(
    [targetcomp_id] => 91000
    [sendercomp_id] => 91000
    [access_token] => 36AFD9D4FA9D4C8D9A8676265390F7382017020909405418005400
    [trust_way] => 2
    [capital_mode] => l
    [trade_source] => bjjj
    [request_num] => 1
    [reqry_recordsum_flag] => 1
    [qry_beginrownum] => 0
    [trade_acco] => 1184
    [client_id] => 10268
    [allot_no] => 20170209000010
    [fund_code] => 
    [taconfirm_flag] => 9
    [begin_date] => 20170209
    [end_date] => 20170209
)
https://sitapi.hscloud.cn/cwsale/v1/trade_apply_qry
回参：Array
(
    [data] => {"data":[{"detail_fund_way":"01","send_flags":"0","hope_date":"","money_type":"0","max_trade_succ_quota":"0.00","target_fund_type":"","ta_acco":"*B0000001184","balance":"1000.00","apply_date":"20170209","original_date":"20170209","protocol_period_unit":"","deduct_status":"2","discount_rate":"1.0000","apply_time":"114441","oppo_netno":"","first_exchdate":"","diffscale":"0.0000","max_succ_times":"","ofund_user_type":"","error_code":"","original_appno":"","busin_ass_code":"","shares":"0.00","portfolio_code":"","success_type":"0","portfolio_allot_no":"","bank_no":"004","expiry_date":"","combined_error_info":"","fund_froze_flag":"","busin_board_type":"","share_type":"A","trade_acco":"1184","capital_mode":"l","oppo_agency":"","after_discount_rate":"1.0000","oppo_trade_account":"","order_date":"114441","protocol_name":"","target_fund_code":"","fund_code":"600570","reserve_discount_rate":"1.0000","auto_buy":"","rowcount":"1","cyber_bank_error_id":"","oppo_fund_account":"","total_count":"1","taconfirm_flag":"9","receivable_account":"6216697000003339540","trade_period":"","allot_no":"20170209000010","fund_exceed_flag":"","fund_busin_code":"022","fund_risk_flag":"2","error_info":""}]}
    [code] => 200
)
]
[16:37:56][参数：Array
(
    [targetcomp_id] => 91000
    [sendercomp_id] => 91000
    [access_token] => 36AFD9D4FA9D4C8D9A8676265390F7382017020909405418005400
    [request_num] => 1
    [reqry_recordsum_flag] => 1
    [qry_beginrownum] => 0
    [fund_code] => 600570
)
https://sitapi.hscloud.cn/cwsale/v1/newhq_qry
回参：Array
(
    [data] => {"data":[{"ofund_type":"0","per_myriad_income":"0.0000","fund_code":"600570","fund_curr_income":"0.00","rowcount":"1","forbid_modi_autobuy_flag":"0","pre_income_ratio":"0.0000","fund_full_name":"恒生电子股票基金","accept_hq_date":"20170209","share_type":"A","error_code":"","total_count":"1","fund_share":"0.00","fund_name":"恒生电子股票基金","fund_status":"0","ta_no":"B0","success_type":"0","nav_total":"1.7000","nav":"1.7000","prod_term":"0","ofund_risklevel":"0","en_minshare":"0.00","hq_date":"20170208","fund_curr_ratio":"0.0000","error_info":""}]}
    [code] => 200
)
]
[20:10:35][参数：Array
(
    [targetcomp_id] => 91000
    [sendercomp_id] => 91000
    [access_token] => 36AFD9D4FA9D4C8D9A8676265390F7382017020909405418005400
    [trust_way] => 2
    [capital_mode] => l
    [trade_source] => bjjj
    [request_num] => 1
    [reqry_recordsum_flag] => 1
    [qry_beginrownum] => 0
    [trade_acco] => 1184
    [client_id] => 10268
    [allot_no] => 20170209000010
    [fund_code] => 
    [taconfirm_flag] => 9
    [begin_date] => 20170209
    [end_date] => 20170209
)
https://sitapi.hscloud.cn/cwsale/v1/trade_apply_qry
回参：Array
(
    [data] => {"data":[{"detail_fund_way":"01","send_flags":"0","hope_date":"","money_type":"0","max_trade_succ_quota":"0.00","target_fund_type":"","ta_acco":"*B0000001184","balance":"1000.00","apply_date":"20170209","original_date":"20170209","protocol_period_unit":"","deduct_status":"2","discount_rate":"1.0000","apply_time":"114441","oppo_netno":"","first_exchdate":"","diffscale":"0.0000","max_succ_times":"","ofund_user_type":"","error_code":"","original_appno":"","busin_ass_code":"","shares":"0.00","portfolio_code":"","success_type":"0","portfolio_allot_no":"","bank_no":"004","expiry_date":"","combined_error_info":"","fund_froze_flag":"","busin_board_type":"","share_type":"A","trade_acco":"1184","capital_mode":"l","oppo_agency":"","after_discount_rate":"1.0000","oppo_trade_account":"","order_date":"114441","protocol_name":"","target_fund_code":"","fund_code":"600570","reserve_discount_rate":"1.0000","auto_buy":"","rowcount":"1","cyber_bank_error_id":"","oppo_fund_account":"","total_count":"1","taconfirm_flag":"9","receivable_account":"6216697000003339540","trade_period":"","allot_no":"20170209000010","fund_exceed_flag":"","fund_busin_code":"022","fund_risk_flag":"2","error_info":""}]}
    [code] => 200
)
]
[20:10:35][参数：Array
(
    [targetcomp_id] => 91000
    [sendercomp_id] => 91000
    [access_token] => 36AFD9D4FA9D4C8D9A8676265390F7382017020909405418005400
    [request_num] => 1
    [reqry_recordsum_flag] => 1
    [qry_beginrownum] => 0
    [fund_code] => 600570
)
https://sitapi.hscloud.cn/cwsale/v1/newhq_qry
回参：Array
(
    [data] => {"data":[{"ofund_type":"0","per_myriad_income":"0.0000","fund_code":"600570","fund_curr_income":"0.00","rowcount":"1","forbid_modi_autobuy_flag":"0","pre_income_ratio":"0.0000","fund_full_name":"恒生电子股票基金","accept_hq_date":"20170209","share_type":"A","error_code":"","total_count":"1","fund_share":"0.00","fund_name":"恒生电子股票基金","fund_status":"0","ta_no":"B0","success_type":"0","nav_total":"1.7000","nav":"1.7000","prod_term":"0","ofund_risklevel":"0","en_minshare":"0.00","hq_date":"20170208","fund_curr_ratio":"0.0000","error_info":""}]}
    [code] => 200
)
]
[22:12:50][参数：Array
(
    [targetcomp_id] => 91000
    [sendercomp_id] => 91000
    [access_token] => 36AFD9D4FA9D4C8D9A8676265390F7382017020909405418005400
    [trust_way] => 2
    [capital_mode] => l
    [trade_source] => bjjj
    [request_num] => 1
    [reqry_recordsum_flag] => 1
    [qry_beginrownum] => 0
    [trade_acco] => 1184
    [client_id] => 10268
    [allot_no] => 20170209000010
    [fund_code] => 
    [taconfirm_flag] => 9
    [begin_date] => 20170209
    [end_date] => 20170209
)
https://sitapi.hscloud.cn/cwsale/v1/trade_apply_qry
回参：Array
(
    [data] => {"data":[{"detail_fund_way":"01","send_flags":"0","hope_date":"","money_type":"0","max_trade_succ_quota":"0.00","target_fund_type":"","ta_acco":"*B0000001184","balance":"1000.00","apply_date":"20170209","original_date":"20170209","protocol_period_unit":"","deduct_status":"2","discount_rate":"1.0000","apply_time":"114441","oppo_netno":"","first_exchdate":"","diffscale":"0.0000","max_succ_times":"","ofund_user_type":"","error_code":"","original_appno":"","busin_ass_code":"","shares":"0.00","portfolio_code":"","success_type":"0","portfolio_allot_no":"","bank_no":"004","expiry_date":"","combined_error_info":"","fund_froze_flag":"","busin_board_type":"","share_type":"A","trade_acco":"1184","capital_mode":"l","oppo_agency":"","after_discount_rate":"1.0000","oppo_trade_account":"","order_date":"114441","protocol_name":"","target_fund_code":"","fund_code":"600570","reserve_discount_rate":"1.0000","auto_buy":"","rowcount":"1","cyber_bank_error_id":"","oppo_fund_account":"","total_count":"1","taconfirm_flag":"9","receivable_account":"6216697000003339540","trade_period":"","allot_no":"20170209000010","fund_exceed_flag":"","fund_busin_code":"022","fund_risk_flag":"2","error_info":""}]}
    [code] => 200
)
]
[22:12:50][参数：Array
(
    [targetcomp_id] => 91000
    [sendercomp_id] => 91000
    [access_token] => 36AFD9D4FA9D4C8D9A8676265390F7382017020909405418005400
    [request_num] => 1
    [reqry_recordsum_flag] => 1
    [qry_beginrownum] => 0
    [fund_code] => 600570
)
https://sitapi.hscloud.cn/cwsale/v1/newhq_qry
回参：Array
(
    [data] => {"data":[{"ofund_type":"0","per_myriad_income":"0.0000","fund_code":"600570","fund_curr_income":"0.00","rowcount":"1","forbid_modi_autobuy_flag":"0","pre_income_ratio":"0.0000","fund_full_name":"恒生电子股票基金","accept_hq_date":"20170209","share_type":"A","error_code":"","total_count":"1","fund_share":"0.00","fund_name":"恒生电子股票基金","fund_status":"0","ta_no":"B0","success_type":"0","nav_total":"1.7000","nav":"1.7000","prod_term":"0","ofund_risklevel":"0","en_minshare":"0.00","hq_date":"20170208","fund_curr_ratio":"0.0000","error_info":""}]}
    [code] => 200
)
]
[22:13:31][参数：Array
(
    [targetcomp_id] => 91000
    [sendercomp_id] => 91000
    [access_token] => 36AFD9D4FA9D4C8D9A8676265390F7382017020909405418005400
    [trust_way] => 2
    [capital_mode] => l
    [trade_source] => bjjj
    [request_num] => 1
    [reqry_recordsum_flag] => 1
    [qry_beginrownum] => 0
    [trade_acco] => 1184
    [client_id] => 10268
    [allot_no] => 20170209000010
    [fund_code] => 
    [taconfirm_flag] => 9
    [begin_date] => 20170209
    [end_date] => 20170209
)
https://sitapi.hscloud.cn/cwsale/v1/trade_apply_qry
回参：Array
(
    [data] => {"data":[{"detail_fund_way":"01","send_flags":"0","hope_date":"","money_type":"0","max_trade_succ_quota":"0.00","target_fund_type":"","ta_acco":"*B0000001184","balance":"1000.00","apply_date":"20170209","original_date":"20170209","protocol_period_unit":"","deduct_status":"2","discount_rate":"1.0000","apply_time":"114441","oppo_netno":"","first_exchdate":"","diffscale":"0.0000","max_succ_times":"","ofund_user_type":"","error_code":"","original_appno":"","busin_ass_code":"","shares":"0.00","portfolio_code":"","success_type":"0","portfolio_allot_no":"","bank_no":"004","expiry_date":"","combined_error_info":"","fund_froze_flag":"","busin_board_type":"","share_type":"A","trade_acco":"1184","capital_mode":"l","oppo_agency":"","after_discount_rate":"1.0000","oppo_trade_account":"","order_date":"114441","protocol_name":"","target_fund_code":"","fund_code":"600570","reserve_discount_rate":"1.0000","auto_buy":"","rowcount":"1","cyber_bank_error_id":"","oppo_fund_account":"","total_count":"1","taconfirm_flag":"9","receivable_account":"6216697000003339540","trade_period":"","allot_no":"20170209000010","fund_exceed_flag":"","fund_busin_code":"022","fund_risk_flag":"2","error_info":""}]}
    [code] => 200
)
]
[22:13:31][参数：Array
(
    [targetcomp_id] => 91000
    [sendercomp_id] => 91000
    [access_token] => 36AFD9D4FA9D4C8D9A8676265390F7382017020909405418005400
    [request_num] => 1
    [reqry_recordsum_flag] => 1
    [qry_beginrownum] => 0
    [fund_code] => 600570
)
https://sitapi.hscloud.cn/cwsale/v1/newhq_qry
回参：Array
(
    [data] => {"data":[{"ofund_type":"0","per_myriad_income":"0.0000","fund_code":"600570","fund_curr_income":"0.00","rowcount":"1","forbid_modi_autobuy_flag":"0","pre_income_ratio":"0.0000","fund_full_name":"恒生电子股票基金","accept_hq_date":"20170209","share_type":"A","error_code":"","total_count":"1","fund_share":"0.00","fund_name":"恒生电子股票基金","fund_status":"0","ta_no":"B0","success_type":"0","nav_total":"1.7000","nav":"1.7000","prod_term":"0","ofund_risklevel":"0","en_minshare":"0.00","hq_date":"20170208","fund_curr_ratio":"0.0000","error_info":""}]}
    [code] => 200
)
]
