[09:47:55][参数：Array
(
    [targetcomp_id] => 91000
    [sendercomp_id] => 91000
    [access_token] => 0FCB34AB8F1A4CD3951754C2754A32692017021009370359427121
    [trust_way] => 2
    [capital_mode] => l
    [trade_source] => bjjj
    [request_num] => 1
    [reqry_recordsum_flag] => 1
    [qry_beginrownum] => 0
    [trade_acco] => 1188
    [client_id] => 10278
    [allot_no] => 20170209000113
    [fund_code] => 
    [taconfirm_flag] => 9
    [begin_date] => 20170210
    [end_date] => 20170210
)
https://sitapi.hscloud.cn/cwsale/v1/trade_apply_qry
回参：Array
(
    [data] => {"data":[{"detail_fund_way":"01","send_flags":"0","hope_date":"","money_type":"0","max_trade_succ_quota":"0.00","target_fund_type":"","ta_acco":"*B0000001188","balance":"10000.00","apply_date":"20170210","original_date":"20170209","protocol_period_unit":"","deduct_status":"2","discount_rate":"1.0000","apply_time":"093000","oppo_netno":"","first_exchdate":"","diffscale":"0.0000","max_succ_times":"","ofund_user_type":"","error_code":"","original_appno":"","busin_ass_code":"","shares":"0.00","portfolio_code":"","success_type":"0","portfolio_allot_no":"","bank_no":"003","expiry_date":"","combined_error_info":"","fund_froze_flag":"","busin_board_type":"","share_type":"A","trade_acco":"1188","capital_mode":"l","oppo_agency":"","after_discount_rate":"1.0000","oppo_trade_account":"","order_date":"213708","protocol_name":"","target_fund_code":"","fund_code":"600570","reserve_discount_rate":"1.0000","auto_buy":"","rowcount":"1","cyber_bank_error_id":"","oppo_fund_account":"","total_count":"1","taconfirm_flag":"9","receivable_account":"6228480712413995614","trade_period":"","allot_no":"20170209000113","fund_exceed_flag":"","fund_busin_code":"022","fund_risk_flag":"0","error_info":""}]}
    [code] => 200
)
]
[09:47:55][参数：Array
(
    [targetcomp_id] => 91000
    [sendercomp_id] => 91000
    [access_token] => 0FCB34AB8F1A4CD3951754C2754A32692017021009370359427121
    [request_num] => 1
    [reqry_recordsum_flag] => 1
    [qry_beginrownum] => 0
    [fund_code] => 600570
)
https://sitapi.hscloud.cn/cwsale/v1/newhq_qry
回参：Array
(
    [data] => {"data":[{"ofund_type":"0","per_myriad_income":"0.0000","fund_code":"600570","fund_curr_income":"0.00","rowcount":"1","forbid_modi_autobuy_flag":"0","pre_income_ratio":"0.0000","fund_full_name":"恒生电子股票基金","accept_hq_date":"20170209","share_type":"A","error_code":"","total_count":"1","fund_share":"0.00","fund_name":"恒生电子股票基金","fund_status":"0","ta_no":"B0","success_type":"0","nav_total":"1.7000","nav":"1.7000","prod_term":"0","ofund_risklevel":"0","en_minshare":"0.00","hq_date":"20170208","fund_curr_ratio":"0.0000","error_info":""}]}
    [code] => 200
)
]
[10:11:20][参数：Array
(
    [targetcomp_id] => 91000
    [sendercomp_id] => 91000
    [access_token] => 0FCB34AB8F1A4CD3951754C2754A32692017021009370359427121
    [trust_way] => 2
    [capital_mode] => l
    [trade_source] => bjjj
    [request_num] => 1
    [reqry_recordsum_flag] => 1
    [qry_beginrownum] => 0
    [trade_acco] => 1188
    [client_id] => 10278
    [allot_no] => 20170209000113
    [fund_code] => 
    [taconfirm_flag] => 9
    [begin_date] => 20170210
    [end_date] => 20170210
)
https://sitapi.hscloud.cn/cwsale/v1/trade_apply_qry
回参：Array
(
    [data] => {"data":[{"detail_fund_way":"01","send_flags":"0","hope_date":"","money_type":"0","max_trade_succ_quota":"0.00","target_fund_type":"","ta_acco":"*B0000001188","balance":"10000.00","apply_date":"20170210","original_date":"20170209","protocol_period_unit":"","deduct_status":"2","discount_rate":"1.0000","apply_time":"093000","oppo_netno":"","first_exchdate":"","diffscale":"0.0000","max_succ_times":"","ofund_user_type":"","error_code":"","original_appno":"","busin_ass_code":"","shares":"0.00","portfolio_code":"","success_type":"0","portfolio_allot_no":"","bank_no":"003","expiry_date":"","combined_error_info":"","fund_froze_flag":"","busin_board_type":"","share_type":"A","trade_acco":"1188","capital_mode":"l","oppo_agency":"","after_discount_rate":"1.0000","oppo_trade_account":"","order_date":"213708","protocol_name":"","target_fund_code":"","fund_code":"600570","reserve_discount_rate":"1.0000","auto_buy":"","rowcount":"1","cyber_bank_error_id":"","oppo_fund_account":"","total_count":"1","taconfirm_flag":"9","receivable_account":"6228480712413995614","trade_period":"","allot_no":"20170209000113","fund_exceed_flag":"","fund_busin_code":"022","fund_risk_flag":"0","error_info":""}]}
    [code] => 200
)
]
[10:11:20][参数：Array
(
    [targetcomp_id] => 91000
    [sendercomp_id] => 91000
    [access_token] => 0FCB34AB8F1A4CD3951754C2754A32692017021009370359427121
    [request_num] => 1
    [reqry_recordsum_flag] => 1
    [qry_beginrownum] => 0
    [fund_code] => 600570
)
https://sitapi.hscloud.cn/cwsale/v1/newhq_qry
回参：Array
(
    [data] => {"data":[{"ofund_type":"0","per_myriad_income":"0.0000","fund_code":"600570","fund_curr_income":"0.00","rowcount":"1","forbid_modi_autobuy_flag":"0","pre_income_ratio":"0.0000","fund_full_name":"恒生电子股票基金","accept_hq_date":"20170210","share_type":"A","error_code":"","total_count":"1","fund_share":"0.00","fund_name":"恒生电子股票基金","fund_status":"0","ta_no":"B0","success_type":"0","nav_total":"1.7000","nav":"1.7000","prod_term":"0","ofund_risklevel":"0","en_minshare":"0.00","hq_date":"20170209","fund_curr_ratio":"0.0000","error_info":""}]}
    [code] => 200
)
]
[10:17:59][参数：Array
(
    [targetcomp_id] => 91000
    [sendercomp_id] => 91000
    [access_token] => 0FCB34AB8F1A4CD3951754C2754A32692017021009370359427121
    [trust_way] => 2
    [capital_mode] => l
    [trade_source] => bjjj
    [request_num] => 1
    [reqry_recordsum_flag] => 1
    [qry_beginrownum] => 0
    [trade_acco] => 1188
    [client_id] => 10278
    [allot_no] => 20170209000113
    [fund_code] => 
    [taconfirm_flag] => 9
    [begin_date] => 20170210
    [end_date] => 20170210
)
https://sitapi.hscloud.cn/cwsale/v1/trade_apply_qry
回参：Array
(
    [data] => {"data":[{"detail_fund_way":"01","send_flags":"0","hope_date":"","money_type":"0","max_trade_succ_quota":"0.00","target_fund_type":"","ta_acco":"*B0000001188","balance":"10000.00","apply_date":"20170210","original_date":"20170209","protocol_period_unit":"","deduct_status":"2","discount_rate":"1.0000","apply_time":"093000","oppo_netno":"","first_exchdate":"","diffscale":"0.0000","max_succ_times":"","ofund_user_type":"","error_code":"","original_appno":"","busin_ass_code":"","shares":"0.00","portfolio_code":"","success_type":"0","portfolio_allot_no":"","bank_no":"003","expiry_date":"","combined_error_info":"","fund_froze_flag":"","busin_board_type":"","share_type":"A","trade_acco":"1188","capital_mode":"l","oppo_agency":"","after_discount_rate":"1.0000","oppo_trade_account":"","order_date":"213708","protocol_name":"","target_fund_code":"","fund_code":"600570","reserve_discount_rate":"1.0000","auto_buy":"","rowcount":"1","cyber_bank_error_id":"","oppo_fund_account":"","total_count":"1","taconfirm_flag":"9","receivable_account":"6228480712413995614","trade_period":"","allot_no":"20170209000113","fund_exceed_flag":"","fund_busin_code":"022","fund_risk_flag":"0","error_info":""}]}
    [code] => 200
)
]
[10:17:59][参数：Array
(
    [targetcomp_id] => 91000
    [sendercomp_id] => 91000
    [access_token] => 0FCB34AB8F1A4CD3951754C2754A32692017021009370359427121
    [request_num] => 1
    [reqry_recordsum_flag] => 1
    [qry_beginrownum] => 0
    [fund_code] => 600570
)
https://sitapi.hscloud.cn/cwsale/v1/newhq_qry
回参：Array
(
    [data] => {"data":[{"ofund_type":"0","per_myriad_income":"0.0000","fund_code":"600570","fund_curr_income":"0.00","rowcount":"1","forbid_modi_autobuy_flag":"0","pre_income_ratio":"0.0000","fund_full_name":"恒生电子股票基金","accept_hq_date":"20170210","share_type":"A","error_code":"","total_count":"1","fund_share":"0.00","fund_name":"恒生电子股票基金","fund_status":"0","ta_no":"B0","success_type":"0","nav_total":"1.7000","nav":"1.7000","prod_term":"0","ofund_risklevel":"0","en_minshare":"0.00","hq_date":"20170209","fund_curr_ratio":"0.0000","error_info":""}]}
    [code] => 200
)
]
[10:59:01][参数：Array
(
    [targetcomp_id] => 91000
    [sendercomp_id] => 91000
    [access_token] => 0FCB34AB8F1A4CD3951754C2754A32692017021009370359427121
    [trust_way] => 2
    [capital_mode] => l
    [trade_source] => bjjj
    [request_num] => 1
    [reqry_recordsum_flag] => 1
    [qry_beginrownum] => 0
    [trade_acco] => 1164
    [client_id] => 10108
    [allot_no] => 20170209000044
    [fund_code] => 
    [taconfirm_flag] => 9
    [begin_date] => 20170210
    [end_date] => 20170210
)
https://sitapi.hscloud.cn/cwsale/v1/trade_apply_qry
回参：Array
(
    [data] => {"data":[{"detail_fund_way":"01","send_flags":"0","hope_date":"","money_type":"0","max_trade_succ_quota":"0.00","target_fund_type":"","ta_acco":"B01000009851","balance":"10000.00","apply_date":"20170210","original_date":"20170209","protocol_period_unit":"","deduct_status":"2","discount_rate":"1.0000","apply_time":"093000","oppo_netno":"","first_exchdate":"","diffscale":"0.0000","max_succ_times":"","ofund_user_type":"","error_code":"","original_appno":"","busin_ass_code":"","shares":"0.00","portfolio_code":"","success_type":"0","portfolio_allot_no":"","bank_no":"004","expiry_date":"","combined_error_info":"","fund_froze_flag":"","busin_board_type":"","share_type":"A","trade_acco":"1164","capital_mode":"l","oppo_agency":"","after_discount_rate":"1.0000","oppo_trade_account":"","order_date":"152753","protocol_name":"","target_fund_code":"","fund_code":"600570","reserve_discount_rate":"1.0000","auto_buy":"","rowcount":"1","cyber_bank_error_id":"","oppo_fund_account":"","total_count":"1","taconfirm_flag":"9","receivable_account":"6217857600002597495","trade_period":"","allot_no":"20170209000044","fund_exceed_flag":"","fund_busin_code":"022","fund_risk_flag":"0","error_info":""}]}
    [code] => 200
)
]
[10:59:01][参数：Array
(
    [targetcomp_id] => 91000
    [sendercomp_id] => 91000
    [access_token] => 0FCB34AB8F1A4CD3951754C2754A32692017021009370359427121
    [request_num] => 1
    [reqry_recordsum_flag] => 1
    [qry_beginrownum] => 0
    [fund_code] => 600570
)
https://sitapi.hscloud.cn/cwsale/v1/newhq_qry
回参：Array
(
    [data] => {"data":[{"ofund_type":"0","per_myriad_income":"0.0000","fund_code":"600570","fund_curr_income":"0.00","rowcount":"1","forbid_modi_autobuy_flag":"0","pre_income_ratio":"0.0000","fund_full_name":"恒生电子股票基金","accept_hq_date":"20170210","share_type":"A","error_code":"","total_count":"1","fund_share":"0.00","fund_name":"恒生电子股票基金","fund_status":"0","ta_no":"B0","success_type":"0","nav_total":"1.7000","nav":"1.7000","prod_term":"0","ofund_risklevel":"0","en_minshare":"0.00","hq_date":"20170209","fund_curr_ratio":"0.0000","error_info":""}]}
    [code] => 200
)
]
[11:00:25][参数：Array
(
    [targetcomp_id] => 91000
    [sendercomp_id] => 91000
    [access_token] => 0FCB34AB8F1A4CD3951754C2754A32692017021009370359427121
    [trust_way] => 2
    [capital_mode] => l
    [trade_source] => bjjj
    [request_num] => 1
    [reqry_recordsum_flag] => 1
    [qry_beginrownum] => 0
    [trade_acco] => 1164
    [client_id] => 10108
    [allot_no] => 20170210000005
    [fund_code] => 
    [taconfirm_flag] => 9
    [begin_date] => 20170210
    [end_date] => 20170210
)
https://sitapi.hscloud.cn/cwsale/v1/trade_apply_qry
回参：Array
(
    [data] => {"data":[{"detail_fund_way":"01","send_flags":"0","hope_date":"","money_type":"0","max_trade_succ_quota":"0.00","target_fund_type":"","ta_acco":"B01000009851","balance":"2000.00","apply_date":"20170210","original_date":"20170210","protocol_period_unit":"","deduct_status":"2","discount_rate":"1.0000","apply_time":"110013","oppo_netno":"","first_exchdate":"","diffscale":"0.0000","max_succ_times":"","ofund_user_type":"","error_code":"","original_appno":"","busin_ass_code":"","shares":"0.00","portfolio_code":"","success_type":"0","portfolio_allot_no":"","bank_no":"004","expiry_date":"","combined_error_info":"","fund_froze_flag":"","busin_board_type":"","share_type":"A","trade_acco":"1164","capital_mode":"l","oppo_agency":"","after_discount_rate":"1.0000","oppo_trade_account":"","order_date":"110013","protocol_name":"","target_fund_code":"","fund_code":"600570","reserve_discount_rate":"1.0000","auto_buy":"","rowcount":"1","cyber_bank_error_id":"","oppo_fund_account":"","total_count":"1","taconfirm_flag":"9","receivable_account":"6217857600002597495","trade_period":"","allot_no":"20170210000005","fund_exceed_flag":"","fund_busin_code":"022","fund_risk_flag":"0","error_info":""}]}
    [code] => 200
)
]
[11:00:25][参数：Array
(
    [targetcomp_id] => 91000
    [sendercomp_id] => 91000
    [access_token] => 0FCB34AB8F1A4CD3951754C2754A32692017021009370359427121
    [request_num] => 1
    [reqry_recordsum_flag] => 1
    [qry_beginrownum] => 0
    [fund_code] => 600570
)
https://sitapi.hscloud.cn/cwsale/v1/newhq_qry
回参：Array
(
    [data] => {"data":[{"ofund_type":"0","per_myriad_income":"0.0000","fund_code":"600570","fund_curr_income":"0.00","rowcount":"1","forbid_modi_autobuy_flag":"0","pre_income_ratio":"0.0000","fund_full_name":"恒生电子股票基金","accept_hq_date":"20170210","share_type":"A","error_code":"","total_count":"1","fund_share":"0.00","fund_name":"恒生电子股票基金","fund_status":"0","ta_no":"B0","success_type":"0","nav_total":"1.7000","nav":"1.7000","prod_term":"0","ofund_risklevel":"0","en_minshare":"0.00","hq_date":"20170209","fund_curr_ratio":"0.0000","error_info":""}]}
    [code] => 200
)
]
[11:01:36][参数：Array
(
    [targetcomp_id] => 91000
    [sendercomp_id] => 91000
    [access_token] => 0FCB34AB8F1A4CD3951754C2754A32692017021009370359427121
    [trust_way] => 2
    [capital_mode] => l
    [trade_source] => bjjj
    [request_num] => 1
    [reqry_recordsum_flag] => 1
    [qry_beginrownum] => 0
    [trade_acco] => 1190
    [client_id] => 10298
    [allot_no] => 20170209000092
    [fund_code] => 
    [taconfirm_flag] => 9
    [begin_date] => 20170210
    [end_date] => 20170210
)
https://sitapi.hscloud.cn/cwsale/v1/trade_apply_qry
回参：Array
(
    [data] => {"data":[{"detail_fund_way":"01","send_flags":"0","hope_date":"","money_type":"0","max_trade_succ_quota":"0.00","target_fund_type":"","ta_acco":"*B0000001190","balance":"10000.00","apply_date":"20170210","original_date":"20170209","protocol_period_unit":"","deduct_status":"2","discount_rate":"1.0000","apply_time":"093000","oppo_netno":"","first_exchdate":"","diffscale":"0.0000","max_succ_times":"","ofund_user_type":"","error_code":"","original_appno":"","busin_ass_code":"","shares":"0.00","portfolio_code":"","success_type":"0","portfolio_allot_no":"","bank_no":"005","expiry_date":"","combined_error_info":"","fund_froze_flag":"","busin_board_type":"","share_type":"A","trade_acco":"1190","capital_mode":"l","oppo_agency":"","after_discount_rate":"1.0000","oppo_trade_account":"","order_date":"201104","protocol_name":"","target_fund_code":"","fund_code":"600570","reserve_discount_rate":"1.0000","auto_buy":"","rowcount":"1","cyber_bank_error_id":"","oppo_fund_account":"","total_count":"1","taconfirm_flag":"9","receivable_account":"6217000340000565980","trade_period":"","allot_no":"20170209000092","fund_exceed_flag":"","fund_busin_code":"022","fund_risk_flag":"0","error_info":""}]}
    [code] => 200
)
]
[11:01:36][参数：Array
(
    [targetcomp_id] => 91000
    [sendercomp_id] => 91000
    [access_token] => 0FCB34AB8F1A4CD3951754C2754A32692017021009370359427121
    [request_num] => 1
    [reqry_recordsum_flag] => 1
    [qry_beginrownum] => 0
    [fund_code] => 600570
)
https://sitapi.hscloud.cn/cwsale/v1/newhq_qry
回参：Array
(
    [data] => {"data":[{"ofund_type":"0","per_myriad_income":"0.0000","fund_code":"600570","fund_curr_income":"0.00","rowcount":"1","forbid_modi_autobuy_flag":"0","pre_income_ratio":"0.0000","fund_full_name":"恒生电子股票基金","accept_hq_date":"20170210","share_type":"A","error_code":"","total_count":"1","fund_share":"0.00","fund_name":"恒生电子股票基金","fund_status":"0","ta_no":"B0","success_type":"0","nav_total":"1.7000","nav":"1.7000","prod_term":"0","ofund_risklevel":"0","en_minshare":"0.00","hq_date":"20170209","fund_curr_ratio":"0.0000","error_info":""}]}
    [code] => 200
)
]
[13:54:39][参数：Array
(
    [targetcomp_id] => 91000
    [sendercomp_id] => 91000
    [access_token] => 0FCB34AB8F1A4CD3951754C2754A32692017021009370359427121
    [trust_way] => 2
    [capital_mode] => l
    [trade_source] => bjjj
    [request_num] => 1
    [reqry_recordsum_flag] => 1
    [qry_beginrownum] => 0
    [trade_acco] => 1193
    [client_id] => 10308
    [allot_no] => 20170210000026
    [fund_code] => 
    [taconfirm_flag] => 9
    [begin_date] => 20170210
    [end_date] => 20170210
)
https://sitapi.hscloud.cn/cwsale/v1/trade_apply_qry
回参：Array
(
    [data] => {"data":[{"detail_fund_way":"01","send_flags":"0","hope_date":"","money_type":"0","max_trade_succ_quota":"0.00","target_fund_type":"","ta_acco":"*B0000001193","balance":"100.00","apply_date":"20170210","original_date":"20170210","protocol_period_unit":"","deduct_status":"2","discount_rate":"1.0000","apply_time":"135425","oppo_netno":"","first_exchdate":"","diffscale":"0.0000","max_succ_times":"","ofund_user_type":"","error_code":"","original_appno":"","busin_ass_code":"","shares":"0.00","portfolio_code":"","success_type":"0","portfolio_allot_no":"","bank_no":"005","expiry_date":"","combined_error_info":"","fund_froze_flag":"","busin_board_type":"","share_type":"A","trade_acco":"1193","capital_mode":"l","oppo_agency":"","after_discount_rate":"1.0000","oppo_trade_account":"","order_date":"135425","protocol_name":"","target_fund_code":"","fund_code":"600570","reserve_discount_rate":"1.0000","auto_buy":"","rowcount":"1","cyber_bank_error_id":"","oppo_fund_account":"","total_count":"1","taconfirm_flag":"9","receivable_account":"6217000340000565980","trade_period":"","allot_no":"20170210000026","fund_exceed_flag":"","fund_busin_code":"022","fund_risk_flag":"0","error_info":""}]}
    [code] => 200
)
]
[13:54:40][参数：Array
(
    [targetcomp_id] => 91000
    [sendercomp_id] => 91000
    [access_token] => 0FCB34AB8F1A4CD3951754C2754A32692017021009370359427121
    [request_num] => 1
    [reqry_recordsum_flag] => 1
    [qry_beginrownum] => 0
    [fund_code] => 600570
)
https://sitapi.hscloud.cn/cwsale/v1/newhq_qry
回参：Array
(
    [data] => {"data":[{"ofund_type":"0","per_myriad_income":"0.0000","fund_code":"600570","fund_curr_income":"0.00","rowcount":"1","forbid_modi_autobuy_flag":"0","pre_income_ratio":"0.0000","fund_full_name":"恒生电子股票基金","accept_hq_date":"20170210","share_type":"A","error_code":"","total_count":"1","fund_share":"0.00","fund_name":"恒生电子股票基金","fund_status":"0","ta_no":"B0","success_type":"0","nav_total":"1.7000","nav":"1.7000","prod_term":"0","ofund_risklevel":"0","en_minshare":"0.00","hq_date":"20170209","fund_curr_ratio":"0.0000","error_info":""}]}
    [code] => 200
)
]
[13:55:36][参数：Array
(
    [targetcomp_id] => 91000
    [sendercomp_id] => 91000
    [access_token] => 0FCB34AB8F1A4CD3951754C2754A32692017021009370359427121
    [trust_way] => 2
    [capital_mode] => l
    [trade_source] => bjjj
    [request_num] => 1
    [reqry_recordsum_flag] => 1
    [qry_beginrownum] => 0
    [trade_acco] => 1193
    [client_id] => 10308
    [allot_no] => 20170210000026
    [fund_code] => 
    [taconfirm_flag] => 9
    [begin_date] => 20170210
    [end_date] => 20170210
)
https://sitapi.hscloud.cn/cwsale/v1/trade_apply_qry
回参：Array
(
    [data] => {"data":[{"detail_fund_way":"01","send_flags":"0","hope_date":"","money_type":"0","max_trade_succ_quota":"0.00","target_fund_type":"","ta_acco":"*B0000001193","balance":"100.00","apply_date":"20170210","original_date":"20170210","protocol_period_unit":"","deduct_status":"2","discount_rate":"1.0000","apply_time":"135425","oppo_netno":"","first_exchdate":"","diffscale":"0.0000","max_succ_times":"","ofund_user_type":"","error_code":"","original_appno":"","busin_ass_code":"","shares":"0.00","portfolio_code":"","success_type":"0","portfolio_allot_no":"","bank_no":"005","expiry_date":"","combined_error_info":"","fund_froze_flag":"","busin_board_type":"","share_type":"A","trade_acco":"1193","capital_mode":"l","oppo_agency":"","after_discount_rate":"1.0000","oppo_trade_account":"","order_date":"135425","protocol_name":"","target_fund_code":"","fund_code":"600570","reserve_discount_rate":"1.0000","auto_buy":"","rowcount":"1","cyber_bank_error_id":"","oppo_fund_account":"","total_count":"1","taconfirm_flag":"9","receivable_account":"6217000340000565980","trade_period":"","allot_no":"20170210000026","fund_exceed_flag":"","fund_busin_code":"022","fund_risk_flag":"0","error_info":""}]}
    [code] => 200
)
]
[13:55:36][参数：Array
(
    [targetcomp_id] => 91000
    [sendercomp_id] => 91000
    [access_token] => 0FCB34AB8F1A4CD3951754C2754A32692017021009370359427121
    [request_num] => 1
    [reqry_recordsum_flag] => 1
    [qry_beginrownum] => 0
    [fund_code] => 600570
)
https://sitapi.hscloud.cn/cwsale/v1/newhq_qry
回参：Array
(
    [data] => {"data":[{"ofund_type":"0","per_myriad_income":"0.0000","fund_code":"600570","fund_curr_income":"0.00","rowcount":"1","forbid_modi_autobuy_flag":"0","pre_income_ratio":"0.0000","fund_full_name":"恒生电子股票基金","accept_hq_date":"20170210","share_type":"A","error_code":"","total_count":"1","fund_share":"0.00","fund_name":"恒生电子股票基金","fund_status":"0","ta_no":"B0","success_type":"0","nav_total":"1.7000","nav":"1.7000","prod_term":"0","ofund_risklevel":"0","en_minshare":"0.00","hq_date":"20170209","fund_curr_ratio":"0.0000","error_info":""}]}
    [code] => 200
)
]
[13:55:49][参数：Array
(
    [targetcomp_id] => 91000
    [sendercomp_id] => 91000
    [access_token] => 0FCB34AB8F1A4CD3951754C2754A32692017021009370359427121
    [trust_way] => 2
    [capital_mode] => l
    [trade_source] => bjjj
    [request_num] => 1
    [reqry_recordsum_flag] => 1
    [qry_beginrownum] => 0
    [trade_acco] => 1193
    [client_id] => 10308
    [allot_no] => 20170210000026
    [fund_code] => 
    [taconfirm_flag] => 9
    [begin_date] => 20170210
    [end_date] => 20170210
)
https://sitapi.hscloud.cn/cwsale/v1/trade_apply_qry
回参：Array
(
    [data] => {"data":[{"detail_fund_way":"01","send_flags":"0","hope_date":"","money_type":"0","max_trade_succ_quota":"0.00","target_fund_type":"","ta_acco":"*B0000001193","balance":"100.00","apply_date":"20170210","original_date":"20170210","protocol_period_unit":"","deduct_status":"2","discount_rate":"1.0000","apply_time":"135425","oppo_netno":"","first_exchdate":"","diffscale":"0.0000","max_succ_times":"","ofund_user_type":"","error_code":"","original_appno":"","busin_ass_code":"","shares":"0.00","portfolio_code":"","success_type":"0","portfolio_allot_no":"","bank_no":"005","expiry_date":"","combined_error_info":"","fund_froze_flag":"","busin_board_type":"","share_type":"A","trade_acco":"1193","capital_mode":"l","oppo_agency":"","after_discount_rate":"1.0000","oppo_trade_account":"","order_date":"135425","protocol_name":"","target_fund_code":"","fund_code":"600570","reserve_discount_rate":"1.0000","auto_buy":"","rowcount":"1","cyber_bank_error_id":"","oppo_fund_account":"","total_count":"1","taconfirm_flag":"9","receivable_account":"6217000340000565980","trade_period":"","allot_no":"20170210000026","fund_exceed_flag":"","fund_busin_code":"022","fund_risk_flag":"0","error_info":""}]}
    [code] => 200
)
]
[13:55:49][参数：Array
(
    [targetcomp_id] => 91000
    [sendercomp_id] => 91000
    [access_token] => 0FCB34AB8F1A4CD3951754C2754A32692017021009370359427121
    [request_num] => 1
    [reqry_recordsum_flag] => 1
    [qry_beginrownum] => 0
    [fund_code] => 600570
)
https://sitapi.hscloud.cn/cwsale/v1/newhq_qry
回参：Array
(
    [data] => {"data":[{"ofund_type":"0","per_myriad_income":"0.0000","fund_code":"600570","fund_curr_income":"0.00","rowcount":"1","forbid_modi_autobuy_flag":"0","pre_income_ratio":"0.0000","fund_full_name":"恒生电子股票基金","accept_hq_date":"20170210","share_type":"A","error_code":"","total_count":"1","fund_share":"0.00","fund_name":"恒生电子股票基金","fund_status":"0","ta_no":"B0","success_type":"0","nav_total":"1.7000","nav":"1.7000","prod_term":"0","ofund_risklevel":"0","en_minshare":"0.00","hq_date":"20170209","fund_curr_ratio":"0.0000","error_info":""}]}
    [code] => 200
)
]
[13:56:04][参数：Array
(
    [targetcomp_id] => 91000
    [sendercomp_id] => 91000
    [access_token] => 0FCB34AB8F1A4CD3951754C2754A32692017021009370359427121
    [trust_way] => 2
    [capital_mode] => l
    [trade_source] => bjjj
    [request_num] => 1
    [reqry_recordsum_flag] => 1
    [qry_beginrownum] => 0
    [trade_acco] => 1193
    [client_id] => 10308
    [allot_no] => 20170210000026
    [fund_code] => 
    [taconfirm_flag] => 9
    [begin_date] => 20170210
    [end_date] => 20170210
)
https://sitapi.hscloud.cn/cwsale/v1/trade_apply_qry
回参：Array
(
    [data] => {"data":[{"detail_fund_way":"01","send_flags":"0","hope_date":"","money_type":"0","max_trade_succ_quota":"0.00","target_fund_type":"","ta_acco":"*B0000001193","balance":"100.00","apply_date":"20170210","original_date":"20170210","protocol_period_unit":"","deduct_status":"2","discount_rate":"1.0000","apply_time":"135425","oppo_netno":"","first_exchdate":"","diffscale":"0.0000","max_succ_times":"","ofund_user_type":"","error_code":"","original_appno":"","busin_ass_code":"","shares":"0.00","portfolio_code":"","success_type":"0","portfolio_allot_no":"","bank_no":"005","expiry_date":"","combined_error_info":"","fund_froze_flag":"","busin_board_type":"","share_type":"A","trade_acco":"1193","capital_mode":"l","oppo_agency":"","after_discount_rate":"1.0000","oppo_trade_account":"","order_date":"135425","protocol_name":"","target_fund_code":"","fund_code":"600570","reserve_discount_rate":"1.0000","auto_buy":"","rowcount":"1","cyber_bank_error_id":"","oppo_fund_account":"","total_count":"1","taconfirm_flag":"9","receivable_account":"6217000340000565980","trade_period":"","allot_no":"20170210000026","fund_exceed_flag":"","fund_busin_code":"022","fund_risk_flag":"0","error_info":""}]}
    [code] => 200
)
]
[13:56:04][参数：Array
(
    [targetcomp_id] => 91000
    [sendercomp_id] => 91000
    [access_token] => 0FCB34AB8F1A4CD3951754C2754A32692017021009370359427121
    [request_num] => 1
    [reqry_recordsum_flag] => 1
    [qry_beginrownum] => 0
    [fund_code] => 600570
)
https://sitapi.hscloud.cn/cwsale/v1/newhq_qry
回参：Array
(
    [data] => {"data":[{"ofund_type":"0","per_myriad_income":"0.0000","fund_code":"600570","fund_curr_income":"0.00","rowcount":"1","forbid_modi_autobuy_flag":"0","pre_income_ratio":"0.0000","fund_full_name":"恒生电子股票基金","accept_hq_date":"20170210","share_type":"A","error_code":"","total_count":"1","fund_share":"0.00","fund_name":"恒生电子股票基金","fund_status":"0","ta_no":"B0","success_type":"0","nav_total":"1.7000","nav":"1.7000","prod_term":"0","ofund_risklevel":"0","en_minshare":"0.00","hq_date":"20170209","fund_curr_ratio":"0.0000","error_info":""}]}
    [code] => 200
)
]
[13:56:34][参数：Array
(
    [targetcomp_id] => 91000
    [sendercomp_id] => 91000
    [access_token] => 0FCB34AB8F1A4CD3951754C2754A32692017021009370359427121
    [trust_way] => 2
    [capital_mode] => l
    [trade_source] => bjjj
    [request_num] => 1
    [reqry_recordsum_flag] => 1
    [qry_beginrownum] => 0
    [trade_acco] => 1193
    [client_id] => 10308
    [allot_no] => 20170210000026
    [fund_code] => 
    [taconfirm_flag] => 9
    [begin_date] => 20170210
    [end_date] => 20170210
)
https://sitapi.hscloud.cn/cwsale/v1/trade_apply_qry
回参：Array
(
    [data] => {"data":[{"detail_fund_way":"01","send_flags":"0","hope_date":"","money_type":"0","max_trade_succ_quota":"0.00","target_fund_type":"","ta_acco":"*B0000001193","balance":"100.00","apply_date":"20170210","original_date":"20170210","protocol_period_unit":"","deduct_status":"2","discount_rate":"1.0000","apply_time":"135425","oppo_netno":"","first_exchdate":"","diffscale":"0.0000","max_succ_times":"","ofund_user_type":"","error_code":"","original_appno":"","busin_ass_code":"","shares":"0.00","portfolio_code":"","success_type":"0","portfolio_allot_no":"","bank_no":"005","expiry_date":"","combined_error_info":"","fund_froze_flag":"","busin_board_type":"","share_type":"A","trade_acco":"1193","capital_mode":"l","oppo_agency":"","after_discount_rate":"1.0000","oppo_trade_account":"","order_date":"135425","protocol_name":"","target_fund_code":"","fund_code":"600570","reserve_discount_rate":"1.0000","auto_buy":"","rowcount":"1","cyber_bank_error_id":"","oppo_fund_account":"","total_count":"1","taconfirm_flag":"9","receivable_account":"6217000340000565980","trade_period":"","allot_no":"20170210000026","fund_exceed_flag":"","fund_busin_code":"022","fund_risk_flag":"0","error_info":""}]}
    [code] => 200
)
]
[13:56:34][参数：Array
(
    [targetcomp_id] => 91000
    [sendercomp_id] => 91000
    [access_token] => 0FCB34AB8F1A4CD3951754C2754A32692017021009370359427121
    [request_num] => 1
    [reqry_recordsum_flag] => 1
    [qry_beginrownum] => 0
    [fund_code] => 600570
)
https://sitapi.hscloud.cn/cwsale/v1/newhq_qry
回参：Array
(
    [data] => {"data":[{"ofund_type":"0","per_myriad_income":"0.0000","fund_code":"600570","fund_curr_income":"0.00","rowcount":"1","forbid_modi_autobuy_flag":"0","pre_income_ratio":"0.0000","fund_full_name":"恒生电子股票基金","accept_hq_date":"20170210","share_type":"A","error_code":"","total_count":"1","fund_share":"0.00","fund_name":"恒生电子股票基金","fund_status":"0","ta_no":"B0","success_type":"0","nav_total":"1.7000","nav":"1.7000","prod_term":"0","ofund_risklevel":"0","en_minshare":"0.00","hq_date":"20170209","fund_curr_ratio":"0.0000","error_info":""}]}
    [code] => 200
)
]
[13:59:56][参数：Array
(
    [targetcomp_id] => 91000
    [sendercomp_id] => 91000
    [access_token] => 0FCB34AB8F1A4CD3951754C2754A32692017021009370359427121
    [trust_way] => 2
    [capital_mode] => l
    [trade_source] => bjjj
    [request_num] => 1
    [reqry_recordsum_flag] => 1
    [qry_beginrownum] => 0
    [trade_acco] => 1193
    [client_id] => 10308
    [allot_no] => 20170210000026
    [fund_code] => 
    [taconfirm_flag] => 9
    [begin_date] => 20170210
    [end_date] => 20170210
)
https://sitapi.hscloud.cn/cwsale/v1/trade_apply_qry
回参：Array
(
    [data] => {"data":[{"detail_fund_way":"01","send_flags":"0","hope_date":"","money_type":"0","max_trade_succ_quota":"0.00","target_fund_type":"","ta_acco":"*B0000001193","balance":"100.00","apply_date":"20170210","original_date":"20170210","protocol_period_unit":"","deduct_status":"2","discount_rate":"1.0000","apply_time":"135425","oppo_netno":"","first_exchdate":"","diffscale":"0.0000","max_succ_times":"","ofund_user_type":"","error_code":"","original_appno":"","busin_ass_code":"","shares":"0.00","portfolio_code":"","success_type":"0","portfolio_allot_no":"","bank_no":"005","expiry_date":"","combined_error_info":"","fund_froze_flag":"","busin_board_type":"","share_type":"A","trade_acco":"1193","capital_mode":"l","oppo_agency":"","after_discount_rate":"1.0000","oppo_trade_account":"","order_date":"135425","protocol_name":"","target_fund_code":"","fund_code":"600570","reserve_discount_rate":"1.0000","auto_buy":"","rowcount":"1","cyber_bank_error_id":"","oppo_fund_account":"","total_count":"1","taconfirm_flag":"9","receivable_account":"6217000340000565980","trade_period":"","allot_no":"20170210000026","fund_exceed_flag":"","fund_busin_code":"022","fund_risk_flag":"0","error_info":""}]}
    [code] => 200
)
]
[13:59:56][参数：Array
(
    [targetcomp_id] => 91000
    [sendercomp_id] => 91000
    [access_token] => 0FCB34AB8F1A4CD3951754C2754A32692017021009370359427121
    [request_num] => 1
    [reqry_recordsum_flag] => 1
    [qry_beginrownum] => 0
    [fund_code] => 600570
)
https://sitapi.hscloud.cn/cwsale/v1/newhq_qry
回参：Array
(
    [data] => {"data":[{"ofund_type":"0","per_myriad_income":"0.0000","fund_code":"600570","fund_curr_income":"0.00","rowcount":"1","forbid_modi_autobuy_flag":"0","pre_income_ratio":"0.0000","fund_full_name":"恒生电子股票基金","accept_hq_date":"20170210","share_type":"A","error_code":"","total_count":"1","fund_share":"0.00","fund_name":"恒生电子股票基金","fund_status":"0","ta_no":"B0","success_type":"0","nav_total":"1.7000","nav":"1.7000","prod_term":"0","ofund_risklevel":"0","en_minshare":"0.00","hq_date":"20170209","fund_curr_ratio":"0.0000","error_info":""}]}
    [code] => 200
)
]
[14:06:30][参数：Array
(
    [targetcomp_id] => 91000
    [sendercomp_id] => 91000
    [access_token] => 0FCB34AB8F1A4CD3951754C2754A32692017021009370359427121
    [trust_way] => 2
    [capital_mode] => l
    [trade_source] => bjjj
    [request_num] => 1
    [reqry_recordsum_flag] => 1
    [qry_beginrownum] => 0
    [trade_acco] => 1193
    [client_id] => 10308
    [allot_no] => 20170210000026
    [fund_code] => 
    [taconfirm_flag] => 9
    [begin_date] => 20170210
    [end_date] => 20170210
)
https://sitapi.hscloud.cn/cwsale/v1/trade_apply_qry
回参：Array
(
    [data] => {"data":[{"detail_fund_way":"01","send_flags":"0","hope_date":"","money_type":"0","max_trade_succ_quota":"0.00","target_fund_type":"","ta_acco":"*B0000001193","balance":"100.00","apply_date":"20170210","original_date":"20170210","protocol_period_unit":"","deduct_status":"2","discount_rate":"1.0000","apply_time":"135425","oppo_netno":"","first_exchdate":"","diffscale":"0.0000","max_succ_times":"","ofund_user_type":"","error_code":"","original_appno":"","busin_ass_code":"","shares":"0.00","portfolio_code":"","success_type":"0","portfolio_allot_no":"","bank_no":"005","expiry_date":"","combined_error_info":"","fund_froze_flag":"","busin_board_type":"","share_type":"A","trade_acco":"1193","capital_mode":"l","oppo_agency":"","after_discount_rate":"1.0000","oppo_trade_account":"","order_date":"135425","protocol_name":"","target_fund_code":"","fund_code":"600570","reserve_discount_rate":"1.0000","auto_buy":"","rowcount":"1","cyber_bank_error_id":"","oppo_fund_account":"","total_count":"1","taconfirm_flag":"9","receivable_account":"6217000340000565980","trade_period":"","allot_no":"20170210000026","fund_exceed_flag":"","fund_busin_code":"022","fund_risk_flag":"0","error_info":""}]}
    [code] => 200
)
]
[14:06:30][参数：Array
(
    [targetcomp_id] => 91000
    [sendercomp_id] => 91000
    [access_token] => 0FCB34AB8F1A4CD3951754C2754A32692017021009370359427121
    [request_num] => 1
    [reqry_recordsum_flag] => 1
    [qry_beginrownum] => 0
    [fund_code] => 600570
)
https://sitapi.hscloud.cn/cwsale/v1/newhq_qry
回参：Array
(
    [data] => {"data":[{"ofund_type":"0","per_myriad_income":"0.0000","fund_code":"600570","fund_curr_income":"0.00","rowcount":"1","forbid_modi_autobuy_flag":"0","pre_income_ratio":"0.0000","fund_full_name":"恒生电子股票基金","accept_hq_date":"20170210","share_type":"A","error_code":"","total_count":"1","fund_share":"0.00","fund_name":"恒生电子股票基金","fund_status":"0","ta_no":"B0","success_type":"0","nav_total":"1.7000","nav":"1.7000","prod_term":"0","ofund_risklevel":"0","en_minshare":"0.00","hq_date":"20170209","fund_curr_ratio":"0.0000","error_info":""}]}
    [code] => 200
)
]
[14:06:46][参数：Array
(
    [targetcomp_id] => 91000
    [sendercomp_id] => 91000
    [access_token] => 0FCB34AB8F1A4CD3951754C2754A32692017021009370359427121
    [trust_way] => 2
    [capital_mode] => l
    [trade_source] => bjjj
    [request_num] => 1
    [reqry_recordsum_flag] => 1
    [qry_beginrownum] => 0
    [trade_acco] => 1193
    [client_id] => 10308
    [allot_no] => 20170210000026
    [fund_code] => 
    [taconfirm_flag] => 9
    [begin_date] => 20170210
    [end_date] => 20170210
)
https://sitapi.hscloud.cn/cwsale/v1/trade_apply_qry
回参：Array
(
    [data] => {"data":[{"detail_fund_way":"01","send_flags":"0","hope_date":"","money_type":"0","max_trade_succ_quota":"0.00","target_fund_type":"","ta_acco":"*B0000001193","balance":"100.00","apply_date":"20170210","original_date":"20170210","protocol_period_unit":"","deduct_status":"2","discount_rate":"1.0000","apply_time":"135425","oppo_netno":"","first_exchdate":"","diffscale":"0.0000","max_succ_times":"","ofund_user_type":"","error_code":"","original_appno":"","busin_ass_code":"","shares":"0.00","portfolio_code":"","success_type":"0","portfolio_allot_no":"","bank_no":"005","expiry_date":"","combined_error_info":"","fund_froze_flag":"","busin_board_type":"","share_type":"A","trade_acco":"1193","capital_mode":"l","oppo_agency":"","after_discount_rate":"1.0000","oppo_trade_account":"","order_date":"135425","protocol_name":"","target_fund_code":"","fund_code":"600570","reserve_discount_rate":"1.0000","auto_buy":"","rowcount":"1","cyber_bank_error_id":"","oppo_fund_account":"","total_count":"1","taconfirm_flag":"9","receivable_account":"6217000340000565980","trade_period":"","allot_no":"20170210000026","fund_exceed_flag":"","fund_busin_code":"022","fund_risk_flag":"0","error_info":""}]}
    [code] => 200
)
]
[14:06:46][参数：Array
(
    [targetcomp_id] => 91000
    [sendercomp_id] => 91000
    [access_token] => 0FCB34AB8F1A4CD3951754C2754A32692017021009370359427121
    [request_num] => 1
    [reqry_recordsum_flag] => 1
    [qry_beginrownum] => 0
    [fund_code] => 600570
)
https://sitapi.hscloud.cn/cwsale/v1/newhq_qry
回参：Array
(
    [data] => {"data":[{"ofund_type":"0","per_myriad_income":"0.0000","fund_code":"600570","fund_curr_income":"0.00","rowcount":"1","forbid_modi_autobuy_flag":"0","pre_income_ratio":"0.0000","fund_full_name":"恒生电子股票基金","accept_hq_date":"20170210","share_type":"A","error_code":"","total_count":"1","fund_share":"0.00","fund_name":"恒生电子股票基金","fund_status":"0","ta_no":"B0","success_type":"0","nav_total":"1.7000","nav":"1.7000","prod_term":"0","ofund_risklevel":"0","en_minshare":"0.00","hq_date":"20170209","fund_curr_ratio":"0.0000","error_info":""}]}
    [code] => 200
)
]
[14:08:12][参数：Array
(
    [targetcomp_id] => 91000
    [sendercomp_id] => 91000
    [access_token] => 0FCB34AB8F1A4CD3951754C2754A32692017021009370359427121
    [trust_way] => 2
    [capital_mode] => l
    [trade_source] => bjjj
    [request_num] => 1
    [reqry_recordsum_flag] => 1
    [qry_beginrownum] => 0
    [trade_acco] => 1193
    [client_id] => 10308
    [allot_no] => 20170210000026
    [fund_code] => 
    [taconfirm_flag] => 9
    [begin_date] => 20170210
    [end_date] => 20170210
)
https://sitapi.hscloud.cn/cwsale/v1/trade_apply_qry
回参：Array
(
    [data] => {"data":[{"detail_fund_way":"01","send_flags":"0","hope_date":"","money_type":"0","max_trade_succ_quota":"0.00","target_fund_type":"","ta_acco":"*B0000001193","balance":"100.00","apply_date":"20170210","original_date":"20170210","protocol_period_unit":"","deduct_status":"2","discount_rate":"1.0000","apply_time":"135425","oppo_netno":"","first_exchdate":"","diffscale":"0.0000","max_succ_times":"","ofund_user_type":"","error_code":"","original_appno":"","busin_ass_code":"","shares":"0.00","portfolio_code":"","success_type":"0","portfolio_allot_no":"","bank_no":"005","expiry_date":"","combined_error_info":"","fund_froze_flag":"","busin_board_type":"","share_type":"A","trade_acco":"1193","capital_mode":"l","oppo_agency":"","after_discount_rate":"1.0000","oppo_trade_account":"","order_date":"135425","protocol_name":"","target_fund_code":"","fund_code":"600570","reserve_discount_rate":"1.0000","auto_buy":"","rowcount":"1","cyber_bank_error_id":"","oppo_fund_account":"","total_count":"1","taconfirm_flag":"9","receivable_account":"6217000340000565980","trade_period":"","allot_no":"20170210000026","fund_exceed_flag":"","fund_busin_code":"022","fund_risk_flag":"0","error_info":""}]}
    [code] => 200
)
]
[14:08:12][参数：Array
(
    [targetcomp_id] => 91000
    [sendercomp_id] => 91000
    [access_token] => 0FCB34AB8F1A4CD3951754C2754A32692017021009370359427121
    [request_num] => 1
    [reqry_recordsum_flag] => 1
    [qry_beginrownum] => 0
    [fund_code] => 600570
)
https://sitapi.hscloud.cn/cwsale/v1/newhq_qry
回参：Array
(
    [data] => {"data":[{"ofund_type":"0","per_myriad_income":"0.0000","fund_code":"600570","fund_curr_income":"0.00","rowcount":"1","forbid_modi_autobuy_flag":"0","pre_income_ratio":"0.0000","fund_full_name":"恒生电子股票基金","accept_hq_date":"20170210","share_type":"A","error_code":"","total_count":"1","fund_share":"0.00","fund_name":"恒生电子股票基金","fund_status":"0","ta_no":"B0","success_type":"0","nav_total":"1.7000","nav":"1.7000","prod_term":"0","ofund_risklevel":"0","en_minshare":"0.00","hq_date":"20170209","fund_curr_ratio":"0.0000","error_info":""}]}
    [code] => 200
)
]
[14:08:47][参数：Array
(
    [targetcomp_id] => 91000
    [sendercomp_id] => 91000
    [access_token] => 0FCB34AB8F1A4CD3951754C2754A32692017021009370359427121
    [trust_way] => 2
    [capital_mode] => l
    [trade_source] => bjjj
    [request_num] => 1
    [reqry_recordsum_flag] => 1
    [qry_beginrownum] => 0
    [trade_acco] => 1189
    [client_id] => 10288
    [allot_no] => 20170209000064
    [fund_code] => 
    [taconfirm_flag] => 9
    [begin_date] => 20170210
    [end_date] => 20170210
)
https://sitapi.hscloud.cn/cwsale/v1/trade_apply_qry
回参：Array
(
    [data] => {"data":[{"detail_fund_way":"01","send_flags":"0","hope_date":"","money_type":"0","max_trade_succ_quota":"0.00","target_fund_type":"","ta_acco":"*B0000001189","balance":"12000.00","apply_date":"20170210","original_date":"20170209","protocol_period_unit":"","deduct_status":"2","discount_rate":"1.0000","apply_time":"093000","oppo_netno":"","first_exchdate":"","diffscale":"0.0000","max_succ_times":"","ofund_user_type":"","error_code":"","original_appno":"","busin_ass_code":"","shares":"0.00","portfolio_code":"","success_type":"0","portfolio_allot_no":"","bank_no":"005","expiry_date":"","combined_error_info":"","fund_froze_flag":"","busin_board_type":"","share_type":"A","trade_acco":"1189","capital_mode":"l","oppo_agency":"","after_discount_rate":"1.0000","oppo_trade_account":"","order_date":"170305","protocol_name":"","target_fund_code":"","fund_code":"600570","reserve_discount_rate":"1.0000","auto_buy":"","rowcount":"1","cyber_bank_error_id":"","oppo_fund_account":"","total_count":"1","taconfirm_flag":"9","receivable_account":"6217000340000565980","trade_period":"","allot_no":"20170209000064","fund_exceed_flag":"","fund_busin_code":"022","fund_risk_flag":"0","error_info":""}]}
    [code] => 200
)
]
[14:08:47][参数：Array
(
    [targetcomp_id] => 91000
    [sendercomp_id] => 91000
    [access_token] => 0FCB34AB8F1A4CD3951754C2754A32692017021009370359427121
    [request_num] => 1
    [reqry_recordsum_flag] => 1
    [qry_beginrownum] => 0
    [fund_code] => 600570
)
https://sitapi.hscloud.cn/cwsale/v1/newhq_qry
回参：Array
(
    [data] => {"data":[{"ofund_type":"0","per_myriad_income":"0.0000","fund_code":"600570","fund_curr_income":"0.00","rowcount":"1","forbid_modi_autobuy_flag":"0","pre_income_ratio":"0.0000","fund_full_name":"恒生电子股票基金","accept_hq_date":"20170210","share_type":"A","error_code":"","total_count":"1","fund_share":"0.00","fund_name":"恒生电子股票基金","fund_status":"0","ta_no":"B0","success_type":"0","nav_total":"1.7000","nav":"1.7000","prod_term":"0","ofund_risklevel":"0","en_minshare":"0.00","hq_date":"20170209","fund_curr_ratio":"0.0000","error_info":""}]}
    [code] => 200
)
]
[14:13:16][参数：Array
(
    [targetcomp_id] => 91000
    [sendercomp_id] => 91000
    [access_token] => 0FCB34AB8F1A4CD3951754C2754A32692017021009370359427121
    [trust_way] => 2
    [capital_mode] => l
    [trade_source] => bjjj
    [request_num] => 1
    [reqry_recordsum_flag] => 1
    [qry_beginrownum] => 0
    [trade_acco] => 1189
    [client_id] => 10288
    [allot_no] => 20170209000064
    [fund_code] => 
    [taconfirm_flag] => 9
    [begin_date] => 20170210
    [end_date] => 20170210
)
https://sitapi.hscloud.cn/cwsale/v1/trade_apply_qry
回参：Array
(
    [data] => {"data":[{"detail_fund_way":"01","send_flags":"0","hope_date":"","money_type":"0","max_trade_succ_quota":"0.00","target_fund_type":"","ta_acco":"*B0000001189","balance":"12000.00","apply_date":"20170210","original_date":"20170209","protocol_period_unit":"","deduct_status":"2","discount_rate":"1.0000","apply_time":"093000","oppo_netno":"","first_exchdate":"","diffscale":"0.0000","max_succ_times":"","ofund_user_type":"","error_code":"","original_appno":"","busin_ass_code":"","shares":"0.00","portfolio_code":"","success_type":"0","portfolio_allot_no":"","bank_no":"005","expiry_date":"","combined_error_info":"","fund_froze_flag":"","busin_board_type":"","share_type":"A","trade_acco":"1189","capital_mode":"l","oppo_agency":"","after_discount_rate":"1.0000","oppo_trade_account":"","order_date":"170305","protocol_name":"","target_fund_code":"","fund_code":"600570","reserve_discount_rate":"1.0000","auto_buy":"","rowcount":"1","cyber_bank_error_id":"","oppo_fund_account":"","total_count":"1","taconfirm_flag":"9","receivable_account":"6217000340000565980","trade_period":"","allot_no":"20170209000064","fund_exceed_flag":"","fund_busin_code":"022","fund_risk_flag":"0","error_info":""}]}
    [code] => 200
)
]
[14:13:16][参数：Array
(
    [targetcomp_id] => 91000
    [sendercomp_id] => 91000
    [access_token] => 0FCB34AB8F1A4CD3951754C2754A32692017021009370359427121
    [request_num] => 1
    [reqry_recordsum_flag] => 1
    [qry_beginrownum] => 0
    [fund_code] => 600570
)
https://sitapi.hscloud.cn/cwsale/v1/newhq_qry
回参：Array
(
    [data] => {"data":[{"ofund_type":"0","per_myriad_income":"0.0000","fund_code":"600570","fund_curr_income":"0.00","rowcount":"1","forbid_modi_autobuy_flag":"0","pre_income_ratio":"0.0000","fund_full_name":"恒生电子股票基金","accept_hq_date":"20170210","share_type":"A","error_code":"","total_count":"1","fund_share":"0.00","fund_name":"恒生电子股票基金","fund_status":"0","ta_no":"B0","success_type":"0","nav_total":"1.7000","nav":"1.7000","prod_term":"0","ofund_risklevel":"0","en_minshare":"0.00","hq_date":"20170209","fund_curr_ratio":"0.0000","error_info":""}]}
    [code] => 200
)
]
[14:13:28][参数：Array
(
    [targetcomp_id] => 91000
    [sendercomp_id] => 91000
    [access_token] => 0FCB34AB8F1A4CD3951754C2754A32692017021009370359427121
    [trust_way] => 2
    [capital_mode] => l
    [trade_source] => bjjj
    [request_num] => 1
    [reqry_recordsum_flag] => 1
    [qry_beginrownum] => 0
    [trade_acco] => 1189
    [client_id] => 10288
    [allot_no] => 20170209000064
    [fund_code] => 
    [taconfirm_flag] => 9
    [begin_date] => 20170210
    [end_date] => 20170210
)
https://sitapi.hscloud.cn/cwsale/v1/trade_apply_qry
回参：Array
(
    [data] => {"data":[{"detail_fund_way":"01","send_flags":"0","hope_date":"","money_type":"0","max_trade_succ_quota":"0.00","target_fund_type":"","ta_acco":"*B0000001189","balance":"12000.00","apply_date":"20170210","original_date":"20170209","protocol_period_unit":"","deduct_status":"2","discount_rate":"1.0000","apply_time":"093000","oppo_netno":"","first_exchdate":"","diffscale":"0.0000","max_succ_times":"","ofund_user_type":"","error_code":"","original_appno":"","busin_ass_code":"","shares":"0.00","portfolio_code":"","success_type":"0","portfolio_allot_no":"","bank_no":"005","expiry_date":"","combined_error_info":"","fund_froze_flag":"","busin_board_type":"","share_type":"A","trade_acco":"1189","capital_mode":"l","oppo_agency":"","after_discount_rate":"1.0000","oppo_trade_account":"","order_date":"170305","protocol_name":"","target_fund_code":"","fund_code":"600570","reserve_discount_rate":"1.0000","auto_buy":"","rowcount":"1","cyber_bank_error_id":"","oppo_fund_account":"","total_count":"1","taconfirm_flag":"9","receivable_account":"6217000340000565980","trade_period":"","allot_no":"20170209000064","fund_exceed_flag":"","fund_busin_code":"022","fund_risk_flag":"0","error_info":""}]}
    [code] => 200
)
]
[14:13:28][参数：Array
(
    [targetcomp_id] => 91000
    [sendercomp_id] => 91000
    [access_token] => 0FCB34AB8F1A4CD3951754C2754A32692017021009370359427121
    [request_num] => 1
    [reqry_recordsum_flag] => 1
    [qry_beginrownum] => 0
    [fund_code] => 600570
)
https://sitapi.hscloud.cn/cwsale/v1/newhq_qry
回参：Array
(
    [data] => {"data":[{"ofund_type":"0","per_myriad_income":"0.0000","fund_code":"600570","fund_curr_income":"0.00","rowcount":"1","forbid_modi_autobuy_flag":"0","pre_income_ratio":"0.0000","fund_full_name":"恒生电子股票基金","accept_hq_date":"20170210","share_type":"A","error_code":"","total_count":"1","fund_share":"0.00","fund_name":"恒生电子股票基金","fund_status":"0","ta_no":"B0","success_type":"0","nav_total":"1.7000","nav":"1.7000","prod_term":"0","ofund_risklevel":"0","en_minshare":"0.00","hq_date":"20170209","fund_curr_ratio":"0.0000","error_info":""}]}
    [code] => 200
)
]
[14:18:43][参数：Array
(
    [targetcomp_id] => 91000
    [sendercomp_id] => 91000
    [access_token] => 0FCB34AB8F1A4CD3951754C2754A32692017021009370359427121
    [trust_way] => 2
    [capital_mode] => l
    [trade_source] => bjjj
    [request_num] => 1
    [reqry_recordsum_flag] => 1
    [qry_beginrownum] => 0
    [trade_acco] => 1193
    [client_id] => 10308
    [allot_no] => 20170210000026
    [fund_code] => 
    [taconfirm_flag] => 9
    [begin_date] => 20170210
    [end_date] => 20170210
)
https://sitapi.hscloud.cn/cwsale/v1/trade_apply_qry
回参：Array
(
    [data] => {"data":[{"detail_fund_way":"01","send_flags":"0","hope_date":"","money_type":"0","max_trade_succ_quota":"0.00","target_fund_type":"","ta_acco":"*B0000001193","balance":"100.00","apply_date":"20170210","original_date":"20170210","protocol_period_unit":"","deduct_status":"2","discount_rate":"1.0000","apply_time":"135425","oppo_netno":"","first_exchdate":"","diffscale":"0.0000","max_succ_times":"","ofund_user_type":"","error_code":"","original_appno":"","busin_ass_code":"","shares":"0.00","portfolio_code":"","success_type":"0","portfolio_allot_no":"","bank_no":"005","expiry_date":"","combined_error_info":"","fund_froze_flag":"","busin_board_type":"","share_type":"A","trade_acco":"1193","capital_mode":"l","oppo_agency":"","after_discount_rate":"1.0000","oppo_trade_account":"","order_date":"135425","protocol_name":"","target_fund_code":"","fund_code":"600570","reserve_discount_rate":"1.0000","auto_buy":"","rowcount":"1","cyber_bank_error_id":"","oppo_fund_account":"","total_count":"1","taconfirm_flag":"9","receivable_account":"6217000340000565980","trade_period":"","allot_no":"20170210000026","fund_exceed_flag":"","fund_busin_code":"022","fund_risk_flag":"0","error_info":""}]}
    [code] => 200
)
]
[14:18:43][参数：Array
(
    [targetcomp_id] => 91000
    [sendercomp_id] => 91000
    [access_token] => 0FCB34AB8F1A4CD3951754C2754A32692017021009370359427121
    [request_num] => 1
    [reqry_recordsum_flag] => 1
    [qry_beginrownum] => 0
    [fund_code] => 600570
)
https://sitapi.hscloud.cn/cwsale/v1/newhq_qry
回参：Array
(
    [data] => {"data":[{"ofund_type":"0","per_myriad_income":"0.0000","fund_code":"600570","fund_curr_income":"0.00","rowcount":"1","forbid_modi_autobuy_flag":"0","pre_income_ratio":"0.0000","fund_full_name":"恒生电子股票基金","accept_hq_date":"20170210","share_type":"A","error_code":"","total_count":"1","fund_share":"0.00","fund_name":"恒生电子股票基金","fund_status":"0","ta_no":"B0","success_type":"0","nav_total":"1.7000","nav":"1.7000","prod_term":"0","ofund_risklevel":"0","en_minshare":"0.00","hq_date":"20170209","fund_curr_ratio":"0.0000","error_info":""}]}
    [code] => 200
)
]
[14:18:48][参数：Array
(
    [targetcomp_id] => 91000
    [sendercomp_id] => 91000
    [access_token] => 0FCB34AB8F1A4CD3951754C2754A32692017021009370359427121
    [trust_way] => 2
    [capital_mode] => l
    [trade_source] => bjjj
    [request_num] => 1
    [reqry_recordsum_flag] => 1
    [qry_beginrownum] => 0
    [trade_acco] => 1193
    [client_id] => 10308
    [allot_no] => 20170210000026
    [fund_code] => 
    [taconfirm_flag] => 9
    [begin_date] => 20170210
    [end_date] => 20170210
)
https://sitapi.hscloud.cn/cwsale/v1/trade_apply_qry
回参：Array
(
    [data] => {"data":[{"detail_fund_way":"01","send_flags":"0","hope_date":"","money_type":"0","max_trade_succ_quota":"0.00","target_fund_type":"","ta_acco":"*B0000001193","balance":"100.00","apply_date":"20170210","original_date":"20170210","protocol_period_unit":"","deduct_status":"2","discount_rate":"1.0000","apply_time":"135425","oppo_netno":"","first_exchdate":"","diffscale":"0.0000","max_succ_times":"","ofund_user_type":"","error_code":"","original_appno":"","busin_ass_code":"","shares":"0.00","portfolio_code":"","success_type":"0","portfolio_allot_no":"","bank_no":"005","expiry_date":"","combined_error_info":"","fund_froze_flag":"","busin_board_type":"","share_type":"A","trade_acco":"1193","capital_mode":"l","oppo_agency":"","after_discount_rate":"1.0000","oppo_trade_account":"","order_date":"135425","protocol_name":"","target_fund_code":"","fund_code":"600570","reserve_discount_rate":"1.0000","auto_buy":"","rowcount":"1","cyber_bank_error_id":"","oppo_fund_account":"","total_count":"1","taconfirm_flag":"9","receivable_account":"6217000340000565980","trade_period":"","allot_no":"20170210000026","fund_exceed_flag":"","fund_busin_code":"022","fund_risk_flag":"0","error_info":""}]}
    [code] => 200
)
]
[14:18:48][参数：Array
(
    [targetcomp_id] => 91000
    [sendercomp_id] => 91000
    [access_token] => 0FCB34AB8F1A4CD3951754C2754A32692017021009370359427121
    [request_num] => 1
    [reqry_recordsum_flag] => 1
    [qry_beginrownum] => 0
    [fund_code] => 600570
)
https://sitapi.hscloud.cn/cwsale/v1/newhq_qry
回参：Array
(
    [data] => {"data":[{"ofund_type":"0","per_myriad_income":"0.0000","fund_code":"600570","fund_curr_income":"0.00","rowcount":"1","forbid_modi_autobuy_flag":"0","pre_income_ratio":"0.0000","fund_full_name":"恒生电子股票基金","accept_hq_date":"20170210","share_type":"A","error_code":"","total_count":"1","fund_share":"0.00","fund_name":"恒生电子股票基金","fund_status":"0","ta_no":"B0","success_type":"0","nav_total":"1.7000","nav":"1.7000","prod_term":"0","ofund_risklevel":"0","en_minshare":"0.00","hq_date":"20170209","fund_curr_ratio":"0.0000","error_info":""}]}
    [code] => 200
)
]
[14:29:58][参数：Array
(
    [targetcomp_id] => 91000
    [sendercomp_id] => 91000
    [access_token] => 0FCB34AB8F1A4CD3951754C2754A32692017021009370359427121
    [trust_way] => 2
    [capital_mode] => l
    [trade_source] => bjjj
    [request_num] => 1
    [reqry_recordsum_flag] => 1
    [qry_beginrownum] => 0
    [trade_acco] => 1189
    [client_id] => 10288
    [allot_no] => 20170209000064
    [fund_code] => 
    [taconfirm_flag] => 9
    [begin_date] => 20170210
    [end_date] => 20170210
)
https://sitapi.hscloud.cn/cwsale/v1/trade_apply_qry
回参：Array
(
    [data] => {"data":[{"detail_fund_way":"01","send_flags":"0","hope_date":"","money_type":"0","max_trade_succ_quota":"0.00","target_fund_type":"","ta_acco":"*B0000001189","balance":"12000.00","apply_date":"20170210","original_date":"20170209","protocol_period_unit":"","deduct_status":"2","discount_rate":"1.0000","apply_time":"093000","oppo_netno":"","first_exchdate":"","diffscale":"0.0000","max_succ_times":"","ofund_user_type":"","error_code":"","original_appno":"","busin_ass_code":"","shares":"0.00","portfolio_code":"","success_type":"0","portfolio_allot_no":"","bank_no":"005","expiry_date":"","combined_error_info":"","fund_froze_flag":"","busin_board_type":"","share_type":"A","trade_acco":"1189","capital_mode":"l","oppo_agency":"","after_discount_rate":"1.0000","oppo_trade_account":"","order_date":"170305","protocol_name":"","target_fund_code":"","fund_code":"600570","reserve_discount_rate":"1.0000","auto_buy":"","rowcount":"1","cyber_bank_error_id":"","oppo_fund_account":"","total_count":"1","taconfirm_flag":"9","receivable_account":"6217000340000565980","trade_period":"","allot_no":"20170209000064","fund_exceed_flag":"","fund_busin_code":"022","fund_risk_flag":"0","error_info":""}]}
    [code] => 200
)
]
[14:29:58][参数：Array
(
    [targetcomp_id] => 91000
    [sendercomp_id] => 91000
    [access_token] => 0FCB34AB8F1A4CD3951754C2754A32692017021009370359427121
    [request_num] => 1
    [reqry_recordsum_flag] => 1
    [qry_beginrownum] => 0
    [fund_code] => 600570
)
https://sitapi.hscloud.cn/cwsale/v1/newhq_qry
回参：Array
(
    [data] => {"data":[{"ofund_type":"0","per_myriad_income":"0.0000","fund_code":"600570","fund_curr_income":"0.00","rowcount":"1","forbid_modi_autobuy_flag":"0","pre_income_ratio":"0.0000","fund_full_name":"恒生电子股票基金","accept_hq_date":"20170210","share_type":"A","error_code":"","total_count":"1","fund_share":"0.00","fund_name":"恒生电子股票基金","fund_status":"0","ta_no":"B0","success_type":"0","nav_total":"1.7000","nav":"1.7000","prod_term":"0","ofund_risklevel":"0","en_minshare":"0.00","hq_date":"20170209","fund_curr_ratio":"0.0000","error_info":""}]}
    [code] => 200
)
]
[14:31:20][参数：Array
(
    [targetcomp_id] => 91000
    [sendercomp_id] => 91000
    [access_token] => 0FCB34AB8F1A4CD3951754C2754A32692017021009370359427121
    [trust_way] => 2
    [capital_mode] => l
    [trade_source] => bjjj
    [request_num] => 1
    [reqry_recordsum_flag] => 1
    [qry_beginrownum] => 0
    [trade_acco] => 1189
    [client_id] => 10288
    [allot_no] => 20170209000064
    [fund_code] => 
    [taconfirm_flag] => 9
    [begin_date] => 20170210
    [end_date] => 20170210
)
https://sitapi.hscloud.cn/cwsale/v1/trade_apply_qry
回参：Array
(
    [data] => {"data":[{"detail_fund_way":"01","send_flags":"0","hope_date":"","money_type":"0","max_trade_succ_quota":"0.00","target_fund_type":"","ta_acco":"*B0000001189","balance":"12000.00","apply_date":"20170210","original_date":"20170209","protocol_period_unit":"","deduct_status":"2","discount_rate":"1.0000","apply_time":"093000","oppo_netno":"","first_exchdate":"","diffscale":"0.0000","max_succ_times":"","ofund_user_type":"","error_code":"","original_appno":"","busin_ass_code":"","shares":"0.00","portfolio_code":"","success_type":"0","portfolio_allot_no":"","bank_no":"005","expiry_date":"","combined_error_info":"","fund_froze_flag":"","busin_board_type":"","share_type":"A","trade_acco":"1189","capital_mode":"l","oppo_agency":"","after_discount_rate":"1.0000","oppo_trade_account":"","order_date":"170305","protocol_name":"","target_fund_code":"","fund_code":"600570","reserve_discount_rate":"1.0000","auto_buy":"","rowcount":"1","cyber_bank_error_id":"","oppo_fund_account":"","total_count":"1","taconfirm_flag":"9","receivable_account":"6217000340000565980","trade_period":"","allot_no":"20170209000064","fund_exceed_flag":"","fund_busin_code":"022","fund_risk_flag":"0","error_info":""}]}
    [code] => 200
)
]
[14:31:20][参数：Array
(
    [targetcomp_id] => 91000
    [sendercomp_id] => 91000
    [access_token] => 0FCB34AB8F1A4CD3951754C2754A32692017021009370359427121
    [request_num] => 1
    [reqry_recordsum_flag] => 1
    [qry_beginrownum] => 0
    [fund_code] => 600570
)
https://sitapi.hscloud.cn/cwsale/v1/newhq_qry
回参：Array
(
    [data] => {"data":[{"ofund_type":"0","per_myriad_income":"0.0000","fund_code":"600570","fund_curr_income":"0.00","rowcount":"1","forbid_modi_autobuy_flag":"0","pre_income_ratio":"0.0000","fund_full_name":"恒生电子股票基金","accept_hq_date":"20170210","share_type":"A","error_code":"","total_count":"1","fund_share":"0.00","fund_name":"恒生电子股票基金","fund_status":"0","ta_no":"B0","success_type":"0","nav_total":"1.7000","nav":"1.7000","prod_term":"0","ofund_risklevel":"0","en_minshare":"0.00","hq_date":"20170209","fund_curr_ratio":"0.0000","error_info":""}]}
    [code] => 200
)
]
[14:33:52][参数：Array
(
    [targetcomp_id] => 91000
    [sendercomp_id] => 91000
    [access_token] => 0FCB34AB8F1A4CD3951754C2754A32692017021009370359427121
    [trust_way] => 2
    [capital_mode] => l
    [trade_source] => bjjj
    [request_num] => 1
    [reqry_recordsum_flag] => 1
    [qry_beginrownum] => 0
    [trade_acco] => 1189
    [client_id] => 10288
    [allot_no] => 20170209000064
    [fund_code] => 
    [taconfirm_flag] => 9
    [begin_date] => 20170210
    [end_date] => 20170210
)
https://sitapi.hscloud.cn/cwsale/v1/trade_apply_qry
回参：Array
(
    [data] => {"data":[{"detail_fund_way":"01","send_flags":"0","hope_date":"","money_type":"0","max_trade_succ_quota":"0.00","target_fund_type":"","ta_acco":"*B0000001189","balance":"12000.00","apply_date":"20170210","original_date":"20170209","protocol_period_unit":"","deduct_status":"2","discount_rate":"1.0000","apply_time":"093000","oppo_netno":"","first_exchdate":"","diffscale":"0.0000","max_succ_times":"","ofund_user_type":"","error_code":"","original_appno":"","busin_ass_code":"","shares":"0.00","portfolio_code":"","success_type":"0","portfolio_allot_no":"","bank_no":"005","expiry_date":"","combined_error_info":"","fund_froze_flag":"","busin_board_type":"","share_type":"A","trade_acco":"1189","capital_mode":"l","oppo_agency":"","after_discount_rate":"1.0000","oppo_trade_account":"","order_date":"170305","protocol_name":"","target_fund_code":"","fund_code":"600570","reserve_discount_rate":"1.0000","auto_buy":"","rowcount":"1","cyber_bank_error_id":"","oppo_fund_account":"","total_count":"1","taconfirm_flag":"9","receivable_account":"6217000340000565980","trade_period":"","allot_no":"20170209000064","fund_exceed_flag":"","fund_busin_code":"022","fund_risk_flag":"0","error_info":""}]}
    [code] => 200
)
]
[14:33:52][参数：Array
(
    [targetcomp_id] => 91000
    [sendercomp_id] => 91000
    [access_token] => 0FCB34AB8F1A4CD3951754C2754A32692017021009370359427121
    [request_num] => 1
    [reqry_recordsum_flag] => 1
    [qry_beginrownum] => 0
    [fund_code] => 600570
)
https://sitapi.hscloud.cn/cwsale/v1/newhq_qry
回参：Array
(
    [data] => {"data":[{"ofund_type":"0","per_myriad_income":"0.0000","fund_code":"600570","fund_curr_income":"0.00","rowcount":"1","forbid_modi_autobuy_flag":"0","pre_income_ratio":"0.0000","fund_full_name":"恒生电子股票基金","accept_hq_date":"20170210","share_type":"A","error_code":"","total_count":"1","fund_share":"0.00","fund_name":"恒生电子股票基金","fund_status":"0","ta_no":"B0","success_type":"0","nav_total":"1.7000","nav":"1.7000","prod_term":"0","ofund_risklevel":"0","en_minshare":"0.00","hq_date":"20170209","fund_curr_ratio":"0.0000","error_info":""}]}
    [code] => 200
)
]
[14:48:24][参数：Array
(
    [targetcomp_id] => 91000
    [sendercomp_id] => 91000
    [access_token] => 0FCB34AB8F1A4CD3951754C2754A32692017021009370359427121
    [trust_way] => 2
    [capital_mode] => l
    [trade_source] => bjjj
    [request_num] => 1
    [reqry_recordsum_flag] => 1
    [qry_beginrownum] => 0
    [trade_acco] => 1189
    [client_id] => 10288
    [allot_no] => 20170209000064
    [fund_code] => 
    [taconfirm_flag] => 9
    [begin_date] => 20170210
    [end_date] => 20170210
)
https://sitapi.hscloud.cn/cwsale/v1/trade_apply_qry
回参：Array
(
    [data] => {"data":[{"detail_fund_way":"01","send_flags":"0","hope_date":"","money_type":"0","max_trade_succ_quota":"0.00","target_fund_type":"","ta_acco":"*B0000001189","balance":"12000.00","apply_date":"20170210","original_date":"20170209","protocol_period_unit":"","deduct_status":"2","discount_rate":"1.0000","apply_time":"093000","oppo_netno":"","first_exchdate":"","diffscale":"0.0000","max_succ_times":"","ofund_user_type":"","error_code":"","original_appno":"","busin_ass_code":"","shares":"0.00","portfolio_code":"","success_type":"0","portfolio_allot_no":"","bank_no":"005","expiry_date":"","combined_error_info":"","fund_froze_flag":"","busin_board_type":"","share_type":"A","trade_acco":"1189","capital_mode":"l","oppo_agency":"","after_discount_rate":"1.0000","oppo_trade_account":"","order_date":"170305","protocol_name":"","target_fund_code":"","fund_code":"600570","reserve_discount_rate":"1.0000","auto_buy":"","rowcount":"1","cyber_bank_error_id":"","oppo_fund_account":"","total_count":"1","taconfirm_flag":"9","receivable_account":"6217000340000565980","trade_period":"","allot_no":"20170209000064","fund_exceed_flag":"","fund_busin_code":"022","fund_risk_flag":"0","error_info":""}]}
    [code] => 200
)
]
[14:48:24][参数：Array
(
    [targetcomp_id] => 91000
    [sendercomp_id] => 91000
    [access_token] => 0FCB34AB8F1A4CD3951754C2754A32692017021009370359427121
    [request_num] => 1
    [reqry_recordsum_flag] => 1
    [qry_beginrownum] => 0
    [fund_code] => 600570
)
https://sitapi.hscloud.cn/cwsale/v1/newhq_qry
回参：Array
(
    [data] => {"data":[{"ofund_type":"0","per_myriad_income":"0.0000","fund_code":"600570","fund_curr_income":"0.00","rowcount":"1","forbid_modi_autobuy_flag":"0","pre_income_ratio":"0.0000","fund_full_name":"恒生电子股票基金","accept_hq_date":"20170210","share_type":"A","error_code":"","total_count":"1","fund_share":"0.00","fund_name":"恒生电子股票基金","fund_status":"0","ta_no":"B0","success_type":"0","nav_total":"1.7000","nav":"1.7000","prod_term":"0","ofund_risklevel":"0","en_minshare":"0.00","hq_date":"20170209","fund_curr_ratio":"0.0000","error_info":""}]}
    [code] => 200
)
]
[14:48:57][参数：Array
(
    [targetcomp_id] => 91000
    [sendercomp_id] => 91000
    [access_token] => 0FCB34AB8F1A4CD3951754C2754A32692017021009370359427121
    [trust_way] => 2
    [capital_mode] => l
    [trade_source] => bjjj
    [request_num] => 1
    [reqry_recordsum_flag] => 1
    [qry_beginrownum] => 0
    [trade_acco] => 1189
    [client_id] => 10288
    [allot_no] => 20170209000064
    [fund_code] => 
    [taconfirm_flag] => 9
    [begin_date] => 20170210
    [end_date] => 20170210
)
https://sitapi.hscloud.cn/cwsale/v1/trade_apply_qry
回参：Array
(
    [data] => {"data":[{"detail_fund_way":"01","send_flags":"0","hope_date":"","money_type":"0","max_trade_succ_quota":"0.00","target_fund_type":"","ta_acco":"*B0000001189","balance":"12000.00","apply_date":"20170210","original_date":"20170209","protocol_period_unit":"","deduct_status":"2","discount_rate":"1.0000","apply_time":"093000","oppo_netno":"","first_exchdate":"","diffscale":"0.0000","max_succ_times":"","ofund_user_type":"","error_code":"","original_appno":"","busin_ass_code":"","shares":"0.00","portfolio_code":"","success_type":"0","portfolio_allot_no":"","bank_no":"005","expiry_date":"","combined_error_info":"","fund_froze_flag":"","busin_board_type":"","share_type":"A","trade_acco":"1189","capital_mode":"l","oppo_agency":"","after_discount_rate":"1.0000","oppo_trade_account":"","order_date":"170305","protocol_name":"","target_fund_code":"","fund_code":"600570","reserve_discount_rate":"1.0000","auto_buy":"","rowcount":"1","cyber_bank_error_id":"","oppo_fund_account":"","total_count":"1","taconfirm_flag":"9","receivable_account":"6217000340000565980","trade_period":"","allot_no":"20170209000064","fund_exceed_flag":"","fund_busin_code":"022","fund_risk_flag":"0","error_info":""}]}
    [code] => 200
)
]
[14:48:57][参数：Array
(
    [targetcomp_id] => 91000
    [sendercomp_id] => 91000
    [access_token] => 0FCB34AB8F1A4CD3951754C2754A32692017021009370359427121
    [request_num] => 1
    [reqry_recordsum_flag] => 1
    [qry_beginrownum] => 0
    [fund_code] => 600570
)
https://sitapi.hscloud.cn/cwsale/v1/newhq_qry
回参：Array
(
    [data] => {"data":[{"ofund_type":"0","per_myriad_income":"0.0000","fund_code":"600570","fund_curr_income":"0.00","rowcount":"1","forbid_modi_autobuy_flag":"0","pre_income_ratio":"0.0000","fund_full_name":"恒生电子股票基金","accept_hq_date":"20170210","share_type":"A","error_code":"","total_count":"1","fund_share":"0.00","fund_name":"恒生电子股票基金","fund_status":"0","ta_no":"B0","success_type":"0","nav_total":"1.7000","nav":"1.7000","prod_term":"0","ofund_risklevel":"0","en_minshare":"0.00","hq_date":"20170209","fund_curr_ratio":"0.0000","error_info":""}]}
    [code] => 200
)
]
[14:53:13][参数：Array
(
    [targetcomp_id] => 91000
    [sendercomp_id] => 91000
    [access_token] => 0FCB34AB8F1A4CD3951754C2754A32692017021009370359427121
    [trust_way] => 2
    [capital_mode] => l
    [trade_source] => bjjj
    [request_num] => 1
    [reqry_recordsum_flag] => 1
    [qry_beginrownum] => 0
    [trade_acco] => 1189
    [client_id] => 10288
    [allot_no] => 20170209000064
    [fund_code] => 
    [taconfirm_flag] => 9
    [begin_date] => 20170210
    [end_date] => 20170210
)
https://sitapi.hscloud.cn/cwsale/v1/trade_apply_qry
回参：Array
(
    [data] => {"data":[{"detail_fund_way":"01","send_flags":"0","hope_date":"","money_type":"0","max_trade_succ_quota":"0.00","target_fund_type":"","ta_acco":"*B0000001189","balance":"12000.00","apply_date":"20170210","original_date":"20170209","protocol_period_unit":"","deduct_status":"2","discount_rate":"1.0000","apply_time":"093000","oppo_netno":"","first_exchdate":"","diffscale":"0.0000","max_succ_times":"","ofund_user_type":"","error_code":"","original_appno":"","busin_ass_code":"","shares":"0.00","portfolio_code":"","success_type":"0","portfolio_allot_no":"","bank_no":"005","expiry_date":"","combined_error_info":"","fund_froze_flag":"","busin_board_type":"","share_type":"A","trade_acco":"1189","capital_mode":"l","oppo_agency":"","after_discount_rate":"1.0000","oppo_trade_account":"","order_date":"170305","protocol_name":"","target_fund_code":"","fund_code":"600570","reserve_discount_rate":"1.0000","auto_buy":"","rowcount":"1","cyber_bank_error_id":"","oppo_fund_account":"","total_count":"1","taconfirm_flag":"9","receivable_account":"6217000340000565980","trade_period":"","allot_no":"20170209000064","fund_exceed_flag":"","fund_busin_code":"022","fund_risk_flag":"0","error_info":""}]}
    [code] => 200
)
]
[14:53:13][参数：Array
(
    [targetcomp_id] => 91000
    [sendercomp_id] => 91000
    [access_token] => 0FCB34AB8F1A4CD3951754C2754A32692017021009370359427121
    [request_num] => 1
    [reqry_recordsum_flag] => 1
    [qry_beginrownum] => 0
    [fund_code] => 600570
)
https://sitapi.hscloud.cn/cwsale/v1/newhq_qry
回参：Array
(
    [data] => {"data":[{"ofund_type":"0","per_myriad_income":"0.0000","fund_code":"600570","fund_curr_income":"0.00","rowcount":"1","forbid_modi_autobuy_flag":"0","pre_income_ratio":"0.0000","fund_full_name":"恒生电子股票基金","accept_hq_date":"20170210","share_type":"A","error_code":"","total_count":"1","fund_share":"0.00","fund_name":"恒生电子股票基金","fund_status":"0","ta_no":"B0","success_type":"0","nav_total":"1.7000","nav":"1.7000","prod_term":"0","ofund_risklevel":"0","en_minshare":"0.00","hq_date":"20170209","fund_curr_ratio":"0.0000","error_info":""}]}
    [code] => 200
)
]
[14:56:29][参数：Array
(
    [targetcomp_id] => 91000
    [sendercomp_id] => 91000
    [access_token] => 0FCB34AB8F1A4CD3951754C2754A32692017021009370359427121
    [trust_way] => 2
    [capital_mode] => l
    [trade_source] => bjjj
    [request_num] => 1
    [reqry_recordsum_flag] => 1
    [qry_beginrownum] => 0
    [trade_acco] => 1189
    [client_id] => 10288
    [allot_no] => 20170209000064
    [fund_code] => 
    [taconfirm_flag] => 9
    [begin_date] => 20170210
    [end_date] => 20170210
)
https://sitapi.hscloud.cn/cwsale/v1/trade_apply_qry
回参：Array
(
    [data] => {"data":[{"detail_fund_way":"01","send_flags":"0","hope_date":"","money_type":"0","max_trade_succ_quota":"0.00","target_fund_type":"","ta_acco":"*B0000001189","balance":"12000.00","apply_date":"20170210","original_date":"20170209","protocol_period_unit":"","deduct_status":"2","discount_rate":"1.0000","apply_time":"093000","oppo_netno":"","first_exchdate":"","diffscale":"0.0000","max_succ_times":"","ofund_user_type":"","error_code":"","original_appno":"","busin_ass_code":"","shares":"0.00","portfolio_code":"","success_type":"0","portfolio_allot_no":"","bank_no":"005","expiry_date":"","combined_error_info":"","fund_froze_flag":"","busin_board_type":"","share_type":"A","trade_acco":"1189","capital_mode":"l","oppo_agency":"","after_discount_rate":"1.0000","oppo_trade_account":"","order_date":"170305","protocol_name":"","target_fund_code":"","fund_code":"600570","reserve_discount_rate":"1.0000","auto_buy":"","rowcount":"1","cyber_bank_error_id":"","oppo_fund_account":"","total_count":"1","taconfirm_flag":"9","receivable_account":"6217000340000565980","trade_period":"","allot_no":"20170209000064","fund_exceed_flag":"","fund_busin_code":"022","fund_risk_flag":"0","error_info":""}]}
    [code] => 200
)
]
[14:56:29][参数：Array
(
    [targetcomp_id] => 91000
    [sendercomp_id] => 91000
    [access_token] => 0FCB34AB8F1A4CD3951754C2754A32692017021009370359427121
    [request_num] => 1
    [reqry_recordsum_flag] => 1
    [qry_beginrownum] => 0
    [fund_code] => 600570
)
https://sitapi.hscloud.cn/cwsale/v1/newhq_qry
回参：Array
(
    [data] => {"data":[{"ofund_type":"0","per_myriad_income":"0.0000","fund_code":"600570","fund_curr_income":"0.00","rowcount":"1","forbid_modi_autobuy_flag":"0","pre_income_ratio":"0.0000","fund_full_name":"恒生电子股票基金","accept_hq_date":"20170210","share_type":"A","error_code":"","total_count":"1","fund_share":"0.00","fund_name":"恒生电子股票基金","fund_status":"0","ta_no":"B0","success_type":"0","nav_total":"1.7000","nav":"1.7000","prod_term":"0","ofund_risklevel":"0","en_minshare":"0.00","hq_date":"20170209","fund_curr_ratio":"0.0000","error_info":""}]}
    [code] => 200
)
]
[15:01:41][参数：Array
(
    [targetcomp_id] => 91000
    [sendercomp_id] => 91000
    [access_token] => 0FCB34AB8F1A4CD3951754C2754A32692017021009370359427121
    [trust_way] => 2
    [capital_mode] => l
    [trade_source] => bjjj
    [request_num] => 1
    [reqry_recordsum_flag] => 1
    [qry_beginrownum] => 0
    [trade_acco] => 1189
    [client_id] => 10288
    [allot_no] => 20170209000064
    [fund_code] => 
    [taconfirm_flag] => 9
    [begin_date] => 20170210
    [end_date] => 20170210
)
https://sitapi.hscloud.cn/cwsale/v1/trade_apply_qry
回参：Array
(
    [data] => {"data":[{"detail_fund_way":"01","send_flags":"0","hope_date":"","money_type":"0","max_trade_succ_quota":"0.00","target_fund_type":"","ta_acco":"*B0000001189","balance":"12000.00","apply_date":"20170210","original_date":"20170209","protocol_period_unit":"","deduct_status":"2","discount_rate":"1.0000","apply_time":"093000","oppo_netno":"","first_exchdate":"","diffscale":"0.0000","max_succ_times":"","ofund_user_type":"","error_code":"","original_appno":"","busin_ass_code":"","shares":"0.00","portfolio_code":"","success_type":"0","portfolio_allot_no":"","bank_no":"005","expiry_date":"","combined_error_info":"","fund_froze_flag":"","busin_board_type":"","share_type":"A","trade_acco":"1189","capital_mode":"l","oppo_agency":"","after_discount_rate":"1.0000","oppo_trade_account":"","order_date":"170305","protocol_name":"","target_fund_code":"","fund_code":"600570","reserve_discount_rate":"1.0000","auto_buy":"","rowcount":"1","cyber_bank_error_id":"","oppo_fund_account":"","total_count":"1","taconfirm_flag":"9","receivable_account":"6217000340000565980","trade_period":"","allot_no":"20170209000064","fund_exceed_flag":"","fund_busin_code":"022","fund_risk_flag":"0","error_info":""}]}
    [code] => 200
)
]
[15:01:42][参数：Array
(
    [targetcomp_id] => 91000
    [sendercomp_id] => 91000
    [access_token] => 0FCB34AB8F1A4CD3951754C2754A32692017021009370359427121
    [request_num] => 1
    [reqry_recordsum_flag] => 1
    [qry_beginrownum] => 0
    [fund_code] => 600570
)
https://sitapi.hscloud.cn/cwsale/v1/newhq_qry
回参：Array
(
    [data] => {"data":[{"ofund_type":"0","per_myriad_income":"0.0000","fund_code":"600570","fund_curr_income":"0.00","rowcount":"1","forbid_modi_autobuy_flag":"0","pre_income_ratio":"0.0000","fund_full_name":"恒生电子股票基金","accept_hq_date":"20170210","share_type":"A","error_code":"","total_count":"1","fund_share":"0.00","fund_name":"恒生电子股票基金","fund_status":"0","ta_no":"B0","success_type":"0","nav_total":"1.7000","nav":"1.7000","prod_term":"0","ofund_risklevel":"0","en_minshare":"0.00","hq_date":"20170209","fund_curr_ratio":"0.0000","error_info":""}]}
    [code] => 200
)
]
[15:05:40][参数：Array
(
    [targetcomp_id] => 91000
    [sendercomp_id] => 91000
    [access_token] => 0FCB34AB8F1A4CD3951754C2754A32692017021009370359427121
    [trust_way] => 2
    [capital_mode] => l
    [trade_source] => bjjj
    [request_num] => 1
    [reqry_recordsum_flag] => 1
    [qry_beginrownum] => 0
    [trade_acco] => 1189
    [client_id] => 10288
    [allot_no] => 20170209000064
    [fund_code] => 
    [taconfirm_flag] => 9
    [begin_date] => 20170210
    [end_date] => 20170210
)
https://sitapi.hscloud.cn/cwsale/v1/trade_apply_qry
回参：Array
(
    [data] => {"data":[{"detail_fund_way":"01","send_flags":"0","hope_date":"","money_type":"0","max_trade_succ_quota":"0.00","target_fund_type":"","ta_acco":"*B0000001189","balance":"12000.00","apply_date":"20170210","original_date":"20170209","protocol_period_unit":"","deduct_status":"2","discount_rate":"1.0000","apply_time":"093000","oppo_netno":"","first_exchdate":"","diffscale":"0.0000","max_succ_times":"","ofund_user_type":"","error_code":"","original_appno":"","busin_ass_code":"","shares":"0.00","portfolio_code":"","success_type":"0","portfolio_allot_no":"","bank_no":"005","expiry_date":"","combined_error_info":"","fund_froze_flag":"","busin_board_type":"","share_type":"A","trade_acco":"1189","capital_mode":"l","oppo_agency":"","after_discount_rate":"1.0000","oppo_trade_account":"","order_date":"170305","protocol_name":"","target_fund_code":"","fund_code":"600570","reserve_discount_rate":"1.0000","auto_buy":"","rowcount":"1","cyber_bank_error_id":"","oppo_fund_account":"","total_count":"1","taconfirm_flag":"9","receivable_account":"6217000340000565980","trade_period":"","allot_no":"20170209000064","fund_exceed_flag":"","fund_busin_code":"022","fund_risk_flag":"0","error_info":""}]}
    [code] => 200
)
]
[15:05:40][参数：Array
(
    [targetcomp_id] => 91000
    [sendercomp_id] => 91000
    [access_token] => 0FCB34AB8F1A4CD3951754C2754A32692017021009370359427121
    [request_num] => 1
    [reqry_recordsum_flag] => 1
    [qry_beginrownum] => 0
    [fund_code] => 600570
)
https://sitapi.hscloud.cn/cwsale/v1/newhq_qry
回参：Array
(
    [data] => {"data":[{"ofund_type":"0","per_myriad_income":"0.0000","fund_code":"600570","fund_curr_income":"0.00","rowcount":"1","forbid_modi_autobuy_flag":"0","pre_income_ratio":"0.0000","fund_full_name":"恒生电子股票基金","accept_hq_date":"20170210","share_type":"A","error_code":"","total_count":"1","fund_share":"0.00","fund_name":"恒生电子股票基金","fund_status":"0","ta_no":"B0","success_type":"0","nav_total":"1.7000","nav":"1.7000","prod_term":"0","ofund_risklevel":"0","en_minshare":"0.00","hq_date":"20170209","fund_curr_ratio":"0.0000","error_info":""}]}
    [code] => 200
)
]
[15:09:59][参数：Array
(
    [targetcomp_id] => 91000
    [sendercomp_id] => 91000
    [access_token] => 0FCB34AB8F1A4CD3951754C2754A32692017021009370359427121
    [trust_way] => 2
    [capital_mode] => l
    [trade_source] => bjjj
    [request_num] => 1
    [reqry_recordsum_flag] => 1
    [qry_beginrownum] => 0
    [trade_acco] => 1189
    [client_id] => 10288
    [allot_no] => 20170209000064
    [fund_code] => 
    [taconfirm_flag] => 9
    [begin_date] => 20170210
    [end_date] => 20170210
)
https://sitapi.hscloud.cn/cwsale/v1/trade_apply_qry
回参：Array
(
    [data] => {"data":[{"detail_fund_way":"01","send_flags":"0","hope_date":"","money_type":"0","max_trade_succ_quota":"0.00","target_fund_type":"","ta_acco":"*B0000001189","balance":"12000.00","apply_date":"20170210","original_date":"20170209","protocol_period_unit":"","deduct_status":"2","discount_rate":"1.0000","apply_time":"093000","oppo_netno":"","first_exchdate":"","diffscale":"0.0000","max_succ_times":"","ofund_user_type":"","error_code":"","original_appno":"","busin_ass_code":"","shares":"0.00","portfolio_code":"","success_type":"0","portfolio_allot_no":"","bank_no":"005","expiry_date":"","combined_error_info":"","fund_froze_flag":"","busin_board_type":"","share_type":"A","trade_acco":"1189","capital_mode":"l","oppo_agency":"","after_discount_rate":"1.0000","oppo_trade_account":"","order_date":"170305","protocol_name":"","target_fund_code":"","fund_code":"600570","reserve_discount_rate":"1.0000","auto_buy":"","rowcount":"1","cyber_bank_error_id":"","oppo_fund_account":"","total_count":"1","taconfirm_flag":"9","receivable_account":"6217000340000565980","trade_period":"","allot_no":"20170209000064","fund_exceed_flag":"","fund_busin_code":"022","fund_risk_flag":"0","error_info":""}]}
    [code] => 200
)
]
[15:09:59][参数：Array
(
    [targetcomp_id] => 91000
    [sendercomp_id] => 91000
    [access_token] => 0FCB34AB8F1A4CD3951754C2754A32692017021009370359427121
    [request_num] => 1
    [reqry_recordsum_flag] => 1
    [qry_beginrownum] => 0
    [fund_code] => 600570
)
https://sitapi.hscloud.cn/cwsale/v1/newhq_qry
回参：Array
(
    [data] => {"data":[{"ofund_type":"0","per_myriad_income":"0.0000","fund_code":"600570","fund_curr_income":"0.00","rowcount":"1","forbid_modi_autobuy_flag":"0","pre_income_ratio":"0.0000","fund_full_name":"恒生电子股票基金","accept_hq_date":"20170210","share_type":"A","error_code":"","total_count":"1","fund_share":"0.00","fund_name":"恒生电子股票基金","fund_status":"0","ta_no":"B0","success_type":"0","nav_total":"1.7000","nav":"1.7000","prod_term":"0","ofund_risklevel":"0","en_minshare":"0.00","hq_date":"20170209","fund_curr_ratio":"0.0000","error_info":""}]}
    [code] => 200
)
]
[15:12:14][参数：Array
(
    [targetcomp_id] => 91000
    [sendercomp_id] => 91000
    [access_token] => 0FCB34AB8F1A4CD3951754C2754A32692017021009370359427121
    [trust_way] => 2
    [capital_mode] => l
    [trade_source] => bjjj
    [request_num] => 1
    [reqry_recordsum_flag] => 1
    [qry_beginrownum] => 0
    [trade_acco] => 1189
    [client_id] => 10288
    [allot_no] => 20170209000064
    [fund_code] => 
    [taconfirm_flag] => 9
    [begin_date] => 20170210
    [end_date] => 20170210
)
https://sitapi.hscloud.cn/cwsale/v1/trade_apply_qry
回参：Array
(
    [data] => {"data":[{"detail_fund_way":"01","send_flags":"0","hope_date":"","money_type":"0","max_trade_succ_quota":"0.00","target_fund_type":"","ta_acco":"*B0000001189","balance":"12000.00","apply_date":"20170210","original_date":"20170209","protocol_period_unit":"","deduct_status":"2","discount_rate":"1.0000","apply_time":"093000","oppo_netno":"","first_exchdate":"","diffscale":"0.0000","max_succ_times":"","ofund_user_type":"","error_code":"","original_appno":"","busin_ass_code":"","shares":"0.00","portfolio_code":"","success_type":"0","portfolio_allot_no":"","bank_no":"005","expiry_date":"","combined_error_info":"","fund_froze_flag":"","busin_board_type":"","share_type":"A","trade_acco":"1189","capital_mode":"l","oppo_agency":"","after_discount_rate":"1.0000","oppo_trade_account":"","order_date":"170305","protocol_name":"","target_fund_code":"","fund_code":"600570","reserve_discount_rate":"1.0000","auto_buy":"","rowcount":"1","cyber_bank_error_id":"","oppo_fund_account":"","total_count":"1","taconfirm_flag":"9","receivable_account":"6217000340000565980","trade_period":"","allot_no":"20170209000064","fund_exceed_flag":"","fund_busin_code":"022","fund_risk_flag":"0","error_info":""}]}
    [code] => 200
)
]
[15:12:14][参数：Array
(
    [targetcomp_id] => 91000
    [sendercomp_id] => 91000
    [access_token] => 0FCB34AB8F1A4CD3951754C2754A32692017021009370359427121
    [request_num] => 1
    [reqry_recordsum_flag] => 1
    [qry_beginrownum] => 0
    [fund_code] => 600570
)
https://sitapi.hscloud.cn/cwsale/v1/newhq_qry
回参：Array
(
    [data] => {"data":[{"ofund_type":"0","per_myriad_income":"0.0000","fund_code":"600570","fund_curr_income":"0.00","rowcount":"1","forbid_modi_autobuy_flag":"0","pre_income_ratio":"0.0000","fund_full_name":"恒生电子股票基金","accept_hq_date":"20170210","share_type":"A","error_code":"","total_count":"1","fund_share":"0.00","fund_name":"恒生电子股票基金","fund_status":"0","ta_no":"B0","success_type":"0","nav_total":"1.7000","nav":"1.7000","prod_term":"0","ofund_risklevel":"0","en_minshare":"0.00","hq_date":"20170209","fund_curr_ratio":"0.0000","error_info":""}]}
    [code] => 200
)
]
[15:14:14][参数：Array
(
    [targetcomp_id] => 91000
    [sendercomp_id] => 91000
    [access_token] => 0FCB34AB8F1A4CD3951754C2754A32692017021009370359427121
    [trust_way] => 2
    [capital_mode] => l
    [trade_source] => bjjj
    [request_num] => 1
    [reqry_recordsum_flag] => 1
    [qry_beginrownum] => 0
    [trade_acco] => 1190
    [client_id] => 10298
    [allot_no] => 20170209000092
    [fund_code] => 
    [taconfirm_flag] => 9
    [begin_date] => 20170210
    [end_date] => 20170210
)
https://sitapi.hscloud.cn/cwsale/v1/trade_apply_qry
回参：Array
(
    [data] => {"data":[{"detail_fund_way":"01","send_flags":"0","hope_date":"","money_type":"0","max_trade_succ_quota":"0.00","target_fund_type":"","ta_acco":"*B0000001190","balance":"10000.00","apply_date":"20170210","original_date":"20170209","protocol_period_unit":"","deduct_status":"2","discount_rate":"1.0000","apply_time":"093000","oppo_netno":"","first_exchdate":"","diffscale":"0.0000","max_succ_times":"","ofund_user_type":"","error_code":"","original_appno":"","busin_ass_code":"","shares":"0.00","portfolio_code":"","success_type":"0","portfolio_allot_no":"","bank_no":"005","expiry_date":"","combined_error_info":"","fund_froze_flag":"","busin_board_type":"","share_type":"A","trade_acco":"1190","capital_mode":"l","oppo_agency":"","after_discount_rate":"1.0000","oppo_trade_account":"","order_date":"201104","protocol_name":"","target_fund_code":"","fund_code":"600570","reserve_discount_rate":"1.0000","auto_buy":"","rowcount":"1","cyber_bank_error_id":"","oppo_fund_account":"","total_count":"1","taconfirm_flag":"9","receivable_account":"6217000340000565980","trade_period":"","allot_no":"20170209000092","fund_exceed_flag":"","fund_busin_code":"022","fund_risk_flag":"0","error_info":""}]}
    [code] => 200
)
]
[15:14:14][参数：Array
(
    [targetcomp_id] => 91000
    [sendercomp_id] => 91000
    [access_token] => 0FCB34AB8F1A4CD3951754C2754A32692017021009370359427121
    [request_num] => 1
    [reqry_recordsum_flag] => 1
    [qry_beginrownum] => 0
    [fund_code] => 600570
)
https://sitapi.hscloud.cn/cwsale/v1/newhq_qry
回参：Array
(
    [data] => {"data":[{"ofund_type":"0","per_myriad_income":"0.0000","fund_code":"600570","fund_curr_income":"0.00","rowcount":"1","forbid_modi_autobuy_flag":"0","pre_income_ratio":"0.0000","fund_full_name":"恒生电子股票基金","accept_hq_date":"20170210","share_type":"A","error_code":"","total_count":"1","fund_share":"0.00","fund_name":"恒生电子股票基金","fund_status":"0","ta_no":"B0","success_type":"0","nav_total":"1.7000","nav":"1.7000","prod_term":"0","ofund_risklevel":"0","en_minshare":"0.00","hq_date":"20170209","fund_curr_ratio":"0.0000","error_info":""}]}
    [code] => 200
)
]
[15:14:17][参数：Array
(
    [targetcomp_id] => 91000
    [sendercomp_id] => 91000
    [access_token] => 0FCB34AB8F1A4CD3951754C2754A32692017021009370359427121
    [trust_way] => 2
    [capital_mode] => l
    [trade_source] => bjjj
    [request_num] => 1
    [reqry_recordsum_flag] => 1
    [qry_beginrownum] => 0
    [trade_acco] => 1189
    [client_id] => 10288
    [allot_no] => 20170209000064
    [fund_code] => 
    [taconfirm_flag] => 9
    [begin_date] => 20170210
    [end_date] => 20170210
)
https://sitapi.hscloud.cn/cwsale/v1/trade_apply_qry
回参：Array
(
    [data] => {"data":[{"detail_fund_way":"01","send_flags":"0","hope_date":"","money_type":"0","max_trade_succ_quota":"0.00","target_fund_type":"","ta_acco":"*B0000001189","balance":"12000.00","apply_date":"20170210","original_date":"20170209","protocol_period_unit":"","deduct_status":"2","discount_rate":"1.0000","apply_time":"093000","oppo_netno":"","first_exchdate":"","diffscale":"0.0000","max_succ_times":"","ofund_user_type":"","error_code":"","original_appno":"","busin_ass_code":"","shares":"0.00","portfolio_code":"","success_type":"0","portfolio_allot_no":"","bank_no":"005","expiry_date":"","combined_error_info":"","fund_froze_flag":"","busin_board_type":"","share_type":"A","trade_acco":"1189","capital_mode":"l","oppo_agency":"","after_discount_rate":"1.0000","oppo_trade_account":"","order_date":"170305","protocol_name":"","target_fund_code":"","fund_code":"600570","reserve_discount_rate":"1.0000","auto_buy":"","rowcount":"1","cyber_bank_error_id":"","oppo_fund_account":"","total_count":"1","taconfirm_flag":"9","receivable_account":"6217000340000565980","trade_period":"","allot_no":"20170209000064","fund_exceed_flag":"","fund_busin_code":"022","fund_risk_flag":"0","error_info":""}]}
    [code] => 200
)
]
[15:14:17][参数：Array
(
    [targetcomp_id] => 91000
    [sendercomp_id] => 91000
    [access_token] => 0FCB34AB8F1A4CD3951754C2754A32692017021009370359427121
    [request_num] => 1
    [reqry_recordsum_flag] => 1
    [qry_beginrownum] => 0
    [fund_code] => 600570
)
https://sitapi.hscloud.cn/cwsale/v1/newhq_qry
回参：Array
(
    [data] => {"data":[{"ofund_type":"0","per_myriad_income":"0.0000","fund_code":"600570","fund_curr_income":"0.00","rowcount":"1","forbid_modi_autobuy_flag":"0","pre_income_ratio":"0.0000","fund_full_name":"恒生电子股票基金","accept_hq_date":"20170210","share_type":"A","error_code":"","total_count":"1","fund_share":"0.00","fund_name":"恒生电子股票基金","fund_status":"0","ta_no":"B0","success_type":"0","nav_total":"1.7000","nav":"1.7000","prod_term":"0","ofund_risklevel":"0","en_minshare":"0.00","hq_date":"20170209","fund_curr_ratio":"0.0000","error_info":""}]}
    [code] => 200
)
]
[15:16:16][参数：Array
(
    [targetcomp_id] => 91000
    [sendercomp_id] => 91000
    [access_token] => 0FCB34AB8F1A4CD3951754C2754A32692017021009370359427121
    [trust_way] => 2
    [capital_mode] => l
    [trade_source] => bjjj
    [request_num] => 1
    [reqry_recordsum_flag] => 1
    [qry_beginrownum] => 0
    [trade_acco] => 1193
    [client_id] => 10308
    [allot_no] => 20170210000026
    [fund_code] => 
    [taconfirm_flag] => 9
    [begin_date] => 20170210
    [end_date] => 20170210
)
https://sitapi.hscloud.cn/cwsale/v1/trade_apply_qry
回参：Array
(
    [data] => {"data":[{"detail_fund_way":"01","send_flags":"0","hope_date":"","money_type":"0","max_trade_succ_quota":"0.00","target_fund_type":"","ta_acco":"*B0000001193","balance":"100.00","apply_date":"20170210","original_date":"20170210","protocol_period_unit":"","deduct_status":"2","discount_rate":"1.0000","apply_time":"135425","oppo_netno":"","first_exchdate":"","diffscale":"0.0000","max_succ_times":"","ofund_user_type":"","error_code":"","original_appno":"","busin_ass_code":"","shares":"0.00","portfolio_code":"","success_type":"0","portfolio_allot_no":"","bank_no":"005","expiry_date":"","combined_error_info":"","fund_froze_flag":"","busin_board_type":"","share_type":"A","trade_acco":"1193","capital_mode":"l","oppo_agency":"","after_discount_rate":"1.0000","oppo_trade_account":"","order_date":"135425","protocol_name":"","target_fund_code":"","fund_code":"600570","reserve_discount_rate":"1.0000","auto_buy":"","rowcount":"1","cyber_bank_error_id":"","oppo_fund_account":"","total_count":"1","taconfirm_flag":"9","receivable_account":"6217000340000565980","trade_period":"","allot_no":"20170210000026","fund_exceed_flag":"","fund_busin_code":"022","fund_risk_flag":"0","error_info":""}]}
    [code] => 200
)
]
[15:16:16][参数：Array
(
    [targetcomp_id] => 91000
    [sendercomp_id] => 91000
    [access_token] => 0FCB34AB8F1A4CD3951754C2754A32692017021009370359427121
    [request_num] => 1
    [reqry_recordsum_flag] => 1
    [qry_beginrownum] => 0
    [fund_code] => 600570
)
https://sitapi.hscloud.cn/cwsale/v1/newhq_qry
回参：Array
(
    [data] => {"data":[{"ofund_type":"0","per_myriad_income":"0.0000","fund_code":"600570","fund_curr_income":"0.00","rowcount":"1","forbid_modi_autobuy_flag":"0","pre_income_ratio":"0.0000","fund_full_name":"恒生电子股票基金","accept_hq_date":"20170210","share_type":"A","error_code":"","total_count":"1","fund_share":"0.00","fund_name":"恒生电子股票基金","fund_status":"0","ta_no":"B0","success_type":"0","nav_total":"1.7000","nav":"1.7000","prod_term":"0","ofund_risklevel":"0","en_minshare":"0.00","hq_date":"20170209","fund_curr_ratio":"0.0000","error_info":""}]}
    [code] => 200
)
]
[15:16:44][参数：Array
(
    [targetcomp_id] => 91000
    [sendercomp_id] => 91000
    [access_token] => 0FCB34AB8F1A4CD3951754C2754A32692017021009370359427121
    [trust_way] => 2
    [capital_mode] => l
    [trade_source] => bjjj
    [request_num] => 1
    [reqry_recordsum_flag] => 1
    [qry_beginrownum] => 0
    [trade_acco] => 1193
    [client_id] => 10308
    [allot_no] => 20170210000026
    [fund_code] => 
    [taconfirm_flag] => 9
    [begin_date] => 20170210
    [end_date] => 20170210
)
https://sitapi.hscloud.cn/cwsale/v1/trade_apply_qry
回参：Array
(
    [data] => {"data":[{"detail_fund_way":"01","send_flags":"0","hope_date":"","money_type":"0","max_trade_succ_quota":"0.00","target_fund_type":"","ta_acco":"*B0000001193","balance":"100.00","apply_date":"20170210","original_date":"20170210","protocol_period_unit":"","deduct_status":"2","discount_rate":"1.0000","apply_time":"135425","oppo_netno":"","first_exchdate":"","diffscale":"0.0000","max_succ_times":"","ofund_user_type":"","error_code":"","original_appno":"","busin_ass_code":"","shares":"0.00","portfolio_code":"","success_type":"0","portfolio_allot_no":"","bank_no":"005","expiry_date":"","combined_error_info":"","fund_froze_flag":"","busin_board_type":"","share_type":"A","trade_acco":"1193","capital_mode":"l","oppo_agency":"","after_discount_rate":"1.0000","oppo_trade_account":"","order_date":"135425","protocol_name":"","target_fund_code":"","fund_code":"600570","reserve_discount_rate":"1.0000","auto_buy":"","rowcount":"1","cyber_bank_error_id":"","oppo_fund_account":"","total_count":"1","taconfirm_flag":"9","receivable_account":"6217000340000565980","trade_period":"","allot_no":"20170210000026","fund_exceed_flag":"","fund_busin_code":"022","fund_risk_flag":"0","error_info":""}]}
    [code] => 200
)
]
[15:16:44][参数：Array
(
    [targetcomp_id] => 91000
    [sendercomp_id] => 91000
    [access_token] => 0FCB34AB8F1A4CD3951754C2754A32692017021009370359427121
    [request_num] => 1
    [reqry_recordsum_flag] => 1
    [qry_beginrownum] => 0
    [fund_code] => 600570
)
https://sitapi.hscloud.cn/cwsale/v1/newhq_qry
回参：Array
(
    [data] => {"data":[{"ofund_type":"0","per_myriad_income":"0.0000","fund_code":"600570","fund_curr_income":"0.00","rowcount":"1","forbid_modi_autobuy_flag":"0","pre_income_ratio":"0.0000","fund_full_name":"恒生电子股票基金","accept_hq_date":"20170210","share_type":"A","error_code":"","total_count":"1","fund_share":"0.00","fund_name":"恒生电子股票基金","fund_status":"0","ta_no":"B0","success_type":"0","nav_total":"1.7000","nav":"1.7000","prod_term":"0","ofund_risklevel":"0","en_minshare":"0.00","hq_date":"20170209","fund_curr_ratio":"0.0000","error_info":""}]}
    [code] => 200
)
]
