[15:02:33][|-data-|Array
(
    [userID] => 196
    [centerUrl] => https://trade.buyfunds.cn/user/center
    [keywords] => 基金,基金销售,伯嘉基金,伯嘉基金网,基金第三方销售平台,网上买基金,现金宝,质押宝,固定收益,打新基金,高端理财,基金申购,基金认购,基金费率,免费开户,网上基金开户,开户流程
    [description] => 伯嘉基金网是证监会批准的独立基金销售机构，民生银行全程监管资金安全。网上买基金，首选伯嘉。7*24小时免费基金开户，基金开户流程方便快捷，仅需10秒。
    [headerCss] => 
    [nav] => wdzh
    [backUrl] => https://trade.buyfunds.cn/_user/Userinfo
    [nickName] => 严萌
    [subnav] => 
    [sidebar] => 
    [title] => 交易密码修改_我的账户_伯嘉基金网
    [uid] => 196
    [tid] => 1486623682
    [ttid] => 1486623753
    [mkid] => 7ba1b337f9ddbf38
    [userInfo] => Array
        (
            [UserID] => 196
            [HsUserID] => 10108
            [HsAccount] => 1164
            [UserName] => CM-196
            [NickName] => 严萌
            [Mobile] => 15972158074
            [Status] => 1
            [LastLoginIP] => 192.168.15.235
            [LastLoginTime] => 2017-02-09 14:40:15
            [ActiveTime] => 2017-02-09 14:40:15
            [KeyStr] => 92fb964cb8285f22a7493bf0b89affd3
            [RegTime] => 2017-02-06 09:26:03
            [GroupIDs] => Array
                (
                    [0] => 1
                )

        )

    [userDetail] => Array
        (
            [UserID] => 196
            [Country] => 
            [RiskBear] => 1
            [PaperID] => 20170206000015
            [TelPhone] => 02787530321
            [Email] => 1160076821@qq.com
            [Address] => 吾问无为谓呜呜呜
            [Postal] => 430000
            [Job] => 1
            [SendRate] => 1
            [SendMethod] => a:1:{i:0;i:1;}
            [ReservedContent] => 巴拉拉小魔仙
        )

)
]
[15:03:40][|-data-|Array
(
    [userID] => 196
    [centerUrl] => https://trade.buyfunds.cn/user/center
    [keywords] => 基金,基金销售,伯嘉基金,伯嘉基金网,基金第三方销售平台,网上买基金,现金宝,质押宝,固定收益,打新基金,高端理财,基金申购,基金认购,基金费率,免费开户,网上基金开户,开户流程
    [description] => 伯嘉基金网是证监会批准的独立基金销售机构，民生银行全程监管资金安全。网上买基金，首选伯嘉。7*24小时免费基金开户，基金开户流程方便快捷，仅需10秒。
    [headerCss] => 
    [nav] => wdzh
    [backUrl] => https://trade.buyfunds.cn/_user/Userinfo
    [nickName] => 严萌
    [subnav] => 
    [sidebar] => 
    [title] => 交易密码修改_我的账户_伯嘉基金网
    [uid] => 196
    [tid] => 1486623682
    [ttid] => 1486623753
    [mkid] => 7ba1b337f9ddbf38
    [userInfo] => Array
        (
            [UserID] => 196
            [HsUserID] => 10108
            [HsAccount] => 1164
            [UserName] => CM-196
            [NickName] => 严萌
            [Mobile] => 15972158074
            [Status] => 1
            [LastLoginIP] => 192.168.15.235
            [LastLoginTime] => 2017-02-09 14:40:15
            [ActiveTime] => 2017-02-09 14:40:15
            [KeyStr] => 92fb964cb8285f22a7493bf0b89affd3
            [RegTime] => 2017-02-06 09:26:03
            [GroupIDs] => Array
                (
                    [0] => 1
                )

        )

    [userDetail] => Array
        (
            [UserID] => 196
            [Country] => 
            [RiskBear] => 1
            [PaperID] => 20170206000015
            [TelPhone] => 02787530321
            [Email] => 1160076821@qq.com
            [Address] => 吾问无为谓呜呜呜
            [Postal] => 430000
            [Job] => 1
            [SendRate] => 1
            [SendMethod] => a:1:{i:0;i:1;}
            [ReservedContent] => 巴拉拉小魔仙
        )

)
]
[15:08:45][|-data-|Array
(
    [userID] => 196
    [centerUrl] => https://trade.buyfunds.cn/user/center
    [keywords] => 基金,基金销售,伯嘉基金,伯嘉基金网,基金第三方销售平台,网上买基金,现金宝,质押宝,固定收益,打新基金,高端理财,基金申购,基金认购,基金费率,免费开户,网上基金开户,开户流程
    [description] => 伯嘉基金网是证监会批准的独立基金销售机构，民生银行全程监管资金安全。网上买基金，首选伯嘉。7*24小时免费基金开户，基金开户流程方便快捷，仅需10秒。
    [headerCss] => 
    [nav] => wdzh
    [backUrl] => https://trade.buyfunds.cn/_user/Userinfo
    [nickName] => 严萌
    [subnav] => 
    [sidebar] => 
    [title] => 交易密码修改_我的账户_伯嘉基金网
    [uid] => 196
    [tid] => 1486624059
    [ttid] => 1486624125
    [mkid] => 3714dfd53ce2893b
    [userInfo] => Array
        (
            [UserID] => 196
            [HsUserID] => 10108
            [HsAccount] => 1164
            [UserName] => CM-196
            [NickName] => 严萌
            [Mobile] => 15972158074
            [Status] => 1
            [LastLoginIP] => 192.168.15.235
            [LastLoginTime] => 2017-02-09 14:40:15
            [ActiveTime] => 2017-02-09 14:40:15
            [KeyStr] => 92fb964cb8285f22a7493bf0b89affd3
            [RegTime] => 2017-02-06 09:26:03
            [GroupIDs] => Array
                (
                    [0] => 1
                )

        )

    [userDetail] => Array
        (
            [UserID] => 196
            [Country] => 
            [RiskBear] => 1
            [PaperID] => 20170206000015
            [TelPhone] => 02787530321
            [Email] => 1160076821@qq.com
            [Address] => 吾问无为谓呜呜呜
            [Postal] => 430000
            [Job] => 1
            [SendRate] => 1
            [SendMethod] => a:1:{i:0;i:1;}
            [ReservedContent] => 巴拉拉小魔仙
        )

)
]
[15:12:51][|-data-|Array
(
    [userID] => 169
    [centerUrl] => https://trade.buyfunds.cn/user/center
    [keywords] => 基金,基金销售,伯嘉基金,伯嘉基金网,基金第三方销售平台,网上买基金,现金宝,质押宝,固定收益,打新基金,高端理财,基金申购,基金认购,基金费率,免费开户,网上基金开户,开户流程
    [description] => 伯嘉基金网是证监会批准的独立基金销售机构，民生银行全程监管资金安全。网上买基金，首选伯嘉。7*24小时免费基金开户，基金开户流程方便快捷，仅需10秒。
    [headerCss] => 
    [nav] => wdzh
    [backUrl] => https://trade.buyfunds.cn/_user/Userinfo
    [nickName] => 黄
    [subnav] => 
    [sidebar] => 
    [title] => 交易密码修改_我的账户_伯嘉基金网
    [uid] => 169
    [tid] => 1486624301
    [ttid] => 1486624371
    [mkid] => 7b7839b6997c47ab
    [userInfo] => Array
        (
            [UserID] => 169
            [HsUserID] => 0
            [HsAccount] => 1181
            [UserName] => QQ-169
            [NickName] => 黄
            [Mobile] => 18065043496
            [Status] => 1
            [LastLoginIP] => 192.168.15.235
            [LastLoginTime] => 2017-02-09 15:10:29
            [ActiveTime] => 2017-02-09 15:10:29
            [KeyStr] => 4e6cea5a5f31361e77e228041b89f2d0
            [RegTime] => 2017-02-04 09:44:00
            [GroupIDs] => Array
                (
                    [0] => 1
                )

        )

    [userDetail] => Array
        (
            [UserID] => 169
            [Country] => 
            [RiskBear] => 1
            [PaperID] => 20170206000025
            [TelPhone] => 
            [Email] => 
            [Address] => 
            [Postal] => 
            [Job] => 
            [SendRate] => 1
            [SendMethod] => 
            [ReservedContent] => 23423
        )

)
]
[15:24:08][|-data-|Array
(
    [userID] => 169
    [centerUrl] => https://trade.buyfunds.cn/user/center
    [keywords] => 基金,基金销售,伯嘉基金,伯嘉基金网,基金第三方销售平台,网上买基金,现金宝,质押宝,固定收益,打新基金,高端理财,基金申购,基金认购,基金费率,免费开户,网上基金开户,开户流程
    [description] => 伯嘉基金网是证监会批准的独立基金销售机构，民生银行全程监管资金安全。网上买基金，首选伯嘉。7*24小时免费基金开户，基金开户流程方便快捷，仅需10秒。
    [headerCss] => 
    [nav] => wdzh
    [backUrl] => https://trade.buyfunds.cn/_user/Userinfo
    [nickName] => 黄
    [subnav] => 
    [sidebar] => 
    [title] => 交易密码修改_我的账户_伯嘉基金网
    [uid] => 169
    [tid] => 1486624990
    [ttid] => 1486625048
    [mkid] => 64b93e2922c3c660
    [userInfo] => Array
        (
            [UserID] => 169
            [HsUserID] => 0
            [HsAccount] => 1181
            [UserName] => QQ-169
            [NickName] => 黄
            [Mobile] => 18065043496
            [Status] => 1
            [LastLoginIP] => 192.168.15.235
            [LastLoginTime] => 2017-02-09 15:10:29
            [ActiveTime] => 2017-02-09 15:10:29
            [KeyStr] => 4e6cea5a5f31361e77e228041b89f2d0
            [RegTime] => 2017-02-04 09:44:00
            [GroupIDs] => Array
                (
                    [0] => 1
                )

        )

    [userDetail] => Array
        (
            [UserID] => 169
            [Country] => 
            [RiskBear] => 1
            [PaperID] => 20170206000025
            [TelPhone] => 
            [Email] => 
            [Address] => 
            [Postal] => 
            [Job] => 
            [SendRate] => 1
            [SendMethod] => 
            [ReservedContent] => 23423
        )

)
]
[15:26:56][|-data-|Array
(
    [userID] => 196
    [centerUrl] => https://trade.buyfunds.cn/user/center
    [keywords] => 基金,基金销售,伯嘉基金,伯嘉基金网,基金第三方销售平台,网上买基金,现金宝,质押宝,固定收益,打新基金,高端理财,基金申购,基金认购,基金费率,免费开户,网上基金开户,开户流程
    [description] => 伯嘉基金网是证监会批准的独立基金销售机构，民生银行全程监管资金安全。网上买基金，首选伯嘉。7*24小时免费基金开户，基金开户流程方便快捷，仅需10秒。
    [headerCss] => 
    [nav] => wdzh
    [backUrl] => https://trade.buyfunds.cn/_user/Userinfo
    [nickName] => 严萌
    [subnav] => 
    [sidebar] => 
    [title] => 交易密码修改_我的账户_伯嘉基金网
    [uid] => 196
    [tid] => 1486625161
    [ttid] => 1486625216
    [mkid] => 8c8055b3890b9bef
    [userInfo] => Array
        (
            [UserID] => 196
            [HsUserID] => 10108
            [HsAccount] => 1164
            [UserName] => CM-196
            [NickName] => 严萌
            [Mobile] => 15972158074
            [Status] => 1
            [LastLoginIP] => 192.168.15.235
            [LastLoginTime] => 2017-02-09 14:40:15
            [ActiveTime] => 2017-02-09 14:40:15
            [KeyStr] => 92fb964cb8285f22a7493bf0b89affd3
            [RegTime] => 2017-02-06 09:26:03
            [GroupIDs] => Array
                (
                    [0] => 1
                )

        )

    [userDetail] => Array
        (
            [UserID] => 196
            [Country] => 
            [RiskBear] => 1
            [PaperID] => 20170206000015
            [TelPhone] => 02787530321
            [Email] => 1160076821@qq.com
            [Address] => 吾问无为谓呜呜呜
            [Postal] => 430000
            [Job] => 1
            [SendRate] => 1
            [SendMethod] => a:1:{i:0;i:1;}
            [ReservedContent] => 巴拉拉小魔仙
        )

)
]
[16:55:48][|-data-|Array
(
    [userID] => 220
    [centerUrl] => https://trade.buyfunds.cn/user/center
    [keywords] => 基金,基金销售,伯嘉基金,伯嘉基金网,基金第三方销售平台,网上买基金,现金宝,质押宝,固定收益,打新基金,高端理财,基金申购,基金认购,基金费率,免费开户,网上基金开户,开户流程
    [description] => 伯嘉基金网是证监会批准的独立基金销售机构，民生银行全程监管资金安全。网上买基金，首选伯嘉。7*24小时免费基金开户，基金开户流程方便快捷，仅需10秒。
    [headerCss] => 
    [nav] => wdzh
    [backUrl] => https://trade.buyfunds.cn/_user/Userinfo
    [nickName] => 后
    [subnav] => 
    [sidebar] => 
    [title] => 交易密码修改_我的账户_伯嘉基金网
    [uid] => 220
    [tid] => 1486630472
    [ttid] => 1486630548
    [mkid] => 7543b6cb0a589b97
    [userInfo] => Array
        (
            [UserID] => 220
            [HsUserID] => 10288
            [HsAccount] => 1189
            [UserName] => CM-220
            [NickName] => 后
            [Mobile] => 15205006442
            [Status] => 1
            [LastLoginIP] => 192.168.10.39
            [LastLoginTime] => 2017-02-09 16:45:41
            [ActiveTime] => 2017-02-09 16:45:41
            [KeyStr] => e3cd196e09d6bfc1ccefa2ff99321948
            [RegTime] => 2017-02-09 16:31:14
            [GroupIDs] => Array
                (
                    [0] => 1
                )

        )

    [userDetail] => Array
        (
            [UserID] => 220
            [Country] => 
            [RiskBear] => 2
            [PaperID] => 20170209000053
            [TelPhone] => 
            [Email] => 
            [Address] => 
            [Postal] => 
            [Job] => 
            [SendRate] => 1
            [SendMethod] => 
            [ReservedContent] => 
        )

)
]
[17:05:23][|-data-|Array
(
    [userID] => 169
    [centerUrl] => https://trade.buyfunds.cn/user/center
    [keywords] => 基金,基金销售,伯嘉基金,伯嘉基金网,基金第三方销售平台,网上买基金,现金宝,质押宝,固定收益,打新基金,高端理财,基金申购,基金认购,基金费率,免费开户,网上基金开户,开户流程
    [description] => 伯嘉基金网是证监会批准的独立基金销售机构，民生银行全程监管资金安全。网上买基金，首选伯嘉。7*24小时免费基金开户，基金开户流程方便快捷，仅需10秒。
    [headerCss] => 
    [nav] => wdzh
    [backUrl] => https://trade.buyfunds.cn/_user/Userinfo
    [nickName] => 黄
    [subnav] => 
    [sidebar] => 
    [title] => 交易密码修改_我的账户_伯嘉基金网
    [uid] => 169
    [tid] => 1486631056
    [ttid] => 1486631123
    [mkid] => daf62180baf86747
    [userInfo] => Array
        (
            [UserID] => 169
            [HsUserID] => 0
            [HsAccount] => 1181
            [UserName] => QQ-169
            [NickName] => 黄
            [Mobile] => 18065043496
            [Status] => 1
            [LastLoginIP] => 192.168.15.235
            [LastLoginTime] => 2017-02-09 15:10:29
            [ActiveTime] => 2017-02-09 15:10:29
            [KeyStr] => 4e6cea5a5f31361e77e228041b89f2d0
            [RegTime] => 2017-02-04 09:44:00
            [GroupIDs] => Array
                (
                    [0] => 1
                )

        )

    [userDetail] => Array
        (
            [UserID] => 169
            [Country] => 
            [RiskBear] => 1
            [PaperID] => 20170206000025
            [TelPhone] => 
            [Email] => 
            [Address] => 
            [Postal] => 
            [Job] => 
            [SendRate] => 1
            [SendMethod] => 
            [ReservedContent] => 23423
        )

)
]
[21:10:14][|-data-|Array
(
    [userID] => 178
    [centerUrl] => https://trade.buyfunds.cn/user/center
    [keywords] => 基金,基金销售,伯嘉基金,伯嘉基金网,基金第三方销售平台,网上买基金,现金宝,质押宝,固定收益,打新基金,高端理财,基金申购,基金认购,基金费率,免费开户,网上基金开户,开户流程
    [description] => 伯嘉基金网是证监会批准的独立基金销售机构，民生银行全程监管资金安全。网上买基金，首选伯嘉。7*24小时免费基金开户，基金开户流程方便快捷，仅需10秒。
    [headerCss] => 
    [nav] => wdzh
    [backUrl] => https://trade.buyfunds.cn/_user/Userinfo
    [nickName] => 杜拉拉
    [subnav] => 
    [sidebar] => 
    [title] => 交易密码修改_我的账户_伯嘉基金网
    [uid] => 178
    [tid] => 1486645664
    [ttid] => 1486645814
    [mkid] => ab9f31f8cac635a2
    [userInfo] => Array
        (
            [UserID] => 178
            [HsUserID] => 10268
            [HsAccount] => 1184
            [UserName] => CM-178
            [NickName] => 杜拉拉
            [Mobile] => 18125530297
            [Status] => 1
            [LastLoginIP] => 192.168.15.235
            [LastLoginTime] => 2017-02-09 20:08:44
            [ActiveTime] => 2017-02-09 20:08:44
            [KeyStr] => 25d168ba4b708b6615c5baf5fc3a8d19
            [RegTime] => 2017-02-04 13:39:12
            [GroupIDs] => Array
                (
                    [0] => 1
                )

        )

    [userDetail] => Array
        (
            [UserID] => 178
            [Country] => 
            [RiskBear] => 1
            [PaperID] => 20170209000037
            [TelPhone] => 123456
            [Email] => 123456@qq.com
            [Address] => 123456
            [Postal] => 123456
            [Job] => 2
            [SendRate] => 1
            [SendMethod] => 
            [ReservedContent] => 测试啊
        )

)
]
[21:31:54][|-data-|Array
(
    [userID] => 169
    [centerUrl] => https://trade.buyfunds.cn/user/center
    [keywords] => 基金,基金销售,伯嘉基金,伯嘉基金网,基金第三方销售平台,网上买基金,现金宝,质押宝,固定收益,打新基金,高端理财,基金申购,基金认购,基金费率,免费开户,网上基金开户,开户流程
    [description] => 伯嘉基金网是证监会批准的独立基金销售机构，民生银行全程监管资金安全。网上买基金，首选伯嘉。7*24小时免费基金开户，基金开户流程方便快捷，仅需10秒。
    [headerCss] => 
    [nav] => wdzh
    [backUrl] => https://trade.buyfunds.cn/_user/Userinfo
    [nickName] => 黄
    [subnav] => 
    [sidebar] => 
    [title] => 交易密码修改_我的账户_伯嘉基金网
    [uid] => 169
    [tid] => 1486647029
    [ttid] => 1486647114
    [mkid] => 2ef3faa839032d64
    [userInfo] => Array
        (
            [UserID] => 169
            [HsUserID] => 0
            [HsAccount] => 1181
            [UserName] => QQ-169
            [NickName] => 黄
            [Mobile] => 18065043496
            [Status] => 1
            [LastLoginIP] => 192.168.17.222
            [LastLoginTime] => 2017-02-09 21:29:52
            [ActiveTime] => 2017-02-09 21:29:52
            [KeyStr] => 95d2e1ce6b75359f32f63df1fc194673
            [RegTime] => 2017-02-04 09:44:00
            [GroupIDs] => Array
                (
                    [0] => 1
                )

        )

    [userDetail] => Array
        (
            [UserID] => 169
            [Country] => 
            [RiskBear] => 1
            [PaperID] => 20170206000025
            [TelPhone] => 
            [Email] => 
            [Address] => 
            [Postal] => 
            [Job] => 
            [SendRate] => 1
            [SendMethod] => 
            [ReservedContent] => 23423
        )

)
]
[21:35:05][|-data-|Array
(
    [userID] => 178
    [centerUrl] => https://trade.buyfunds.cn/user/center
    [keywords] => 基金,基金销售,伯嘉基金,伯嘉基金网,基金第三方销售平台,网上买基金,现金宝,质押宝,固定收益,打新基金,高端理财,基金申购,基金认购,基金费率,免费开户,网上基金开户,开户流程
    [description] => 伯嘉基金网是证监会批准的独立基金销售机构，民生银行全程监管资金安全。网上买基金，首选伯嘉。7*24小时免费基金开户，基金开户流程方便快捷，仅需10秒。
    [headerCss] => 
    [nav] => wdzh
    [backUrl] => https://trade.buyfunds.cn/_user/Userinfo
    [nickName] => 杜拉拉
    [subnav] => 
    [sidebar] => 
    [title] => 交易密码修改_我的账户_伯嘉基金网
    [uid] => 178
    [tid] => 1486645664
    [ttid] => 1486645814
    [mkid] => ab9f31f8cac635a2
    [userInfo] => Array
        (
            [UserID] => 178
            [HsUserID] => 10268
            [HsAccount] => 1184
            [UserName] => CM-178
            [NickName] => 杜拉拉
            [Mobile] => 18125530297
            [Status] => 1
            [LastLoginIP] => 192.168.15.235
            [LastLoginTime] => 2017-02-09 21:25:28
            [ActiveTime] => 2017-02-09 21:25:28
            [KeyStr] => f31f302da63be8dd05871e89dcde65d9
            [RegTime] => 2017-02-04 13:39:12
            [GroupIDs] => Array
                (
                    [0] => 1
                )

        )

    [userDetail] => Array
        (
            [UserID] => 178
            [Country] => 
            [RiskBear] => 1
            [PaperID] => 20170209000037
            [TelPhone] => 123456
            [Email] => 123456@qq.com
            [Address] => 123456
            [Postal] => 123456
            [Job] => 2
            [SendRate] => 1
            [SendMethod] => 
            [ReservedContent] => 测试啊
        )

)
]
[21:53:17][|-data-|Array
(
    [userID] => 178
    [centerUrl] => https://trade.buyfunds.cn/user/center
    [keywords] => 基金,基金销售,伯嘉基金,伯嘉基金网,基金第三方销售平台,网上买基金,现金宝,质押宝,固定收益,打新基金,高端理财,基金申购,基金认购,基金费率,免费开户,网上基金开户,开户流程
    [description] => 伯嘉基金网是证监会批准的独立基金销售机构，民生银行全程监管资金安全。网上买基金，首选伯嘉。7*24小时免费基金开户，基金开户流程方便快捷，仅需10秒。
    [headerCss] => 
    [nav] => wdzh
    [backUrl] => https://trade.buyfunds.cn/_user/Userinfo
    [nickName] => 杜拉拉
    [subnav] => 
    [sidebar] => 
    [title] => 交易密码修改_我的账户_伯嘉基金网
    [uid] => 178
    [tid] => 1486648278
    [ttid] => 1486648397
    [mkid] => 6c5ee4a1429616fa
    [userInfo] => Array
        (
            [UserID] => 178
            [HsUserID] => 10268
            [HsAccount] => 1184
            [UserName] => CM-178
            [NickName] => 杜拉拉
            [Mobile] => 18125530297
            [Status] => 1
            [LastLoginIP] => 192.168.15.235
            [LastLoginTime] => 2017-02-09 21:25:28
            [ActiveTime] => 2017-02-09 21:25:28
            [KeyStr] => f31f302da63be8dd05871e89dcde65d9
            [RegTime] => 2017-02-04 13:39:12
            [GroupIDs] => Array
                (
                    [0] => 1
                )

        )

    [userDetail] => Array
        (
            [UserID] => 178
            [Country] => 
            [RiskBear] => 1
            [PaperID] => 20170209000037
            [TelPhone] => 123456
            [Email] => 123456@qq.com
            [Address] => 123456
            [Postal] => 123456
            [Job] => 2
            [SendRate] => 1
            [SendMethod] => 
            [ReservedContent] => 测试啊
        )

)
]
[21:57:02][|-data-|Array
(
    [userID] => 178
    [centerUrl] => https://trade.buyfunds.cn/user/center
    [keywords] => 基金,基金销售,伯嘉基金,伯嘉基金网,基金第三方销售平台,网上买基金,现金宝,质押宝,固定收益,打新基金,高端理财,基金申购,基金认购,基金费率,免费开户,网上基金开户,开户流程
    [description] => 伯嘉基金网是证监会批准的独立基金销售机构，民生银行全程监管资金安全。网上买基金，首选伯嘉。7*24小时免费基金开户，基金开户流程方便快捷，仅需10秒。
    [headerCss] => 
    [nav] => wdzh
    [backUrl] => https://trade.buyfunds.cn/_user/Userinfo
    [nickName] => 杜拉拉
    [subnav] => 
    [sidebar] => 
    [title] => 交易密码修改_我的账户_伯嘉基金网
    [uid] => 178
    [tid] => 1486648278
    [ttid] => 1486648397
    [mkid] => 6c5ee4a1429616fa
    [userInfo] => Array
        (
            [UserID] => 178
            [HsUserID] => 10268
            [HsAccount] => 1184
            [UserName] => CM-178
            [NickName] => 杜拉拉
            [Mobile] => 18125530297
            [Status] => 1
            [LastLoginIP] => 192.168.15.235
            [LastLoginTime] => 2017-02-09 21:25:28
            [ActiveTime] => 2017-02-09 21:25:28
            [KeyStr] => f31f302da63be8dd05871e89dcde65d9
            [RegTime] => 2017-02-04 13:39:12
            [GroupIDs] => Array
                (
                    [0] => 1
                )

        )

    [userDetail] => Array
        (
            [UserID] => 178
            [Country] => 
            [RiskBear] => 1
            [PaperID] => 20170209000037
            [TelPhone] => 123456
            [Email] => 123456@qq.com
            [Address] => 123456
            [Postal] => 123456
            [Job] => 2
            [SendRate] => 1
            [SendMethod] => 
            [ReservedContent] => 测试啊
        )

)
]
[21:57:52][|-data-|Array
(
    [userID] => 178
    [centerUrl] => https://trade.buyfunds.cn/user/center
    [keywords] => 基金,基金销售,伯嘉基金,伯嘉基金网,基金第三方销售平台,网上买基金,现金宝,质押宝,固定收益,打新基金,高端理财,基金申购,基金认购,基金费率,免费开户,网上基金开户,开户流程
    [description] => 伯嘉基金网是证监会批准的独立基金销售机构，民生银行全程监管资金安全。网上买基金，首选伯嘉。7*24小时免费基金开户，基金开户流程方便快捷，仅需10秒。
    [headerCss] => 
    [nav] => wdzh
    [backUrl] => https://trade.buyfunds.cn/_user/Userinfo
    [nickName] => 杜拉拉
    [subnav] => 
    [sidebar] => 
    [title] => 交易密码修改_我的账户_伯嘉基金网
    [uid] => 178
    [tid] => 1486648278
    [ttid] => 1486648397
    [mkid] => 6c5ee4a1429616fa
    [userInfo] => Array
        (
            [UserID] => 178
            [HsUserID] => 10268
            [HsAccount] => 1184
            [UserName] => CM-178
            [NickName] => 杜拉拉
            [Mobile] => 18125530297
            [Status] => 1
            [LastLoginIP] => 192.168.15.235
            [LastLoginTime] => 2017-02-09 21:25:28
            [ActiveTime] => 2017-02-09 21:25:28
            [KeyStr] => f31f302da63be8dd05871e89dcde65d9
            [RegTime] => 2017-02-04 13:39:12
            [GroupIDs] => Array
                (
                    [0] => 1
                )

        )

    [userDetail] => Array
        (
            [UserID] => 178
            [Country] => 
            [RiskBear] => 1
            [PaperID] => 20170209000037
            [TelPhone] => 123456
            [Email] => 123456@qq.com
            [Address] => 123456
            [Postal] => 123456
            [Job] => 2
            [SendRate] => 1
            [SendMethod] => 
            [ReservedContent] => 测试啊
        )

)
]
[22:04:31][|-data-|Array
(
    [userID] => 169
    [centerUrl] => https://trade.buyfunds.cn/user/center
    [keywords] => 基金,基金销售,伯嘉基金,伯嘉基金网,基金第三方销售平台,网上买基金,现金宝,质押宝,固定收益,打新基金,高端理财,基金申购,基金认购,基金费率,免费开户,网上基金开户,开户流程
    [description] => 伯嘉基金网是证监会批准的独立基金销售机构，民生银行全程监管资金安全。网上买基金，首选伯嘉。7*24小时免费基金开户，基金开户流程方便快捷，仅需10秒。
    [headerCss] => 
    [nav] => wdzh
    [backUrl] => https://trade.buyfunds.cn/_user/Userinfo
    [nickName] => 黄
    [subnav] => 
    [sidebar] => 
    [title] => 交易密码修改_我的账户_伯嘉基金网
    [uid] => 169
    [tid] => 1486649012
    [ttid] => 1486649071
    [mkid] => 9fde5f198c827919
    [userInfo] => Array
        (
            [UserID] => 169
            [HsUserID] => 0
            [HsAccount] => 1181
            [UserName] => QQ-169
            [NickName] => 黄
            [Mobile] => 18065043496
            [Status] => 1
            [LastLoginIP] => 192.168.17.222
            [LastLoginTime] => 2017-02-09 21:29:52
            [ActiveTime] => 2017-02-09 21:29:52
            [KeyStr] => 95d2e1ce6b75359f32f63df1fc194673
            [RegTime] => 2017-02-04 09:44:00
            [GroupIDs] => Array
                (
                    [0] => 1
                )

        )

    [userDetail] => Array
        (
            [UserID] => 169
            [Country] => 
            [RiskBear] => 1
            [PaperID] => 20170206000025
            [TelPhone] => 
            [Email] => 
            [Address] => 
            [Postal] => 
            [Job] => 
            [SendRate] => 1
            [SendMethod] => 
            [ReservedContent] => 23423
        )

)
]
[22:18:05][|-data-|Array
(
    [userID] => 178
    [centerUrl] => https://trade.buyfunds.cn/user/center
    [keywords] => 基金,基金销售,伯嘉基金,伯嘉基金网,基金第三方销售平台,网上买基金,现金宝,质押宝,固定收益,打新基金,高端理财,基金申购,基金认购,基金费率,免费开户,网上基金开户,开户流程
    [description] => 伯嘉基金网是证监会批准的独立基金销售机构，民生银行全程监管资金安全。网上买基金，首选伯嘉。7*24小时免费基金开户，基金开户流程方便快捷，仅需10秒。
    [headerCss] => 
    [nav] => wdzh
    [backUrl] => https://trade.buyfunds.cn/_user/Userinfo
    [nickName] => 杜拉拉
    [subnav] => 
    [sidebar] => 
    [title] => 交易密码修改_我的账户_伯嘉基金网
    [uid] => 178
    [tid] => 1486649652
    [ttid] => 1486649885
    [mkid] => ae9e0c726331d070
    [userInfo] => Array
        (
            [UserID] => 178
            [HsUserID] => 10268
            [HsAccount] => 1184
            [UserName] => CM-178
            [NickName] => 杜拉拉
            [Mobile] => 18125530297
            [Status] => 1
            [LastLoginIP] => 192.168.15.235
            [LastLoginTime] => 2017-02-09 21:25:28
            [ActiveTime] => 2017-02-09 21:25:28
            [KeyStr] => f31f302da63be8dd05871e89dcde65d9
            [RegTime] => 2017-02-04 13:39:12
            [GroupIDs] => Array
                (
                    [0] => 1
                )

        )

    [userDetail] => Array
        (
            [UserID] => 178
            [Country] => 
            [RiskBear] => 1
            [PaperID] => 20170209000037
            [TelPhone] => 123456
            [Email] => 123456@qq.com
            [Address] => 123456
            [Postal] => 123456
            [Job] => 2
            [SendRate] => 1
            [SendMethod] => 
            [ReservedContent] => 测试啊
        )

)
]
