[10:52:21][参数：Array
(
    [targetcomp_id] => 91000
    [sendercomp_id] => 91000
    [access_token] => 70E9C8095E904B3296F571620051A3862017021608270515315614
    [trust_way] => 2
    [request_num] => 1
    [reqry_recordsum_flag] => 1
    [qry_beginrownum] => 0
    [trade_acco] => 
    [client_id] => 10378
    [bank_no] => 003
)
https://sitapi.hscloud.cn/cwsale/v1/accobank_qry
回参：Array
(
    [data] => {"data":[{"detail_fund_way":"01","rowcount":"1","fund_interface_type":"1","bank_open_id_kind_gb":"0","error_code":"","trade_acco":"1206","total_count":"1","ta_acco":"*B0000001206","capital_mode":"l","success_type":"0","branchbank":"103391013640","bank_open_id_no":"421083199206290033","bank_no":"003","bank_account":"6228480068816522772","error_info":"","remittance_no":"","fund_card":"","bank_account_name":"罗蔓"}]}
    [code] => 200
)
]
[10:52:21][参数：Array
(
    [targetcomp_id] => 91000
    [sendercomp_id] => 91000
    [access_token] => 70E9C8095E904B3296F571620051A3862017021608270515315614
    [trust_way] => 2
    [request_num] => 1
    [reqry_recordsum_flag] => 1
    [qry_beginrownum] => 0
    [trade_acco] => 
    [client_id] => 10378
    [bank_no] => 003
)
https://sitapi.hscloud.cn/cwsale/v1/accobank_qry
回参：Array
(
    [data] => {"data":[{"detail_fund_way":"01","rowcount":"1","fund_interface_type":"1","bank_open_id_kind_gb":"0","error_code":"","trade_acco":"1206","total_count":"1","ta_acco":"*B0000001206","capital_mode":"l","success_type":"0","branchbank":"103391013640","bank_open_id_no":"421083199206290033","bank_no":"003","bank_account":"6228480068816522772","error_info":"","remittance_no":"","fund_card":"","bank_account_name":"罗蔓"}]}
    [code] => 200
)
]
[10:52:21][参数：Array
(
    [targetcomp_id] => 91000
    [sendercomp_id] => 91000
    [access_token] => 70E9C8095E904B3296F571620051A3862017021608270515315614
    [request_num] => 1
    [reqry_recordsum_flag] => 1
    [qry_beginrownum] => 0
    [fund_code] => 600570
)
https://sitapi.hscloud.cn/cwsale/v1/newhq_qry
回参：Array
(
    [data] => {"data":[{"ofund_type":"0","per_myriad_income":"0.0000","fund_code":"600570","fund_curr_income":"0.00","rowcount":"1","forbid_modi_autobuy_flag":"0","pre_income_ratio":"0.0000","fund_full_name":"恒生电子股票基金","accept_hq_date":"20170215","share_type":"A","error_code":"","total_count":"1","fund_share":"0.00","fund_name":"恒生电子股票基金","fund_status":"0","ta_no":"B0","success_type":"0","nav_total":"1.7000","nav":"1.7000","prod_term":"0","ofund_risklevel":"0","en_minshare":"0.00","hq_date":"20170214","fund_curr_ratio":"0.0000","error_info":""}]}
    [code] => 200
)
]
[10:52:21][参数：Array
(
    [targetcomp_id] => 91000
    [sendercomp_id] => 91000
    [access_token] => 70E9C8095E904B3296F571620051A3862017021608270515315614
    [money_type] => 0
    [trust_way] => 2
    [capital_mode] => l
    [trade_source] => bjjj
    [detail_fund_way] => 01
    [fund_code] => 600570
    [bank_no] => 003
    [bank_account] => 6228480068816522772
    [share_type] => A
    [balance] => 10000
    [trade_acco] => 1206
    [password] => 2fed3552497f2facc94bd74d5996315b
)
https://sitapi.hscloud.cn/cwsale/v1/allot_trade
回参：Array
(
    [data] => {"data":[{"balance":"10000.00","apply_time":"093000","allot_no":"20170215000352","apply_date":"20170216","success_type":"0","clear_date":"","error_code":"","error_info":""}]}
    [code] => 200
)
]
