[09:28:36][参数：Array
(
    [targetcomp_id] => 91000
    [sendercomp_id] => 91000
    [access_token] => A9B563C80BFA4BFCB4F799712A96613E2017021508381579144143
    [trust_way] => 2
    [request_num] => 1
    [reqry_recordsum_flag] => 1
    [qry_beginrownum] => 0
    [trade_acco] => 
    [client_id] => 10108
    [bank_no] => 005
)
https://sitapi.hscloud.cn/cwsale/v1/accobank_qry
回参：Array
(
    [data] => {"data":[{"detail_fund_way":"01","rowcount":"1","fund_interface_type":"1","bank_open_id_kind_gb":"0","error_code":"","trade_acco":"1195","total_count":"1","ta_acco":"B01000009851","capital_mode":"l","success_type":"0","branchbank":"105100014030","bank_open_id_no":"420111199508286623","bank_no":"005","bank_account":"6217000340000565980","error_info":"","remittance_no":"","fund_card":"","bank_account_name":"严萌"}]}
    [code] => 200
)
]
[09:28:36][参数：Array
(
    [targetcomp_id] => 91000
    [sendercomp_id] => 91000
    [access_token] => A9B563C80BFA4BFCB4F799712A96613E2017021508381579144143
    [trust_way] => 2
    [request_num] => 1
    [reqry_recordsum_flag] => 1
    [qry_beginrownum] => 0
    [trade_acco] => 
    [client_id] => 10108
    [bank_no] => 005
)
https://sitapi.hscloud.cn/cwsale/v1/accobank_qry
回参：Array
(
    [data] => {"data":[{"detail_fund_way":"01","rowcount":"1","fund_interface_type":"1","bank_open_id_kind_gb":"0","error_code":"","trade_acco":"1195","total_count":"1","ta_acco":"B01000009851","capital_mode":"l","success_type":"0","branchbank":"105100014030","bank_open_id_no":"420111199508286623","bank_no":"005","bank_account":"6217000340000565980","error_info":"","remittance_no":"","fund_card":"","bank_account_name":"严萌"}]}
    [code] => 200
)
]
[09:28:37][参数：Array
(
    [targetcomp_id] => 91000
    [sendercomp_id] => 91000
    [access_token] => A9B563C80BFA4BFCB4F799712A96613E2017021508381579144143
    [request_num] => 1
    [reqry_recordsum_flag] => 1
    [qry_beginrownum] => 0
    [fund_code] => 600570
)
https://sitapi.hscloud.cn/cwsale/v1/newhq_qry
回参：Array
(
    [data] => {"data":[{"ofund_type":"0","per_myriad_income":"0.0000","fund_code":"600570","fund_curr_income":"0.00","rowcount":"1","forbid_modi_autobuy_flag":"0","pre_income_ratio":"0.0000","fund_full_name":"恒生电子股票基金","accept_hq_date":"20170214","share_type":"A","error_code":"","total_count":"1","fund_share":"0.00","fund_name":"恒生电子股票基金","fund_status":"0","ta_no":"B0","success_type":"0","nav_total":"1.7000","nav":"1.7000","prod_term":"0","ofund_risklevel":"0","en_minshare":"0.00","hq_date":"20170213","fund_curr_ratio":"0.0000","error_info":""}]}
    [code] => 200
)
]
[09:28:37][参数：Array
(
    [targetcomp_id] => 91000
    [sendercomp_id] => 91000
    [access_token] => A9B563C80BFA4BFCB4F799712A96613E2017021508381579144143
    [money_type] => 0
    [trust_way] => 2
    [capital_mode] => l
    [trade_source] => bjjj
    [detail_fund_way] => 01
    [fund_code] => 600570
    [bank_no] => 005
    [bank_account] => 6217000340000565980
    [share_type] => A
    [balance] => 50000
    [trade_acco] => 1195
    [password] => e820143041a4921b0ba1fb73f90c36a5
)
https://sitapi.hscloud.cn/cwsale/v1/allot_trade
回参：Array
(
    [data] => {"data":[{"balance":"50000.00","apply_time":"093000","allot_no":"20170214000072","apply_date":"20170215","success_type":"0","clear_date":"","error_code":"","error_info":""}]}
    [code] => 200
)
]
[11:15:47][参数：Array
(
    [targetcomp_id] => 91000
    [sendercomp_id] => 91000
    [access_token] => AA2BF967800449AD968CEE4D203F727A2017021511052934754555
    [trust_way] => 2
    [request_num] => 1
    [reqry_recordsum_flag] => 1
    [qry_beginrownum] => 0
    [trade_acco] => 
    [client_id] => 10108
    [bank_no] => 005
)
https://sitapi.hscloud.cn/cwsale/v1/accobank_qry
回参：Array
(
    [data] => {"data":[{"detail_fund_way":"01","rowcount":"1","fund_interface_type":"1","bank_open_id_kind_gb":"0","error_code":"","trade_acco":"1195","total_count":"1","ta_acco":"B01000009851","capital_mode":"l","success_type":"0","branchbank":"105100014030","bank_open_id_no":"420111199508286623","bank_no":"005","bank_account":"6217000340000565980","error_info":"","remittance_no":"","fund_card":"","bank_account_name":"严萌"}]}
    [code] => 200
)
]
[11:15:47][参数：Array
(
    [targetcomp_id] => 91000
    [sendercomp_id] => 91000
    [access_token] => AA2BF967800449AD968CEE4D203F727A2017021511052934754555
    [trust_way] => 2
    [request_num] => 1
    [reqry_recordsum_flag] => 1
    [qry_beginrownum] => 0
    [trade_acco] => 
    [client_id] => 10108
    [bank_no] => 005
)
https://sitapi.hscloud.cn/cwsale/v1/accobank_qry
回参：Array
(
    [data] => {"data":[{"detail_fund_way":"01","rowcount":"1","fund_interface_type":"1","bank_open_id_kind_gb":"0","error_code":"","trade_acco":"1195","total_count":"1","ta_acco":"B01000009851","capital_mode":"l","success_type":"0","branchbank":"105100014030","bank_open_id_no":"420111199508286623","bank_no":"005","bank_account":"6217000340000565980","error_info":"","remittance_no":"","fund_card":"","bank_account_name":"严萌"}]}
    [code] => 200
)
]
[11:15:47][参数：Array
(
    [targetcomp_id] => 91000
    [sendercomp_id] => 91000
    [access_token] => AA2BF967800449AD968CEE4D203F727A2017021511052934754555
    [request_num] => 1
    [reqry_recordsum_flag] => 1
    [qry_beginrownum] => 0
    [fund_code] => 600570
)
https://sitapi.hscloud.cn/cwsale/v1/newhq_qry
回参：Array
(
    [data] => {"data":[{"ofund_type":"0","per_myriad_income":"0.0000","fund_code":"600570","fund_curr_income":"0.00","rowcount":"1","forbid_modi_autobuy_flag":"0","pre_income_ratio":"0.0000","fund_full_name":"恒生电子股票基金","accept_hq_date":"20170215","share_type":"A","error_code":"","total_count":"1","fund_share":"0.00","fund_name":"恒生电子股票基金","fund_status":"0","ta_no":"B0","success_type":"0","nav_total":"1.7000","nav":"1.7000","prod_term":"0","ofund_risklevel":"0","en_minshare":"0.00","hq_date":"20170214","fund_curr_ratio":"0.0000","error_info":""}]}
    [code] => 200
)
]
[11:15:47][参数：Array
(
    [targetcomp_id] => 91000
    [sendercomp_id] => 91000
    [access_token] => AA2BF967800449AD968CEE4D203F727A2017021511052934754555
    [money_type] => 0
    [trust_way] => 2
    [capital_mode] => l
    [trade_source] => bjjj
    [detail_fund_way] => 01
    [fund_code] => 600570
    [bank_no] => 005
    [bank_account] => 6217000340000565980
    [share_type] => A
    [balance] => 21000
    [trade_acco] => 1195
    [password] => e820143041a4921b0ba1fb73f90c36a5
)
https://sitapi.hscloud.cn/cwsale/v1/allot_trade
回参：Array
(
    [data] => {"data":[{"balance":"21000.00","apply_time":"111547","allot_no":"20170215000003","apply_date":"20170215","success_type":"0","clear_date":"","error_code":"","error_info":""}]}
    [code] => 200
)
]
[11:30:55][参数：Array
(
    [targetcomp_id] => 91000
    [sendercomp_id] => 91000
    [access_token] => AA2BF967800449AD968CEE4D203F727A2017021511052934754555
    [trust_way] => 2
    [request_num] => 1
    [reqry_recordsum_flag] => 1
    [qry_beginrownum] => 0
    [trade_acco] => 
    [client_id] => 10298
    [bank_no] => 
)
https://sitapi.hscloud.cn/cwsale/v1/accobank_qry
回参：Array
(
    [data] => {"data":[{"detail_fund_way":"","rowcount":"","fund_interface_type":"","bank_open_id_kind_gb":"","error_code":"1000","trade_acco":"","total_count":"","ta_acco":"","capital_mode":"","success_type":"0","branchbank":"","bank_open_id_no":"","bank_no":"","bank_account":"","error_info":"HS_QUERY-93: 总记录数为0!","remittance_no":"","fund_card":"","bank_account_name":""}]}
    [code] => 200
)
]
[11:30:55][参数：Array
(
    [targetcomp_id] => 91000
    [sendercomp_id] => 91000
    [access_token] => AA2BF967800449AD968CEE4D203F727A2017021511052934754555
    [trust_way] => 2
    [request_num] => 1
    [reqry_recordsum_flag] => 1
    [qry_beginrownum] => 0
    [trade_acco] => 
    [client_id] => 10298
    [bank_no] => 
)
https://sitapi.hscloud.cn/cwsale/v1/accobank_qry
回参：Array
(
    [data] => {"data":[{"detail_fund_way":"","rowcount":"","fund_interface_type":"","bank_open_id_kind_gb":"","error_code":"1000","trade_acco":"","total_count":"","ta_acco":"","capital_mode":"","success_type":"0","branchbank":"","bank_open_id_no":"","bank_no":"","bank_account":"","error_info":"HS_QUERY-93: 总记录数为0!","remittance_no":"","fund_card":"","bank_account_name":""}]}
    [code] => 200
)
]
[11:30:55][参数：Array
(
    [targetcomp_id] => 91000
    [sendercomp_id] => 91000
    [access_token] => AA2BF967800449AD968CEE4D203F727A2017021511052934754555
    [request_num] => 1
    [reqry_recordsum_flag] => 1
    [qry_beginrownum] => 0
    [fund_code] => 600570
)
https://sitapi.hscloud.cn/cwsale/v1/newhq_qry
回参：Array
(
    [data] => {"data":[{"ofund_type":"0","per_myriad_income":"0.0000","fund_code":"600570","fund_curr_income":"0.00","rowcount":"1","forbid_modi_autobuy_flag":"0","pre_income_ratio":"0.0000","fund_full_name":"恒生电子股票基金","accept_hq_date":"20170215","share_type":"A","error_code":"","total_count":"1","fund_share":"0.00","fund_name":"恒生电子股票基金","fund_status":"0","ta_no":"B0","success_type":"0","nav_total":"1.7000","nav":"1.7000","prod_term":"0","ofund_risklevel":"0","en_minshare":"0.00","hq_date":"20170214","fund_curr_ratio":"0.0000","error_info":""}]}
    [code] => 200
)
]
[11:30:55][参数：Array
(
    [targetcomp_id] => 91000
    [sendercomp_id] => 91000
    [access_token] => AA2BF967800449AD968CEE4D203F727A2017021511052934754555
    [money_type] => 0
    [trust_way] => 2
    [capital_mode] => l
    [trade_source] => bjjj
    [detail_fund_way] => 01
    [fund_code] => 600570
    [bank_no] => 
    [bank_account] => 
    [share_type] => A
    [balance] => 1000
    [trade_acco] => 
    [password] => 5b91455166a1f7232278929ae7c8d44a
)
https://sitapi.hscloud.cn/cwsale/v1/allot_trade
回参：Array
(
    [data] => {"data":[{"balance":"0.00","apply_time":"","allot_no":"","apply_date":"","success_type":"3","clear_date":"","error_code":"0108","error_info":"交易账号[]不存在"}]}
    [code] => 200
)
]
[11:32:14][参数：Array
(
    [targetcomp_id] => 91000
    [sendercomp_id] => 91000
    [access_token] => AA2BF967800449AD968CEE4D203F727A2017021511052934754555
    [trust_way] => 2
    [request_num] => 1
    [reqry_recordsum_flag] => 1
    [qry_beginrownum] => 0
    [trade_acco] => 
    [client_id] => 10298
    [bank_no] => 
)
https://sitapi.hscloud.cn/cwsale/v1/accobank_qry
回参：Array
(
    [data] => {"data":[{"detail_fund_way":"","rowcount":"","fund_interface_type":"","bank_open_id_kind_gb":"","error_code":"1000","trade_acco":"","total_count":"","ta_acco":"","capital_mode":"","success_type":"0","branchbank":"","bank_open_id_no":"","bank_no":"","bank_account":"","error_info":"HS_QUERY-93: 总记录数为0!","remittance_no":"","fund_card":"","bank_account_name":""}]}
    [code] => 200
)
]
[11:32:14][参数：Array
(
    [targetcomp_id] => 91000
    [sendercomp_id] => 91000
    [access_token] => AA2BF967800449AD968CEE4D203F727A2017021511052934754555
    [trust_way] => 2
    [request_num] => 1
    [reqry_recordsum_flag] => 1
    [qry_beginrownum] => 0
    [trade_acco] => 
    [client_id] => 10298
    [bank_no] => 
)
https://sitapi.hscloud.cn/cwsale/v1/accobank_qry
回参：Array
(
    [data] => {"data":[{"detail_fund_way":"","rowcount":"","fund_interface_type":"","bank_open_id_kind_gb":"","error_code":"1000","trade_acco":"","total_count":"","ta_acco":"","capital_mode":"","success_type":"0","branchbank":"","bank_open_id_no":"","bank_no":"","bank_account":"","error_info":"HS_QUERY-93: 总记录数为0!","remittance_no":"","fund_card":"","bank_account_name":""}]}
    [code] => 200
)
]
[11:32:14][参数：Array
(
    [targetcomp_id] => 91000
    [sendercomp_id] => 91000
    [access_token] => AA2BF967800449AD968CEE4D203F727A2017021511052934754555
    [request_num] => 1
    [reqry_recordsum_flag] => 1
    [qry_beginrownum] => 0
    [fund_code] => 600570
)
https://sitapi.hscloud.cn/cwsale/v1/newhq_qry
回参：Array
(
    [data] => {"data":[{"ofund_type":"0","per_myriad_income":"0.0000","fund_code":"600570","fund_curr_income":"0.00","rowcount":"1","forbid_modi_autobuy_flag":"0","pre_income_ratio":"0.0000","fund_full_name":"恒生电子股票基金","accept_hq_date":"20170215","share_type":"A","error_code":"","total_count":"1","fund_share":"0.00","fund_name":"恒生电子股票基金","fund_status":"0","ta_no":"B0","success_type":"0","nav_total":"1.7000","nav":"1.7000","prod_term":"0","ofund_risklevel":"0","en_minshare":"0.00","hq_date":"20170214","fund_curr_ratio":"0.0000","error_info":""}]}
    [code] => 200
)
]
[11:32:14][参数：Array
(
    [targetcomp_id] => 91000
    [sendercomp_id] => 91000
    [access_token] => AA2BF967800449AD968CEE4D203F727A2017021511052934754555
    [money_type] => 0
    [trust_way] => 2
    [capital_mode] => l
    [trade_source] => bjjj
    [detail_fund_way] => 01
    [fund_code] => 600570
    [bank_no] => 
    [bank_account] => 
    [share_type] => A
    [balance] => 10000
    [trade_acco] => 
    [password] => 5b91455166a1f7232278929ae7c8d44a
)
https://sitapi.hscloud.cn/cwsale/v1/allot_trade
回参：Array
(
    [data] => {"data":[{"balance":"0.00","apply_time":"","allot_no":"","apply_date":"","success_type":"3","clear_date":"","error_code":"0108","error_info":"交易账号[]不存在"}]}
    [code] => 200
)
]
[11:37:34][参数：Array
(
    [targetcomp_id] => 91000
    [sendercomp_id] => 91000
    [access_token] => AA2BF967800449AD968CEE4D203F727A2017021511052934754555
    [trust_way] => 2
    [request_num] => 1
    [reqry_recordsum_flag] => 1
    [qry_beginrownum] => 0
    [trade_acco] => 
    [client_id] => 10288
    [bank_no] => 005
)
https://sitapi.hscloud.cn/cwsale/v1/accobank_qry
回参：Array
(
    [data] => {"data":[{"detail_fund_way":"01","rowcount":"1","fund_interface_type":"1","bank_open_id_kind_gb":"0","error_code":"","trade_acco":"1189","total_count":"1","ta_acco":"B01000010022","capital_mode":"l","success_type":"0","branchbank":"105100014030","bank_open_id_no":"350426198803025631","bank_no":"005","bank_account":"6217000340000565980","error_info":"","remittance_no":"","fund_card":"","bank_account_name":"后"}]}
    [code] => 200
)
]
[11:37:34][参数：Array
(
    [targetcomp_id] => 91000
    [sendercomp_id] => 91000
    [access_token] => AA2BF967800449AD968CEE4D203F727A2017021511052934754555
    [trust_way] => 2
    [request_num] => 1
    [reqry_recordsum_flag] => 1
    [qry_beginrownum] => 0
    [trade_acco] => 
    [client_id] => 10288
    [bank_no] => 005
)
https://sitapi.hscloud.cn/cwsale/v1/accobank_qry
回参：Array
(
    [data] => {"data":[{"detail_fund_way":"01","rowcount":"1","fund_interface_type":"1","bank_open_id_kind_gb":"0","error_code":"","trade_acco":"1189","total_count":"1","ta_acco":"B01000010022","capital_mode":"l","success_type":"0","branchbank":"105100014030","bank_open_id_no":"350426198803025631","bank_no":"005","bank_account":"6217000340000565980","error_info":"","remittance_no":"","fund_card":"","bank_account_name":"后"}]}
    [code] => 200
)
]
[11:37:34][参数：Array
(
    [targetcomp_id] => 91000
    [sendercomp_id] => 91000
    [access_token] => AA2BF967800449AD968CEE4D203F727A2017021511052934754555
    [request_num] => 1
    [reqry_recordsum_flag] => 1
    [qry_beginrownum] => 0
    [fund_code] => 600570
)
https://sitapi.hscloud.cn/cwsale/v1/newhq_qry
回参：Array
(
    [data] => {"data":[{"ofund_type":"0","per_myriad_income":"0.0000","fund_code":"600570","fund_curr_income":"0.00","rowcount":"1","forbid_modi_autobuy_flag":"0","pre_income_ratio":"0.0000","fund_full_name":"恒生电子股票基金","accept_hq_date":"20170215","share_type":"A","error_code":"","total_count":"1","fund_share":"0.00","fund_name":"恒生电子股票基金","fund_status":"0","ta_no":"B0","success_type":"0","nav_total":"1.7000","nav":"1.7000","prod_term":"0","ofund_risklevel":"0","en_minshare":"0.00","hq_date":"20170214","fund_curr_ratio":"0.0000","error_info":""}]}
    [code] => 200
)
]
[11:37:34][参数：Array
(
    [targetcomp_id] => 91000
    [sendercomp_id] => 91000
    [access_token] => AA2BF967800449AD968CEE4D203F727A2017021511052934754555
    [money_type] => 0
    [trust_way] => 2
    [capital_mode] => l
    [trade_source] => bjjj
    [detail_fund_way] => 01
    [fund_code] => 600570
    [bank_no] => 005
    [bank_account] => 6217000340000565980
    [share_type] => A
    [balance] => 11111.11
    [trade_acco] => 1189
    [password] => 6803cbb9b19241ab53919a7f025bc107
)
https://sitapi.hscloud.cn/cwsale/v1/allot_trade
回参：Array
(
    [data] => {"data":[{"balance":"11111.11","apply_time":"113734","allot_no":"20170215000015","apply_date":"20170215","success_type":"0","clear_date":"","error_code":"","error_info":""}]}
    [code] => 200
)
]
[11:41:28][参数：Array
(
    [targetcomp_id] => 91000
    [sendercomp_id] => 91000
    [access_token] => AA2BF967800449AD968CEE4D203F727A2017021511052934754555
    [trust_way] => 2
    [request_num] => 1
    [reqry_recordsum_flag] => 1
    [qry_beginrownum] => 0
    [trade_acco] => 
    [client_id] => 10298
    [bank_no] => 
)
https://sitapi.hscloud.cn/cwsale/v1/accobank_qry
回参：Array
(
    [data] => {"data":[{"detail_fund_way":"","rowcount":"","fund_interface_type":"","bank_open_id_kind_gb":"","error_code":"1000","trade_acco":"","total_count":"","ta_acco":"","capital_mode":"","success_type":"0","branchbank":"","bank_open_id_no":"","bank_no":"","bank_account":"","error_info":"HS_QUERY-93: 总记录数为0!","remittance_no":"","fund_card":"","bank_account_name":""}]}
    [code] => 200
)
]
[11:41:28][参数：Array
(
    [targetcomp_id] => 91000
    [sendercomp_id] => 91000
    [access_token] => AA2BF967800449AD968CEE4D203F727A2017021511052934754555
    [trust_way] => 2
    [request_num] => 1
    [reqry_recordsum_flag] => 1
    [qry_beginrownum] => 0
    [trade_acco] => 
    [client_id] => 10298
    [bank_no] => 
)
https://sitapi.hscloud.cn/cwsale/v1/accobank_qry
回参：Array
(
    [data] => {"data":[{"detail_fund_way":"","rowcount":"","fund_interface_type":"","bank_open_id_kind_gb":"","error_code":"1000","trade_acco":"","total_count":"","ta_acco":"","capital_mode":"","success_type":"0","branchbank":"","bank_open_id_no":"","bank_no":"","bank_account":"","error_info":"HS_QUERY-93: 总记录数为0!","remittance_no":"","fund_card":"","bank_account_name":""}]}
    [code] => 200
)
]
[11:41:29][参数：Array
(
    [targetcomp_id] => 91000
    [sendercomp_id] => 91000
    [access_token] => AA2BF967800449AD968CEE4D203F727A2017021511052934754555
    [trust_way] => 2
    [request_num] => 1
    [reqry_recordsum_flag] => 1
    [qry_beginrownum] => 0
    [trade_acco] => 
    [client_id] => 10298
    [bank_no] => 
)
https://sitapi.hscloud.cn/cwsale/v1/accobank_qry
回参：Array
(
    [data] => {"data":[{"detail_fund_way":"","rowcount":"","fund_interface_type":"","bank_open_id_kind_gb":"","error_code":"1000","trade_acco":"","total_count":"","ta_acco":"","capital_mode":"","success_type":"0","branchbank":"","bank_open_id_no":"","bank_no":"","bank_account":"","error_info":"HS_QUERY-93: 总记录数为0!","remittance_no":"","fund_card":"","bank_account_name":""}]}
    [code] => 200
)
]
[11:41:29][参数：Array
(
    [targetcomp_id] => 91000
    [sendercomp_id] => 91000
    [access_token] => AA2BF967800449AD968CEE4D203F727A2017021511052934754555
    [request_num] => 1
    [reqry_recordsum_flag] => 1
    [qry_beginrownum] => 0
    [fund_code] => 600570
)
https://sitapi.hscloud.cn/cwsale/v1/newhq_qry
回参：Array
(
    [data] => {"data":[{"ofund_type":"0","per_myriad_income":"0.0000","fund_code":"600570","fund_curr_income":"0.00","rowcount":"1","forbid_modi_autobuy_flag":"0","pre_income_ratio":"0.0000","fund_full_name":"恒生电子股票基金","accept_hq_date":"20170215","share_type":"A","error_code":"","total_count":"1","fund_share":"0.00","fund_name":"恒生电子股票基金","fund_status":"0","ta_no":"B0","success_type":"0","nav_total":"1.7000","nav":"1.7000","prod_term":"0","ofund_risklevel":"0","en_minshare":"0.00","hq_date":"20170214","fund_curr_ratio":"0.0000","error_info":""}]}
    [code] => 200
)
]
[11:41:29][参数：Array
(
    [targetcomp_id] => 91000
    [sendercomp_id] => 91000
    [access_token] => AA2BF967800449AD968CEE4D203F727A2017021511052934754555
    [trust_way] => 2
    [request_num] => 1
    [reqry_recordsum_flag] => 1
    [qry_beginrownum] => 0
    [trade_acco] => 
    [client_id] => 10298
    [bank_no] => 
)
https://sitapi.hscloud.cn/cwsale/v1/accobank_qry
回参：Array
(
    [data] => {"data":[{"detail_fund_way":"","rowcount":"","fund_interface_type":"","bank_open_id_kind_gb":"","error_code":"1000","trade_acco":"","total_count":"","ta_acco":"","capital_mode":"","success_type":"0","branchbank":"","bank_open_id_no":"","bank_no":"","bank_account":"","error_info":"HS_QUERY-93: 总记录数为0!","remittance_no":"","fund_card":"","bank_account_name":""}]}
    [code] => 200
)
]
[11:41:29][参数：Array
(
    [targetcomp_id] => 91000
    [sendercomp_id] => 91000
    [access_token] => AA2BF967800449AD968CEE4D203F727A2017021511052934754555
    [request_num] => 1
    [reqry_recordsum_flag] => 1
    [qry_beginrownum] => 0
    [fund_code] => 600570
)
https://sitapi.hscloud.cn/cwsale/v1/newhq_qry
回参：Array
(
    [data] => {"data":[{"ofund_type":"0","per_myriad_income":"0.0000","fund_code":"600570","fund_curr_income":"0.00","rowcount":"1","forbid_modi_autobuy_flag":"0","pre_income_ratio":"0.0000","fund_full_name":"恒生电子股票基金","accept_hq_date":"20170215","share_type":"A","error_code":"","total_count":"1","fund_share":"0.00","fund_name":"恒生电子股票基金","fund_status":"0","ta_no":"B0","success_type":"0","nav_total":"1.7000","nav":"1.7000","prod_term":"0","ofund_risklevel":"0","en_minshare":"0.00","hq_date":"20170214","fund_curr_ratio":"0.0000","error_info":""}]}
    [code] => 200
)
]
[11:41:29][参数：Array
(
    [targetcomp_id] => 91000
    [sendercomp_id] => 91000
    [access_token] => AA2BF967800449AD968CEE4D203F727A2017021511052934754555
    [money_type] => 0
    [trust_way] => 2
    [capital_mode] => l
    [trade_source] => bjjj
    [detail_fund_way] => 01
    [fund_code] => 600570
    [bank_no] => 
    [bank_account] => 
    [share_type] => A
    [balance] => 10000
    [trade_acco] => 
    [password] => 5b91455166a1f7232278929ae7c8d44a
)
https://sitapi.hscloud.cn/cwsale/v1/allot_trade
回参：Array
(
    [data] => {"data":[{"balance":"0.00","apply_time":"","allot_no":"","apply_date":"","success_type":"3","clear_date":"","error_code":"0108","error_info":"交易账号[]不存在"}]}
    [code] => 200
)
]
[11:41:30][参数：Array
(
    [targetcomp_id] => 91000
    [sendercomp_id] => 91000
    [access_token] => AA2BF967800449AD968CEE4D203F727A2017021511052934754555
    [money_type] => 0
    [trust_way] => 2
    [capital_mode] => l
    [trade_source] => bjjj
    [detail_fund_way] => 01
    [fund_code] => 600570
    [bank_no] => 
    [bank_account] => 
    [share_type] => A
    [balance] => 10000
    [trade_acco] => 
    [password] => 5b91455166a1f7232278929ae7c8d44a
)
https://sitapi.hscloud.cn/cwsale/v1/allot_trade
回参：Array
(
    [data] => {"data":[{"balance":"0.00","apply_time":"","allot_no":"","apply_date":"","success_type":"3","clear_date":"","error_code":"0108","error_info":"交易账号[]不存在"}]}
    [code] => 200
)
]
[13:37:23][参数：Array
(
    [targetcomp_id] => 91000
    [sendercomp_id] => 91000
    [access_token] => AA2BF967800449AD968CEE4D203F727A2017021511052934754555
    [trust_way] => 2
    [request_num] => 1
    [reqry_recordsum_flag] => 1
    [qry_beginrownum] => 0
    [trade_acco] => 
    [client_id] => 10298
    [bank_no] => 
)
https://sitapi.hscloud.cn/cwsale/v1/accobank_qry
回参：Array
(
    [data] => {"data":[{"detail_fund_way":"","rowcount":"","fund_interface_type":"","bank_open_id_kind_gb":"","error_code":"1000","trade_acco":"","total_count":"","ta_acco":"","capital_mode":"","success_type":"0","branchbank":"","bank_open_id_no":"","bank_no":"","bank_account":"","error_info":"HS_QUERY-93: 总记录数为0!","remittance_no":"","fund_card":"","bank_account_name":""}]}
    [code] => 200
)
]
[13:37:23][参数：Array
(
    [targetcomp_id] => 91000
    [sendercomp_id] => 91000
    [access_token] => AA2BF967800449AD968CEE4D203F727A2017021511052934754555
    [trust_way] => 2
    [request_num] => 1
    [reqry_recordsum_flag] => 1
    [qry_beginrownum] => 0
    [trade_acco] => 
    [client_id] => 10298
    [bank_no] => 
)
https://sitapi.hscloud.cn/cwsale/v1/accobank_qry
回参：Array
(
    [data] => {"data":[{"detail_fund_way":"","rowcount":"","fund_interface_type":"","bank_open_id_kind_gb":"","error_code":"1000","trade_acco":"","total_count":"","ta_acco":"","capital_mode":"","success_type":"0","branchbank":"","bank_open_id_no":"","bank_no":"","bank_account":"","error_info":"HS_QUERY-93: 总记录数为0!","remittance_no":"","fund_card":"","bank_account_name":""}]}
    [code] => 200
)
]
[13:37:23][参数：Array
(
    [targetcomp_id] => 91000
    [sendercomp_id] => 91000
    [access_token] => AA2BF967800449AD968CEE4D203F727A2017021511052934754555
    [trust_way] => 2
    [request_num] => 1
    [reqry_recordsum_flag] => 1
    [qry_beginrownum] => 0
    [trade_acco] => 
    [client_id] => 10298
    [bank_no] => 
)
https://sitapi.hscloud.cn/cwsale/v1/accobank_qry
回参：Array
(
    [data] => {"data":[{"detail_fund_way":"","rowcount":"","fund_interface_type":"","bank_open_id_kind_gb":"","error_code":"1000","trade_acco":"","total_count":"","ta_acco":"","capital_mode":"","success_type":"0","branchbank":"","bank_open_id_no":"","bank_no":"","bank_account":"","error_info":"HS_QUERY-93: 总记录数为0!","remittance_no":"","fund_card":"","bank_account_name":""}]}
    [code] => 200
)
]
[13:37:23][参数：Array
(
    [targetcomp_id] => 91000
    [sendercomp_id] => 91000
    [access_token] => AA2BF967800449AD968CEE4D203F727A2017021511052934754555
    [request_num] => 1
    [reqry_recordsum_flag] => 1
    [qry_beginrownum] => 0
    [fund_code] => 600570
)
https://sitapi.hscloud.cn/cwsale/v1/newhq_qry
回参：Array
(
    [data] => {"data":[{"ofund_type":"0","per_myriad_income":"0.0000","fund_code":"600570","fund_curr_income":"0.00","rowcount":"1","forbid_modi_autobuy_flag":"0","pre_income_ratio":"0.0000","fund_full_name":"恒生电子股票基金","accept_hq_date":"20170215","share_type":"A","error_code":"","total_count":"1","fund_share":"0.00","fund_name":"恒生电子股票基金","fund_status":"0","ta_no":"B0","success_type":"0","nav_total":"1.7000","nav":"1.7000","prod_term":"0","ofund_risklevel":"0","en_minshare":"0.00","hq_date":"20170214","fund_curr_ratio":"0.0000","error_info":""}]}
    [code] => 200
)
]
[13:37:23][参数：Array
(
    [targetcomp_id] => 91000
    [sendercomp_id] => 91000
    [access_token] => AA2BF967800449AD968CEE4D203F727A2017021511052934754555
    [trust_way] => 2
    [request_num] => 1
    [reqry_recordsum_flag] => 1
    [qry_beginrownum] => 0
    [trade_acco] => 
    [client_id] => 10298
    [bank_no] => 
)
https://sitapi.hscloud.cn/cwsale/v1/accobank_qry
回参：Array
(
    [data] => {"data":[{"detail_fund_way":"","rowcount":"","fund_interface_type":"","bank_open_id_kind_gb":"","error_code":"1000","trade_acco":"","total_count":"","ta_acco":"","capital_mode":"","success_type":"0","branchbank":"","bank_open_id_no":"","bank_no":"","bank_account":"","error_info":"HS_QUERY-93: 总记录数为0!","remittance_no":"","fund_card":"","bank_account_name":""}]}
    [code] => 200
)
]
[13:37:23][参数：Array
(
    [targetcomp_id] => 91000
    [sendercomp_id] => 91000
    [access_token] => AA2BF967800449AD968CEE4D203F727A2017021511052934754555
    [money_type] => 0
    [trust_way] => 2
    [capital_mode] => l
    [trade_source] => bjjj
    [detail_fund_way] => 01
    [fund_code] => 600570
    [bank_no] => 
    [bank_account] => 
    [share_type] => A
    [balance] => 10000
    [trade_acco] => 
    [password] => 5b91455166a1f7232278929ae7c8d44a
)
https://sitapi.hscloud.cn/cwsale/v1/allot_trade
回参：Array
(
    [data] => {"data":[{"balance":"0.00","apply_time":"","allot_no":"","apply_date":"","success_type":"3","clear_date":"","error_code":"0108","error_info":"交易账号[]不存在"}]}
    [code] => 200
)
]
[13:37:23][参数：Array
(
    [targetcomp_id] => 91000
    [sendercomp_id] => 91000
    [access_token] => AA2BF967800449AD968CEE4D203F727A2017021511052934754555
    [request_num] => 1
    [reqry_recordsum_flag] => 1
    [qry_beginrownum] => 0
    [fund_code] => 600570
)
https://sitapi.hscloud.cn/cwsale/v1/newhq_qry
回参：Array
(
    [data] => {"data":[{"ofund_type":"0","per_myriad_income":"0.0000","fund_code":"600570","fund_curr_income":"0.00","rowcount":"1","forbid_modi_autobuy_flag":"0","pre_income_ratio":"0.0000","fund_full_name":"恒生电子股票基金","accept_hq_date":"20170215","share_type":"A","error_code":"","total_count":"1","fund_share":"0.00","fund_name":"恒生电子股票基金","fund_status":"0","ta_no":"B0","success_type":"0","nav_total":"1.7000","nav":"1.7000","prod_term":"0","ofund_risklevel":"0","en_minshare":"0.00","hq_date":"20170214","fund_curr_ratio":"0.0000","error_info":""}]}
    [code] => 200
)
]
[13:37:23][参数：Array
(
    [targetcomp_id] => 91000
    [sendercomp_id] => 91000
    [access_token] => AA2BF967800449AD968CEE4D203F727A2017021511052934754555
    [money_type] => 0
    [trust_way] => 2
    [capital_mode] => l
    [trade_source] => bjjj
    [detail_fund_way] => 01
    [fund_code] => 600570
    [bank_no] => 
    [bank_account] => 
    [share_type] => A
    [balance] => 10000
    [trade_acco] => 
    [password] => 5b91455166a1f7232278929ae7c8d44a
)
https://sitapi.hscloud.cn/cwsale/v1/allot_trade
回参：Array
(
    [data] => {"data":[{"balance":"0.00","apply_time":"","allot_no":"","apply_date":"","success_type":"3","clear_date":"","error_code":"0108","error_info":"交易账号[]不存在"}]}
    [code] => 200
)
]
[13:47:18][参数：Array
(
    [targetcomp_id] => 91000
    [sendercomp_id] => 91000
    [access_token] => AA2BF967800449AD968CEE4D203F727A2017021511052934754555
    [trust_way] => 2
    [request_num] => 1
    [reqry_recordsum_flag] => 1
    [qry_beginrownum] => 0
    [trade_acco] => 
    [client_id] => 10298
    [bank_no] => 
)
https://sitapi.hscloud.cn/cwsale/v1/accobank_qry
回参：Array
(
    [data] => {"data":[{"detail_fund_way":"","rowcount":"","fund_interface_type":"","bank_open_id_kind_gb":"","error_code":"1000","trade_acco":"","total_count":"","ta_acco":"","capital_mode":"","success_type":"0","branchbank":"","bank_open_id_no":"","bank_no":"","bank_account":"","error_info":"HS_QUERY-93: 总记录数为0!","remittance_no":"","fund_card":"","bank_account_name":""}]}
    [code] => 200
)
]
[13:47:18][参数：Array
(
    [targetcomp_id] => 91000
    [sendercomp_id] => 91000
    [access_token] => AA2BF967800449AD968CEE4D203F727A2017021511052934754555
    [trust_way] => 2
    [request_num] => 1
    [reqry_recordsum_flag] => 1
    [qry_beginrownum] => 0
    [trade_acco] => 
    [client_id] => 10298
    [bank_no] => 
)
https://sitapi.hscloud.cn/cwsale/v1/accobank_qry
回参：Array
(
    [data] => {"data":[{"detail_fund_way":"","rowcount":"","fund_interface_type":"","bank_open_id_kind_gb":"","error_code":"1000","trade_acco":"","total_count":"","ta_acco":"","capital_mode":"","success_type":"0","branchbank":"","bank_open_id_no":"","bank_no":"","bank_account":"","error_info":"HS_QUERY-93: 总记录数为0!","remittance_no":"","fund_card":"","bank_account_name":""}]}
    [code] => 200
)
]
[13:47:18][参数：Array
(
    [targetcomp_id] => 91000
    [sendercomp_id] => 91000
    [access_token] => AA2BF967800449AD968CEE4D203F727A2017021511052934754555
    [request_num] => 1
    [reqry_recordsum_flag] => 1
    [qry_beginrownum] => 0
    [fund_code] => 600570
)
https://sitapi.hscloud.cn/cwsale/v1/newhq_qry
回参：Array
(
    [data] => {"data":[{"ofund_type":"0","per_myriad_income":"0.0000","fund_code":"600570","fund_curr_income":"0.00","rowcount":"1","forbid_modi_autobuy_flag":"0","pre_income_ratio":"0.0000","fund_full_name":"恒生电子股票基金","accept_hq_date":"20170215","share_type":"A","error_code":"","total_count":"1","fund_share":"0.00","fund_name":"恒生电子股票基金","fund_status":"0","ta_no":"B0","success_type":"0","nav_total":"1.7000","nav":"1.7000","prod_term":"0","ofund_risklevel":"0","en_minshare":"0.00","hq_date":"20170214","fund_curr_ratio":"0.0000","error_info":""}]}
    [code] => 200
)
]
[13:47:18][参数：Array
(
    [targetcomp_id] => 91000
    [sendercomp_id] => 91000
    [access_token] => AA2BF967800449AD968CEE4D203F727A2017021511052934754555
    [money_type] => 0
    [trust_way] => 2
    [capital_mode] => l
    [trade_source] => bjjj
    [detail_fund_way] => 01
    [fund_code] => 600570
    [bank_no] => 
    [bank_account] => 
    [share_type] => A
    [balance] => 10000
    [trade_acco] => 
    [password] => 5b91455166a1f7232278929ae7c8d44a
)
https://sitapi.hscloud.cn/cwsale/v1/allot_trade
回参：Array
(
    [data] => {"data":[{"balance":"0.00","apply_time":"","allot_no":"","apply_date":"","success_type":"3","clear_date":"","error_code":"0108","error_info":"交易账号[]不存在"}]}
    [code] => 200
)
]
[13:47:23][参数：Array
(
    [targetcomp_id] => 91000
    [sendercomp_id] => 91000
    [access_token] => AA2BF967800449AD968CEE4D203F727A2017021511052934754555
    [trust_way] => 2
    [request_num] => 1
    [reqry_recordsum_flag] => 1
    [qry_beginrownum] => 0
    [trade_acco] => 
    [client_id] => 10298
    [bank_no] => 
)
https://sitapi.hscloud.cn/cwsale/v1/accobank_qry
回参：Array
(
    [data] => 
    [code] => 0
)
]
[13:58:53][参数：Array
(
    [targetcomp_id] => 91000
    [sendercomp_id] => 91000
    [access_token] => AA2BF967800449AD968CEE4D203F727A2017021511052934754555
    [trust_way] => 2
    [request_num] => 1
    [reqry_recordsum_flag] => 1
    [qry_beginrownum] => 0
    [trade_acco] => 
    [client_id] => 10108
    [bank_no] => 005
)
https://sitapi.hscloud.cn/cwsale/v1/accobank_qry
回参：Array
(
    [data] => {"data":[{"detail_fund_way":"01","rowcount":"1","fund_interface_type":"1","bank_open_id_kind_gb":"0","error_code":"","trade_acco":"1195","total_count":"1","ta_acco":"B01000009851","capital_mode":"l","success_type":"0","branchbank":"105100014030","bank_open_id_no":"420111199508286623","bank_no":"005","bank_account":"6217000340000565980","error_info":"","remittance_no":"","fund_card":"","bank_account_name":"严萌"}]}
    [code] => 200
)
]
[13:58:53][参数：Array
(
    [targetcomp_id] => 91000
    [sendercomp_id] => 91000
    [access_token] => AA2BF967800449AD968CEE4D203F727A2017021511052934754555
    [trust_way] => 2
    [request_num] => 1
    [reqry_recordsum_flag] => 1
    [qry_beginrownum] => 0
    [trade_acco] => 
    [client_id] => 10108
    [bank_no] => 005
)
https://sitapi.hscloud.cn/cwsale/v1/accobank_qry
回参：Array
(
    [data] => {"data":[{"detail_fund_way":"01","rowcount":"1","fund_interface_type":"1","bank_open_id_kind_gb":"0","error_code":"","trade_acco":"1195","total_count":"1","ta_acco":"B01000009851","capital_mode":"l","success_type":"0","branchbank":"105100014030","bank_open_id_no":"420111199508286623","bank_no":"005","bank_account":"6217000340000565980","error_info":"","remittance_no":"","fund_card":"","bank_account_name":"严萌"}]}
    [code] => 200
)
]
[13:58:53][参数：Array
(
    [targetcomp_id] => 91000
    [sendercomp_id] => 91000
    [access_token] => AA2BF967800449AD968CEE4D203F727A2017021511052934754555
    [request_num] => 1
    [reqry_recordsum_flag] => 1
    [qry_beginrownum] => 0
    [fund_code] => 600570
)
https://sitapi.hscloud.cn/cwsale/v1/newhq_qry
回参：Array
(
    [data] => {"data":[{"ofund_type":"0","per_myriad_income":"0.0000","fund_code":"600570","fund_curr_income":"0.00","rowcount":"1","forbid_modi_autobuy_flag":"0","pre_income_ratio":"0.0000","fund_full_name":"恒生电子股票基金","accept_hq_date":"20170215","share_type":"A","error_code":"","total_count":"1","fund_share":"0.00","fund_name":"恒生电子股票基金","fund_status":"0","ta_no":"B0","success_type":"0","nav_total":"1.7000","nav":"1.7000","prod_term":"0","ofund_risklevel":"0","en_minshare":"0.00","hq_date":"20170214","fund_curr_ratio":"0.0000","error_info":""}]}
    [code] => 200
)
]
[13:58:53][参数：Array
(
    [targetcomp_id] => 91000
    [sendercomp_id] => 91000
    [access_token] => AA2BF967800449AD968CEE4D203F727A2017021511052934754555
    [money_type] => 0
    [trust_way] => 2
    [capital_mode] => l
    [trade_source] => bjjj
    [detail_fund_way] => 01
    [fund_code] => 600570
    [bank_no] => 005
    [bank_account] => 6217000340000565980
    [share_type] => A
    [balance] => 1000
    [trade_acco] => 1195
    [password] => e820143041a4921b0ba1fb73f90c36a5
)
https://sitapi.hscloud.cn/cwsale/v1/allot_trade
回参：Array
(
    [data] => {"data":[{"balance":"1000.00","apply_time":"135853","allot_no":"20170215000310","apply_date":"20170215","success_type":"0","clear_date":"","error_code":"","error_info":""}]}
    [code] => 200
)
]
[14:02:28][参数：Array
(
    [targetcomp_id] => 91000
    [sendercomp_id] => 91000
    [access_token] => AA2BF967800449AD968CEE4D203F727A2017021511052934754555
    [trust_way] => 2
    [request_num] => 1
    [reqry_recordsum_flag] => 1
    [qry_beginrownum] => 0
    [trade_acco] => 
    [client_id] => 10298
    [bank_no] => 
)
https://sitapi.hscloud.cn/cwsale/v1/accobank_qry
回参：Array
(
    [data] => {"data":[{"detail_fund_way":"","rowcount":"","fund_interface_type":"","bank_open_id_kind_gb":"","error_code":"1000","trade_acco":"","total_count":"","ta_acco":"","capital_mode":"","success_type":"0","branchbank":"","bank_open_id_no":"","bank_no":"","bank_account":"","error_info":"HS_QUERY-93: 总记录数为0!","remittance_no":"","fund_card":"","bank_account_name":""}]}
    [code] => 200
)
]
[14:02:28][参数：Array
(
    [targetcomp_id] => 91000
    [sendercomp_id] => 91000
    [access_token] => AA2BF967800449AD968CEE4D203F727A2017021511052934754555
    [trust_way] => 2
    [request_num] => 1
    [reqry_recordsum_flag] => 1
    [qry_beginrownum] => 0
    [trade_acco] => 
    [client_id] => 10298
    [bank_no] => 
)
https://sitapi.hscloud.cn/cwsale/v1/accobank_qry
回参：Array
(
    [data] => {"data":[{"detail_fund_way":"","rowcount":"","fund_interface_type":"","bank_open_id_kind_gb":"","error_code":"1000","trade_acco":"","total_count":"","ta_acco":"","capital_mode":"","success_type":"0","branchbank":"","bank_open_id_no":"","bank_no":"","bank_account":"","error_info":"HS_QUERY-93: 总记录数为0!","remittance_no":"","fund_card":"","bank_account_name":""}]}
    [code] => 200
)
]
[14:02:28][参数：Array
(
    [targetcomp_id] => 91000
    [sendercomp_id] => 91000
    [access_token] => AA2BF967800449AD968CEE4D203F727A2017021511052934754555
    [trust_way] => 2
    [request_num] => 1
    [reqry_recordsum_flag] => 1
    [qry_beginrownum] => 0
    [trade_acco] => 
    [client_id] => 10298
    [bank_no] => 
)
https://sitapi.hscloud.cn/cwsale/v1/accobank_qry
回参：Array
(
    [data] => {"data":[{"detail_fund_way":"","rowcount":"","fund_interface_type":"","bank_open_id_kind_gb":"","error_code":"1000","trade_acco":"","total_count":"","ta_acco":"","capital_mode":"","success_type":"0","branchbank":"","bank_open_id_no":"","bank_no":"","bank_account":"","error_info":"HS_QUERY-93: 总记录数为0!","remittance_no":"","fund_card":"","bank_account_name":""}]}
    [code] => 200
)
]
[14:02:28][参数：Array
(
    [targetcomp_id] => 91000
    [sendercomp_id] => 91000
    [access_token] => AA2BF967800449AD968CEE4D203F727A2017021511052934754555
    [request_num] => 1
    [reqry_recordsum_flag] => 1
    [qry_beginrownum] => 0
    [fund_code] => 600570
)
https://sitapi.hscloud.cn/cwsale/v1/newhq_qry
回参：Array
(
    [data] => {"data":[{"ofund_type":"0","per_myriad_income":"0.0000","fund_code":"600570","fund_curr_income":"0.00","rowcount":"1","forbid_modi_autobuy_flag":"0","pre_income_ratio":"0.0000","fund_full_name":"恒生电子股票基金","accept_hq_date":"20170215","share_type":"A","error_code":"","total_count":"1","fund_share":"0.00","fund_name":"恒生电子股票基金","fund_status":"0","ta_no":"B0","success_type":"0","nav_total":"1.7000","nav":"1.7000","prod_term":"0","ofund_risklevel":"0","en_minshare":"0.00","hq_date":"20170214","fund_curr_ratio":"0.0000","error_info":""}]}
    [code] => 200
)
]
[14:02:28][参数：Array
(
    [targetcomp_id] => 91000
    [sendercomp_id] => 91000
    [access_token] => AA2BF967800449AD968CEE4D203F727A2017021511052934754555
    [trust_way] => 2
    [request_num] => 1
    [reqry_recordsum_flag] => 1
    [qry_beginrownum] => 0
    [trade_acco] => 
    [client_id] => 10298
    [bank_no] => 
)
https://sitapi.hscloud.cn/cwsale/v1/accobank_qry
回参：Array
(
    [data] => {"data":[{"detail_fund_way":"","rowcount":"","fund_interface_type":"","bank_open_id_kind_gb":"","error_code":"1000","trade_acco":"","total_count":"","ta_acco":"","capital_mode":"","success_type":"0","branchbank":"","bank_open_id_no":"","bank_no":"","bank_account":"","error_info":"HS_QUERY-93: 总记录数为0!","remittance_no":"","fund_card":"","bank_account_name":""}]}
    [code] => 200
)
]
[14:02:28][参数：Array
(
    [targetcomp_id] => 91000
    [sendercomp_id] => 91000
    [access_token] => AA2BF967800449AD968CEE4D203F727A2017021511052934754555
    [money_type] => 0
    [trust_way] => 2
    [capital_mode] => l
    [trade_source] => bjjj
    [detail_fund_way] => 01
    [fund_code] => 600570
    [bank_no] => 
    [bank_account] => 
    [share_type] => A
    [balance] => 10000
    [trade_acco] => 
    [password] => 5b91455166a1f7232278929ae7c8d44a
)
https://sitapi.hscloud.cn/cwsale/v1/allot_trade
回参：Array
(
    [data] => {"data":[{"balance":"0.00","apply_time":"","allot_no":"","apply_date":"","success_type":"3","clear_date":"","error_code":"0108","error_info":"交易账号[]不存在"}]}
    [code] => 200
)
]
[14:02:28][参数：Array
(
    [targetcomp_id] => 91000
    [sendercomp_id] => 91000
    [access_token] => AA2BF967800449AD968CEE4D203F727A2017021511052934754555
    [request_num] => 1
    [reqry_recordsum_flag] => 1
    [qry_beginrownum] => 0
    [fund_code] => 600570
)
https://sitapi.hscloud.cn/cwsale/v1/newhq_qry
回参：Array
(
    [data] => {"data":[{"ofund_type":"0","per_myriad_income":"0.0000","fund_code":"600570","fund_curr_income":"0.00","rowcount":"1","forbid_modi_autobuy_flag":"0","pre_income_ratio":"0.0000","fund_full_name":"恒生电子股票基金","accept_hq_date":"20170215","share_type":"A","error_code":"","total_count":"1","fund_share":"0.00","fund_name":"恒生电子股票基金","fund_status":"0","ta_no":"B0","success_type":"0","nav_total":"1.7000","nav":"1.7000","prod_term":"0","ofund_risklevel":"0","en_minshare":"0.00","hq_date":"20170214","fund_curr_ratio":"0.0000","error_info":""}]}
    [code] => 200
)
]
[14:02:29][参数：Array
(
    [targetcomp_id] => 91000
    [sendercomp_id] => 91000
    [access_token] => AA2BF967800449AD968CEE4D203F727A2017021511052934754555
    [money_type] => 0
    [trust_way] => 2
    [capital_mode] => l
    [trade_source] => bjjj
    [detail_fund_way] => 01
    [fund_code] => 600570
    [bank_no] => 
    [bank_account] => 
    [share_type] => A
    [balance] => 10000
    [trade_acco] => 
    [password] => 5b91455166a1f7232278929ae7c8d44a
)
https://sitapi.hscloud.cn/cwsale/v1/allot_trade
回参：Array
(
    [data] => {"data":[{"balance":"0.00","apply_time":"","allot_no":"","apply_date":"","success_type":"3","clear_date":"","error_code":"0108","error_info":"交易账号[]不存在"}]}
    [code] => 200
)
]
[14:19:34][参数：Array
(
    [targetcomp_id] => 91000
    [sendercomp_id] => 91000
    [access_token] => AA2BF967800449AD968CEE4D203F727A2017021511052934754555
    [trust_way] => 2
    [request_num] => 1
    [reqry_recordsum_flag] => 1
    [qry_beginrownum] => 0
    [trade_acco] => 
    [client_id] => 10308
    [bank_no] => 005
)
https://sitapi.hscloud.cn/cwsale/v1/accobank_qry
回参：Array
(
    [data] => 
    [code] => 0
)
]
[14:20:18][参数：Array
(
    [targetcomp_id] => 91000
    [sendercomp_id] => 91000
    [access_token] => AA2BF967800449AD968CEE4D203F727A2017021511052934754555
    [trust_way] => 2
    [request_num] => 1
    [reqry_recordsum_flag] => 1
    [qry_beginrownum] => 0
    [trade_acco] => 
    [client_id] => 10308
    [bank_no] => 005
)
https://sitapi.hscloud.cn/cwsale/v1/accobank_qry
回参：Array
(
    [data] => {"data":[{"detail_fund_way":"01","rowcount":"1","fund_interface_type":"1","bank_open_id_kind_gb":"0","error_code":"","trade_acco":"1193","total_count":"1","ta_acco":"B01000010033","capital_mode":"l","success_type":"0","branchbank":"105110039233","bank_open_id_no":"422201100000000427","bank_no":"005","bank_account":"6217000340000565980","error_info":"","remittance_no":"","fund_card":"","bank_account_name":"原方"}]}
    [code] => 200
)
]
[14:20:18][参数：Array
(
    [targetcomp_id] => 91000
    [sendercomp_id] => 91000
    [access_token] => AA2BF967800449AD968CEE4D203F727A2017021511052934754555
    [trust_way] => 2
    [request_num] => 1
    [reqry_recordsum_flag] => 1
    [qry_beginrownum] => 0
    [trade_acco] => 
    [client_id] => 10308
    [bank_no] => 005
)
https://sitapi.hscloud.cn/cwsale/v1/accobank_qry
回参：Array
(
    [data] => {"data":[{"detail_fund_way":"01","rowcount":"1","fund_interface_type":"1","bank_open_id_kind_gb":"0","error_code":"","trade_acco":"1193","total_count":"1","ta_acco":"B01000010033","capital_mode":"l","success_type":"0","branchbank":"105110039233","bank_open_id_no":"422201100000000427","bank_no":"005","bank_account":"6217000340000565980","error_info":"","remittance_no":"","fund_card":"","bank_account_name":"原方"}]}
    [code] => 200
)
]
[14:20:18][参数：Array
(
    [targetcomp_id] => 91000
    [sendercomp_id] => 91000
    [access_token] => AA2BF967800449AD968CEE4D203F727A2017021511052934754555
    [request_num] => 1
    [reqry_recordsum_flag] => 1
    [qry_beginrownum] => 0
    [fund_code] => 600570
)
https://sitapi.hscloud.cn/cwsale/v1/newhq_qry
回参：Array
(
    [data] => {"data":[{"ofund_type":"0","per_myriad_income":"0.0000","fund_code":"600570","fund_curr_income":"0.00","rowcount":"1","forbid_modi_autobuy_flag":"0","pre_income_ratio":"0.0000","fund_full_name":"恒生电子股票基金","accept_hq_date":"20170215","share_type":"A","error_code":"","total_count":"1","fund_share":"0.00","fund_name":"恒生电子股票基金","fund_status":"0","ta_no":"B0","success_type":"0","nav_total":"1.7000","nav":"1.7000","prod_term":"0","ofund_risklevel":"0","en_minshare":"0.00","hq_date":"20170214","fund_curr_ratio":"0.0000","error_info":""}]}
    [code] => 200
)
]
[14:20:19][参数：Array
(
    [targetcomp_id] => 91000
    [sendercomp_id] => 91000
    [access_token] => AA2BF967800449AD968CEE4D203F727A2017021511052934754555
    [money_type] => 0
    [trust_way] => 2
    [capital_mode] => l
    [trade_source] => bjjj
    [detail_fund_way] => 01
    [fund_code] => 600570
    [bank_no] => 005
    [bank_account] => 6217000340000565980
    [share_type] => A
    [balance] => 3000
    [trade_acco] => 1193
    [password] => 7c5ec8641af12d25b10d4e9d67631cf4
)
https://sitapi.hscloud.cn/cwsale/v1/allot_trade
回参：Array
(
    [data] => {"data":[{"balance":"3000.00","apply_time":"142019","allot_no":"20170215000318","apply_date":"20170215","success_type":"0","clear_date":"","error_code":"","error_info":""}]}
    [code] => 200
)
]
[14:20:43][参数：Array
(
    [targetcomp_id] => 91000
    [sendercomp_id] => 91000
    [access_token] => AA2BF967800449AD968CEE4D203F727A2017021511052934754555
    [trust_way] => 2
    [request_num] => 1
    [reqry_recordsum_flag] => 1
    [qry_beginrownum] => 0
    [trade_acco] => 
    [client_id] => 10308
    [bank_no] => 005
)
https://sitapi.hscloud.cn/cwsale/v1/accobank_qry
回参：Array
(
    [data] => {"data":[{"detail_fund_way":"01","rowcount":"1","fund_interface_type":"1","bank_open_id_kind_gb":"0","error_code":"","trade_acco":"1193","total_count":"1","ta_acco":"B01000010033","capital_mode":"l","success_type":"0","branchbank":"105110039233","bank_open_id_no":"422201100000000427","bank_no":"005","bank_account":"6217000340000565980","error_info":"","remittance_no":"","fund_card":"","bank_account_name":"原方"}]}
    [code] => 200
)
]
[14:20:44][参数：Array
(
    [targetcomp_id] => 91000
    [sendercomp_id] => 91000
    [access_token] => AA2BF967800449AD968CEE4D203F727A2017021511052934754555
    [trust_way] => 2
    [request_num] => 1
    [reqry_recordsum_flag] => 1
    [qry_beginrownum] => 0
    [trade_acco] => 
    [client_id] => 10308
    [bank_no] => 005
)
https://sitapi.hscloud.cn/cwsale/v1/accobank_qry
回参：Array
(
    [data] => {"data":[{"detail_fund_way":"01","rowcount":"1","fund_interface_type":"1","bank_open_id_kind_gb":"0","error_code":"","trade_acco":"1193","total_count":"1","ta_acco":"B01000010033","capital_mode":"l","success_type":"0","branchbank":"105110039233","bank_open_id_no":"422201100000000427","bank_no":"005","bank_account":"6217000340000565980","error_info":"","remittance_no":"","fund_card":"","bank_account_name":"原方"}]}
    [code] => 200
)
]
[14:20:44][参数：Array
(
    [targetcomp_id] => 91000
    [sendercomp_id] => 91000
    [access_token] => AA2BF967800449AD968CEE4D203F727A2017021511052934754555
    [request_num] => 1
    [reqry_recordsum_flag] => 1
    [qry_beginrownum] => 0
    [fund_code] => 600570
)
https://sitapi.hscloud.cn/cwsale/v1/newhq_qry
回参：Array
(
    [data] => {"data":[{"ofund_type":"0","per_myriad_income":"0.0000","fund_code":"600570","fund_curr_income":"0.00","rowcount":"1","forbid_modi_autobuy_flag":"0","pre_income_ratio":"0.0000","fund_full_name":"恒生电子股票基金","accept_hq_date":"20170215","share_type":"A","error_code":"","total_count":"1","fund_share":"0.00","fund_name":"恒生电子股票基金","fund_status":"0","ta_no":"B0","success_type":"0","nav_total":"1.7000","nav":"1.7000","prod_term":"0","ofund_risklevel":"0","en_minshare":"0.00","hq_date":"20170214","fund_curr_ratio":"0.0000","error_info":""}]}
    [code] => 200
)
]
[14:20:47][参数：Array
(
    [targetcomp_id] => 91000
    [sendercomp_id] => 91000
    [access_token] => AA2BF967800449AD968CEE4D203F727A2017021511052934754555
    [money_type] => 0
    [trust_way] => 2
    [capital_mode] => l
    [trade_source] => bjjj
    [detail_fund_way] => 01
    [fund_code] => 600570
    [bank_no] => 005
    [bank_account] => 6217000340000565980
    [share_type] => A
    [balance] => 4000
    [trade_acco] => 1193
    [password] => 7c5ec8641af12d25b10d4e9d67631cf4
)
https://sitapi.hscloud.cn/cwsale/v1/allot_trade
回参：Array
(
    [data] => {"data":[{"balance":"4000.00","apply_time":"142047","allot_no":"20170215000320","apply_date":"20170215","success_type":"0","clear_date":"","error_code":"","error_info":""}]}
    [code] => 200
)
]
[14:21:56][参数：Array
(
    [targetcomp_id] => 91000
    [sendercomp_id] => 91000
    [access_token] => AA2BF967800449AD968CEE4D203F727A2017021511052934754555
    [trust_way] => 2
    [request_num] => 1
    [reqry_recordsum_flag] => 1
    [qry_beginrownum] => 0
    [trade_acco] => 
    [client_id] => 10308
    [bank_no] => 005
)
https://sitapi.hscloud.cn/cwsale/v1/accobank_qry
回参：Array
(
    [data] => 
    [code] => 0
)
]
[14:22:01][参数：Array
(
    [targetcomp_id] => 91000
    [sendercomp_id] => 91000
    [access_token] => AA2BF967800449AD968CEE4D203F727A2017021511052934754555
    [trust_way] => 2
    [request_num] => 1
    [reqry_recordsum_flag] => 1
    [qry_beginrownum] => 0
    [trade_acco] => 
    [client_id] => 10308
    [bank_no] => 005
)
https://sitapi.hscloud.cn/cwsale/v1/accobank_qry
回参：Array
(
    [data] => {"data":[{"detail_fund_way":"01","rowcount":"1","fund_interface_type":"1","bank_open_id_kind_gb":"0","error_code":"","trade_acco":"1193","total_count":"1","ta_acco":"B01000010033","capital_mode":"l","success_type":"0","branchbank":"105110039233","bank_open_id_no":"422201100000000427","bank_no":"005","bank_account":"6217000340000565980","error_info":"","remittance_no":"","fund_card":"","bank_account_name":"原方"}]}
    [code] => 200
)
]
[14:22:01][参数：Array
(
    [targetcomp_id] => 91000
    [sendercomp_id] => 91000
    [access_token] => AA2BF967800449AD968CEE4D203F727A2017021511052934754555
    [trust_way] => 2
    [request_num] => 1
    [reqry_recordsum_flag] => 1
    [qry_beginrownum] => 0
    [trade_acco] => 
    [client_id] => 10308
    [bank_no] => 005
)
https://sitapi.hscloud.cn/cwsale/v1/accobank_qry
回参：Array
(
    [data] => {"data":[{"detail_fund_way":"01","rowcount":"1","fund_interface_type":"1","bank_open_id_kind_gb":"0","error_code":"","trade_acco":"1193","total_count":"1","ta_acco":"B01000010033","capital_mode":"l","success_type":"0","branchbank":"105110039233","bank_open_id_no":"422201100000000427","bank_no":"005","bank_account":"6217000340000565980","error_info":"","remittance_no":"","fund_card":"","bank_account_name":"原方"}]}
    [code] => 200
)
]
[14:22:02][参数：Array
(
    [targetcomp_id] => 91000
    [sendercomp_id] => 91000
    [access_token] => AA2BF967800449AD968CEE4D203F727A2017021511052934754555
    [request_num] => 1
    [reqry_recordsum_flag] => 1
    [qry_beginrownum] => 0
    [fund_code] => 600570
)
https://sitapi.hscloud.cn/cwsale/v1/newhq_qry
回参：Array
(
    [data] => {"data":[{"ofund_type":"0","per_myriad_income":"0.0000","fund_code":"600570","fund_curr_income":"0.00","rowcount":"1","forbid_modi_autobuy_flag":"0","pre_income_ratio":"0.0000","fund_full_name":"恒生电子股票基金","accept_hq_date":"20170215","share_type":"A","error_code":"","total_count":"1","fund_share":"0.00","fund_name":"恒生电子股票基金","fund_status":"0","ta_no":"B0","success_type":"0","nav_total":"1.7000","nav":"1.7000","prod_term":"0","ofund_risklevel":"0","en_minshare":"0.00","hq_date":"20170214","fund_curr_ratio":"0.0000","error_info":""}]}
    [code] => 200
)
]
[14:22:03][参数：Array
(
    [targetcomp_id] => 91000
    [sendercomp_id] => 91000
    [access_token] => AA2BF967800449AD968CEE4D203F727A2017021511052934754555
    [money_type] => 0
    [trust_way] => 2
    [capital_mode] => l
    [trade_source] => bjjj
    [detail_fund_way] => 01
    [fund_code] => 600570
    [bank_no] => 005
    [bank_account] => 6217000340000565980
    [share_type] => A
    [balance] => 1000
    [trade_acco] => 1193
    [password] => 7c5ec8641af12d25b10d4e9d67631cf4
)
https://sitapi.hscloud.cn/cwsale/v1/allot_trade
回参：Array
(
    [data] => {"data":[{"balance":"1000.00","apply_time":"142203","allot_no":"20170215000322","apply_date":"20170215","success_type":"0","clear_date":"","error_code":"","error_info":""}]}
    [code] => 200
)
]
