[14:13:11][|-Param-|Array
(
    [UserID] => 226
    [trust_way] => 2
    [cust_type] => 1
    [full_name] => 成龙
    [id_kind_gb] => 0
    [id_no] => 420103198901170410
    [elig_content] => 1:4|2:4|3:4|4:3|5:4|6:1|7:3|8:4|9:3|
)
]
[14:13:25][|-Param-|Array
(
    [UserID] => 225
    [trust_way] => 2
    [cust_type] => 1
    [full_name] => 石自强
    [id_kind_gb] => 0
    [id_no] => 420625199305046835
    [elig_content] => 1:4|2:4|3:4|4:3|5:4|6:1|7:3|8:4|9:3|
)
]
[15:20:06][|-Param-|Array
(
    [UserID] => 166
    [trust_way] => 2
    [cust_type] => 1
    [full_name] => 邱小兰
    [id_kind_gb] => 0
    [id_no] => 350426198803037088
    [elig_content] => 1:2|2:5|3:1|4:1|5:2|6:1|7:1|8:5|9:1|
)
]
[15:20:52][|-Param-|Array
(
    [UserID] => 166
    [trust_way] => 2
    [cust_type] => 1
    [full_name] => 邱小兰
    [id_kind_gb] => 0
    [id_no] => 350426198803037088
    [elig_content] => 1:2|2:5|3:1|4:1|5:2|6:1|7:1|8:1|9:2|
)
]
[16:11:42][|-Param-|Array
(
    [UserID] => 166
    [trust_way] => 2
    [cust_type] => 1
    [full_name] => 邱小兰
    [id_kind_gb] => 0
    [id_no] => 350426198803037088
    [elig_content] => 1:1|2:1|3:5|4:5|5:3|6:5|7:5|8:1|9:4|
)
]
[16:59:54][|-Param-|Array
(
    [UserID] => 225
    [trust_way] => 2
    [cust_type] => 1
    [full_name] => 石自强
    [id_kind_gb] => 0
    [id_no] => 420625199305046835
    [elig_content] => 1:1|2:5|3:2|4:1|5:4|6:1|7:1|8:1|9:4|
)
]
