[09:23:10][参数：Array
(
    [targetcomp_id] => 91000
    [sendercomp_id] => 91000
    [trust_way] => 2
    [access_token] => 70E9C8095E904B3296F571620051A3862017021608270515315614
    [request_num] => 50
    [reqry_recordsum_flag] => 1
    [qry_beginrownum] => 0
    [client_id] => 10278
)
https://sitapi.hscloud.cn/cwsale/v1/share_qry
回参：Array
(
    [data] => {"data":[{"excetrans_out_total_quota":"0.00","share_type":"A","c_flag":"1","trade_acco":"1188","today_transin_total_quota":"0.00","current_share":"4705.88","ta_acco":"B01000010011","capital_mode":"l","today_apply_total_quota":"0.00","business_frozen_amount":"0.00","lock_share":"0.00","available_due_share":"4705.88","bank_account":"6228480712413995614","fund_code":"600570","rowcount":"1","auto_buy":"0","today_exceed_total_quota":"0.00","today_transout_total_quota":"0.00","unpaid_income":"0.00","error_code":"","quick_exceed_enable_share":"4705.88","accum_income":"0.00","cost":"10000.00","frozen_share":"0.00","total_count":"1","worth_value":"8000.00","today_income":"0.00","nav_date":"20170214","success_type":"0","enable_shares":"4705.88","bank_no":"003","error_info":"","excetrans_in_total_quota":"0.00"}]}
    [code] => 200
)
]
[09:23:10][参数：Array
(
    [targetcomp_id] => 91000
    [sendercomp_id] => 91000
    [access_token] => 70E9C8095E904B3296F571620051A3862017021608270515315614
    [request_num] => 1
    [reqry_recordsum_flag] => 1
    [qry_beginrownum] => 0
    [fund_code] => 600570
)
https://sitapi.hscloud.cn/cwsale/v1/newhq_qry
回参：Array
(
    [data] => {"data":[{"ofund_type":"0","per_myriad_income":"0.0000","fund_code":"600570","fund_curr_income":"0.00","rowcount":"1","forbid_modi_autobuy_flag":"0","pre_income_ratio":"0.0000","fund_full_name":"恒生电子股票基金","accept_hq_date":"20170215","share_type":"A","error_code":"","total_count":"1","fund_share":"0.00","fund_name":"恒生电子股票基金","fund_status":"0","ta_no":"B0","success_type":"0","nav_total":"1.7000","nav":"1.7000","prod_term":"0","ofund_risklevel":"0","en_minshare":"0.00","hq_date":"20170214","fund_curr_ratio":"0.0000","error_info":""}]}
    [code] => 200
)
]
[09:27:02][参数：Array
(
    [targetcomp_id] => 91000
    [sendercomp_id] => 91000
    [trust_way] => 2
    [access_token] => 70E9C8095E904B3296F571620051A3862017021608270515315614
    [request_num] => 50
    [reqry_recordsum_flag] => 1
    [qry_beginrownum] => 0
    [client_id] => 10108
)
https://sitapi.hscloud.cn/cwsale/v1/share_qry
回参：Array
(
    [data] => {"data":[{"excetrans_out_total_quota":"0.00","share_type":"A","c_flag":"1","trade_acco":"1164","today_transin_total_quota":"0.00","current_share":"57882.35","ta_acco":"B01000009851","capital_mode":"l","today_apply_total_quota":"0.00","business_frozen_amount":"600.00","lock_share":"0.00","available_due_share":"57282.35","bank_account":"6217857600002597495","fund_code":"600570","rowcount":"2","auto_buy":"0","today_exceed_total_quota":"0.00","today_transout_total_quota":"0.00","unpaid_income":"0.00","error_code":"","quick_exceed_enable_share":"57282.35","accum_income":"0.00","cost":"123000.00","frozen_share":"0.00","total_count":"2","worth_value":"98400.00","today_income":"0.00","nav_date":"20170214","success_type":"0","enable_shares":"57282.35","bank_no":"004","error_info":"","excetrans_in_total_quota":"0.00"},{"excetrans_out_total_quota":"0.00","share_type":"A","c_flag":"1","trade_acco":"1195","today_transin_total_quota":"0.00","current_share":"9411.76","ta_acco":"B01000009851","capital_mode":"l","today_apply_total_quota":"0.00","business_frozen_amount":"282.00","lock_share":"0.00","available_due_share":"9129.76","bank_account":"6217000340000565980","fund_code":"600570","rowcount":"2","auto_buy":"0","today_exceed_total_quota":"0.00","today_transout_total_quota":"0.00","unpaid_income":"0.00","error_code":"","quick_exceed_enable_share":"9129.76","accum_income":"0.00","cost":"20000.00","frozen_share":"0.00","total_count":"2","worth_value":"15999.99","today_income":"0.00","nav_date":"20170214","success_type":"0","enable_shares":"9129.76","bank_no":"005","error_info":"","excetrans_in_total_quota":"0.00"}]}
    [code] => 200
)
]
[09:27:02][参数：Array
(
    [targetcomp_id] => 91000
    [sendercomp_id] => 91000
    [access_token] => 70E9C8095E904B3296F571620051A3862017021608270515315614
    [request_num] => 1
    [reqry_recordsum_flag] => 1
    [qry_beginrownum] => 0
    [fund_code] => 600570
)
https://sitapi.hscloud.cn/cwsale/v1/newhq_qry
回参：Array
(
    [data] => {"data":[{"ofund_type":"0","per_myriad_income":"0.0000","fund_code":"600570","fund_curr_income":"0.00","rowcount":"1","forbid_modi_autobuy_flag":"0","pre_income_ratio":"0.0000","fund_full_name":"恒生电子股票基金","accept_hq_date":"20170215","share_type":"A","error_code":"","total_count":"1","fund_share":"0.00","fund_name":"恒生电子股票基金","fund_status":"0","ta_no":"B0","success_type":"0","nav_total":"1.7000","nav":"1.7000","prod_term":"0","ofund_risklevel":"0","en_minshare":"0.00","hq_date":"20170214","fund_curr_ratio":"0.0000","error_info":""}]}
    [code] => 200
)
]
[09:27:02][参数：Array
(
    [targetcomp_id] => 91000
    [sendercomp_id] => 91000
    [access_token] => 70E9C8095E904B3296F571620051A3862017021608270515315614
    [request_num] => 1
    [reqry_recordsum_flag] => 1
    [qry_beginrownum] => 0
    [fund_code] => 600570
)
https://sitapi.hscloud.cn/cwsale/v1/newhq_qry
回参：Array
(
    [data] => {"data":[{"ofund_type":"0","per_myriad_income":"0.0000","fund_code":"600570","fund_curr_income":"0.00","rowcount":"1","forbid_modi_autobuy_flag":"0","pre_income_ratio":"0.0000","fund_full_name":"恒生电子股票基金","accept_hq_date":"20170215","share_type":"A","error_code":"","total_count":"1","fund_share":"0.00","fund_name":"恒生电子股票基金","fund_status":"0","ta_no":"B0","success_type":"0","nav_total":"1.7000","nav":"1.7000","prod_term":"0","ofund_risklevel":"0","en_minshare":"0.00","hq_date":"20170214","fund_curr_ratio":"0.0000","error_info":""}]}
    [code] => 200
)
]
[09:27:24][参数：Array
(
    [targetcomp_id] => 91000
    [sendercomp_id] => 91000
    [trust_way] => 2
    [access_token] => 70E9C8095E904B3296F571620051A3862017021608270515315614
    [request_num] => 50
    [reqry_recordsum_flag] => 1
    [qry_beginrownum] => 0
    [client_id] => 10108
)
https://sitapi.hscloud.cn/cwsale/v1/share_qry
回参：Array
(
    [data] => {"data":[{"excetrans_out_total_quota":"0.00","share_type":"A","c_flag":"1","trade_acco":"1164","today_transin_total_quota":"0.00","current_share":"57882.35","ta_acco":"B01000009851","capital_mode":"l","today_apply_total_quota":"0.00","business_frozen_amount":"600.00","lock_share":"0.00","available_due_share":"57282.35","bank_account":"6217857600002597495","fund_code":"600570","rowcount":"2","auto_buy":"0","today_exceed_total_quota":"0.00","today_transout_total_quota":"0.00","unpaid_income":"0.00","error_code":"","quick_exceed_enable_share":"57282.35","accum_income":"0.00","cost":"123000.00","frozen_share":"0.00","total_count":"2","worth_value":"98400.00","today_income":"0.00","nav_date":"20170214","success_type":"0","enable_shares":"57282.35","bank_no":"004","error_info":"","excetrans_in_total_quota":"0.00"},{"excetrans_out_total_quota":"0.00","share_type":"A","c_flag":"1","trade_acco":"1195","today_transin_total_quota":"0.00","current_share":"9411.76","ta_acco":"B01000009851","capital_mode":"l","today_apply_total_quota":"0.00","business_frozen_amount":"282.00","lock_share":"0.00","available_due_share":"9129.76","bank_account":"6217000340000565980","fund_code":"600570","rowcount":"2","auto_buy":"0","today_exceed_total_quota":"0.00","today_transout_total_quota":"0.00","unpaid_income":"0.00","error_code":"","quick_exceed_enable_share":"9129.76","accum_income":"0.00","cost":"20000.00","frozen_share":"0.00","total_count":"2","worth_value":"15999.99","today_income":"0.00","nav_date":"20170214","success_type":"0","enable_shares":"9129.76","bank_no":"005","error_info":"","excetrans_in_total_quota":"0.00"}]}
    [code] => 200
)
]
[09:27:24][参数：Array
(
    [targetcomp_id] => 91000
    [sendercomp_id] => 91000
    [access_token] => 70E9C8095E904B3296F571620051A3862017021608270515315614
    [request_num] => 1
    [reqry_recordsum_flag] => 1
    [qry_beginrownum] => 0
    [fund_code] => 600570
)
https://sitapi.hscloud.cn/cwsale/v1/newhq_qry
回参：Array
(
    [data] => {"data":[{"ofund_type":"0","per_myriad_income":"0.0000","fund_code":"600570","fund_curr_income":"0.00","rowcount":"1","forbid_modi_autobuy_flag":"0","pre_income_ratio":"0.0000","fund_full_name":"恒生电子股票基金","accept_hq_date":"20170215","share_type":"A","error_code":"","total_count":"1","fund_share":"0.00","fund_name":"恒生电子股票基金","fund_status":"0","ta_no":"B0","success_type":"0","nav_total":"1.7000","nav":"1.7000","prod_term":"0","ofund_risklevel":"0","en_minshare":"0.00","hq_date":"20170214","fund_curr_ratio":"0.0000","error_info":""}]}
    [code] => 200
)
]
[09:27:24][参数：Array
(
    [targetcomp_id] => 91000
    [sendercomp_id] => 91000
    [access_token] => 70E9C8095E904B3296F571620051A3862017021608270515315614
    [request_num] => 1
    [reqry_recordsum_flag] => 1
    [qry_beginrownum] => 0
    [fund_code] => 600570
)
https://sitapi.hscloud.cn/cwsale/v1/newhq_qry
回参：Array
(
    [data] => {"data":[{"ofund_type":"0","per_myriad_income":"0.0000","fund_code":"600570","fund_curr_income":"0.00","rowcount":"1","forbid_modi_autobuy_flag":"0","pre_income_ratio":"0.0000","fund_full_name":"恒生电子股票基金","accept_hq_date":"20170215","share_type":"A","error_code":"","total_count":"1","fund_share":"0.00","fund_name":"恒生电子股票基金","fund_status":"0","ta_no":"B0","success_type":"0","nav_total":"1.7000","nav":"1.7000","prod_term":"0","ofund_risklevel":"0","en_minshare":"0.00","hq_date":"20170214","fund_curr_ratio":"0.0000","error_info":""}]}
    [code] => 200
)
]
[09:27:27][参数：Array
(
    [targetcomp_id] => 91000
    [sendercomp_id] => 91000
    [trust_way] => 2
    [access_token] => 70E9C8095E904B3296F571620051A3862017021608270515315614
    [request_num] => 50
    [reqry_recordsum_flag] => 1
    [qry_beginrownum] => 0
    [client_id] => 10108
)
https://sitapi.hscloud.cn/cwsale/v1/share_qry
回参：Array
(
    [data] => {"data":[{"excetrans_out_total_quota":"0.00","share_type":"A","c_flag":"1","trade_acco":"1164","today_transin_total_quota":"0.00","current_share":"57882.35","ta_acco":"B01000009851","capital_mode":"l","today_apply_total_quota":"0.00","business_frozen_amount":"600.00","lock_share":"0.00","available_due_share":"57282.35","bank_account":"6217857600002597495","fund_code":"600570","rowcount":"2","auto_buy":"0","today_exceed_total_quota":"0.00","today_transout_total_quota":"0.00","unpaid_income":"0.00","error_code":"","quick_exceed_enable_share":"57282.35","accum_income":"0.00","cost":"123000.00","frozen_share":"0.00","total_count":"2","worth_value":"98400.00","today_income":"0.00","nav_date":"20170214","success_type":"0","enable_shares":"57282.35","bank_no":"004","error_info":"","excetrans_in_total_quota":"0.00"},{"excetrans_out_total_quota":"0.00","share_type":"A","c_flag":"1","trade_acco":"1195","today_transin_total_quota":"0.00","current_share":"9411.76","ta_acco":"B01000009851","capital_mode":"l","today_apply_total_quota":"0.00","business_frozen_amount":"282.00","lock_share":"0.00","available_due_share":"9129.76","bank_account":"6217000340000565980","fund_code":"600570","rowcount":"2","auto_buy":"0","today_exceed_total_quota":"0.00","today_transout_total_quota":"0.00","unpaid_income":"0.00","error_code":"","quick_exceed_enable_share":"9129.76","accum_income":"0.00","cost":"20000.00","frozen_share":"0.00","total_count":"2","worth_value":"15999.99","today_income":"0.00","nav_date":"20170214","success_type":"0","enable_shares":"9129.76","bank_no":"005","error_info":"","excetrans_in_total_quota":"0.00"}]}
    [code] => 200
)
]
[09:27:27][参数：Array
(
    [targetcomp_id] => 91000
    [sendercomp_id] => 91000
    [access_token] => 70E9C8095E904B3296F571620051A3862017021608270515315614
    [request_num] => 1
    [reqry_recordsum_flag] => 1
    [qry_beginrownum] => 0
    [fund_code] => 600570
)
https://sitapi.hscloud.cn/cwsale/v1/newhq_qry
回参：Array
(
    [data] => {"data":[{"ofund_type":"0","per_myriad_income":"0.0000","fund_code":"600570","fund_curr_income":"0.00","rowcount":"1","forbid_modi_autobuy_flag":"0","pre_income_ratio":"0.0000","fund_full_name":"恒生电子股票基金","accept_hq_date":"20170215","share_type":"A","error_code":"","total_count":"1","fund_share":"0.00","fund_name":"恒生电子股票基金","fund_status":"0","ta_no":"B0","success_type":"0","nav_total":"1.7000","nav":"1.7000","prod_term":"0","ofund_risklevel":"0","en_minshare":"0.00","hq_date":"20170214","fund_curr_ratio":"0.0000","error_info":""}]}
    [code] => 200
)
]
[09:27:27][参数：Array
(
    [targetcomp_id] => 91000
    [sendercomp_id] => 91000
    [access_token] => 70E9C8095E904B3296F571620051A3862017021608270515315614
    [request_num] => 1
    [reqry_recordsum_flag] => 1
    [qry_beginrownum] => 0
    [fund_code] => 600570
)
https://sitapi.hscloud.cn/cwsale/v1/newhq_qry
回参：Array
(
    [data] => {"data":[{"ofund_type":"0","per_myriad_income":"0.0000","fund_code":"600570","fund_curr_income":"0.00","rowcount":"1","forbid_modi_autobuy_flag":"0","pre_income_ratio":"0.0000","fund_full_name":"恒生电子股票基金","accept_hq_date":"20170215","share_type":"A","error_code":"","total_count":"1","fund_share":"0.00","fund_name":"恒生电子股票基金","fund_status":"0","ta_no":"B0","success_type":"0","nav_total":"1.7000","nav":"1.7000","prod_term":"0","ofund_risklevel":"0","en_minshare":"0.00","hq_date":"20170214","fund_curr_ratio":"0.0000","error_info":""}]}
    [code] => 200
)
]
[09:28:17][参数：Array
(
    [targetcomp_id] => 91000
    [sendercomp_id] => 91000
    [trust_way] => 2
    [access_token] => 70E9C8095E904B3296F571620051A3862017021608270515315614
    [request_num] => 50
    [reqry_recordsum_flag] => 1
    [qry_beginrownum] => 0
    [client_id] => 10268
)
https://sitapi.hscloud.cn/cwsale/v1/share_qry
回参：Array
(
    [data] => {"data":[{"excetrans_out_total_quota":"","share_type":"","c_flag":"","trade_acco":"","today_transin_total_quota":"","current_share":"","ta_acco":"","capital_mode":"","today_apply_total_quota":"","business_frozen_amount":"","lock_share":"","available_due_share":"","bank_account":"","fund_code":"","rowcount":"","auto_buy":"","today_exceed_total_quota":"","today_transout_total_quota":"","unpaid_income":"","error_code":"","quick_exceed_enable_share":"","accum_income":"","cost":"","frozen_share":"","total_count":"","worth_value":"","today_income":"","nav_date":"","success_type":"0","enable_shares":"","bank_no":"","error_info":"","excetrans_in_total_quota":""}]}
    [code] => 200
)
]
[09:28:23][参数：Array
(
    [targetcomp_id] => 91000
    [sendercomp_id] => 91000
    [trust_way] => 2
    [access_token] => 70E9C8095E904B3296F571620051A3862017021608270515315614
    [request_num] => 50
    [reqry_recordsum_flag] => 1
    [qry_beginrownum] => 0
    [client_id] => 10108
)
https://sitapi.hscloud.cn/cwsale/v1/share_qry
回参：Array
(
    [data] => {"data":[{"excetrans_out_total_quota":"0.00","share_type":"A","c_flag":"1","trade_acco":"1164","today_transin_total_quota":"0.00","current_share":"57882.35","ta_acco":"B01000009851","capital_mode":"l","today_apply_total_quota":"0.00","business_frozen_amount":"600.00","lock_share":"0.00","available_due_share":"57282.35","bank_account":"6217857600002597495","fund_code":"600570","rowcount":"2","auto_buy":"0","today_exceed_total_quota":"0.00","today_transout_total_quota":"0.00","unpaid_income":"0.00","error_code":"","quick_exceed_enable_share":"57282.35","accum_income":"0.00","cost":"123000.00","frozen_share":"0.00","total_count":"2","worth_value":"98400.00","today_income":"0.00","nav_date":"20170214","success_type":"0","enable_shares":"57282.35","bank_no":"004","error_info":"","excetrans_in_total_quota":"0.00"},{"excetrans_out_total_quota":"0.00","share_type":"A","c_flag":"1","trade_acco":"1195","today_transin_total_quota":"0.00","current_share":"9411.76","ta_acco":"B01000009851","capital_mode":"l","today_apply_total_quota":"0.00","business_frozen_amount":"282.00","lock_share":"0.00","available_due_share":"9129.76","bank_account":"6217000340000565980","fund_code":"600570","rowcount":"2","auto_buy":"0","today_exceed_total_quota":"0.00","today_transout_total_quota":"0.00","unpaid_income":"0.00","error_code":"","quick_exceed_enable_share":"9129.76","accum_income":"0.00","cost":"20000.00","frozen_share":"0.00","total_count":"2","worth_value":"15999.99","today_income":"0.00","nav_date":"20170214","success_type":"0","enable_shares":"9129.76","bank_no":"005","error_info":"","excetrans_in_total_quota":"0.00"}]}
    [code] => 200
)
]
[09:28:24][参数：Array
(
    [targetcomp_id] => 91000
    [sendercomp_id] => 91000
    [access_token] => 70E9C8095E904B3296F571620051A3862017021608270515315614
    [request_num] => 1
    [reqry_recordsum_flag] => 1
    [qry_beginrownum] => 0
    [fund_code] => 600570
)
https://sitapi.hscloud.cn/cwsale/v1/newhq_qry
回参：Array
(
    [data] => {"data":[{"ofund_type":"0","per_myriad_income":"0.0000","fund_code":"600570","fund_curr_income":"0.00","rowcount":"1","forbid_modi_autobuy_flag":"0","pre_income_ratio":"0.0000","fund_full_name":"恒生电子股票基金","accept_hq_date":"20170215","share_type":"A","error_code":"","total_count":"1","fund_share":"0.00","fund_name":"恒生电子股票基金","fund_status":"0","ta_no":"B0","success_type":"0","nav_total":"1.7000","nav":"1.7000","prod_term":"0","ofund_risklevel":"0","en_minshare":"0.00","hq_date":"20170214","fund_curr_ratio":"0.0000","error_info":""}]}
    [code] => 200
)
]
[09:28:24][参数：Array
(
    [targetcomp_id] => 91000
    [sendercomp_id] => 91000
    [access_token] => 70E9C8095E904B3296F571620051A3862017021608270515315614
    [request_num] => 1
    [reqry_recordsum_flag] => 1
    [qry_beginrownum] => 0
    [fund_code] => 600570
)
https://sitapi.hscloud.cn/cwsale/v1/newhq_qry
回参：Array
(
    [data] => {"data":[{"ofund_type":"0","per_myriad_income":"0.0000","fund_code":"600570","fund_curr_income":"0.00","rowcount":"1","forbid_modi_autobuy_flag":"0","pre_income_ratio":"0.0000","fund_full_name":"恒生电子股票基金","accept_hq_date":"20170215","share_type":"A","error_code":"","total_count":"1","fund_share":"0.00","fund_name":"恒生电子股票基金","fund_status":"0","ta_no":"B0","success_type":"0","nav_total":"1.7000","nav":"1.7000","prod_term":"0","ofund_risklevel":"0","en_minshare":"0.00","hq_date":"20170214","fund_curr_ratio":"0.0000","error_info":""}]}
    [code] => 200
)
]
[09:35:43][参数：Array
(
    [targetcomp_id] => 91000
    [sendercomp_id] => 91000
    [trust_way] => 2
    [access_token] => 70E9C8095E904B3296F571620051A3862017021608270515315614
    [request_num] => 50
    [reqry_recordsum_flag] => 1
    [qry_beginrownum] => 0
    [client_id] => 10268
)
https://sitapi.hscloud.cn/cwsale/v1/share_qry
回参：Array
(
    [data] => {"data":[{"excetrans_out_total_quota":"","share_type":"","c_flag":"","trade_acco":"","today_transin_total_quota":"","current_share":"","ta_acco":"","capital_mode":"","today_apply_total_quota":"","business_frozen_amount":"","lock_share":"","available_due_share":"","bank_account":"","fund_code":"","rowcount":"","auto_buy":"","today_exceed_total_quota":"","today_transout_total_quota":"","unpaid_income":"","error_code":"","quick_exceed_enable_share":"","accum_income":"","cost":"","frozen_share":"","total_count":"","worth_value":"","today_income":"","nav_date":"","success_type":"0","enable_shares":"","bank_no":"","error_info":"","excetrans_in_total_quota":""}]}
    [code] => 200
)
]
[10:26:06][参数：Array
(
    [targetcomp_id] => 91000
    [sendercomp_id] => 91000
    [trust_way] => 2
    [access_token] => 70E9C8095E904B3296F571620051A3862017021608270515315614
    [request_num] => 50
    [reqry_recordsum_flag] => 1
    [qry_beginrownum] => 0
    [client_id] => 10268
)
https://sitapi.hscloud.cn/cwsale/v1/share_qry
回参：Array
(
    [data] => {"data":[{"excetrans_out_total_quota":"","share_type":"","c_flag":"","trade_acco":"","today_transin_total_quota":"","current_share":"","ta_acco":"","capital_mode":"","today_apply_total_quota":"","business_frozen_amount":"","lock_share":"","available_due_share":"","bank_account":"","fund_code":"","rowcount":"","auto_buy":"","today_exceed_total_quota":"","today_transout_total_quota":"","unpaid_income":"","error_code":"","quick_exceed_enable_share":"","accum_income":"","cost":"","frozen_share":"","total_count":"","worth_value":"","today_income":"","nav_date":"","success_type":"0","enable_shares":"","bank_no":"","error_info":"","excetrans_in_total_quota":""}]}
    [code] => 200
)
]
[10:38:00][参数：Array
(
    [targetcomp_id] => 91000
    [sendercomp_id] => 91000
    [trust_way] => 2
    [access_token] => 70E9C8095E904B3296F571620051A3862017021608270515315614
    [request_num] => 50
    [reqry_recordsum_flag] => 1
    [qry_beginrownum] => 0
    [client_id] => 10288
)
https://sitapi.hscloud.cn/cwsale/v1/share_qry
回参：Array
(
    [data] => {"data":[{"excetrans_out_total_quota":"0.00","share_type":"A","c_flag":"1","trade_acco":"1189","today_transin_total_quota":"0.00","current_share":"5647.06","ta_acco":"B01000010022","capital_mode":"l","today_apply_total_quota":"0.00","business_frozen_amount":"300.00","lock_share":"0.00","available_due_share":"5347.06","bank_account":"6217000340000565980","fund_code":"600570","rowcount":"2","auto_buy":"0","today_exceed_total_quota":"0.00","today_transout_total_quota":"0.00","unpaid_income":"0.00","error_code":"","quick_exceed_enable_share":"5347.06","accum_income":"0.00","cost":"12000.00","frozen_share":"0.00","total_count":"2","worth_value":"9600.00","today_income":"0.00","nav_date":"20170214","success_type":"0","enable_shares":"5347.06","bank_no":"005","error_info":"","excetrans_in_total_quota":"0.00"},{"excetrans_out_total_quota":"0.00","share_type":"A","c_flag":"1","trade_acco":"1192","today_transin_total_quota":"0.00","current_share":"5647.06","ta_acco":"B01000010022","capital_mode":"l","today_apply_total_quota":"0.00","business_frozen_amount":"5647.06","lock_share":"0.00","available_due_share":"0.00","bank_account":"6228480712413995614","fund_code":"600570","rowcount":"2","auto_buy":"0","today_exceed_total_quota":"0.00","today_transout_total_quota":"0.00","unpaid_income":"0.00","error_code":"","quick_exceed_enable_share":"0.00","accum_income":"0.00","cost":"12000.00","frozen_share":"0.00","total_count":"2","worth_value":"9600.00","today_income":"0.00","nav_date":"20170214","success_type":"0","enable_shares":"0.00","bank_no":"003","error_info":"","excetrans_in_total_quota":"0.00"}]}
    [code] => 200
)
]
[10:38:00][参数：Array
(
    [targetcomp_id] => 91000
    [sendercomp_id] => 91000
    [access_token] => 70E9C8095E904B3296F571620051A3862017021608270515315614
    [request_num] => 1
    [reqry_recordsum_flag] => 1
    [qry_beginrownum] => 0
    [fund_code] => 600570
)
https://sitapi.hscloud.cn/cwsale/v1/newhq_qry
回参：Array
(
    [data] => {"data":[{"ofund_type":"0","per_myriad_income":"0.0000","fund_code":"600570","fund_curr_income":"0.00","rowcount":"1","forbid_modi_autobuy_flag":"0","pre_income_ratio":"0.0000","fund_full_name":"恒生电子股票基金","accept_hq_date":"20170215","share_type":"A","error_code":"","total_count":"1","fund_share":"0.00","fund_name":"恒生电子股票基金","fund_status":"0","ta_no":"B0","success_type":"0","nav_total":"1.7000","nav":"1.7000","prod_term":"0","ofund_risklevel":"0","en_minshare":"0.00","hq_date":"20170214","fund_curr_ratio":"0.0000","error_info":""}]}
    [code] => 200
)
]
[10:38:01][参数：Array
(
    [targetcomp_id] => 91000
    [sendercomp_id] => 91000
    [access_token] => 70E9C8095E904B3296F571620051A3862017021608270515315614
    [request_num] => 1
    [reqry_recordsum_flag] => 1
    [qry_beginrownum] => 0
    [fund_code] => 600570
)
https://sitapi.hscloud.cn/cwsale/v1/newhq_qry
回参：Array
(
    [data] => {"data":[{"ofund_type":"0","per_myriad_income":"0.0000","fund_code":"600570","fund_curr_income":"0.00","rowcount":"1","forbid_modi_autobuy_flag":"0","pre_income_ratio":"0.0000","fund_full_name":"恒生电子股票基金","accept_hq_date":"20170215","share_type":"A","error_code":"","total_count":"1","fund_share":"0.00","fund_name":"恒生电子股票基金","fund_status":"0","ta_no":"B0","success_type":"0","nav_total":"1.7000","nav":"1.7000","prod_term":"0","ofund_risklevel":"0","en_minshare":"0.00","hq_date":"20170214","fund_curr_ratio":"0.0000","error_info":""}]}
    [code] => 200
)
]
[10:49:05][参数：Array
(
    [targetcomp_id] => 91000
    [sendercomp_id] => 91000
    [trust_way] => 2
    [access_token] => 70E9C8095E904B3296F571620051A3862017021608270515315614
    [request_num] => 50
    [reqry_recordsum_flag] => 1
    [qry_beginrownum] => 0
    [client_id] => 10288
)
https://sitapi.hscloud.cn/cwsale/v1/share_qry
回参：Array
(
    [data] => {"data":[{"excetrans_out_total_quota":"0.00","share_type":"A","c_flag":"1","trade_acco":"1189","today_transin_total_quota":"0.00","current_share":"5647.06","ta_acco":"B01000010022","capital_mode":"l","today_apply_total_quota":"0.00","business_frozen_amount":"300.00","lock_share":"0.00","available_due_share":"5347.06","bank_account":"6217000340000565980","fund_code":"600570","rowcount":"2","auto_buy":"0","today_exceed_total_quota":"0.00","today_transout_total_quota":"0.00","unpaid_income":"0.00","error_code":"","quick_exceed_enable_share":"5347.06","accum_income":"0.00","cost":"12000.00","frozen_share":"0.00","total_count":"2","worth_value":"9600.00","today_income":"0.00","nav_date":"20170214","success_type":"0","enable_shares":"5347.06","bank_no":"005","error_info":"","excetrans_in_total_quota":"0.00"},{"excetrans_out_total_quota":"0.00","share_type":"A","c_flag":"1","trade_acco":"1192","today_transin_total_quota":"0.00","current_share":"5647.06","ta_acco":"B01000010022","capital_mode":"l","today_apply_total_quota":"0.00","business_frozen_amount":"5647.06","lock_share":"0.00","available_due_share":"0.00","bank_account":"6228480712413995614","fund_code":"600570","rowcount":"2","auto_buy":"0","today_exceed_total_quota":"0.00","today_transout_total_quota":"0.00","unpaid_income":"0.00","error_code":"","quick_exceed_enable_share":"0.00","accum_income":"0.00","cost":"12000.00","frozen_share":"0.00","total_count":"2","worth_value":"9600.00","today_income":"0.00","nav_date":"20170214","success_type":"0","enable_shares":"0.00","bank_no":"003","error_info":"","excetrans_in_total_quota":"0.00"}]}
    [code] => 200
)
]
[10:49:05][参数：Array
(
    [targetcomp_id] => 91000
    [sendercomp_id] => 91000
    [access_token] => 70E9C8095E904B3296F571620051A3862017021608270515315614
    [request_num] => 1
    [reqry_recordsum_flag] => 1
    [qry_beginrownum] => 0
    [fund_code] => 600570
)
https://sitapi.hscloud.cn/cwsale/v1/newhq_qry
回参：Array
(
    [data] => {"data":[{"ofund_type":"0","per_myriad_income":"0.0000","fund_code":"600570","fund_curr_income":"0.00","rowcount":"1","forbid_modi_autobuy_flag":"0","pre_income_ratio":"0.0000","fund_full_name":"恒生电子股票基金","accept_hq_date":"20170215","share_type":"A","error_code":"","total_count":"1","fund_share":"0.00","fund_name":"恒生电子股票基金","fund_status":"0","ta_no":"B0","success_type":"0","nav_total":"1.7000","nav":"1.7000","prod_term":"0","ofund_risklevel":"0","en_minshare":"0.00","hq_date":"20170214","fund_curr_ratio":"0.0000","error_info":""}]}
    [code] => 200
)
]
[10:49:05][参数：Array
(
    [targetcomp_id] => 91000
    [sendercomp_id] => 91000
    [access_token] => 70E9C8095E904B3296F571620051A3862017021608270515315614
    [request_num] => 1
    [reqry_recordsum_flag] => 1
    [qry_beginrownum] => 0
    [fund_code] => 600570
)
https://sitapi.hscloud.cn/cwsale/v1/newhq_qry
回参：Array
(
    [data] => {"data":[{"ofund_type":"0","per_myriad_income":"0.0000","fund_code":"600570","fund_curr_income":"0.00","rowcount":"1","forbid_modi_autobuy_flag":"0","pre_income_ratio":"0.0000","fund_full_name":"恒生电子股票基金","accept_hq_date":"20170215","share_type":"A","error_code":"","total_count":"1","fund_share":"0.00","fund_name":"恒生电子股票基金","fund_status":"0","ta_no":"B0","success_type":"0","nav_total":"1.7000","nav":"1.7000","prod_term":"0","ofund_risklevel":"0","en_minshare":"0.00","hq_date":"20170214","fund_curr_ratio":"0.0000","error_info":""}]}
    [code] => 200
)
]
[11:04:48][参数：Array
(
    [targetcomp_id] => 91000
    [sendercomp_id] => 91000
    [trust_way] => 2
    [access_token] => 70E9C8095E904B3296F571620051A3862017021608270515315614
    [request_num] => 50
    [reqry_recordsum_flag] => 1
    [qry_beginrownum] => 0
    [client_id] => 10288
)
https://sitapi.hscloud.cn/cwsale/v1/share_qry
回参：Array
(
    [data] => {"data":[{"excetrans_out_total_quota":"0.00","share_type":"A","c_flag":"1","trade_acco":"1189","today_transin_total_quota":"0.00","current_share":"5647.06","ta_acco":"B01000010022","capital_mode":"l","today_apply_total_quota":"0.00","business_frozen_amount":"300.00","lock_share":"0.00","available_due_share":"5347.06","bank_account":"6217000340000565980","fund_code":"600570","rowcount":"2","auto_buy":"0","today_exceed_total_quota":"0.00","today_transout_total_quota":"0.00","unpaid_income":"0.00","error_code":"","quick_exceed_enable_share":"5347.06","accum_income":"0.00","cost":"12000.00","frozen_share":"0.00","total_count":"2","worth_value":"9600.00","today_income":"0.00","nav_date":"20170214","success_type":"0","enable_shares":"5347.06","bank_no":"005","error_info":"","excetrans_in_total_quota":"0.00"},{"excetrans_out_total_quota":"0.00","share_type":"A","c_flag":"1","trade_acco":"1192","today_transin_total_quota":"0.00","current_share":"5647.06","ta_acco":"B01000010022","capital_mode":"l","today_apply_total_quota":"0.00","business_frozen_amount":"5647.06","lock_share":"0.00","available_due_share":"0.00","bank_account":"6228480712413995614","fund_code":"600570","rowcount":"2","auto_buy":"0","today_exceed_total_quota":"0.00","today_transout_total_quota":"0.00","unpaid_income":"0.00","error_code":"","quick_exceed_enable_share":"0.00","accum_income":"0.00","cost":"12000.00","frozen_share":"0.00","total_count":"2","worth_value":"9600.00","today_income":"0.00","nav_date":"20170214","success_type":"0","enable_shares":"0.00","bank_no":"003","error_info":"","excetrans_in_total_quota":"0.00"}]}
    [code] => 200
)
]
[11:04:48][参数：Array
(
    [targetcomp_id] => 91000
    [sendercomp_id] => 91000
    [access_token] => 70E9C8095E904B3296F571620051A3862017021608270515315614
    [request_num] => 1
    [reqry_recordsum_flag] => 1
    [qry_beginrownum] => 0
    [fund_code] => 600570
)
https://sitapi.hscloud.cn/cwsale/v1/newhq_qry
回参：Array
(
    [data] => {"data":[{"ofund_type":"0","per_myriad_income":"0.0000","fund_code":"600570","fund_curr_income":"0.00","rowcount":"1","forbid_modi_autobuy_flag":"0","pre_income_ratio":"0.0000","fund_full_name":"恒生电子股票基金","accept_hq_date":"20170215","share_type":"A","error_code":"","total_count":"1","fund_share":"0.00","fund_name":"恒生电子股票基金","fund_status":"0","ta_no":"B0","success_type":"0","nav_total":"1.7000","nav":"1.7000","prod_term":"0","ofund_risklevel":"0","en_minshare":"0.00","hq_date":"20170214","fund_curr_ratio":"0.0000","error_info":""}]}
    [code] => 200
)
]
[11:04:49][参数：Array
(
    [targetcomp_id] => 91000
    [sendercomp_id] => 91000
    [access_token] => 70E9C8095E904B3296F571620051A3862017021608270515315614
    [request_num] => 1
    [reqry_recordsum_flag] => 1
    [qry_beginrownum] => 0
    [fund_code] => 600570
)
https://sitapi.hscloud.cn/cwsale/v1/newhq_qry
回参：Array
(
    [data] => {"data":[{"ofund_type":"0","per_myriad_income":"0.0000","fund_code":"600570","fund_curr_income":"0.00","rowcount":"1","forbid_modi_autobuy_flag":"0","pre_income_ratio":"0.0000","fund_full_name":"恒生电子股票基金","accept_hq_date":"20170215","share_type":"A","error_code":"","total_count":"1","fund_share":"0.00","fund_name":"恒生电子股票基金","fund_status":"0","ta_no":"B0","success_type":"0","nav_total":"1.7000","nav":"1.7000","prod_term":"0","ofund_risklevel":"0","en_minshare":"0.00","hq_date":"20170214","fund_curr_ratio":"0.0000","error_info":""}]}
    [code] => 200
)
]
[11:06:27][参数：Array
(
    [targetcomp_id] => 91000
    [sendercomp_id] => 91000
    [trust_way] => 2
    [access_token] => 70E9C8095E904B3296F571620051A3862017021608270515315614
    [request_num] => 50
    [reqry_recordsum_flag] => 1
    [qry_beginrownum] => 0
    [client_id] => 10288
)
https://sitapi.hscloud.cn/cwsale/v1/share_qry
回参：Array
(
    [data] => {"data":[{"excetrans_out_total_quota":"0.00","share_type":"A","c_flag":"1","trade_acco":"1189","today_transin_total_quota":"0.00","current_share":"5647.06","ta_acco":"B01000010022","capital_mode":"l","today_apply_total_quota":"0.00","business_frozen_amount":"300.00","lock_share":"0.00","available_due_share":"5347.06","bank_account":"6217000340000565980","fund_code":"600570","rowcount":"2","auto_buy":"0","today_exceed_total_quota":"0.00","today_transout_total_quota":"0.00","unpaid_income":"0.00","error_code":"","quick_exceed_enable_share":"5347.06","accum_income":"0.00","cost":"12000.00","frozen_share":"0.00","total_count":"2","worth_value":"9600.00","today_income":"0.00","nav_date":"20170214","success_type":"0","enable_shares":"5347.06","bank_no":"005","error_info":"","excetrans_in_total_quota":"0.00"},{"excetrans_out_total_quota":"0.00","share_type":"A","c_flag":"1","trade_acco":"1192","today_transin_total_quota":"0.00","current_share":"5647.06","ta_acco":"B01000010022","capital_mode":"l","today_apply_total_quota":"0.00","business_frozen_amount":"5647.06","lock_share":"0.00","available_due_share":"0.00","bank_account":"6228480712413995614","fund_code":"600570","rowcount":"2","auto_buy":"0","today_exceed_total_quota":"0.00","today_transout_total_quota":"0.00","unpaid_income":"0.00","error_code":"","quick_exceed_enable_share":"0.00","accum_income":"0.00","cost":"12000.00","frozen_share":"0.00","total_count":"2","worth_value":"9600.00","today_income":"0.00","nav_date":"20170214","success_type":"0","enable_shares":"0.00","bank_no":"003","error_info":"","excetrans_in_total_quota":"0.00"}]}
    [code] => 200
)
]
[11:06:27][参数：Array
(
    [targetcomp_id] => 91000
    [sendercomp_id] => 91000
    [access_token] => 70E9C8095E904B3296F571620051A3862017021608270515315614
    [request_num] => 1
    [reqry_recordsum_flag] => 1
    [qry_beginrownum] => 0
    [fund_code] => 600570
)
https://sitapi.hscloud.cn/cwsale/v1/newhq_qry
回参：Array
(
    [data] => {"data":[{"ofund_type":"0","per_myriad_income":"0.0000","fund_code":"600570","fund_curr_income":"0.00","rowcount":"1","forbid_modi_autobuy_flag":"0","pre_income_ratio":"0.0000","fund_full_name":"恒生电子股票基金","accept_hq_date":"20170215","share_type":"A","error_code":"","total_count":"1","fund_share":"0.00","fund_name":"恒生电子股票基金","fund_status":"0","ta_no":"B0","success_type":"0","nav_total":"1.7000","nav":"1.7000","prod_term":"0","ofund_risklevel":"0","en_minshare":"0.00","hq_date":"20170214","fund_curr_ratio":"0.0000","error_info":""}]}
    [code] => 200
)
]
[11:06:27][参数：Array
(
    [targetcomp_id] => 91000
    [sendercomp_id] => 91000
    [access_token] => 70E9C8095E904B3296F571620051A3862017021608270515315614
    [request_num] => 1
    [reqry_recordsum_flag] => 1
    [qry_beginrownum] => 0
    [fund_code] => 600570
)
https://sitapi.hscloud.cn/cwsale/v1/newhq_qry
回参：Array
(
    [data] => {"data":[{"ofund_type":"0","per_myriad_income":"0.0000","fund_code":"600570","fund_curr_income":"0.00","rowcount":"1","forbid_modi_autobuy_flag":"0","pre_income_ratio":"0.0000","fund_full_name":"恒生电子股票基金","accept_hq_date":"20170215","share_type":"A","error_code":"","total_count":"1","fund_share":"0.00","fund_name":"恒生电子股票基金","fund_status":"0","ta_no":"B0","success_type":"0","nav_total":"1.7000","nav":"1.7000","prod_term":"0","ofund_risklevel":"0","en_minshare":"0.00","hq_date":"20170214","fund_curr_ratio":"0.0000","error_info":""}]}
    [code] => 200
)
]
[11:15:15][参数：Array
(
    [targetcomp_id] => 91000
    [sendercomp_id] => 91000
    [trust_way] => 2
    [access_token] => 70E9C8095E904B3296F571620051A3862017021608270515315614
    [request_num] => 50
    [reqry_recordsum_flag] => 1
    [qry_beginrownum] => 0
    [client_id] => 10288
)
https://sitapi.hscloud.cn/cwsale/v1/share_qry
回参：Array
(
    [data] => {"data":[{"excetrans_out_total_quota":"0.00","share_type":"A","c_flag":"1","trade_acco":"1189","today_transin_total_quota":"0.00","current_share":"5647.06","ta_acco":"B01000010022","capital_mode":"l","today_apply_total_quota":"0.00","business_frozen_amount":"300.00","lock_share":"0.00","available_due_share":"5347.06","bank_account":"6217000340000565980","fund_code":"600570","rowcount":"2","auto_buy":"0","today_exceed_total_quota":"0.00","today_transout_total_quota":"0.00","unpaid_income":"0.00","error_code":"","quick_exceed_enable_share":"5347.06","accum_income":"0.00","cost":"12000.00","frozen_share":"0.00","total_count":"2","worth_value":"9600.00","today_income":"0.00","nav_date":"20170214","success_type":"0","enable_shares":"5347.06","bank_no":"005","error_info":"","excetrans_in_total_quota":"0.00"},{"excetrans_out_total_quota":"0.00","share_type":"A","c_flag":"1","trade_acco":"1192","today_transin_total_quota":"0.00","current_share":"5647.06","ta_acco":"B01000010022","capital_mode":"l","today_apply_total_quota":"0.00","business_frozen_amount":"5647.06","lock_share":"0.00","available_due_share":"0.00","bank_account":"6228480712413995614","fund_code":"600570","rowcount":"2","auto_buy":"0","today_exceed_total_quota":"0.00","today_transout_total_quota":"0.00","unpaid_income":"0.00","error_code":"","quick_exceed_enable_share":"0.00","accum_income":"0.00","cost":"12000.00","frozen_share":"0.00","total_count":"2","worth_value":"9600.00","today_income":"0.00","nav_date":"20170214","success_type":"0","enable_shares":"0.00","bank_no":"003","error_info":"","excetrans_in_total_quota":"0.00"}]}
    [code] => 200
)
]
[11:15:15][参数：Array
(
    [targetcomp_id] => 91000
    [sendercomp_id] => 91000
    [access_token] => 70E9C8095E904B3296F571620051A3862017021608270515315614
    [request_num] => 1
    [reqry_recordsum_flag] => 1
    [qry_beginrownum] => 0
    [fund_code] => 600570
)
https://sitapi.hscloud.cn/cwsale/v1/newhq_qry
回参：Array
(
    [data] => {"data":[{"ofund_type":"0","per_myriad_income":"0.0000","fund_code":"600570","fund_curr_income":"0.00","rowcount":"1","forbid_modi_autobuy_flag":"0","pre_income_ratio":"0.0000","fund_full_name":"恒生电子股票基金","accept_hq_date":"20170215","share_type":"A","error_code":"","total_count":"1","fund_share":"0.00","fund_name":"恒生电子股票基金","fund_status":"0","ta_no":"B0","success_type":"0","nav_total":"1.7000","nav":"1.7000","prod_term":"0","ofund_risklevel":"0","en_minshare":"0.00","hq_date":"20170214","fund_curr_ratio":"0.0000","error_info":""}]}
    [code] => 200
)
]
[11:15:15][参数：Array
(
    [targetcomp_id] => 91000
    [sendercomp_id] => 91000
    [access_token] => 70E9C8095E904B3296F571620051A3862017021608270515315614
    [request_num] => 1
    [reqry_recordsum_flag] => 1
    [qry_beginrownum] => 0
    [fund_code] => 600570
)
https://sitapi.hscloud.cn/cwsale/v1/newhq_qry
回参：Array
(
    [data] => {"data":[{"ofund_type":"0","per_myriad_income":"0.0000","fund_code":"600570","fund_curr_income":"0.00","rowcount":"1","forbid_modi_autobuy_flag":"0","pre_income_ratio":"0.0000","fund_full_name":"恒生电子股票基金","accept_hq_date":"20170215","share_type":"A","error_code":"","total_count":"1","fund_share":"0.00","fund_name":"恒生电子股票基金","fund_status":"0","ta_no":"B0","success_type":"0","nav_total":"1.7000","nav":"1.7000","prod_term":"0","ofund_risklevel":"0","en_minshare":"0.00","hq_date":"20170214","fund_curr_ratio":"0.0000","error_info":""}]}
    [code] => 200
)
]
[11:15:16][参数：Array
(
    [targetcomp_id] => 91000
    [sendercomp_id] => 91000
    [access_token] => 70E9C8095E904B3296F571620051A3862017021608270515315614
    [request_num] => 1
    [reqry_recordsum_flag] => 1
    [qry_beginrownum] => 0
    [fund_code] => 600570
)
https://sitapi.hscloud.cn/cwsale/v1/newhq_qry
回参：Array
(
    [data] => {"data":[{"ofund_type":"0","per_myriad_income":"0.0000","fund_code":"600570","fund_curr_income":"0.00","rowcount":"1","forbid_modi_autobuy_flag":"0","pre_income_ratio":"0.0000","fund_full_name":"恒生电子股票基金","accept_hq_date":"20170215","share_type":"A","error_code":"","total_count":"1","fund_share":"0.00","fund_name":"恒生电子股票基金","fund_status":"0","ta_no":"B0","success_type":"0","nav_total":"1.7000","nav":"1.7000","prod_term":"0","ofund_risklevel":"0","en_minshare":"0.00","hq_date":"20170214","fund_curr_ratio":"0.0000","error_info":""}]}
    [code] => 200
)
]
[11:15:16][参数：Array
(
    [targetcomp_id] => 91000
    [sendercomp_id] => 91000
    [access_token] => 70E9C8095E904B3296F571620051A3862017021608270515315614
    [request_num] => 1
    [reqry_recordsum_flag] => 1
    [qry_beginrownum] => 0
    [fund_code] => 600570
)
https://sitapi.hscloud.cn/cwsale/v1/newhq_qry
回参：Array
(
    [data] => {"data":[{"ofund_type":"0","per_myriad_income":"0.0000","fund_code":"600570","fund_curr_income":"0.00","rowcount":"1","forbid_modi_autobuy_flag":"0","pre_income_ratio":"0.0000","fund_full_name":"恒生电子股票基金","accept_hq_date":"20170215","share_type":"A","error_code":"","total_count":"1","fund_share":"0.00","fund_name":"恒生电子股票基金","fund_status":"0","ta_no":"B0","success_type":"0","nav_total":"1.7000","nav":"1.7000","prod_term":"0","ofund_risklevel":"0","en_minshare":"0.00","hq_date":"20170214","fund_curr_ratio":"0.0000","error_info":""}]}
    [code] => 200
)
]
[11:15:18][参数：Array
(
    [targetcomp_id] => 91000
    [sendercomp_id] => 91000
    [trust_way] => 2
    [access_token] => 70E9C8095E904B3296F571620051A3862017021608270515315614
    [request_num] => 50
    [reqry_recordsum_flag] => 1
    [qry_beginrownum] => 0
    [client_id] => 10288
)
https://sitapi.hscloud.cn/cwsale/v1/share_qry
回参：Array
(
    [data] => {"data":[{"excetrans_out_total_quota":"0.00","share_type":"A","c_flag":"1","trade_acco":"1189","today_transin_total_quota":"0.00","current_share":"5647.06","ta_acco":"B01000010022","capital_mode":"l","today_apply_total_quota":"0.00","business_frozen_amount":"300.00","lock_share":"0.00","available_due_share":"5347.06","bank_account":"6217000340000565980","fund_code":"600570","rowcount":"2","auto_buy":"0","today_exceed_total_quota":"0.00","today_transout_total_quota":"0.00","unpaid_income":"0.00","error_code":"","quick_exceed_enable_share":"5347.06","accum_income":"0.00","cost":"12000.00","frozen_share":"0.00","total_count":"2","worth_value":"9600.00","today_income":"0.00","nav_date":"20170214","success_type":"0","enable_shares":"5347.06","bank_no":"005","error_info":"","excetrans_in_total_quota":"0.00"},{"excetrans_out_total_quota":"0.00","share_type":"A","c_flag":"1","trade_acco":"1192","today_transin_total_quota":"0.00","current_share":"5647.06","ta_acco":"B01000010022","capital_mode":"l","today_apply_total_quota":"0.00","business_frozen_amount":"5647.06","lock_share":"0.00","available_due_share":"0.00","bank_account":"6228480712413995614","fund_code":"600570","rowcount":"2","auto_buy":"0","today_exceed_total_quota":"0.00","today_transout_total_quota":"0.00","unpaid_income":"0.00","error_code":"","quick_exceed_enable_share":"0.00","accum_income":"0.00","cost":"12000.00","frozen_share":"0.00","total_count":"2","worth_value":"9600.00","today_income":"0.00","nav_date":"20170214","success_type":"0","enable_shares":"0.00","bank_no":"003","error_info":"","excetrans_in_total_quota":"0.00"}]}
    [code] => 200
)
]
[11:15:18][参数：Array
(
    [targetcomp_id] => 91000
    [sendercomp_id] => 91000
    [access_token] => 70E9C8095E904B3296F571620051A3862017021608270515315614
    [request_num] => 1
    [reqry_recordsum_flag] => 1
    [qry_beginrownum] => 0
    [fund_code] => 600570
)
https://sitapi.hscloud.cn/cwsale/v1/newhq_qry
回参：Array
(
    [data] => {"data":[{"ofund_type":"0","per_myriad_income":"0.0000","fund_code":"600570","fund_curr_income":"0.00","rowcount":"1","forbid_modi_autobuy_flag":"0","pre_income_ratio":"0.0000","fund_full_name":"恒生电子股票基金","accept_hq_date":"20170215","share_type":"A","error_code":"","total_count":"1","fund_share":"0.00","fund_name":"恒生电子股票基金","fund_status":"0","ta_no":"B0","success_type":"0","nav_total":"1.7000","nav":"1.7000","prod_term":"0","ofund_risklevel":"0","en_minshare":"0.00","hq_date":"20170214","fund_curr_ratio":"0.0000","error_info":""}]}
    [code] => 200
)
]
[11:15:18][参数：Array
(
    [targetcomp_id] => 91000
    [sendercomp_id] => 91000
    [access_token] => 70E9C8095E904B3296F571620051A3862017021608270515315614
    [request_num] => 1
    [reqry_recordsum_flag] => 1
    [qry_beginrownum] => 0
    [fund_code] => 600570
)
https://sitapi.hscloud.cn/cwsale/v1/newhq_qry
回参：Array
(
    [data] => {"data":[{"ofund_type":"0","per_myriad_income":"0.0000","fund_code":"600570","fund_curr_income":"0.00","rowcount":"1","forbid_modi_autobuy_flag":"0","pre_income_ratio":"0.0000","fund_full_name":"恒生电子股票基金","accept_hq_date":"20170215","share_type":"A","error_code":"","total_count":"1","fund_share":"0.00","fund_name":"恒生电子股票基金","fund_status":"0","ta_no":"B0","success_type":"0","nav_total":"1.7000","nav":"1.7000","prod_term":"0","ofund_risklevel":"0","en_minshare":"0.00","hq_date":"20170214","fund_curr_ratio":"0.0000","error_info":""}]}
    [code] => 200
)
]
[11:15:18][参数：Array
(
    [targetcomp_id] => 91000
    [sendercomp_id] => 91000
    [access_token] => 70E9C8095E904B3296F571620051A3862017021608270515315614
    [request_num] => 1
    [reqry_recordsum_flag] => 1
    [qry_beginrownum] => 0
    [fund_code] => 600570
)
https://sitapi.hscloud.cn/cwsale/v1/newhq_qry
回参：Array
(
    [data] => {"data":[{"ofund_type":"0","per_myriad_income":"0.0000","fund_code":"600570","fund_curr_income":"0.00","rowcount":"1","forbid_modi_autobuy_flag":"0","pre_income_ratio":"0.0000","fund_full_name":"恒生电子股票基金","accept_hq_date":"20170215","share_type":"A","error_code":"","total_count":"1","fund_share":"0.00","fund_name":"恒生电子股票基金","fund_status":"0","ta_no":"B0","success_type":"0","nav_total":"1.7000","nav":"1.7000","prod_term":"0","ofund_risklevel":"0","en_minshare":"0.00","hq_date":"20170214","fund_curr_ratio":"0.0000","error_info":""}]}
    [code] => 200
)
]
[11:15:18][参数：Array
(
    [targetcomp_id] => 91000
    [sendercomp_id] => 91000
    [access_token] => 70E9C8095E904B3296F571620051A3862017021608270515315614
    [request_num] => 1
    [reqry_recordsum_flag] => 1
    [qry_beginrownum] => 0
    [fund_code] => 600570
)
https://sitapi.hscloud.cn/cwsale/v1/newhq_qry
回参：Array
(
    [data] => {"data":[{"ofund_type":"0","per_myriad_income":"0.0000","fund_code":"600570","fund_curr_income":"0.00","rowcount":"1","forbid_modi_autobuy_flag":"0","pre_income_ratio":"0.0000","fund_full_name":"恒生电子股票基金","accept_hq_date":"20170215","share_type":"A","error_code":"","total_count":"1","fund_share":"0.00","fund_name":"恒生电子股票基金","fund_status":"0","ta_no":"B0","success_type":"0","nav_total":"1.7000","nav":"1.7000","prod_term":"0","ofund_risklevel":"0","en_minshare":"0.00","hq_date":"20170214","fund_curr_ratio":"0.0000","error_info":""}]}
    [code] => 200
)
]
[11:15:30][参数：Array
(
    [targetcomp_id] => 91000
    [sendercomp_id] => 91000
    [trust_way] => 2
    [access_token] => 70E9C8095E904B3296F571620051A3862017021608270515315614
    [request_num] => 50
    [reqry_recordsum_flag] => 1
    [qry_beginrownum] => 0
    [client_id] => 10288
)
https://sitapi.hscloud.cn/cwsale/v1/share_qry
回参：Array
(
    [data] => {"data":[{"excetrans_out_total_quota":"0.00","share_type":"A","c_flag":"1","trade_acco":"1189","today_transin_total_quota":"0.00","current_share":"5647.06","ta_acco":"B01000010022","capital_mode":"l","today_apply_total_quota":"0.00","business_frozen_amount":"300.00","lock_share":"0.00","available_due_share":"5347.06","bank_account":"6217000340000565980","fund_code":"600570","rowcount":"2","auto_buy":"0","today_exceed_total_quota":"0.00","today_transout_total_quota":"0.00","unpaid_income":"0.00","error_code":"","quick_exceed_enable_share":"5347.06","accum_income":"0.00","cost":"12000.00","frozen_share":"0.00","total_count":"2","worth_value":"9600.00","today_income":"0.00","nav_date":"20170214","success_type":"0","enable_shares":"5347.06","bank_no":"005","error_info":"","excetrans_in_total_quota":"0.00"},{"excetrans_out_total_quota":"0.00","share_type":"A","c_flag":"1","trade_acco":"1192","today_transin_total_quota":"0.00","current_share":"5647.06","ta_acco":"B01000010022","capital_mode":"l","today_apply_total_quota":"0.00","business_frozen_amount":"5647.06","lock_share":"0.00","available_due_share":"0.00","bank_account":"6228480712413995614","fund_code":"600570","rowcount":"2","auto_buy":"0","today_exceed_total_quota":"0.00","today_transout_total_quota":"0.00","unpaid_income":"0.00","error_code":"","quick_exceed_enable_share":"0.00","accum_income":"0.00","cost":"12000.00","frozen_share":"0.00","total_count":"2","worth_value":"9600.00","today_income":"0.00","nav_date":"20170214","success_type":"0","enable_shares":"0.00","bank_no":"003","error_info":"","excetrans_in_total_quota":"0.00"}]}
    [code] => 200
)
]
[11:15:30][参数：Array
(
    [targetcomp_id] => 91000
    [sendercomp_id] => 91000
    [access_token] => 70E9C8095E904B3296F571620051A3862017021608270515315614
    [request_num] => 1
    [reqry_recordsum_flag] => 1
    [qry_beginrownum] => 0
    [fund_code] => 600570
)
https://sitapi.hscloud.cn/cwsale/v1/newhq_qry
回参：Array
(
    [data] => {"data":[{"ofund_type":"0","per_myriad_income":"0.0000","fund_code":"600570","fund_curr_income":"0.00","rowcount":"1","forbid_modi_autobuy_flag":"0","pre_income_ratio":"0.0000","fund_full_name":"恒生电子股票基金","accept_hq_date":"20170215","share_type":"A","error_code":"","total_count":"1","fund_share":"0.00","fund_name":"恒生电子股票基金","fund_status":"0","ta_no":"B0","success_type":"0","nav_total":"1.7000","nav":"1.7000","prod_term":"0","ofund_risklevel":"0","en_minshare":"0.00","hq_date":"20170214","fund_curr_ratio":"0.0000","error_info":""}]}
    [code] => 200
)
]
[11:15:31][参数：Array
(
    [targetcomp_id] => 91000
    [sendercomp_id] => 91000
    [access_token] => 70E9C8095E904B3296F571620051A3862017021608270515315614
    [request_num] => 1
    [reqry_recordsum_flag] => 1
    [qry_beginrownum] => 0
    [fund_code] => 600570
)
https://sitapi.hscloud.cn/cwsale/v1/newhq_qry
回参：Array
(
    [data] => {"data":[{"ofund_type":"0","per_myriad_income":"0.0000","fund_code":"600570","fund_curr_income":"0.00","rowcount":"1","forbid_modi_autobuy_flag":"0","pre_income_ratio":"0.0000","fund_full_name":"恒生电子股票基金","accept_hq_date":"20170215","share_type":"A","error_code":"","total_count":"1","fund_share":"0.00","fund_name":"恒生电子股票基金","fund_status":"0","ta_no":"B0","success_type":"0","nav_total":"1.7000","nav":"1.7000","prod_term":"0","ofund_risklevel":"0","en_minshare":"0.00","hq_date":"20170214","fund_curr_ratio":"0.0000","error_info":""}]}
    [code] => 200
)
]
[11:15:31][参数：Array
(
    [targetcomp_id] => 91000
    [sendercomp_id] => 91000
    [access_token] => 70E9C8095E904B3296F571620051A3862017021608270515315614
    [request_num] => 1
    [reqry_recordsum_flag] => 1
    [qry_beginrownum] => 0
    [fund_code] => 600570
)
https://sitapi.hscloud.cn/cwsale/v1/newhq_qry
回参：Array
(
    [data] => {"data":[{"ofund_type":"0","per_myriad_income":"0.0000","fund_code":"600570","fund_curr_income":"0.00","rowcount":"1","forbid_modi_autobuy_flag":"0","pre_income_ratio":"0.0000","fund_full_name":"恒生电子股票基金","accept_hq_date":"20170215","share_type":"A","error_code":"","total_count":"1","fund_share":"0.00","fund_name":"恒生电子股票基金","fund_status":"0","ta_no":"B0","success_type":"0","nav_total":"1.7000","nav":"1.7000","prod_term":"0","ofund_risklevel":"0","en_minshare":"0.00","hq_date":"20170214","fund_curr_ratio":"0.0000","error_info":""}]}
    [code] => 200
)
]
[11:15:31][参数：Array
(
    [targetcomp_id] => 91000
    [sendercomp_id] => 91000
    [access_token] => 70E9C8095E904B3296F571620051A3862017021608270515315614
    [request_num] => 1
    [reqry_recordsum_flag] => 1
    [qry_beginrownum] => 0
    [fund_code] => 600570
)
https://sitapi.hscloud.cn/cwsale/v1/newhq_qry
回参：Array
(
    [data] => {"data":[{"ofund_type":"0","per_myriad_income":"0.0000","fund_code":"600570","fund_curr_income":"0.00","rowcount":"1","forbid_modi_autobuy_flag":"0","pre_income_ratio":"0.0000","fund_full_name":"恒生电子股票基金","accept_hq_date":"20170215","share_type":"A","error_code":"","total_count":"1","fund_share":"0.00","fund_name":"恒生电子股票基金","fund_status":"0","ta_no":"B0","success_type":"0","nav_total":"1.7000","nav":"1.7000","prod_term":"0","ofund_risklevel":"0","en_minshare":"0.00","hq_date":"20170214","fund_curr_ratio":"0.0000","error_info":""}]}
    [code] => 200
)
]
[11:16:11][参数：Array
(
    [targetcomp_id] => 91000
    [sendercomp_id] => 91000
    [trust_way] => 2
    [access_token] => 70E9C8095E904B3296F571620051A3862017021608270515315614
    [request_num] => 50
    [reqry_recordsum_flag] => 1
    [qry_beginrownum] => 0
    [client_id] => 10288
)
https://sitapi.hscloud.cn/cwsale/v1/share_qry
回参：Array
(
    [data] => {"data":[{"excetrans_out_total_quota":"0.00","share_type":"A","c_flag":"1","trade_acco":"1189","today_transin_total_quota":"0.00","current_share":"5647.06","ta_acco":"B01000010022","capital_mode":"l","today_apply_total_quota":"0.00","business_frozen_amount":"300.00","lock_share":"0.00","available_due_share":"5347.06","bank_account":"6217000340000565980","fund_code":"600570","rowcount":"2","auto_buy":"0","today_exceed_total_quota":"0.00","today_transout_total_quota":"0.00","unpaid_income":"0.00","error_code":"","quick_exceed_enable_share":"5347.06","accum_income":"0.00","cost":"12000.00","frozen_share":"0.00","total_count":"2","worth_value":"9600.00","today_income":"0.00","nav_date":"20170214","success_type":"0","enable_shares":"5347.06","bank_no":"005","error_info":"","excetrans_in_total_quota":"0.00"},{"excetrans_out_total_quota":"0.00","share_type":"A","c_flag":"1","trade_acco":"1192","today_transin_total_quota":"0.00","current_share":"5647.06","ta_acco":"B01000010022","capital_mode":"l","today_apply_total_quota":"0.00","business_frozen_amount":"5647.06","lock_share":"0.00","available_due_share":"0.00","bank_account":"6228480712413995614","fund_code":"600570","rowcount":"2","auto_buy":"0","today_exceed_total_quota":"0.00","today_transout_total_quota":"0.00","unpaid_income":"0.00","error_code":"","quick_exceed_enable_share":"0.00","accum_income":"0.00","cost":"12000.00","frozen_share":"0.00","total_count":"2","worth_value":"9600.00","today_income":"0.00","nav_date":"20170214","success_type":"0","enable_shares":"0.00","bank_no":"003","error_info":"","excetrans_in_total_quota":"0.00"}]}
    [code] => 200
)
]
[11:16:11][参数：Array
(
    [targetcomp_id] => 91000
    [sendercomp_id] => 91000
    [access_token] => 70E9C8095E904B3296F571620051A3862017021608270515315614
    [request_num] => 1
    [reqry_recordsum_flag] => 1
    [qry_beginrownum] => 0
    [fund_code] => 600570
)
https://sitapi.hscloud.cn/cwsale/v1/newhq_qry
回参：Array
(
    [data] => {"data":[{"ofund_type":"0","per_myriad_income":"0.0000","fund_code":"600570","fund_curr_income":"0.00","rowcount":"1","forbid_modi_autobuy_flag":"0","pre_income_ratio":"0.0000","fund_full_name":"恒生电子股票基金","accept_hq_date":"20170215","share_type":"A","error_code":"","total_count":"1","fund_share":"0.00","fund_name":"恒生电子股票基金","fund_status":"0","ta_no":"B0","success_type":"0","nav_total":"1.7000","nav":"1.7000","prod_term":"0","ofund_risklevel":"0","en_minshare":"0.00","hq_date":"20170214","fund_curr_ratio":"0.0000","error_info":""}]}
    [code] => 200
)
]
[11:16:11][参数：Array
(
    [targetcomp_id] => 91000
    [sendercomp_id] => 91000
    [access_token] => 70E9C8095E904B3296F571620051A3862017021608270515315614
    [request_num] => 1
    [reqry_recordsum_flag] => 1
    [qry_beginrownum] => 0
    [fund_code] => 600570
)
https://sitapi.hscloud.cn/cwsale/v1/newhq_qry
回参：Array
(
    [data] => {"data":[{"ofund_type":"0","per_myriad_income":"0.0000","fund_code":"600570","fund_curr_income":"0.00","rowcount":"1","forbid_modi_autobuy_flag":"0","pre_income_ratio":"0.0000","fund_full_name":"恒生电子股票基金","accept_hq_date":"20170215","share_type":"A","error_code":"","total_count":"1","fund_share":"0.00","fund_name":"恒生电子股票基金","fund_status":"0","ta_no":"B0","success_type":"0","nav_total":"1.7000","nav":"1.7000","prod_term":"0","ofund_risklevel":"0","en_minshare":"0.00","hq_date":"20170214","fund_curr_ratio":"0.0000","error_info":""}]}
    [code] => 200
)
]
[11:16:11][参数：Array
(
    [targetcomp_id] => 91000
    [sendercomp_id] => 91000
    [access_token] => 70E9C8095E904B3296F571620051A3862017021608270515315614
    [request_num] => 1
    [reqry_recordsum_flag] => 1
    [qry_beginrownum] => 0
    [fund_code] => 600570
)
https://sitapi.hscloud.cn/cwsale/v1/newhq_qry
回参：Array
(
    [data] => {"data":[{"ofund_type":"0","per_myriad_income":"0.0000","fund_code":"600570","fund_curr_income":"0.00","rowcount":"1","forbid_modi_autobuy_flag":"0","pre_income_ratio":"0.0000","fund_full_name":"恒生电子股票基金","accept_hq_date":"20170215","share_type":"A","error_code":"","total_count":"1","fund_share":"0.00","fund_name":"恒生电子股票基金","fund_status":"0","ta_no":"B0","success_type":"0","nav_total":"1.7000","nav":"1.7000","prod_term":"0","ofund_risklevel":"0","en_minshare":"0.00","hq_date":"20170214","fund_curr_ratio":"0.0000","error_info":""}]}
    [code] => 200
)
]
[11:16:11][参数：Array
(
    [targetcomp_id] => 91000
    [sendercomp_id] => 91000
    [access_token] => 70E9C8095E904B3296F571620051A3862017021608270515315614
    [request_num] => 1
    [reqry_recordsum_flag] => 1
    [qry_beginrownum] => 0
    [fund_code] => 600570
)
https://sitapi.hscloud.cn/cwsale/v1/newhq_qry
回参：Array
(
    [data] => {"data":[{"ofund_type":"0","per_myriad_income":"0.0000","fund_code":"600570","fund_curr_income":"0.00","rowcount":"1","forbid_modi_autobuy_flag":"0","pre_income_ratio":"0.0000","fund_full_name":"恒生电子股票基金","accept_hq_date":"20170215","share_type":"A","error_code":"","total_count":"1","fund_share":"0.00","fund_name":"恒生电子股票基金","fund_status":"0","ta_no":"B0","success_type":"0","nav_total":"1.7000","nav":"1.7000","prod_term":"0","ofund_risklevel":"0","en_minshare":"0.00","hq_date":"20170214","fund_curr_ratio":"0.0000","error_info":""}]}
    [code] => 200
)
]
[11:19:17][参数：Array
(
    [targetcomp_id] => 91000
    [sendercomp_id] => 91000
    [trust_way] => 2
    [access_token] => 70E9C8095E904B3296F571620051A3862017021608270515315614
    [request_num] => 50
    [reqry_recordsum_flag] => 1
    [qry_beginrownum] => 0
    [client_id] => 10288
)
https://sitapi.hscloud.cn/cwsale/v1/share_qry
回参：Array
(
    [data] => {"data":[{"excetrans_out_total_quota":"0.00","share_type":"A","c_flag":"1","trade_acco":"1189","today_transin_total_quota":"0.00","current_share":"5647.06","ta_acco":"B01000010022","capital_mode":"l","today_apply_total_quota":"0.00","business_frozen_amount":"300.00","lock_share":"0.00","available_due_share":"5347.06","bank_account":"6217000340000565980","fund_code":"600570","rowcount":"2","auto_buy":"0","today_exceed_total_quota":"0.00","today_transout_total_quota":"0.00","unpaid_income":"0.00","error_code":"","quick_exceed_enable_share":"5347.06","accum_income":"0.00","cost":"12000.00","frozen_share":"0.00","total_count":"2","worth_value":"9600.00","today_income":"0.00","nav_date":"20170214","success_type":"0","enable_shares":"5347.06","bank_no":"005","error_info":"","excetrans_in_total_quota":"0.00"},{"excetrans_out_total_quota":"0.00","share_type":"A","c_flag":"1","trade_acco":"1192","today_transin_total_quota":"0.00","current_share":"5647.06","ta_acco":"B01000010022","capital_mode":"l","today_apply_total_quota":"0.00","business_frozen_amount":"5647.06","lock_share":"0.00","available_due_share":"0.00","bank_account":"6228480712413995614","fund_code":"600570","rowcount":"2","auto_buy":"0","today_exceed_total_quota":"0.00","today_transout_total_quota":"0.00","unpaid_income":"0.00","error_code":"","quick_exceed_enable_share":"0.00","accum_income":"0.00","cost":"12000.00","frozen_share":"0.00","total_count":"2","worth_value":"9600.00","today_income":"0.00","nav_date":"20170214","success_type":"0","enable_shares":"0.00","bank_no":"003","error_info":"","excetrans_in_total_quota":"0.00"}]}
    [code] => 200
)
]
[11:19:17][参数：Array
(
    [targetcomp_id] => 91000
    [sendercomp_id] => 91000
    [access_token] => 70E9C8095E904B3296F571620051A3862017021608270515315614
    [request_num] => 1
    [reqry_recordsum_flag] => 1
    [qry_beginrownum] => 0
    [fund_code] => 600570
)
https://sitapi.hscloud.cn/cwsale/v1/newhq_qry
回参：Array
(
    [data] => {"data":[{"ofund_type":"0","per_myriad_income":"0.0000","fund_code":"600570","fund_curr_income":"0.00","rowcount":"1","forbid_modi_autobuy_flag":"0","pre_income_ratio":"0.0000","fund_full_name":"恒生电子股票基金","accept_hq_date":"20170215","share_type":"A","error_code":"","total_count":"1","fund_share":"0.00","fund_name":"恒生电子股票基金","fund_status":"0","ta_no":"B0","success_type":"0","nav_total":"1.7000","nav":"1.7000","prod_term":"0","ofund_risklevel":"0","en_minshare":"0.00","hq_date":"20170214","fund_curr_ratio":"0.0000","error_info":""}]}
    [code] => 200
)
]
[11:19:17][参数：Array
(
    [targetcomp_id] => 91000
    [sendercomp_id] => 91000
    [access_token] => 70E9C8095E904B3296F571620051A3862017021608270515315614
    [request_num] => 1
    [reqry_recordsum_flag] => 1
    [qry_beginrownum] => 0
    [fund_code] => 600570
)
https://sitapi.hscloud.cn/cwsale/v1/newhq_qry
回参：Array
(
    [data] => {"data":[{"ofund_type":"0","per_myriad_income":"0.0000","fund_code":"600570","fund_curr_income":"0.00","rowcount":"1","forbid_modi_autobuy_flag":"0","pre_income_ratio":"0.0000","fund_full_name":"恒生电子股票基金","accept_hq_date":"20170215","share_type":"A","error_code":"","total_count":"1","fund_share":"0.00","fund_name":"恒生电子股票基金","fund_status":"0","ta_no":"B0","success_type":"0","nav_total":"1.7000","nav":"1.7000","prod_term":"0","ofund_risklevel":"0","en_minshare":"0.00","hq_date":"20170214","fund_curr_ratio":"0.0000","error_info":""}]}
    [code] => 200
)
]
[11:19:17][参数：Array
(
    [targetcomp_id] => 91000
    [sendercomp_id] => 91000
    [access_token] => 70E9C8095E904B3296F571620051A3862017021608270515315614
    [request_num] => 1
    [reqry_recordsum_flag] => 1
    [qry_beginrownum] => 0
    [fund_code] => 600570
)
https://sitapi.hscloud.cn/cwsale/v1/newhq_qry
回参：Array
(
    [data] => {"data":[{"ofund_type":"0","per_myriad_income":"0.0000","fund_code":"600570","fund_curr_income":"0.00","rowcount":"1","forbid_modi_autobuy_flag":"0","pre_income_ratio":"0.0000","fund_full_name":"恒生电子股票基金","accept_hq_date":"20170215","share_type":"A","error_code":"","total_count":"1","fund_share":"0.00","fund_name":"恒生电子股票基金","fund_status":"0","ta_no":"B0","success_type":"0","nav_total":"1.7000","nav":"1.7000","prod_term":"0","ofund_risklevel":"0","en_minshare":"0.00","hq_date":"20170214","fund_curr_ratio":"0.0000","error_info":""}]}
    [code] => 200
)
]
[11:19:17][参数：Array
(
    [targetcomp_id] => 91000
    [sendercomp_id] => 91000
    [access_token] => 70E9C8095E904B3296F571620051A3862017021608270515315614
    [request_num] => 1
    [reqry_recordsum_flag] => 1
    [qry_beginrownum] => 0
    [fund_code] => 600570
)
https://sitapi.hscloud.cn/cwsale/v1/newhq_qry
回参：Array
(
    [data] => {"data":[{"ofund_type":"0","per_myriad_income":"0.0000","fund_code":"600570","fund_curr_income":"0.00","rowcount":"1","forbid_modi_autobuy_flag":"0","pre_income_ratio":"0.0000","fund_full_name":"恒生电子股票基金","accept_hq_date":"20170215","share_type":"A","error_code":"","total_count":"1","fund_share":"0.00","fund_name":"恒生电子股票基金","fund_status":"0","ta_no":"B0","success_type":"0","nav_total":"1.7000","nav":"1.7000","prod_term":"0","ofund_risklevel":"0","en_minshare":"0.00","hq_date":"20170214","fund_curr_ratio":"0.0000","error_info":""}]}
    [code] => 200
)
]
[13:21:29][参数：Array
(
    [targetcomp_id] => 91000
    [sendercomp_id] => 91000
    [trust_way] => 2
    [access_token] => 70E9C8095E904B3296F571620051A3862017021608270515315614
    [request_num] => 50
    [reqry_recordsum_flag] => 1
    [qry_beginrownum] => 0
    [client_id] => 10288
)
https://sitapi.hscloud.cn/cwsale/v1/share_qry
回参：Array
(
    [data] => {"data":[{"excetrans_out_total_quota":"0.00","share_type":"A","c_flag":"1","trade_acco":"1189","today_transin_total_quota":"0.00","current_share":"10675.82","ta_acco":"B01000010022","capital_mode":"l","today_apply_total_quota":"0.00","business_frozen_amount":"100.00","lock_share":"0.00","available_due_share":"10575.82","bank_account":"6217000340000565980","fund_code":"600570","rowcount":"2","auto_buy":"0","today_exceed_total_quota":"0.00","today_transout_total_quota":"0.00","unpaid_income":"0.00","error_code":"","quick_exceed_enable_share":"10575.82","accum_income":"0.00","cost":"22771.11","frozen_share":"0.00","total_count":"2","worth_value":"18148.89","today_income":"0.00","nav_date":"20170215","success_type":"0","enable_shares":"10575.82","bank_no":"005","error_info":"","excetrans_in_total_quota":"0.00"},{"excetrans_out_total_quota":"0.00","share_type":"A","c_flag":"1","trade_acco":"1192","today_transin_total_quota":"0.00","current_share":"522.85","ta_acco":"B01000010022","capital_mode":"l","today_apply_total_quota":"0.00","business_frozen_amount":"0.00","lock_share":"0.00","available_due_share":"522.85","bank_account":"6228480712413995614","fund_code":"600570","rowcount":"2","auto_buy":"0","today_exceed_total_quota":"0.00","today_transout_total_quota":"0.00","unpaid_income":"0.00","error_code":"","quick_exceed_enable_share":"522.85","accum_income":"0.00","cost":"3511.06","frozen_share":"0.00","total_count":"2","worth_value":"888.85","today_income":"0.00","nav_date":"20170215","success_type":"0","enable_shares":"522.85","bank_no":"003","error_info":"","excetrans_in_total_quota":"0.00"}]}
    [code] => 200
)
]
[13:21:29][参数：Array
(
    [targetcomp_id] => 91000
    [sendercomp_id] => 91000
    [access_token] => 70E9C8095E904B3296F571620051A3862017021608270515315614
    [request_num] => 1
    [reqry_recordsum_flag] => 1
    [qry_beginrownum] => 0
    [fund_code] => 600570
)
https://sitapi.hscloud.cn/cwsale/v1/newhq_qry
回参：Array
(
    [data] => {"data":[{"ofund_type":"0","per_myriad_income":"0.0000","fund_code":"600570","fund_curr_income":"0.00","rowcount":"1","forbid_modi_autobuy_flag":"0","pre_income_ratio":"0.0000","fund_full_name":"恒生电子股票基金","accept_hq_date":"20170216","share_type":"A","error_code":"","total_count":"1","fund_share":"0.00","fund_name":"恒生电子股票基金","fund_status":"0","ta_no":"B0","success_type":"0","nav_total":"1.7000","nav":"1.7000","prod_term":"0","ofund_risklevel":"0","en_minshare":"0.00","hq_date":"20170215","fund_curr_ratio":"0.0000","error_info":""}]}
    [code] => 200
)
]
[13:21:29][参数：Array
(
    [targetcomp_id] => 91000
    [sendercomp_id] => 91000
    [access_token] => 70E9C8095E904B3296F571620051A3862017021608270515315614
    [request_num] => 1
    [reqry_recordsum_flag] => 1
    [qry_beginrownum] => 0
    [fund_code] => 600570
)
https://sitapi.hscloud.cn/cwsale/v1/newhq_qry
回参：Array
(
    [data] => {"data":[{"ofund_type":"0","per_myriad_income":"0.0000","fund_code":"600570","fund_curr_income":"0.00","rowcount":"1","forbid_modi_autobuy_flag":"0","pre_income_ratio":"0.0000","fund_full_name":"恒生电子股票基金","accept_hq_date":"20170216","share_type":"A","error_code":"","total_count":"1","fund_share":"0.00","fund_name":"恒生电子股票基金","fund_status":"0","ta_no":"B0","success_type":"0","nav_total":"1.7000","nav":"1.7000","prod_term":"0","ofund_risklevel":"0","en_minshare":"0.00","hq_date":"20170215","fund_curr_ratio":"0.0000","error_info":""}]}
    [code] => 200
)
]
[13:21:29][参数：Array
(
    [targetcomp_id] => 91000
    [sendercomp_id] => 91000
    [access_token] => 70E9C8095E904B3296F571620051A3862017021608270515315614
    [request_num] => 1
    [reqry_recordsum_flag] => 1
    [qry_beginrownum] => 0
    [fund_code] => 600570
)
https://sitapi.hscloud.cn/cwsale/v1/newhq_qry
回参：Array
(
    [data] => {"data":[{"ofund_type":"0","per_myriad_income":"0.0000","fund_code":"600570","fund_curr_income":"0.00","rowcount":"1","forbid_modi_autobuy_flag":"0","pre_income_ratio":"0.0000","fund_full_name":"恒生电子股票基金","accept_hq_date":"20170216","share_type":"A","error_code":"","total_count":"1","fund_share":"0.00","fund_name":"恒生电子股票基金","fund_status":"0","ta_no":"B0","success_type":"0","nav_total":"1.7000","nav":"1.7000","prod_term":"0","ofund_risklevel":"0","en_minshare":"0.00","hq_date":"20170215","fund_curr_ratio":"0.0000","error_info":""}]}
    [code] => 200
)
]
[13:21:30][参数：Array
(
    [targetcomp_id] => 91000
    [sendercomp_id] => 91000
    [access_token] => 70E9C8095E904B3296F571620051A3862017021608270515315614
    [request_num] => 1
    [reqry_recordsum_flag] => 1
    [qry_beginrownum] => 0
    [fund_code] => 600570
)
https://sitapi.hscloud.cn/cwsale/v1/newhq_qry
回参：Array
(
    [data] => {"data":[{"ofund_type":"0","per_myriad_income":"0.0000","fund_code":"600570","fund_curr_income":"0.00","rowcount":"1","forbid_modi_autobuy_flag":"0","pre_income_ratio":"0.0000","fund_full_name":"恒生电子股票基金","accept_hq_date":"20170216","share_type":"A","error_code":"","total_count":"1","fund_share":"0.00","fund_name":"恒生电子股票基金","fund_status":"0","ta_no":"B0","success_type":"0","nav_total":"1.7000","nav":"1.7000","prod_term":"0","ofund_risklevel":"0","en_minshare":"0.00","hq_date":"20170215","fund_curr_ratio":"0.0000","error_info":""}]}
    [code] => 200
)
]
