[15:57:08][|-Param-|Array
(
    [UserID] => 184
    [trust_way] => 2
    [cust_type] => 1
    [full_name] => 江雪锋
    [id_kind_gb] => 0
    [id_no] => 421281199202011735
    [elig_content] => 1:1|2:5|3:1|4:2|5:4|6:2|7:1|8:3|9:2|
)
]
[15:57:51][|-Param-|Array
(
    [UserID] => 196
    [trust_way] => 2
    [cust_type] => 1
    [full_name] => 严萌
    [id_kind_gb] => 0
    [id_no] => 420111199508286623
    [elig_content] => 1:1|2:1|3:5|4:5|5:3|6:5|7:5|8:4|9:3|
)
]
[20:22:37][|-Param-|Array
(
    [UserID] => 167
    [trust_way] => 2
    [cust_type] => 1
    [full_name] => 中国农业银行
    [id_kind_gb] => 0
    [id_no] => 350122198812076538
    [elig_content] => 1:4|2:4|3:4|4:3|5:4|6:1|7:3|8:4|9:3|
)
]
[20:24:54][|-Param-|Array
(
    [UserID] => 167
    [trust_way] => 2
    [cust_type] => 1
    [full_name] => 中国农业银行
    [id_kind_gb] => 0
    [id_no] => 350122198812076538
    [elig_content] => 1:4|2:4|3:4|4:3|5:4|6:1|7:3|8:4|9:3|
)
]
[20:29:24][|-Param-|Array
(
    [UserID] => 167
    [trust_way] => 2
    [cust_type] => 1
    [full_name] => 中国农业银行
    [id_kind_gb] => 0
    [id_no] => 350122198812076538
    [elig_content] => 1:4|2:4|3:4|4:3|5:4|6:1|7:3|8:4|9:3|
)
]
[20:30:07][|-Param-|Array
(
    [UserID] => 167
    [trust_way] => 2
    [cust_type] => 1
    [full_name] => 中国农业银行
    [id_kind_gb] => 0
    [id_no] => 350122198812076538
    [elig_content] => 1:1|2:1|3:1|4:1|5:1|6:1|7:1|8:5|9:3|
)
]
[20:37:10][|-Param-|Array
(
    [UserID] => 167
    [trust_way] => 2
    [cust_type] => 1
    [full_name] => 中国农业银行
    [id_kind_gb] => 0
    [id_no] => 350122198812076538
    [elig_content] => 1:1|2:1|3:5|4:5|5:3|6:5|7:5|8:5|9:3|
)
]
[20:37:17][|-Param-|Array
(
    [UserID] => 167
    [trust_way] => 2
    [cust_type] => 1
    [full_name] => 中国农业银行
    [id_kind_gb] => 0
    [id_no] => 350122198812076538
    [elig_content] => 1:1|2:1|3:5|4:5|5:3|6:5|7:5|8:5|9:3|
)
]
[20:37:59][|-Param-|Array
(
    [UserID] => 167
    [trust_way] => 2
    [cust_type] => 1
    [full_name] => 中国农业银行
    [id_kind_gb] => 0
    [id_no] => 350122198812076538
    [elig_content] => 1:1|2:1|3:5|4:5|5:3|6:5|7:5|8:5|9:3|
)
]
[20:38:07][|-Param-|Array
(
    [UserID] => 167
    [trust_way] => 2
    [cust_type] => 1
    [full_name] => 中国农业银行
    [id_kind_gb] => 0
    [id_no] => 350122198812076538
    [elig_content] => 1:1|2:1|3:5|4:5|5:3|6:5|7:5|8:5|9:3|
)
]
[20:40:28][|-Param-|Array
(
    [UserID] => 167
    [trust_way] => 2
    [cust_type] => 1
    [full_name] => 中国农业银行
    [id_kind_gb] => 0
    [id_no] => 350122198812076538
    [elig_content] => 1:1|2:1|3:5|4:5|5:1|6:5|7:5|8:5|9:3|
)
]
