[14:16:23][参数：Array
(
    [targetcomp_id] => 91000
    [sendercomp_id] => 91000
    [access_token] => 1FA5B344BD9A4D96A32411B1805745AF2017021413362874147399
    [trust_way] => 2
    [capital_mode] => l
    [trade_source] => bjjj
    [request_num] => 1
    [reqry_recordsum_flag] => 1
    [qry_beginrownum] => 0
    [trade_acco] => 1189
    [client_id] => 10288
    [fund_code] => 600570
)
https://sitapi.hscloud.cn/cwsale/v1/trade_apply_qry
回参：Array
(
    [data] => {"data":[{"detail_fund_way":"01","send_flags":"1","hope_date":"","money_type":"0","max_trade_succ_quota":"0.00","target_fund_type":"","ta_acco":"B01000010022","balance":"12000.00","apply_date":"20170210","original_date":"20170209","protocol_period_unit":"","deduct_status":"2","discount_rate":"1.0000","apply_time":"093000","oppo_netno":"","first_exchdate":"","diffscale":"0.0000","max_succ_times":"","ofund_user_type":"","error_code":"","original_appno":"","busin_ass_code":"","shares":"0.00","portfolio_code":"","success_type":"0","portfolio_allot_no":"","bank_no":"005","expiry_date":"","combined_error_info":"","fund_froze_flag":"","busin_board_type":"","share_type":"A","trade_acco":"1189","capital_mode":"l","oppo_agency":"","after_discount_rate":"1.0000","oppo_trade_account":"","order_date":"170305","protocol_name":"","target_fund_code":"","fund_code":"600570","reserve_discount_rate":"1.0000","auto_buy":"","rowcount":"1","cyber_bank_error_id":"","oppo_fund_account":"","total_count":"3","taconfirm_flag":"1","receivable_account":"6217000340000565980","trade_period":"","allot_no":"20170209000064","fund_exceed_flag":"","fund_busin_code":"022","fund_risk_flag":"0","error_info":""}]}
    [code] => 200
)
]
[14:16:23][参数：Array
(
    [targetcomp_id] => 91000
    [sendercomp_id] => 91000
    [access_token] => 1FA5B344BD9A4D96A32411B1805745AF2017021413362874147399
    [trust_way] => 2
    [request_num] => 1
    [reqry_recordsum_flag] => 1
    [qry_beginrownum] => 0
    [trade_acco] => 
    [client_id] => 10288
    [bank_no] => 003
)
https://sitapi.hscloud.cn/cwsale/v1/accobank_qry
回参：Array
(
    [data] => {"data":[{"detail_fund_way":"01","rowcount":"1","fund_interface_type":"1","bank_open_id_kind_gb":"0","error_code":"","trade_acco":"1192","total_count":"1","ta_acco":"B01000010022","capital_mode":"l","success_type":"0","branchbank":"103100022069","bank_open_id_no":"350426198803025631","bank_no":"003","bank_account":"6228480712413995614","error_info":"","remittance_no":"","fund_card":"","bank_account_name":"后"}]}
    [code] => 200
)
]
[14:16:24][参数：Array
(
    [targetcomp_id] => 91000
    [sendercomp_id] => 91000
    [access_token] => 1FA5B344BD9A4D96A32411B1805745AF2017021413362874147399
    [request_num] => 1
    [reqry_recordsum_flag] => 1
    [qry_beginrownum] => 0
    [fund_code] => 600570
)
https://sitapi.hscloud.cn/cwsale/v1/newhq_qry
回参：Array
(
    [data] => {"data":[{"ofund_type":"0","per_myriad_income":"0.0000","fund_code":"600570","fund_curr_income":"0.00","rowcount":"1","forbid_modi_autobuy_flag":"0","pre_income_ratio":"0.0000","fund_full_name":"恒生电子股票基金","accept_hq_date":"20170214","share_type":"A","error_code":"","total_count":"1","fund_share":"0.00","fund_name":"恒生电子股票基金","fund_status":"0","ta_no":"B0","success_type":"0","nav_total":"1.7000","nav":"1.7000","prod_term":"0","ofund_risklevel":"0","en_minshare":"0.00","hq_date":"20170213","fund_curr_ratio":"0.0000","error_info":""}]}
    [code] => 200
)
]
[14:16:24][参数：Array
(
    [targetcomp_id] => 91000
    [sendercomp_id] => 91000
    [access_token] => 1FA5B344BD9A4D96A32411B1805745AF2017021413362874147399
    [trust_way] => 2
    [capital_mode] => l
    [trade_source] => bjjj
    [fund_code] => 600570
    [bank_no] => 003
    [bank_account] => 6228480712413995614
    [share_type] => A
    [shares] => 5647.06
    [trade_acco] => 1192
    [password] => 6803cbb9b19241ab53919a7f025bc107
    [fund_exceed_flag] => 1
)
https://sitapi.hscloud.cn/cwsale/v1/redeem_trade
回参：Array
(
    [data] => {"data":[{"nopay_income":"0.00","curr_date":"20170214","error_code":"","penalty_flag":"","curr_time":"141625","today_income":"0.00","fund_share":"0.00","allot_no":"20170214000028","success_type":"0","apply_date":"20170214","today_frozen_share":"0.00","clear_date":"","frozen_shares":"0.00","enable_shares":"0.00","today_total_share":"0.00","nodefault_total_share":"0.00","error_info":""}]}
    [code] => 200
)
]
[14:16:39][参数：Array
(
    [targetcomp_id] => 91000
    [sendercomp_id] => 91000
    [access_token] => 1FA5B344BD9A4D96A32411B1805745AF2017021413362874147399
    [trust_way] => 2
    [capital_mode] => l
    [trade_source] => bjjj
    [request_num] => 1
    [reqry_recordsum_flag] => 1
    [qry_beginrownum] => 0
    [trade_acco] => 1189
    [client_id] => 10288
    [fund_code] => 600570
)
https://sitapi.hscloud.cn/cwsale/v1/trade_apply_qry
回参：Array
(
    [data] => {"data":[{"detail_fund_way":"01","send_flags":"1","hope_date":"","money_type":"0","max_trade_succ_quota":"0.00","target_fund_type":"","ta_acco":"B01000010022","balance":"12000.00","apply_date":"20170210","original_date":"20170209","protocol_period_unit":"","deduct_status":"2","discount_rate":"1.0000","apply_time":"093000","oppo_netno":"","first_exchdate":"","diffscale":"0.0000","max_succ_times":"","ofund_user_type":"","error_code":"","original_appno":"","busin_ass_code":"","shares":"0.00","portfolio_code":"","success_type":"0","portfolio_allot_no":"","bank_no":"005","expiry_date":"","combined_error_info":"","fund_froze_flag":"","busin_board_type":"","share_type":"A","trade_acco":"1189","capital_mode":"l","oppo_agency":"","after_discount_rate":"1.0000","oppo_trade_account":"","order_date":"170305","protocol_name":"","target_fund_code":"","fund_code":"600570","reserve_discount_rate":"1.0000","auto_buy":"","rowcount":"1","cyber_bank_error_id":"","oppo_fund_account":"","total_count":"3","taconfirm_flag":"1","receivable_account":"6217000340000565980","trade_period":"","allot_no":"20170209000064","fund_exceed_flag":"","fund_busin_code":"022","fund_risk_flag":"0","error_info":""}]}
    [code] => 200
)
]
[14:16:39][参数：Array
(
    [targetcomp_id] => 91000
    [sendercomp_id] => 91000
    [access_token] => 1FA5B344BD9A4D96A32411B1805745AF2017021413362874147399
    [trust_way] => 2
    [request_num] => 1
    [reqry_recordsum_flag] => 1
    [qry_beginrownum] => 0
    [trade_acco] => 
    [client_id] => 10288
    [bank_no] => 003
)
https://sitapi.hscloud.cn/cwsale/v1/accobank_qry
回参：Array
(
    [data] => {"data":[{"detail_fund_way":"01","rowcount":"1","fund_interface_type":"1","bank_open_id_kind_gb":"0","error_code":"","trade_acco":"1192","total_count":"1","ta_acco":"B01000010022","capital_mode":"l","success_type":"0","branchbank":"103100022069","bank_open_id_no":"350426198803025631","bank_no":"003","bank_account":"6228480712413995614","error_info":"","remittance_no":"","fund_card":"","bank_account_name":"后"}]}
    [code] => 200
)
]
[14:16:39][参数：Array
(
    [targetcomp_id] => 91000
    [sendercomp_id] => 91000
    [access_token] => 1FA5B344BD9A4D96A32411B1805745AF2017021413362874147399
    [request_num] => 1
    [reqry_recordsum_flag] => 1
    [qry_beginrownum] => 0
    [fund_code] => 600570
)
https://sitapi.hscloud.cn/cwsale/v1/newhq_qry
回参：Array
(
    [data] => {"data":[{"ofund_type":"0","per_myriad_income":"0.0000","fund_code":"600570","fund_curr_income":"0.00","rowcount":"1","forbid_modi_autobuy_flag":"0","pre_income_ratio":"0.0000","fund_full_name":"恒生电子股票基金","accept_hq_date":"20170214","share_type":"A","error_code":"","total_count":"1","fund_share":"0.00","fund_name":"恒生电子股票基金","fund_status":"0","ta_no":"B0","success_type":"0","nav_total":"1.7000","nav":"1.7000","prod_term":"0","ofund_risklevel":"0","en_minshare":"0.00","hq_date":"20170213","fund_curr_ratio":"0.0000","error_info":""}]}
    [code] => 200
)
]
[14:16:40][参数：Array
(
    [targetcomp_id] => 91000
    [sendercomp_id] => 91000
    [access_token] => 1FA5B344BD9A4D96A32411B1805745AF2017021413362874147399
    [trust_way] => 2
    [capital_mode] => l
    [trade_source] => bjjj
    [fund_code] => 600570
    [bank_no] => 003
    [bank_account] => 6228480712413995614
    [share_type] => A
    [shares] => 5647.06
    [trade_acco] => 1192
    [password] => 6803cbb9b19241ab53919a7f025bc107
    [fund_exceed_flag] => 1
)
https://sitapi.hscloud.cn/cwsale/v1/redeem_trade
回参：Array
(
    [data] => {"data":[{"nopay_income":"0.00","curr_date":"20170214","error_code":"1224","penalty_flag":"","curr_time":"141640","today_income":"0.00","fund_share":"0.00","allot_no":"","success_type":"3","apply_date":"","today_frozen_share":"0.00","clear_date":"","frozen_shares":"0.00","enable_shares":"0.00","today_total_share":"0.00","nodefault_total_share":"0.00","error_info":"赎回份额大于可用份额"}]}
    [code] => 200
)
]
[14:20:13][参数：Array
(
    [targetcomp_id] => 91000
    [sendercomp_id] => 91000
    [access_token] => 1FA5B344BD9A4D96A32411B1805745AF2017021413362874147399
    [trust_way] => 2
    [capital_mode] => l
    [trade_source] => bjjj
    [request_num] => 1
    [reqry_recordsum_flag] => 1
    [qry_beginrownum] => 0
    [trade_acco] => 1189
    [client_id] => 10288
    [fund_code] => 600570
)
https://sitapi.hscloud.cn/cwsale/v1/trade_apply_qry
回参：Array
(
    [data] => {"data":[{"detail_fund_way":"01","send_flags":"1","hope_date":"","money_type":"0","max_trade_succ_quota":"0.00","target_fund_type":"","ta_acco":"B01000010022","balance":"12000.00","apply_date":"20170210","original_date":"20170209","protocol_period_unit":"","deduct_status":"2","discount_rate":"1.0000","apply_time":"093000","oppo_netno":"","first_exchdate":"","diffscale":"0.0000","max_succ_times":"","ofund_user_type":"","error_code":"","original_appno":"","busin_ass_code":"","shares":"0.00","portfolio_code":"","success_type":"0","portfolio_allot_no":"","bank_no":"005","expiry_date":"","combined_error_info":"","fund_froze_flag":"","busin_board_type":"","share_type":"A","trade_acco":"1189","capital_mode":"l","oppo_agency":"","after_discount_rate":"1.0000","oppo_trade_account":"","order_date":"170305","protocol_name":"","target_fund_code":"","fund_code":"600570","reserve_discount_rate":"1.0000","auto_buy":"","rowcount":"1","cyber_bank_error_id":"","oppo_fund_account":"","total_count":"3","taconfirm_flag":"1","receivable_account":"6217000340000565980","trade_period":"","allot_no":"20170209000064","fund_exceed_flag":"","fund_busin_code":"022","fund_risk_flag":"0","error_info":""}]}
    [code] => 200
)
]
[14:20:13][参数：Array
(
    [targetcomp_id] => 91000
    [sendercomp_id] => 91000
    [access_token] => 1FA5B344BD9A4D96A32411B1805745AF2017021413362874147399
    [trust_way] => 2
    [request_num] => 1
    [reqry_recordsum_flag] => 1
    [qry_beginrownum] => 0
    [trade_acco] => 
    [client_id] => 10288
    [bank_no] => 003
)
https://sitapi.hscloud.cn/cwsale/v1/accobank_qry
回参：Array
(
    [data] => {"data":[{"detail_fund_way":"01","rowcount":"1","fund_interface_type":"1","bank_open_id_kind_gb":"0","error_code":"","trade_acco":"1192","total_count":"1","ta_acco":"B01000010022","capital_mode":"l","success_type":"0","branchbank":"103100022069","bank_open_id_no":"350426198803025631","bank_no":"003","bank_account":"6228480712413995614","error_info":"","remittance_no":"","fund_card":"","bank_account_name":"后"}]}
    [code] => 200
)
]
[14:20:13][参数：Array
(
    [targetcomp_id] => 91000
    [sendercomp_id] => 91000
    [access_token] => 1FA5B344BD9A4D96A32411B1805745AF2017021413362874147399
    [request_num] => 1
    [reqry_recordsum_flag] => 1
    [qry_beginrownum] => 0
    [fund_code] => 600570
)
https://sitapi.hscloud.cn/cwsale/v1/newhq_qry
回参：Array
(
    [data] => {"data":[{"ofund_type":"0","per_myriad_income":"0.0000","fund_code":"600570","fund_curr_income":"0.00","rowcount":"1","forbid_modi_autobuy_flag":"0","pre_income_ratio":"0.0000","fund_full_name":"恒生电子股票基金","accept_hq_date":"20170214","share_type":"A","error_code":"","total_count":"1","fund_share":"0.00","fund_name":"恒生电子股票基金","fund_status":"0","ta_no":"B0","success_type":"0","nav_total":"1.7000","nav":"1.7000","prod_term":"0","ofund_risklevel":"0","en_minshare":"0.00","hq_date":"20170213","fund_curr_ratio":"0.0000","error_info":""}]}
    [code] => 200
)
]
[14:20:14][参数：Array
(
    [targetcomp_id] => 91000
    [sendercomp_id] => 91000
    [access_token] => 1FA5B344BD9A4D96A32411B1805745AF2017021413362874147399
    [trust_way] => 2
    [capital_mode] => l
    [trade_source] => bjjj
    [fund_code] => 600570
    [bank_no] => 003
    [bank_account] => 6228480712413995614
    [share_type] => A
    [shares] => 5647.06
    [trade_acco] => 1192
    [password] => 6803cbb9b19241ab53919a7f025bc107
    [fund_exceed_flag] => 1
)
https://sitapi.hscloud.cn/cwsale/v1/redeem_trade
回参：Array
(
    [data] => {"data":[{"nopay_income":"0.00","curr_date":"20170214","error_code":"1224","penalty_flag":"","curr_time":"142014","today_income":"0.00","fund_share":"0.00","allot_no":"","success_type":"3","apply_date":"","today_frozen_share":"0.00","clear_date":"","frozen_shares":"0.00","enable_shares":"0.00","today_total_share":"0.00","nodefault_total_share":"0.00","error_info":"赎回份额大于可用份额"}]}
    [code] => 200
)
]
[14:20:38][参数：Array
(
    [targetcomp_id] => 91000
    [sendercomp_id] => 91000
    [access_token] => 1FA5B344BD9A4D96A32411B1805745AF2017021413362874147399
    [trust_way] => 2
    [capital_mode] => l
    [trade_source] => bjjj
    [request_num] => 1
    [reqry_recordsum_flag] => 1
    [qry_beginrownum] => 0
    [trade_acco] => 1189
    [client_id] => 10288
    [fund_code] => 600570
)
https://sitapi.hscloud.cn/cwsale/v1/trade_apply_qry
回参：Array
(
    [data] => {"data":[{"detail_fund_way":"01","send_flags":"1","hope_date":"","money_type":"0","max_trade_succ_quota":"0.00","target_fund_type":"","ta_acco":"B01000010022","balance":"12000.00","apply_date":"20170210","original_date":"20170209","protocol_period_unit":"","deduct_status":"2","discount_rate":"1.0000","apply_time":"093000","oppo_netno":"","first_exchdate":"","diffscale":"0.0000","max_succ_times":"","ofund_user_type":"","error_code":"","original_appno":"","busin_ass_code":"","shares":"0.00","portfolio_code":"","success_type":"0","portfolio_allot_no":"","bank_no":"005","expiry_date":"","combined_error_info":"","fund_froze_flag":"","busin_board_type":"","share_type":"A","trade_acco":"1189","capital_mode":"l","oppo_agency":"","after_discount_rate":"1.0000","oppo_trade_account":"","order_date":"170305","protocol_name":"","target_fund_code":"","fund_code":"600570","reserve_discount_rate":"1.0000","auto_buy":"","rowcount":"1","cyber_bank_error_id":"","oppo_fund_account":"","total_count":"3","taconfirm_flag":"1","receivable_account":"6217000340000565980","trade_period":"","allot_no":"20170209000064","fund_exceed_flag":"","fund_busin_code":"022","fund_risk_flag":"0","error_info":""}]}
    [code] => 200
)
]
[14:20:38][参数：Array
(
    [targetcomp_id] => 91000
    [sendercomp_id] => 91000
    [access_token] => 1FA5B344BD9A4D96A32411B1805745AF2017021413362874147399
    [trust_way] => 2
    [request_num] => 1
    [reqry_recordsum_flag] => 1
    [qry_beginrownum] => 0
    [trade_acco] => 
    [client_id] => 10288
    [bank_no] => 003
)
https://sitapi.hscloud.cn/cwsale/v1/accobank_qry
回参：Array
(
    [data] => {"data":[{"detail_fund_way":"01","rowcount":"1","fund_interface_type":"1","bank_open_id_kind_gb":"0","error_code":"","trade_acco":"1192","total_count":"1","ta_acco":"B01000010022","capital_mode":"l","success_type":"0","branchbank":"103100022069","bank_open_id_no":"350426198803025631","bank_no":"003","bank_account":"6228480712413995614","error_info":"","remittance_no":"","fund_card":"","bank_account_name":"后"}]}
    [code] => 200
)
]
[14:20:38][参数：Array
(
    [targetcomp_id] => 91000
    [sendercomp_id] => 91000
    [access_token] => 1FA5B344BD9A4D96A32411B1805745AF2017021413362874147399
    [request_num] => 1
    [reqry_recordsum_flag] => 1
    [qry_beginrownum] => 0
    [fund_code] => 600570
)
https://sitapi.hscloud.cn/cwsale/v1/newhq_qry
回参：Array
(
    [data] => {"data":[{"ofund_type":"0","per_myriad_income":"0.0000","fund_code":"600570","fund_curr_income":"0.00","rowcount":"1","forbid_modi_autobuy_flag":"0","pre_income_ratio":"0.0000","fund_full_name":"恒生电子股票基金","accept_hq_date":"20170214","share_type":"A","error_code":"","total_count":"1","fund_share":"0.00","fund_name":"恒生电子股票基金","fund_status":"0","ta_no":"B0","success_type":"0","nav_total":"1.7000","nav":"1.7000","prod_term":"0","ofund_risklevel":"0","en_minshare":"0.00","hq_date":"20170213","fund_curr_ratio":"0.0000","error_info":""}]}
    [code] => 200
)
]
[14:20:38][参数：Array
(
    [targetcomp_id] => 91000
    [sendercomp_id] => 91000
    [access_token] => 1FA5B344BD9A4D96A32411B1805745AF2017021413362874147399
    [trust_way] => 2
    [capital_mode] => l
    [trade_source] => bjjj
    [fund_code] => 600570
    [bank_no] => 003
    [bank_account] => 6228480712413995614
    [share_type] => A
    [shares] => 564
    [trade_acco] => 1192
    [password] => 6803cbb9b19241ab53919a7f025bc107
    [fund_exceed_flag] => 1
)
https://sitapi.hscloud.cn/cwsale/v1/redeem_trade
回参：Array
(
    [data] => {"data":[{"nopay_income":"0.00","curr_date":"20170214","error_code":"1224","penalty_flag":"","curr_time":"142039","today_income":"0.00","fund_share":"0.00","allot_no":"","success_type":"3","apply_date":"","today_frozen_share":"0.00","clear_date":"","frozen_shares":"0.00","enable_shares":"0.00","today_total_share":"0.00","nodefault_total_share":"0.00","error_info":"赎回份额大于可用份额"}]}
    [code] => 200
)
]
[14:21:10][参数：Array
(
    [targetcomp_id] => 91000
    [sendercomp_id] => 91000
    [access_token] => 1FA5B344BD9A4D96A32411B1805745AF2017021413362874147399
    [trust_way] => 2
    [capital_mode] => l
    [trade_source] => bjjj
    [request_num] => 1
    [reqry_recordsum_flag] => 1
    [qry_beginrownum] => 0
    [trade_acco] => 1189
    [client_id] => 10288
    [fund_code] => 600570
)
https://sitapi.hscloud.cn/cwsale/v1/trade_apply_qry
回参：Array
(
    [data] => {"data":[{"detail_fund_way":"01","send_flags":"1","hope_date":"","money_type":"0","max_trade_succ_quota":"0.00","target_fund_type":"","ta_acco":"B01000010022","balance":"12000.00","apply_date":"20170210","original_date":"20170209","protocol_period_unit":"","deduct_status":"2","discount_rate":"1.0000","apply_time":"093000","oppo_netno":"","first_exchdate":"","diffscale":"0.0000","max_succ_times":"","ofund_user_type":"","error_code":"","original_appno":"","busin_ass_code":"","shares":"0.00","portfolio_code":"","success_type":"0","portfolio_allot_no":"","bank_no":"005","expiry_date":"","combined_error_info":"","fund_froze_flag":"","busin_board_type":"","share_type":"A","trade_acco":"1189","capital_mode":"l","oppo_agency":"","after_discount_rate":"1.0000","oppo_trade_account":"","order_date":"170305","protocol_name":"","target_fund_code":"","fund_code":"600570","reserve_discount_rate":"1.0000","auto_buy":"","rowcount":"1","cyber_bank_error_id":"","oppo_fund_account":"","total_count":"3","taconfirm_flag":"1","receivable_account":"6217000340000565980","trade_period":"","allot_no":"20170209000064","fund_exceed_flag":"","fund_busin_code":"022","fund_risk_flag":"0","error_info":""}]}
    [code] => 200
)
]
[14:21:10][参数：Array
(
    [targetcomp_id] => 91000
    [sendercomp_id] => 91000
    [access_token] => 1FA5B344BD9A4D96A32411B1805745AF2017021413362874147399
    [trust_way] => 2
    [request_num] => 1
    [reqry_recordsum_flag] => 1
    [qry_beginrownum] => 0
    [trade_acco] => 
    [client_id] => 10288
    [bank_no] => 005
)
https://sitapi.hscloud.cn/cwsale/v1/accobank_qry
回参：Array
(
    [data] => {"data":[{"detail_fund_way":"01","rowcount":"1","fund_interface_type":"1","bank_open_id_kind_gb":"0","error_code":"","trade_acco":"1189","total_count":"1","ta_acco":"B01000010022","capital_mode":"l","success_type":"0","branchbank":"105100014030","bank_open_id_no":"350426198803025631","bank_no":"005","bank_account":"6217000340000565980","error_info":"","remittance_no":"","fund_card":"","bank_account_name":"后"}]}
    [code] => 200
)
]
[14:21:10][参数：Array
(
    [targetcomp_id] => 91000
    [sendercomp_id] => 91000
    [access_token] => 1FA5B344BD9A4D96A32411B1805745AF2017021413362874147399
    [request_num] => 1
    [reqry_recordsum_flag] => 1
    [qry_beginrownum] => 0
    [fund_code] => 600570
)
https://sitapi.hscloud.cn/cwsale/v1/newhq_qry
回参：Array
(
    [data] => {"data":[{"ofund_type":"0","per_myriad_income":"0.0000","fund_code":"600570","fund_curr_income":"0.00","rowcount":"1","forbid_modi_autobuy_flag":"0","pre_income_ratio":"0.0000","fund_full_name":"恒生电子股票基金","accept_hq_date":"20170214","share_type":"A","error_code":"","total_count":"1","fund_share":"0.00","fund_name":"恒生电子股票基金","fund_status":"0","ta_no":"B0","success_type":"0","nav_total":"1.7000","nav":"1.7000","prod_term":"0","ofund_risklevel":"0","en_minshare":"0.00","hq_date":"20170213","fund_curr_ratio":"0.0000","error_info":""}]}
    [code] => 200
)
]
[14:21:10][参数：Array
(
    [targetcomp_id] => 91000
    [sendercomp_id] => 91000
    [access_token] => 1FA5B344BD9A4D96A32411B1805745AF2017021413362874147399
    [trust_way] => 2
    [capital_mode] => l
    [trade_source] => bjjj
    [fund_code] => 600570
    [bank_no] => 005
    [bank_account] => 6217000340000565980
    [share_type] => A
    [shares] => 100
    [trade_acco] => 1189
    [password] => 6803cbb9b19241ab53919a7f025bc107
    [fund_exceed_flag] => 1
)
https://sitapi.hscloud.cn/cwsale/v1/redeem_trade
回参：Array
(
    [data] => {"data":[{"nopay_income":"0.00","curr_date":"20170214","error_code":"","penalty_flag":"","curr_time":"142111","today_income":"0.00","fund_share":"0.00","allot_no":"20170214000030","success_type":"0","apply_date":"20170214","today_frozen_share":"0.00","clear_date":"","frozen_shares":"0.00","enable_shares":"0.00","today_total_share":"0.00","nodefault_total_share":"0.00","error_info":""}]}
    [code] => 200
)
]
[14:31:20][参数：Array
(
    [targetcomp_id] => 91000
    [sendercomp_id] => 91000
    [access_token] => 1FA5B344BD9A4D96A32411B1805745AF2017021413362874147399
    [trust_way] => 2
    [capital_mode] => l
    [trade_source] => bjjj
    [request_num] => 1
    [reqry_recordsum_flag] => 1
    [qry_beginrownum] => 0
    [trade_acco] => 1189
    [client_id] => 10288
    [fund_code] => 600570
)
https://sitapi.hscloud.cn/cwsale/v1/trade_apply_qry
回参：Array
(
    [data] => {"data":[{"detail_fund_way":"01","send_flags":"1","hope_date":"","money_type":"0","max_trade_succ_quota":"0.00","target_fund_type":"","ta_acco":"B01000010022","balance":"12000.00","apply_date":"20170210","original_date":"20170209","protocol_period_unit":"","deduct_status":"2","discount_rate":"1.0000","apply_time":"093000","oppo_netno":"","first_exchdate":"","diffscale":"0.0000","max_succ_times":"","ofund_user_type":"","error_code":"","original_appno":"","busin_ass_code":"","shares":"0.00","portfolio_code":"","success_type":"0","portfolio_allot_no":"","bank_no":"005","expiry_date":"","combined_error_info":"","fund_froze_flag":"","busin_board_type":"","share_type":"A","trade_acco":"1189","capital_mode":"l","oppo_agency":"","after_discount_rate":"1.0000","oppo_trade_account":"","order_date":"170305","protocol_name":"","target_fund_code":"","fund_code":"600570","reserve_discount_rate":"1.0000","auto_buy":"","rowcount":"1","cyber_bank_error_id":"","oppo_fund_account":"","total_count":"5","taconfirm_flag":"1","receivable_account":"6217000340000565980","trade_period":"","allot_no":"20170209000064","fund_exceed_flag":"","fund_busin_code":"022","fund_risk_flag":"0","error_info":""}]}
    [code] => 200
)
]
[14:31:20][参数：Array
(
    [targetcomp_id] => 91000
    [sendercomp_id] => 91000
    [access_token] => 1FA5B344BD9A4D96A32411B1805745AF2017021413362874147399
    [trust_way] => 2
    [request_num] => 1
    [reqry_recordsum_flag] => 1
    [qry_beginrownum] => 0
    [trade_acco] => 
    [client_id] => 10288
    [bank_no] => 005
)
https://sitapi.hscloud.cn/cwsale/v1/accobank_qry
回参：Array
(
    [data] => {"data":[{"detail_fund_way":"01","rowcount":"1","fund_interface_type":"1","bank_open_id_kind_gb":"0","error_code":"","trade_acco":"1189","total_count":"1","ta_acco":"B01000010022","capital_mode":"l","success_type":"0","branchbank":"105100014030","bank_open_id_no":"350426198803025631","bank_no":"005","bank_account":"6217000340000565980","error_info":"","remittance_no":"","fund_card":"","bank_account_name":"后"}]}
    [code] => 200
)
]
[14:31:20][参数：Array
(
    [targetcomp_id] => 91000
    [sendercomp_id] => 91000
    [access_token] => 1FA5B344BD9A4D96A32411B1805745AF2017021413362874147399
    [request_num] => 1
    [reqry_recordsum_flag] => 1
    [qry_beginrownum] => 0
    [fund_code] => 600570
)
https://sitapi.hscloud.cn/cwsale/v1/newhq_qry
回参：Array
(
    [data] => {"data":[{"ofund_type":"0","per_myriad_income":"0.0000","fund_code":"600570","fund_curr_income":"0.00","rowcount":"1","forbid_modi_autobuy_flag":"0","pre_income_ratio":"0.0000","fund_full_name":"恒生电子股票基金","accept_hq_date":"20170214","share_type":"A","error_code":"","total_count":"1","fund_share":"0.00","fund_name":"恒生电子股票基金","fund_status":"0","ta_no":"B0","success_type":"0","nav_total":"1.7000","nav":"1.7000","prod_term":"0","ofund_risklevel":"0","en_minshare":"0.00","hq_date":"20170213","fund_curr_ratio":"0.0000","error_info":""}]}
    [code] => 200
)
]
[14:31:20][参数：Array
(
    [targetcomp_id] => 91000
    [sendercomp_id] => 91000
    [access_token] => 1FA5B344BD9A4D96A32411B1805745AF2017021413362874147399
    [trust_way] => 2
    [capital_mode] => l
    [trade_source] => bjjj
    [fund_code] => 600570
    [bank_no] => 005
    [bank_account] => 6217000340000565980
    [share_type] => A
    [shares] => 100
    [trade_acco] => 1189
    [password] => 6803cbb9b19241ab53919a7f025bc107
    [fund_exceed_flag] => 1
)
https://sitapi.hscloud.cn/cwsale/v1/redeem_trade
回参：Array
(
    [data] => {"data":[{"nopay_income":"0.00","curr_date":"20170214","error_code":"","penalty_flag":"","curr_time":"143121","today_income":"0.00","fund_share":"0.00","allot_no":"20170214000046","success_type":"0","apply_date":"20170214","today_frozen_share":"0.00","clear_date":"","frozen_shares":"0.00","enable_shares":"0.00","today_total_share":"0.00","nodefault_total_share":"0.00","error_info":""}]}
    [code] => 200
)
]
[15:39:06][参数：Array
(
    [targetcomp_id] => 91000
    [sendercomp_id] => 91000
    [access_token] => 1FA5B344BD9A4D96A32411B1805745AF2017021413362874147399
    [trust_way] => 2
    [capital_mode] => l
    [trade_source] => bjjj
    [request_num] => 1
    [reqry_recordsum_flag] => 1
    [qry_beginrownum] => 0
    [trade_acco] => 1189
    [client_id] => 10288
    [fund_code] => 600570
)
https://sitapi.hscloud.cn/cwsale/v1/trade_apply_qry
回参：Array
(
    [data] => {"data":[{"detail_fund_way":"01","send_flags":"1","hope_date":"","money_type":"0","max_trade_succ_quota":"0.00","target_fund_type":"","ta_acco":"B01000010022","balance":"12000.00","apply_date":"20170210","original_date":"20170209","protocol_period_unit":"","deduct_status":"2","discount_rate":"1.0000","apply_time":"093000","oppo_netno":"","first_exchdate":"","diffscale":"0.0000","max_succ_times":"","ofund_user_type":"","error_code":"","original_appno":"","busin_ass_code":"","shares":"0.00","portfolio_code":"","success_type":"0","portfolio_allot_no":"","bank_no":"005","expiry_date":"","combined_error_info":"","fund_froze_flag":"","busin_board_type":"","share_type":"A","trade_acco":"1189","capital_mode":"l","oppo_agency":"","after_discount_rate":"1.0000","oppo_trade_account":"","order_date":"170305","protocol_name":"","target_fund_code":"","fund_code":"600570","reserve_discount_rate":"1.0000","auto_buy":"","rowcount":"1","cyber_bank_error_id":"","oppo_fund_account":"","total_count":"6","taconfirm_flag":"1","receivable_account":"6217000340000565980","trade_period":"","allot_no":"20170209000064","fund_exceed_flag":"","fund_busin_code":"022","fund_risk_flag":"0","error_info":""}]}
    [code] => 200
)
]
[15:39:06][参数：Array
(
    [targetcomp_id] => 91000
    [sendercomp_id] => 91000
    [access_token] => 1FA5B344BD9A4D96A32411B1805745AF2017021413362874147399
    [trust_way] => 2
    [request_num] => 1
    [reqry_recordsum_flag] => 1
    [qry_beginrownum] => 0
    [trade_acco] => 
    [client_id] => 10288
    [bank_no] => 005
)
https://sitapi.hscloud.cn/cwsale/v1/accobank_qry
回参：Array
(
    [data] => {"data":[{"detail_fund_way":"01","rowcount":"1","fund_interface_type":"1","bank_open_id_kind_gb":"0","error_code":"","trade_acco":"1189","total_count":"1","ta_acco":"B01000010022","capital_mode":"l","success_type":"0","branchbank":"105100014030","bank_open_id_no":"350426198803025631","bank_no":"005","bank_account":"6217000340000565980","error_info":"","remittance_no":"","fund_card":"","bank_account_name":"后"}]}
    [code] => 200
)
]
[15:39:06][参数：Array
(
    [targetcomp_id] => 91000
    [sendercomp_id] => 91000
    [access_token] => 1FA5B344BD9A4D96A32411B1805745AF2017021413362874147399
    [request_num] => 1
    [reqry_recordsum_flag] => 1
    [qry_beginrownum] => 0
    [fund_code] => 600570
)
https://sitapi.hscloud.cn/cwsale/v1/newhq_qry
回参：Array
(
    [data] => {"data":[{"ofund_type":"0","per_myriad_income":"0.0000","fund_code":"600570","fund_curr_income":"0.00","rowcount":"1","forbid_modi_autobuy_flag":"0","pre_income_ratio":"0.0000","fund_full_name":"恒生电子股票基金","accept_hq_date":"20170214","share_type":"A","error_code":"","total_count":"1","fund_share":"0.00","fund_name":"恒生电子股票基金","fund_status":"0","ta_no":"B0","success_type":"0","nav_total":"1.7000","nav":"1.7000","prod_term":"0","ofund_risklevel":"0","en_minshare":"0.00","hq_date":"20170213","fund_curr_ratio":"0.0000","error_info":""}]}
    [code] => 200
)
]
[15:39:06][参数：Array
(
    [targetcomp_id] => 91000
    [sendercomp_id] => 91000
    [access_token] => 1FA5B344BD9A4D96A32411B1805745AF2017021413362874147399
    [trust_way] => 2
    [capital_mode] => l
    [trade_source] => bjjj
    [fund_code] => 600570
    [bank_no] => 005
    [bank_account] => 6217000340000565980
    [share_type] => A
    [shares] => 5447.06
    [trade_acco] => 1189
    [password] => 6803cbb9b19241ab53919a7f025bc107
    [fund_exceed_flag] => 1
)
https://sitapi.hscloud.cn/cwsale/v1/redeem_trade
回参：Array
(
    [data] => {"data":[{"nopay_income":"0.00","curr_date":"20170214","error_code":"","penalty_flag":"","curr_time":"153907","today_income":"0.00","fund_share":"0.00","allot_no":"20170214000050","success_type":"0","apply_date":"20170215","today_frozen_share":"0.00","clear_date":"","frozen_shares":"0.00","enable_shares":"0.00","today_total_share":"0.00","nodefault_total_share":"0.00","error_info":""}]}
    [code] => 200
)
]
[15:41:38][参数：Array
(
    [targetcomp_id] => 91000
    [sendercomp_id] => 91000
    [access_token] => 1FA5B344BD9A4D96A32411B1805745AF2017021413362874147399
    [trust_way] => 2
    [capital_mode] => l
    [trade_source] => bjjj
    [request_num] => 1
    [reqry_recordsum_flag] => 1
    [qry_beginrownum] => 0
    [trade_acco] => 1189
    [client_id] => 10288
    [fund_code] => 600570
)
https://sitapi.hscloud.cn/cwsale/v1/trade_apply_qry
回参：Array
(
    [data] => {"data":[{"detail_fund_way":"01","send_flags":"1","hope_date":"","money_type":"0","max_trade_succ_quota":"0.00","target_fund_type":"","ta_acco":"B01000010022","balance":"12000.00","apply_date":"20170210","original_date":"20170209","protocol_period_unit":"","deduct_status":"2","discount_rate":"1.0000","apply_time":"093000","oppo_netno":"","first_exchdate":"","diffscale":"0.0000","max_succ_times":"","ofund_user_type":"","error_code":"","original_appno":"","busin_ass_code":"","shares":"0.00","portfolio_code":"","success_type":"0","portfolio_allot_no":"","bank_no":"005","expiry_date":"","combined_error_info":"","fund_froze_flag":"","busin_board_type":"","share_type":"A","trade_acco":"1189","capital_mode":"l","oppo_agency":"","after_discount_rate":"1.0000","oppo_trade_account":"","order_date":"170305","protocol_name":"","target_fund_code":"","fund_code":"600570","reserve_discount_rate":"1.0000","auto_buy":"","rowcount":"1","cyber_bank_error_id":"","oppo_fund_account":"","total_count":"7","taconfirm_flag":"1","receivable_account":"6217000340000565980","trade_period":"","allot_no":"20170209000064","fund_exceed_flag":"","fund_busin_code":"022","fund_risk_flag":"0","error_info":""}]}
    [code] => 200
)
]
[15:41:38][参数：Array
(
    [targetcomp_id] => 91000
    [sendercomp_id] => 91000
    [access_token] => 1FA5B344BD9A4D96A32411B1805745AF2017021413362874147399
    [trust_way] => 2
    [request_num] => 1
    [reqry_recordsum_flag] => 1
    [qry_beginrownum] => 0
    [trade_acco] => 
    [client_id] => 10288
    [bank_no] => 005
)
https://sitapi.hscloud.cn/cwsale/v1/accobank_qry
回参：Array
(
    [data] => {"data":[{"detail_fund_way":"01","rowcount":"1","fund_interface_type":"1","bank_open_id_kind_gb":"0","error_code":"","trade_acco":"1189","total_count":"1","ta_acco":"B01000010022","capital_mode":"l","success_type":"0","branchbank":"105100014030","bank_open_id_no":"350426198803025631","bank_no":"005","bank_account":"6217000340000565980","error_info":"","remittance_no":"","fund_card":"","bank_account_name":"后"}]}
    [code] => 200
)
]
[15:41:38][参数：Array
(
    [targetcomp_id] => 91000
    [sendercomp_id] => 91000
    [access_token] => 1FA5B344BD9A4D96A32411B1805745AF2017021413362874147399
    [request_num] => 1
    [reqry_recordsum_flag] => 1
    [qry_beginrownum] => 0
    [fund_code] => 600570
)
https://sitapi.hscloud.cn/cwsale/v1/newhq_qry
回参：Array
(
    [data] => {"data":[{"ofund_type":"0","per_myriad_income":"0.0000","fund_code":"600570","fund_curr_income":"0.00","rowcount":"1","forbid_modi_autobuy_flag":"0","pre_income_ratio":"0.0000","fund_full_name":"恒生电子股票基金","accept_hq_date":"20170214","share_type":"A","error_code":"","total_count":"1","fund_share":"0.00","fund_name":"恒生电子股票基金","fund_status":"0","ta_no":"B0","success_type":"0","nav_total":"1.7000","nav":"1.7000","prod_term":"0","ofund_risklevel":"0","en_minshare":"0.00","hq_date":"20170213","fund_curr_ratio":"0.0000","error_info":""}]}
    [code] => 200
)
]
[15:41:38][参数：Array
(
    [targetcomp_id] => 91000
    [sendercomp_id] => 91000
    [access_token] => 1FA5B344BD9A4D96A32411B1805745AF2017021413362874147399
    [trust_way] => 2
    [capital_mode] => l
    [trade_source] => bjjj
    [fund_code] => 600570
    [bank_no] => 005
    [bank_account] => 6217000340000565980
    [share_type] => A
    [shares] => 0.00
    [trade_acco] => 1189
    [password] => 6803cbb9b19241ab53919a7f025bc107
    [fund_exceed_flag] => 1
)
https://sitapi.hscloud.cn/cwsale/v1/redeem_trade
回参：Array
(
    [data] => {"data":[{"nopay_income":"0.00","curr_date":"20170214","error_code":"1300","penalty_flag":"","curr_time":"154138","today_income":"0.00","fund_share":"0.00","allot_no":"","success_type":"3","apply_date":"","today_frozen_share":"0.00","clear_date":"","frozen_shares":"0.00","enable_shares":"0.00","today_total_share":"0.00","nodefault_total_share":"0.00","error_info":"申请份额必须大于0"}]}
    [code] => 200
)
]
[16:45:02][参数：Array
(
    [targetcomp_id] => 91000
    [sendercomp_id] => 91000
    [access_token] => 1FA5B344BD9A4D96A32411B1805745AF2017021413362874147399
    [trust_way] => 2
    [capital_mode] => l
    [trade_source] => bjjj
    [request_num] => 1
    [reqry_recordsum_flag] => 1
    [qry_beginrownum] => 0
    [trade_acco] => 1188
    [client_id] => 10278
    [fund_code] => 600570
)
https://sitapi.hscloud.cn/cwsale/v1/trade_apply_qry
回参：Array
(
    [data] => {"data":[{"detail_fund_way":"01","send_flags":"1","hope_date":"","money_type":"0","max_trade_succ_quota":"0.00","target_fund_type":"","ta_acco":"B01000010011","balance":"10000.00","apply_date":"20170210","original_date":"20170209","protocol_period_unit":"","deduct_status":"2","discount_rate":"1.0000","apply_time":"093000","oppo_netno":"","first_exchdate":"","diffscale":"0.0000","max_succ_times":"","ofund_user_type":"","error_code":"","original_appno":"","busin_ass_code":"","shares":"0.00","portfolio_code":"","success_type":"0","portfolio_allot_no":"","bank_no":"003","expiry_date":"","combined_error_info":"","fund_froze_flag":"","busin_board_type":"","share_type":"A","trade_acco":"1188","capital_mode":"l","oppo_agency":"","after_discount_rate":"1.0000","oppo_trade_account":"","order_date":"213708","protocol_name":"","target_fund_code":"","fund_code":"600570","reserve_discount_rate":"1.0000","auto_buy":"","rowcount":"1","cyber_bank_error_id":"","oppo_fund_account":"","total_count":"6","taconfirm_flag":"1","receivable_account":"6228480712413995614","trade_period":"","allot_no":"20170209000113","fund_exceed_flag":"","fund_busin_code":"022","fund_risk_flag":"0","error_info":""}]}
    [code] => 200
)
]
[16:45:02][参数：Array
(
    [targetcomp_id] => 91000
    [sendercomp_id] => 91000
    [access_token] => 1FA5B344BD9A4D96A32411B1805745AF2017021413362874147399
    [trust_way] => 2
    [request_num] => 1
    [reqry_recordsum_flag] => 1
    [qry_beginrownum] => 0
    [trade_acco] => 
    [client_id] => 10278
    [bank_no] => 003
)
https://sitapi.hscloud.cn/cwsale/v1/accobank_qry
回参：Array
(
    [data] => {"data":[{"detail_fund_way":"01","rowcount":"1","fund_interface_type":"1","bank_open_id_kind_gb":"0","error_code":"","trade_acco":"1188","total_count":"1","ta_acco":"B01000010011","capital_mode":"l","success_type":"0","branchbank":"103405070014","bank_open_id_no":"350426198803037088","bank_no":"003","bank_account":"6228480712413995614","error_info":"","remittance_no":"","fund_card":"","bank_account_name":"邱小兰"}]}
    [code] => 200
)
]
[16:45:02][参数：Array
(
    [targetcomp_id] => 91000
    [sendercomp_id] => 91000
    [access_token] => 1FA5B344BD9A4D96A32411B1805745AF2017021413362874147399
    [request_num] => 1
    [reqry_recordsum_flag] => 1
    [qry_beginrownum] => 0
    [fund_code] => 600570
)
https://sitapi.hscloud.cn/cwsale/v1/newhq_qry
回参：Array
(
    [data] => {"data":[{"ofund_type":"0","per_myriad_income":"0.0000","fund_code":"600570","fund_curr_income":"0.00","rowcount":"1","forbid_modi_autobuy_flag":"0","pre_income_ratio":"0.0000","fund_full_name":"恒生电子股票基金","accept_hq_date":"20170214","share_type":"A","error_code":"","total_count":"1","fund_share":"0.00","fund_name":"恒生电子股票基金","fund_status":"0","ta_no":"B0","success_type":"0","nav_total":"1.7000","nav":"1.7000","prod_term":"0","ofund_risklevel":"0","en_minshare":"0.00","hq_date":"20170213","fund_curr_ratio":"0.0000","error_info":""}]}
    [code] => 200
)
]
[16:45:03][参数：Array
(
    [targetcomp_id] => 91000
    [sendercomp_id] => 91000
    [access_token] => 1FA5B344BD9A4D96A32411B1805745AF2017021413362874147399
    [trust_way] => 2
    [capital_mode] => l
    [trade_source] => bjjj
    [fund_code] => 600570
    [bank_no] => 003
    [bank_account] => 6228480712413995614
    [share_type] => A
    [shares] => 100
    [trade_acco] => 1188
    [password] => 571644c4a63665e4c2804a9f0438abe9
    [fund_exceed_flag] => 1
)
https://sitapi.hscloud.cn/cwsale/v1/redeem_trade
回参：Array
(
    [data] => {"data":[{"nopay_income":"0.00","curr_date":"20170214","error_code":"","penalty_flag":"","curr_time":"164503","today_income":"0.00","fund_share":"0.00","allot_no":"20170214000064","success_type":"0","apply_date":"20170215","today_frozen_share":"0.00","clear_date":"","frozen_shares":"0.00","enable_shares":"0.00","today_total_share":"0.00","nodefault_total_share":"0.00","error_info":""}]}
    [code] => 200
)
]
