[13:38:04][|-Param-|Array
(
    [trust_way] => 2
    [trade_acco] => 1177
)
]
[13:38:05][|-rs-|Array
(
    [data] => Array
        (
            [0] => Array
                (
                    [allot_no] => 20170213000024
                    [success_type] => 0
                    [error_code] => 
                    [error_info] => 
                )

        )

)
]
[15:46:27][|-Param-|Array
(
    [trust_way] => 2
    [trade_acco] => 1199
)
]
[15:46:27][|-rs-|Array
(
    [data] => Array
        (
            [0] => Array
                (
                    [allot_no] => 
                    [success_type] => 2
                    [error_code] => 2787
                    [error_info] => 未找到可销交易账号的基金账号
                )

        )

)
]
[15:46:40][|-Param-|Array
(
    [trust_way] => 2
    [trade_acco] => 1199
)
]
[15:46:41][|-rs-|Array
(
    [data] => Array
        (
            [0] => Array
                (
                    [allot_no] => 
                    [success_type] => 2
                    [error_code] => 2787
                    [error_info] => 未找到可销交易账号的基金账号
                )

        )

)
]
[15:46:44][|-Param-|Array
(
    [trust_way] => 2
    [trade_acco] => 1199
)
]
[15:46:44][|-rs-|Array
(
    [data] => Array
        (
            [0] => Array
                (
                    [allot_no] => 
                    [success_type] => 2
                    [error_code] => 2787
                    [error_info] => 未找到可销交易账号的基金账号
                )

        )

)
]
[15:46:51][|-Param-|Array
(
    [trust_way] => 2
    [trade_acco] => 1199
)
]
[15:46:51][|-rs-|Array
(
    [data] => Array
        (
            [0] => Array
                (
                    [allot_no] => 
                    [success_type] => 2
                    [error_code] => 2787
                    [error_info] => 未找到可销交易账号的基金账号
                )

        )

)
]
[16:09:57][|-Param-|Array
(
    [trust_way] => 2
    [trade_acco] => 1200
)
]
[16:09:57][|-rs-|Array
(
    [data] => Array
        (
            [0] => Array
                (
                    [allot_no] => 
                    [success_type] => 2
                    [error_code] => 2787
                    [error_info] => 未找到可销交易账号的基金账号
                )

        )

)
]
[16:10:06][|-Param-|Array
(
    [trust_way] => 2
    [trade_acco] => 1200
)
]
[16:10:06][|-rs-|Array
(
    [data] => Array
        (
            [0] => Array
                (
                    [allot_no] => 
                    [success_type] => 2
                    [error_code] => 2787
                    [error_info] => 未找到可销交易账号的基金账号
                )

        )

)
]
[16:10:35][|-Param-|Array
(
    [trust_way] => 2
    [trade_acco] => 1200
)
]
[16:10:37][|-rs-|Array
(
    [data] => Array
        (
            [0] => Array
                (
                    [allot_no] => 
                    [success_type] => 2
                    [error_code] => 2787
                    [error_info] => 未找到可销交易账号的基金账号
                )

        )

)
]
[16:13:44][|-Param-|Array
(
    [trust_way] => 2
    [trade_acco] => 1201
)
]
[16:13:45][|-rs-|Array
(
    [data] => Array
        (
            [0] => Array
                (
                    [allot_no] => 
                    [success_type] => 2
                    [error_code] => 2787
                    [error_info] => 未找到可销交易账号的基金账号
                )

        )

)
]
[16:14:02][|-Param-|Array
(
    [trust_way] => 2
    [trade_acco] => 1201
)
]
[16:14:02][|-rs-|Array
(
    [data] => Array
        (
            [0] => Array
                (
                    [allot_no] => 
                    [success_type] => 2
                    [error_code] => 2787
                    [error_info] => 未找到可销交易账号的基金账号
                )

        )

)
]
[16:14:37][|-Param-|Array
(
    [trust_way] => 2
    [trade_acco] => 1201
)
]
[16:14:37][|-rs-|Array
(
    [data] => Array
        (
            [0] => Array
                (
                    [allot_no] => 
                    [success_type] => 2
                    [error_code] => 2787
                    [error_info] => 未找到可销交易账号的基金账号
                )

        )

)
]
[16:15:23][|-Param-|Array
(
    [trust_way] => 2
    [trade_acco] => 1201
)
]
[16:15:23][|-rs-|Array
(
    [data] => Array
        (
            [0] => Array
                (
                    [allot_no] => 
                    [success_type] => 2
                    [error_code] => 2787
                    [error_info] => 未找到可销交易账号的基金账号
                )

        )

)
]
