[13:34:30][参数：Array
(
    [targetcomp_id] => 91000
    [sendercomp_id] => 91000
    [trust_way] => 2
    [access_token] => 83157445FE4F40BA8E9B0F725A14D6F52017021408361406402056
    [request_num] => 50
    [reqry_recordsum_flag] => 1
    [qry_beginrownum] => 0
    [client_id] => 10288
)
https://sitapi.hscloud.cn/cwsale/v1/share_qry
回参：Array
(
    [data] => {"data":[{"excetrans_out_total_quota":"0.00","share_type":"A","c_flag":"1","trade_acco":"1189","today_transin_total_quota":"0.00","current_share":"5647.06","ta_acco":"B01000010022","capital_mode":"l","today_apply_total_quota":"0.00","business_frozen_amount":"0.00","lock_share":"0.00","available_due_share":"5647.06","bank_account":"6217000340000565980","fund_code":"600570","rowcount":"2","auto_buy":"0","today_exceed_total_quota":"0.00","today_transout_total_quota":"0.00","unpaid_income":"0.00","error_code":"","quick_exceed_enable_share":"5647.06","accum_income":"0.00","cost":"12000.00","frozen_share":"0.00","total_count":"2","worth_value":"9600.00","today_income":"0.00","nav_date":"20170213","success_type":"0","enable_shares":"5647.06","bank_no":"005","error_info":"","excetrans_in_total_quota":"0.00"},{"excetrans_out_total_quota":"0.00","share_type":"A","c_flag":"1","trade_acco":"1192","today_transin_total_quota":"0.00","current_share":"5647.06","ta_acco":"B01000010022","capital_mode":"l","today_apply_total_quota":"0.00","business_frozen_amount":"0.00","lock_share":"0.00","available_due_share":"5647.06","bank_account":"6228480712413995614","fund_code":"600570","rowcount":"2","auto_buy":"0","today_exceed_total_quota":"0.00","today_transout_total_quota":"0.00","unpaid_income":"0.00","error_code":"","quick_exceed_enable_share":"5647.06","accum_income":"0.00","cost":"12000.00","frozen_share":"0.00","total_count":"2","worth_value":"9600.00","today_income":"0.00","nav_date":"20170213","success_type":"0","enable_shares":"5647.06","bank_no":"003","error_info":"","excetrans_in_total_quota":"0.00"}]}
    [code] => 200
)
]
[13:34:30][参数：Array
(
    [targetcomp_id] => 91000
    [sendercomp_id] => 91000
    [access_token] => 83157445FE4F40BA8E9B0F725A14D6F52017021408361406402056
    [request_num] => 1
    [reqry_recordsum_flag] => 1
    [qry_beginrownum] => 0
    [fund_code] => 600570
)
https://sitapi.hscloud.cn/cwsale/v1/newhq_qry
回参：Array
(
    [data] => {"data":[{"ofund_type":"0","per_myriad_income":"0.0000","fund_code":"600570","fund_curr_income":"0.00","rowcount":"1","forbid_modi_autobuy_flag":"0","pre_income_ratio":"0.0000","fund_full_name":"恒生电子股票基金","accept_hq_date":"20170214","share_type":"A","error_code":"","total_count":"1","fund_share":"0.00","fund_name":"恒生电子股票基金","fund_status":"0","ta_no":"B0","success_type":"0","nav_total":"1.7000","nav":"1.7000","prod_term":"0","ofund_risklevel":"0","en_minshare":"0.00","hq_date":"20170213","fund_curr_ratio":"0.0000","error_info":""}]}
    [code] => 200
)
]
[13:34:30][参数：Array
(
    [targetcomp_id] => 91000
    [sendercomp_id] => 91000
    [access_token] => 83157445FE4F40BA8E9B0F725A14D6F52017021408361406402056
    [request_num] => 1
    [reqry_recordsum_flag] => 1
    [qry_beginrownum] => 0
    [fund_code] => 600570
)
https://sitapi.hscloud.cn/cwsale/v1/newhq_qry
回参：Array
(
    [data] => {"data":[{"ofund_type":"0","per_myriad_income":"0.0000","fund_code":"600570","fund_curr_income":"0.00","rowcount":"1","forbid_modi_autobuy_flag":"0","pre_income_ratio":"0.0000","fund_full_name":"恒生电子股票基金","accept_hq_date":"20170214","share_type":"A","error_code":"","total_count":"1","fund_share":"0.00","fund_name":"恒生电子股票基金","fund_status":"0","ta_no":"B0","success_type":"0","nav_total":"1.7000","nav":"1.7000","prod_term":"0","ofund_risklevel":"0","en_minshare":"0.00","hq_date":"20170213","fund_curr_ratio":"0.0000","error_info":""}]}
    [code] => 200
)
]
[13:34:30][参数：Array
(
    [targetcomp_id] => 91000
    [sendercomp_id] => 91000
    [access_token] => 83157445FE4F40BA8E9B0F725A14D6F52017021408361406402056
    [request_num] => 1
    [reqry_recordsum_flag] => 1
    [qry_beginrownum] => 0
    [fund_code] => 600570
)
https://sitapi.hscloud.cn/cwsale/v1/newhq_qry
回参：Array
(
    [data] => {"data":[{"ofund_type":"0","per_myriad_income":"0.0000","fund_code":"600570","fund_curr_income":"0.00","rowcount":"1","forbid_modi_autobuy_flag":"0","pre_income_ratio":"0.0000","fund_full_name":"恒生电子股票基金","accept_hq_date":"20170214","share_type":"A","error_code":"","total_count":"1","fund_share":"0.00","fund_name":"恒生电子股票基金","fund_status":"0","ta_no":"B0","success_type":"0","nav_total":"1.7000","nav":"1.7000","prod_term":"0","ofund_risklevel":"0","en_minshare":"0.00","hq_date":"20170213","fund_curr_ratio":"0.0000","error_info":""}]}
    [code] => 200
)
]
[13:34:30][参数：Array
(
    [targetcomp_id] => 91000
    [sendercomp_id] => 91000
    [access_token] => 83157445FE4F40BA8E9B0F725A14D6F52017021408361406402056
    [request_num] => 1
    [reqry_recordsum_flag] => 1
    [qry_beginrownum] => 0
    [fund_code] => 600570
)
https://sitapi.hscloud.cn/cwsale/v1/newhq_qry
回参：Array
(
    [data] => {"data":[{"ofund_type":"0","per_myriad_income":"0.0000","fund_code":"600570","fund_curr_income":"0.00","rowcount":"1","forbid_modi_autobuy_flag":"0","pre_income_ratio":"0.0000","fund_full_name":"恒生电子股票基金","accept_hq_date":"20170214","share_type":"A","error_code":"","total_count":"1","fund_share":"0.00","fund_name":"恒生电子股票基金","fund_status":"0","ta_no":"B0","success_type":"0","nav_total":"1.7000","nav":"1.7000","prod_term":"0","ofund_risklevel":"0","en_minshare":"0.00","hq_date":"20170213","fund_curr_ratio":"0.0000","error_info":""}]}
    [code] => 200
)
]
[13:38:35][参数：Array
(
    [targetcomp_id] => 91000
    [sendercomp_id] => 91000
    [trust_way] => 2
    [access_token] => 1FA5B344BD9A4D96A32411B1805745AF2017021413362874147399
    [request_num] => 50
    [reqry_recordsum_flag] => 1
    [qry_beginrownum] => 0
    [client_id] => 10278
)
https://sitapi.hscloud.cn/cwsale/v1/share_qry
回参：Array
(
    [data] => {"data":[{"excetrans_out_total_quota":"0.00","share_type":"A","c_flag":"1","trade_acco":"1188","today_transin_total_quota":"0.00","current_share":"4705.88","ta_acco":"B01000010011","capital_mode":"l","today_apply_total_quota":"0.00","business_frozen_amount":"0.00","lock_share":"0.00","available_due_share":"4705.88","bank_account":"6228480712413995614","fund_code":"600570","rowcount":"1","auto_buy":"0","today_exceed_total_quota":"0.00","today_transout_total_quota":"0.00","unpaid_income":"0.00","error_code":"","quick_exceed_enable_share":"4705.88","accum_income":"0.00","cost":"10000.00","frozen_share":"0.00","total_count":"1","worth_value":"8000.00","today_income":"0.00","nav_date":"20170213","success_type":"0","enable_shares":"4705.88","bank_no":"003","error_info":"","excetrans_in_total_quota":"0.00"}]}
    [code] => 200
)
]
[13:38:35][参数：Array
(
    [targetcomp_id] => 91000
    [sendercomp_id] => 91000
    [access_token] => 1FA5B344BD9A4D96A32411B1805745AF2017021413362874147399
    [request_num] => 1
    [reqry_recordsum_flag] => 1
    [qry_beginrownum] => 0
    [fund_code] => 600570
)
https://sitapi.hscloud.cn/cwsale/v1/newhq_qry
回参：Array
(
    [data] => {"data":[{"ofund_type":"0","per_myriad_income":"0.0000","fund_code":"600570","fund_curr_income":"0.00","rowcount":"1","forbid_modi_autobuy_flag":"0","pre_income_ratio":"0.0000","fund_full_name":"恒生电子股票基金","accept_hq_date":"20170214","share_type":"A","error_code":"","total_count":"1","fund_share":"0.00","fund_name":"恒生电子股票基金","fund_status":"0","ta_no":"B0","success_type":"0","nav_total":"1.7000","nav":"1.7000","prod_term":"0","ofund_risklevel":"0","en_minshare":"0.00","hq_date":"20170213","fund_curr_ratio":"0.0000","error_info":""}]}
    [code] => 200
)
]
[13:38:35][参数：Array
(
    [targetcomp_id] => 91000
    [sendercomp_id] => 91000
    [access_token] => 1FA5B344BD9A4D96A32411B1805745AF2017021413362874147399
    [request_num] => 1
    [reqry_recordsum_flag] => 1
    [qry_beginrownum] => 0
    [fund_code] => 600570
)
https://sitapi.hscloud.cn/cwsale/v1/newhq_qry
回参：Array
(
    [data] => {"data":[{"ofund_type":"0","per_myriad_income":"0.0000","fund_code":"600570","fund_curr_income":"0.00","rowcount":"1","forbid_modi_autobuy_flag":"0","pre_income_ratio":"0.0000","fund_full_name":"恒生电子股票基金","accept_hq_date":"20170214","share_type":"A","error_code":"","total_count":"1","fund_share":"0.00","fund_name":"恒生电子股票基金","fund_status":"0","ta_no":"B0","success_type":"0","nav_total":"1.7000","nav":"1.7000","prod_term":"0","ofund_risklevel":"0","en_minshare":"0.00","hq_date":"20170213","fund_curr_ratio":"0.0000","error_info":""}]}
    [code] => 200
)
]
[13:43:33][参数：Array
(
    [targetcomp_id] => 91000
    [sendercomp_id] => 91000
    [trust_way] => 2
    [access_token] => 1FA5B344BD9A4D96A32411B1805745AF2017021413362874147399
    [request_num] => 50
    [reqry_recordsum_flag] => 1
    [qry_beginrownum] => 0
    [client_id] => 10278
)
https://sitapi.hscloud.cn/cwsale/v1/share_qry
回参：Array
(
    [data] => {"data":[{"excetrans_out_total_quota":"0.00","share_type":"A","c_flag":"1","trade_acco":"1188","today_transin_total_quota":"0.00","current_share":"4705.88","ta_acco":"B01000010011","capital_mode":"l","today_apply_total_quota":"0.00","business_frozen_amount":"0.00","lock_share":"0.00","available_due_share":"4705.88","bank_account":"6228480712413995614","fund_code":"600570","rowcount":"1","auto_buy":"0","today_exceed_total_quota":"0.00","today_transout_total_quota":"0.00","unpaid_income":"0.00","error_code":"","quick_exceed_enable_share":"4705.88","accum_income":"0.00","cost":"10000.00","frozen_share":"0.00","total_count":"1","worth_value":"8000.00","today_income":"0.00","nav_date":"20170213","success_type":"0","enable_shares":"4705.88","bank_no":"003","error_info":"","excetrans_in_total_quota":"0.00"}]}
    [code] => 200
)
]
[13:43:33][参数：Array
(
    [targetcomp_id] => 91000
    [sendercomp_id] => 91000
    [access_token] => 1FA5B344BD9A4D96A32411B1805745AF2017021413362874147399
    [request_num] => 1
    [reqry_recordsum_flag] => 1
    [qry_beginrownum] => 0
    [fund_code] => 600570
)
https://sitapi.hscloud.cn/cwsale/v1/newhq_qry
回参：Array
(
    [data] => {"data":[{"ofund_type":"0","per_myriad_income":"0.0000","fund_code":"600570","fund_curr_income":"0.00","rowcount":"1","forbid_modi_autobuy_flag":"0","pre_income_ratio":"0.0000","fund_full_name":"恒生电子股票基金","accept_hq_date":"20170214","share_type":"A","error_code":"","total_count":"1","fund_share":"0.00","fund_name":"恒生电子股票基金","fund_status":"0","ta_no":"B0","success_type":"0","nav_total":"1.7000","nav":"1.7000","prod_term":"0","ofund_risklevel":"0","en_minshare":"0.00","hq_date":"20170213","fund_curr_ratio":"0.0000","error_info":""}]}
    [code] => 200
)
]
[13:43:33][参数：Array
(
    [targetcomp_id] => 91000
    [sendercomp_id] => 91000
    [access_token] => 1FA5B344BD9A4D96A32411B1805745AF2017021413362874147399
    [request_num] => 1
    [reqry_recordsum_flag] => 1
    [qry_beginrownum] => 0
    [fund_code] => 600570
)
https://sitapi.hscloud.cn/cwsale/v1/newhq_qry
回参：Array
(
    [data] => {"data":[{"ofund_type":"0","per_myriad_income":"0.0000","fund_code":"600570","fund_curr_income":"0.00","rowcount":"1","forbid_modi_autobuy_flag":"0","pre_income_ratio":"0.0000","fund_full_name":"恒生电子股票基金","accept_hq_date":"20170214","share_type":"A","error_code":"","total_count":"1","fund_share":"0.00","fund_name":"恒生电子股票基金","fund_status":"0","ta_no":"B0","success_type":"0","nav_total":"1.7000","nav":"1.7000","prod_term":"0","ofund_risklevel":"0","en_minshare":"0.00","hq_date":"20170213","fund_curr_ratio":"0.0000","error_info":""}]}
    [code] => 200
)
]
[13:44:03][参数：Array
(
    [targetcomp_id] => 91000
    [sendercomp_id] => 91000
    [trust_way] => 2
    [access_token] => 1FA5B344BD9A4D96A32411B1805745AF2017021413362874147399
    [request_num] => 50
    [reqry_recordsum_flag] => 1
    [qry_beginrownum] => 0
    [client_id] => 10278
)
https://sitapi.hscloud.cn/cwsale/v1/share_qry
回参：Array
(
    [data] => {"data":[{"excetrans_out_total_quota":"0.00","share_type":"A","c_flag":"1","trade_acco":"1188","today_transin_total_quota":"0.00","current_share":"4705.88","ta_acco":"B01000010011","capital_mode":"l","today_apply_total_quota":"0.00","business_frozen_amount":"0.00","lock_share":"0.00","available_due_share":"4705.88","bank_account":"6228480712413995614","fund_code":"600570","rowcount":"1","auto_buy":"0","today_exceed_total_quota":"0.00","today_transout_total_quota":"0.00","unpaid_income":"0.00","error_code":"","quick_exceed_enable_share":"4705.88","accum_income":"0.00","cost":"10000.00","frozen_share":"0.00","total_count":"1","worth_value":"8000.00","today_income":"0.00","nav_date":"20170213","success_type":"0","enable_shares":"4705.88","bank_no":"003","error_info":"","excetrans_in_total_quota":"0.00"}]}
    [code] => 200
)
]
[13:44:03][参数：Array
(
    [targetcomp_id] => 91000
    [sendercomp_id] => 91000
    [access_token] => 1FA5B344BD9A4D96A32411B1805745AF2017021413362874147399
    [request_num] => 1
    [reqry_recordsum_flag] => 1
    [qry_beginrownum] => 0
    [fund_code] => 600570
)
https://sitapi.hscloud.cn/cwsale/v1/newhq_qry
回参：Array
(
    [data] => {"data":[{"ofund_type":"0","per_myriad_income":"0.0000","fund_code":"600570","fund_curr_income":"0.00","rowcount":"1","forbid_modi_autobuy_flag":"0","pre_income_ratio":"0.0000","fund_full_name":"恒生电子股票基金","accept_hq_date":"20170214","share_type":"A","error_code":"","total_count":"1","fund_share":"0.00","fund_name":"恒生电子股票基金","fund_status":"0","ta_no":"B0","success_type":"0","nav_total":"1.7000","nav":"1.7000","prod_term":"0","ofund_risklevel":"0","en_minshare":"0.00","hq_date":"20170213","fund_curr_ratio":"0.0000","error_info":""}]}
    [code] => 200
)
]
[13:44:03][参数：Array
(
    [targetcomp_id] => 91000
    [sendercomp_id] => 91000
    [access_token] => 1FA5B344BD9A4D96A32411B1805745AF2017021413362874147399
    [request_num] => 1
    [reqry_recordsum_flag] => 1
    [qry_beginrownum] => 0
    [fund_code] => 600570
)
https://sitapi.hscloud.cn/cwsale/v1/newhq_qry
回参：Array
(
    [data] => {"data":[{"ofund_type":"0","per_myriad_income":"0.0000","fund_code":"600570","fund_curr_income":"0.00","rowcount":"1","forbid_modi_autobuy_flag":"0","pre_income_ratio":"0.0000","fund_full_name":"恒生电子股票基金","accept_hq_date":"20170214","share_type":"A","error_code":"","total_count":"1","fund_share":"0.00","fund_name":"恒生电子股票基金","fund_status":"0","ta_no":"B0","success_type":"0","nav_total":"1.7000","nav":"1.7000","prod_term":"0","ofund_risklevel":"0","en_minshare":"0.00","hq_date":"20170213","fund_curr_ratio":"0.0000","error_info":""}]}
    [code] => 200
)
]
[13:45:25][参数：Array
(
    [targetcomp_id] => 91000
    [sendercomp_id] => 91000
    [trust_way] => 2
    [access_token] => 1FA5B344BD9A4D96A32411B1805745AF2017021413362874147399
    [request_num] => 50
    [reqry_recordsum_flag] => 1
    [qry_beginrownum] => 0
    [client_id] => 10268
)
https://sitapi.hscloud.cn/cwsale/v1/share_qry
回参：Array
(
    [data] => {"data":[{"excetrans_out_total_quota":"","share_type":"","c_flag":"","trade_acco":"","today_transin_total_quota":"","current_share":"","ta_acco":"","capital_mode":"","today_apply_total_quota":"","business_frozen_amount":"","lock_share":"","available_due_share":"","bank_account":"","fund_code":"","rowcount":"","auto_buy":"","today_exceed_total_quota":"","today_transout_total_quota":"","unpaid_income":"","error_code":"","quick_exceed_enable_share":"","accum_income":"","cost":"","frozen_share":"","total_count":"","worth_value":"","today_income":"","nav_date":"","success_type":"0","enable_shares":"","bank_no":"","error_info":"","excetrans_in_total_quota":""}]}
    [code] => 200
)
]
[13:45:39][参数：Array
(
    [targetcomp_id] => 91000
    [sendercomp_id] => 91000
    [trust_way] => 2
    [access_token] => 1FA5B344BD9A4D96A32411B1805745AF2017021413362874147399
    [request_num] => 50
    [reqry_recordsum_flag] => 1
    [qry_beginrownum] => 0
    [client_id] => 10308
)
https://sitapi.hscloud.cn/cwsale/v1/share_qry
回参：Array
(
    [data] => {"data":[{"excetrans_out_total_quota":"0.00","share_type":"A","c_flag":"1","trade_acco":"1193","today_transin_total_quota":"0.00","current_share":"47.06","ta_acco":"B01000010033","capital_mode":"l","today_apply_total_quota":"0.00","business_frozen_amount":"0.00","lock_share":"0.00","available_due_share":"47.06","bank_account":"6217000340000565980","fund_code":"600570","rowcount":"1","auto_buy":"0","today_exceed_total_quota":"0.00","today_transout_total_quota":"0.00","unpaid_income":"0.00","error_code":"","quick_exceed_enable_share":"47.06","accum_income":"0.00","cost":"100.00","frozen_share":"0.00","total_count":"1","worth_value":"80.00","today_income":"0.00","nav_date":"20170213","success_type":"0","enable_shares":"47.06","bank_no":"005","error_info":"","excetrans_in_total_quota":"0.00"}]}
    [code] => 200
)
]
[13:45:39][参数：Array
(
    [targetcomp_id] => 91000
    [sendercomp_id] => 91000
    [access_token] => 1FA5B344BD9A4D96A32411B1805745AF2017021413362874147399
    [request_num] => 1
    [reqry_recordsum_flag] => 1
    [qry_beginrownum] => 0
    [fund_code] => 600570
)
https://sitapi.hscloud.cn/cwsale/v1/newhq_qry
回参：Array
(
    [data] => {"data":[{"ofund_type":"0","per_myriad_income":"0.0000","fund_code":"600570","fund_curr_income":"0.00","rowcount":"1","forbid_modi_autobuy_flag":"0","pre_income_ratio":"0.0000","fund_full_name":"恒生电子股票基金","accept_hq_date":"20170214","share_type":"A","error_code":"","total_count":"1","fund_share":"0.00","fund_name":"恒生电子股票基金","fund_status":"0","ta_no":"B0","success_type":"0","nav_total":"1.7000","nav":"1.7000","prod_term":"0","ofund_risklevel":"0","en_minshare":"0.00","hq_date":"20170213","fund_curr_ratio":"0.0000","error_info":""}]}
    [code] => 200
)
]
[13:45:39][参数：Array
(
    [targetcomp_id] => 91000
    [sendercomp_id] => 91000
    [access_token] => 1FA5B344BD9A4D96A32411B1805745AF2017021413362874147399
    [request_num] => 1
    [reqry_recordsum_flag] => 1
    [qry_beginrownum] => 0
    [fund_code] => 600570
)
https://sitapi.hscloud.cn/cwsale/v1/newhq_qry
回参：Array
(
    [data] => {"data":[{"ofund_type":"0","per_myriad_income":"0.0000","fund_code":"600570","fund_curr_income":"0.00","rowcount":"1","forbid_modi_autobuy_flag":"0","pre_income_ratio":"0.0000","fund_full_name":"恒生电子股票基金","accept_hq_date":"20170214","share_type":"A","error_code":"","total_count":"1","fund_share":"0.00","fund_name":"恒生电子股票基金","fund_status":"0","ta_no":"B0","success_type":"0","nav_total":"1.7000","nav":"1.7000","prod_term":"0","ofund_risklevel":"0","en_minshare":"0.00","hq_date":"20170213","fund_curr_ratio":"0.0000","error_info":""}]}
    [code] => 200
)
]
[14:10:16][参数：Array
(
    [targetcomp_id] => 91000
    [sendercomp_id] => 91000
    [trust_way] => 2
    [access_token] => 1FA5B344BD9A4D96A32411B1805745AF2017021413362874147399
    [request_num] => 50
    [reqry_recordsum_flag] => 1
    [qry_beginrownum] => 0
    [client_id] => 10278
)
https://sitapi.hscloud.cn/cwsale/v1/share_qry
回参：Array
(
    [data] => {"data":[{"excetrans_out_total_quota":"0.00","share_type":"A","c_flag":"1","trade_acco":"1188","today_transin_total_quota":"0.00","current_share":"4705.88","ta_acco":"B01000010011","capital_mode":"l","today_apply_total_quota":"0.00","business_frozen_amount":"0.00","lock_share":"0.00","available_due_share":"4705.88","bank_account":"6228480712413995614","fund_code":"600570","rowcount":"1","auto_buy":"0","today_exceed_total_quota":"0.00","today_transout_total_quota":"0.00","unpaid_income":"0.00","error_code":"","quick_exceed_enable_share":"4705.88","accum_income":"0.00","cost":"10000.00","frozen_share":"0.00","total_count":"1","worth_value":"8000.00","today_income":"0.00","nav_date":"20170213","success_type":"0","enable_shares":"4705.88","bank_no":"003","error_info":"","excetrans_in_total_quota":"0.00"}]}
    [code] => 200
)
]
[14:10:16][参数：Array
(
    [targetcomp_id] => 91000
    [sendercomp_id] => 91000
    [access_token] => 1FA5B344BD9A4D96A32411B1805745AF2017021413362874147399
    [request_num] => 1
    [reqry_recordsum_flag] => 1
    [qry_beginrownum] => 0
    [fund_code] => 600570
)
https://sitapi.hscloud.cn/cwsale/v1/newhq_qry
回参：Array
(
    [data] => {"data":[{"ofund_type":"0","per_myriad_income":"0.0000","fund_code":"600570","fund_curr_income":"0.00","rowcount":"1","forbid_modi_autobuy_flag":"0","pre_income_ratio":"0.0000","fund_full_name":"恒生电子股票基金","accept_hq_date":"20170214","share_type":"A","error_code":"","total_count":"1","fund_share":"0.00","fund_name":"恒生电子股票基金","fund_status":"0","ta_no":"B0","success_type":"0","nav_total":"1.7000","nav":"1.7000","prod_term":"0","ofund_risklevel":"0","en_minshare":"0.00","hq_date":"20170213","fund_curr_ratio":"0.0000","error_info":""}]}
    [code] => 200
)
]
[14:10:16][参数：Array
(
    [targetcomp_id] => 91000
    [sendercomp_id] => 91000
    [access_token] => 1FA5B344BD9A4D96A32411B1805745AF2017021413362874147399
    [request_num] => 1
    [reqry_recordsum_flag] => 1
    [qry_beginrownum] => 0
    [fund_code] => 600570
)
https://sitapi.hscloud.cn/cwsale/v1/newhq_qry
回参：Array
(
    [data] => {"data":[{"ofund_type":"0","per_myriad_income":"0.0000","fund_code":"600570","fund_curr_income":"0.00","rowcount":"1","forbid_modi_autobuy_flag":"0","pre_income_ratio":"0.0000","fund_full_name":"恒生电子股票基金","accept_hq_date":"20170214","share_type":"A","error_code":"","total_count":"1","fund_share":"0.00","fund_name":"恒生电子股票基金","fund_status":"0","ta_no":"B0","success_type":"0","nav_total":"1.7000","nav":"1.7000","prod_term":"0","ofund_risklevel":"0","en_minshare":"0.00","hq_date":"20170213","fund_curr_ratio":"0.0000","error_info":""}]}
    [code] => 200
)
]
[14:23:25][参数：Array
(
    [targetcomp_id] => 91000
    [sendercomp_id] => 91000
    [trust_way] => 2
    [access_token] => 1FA5B344BD9A4D96A32411B1805745AF2017021413362874147399
    [request_num] => 50
    [reqry_recordsum_flag] => 1
    [qry_beginrownum] => 0
    [client_id] => 10298
)
https://sitapi.hscloud.cn/cwsale/v1/share_qry
回参：Array
(
    [data] => {"data":[{"excetrans_out_total_quota":"","share_type":"","c_flag":"","trade_acco":"","today_transin_total_quota":"","current_share":"","ta_acco":"","capital_mode":"","today_apply_total_quota":"","business_frozen_amount":"","lock_share":"","available_due_share":"","bank_account":"","fund_code":"","rowcount":"","auto_buy":"","today_exceed_total_quota":"","today_transout_total_quota":"","unpaid_income":"","error_code":"","quick_exceed_enable_share":"","accum_income":"","cost":"","frozen_share":"","total_count":"","worth_value":"","today_income":"","nav_date":"","success_type":"0","enable_shares":"","bank_no":"","error_info":"","excetrans_in_total_quota":""}]}
    [code] => 200
)
]
[14:28:54][参数：Array
(
    [targetcomp_id] => 91000
    [sendercomp_id] => 91000
    [trust_way] => 2
    [access_token] => 1FA5B344BD9A4D96A32411B1805745AF2017021413362874147399
    [request_num] => 50
    [reqry_recordsum_flag] => 1
    [qry_beginrownum] => 0
    [client_id] => 10308
)
https://sitapi.hscloud.cn/cwsale/v1/share_qry
回参：Array
(
    [data] => {"data":[{"excetrans_out_total_quota":"0.00","share_type":"A","c_flag":"1","trade_acco":"1193","today_transin_total_quota":"0.00","current_share":"47.06","ta_acco":"B01000010033","capital_mode":"l","today_apply_total_quota":"0.00","business_frozen_amount":"0.00","lock_share":"0.00","available_due_share":"47.06","bank_account":"6217000340000565980","fund_code":"600570","rowcount":"1","auto_buy":"0","today_exceed_total_quota":"0.00","today_transout_total_quota":"0.00","unpaid_income":"0.00","error_code":"","quick_exceed_enable_share":"47.06","accum_income":"0.00","cost":"100.00","frozen_share":"0.00","total_count":"1","worth_value":"80.00","today_income":"0.00","nav_date":"20170213","success_type":"0","enable_shares":"47.06","bank_no":"005","error_info":"","excetrans_in_total_quota":"0.00"}]}
    [code] => 200
)
]
[14:28:54][参数：Array
(
    [targetcomp_id] => 91000
    [sendercomp_id] => 91000
    [access_token] => 1FA5B344BD9A4D96A32411B1805745AF2017021413362874147399
    [request_num] => 1
    [reqry_recordsum_flag] => 1
    [qry_beginrownum] => 0
    [fund_code] => 600570
)
https://sitapi.hscloud.cn/cwsale/v1/newhq_qry
回参：Array
(
    [data] => {"data":[{"ofund_type":"0","per_myriad_income":"0.0000","fund_code":"600570","fund_curr_income":"0.00","rowcount":"1","forbid_modi_autobuy_flag":"0","pre_income_ratio":"0.0000","fund_full_name":"恒生电子股票基金","accept_hq_date":"20170214","share_type":"A","error_code":"","total_count":"1","fund_share":"0.00","fund_name":"恒生电子股票基金","fund_status":"0","ta_no":"B0","success_type":"0","nav_total":"1.7000","nav":"1.7000","prod_term":"0","ofund_risklevel":"0","en_minshare":"0.00","hq_date":"20170213","fund_curr_ratio":"0.0000","error_info":""}]}
    [code] => 200
)
]
[14:28:54][参数：Array
(
    [targetcomp_id] => 91000
    [sendercomp_id] => 91000
    [access_token] => 1FA5B344BD9A4D96A32411B1805745AF2017021413362874147399
    [request_num] => 1
    [reqry_recordsum_flag] => 1
    [qry_beginrownum] => 0
    [fund_code] => 600570
)
https://sitapi.hscloud.cn/cwsale/v1/newhq_qry
回参：Array
(
    [data] => {"data":[{"ofund_type":"0","per_myriad_income":"0.0000","fund_code":"600570","fund_curr_income":"0.00","rowcount":"1","forbid_modi_autobuy_flag":"0","pre_income_ratio":"0.0000","fund_full_name":"恒生电子股票基金","accept_hq_date":"20170214","share_type":"A","error_code":"","total_count":"1","fund_share":"0.00","fund_name":"恒生电子股票基金","fund_status":"0","ta_no":"B0","success_type":"0","nav_total":"1.7000","nav":"1.7000","prod_term":"0","ofund_risklevel":"0","en_minshare":"0.00","hq_date":"20170213","fund_curr_ratio":"0.0000","error_info":""}]}
    [code] => 200
)
]
[14:57:42][参数：Array
(
    [targetcomp_id] => 91000
    [sendercomp_id] => 91000
    [trust_way] => 2
    [access_token] => 1FA5B344BD9A4D96A32411B1805745AF2017021413362874147399
    [request_num] => 50
    [reqry_recordsum_flag] => 1
    [qry_beginrownum] => 0
    [client_id] => 10278
)
https://sitapi.hscloud.cn/cwsale/v1/share_qry
回参：Array
(
    [data] => {"data":[{"excetrans_out_total_quota":"0.00","share_type":"A","c_flag":"1","trade_acco":"1188","today_transin_total_quota":"0.00","current_share":"4705.88","ta_acco":"B01000010011","capital_mode":"l","today_apply_total_quota":"0.00","business_frozen_amount":"0.00","lock_share":"0.00","available_due_share":"4705.88","bank_account":"6228480712413995614","fund_code":"600570","rowcount":"1","auto_buy":"0","today_exceed_total_quota":"0.00","today_transout_total_quota":"0.00","unpaid_income":"0.00","error_code":"","quick_exceed_enable_share":"4705.88","accum_income":"0.00","cost":"10000.00","frozen_share":"0.00","total_count":"1","worth_value":"8000.00","today_income":"0.00","nav_date":"20170213","success_type":"0","enable_shares":"4705.88","bank_no":"003","error_info":"","excetrans_in_total_quota":"0.00"}]}
    [code] => 200
)
]
[14:57:43][参数：Array
(
    [targetcomp_id] => 91000
    [sendercomp_id] => 91000
    [access_token] => 1FA5B344BD9A4D96A32411B1805745AF2017021413362874147399
    [request_num] => 1
    [reqry_recordsum_flag] => 1
    [qry_beginrownum] => 0
    [fund_code] => 600570
)
https://sitapi.hscloud.cn/cwsale/v1/newhq_qry
回参：Array
(
    [data] => {"data":[{"ofund_type":"0","per_myriad_income":"0.0000","fund_code":"600570","fund_curr_income":"0.00","rowcount":"1","forbid_modi_autobuy_flag":"0","pre_income_ratio":"0.0000","fund_full_name":"恒生电子股票基金","accept_hq_date":"20170214","share_type":"A","error_code":"","total_count":"1","fund_share":"0.00","fund_name":"恒生电子股票基金","fund_status":"0","ta_no":"B0","success_type":"0","nav_total":"1.7000","nav":"1.7000","prod_term":"0","ofund_risklevel":"0","en_minshare":"0.00","hq_date":"20170213","fund_curr_ratio":"0.0000","error_info":""}]}
    [code] => 200
)
]
[14:57:43][参数：Array
(
    [targetcomp_id] => 91000
    [sendercomp_id] => 91000
    [access_token] => 1FA5B344BD9A4D96A32411B1805745AF2017021413362874147399
    [request_num] => 1
    [reqry_recordsum_flag] => 1
    [qry_beginrownum] => 0
    [fund_code] => 600570
)
https://sitapi.hscloud.cn/cwsale/v1/newhq_qry
回参：Array
(
    [data] => {"data":[{"ofund_type":"0","per_myriad_income":"0.0000","fund_code":"600570","fund_curr_income":"0.00","rowcount":"1","forbid_modi_autobuy_flag":"0","pre_income_ratio":"0.0000","fund_full_name":"恒生电子股票基金","accept_hq_date":"20170214","share_type":"A","error_code":"","total_count":"1","fund_share":"0.00","fund_name":"恒生电子股票基金","fund_status":"0","ta_no":"B0","success_type":"0","nav_total":"1.7000","nav":"1.7000","prod_term":"0","ofund_risklevel":"0","en_minshare":"0.00","hq_date":"20170213","fund_curr_ratio":"0.0000","error_info":""}]}
    [code] => 200
)
]
[15:42:36][参数：Array
(
    [targetcomp_id] => 91000
    [sendercomp_id] => 91000
    [trust_way] => 2
    [access_token] => 1FA5B344BD9A4D96A32411B1805745AF2017021413362874147399
    [request_num] => 50
    [reqry_recordsum_flag] => 1
    [qry_beginrownum] => 0
    [client_id] => 10288
)
https://sitapi.hscloud.cn/cwsale/v1/share_qry
回参：Array
(
    [data] => {"data":[{"excetrans_out_total_quota":"0.00","share_type":"A","c_flag":"1","trade_acco":"1189","today_transin_total_quota":"0.00","current_share":"5647.06","ta_acco":"B01000010022","capital_mode":"l","today_apply_total_quota":"0.00","business_frozen_amount":"5647.06","lock_share":"0.00","available_due_share":"0.00","bank_account":"6217000340000565980","fund_code":"600570","rowcount":"2","auto_buy":"0","today_exceed_total_quota":"0.00","today_transout_total_quota":"0.00","unpaid_income":"0.00","error_code":"","quick_exceed_enable_share":"0.00","accum_income":"0.00","cost":"12000.00","frozen_share":"0.00","total_count":"2","worth_value":"9600.00","today_income":"0.00","nav_date":"20170213","success_type":"0","enable_shares":"0.00","bank_no":"005","error_info":"","excetrans_in_total_quota":"0.00"},{"excetrans_out_total_quota":"0.00","share_type":"A","c_flag":"1","trade_acco":"1192","today_transin_total_quota":"0.00","current_share":"5647.06","ta_acco":"B01000010022","capital_mode":"l","today_apply_total_quota":"0.00","business_frozen_amount":"5647.06","lock_share":"0.00","available_due_share":"0.00","bank_account":"6228480712413995614","fund_code":"600570","rowcount":"2","auto_buy":"0","today_exceed_total_quota":"0.00","today_transout_total_quota":"0.00","unpaid_income":"0.00","error_code":"","quick_exceed_enable_share":"0.00","accum_income":"0.00","cost":"12000.00","frozen_share":"0.00","total_count":"2","worth_value":"9600.00","today_income":"0.00","nav_date":"20170213","success_type":"0","enable_shares":"0.00","bank_no":"003","error_info":"","excetrans_in_total_quota":"0.00"}]}
    [code] => 200
)
]
[15:42:36][参数：Array
(
    [targetcomp_id] => 91000
    [sendercomp_id] => 91000
    [access_token] => 1FA5B344BD9A4D96A32411B1805745AF2017021413362874147399
    [request_num] => 1
    [reqry_recordsum_flag] => 1
    [qry_beginrownum] => 0
    [fund_code] => 600570
)
https://sitapi.hscloud.cn/cwsale/v1/newhq_qry
回参：Array
(
    [data] => {"data":[{"ofund_type":"0","per_myriad_income":"0.0000","fund_code":"600570","fund_curr_income":"0.00","rowcount":"1","forbid_modi_autobuy_flag":"0","pre_income_ratio":"0.0000","fund_full_name":"恒生电子股票基金","accept_hq_date":"20170214","share_type":"A","error_code":"","total_count":"1","fund_share":"0.00","fund_name":"恒生电子股票基金","fund_status":"0","ta_no":"B0","success_type":"0","nav_total":"1.7000","nav":"1.7000","prod_term":"0","ofund_risklevel":"0","en_minshare":"0.00","hq_date":"20170213","fund_curr_ratio":"0.0000","error_info":""}]}
    [code] => 200
)
]
[15:42:36][参数：Array
(
    [targetcomp_id] => 91000
    [sendercomp_id] => 91000
    [access_token] => 1FA5B344BD9A4D96A32411B1805745AF2017021413362874147399
    [request_num] => 1
    [reqry_recordsum_flag] => 1
    [qry_beginrownum] => 0
    [fund_code] => 600570
)
https://sitapi.hscloud.cn/cwsale/v1/newhq_qry
回参：Array
(
    [data] => {"data":[{"ofund_type":"0","per_myriad_income":"0.0000","fund_code":"600570","fund_curr_income":"0.00","rowcount":"1","forbid_modi_autobuy_flag":"0","pre_income_ratio":"0.0000","fund_full_name":"恒生电子股票基金","accept_hq_date":"20170214","share_type":"A","error_code":"","total_count":"1","fund_share":"0.00","fund_name":"恒生电子股票基金","fund_status":"0","ta_no":"B0","success_type":"0","nav_total":"1.7000","nav":"1.7000","prod_term":"0","ofund_risklevel":"0","en_minshare":"0.00","hq_date":"20170213","fund_curr_ratio":"0.0000","error_info":""}]}
    [code] => 200
)
]
[15:42:36][参数：Array
(
    [targetcomp_id] => 91000
    [sendercomp_id] => 91000
    [access_token] => 1FA5B344BD9A4D96A32411B1805745AF2017021413362874147399
    [request_num] => 1
    [reqry_recordsum_flag] => 1
    [qry_beginrownum] => 0
    [fund_code] => 600570
)
https://sitapi.hscloud.cn/cwsale/v1/newhq_qry
回参：Array
(
    [data] => {"data":[{"ofund_type":"0","per_myriad_income":"0.0000","fund_code":"600570","fund_curr_income":"0.00","rowcount":"1","forbid_modi_autobuy_flag":"0","pre_income_ratio":"0.0000","fund_full_name":"恒生电子股票基金","accept_hq_date":"20170214","share_type":"A","error_code":"","total_count":"1","fund_share":"0.00","fund_name":"恒生电子股票基金","fund_status":"0","ta_no":"B0","success_type":"0","nav_total":"1.7000","nav":"1.7000","prod_term":"0","ofund_risklevel":"0","en_minshare":"0.00","hq_date":"20170213","fund_curr_ratio":"0.0000","error_info":""}]}
    [code] => 200
)
]
[15:42:36][参数：Array
(
    [targetcomp_id] => 91000
    [sendercomp_id] => 91000
    [access_token] => 1FA5B344BD9A4D96A32411B1805745AF2017021413362874147399
    [request_num] => 1
    [reqry_recordsum_flag] => 1
    [qry_beginrownum] => 0
    [fund_code] => 600570
)
https://sitapi.hscloud.cn/cwsale/v1/newhq_qry
回参：Array
(
    [data] => {"data":[{"ofund_type":"0","per_myriad_income":"0.0000","fund_code":"600570","fund_curr_income":"0.00","rowcount":"1","forbid_modi_autobuy_flag":"0","pre_income_ratio":"0.0000","fund_full_name":"恒生电子股票基金","accept_hq_date":"20170214","share_type":"A","error_code":"","total_count":"1","fund_share":"0.00","fund_name":"恒生电子股票基金","fund_status":"0","ta_no":"B0","success_type":"0","nav_total":"1.7000","nav":"1.7000","prod_term":"0","ofund_risklevel":"0","en_minshare":"0.00","hq_date":"20170213","fund_curr_ratio":"0.0000","error_info":""}]}
    [code] => 200
)
]
[15:47:37][参数：Array
(
    [targetcomp_id] => 91000
    [sendercomp_id] => 91000
    [trust_way] => 2
    [access_token] => 1FA5B344BD9A4D96A32411B1805745AF2017021413362874147399
    [request_num] => 50
    [reqry_recordsum_flag] => 1
    [qry_beginrownum] => 0
    [client_id] => 10278
)
https://sitapi.hscloud.cn/cwsale/v1/share_qry
回参：Array
(
    [data] => {"data":[{"excetrans_out_total_quota":"0.00","share_type":"A","c_flag":"1","trade_acco":"1188","today_transin_total_quota":"0.00","current_share":"4705.88","ta_acco":"B01000010011","capital_mode":"l","today_apply_total_quota":"0.00","business_frozen_amount":"100.00","lock_share":"0.00","available_due_share":"4605.88","bank_account":"6228480712413995614","fund_code":"600570","rowcount":"1","auto_buy":"0","today_exceed_total_quota":"0.00","today_transout_total_quota":"0.00","unpaid_income":"0.00","error_code":"","quick_exceed_enable_share":"4605.88","accum_income":"0.00","cost":"10000.00","frozen_share":"0.00","total_count":"1","worth_value":"8000.00","today_income":"0.00","nav_date":"20170213","success_type":"0","enable_shares":"4605.88","bank_no":"003","error_info":"","excetrans_in_total_quota":"0.00"}]}
    [code] => 200
)
]
[15:47:37][参数：Array
(
    [targetcomp_id] => 91000
    [sendercomp_id] => 91000
    [access_token] => 1FA5B344BD9A4D96A32411B1805745AF2017021413362874147399
    [request_num] => 1
    [reqry_recordsum_flag] => 1
    [qry_beginrownum] => 0
    [fund_code] => 600570
)
https://sitapi.hscloud.cn/cwsale/v1/newhq_qry
回参：Array
(
    [data] => {"data":[{"ofund_type":"0","per_myriad_income":"0.0000","fund_code":"600570","fund_curr_income":"0.00","rowcount":"1","forbid_modi_autobuy_flag":"0","pre_income_ratio":"0.0000","fund_full_name":"恒生电子股票基金","accept_hq_date":"20170214","share_type":"A","error_code":"","total_count":"1","fund_share":"0.00","fund_name":"恒生电子股票基金","fund_status":"0","ta_no":"B0","success_type":"0","nav_total":"1.7000","nav":"1.7000","prod_term":"0","ofund_risklevel":"0","en_minshare":"0.00","hq_date":"20170213","fund_curr_ratio":"0.0000","error_info":""}]}
    [code] => 200
)
]
[15:47:37][参数：Array
(
    [targetcomp_id] => 91000
    [sendercomp_id] => 91000
    [access_token] => 1FA5B344BD9A4D96A32411B1805745AF2017021413362874147399
    [request_num] => 1
    [reqry_recordsum_flag] => 1
    [qry_beginrownum] => 0
    [fund_code] => 600570
)
https://sitapi.hscloud.cn/cwsale/v1/newhq_qry
回参：Array
(
    [data] => {"data":[{"ofund_type":"0","per_myriad_income":"0.0000","fund_code":"600570","fund_curr_income":"0.00","rowcount":"1","forbid_modi_autobuy_flag":"0","pre_income_ratio":"0.0000","fund_full_name":"恒生电子股票基金","accept_hq_date":"20170214","share_type":"A","error_code":"","total_count":"1","fund_share":"0.00","fund_name":"恒生电子股票基金","fund_status":"0","ta_no":"B0","success_type":"0","nav_total":"1.7000","nav":"1.7000","prod_term":"0","ofund_risklevel":"0","en_minshare":"0.00","hq_date":"20170213","fund_curr_ratio":"0.0000","error_info":""}]}
    [code] => 200
)
]
[15:49:25][参数：Array
(
    [targetcomp_id] => 91000
    [sendercomp_id] => 91000
    [trust_way] => 2
    [access_token] => 1FA5B344BD9A4D96A32411B1805745AF2017021413362874147399
    [request_num] => 50
    [reqry_recordsum_flag] => 1
    [qry_beginrownum] => 0
    [client_id] => 10278
)
https://sitapi.hscloud.cn/cwsale/v1/share_qry
回参：Array
(
    [data] => {"data":[{"excetrans_out_total_quota":"0.00","share_type":"A","c_flag":"1","trade_acco":"1188","today_transin_total_quota":"0.00","current_share":"4705.88","ta_acco":"B01000010011","capital_mode":"l","today_apply_total_quota":"0.00","business_frozen_amount":"100.00","lock_share":"0.00","available_due_share":"4605.88","bank_account":"6228480712413995614","fund_code":"600570","rowcount":"1","auto_buy":"0","today_exceed_total_quota":"0.00","today_transout_total_quota":"0.00","unpaid_income":"0.00","error_code":"","quick_exceed_enable_share":"4605.88","accum_income":"0.00","cost":"10000.00","frozen_share":"0.00","total_count":"1","worth_value":"8000.00","today_income":"0.00","nav_date":"20170213","success_type":"0","enable_shares":"4605.88","bank_no":"003","error_info":"","excetrans_in_total_quota":"0.00"}]}
    [code] => 200
)
]
[15:49:25][参数：Array
(
    [targetcomp_id] => 91000
    [sendercomp_id] => 91000
    [access_token] => 1FA5B344BD9A4D96A32411B1805745AF2017021413362874147399
    [request_num] => 1
    [reqry_recordsum_flag] => 1
    [qry_beginrownum] => 0
    [fund_code] => 600570
)
https://sitapi.hscloud.cn/cwsale/v1/newhq_qry
回参：Array
(
    [data] => {"data":[{"ofund_type":"0","per_myriad_income":"0.0000","fund_code":"600570","fund_curr_income":"0.00","rowcount":"1","forbid_modi_autobuy_flag":"0","pre_income_ratio":"0.0000","fund_full_name":"恒生电子股票基金","accept_hq_date":"20170214","share_type":"A","error_code":"","total_count":"1","fund_share":"0.00","fund_name":"恒生电子股票基金","fund_status":"0","ta_no":"B0","success_type":"0","nav_total":"1.7000","nav":"1.7000","prod_term":"0","ofund_risklevel":"0","en_minshare":"0.00","hq_date":"20170213","fund_curr_ratio":"0.0000","error_info":""}]}
    [code] => 200
)
]
[15:49:25][参数：Array
(
    [targetcomp_id] => 91000
    [sendercomp_id] => 91000
    [access_token] => 1FA5B344BD9A4D96A32411B1805745AF2017021413362874147399
    [request_num] => 1
    [reqry_recordsum_flag] => 1
    [qry_beginrownum] => 0
    [fund_code] => 600570
)
https://sitapi.hscloud.cn/cwsale/v1/newhq_qry
回参：Array
(
    [data] => {"data":[{"ofund_type":"0","per_myriad_income":"0.0000","fund_code":"600570","fund_curr_income":"0.00","rowcount":"1","forbid_modi_autobuy_flag":"0","pre_income_ratio":"0.0000","fund_full_name":"恒生电子股票基金","accept_hq_date":"20170214","share_type":"A","error_code":"","total_count":"1","fund_share":"0.00","fund_name":"恒生电子股票基金","fund_status":"0","ta_no":"B0","success_type":"0","nav_total":"1.7000","nav":"1.7000","prod_term":"0","ofund_risklevel":"0","en_minshare":"0.00","hq_date":"20170213","fund_curr_ratio":"0.0000","error_info":""}]}
    [code] => 200
)
]
[15:52:41][参数：Array
(
    [targetcomp_id] => 91000
    [sendercomp_id] => 91000
    [trust_way] => 2
    [access_token] => 1FA5B344BD9A4D96A32411B1805745AF2017021413362874147399
    [request_num] => 50
    [reqry_recordsum_flag] => 1
    [qry_beginrownum] => 0
    [client_id] => 10278
)
https://sitapi.hscloud.cn/cwsale/v1/share_qry
回参：Array
(
    [data] => {"data":[{"excetrans_out_total_quota":"0.00","share_type":"A","c_flag":"1","trade_acco":"1188","today_transin_total_quota":"0.00","current_share":"4705.88","ta_acco":"B01000010011","capital_mode":"l","today_apply_total_quota":"0.00","business_frozen_amount":"100.00","lock_share":"0.00","available_due_share":"4605.88","bank_account":"6228480712413995614","fund_code":"600570","rowcount":"1","auto_buy":"0","today_exceed_total_quota":"0.00","today_transout_total_quota":"0.00","unpaid_income":"0.00","error_code":"","quick_exceed_enable_share":"4605.88","accum_income":"0.00","cost":"10000.00","frozen_share":"0.00","total_count":"1","worth_value":"8000.00","today_income":"0.00","nav_date":"20170213","success_type":"0","enable_shares":"4605.88","bank_no":"003","error_info":"","excetrans_in_total_quota":"0.00"}]}
    [code] => 200
)
]
[15:52:42][参数：Array
(
    [targetcomp_id] => 91000
    [sendercomp_id] => 91000
    [access_token] => 1FA5B344BD9A4D96A32411B1805745AF2017021413362874147399
    [request_num] => 1
    [reqry_recordsum_flag] => 1
    [qry_beginrownum] => 0
    [fund_code] => 600570
)
https://sitapi.hscloud.cn/cwsale/v1/newhq_qry
回参：Array
(
    [data] => {"data":[{"ofund_type":"0","per_myriad_income":"0.0000","fund_code":"600570","fund_curr_income":"0.00","rowcount":"1","forbid_modi_autobuy_flag":"0","pre_income_ratio":"0.0000","fund_full_name":"恒生电子股票基金","accept_hq_date":"20170214","share_type":"A","error_code":"","total_count":"1","fund_share":"0.00","fund_name":"恒生电子股票基金","fund_status":"0","ta_no":"B0","success_type":"0","nav_total":"1.7000","nav":"1.7000","prod_term":"0","ofund_risklevel":"0","en_minshare":"0.00","hq_date":"20170213","fund_curr_ratio":"0.0000","error_info":""}]}
    [code] => 200
)
]
[15:52:42][参数：Array
(
    [targetcomp_id] => 91000
    [sendercomp_id] => 91000
    [access_token] => 1FA5B344BD9A4D96A32411B1805745AF2017021413362874147399
    [request_num] => 1
    [reqry_recordsum_flag] => 1
    [qry_beginrownum] => 0
    [fund_code] => 600570
)
https://sitapi.hscloud.cn/cwsale/v1/newhq_qry
回参：Array
(
    [data] => {"data":[{"ofund_type":"0","per_myriad_income":"0.0000","fund_code":"600570","fund_curr_income":"0.00","rowcount":"1","forbid_modi_autobuy_flag":"0","pre_income_ratio":"0.0000","fund_full_name":"恒生电子股票基金","accept_hq_date":"20170214","share_type":"A","error_code":"","total_count":"1","fund_share":"0.00","fund_name":"恒生电子股票基金","fund_status":"0","ta_no":"B0","success_type":"0","nav_total":"1.7000","nav":"1.7000","prod_term":"0","ofund_risklevel":"0","en_minshare":"0.00","hq_date":"20170213","fund_curr_ratio":"0.0000","error_info":""}]}
    [code] => 200
)
]
[15:54:21][参数：Array
(
    [targetcomp_id] => 91000
    [sendercomp_id] => 91000
    [trust_way] => 2
    [access_token] => 1FA5B344BD9A4D96A32411B1805745AF2017021413362874147399
    [request_num] => 50
    [reqry_recordsum_flag] => 1
    [qry_beginrownum] => 0
    [client_id] => 10278
)
https://sitapi.hscloud.cn/cwsale/v1/share_qry
回参：Array
(
    [data] => {"data":[{"excetrans_out_total_quota":"0.00","share_type":"A","c_flag":"1","trade_acco":"1188","today_transin_total_quota":"0.00","current_share":"4705.88","ta_acco":"B01000010011","capital_mode":"l","today_apply_total_quota":"0.00","business_frozen_amount":"100.00","lock_share":"0.00","available_due_share":"4605.88","bank_account":"6228480712413995614","fund_code":"600570","rowcount":"1","auto_buy":"0","today_exceed_total_quota":"0.00","today_transout_total_quota":"0.00","unpaid_income":"0.00","error_code":"","quick_exceed_enable_share":"4605.88","accum_income":"0.00","cost":"10000.00","frozen_share":"0.00","total_count":"1","worth_value":"8000.00","today_income":"0.00","nav_date":"20170213","success_type":"0","enable_shares":"4605.88","bank_no":"003","error_info":"","excetrans_in_total_quota":"0.00"}]}
    [code] => 200
)
]
[15:54:21][参数：Array
(
    [targetcomp_id] => 91000
    [sendercomp_id] => 91000
    [access_token] => 1FA5B344BD9A4D96A32411B1805745AF2017021413362874147399
    [request_num] => 1
    [reqry_recordsum_flag] => 1
    [qry_beginrownum] => 0
    [fund_code] => 600570
)
https://sitapi.hscloud.cn/cwsale/v1/newhq_qry
回参：Array
(
    [data] => {"data":[{"ofund_type":"0","per_myriad_income":"0.0000","fund_code":"600570","fund_curr_income":"0.00","rowcount":"1","forbid_modi_autobuy_flag":"0","pre_income_ratio":"0.0000","fund_full_name":"恒生电子股票基金","accept_hq_date":"20170214","share_type":"A","error_code":"","total_count":"1","fund_share":"0.00","fund_name":"恒生电子股票基金","fund_status":"0","ta_no":"B0","success_type":"0","nav_total":"1.7000","nav":"1.7000","prod_term":"0","ofund_risklevel":"0","en_minshare":"0.00","hq_date":"20170213","fund_curr_ratio":"0.0000","error_info":""}]}
    [code] => 200
)
]
[15:54:21][参数：Array
(
    [targetcomp_id] => 91000
    [sendercomp_id] => 91000
    [access_token] => 1FA5B344BD9A4D96A32411B1805745AF2017021413362874147399
    [request_num] => 1
    [reqry_recordsum_flag] => 1
    [qry_beginrownum] => 0
    [fund_code] => 600570
)
https://sitapi.hscloud.cn/cwsale/v1/newhq_qry
回参：Array
(
    [data] => {"data":[{"ofund_type":"0","per_myriad_income":"0.0000","fund_code":"600570","fund_curr_income":"0.00","rowcount":"1","forbid_modi_autobuy_flag":"0","pre_income_ratio":"0.0000","fund_full_name":"恒生电子股票基金","accept_hq_date":"20170214","share_type":"A","error_code":"","total_count":"1","fund_share":"0.00","fund_name":"恒生电子股票基金","fund_status":"0","ta_no":"B0","success_type":"0","nav_total":"1.7000","nav":"1.7000","prod_term":"0","ofund_risklevel":"0","en_minshare":"0.00","hq_date":"20170213","fund_curr_ratio":"0.0000","error_info":""}]}
    [code] => 200
)
]
[15:54:36][参数：Array
(
    [targetcomp_id] => 91000
    [sendercomp_id] => 91000
    [trust_way] => 2
    [access_token] => 1FA5B344BD9A4D96A32411B1805745AF2017021413362874147399
    [request_num] => 50
    [reqry_recordsum_flag] => 1
    [qry_beginrownum] => 0
    [client_id] => 10278
)
https://sitapi.hscloud.cn/cwsale/v1/share_qry
回参：Array
(
    [data] => {"data":[{"excetrans_out_total_quota":"0.00","share_type":"A","c_flag":"1","trade_acco":"1188","today_transin_total_quota":"0.00","current_share":"4705.88","ta_acco":"B01000010011","capital_mode":"l","today_apply_total_quota":"0.00","business_frozen_amount":"100.00","lock_share":"0.00","available_due_share":"4605.88","bank_account":"6228480712413995614","fund_code":"600570","rowcount":"1","auto_buy":"0","today_exceed_total_quota":"0.00","today_transout_total_quota":"0.00","unpaid_income":"0.00","error_code":"","quick_exceed_enable_share":"4605.88","accum_income":"0.00","cost":"10000.00","frozen_share":"0.00","total_count":"1","worth_value":"8000.00","today_income":"0.00","nav_date":"20170213","success_type":"0","enable_shares":"4605.88","bank_no":"003","error_info":"","excetrans_in_total_quota":"0.00"}]}
    [code] => 200
)
]
[15:54:36][参数：Array
(
    [targetcomp_id] => 91000
    [sendercomp_id] => 91000
    [access_token] => 1FA5B344BD9A4D96A32411B1805745AF2017021413362874147399
    [request_num] => 1
    [reqry_recordsum_flag] => 1
    [qry_beginrownum] => 0
    [fund_code] => 600570
)
https://sitapi.hscloud.cn/cwsale/v1/newhq_qry
回参：Array
(
    [data] => {"data":[{"ofund_type":"0","per_myriad_income":"0.0000","fund_code":"600570","fund_curr_income":"0.00","rowcount":"1","forbid_modi_autobuy_flag":"0","pre_income_ratio":"0.0000","fund_full_name":"恒生电子股票基金","accept_hq_date":"20170214","share_type":"A","error_code":"","total_count":"1","fund_share":"0.00","fund_name":"恒生电子股票基金","fund_status":"0","ta_no":"B0","success_type":"0","nav_total":"1.7000","nav":"1.7000","prod_term":"0","ofund_risklevel":"0","en_minshare":"0.00","hq_date":"20170213","fund_curr_ratio":"0.0000","error_info":""}]}
    [code] => 200
)
]
[15:54:36][参数：Array
(
    [targetcomp_id] => 91000
    [sendercomp_id] => 91000
    [access_token] => 1FA5B344BD9A4D96A32411B1805745AF2017021413362874147399
    [request_num] => 1
    [reqry_recordsum_flag] => 1
    [qry_beginrownum] => 0
    [fund_code] => 600570
)
https://sitapi.hscloud.cn/cwsale/v1/newhq_qry
回参：Array
(
    [data] => {"data":[{"ofund_type":"0","per_myriad_income":"0.0000","fund_code":"600570","fund_curr_income":"0.00","rowcount":"1","forbid_modi_autobuy_flag":"0","pre_income_ratio":"0.0000","fund_full_name":"恒生电子股票基金","accept_hq_date":"20170214","share_type":"A","error_code":"","total_count":"1","fund_share":"0.00","fund_name":"恒生电子股票基金","fund_status":"0","ta_no":"B0","success_type":"0","nav_total":"1.7000","nav":"1.7000","prod_term":"0","ofund_risklevel":"0","en_minshare":"0.00","hq_date":"20170213","fund_curr_ratio":"0.0000","error_info":""}]}
    [code] => 200
)
]
[15:54:52][参数：Array
(
    [targetcomp_id] => 91000
    [sendercomp_id] => 91000
    [trust_way] => 2
    [access_token] => 1FA5B344BD9A4D96A32411B1805745AF2017021413362874147399
    [request_num] => 50
    [reqry_recordsum_flag] => 1
    [qry_beginrownum] => 0
    [client_id] => 10278
)
https://sitapi.hscloud.cn/cwsale/v1/share_qry
回参：Array
(
    [data] => {"data":[{"excetrans_out_total_quota":"0.00","share_type":"A","c_flag":"1","trade_acco":"1188","today_transin_total_quota":"0.00","current_share":"4705.88","ta_acco":"B01000010011","capital_mode":"l","today_apply_total_quota":"0.00","business_frozen_amount":"100.00","lock_share":"0.00","available_due_share":"4605.88","bank_account":"6228480712413995614","fund_code":"600570","rowcount":"1","auto_buy":"0","today_exceed_total_quota":"0.00","today_transout_total_quota":"0.00","unpaid_income":"0.00","error_code":"","quick_exceed_enable_share":"4605.88","accum_income":"0.00","cost":"10000.00","frozen_share":"0.00","total_count":"1","worth_value":"8000.00","today_income":"0.00","nav_date":"20170213","success_type":"0","enable_shares":"4605.88","bank_no":"003","error_info":"","excetrans_in_total_quota":"0.00"}]}
    [code] => 200
)
]
[15:54:52][参数：Array
(
    [targetcomp_id] => 91000
    [sendercomp_id] => 91000
    [access_token] => 1FA5B344BD9A4D96A32411B1805745AF2017021413362874147399
    [request_num] => 1
    [reqry_recordsum_flag] => 1
    [qry_beginrownum] => 0
    [fund_code] => 600570
)
https://sitapi.hscloud.cn/cwsale/v1/newhq_qry
回参：Array
(
    [data] => {"data":[{"ofund_type":"0","per_myriad_income":"0.0000","fund_code":"600570","fund_curr_income":"0.00","rowcount":"1","forbid_modi_autobuy_flag":"0","pre_income_ratio":"0.0000","fund_full_name":"恒生电子股票基金","accept_hq_date":"20170214","share_type":"A","error_code":"","total_count":"1","fund_share":"0.00","fund_name":"恒生电子股票基金","fund_status":"0","ta_no":"B0","success_type":"0","nav_total":"1.7000","nav":"1.7000","prod_term":"0","ofund_risklevel":"0","en_minshare":"0.00","hq_date":"20170213","fund_curr_ratio":"0.0000","error_info":""}]}
    [code] => 200
)
]
[15:54:52][参数：Array
(
    [targetcomp_id] => 91000
    [sendercomp_id] => 91000
    [access_token] => 1FA5B344BD9A4D96A32411B1805745AF2017021413362874147399
    [request_num] => 1
    [reqry_recordsum_flag] => 1
    [qry_beginrownum] => 0
    [fund_code] => 600570
)
https://sitapi.hscloud.cn/cwsale/v1/newhq_qry
回参：Array
(
    [data] => {"data":[{"ofund_type":"0","per_myriad_income":"0.0000","fund_code":"600570","fund_curr_income":"0.00","rowcount":"1","forbid_modi_autobuy_flag":"0","pre_income_ratio":"0.0000","fund_full_name":"恒生电子股票基金","accept_hq_date":"20170214","share_type":"A","error_code":"","total_count":"1","fund_share":"0.00","fund_name":"恒生电子股票基金","fund_status":"0","ta_no":"B0","success_type":"0","nav_total":"1.7000","nav":"1.7000","prod_term":"0","ofund_risklevel":"0","en_minshare":"0.00","hq_date":"20170213","fund_curr_ratio":"0.0000","error_info":""}]}
    [code] => 200
)
]
[16:12:29][参数：Array
(
    [targetcomp_id] => 91000
    [sendercomp_id] => 91000
    [trust_way] => 2
    [access_token] => 1FA5B344BD9A4D96A32411B1805745AF2017021413362874147399
    [request_num] => 50
    [reqry_recordsum_flag] => 1
    [qry_beginrownum] => 0
    [client_id] => 10288
)
https://sitapi.hscloud.cn/cwsale/v1/share_qry
回参：Array
(
    [data] => {"data":[{"excetrans_out_total_quota":"0.00","share_type":"A","c_flag":"1","trade_acco":"1189","today_transin_total_quota":"0.00","current_share":"5647.06","ta_acco":"B01000010022","capital_mode":"l","today_apply_total_quota":"0.00","business_frozen_amount":"5647.06","lock_share":"0.00","available_due_share":"0.00","bank_account":"6217000340000565980","fund_code":"600570","rowcount":"2","auto_buy":"0","today_exceed_total_quota":"0.00","today_transout_total_quota":"0.00","unpaid_income":"0.00","error_code":"","quick_exceed_enable_share":"0.00","accum_income":"0.00","cost":"12000.00","frozen_share":"0.00","total_count":"2","worth_value":"9600.00","today_income":"0.00","nav_date":"20170213","success_type":"0","enable_shares":"0.00","bank_no":"005","error_info":"","excetrans_in_total_quota":"0.00"},{"excetrans_out_total_quota":"0.00","share_type":"A","c_flag":"1","trade_acco":"1192","today_transin_total_quota":"0.00","current_share":"5647.06","ta_acco":"B01000010022","capital_mode":"l","today_apply_total_quota":"0.00","business_frozen_amount":"5647.06","lock_share":"0.00","available_due_share":"0.00","bank_account":"6228480712413995614","fund_code":"600570","rowcount":"2","auto_buy":"0","today_exceed_total_quota":"0.00","today_transout_total_quota":"0.00","unpaid_income":"0.00","error_code":"","quick_exceed_enable_share":"0.00","accum_income":"0.00","cost":"12000.00","frozen_share":"0.00","total_count":"2","worth_value":"9600.00","today_income":"0.00","nav_date":"20170213","success_type":"0","enable_shares":"0.00","bank_no":"003","error_info":"","excetrans_in_total_quota":"0.00"}]}
    [code] => 200
)
]
[16:12:29][参数：Array
(
    [targetcomp_id] => 91000
    [sendercomp_id] => 91000
    [access_token] => 1FA5B344BD9A4D96A32411B1805745AF2017021413362874147399
    [request_num] => 1
    [reqry_recordsum_flag] => 1
    [qry_beginrownum] => 0
    [fund_code] => 600570
)
https://sitapi.hscloud.cn/cwsale/v1/newhq_qry
回参：Array
(
    [data] => {"data":[{"ofund_type":"0","per_myriad_income":"0.0000","fund_code":"600570","fund_curr_income":"0.00","rowcount":"1","forbid_modi_autobuy_flag":"0","pre_income_ratio":"0.0000","fund_full_name":"恒生电子股票基金","accept_hq_date":"20170214","share_type":"A","error_code":"","total_count":"1","fund_share":"0.00","fund_name":"恒生电子股票基金","fund_status":"0","ta_no":"B0","success_type":"0","nav_total":"1.7000","nav":"1.7000","prod_term":"0","ofund_risklevel":"0","en_minshare":"0.00","hq_date":"20170213","fund_curr_ratio":"0.0000","error_info":""}]}
    [code] => 200
)
]
[16:12:30][参数：Array
(
    [targetcomp_id] => 91000
    [sendercomp_id] => 91000
    [access_token] => 1FA5B344BD9A4D96A32411B1805745AF2017021413362874147399
    [request_num] => 1
    [reqry_recordsum_flag] => 1
    [qry_beginrownum] => 0
    [fund_code] => 600570
)
https://sitapi.hscloud.cn/cwsale/v1/newhq_qry
回参：Array
(
    [data] => {"data":[{"ofund_type":"0","per_myriad_income":"0.0000","fund_code":"600570","fund_curr_income":"0.00","rowcount":"1","forbid_modi_autobuy_flag":"0","pre_income_ratio":"0.0000","fund_full_name":"恒生电子股票基金","accept_hq_date":"20170214","share_type":"A","error_code":"","total_count":"1","fund_share":"0.00","fund_name":"恒生电子股票基金","fund_status":"0","ta_no":"B0","success_type":"0","nav_total":"1.7000","nav":"1.7000","prod_term":"0","ofund_risklevel":"0","en_minshare":"0.00","hq_date":"20170213","fund_curr_ratio":"0.0000","error_info":""}]}
    [code] => 200
)
]
[16:12:30][参数：Array
(
    [targetcomp_id] => 91000
    [sendercomp_id] => 91000
    [access_token] => 1FA5B344BD9A4D96A32411B1805745AF2017021413362874147399
    [request_num] => 1
    [reqry_recordsum_flag] => 1
    [qry_beginrownum] => 0
    [fund_code] => 600570
)
https://sitapi.hscloud.cn/cwsale/v1/newhq_qry
回参：Array
(
    [data] => {"data":[{"ofund_type":"0","per_myriad_income":"0.0000","fund_code":"600570","fund_curr_income":"0.00","rowcount":"1","forbid_modi_autobuy_flag":"0","pre_income_ratio":"0.0000","fund_full_name":"恒生电子股票基金","accept_hq_date":"20170214","share_type":"A","error_code":"","total_count":"1","fund_share":"0.00","fund_name":"恒生电子股票基金","fund_status":"0","ta_no":"B0","success_type":"0","nav_total":"1.7000","nav":"1.7000","prod_term":"0","ofund_risklevel":"0","en_minshare":"0.00","hq_date":"20170213","fund_curr_ratio":"0.0000","error_info":""}]}
    [code] => 200
)
]
[16:12:30][参数：Array
(
    [targetcomp_id] => 91000
    [sendercomp_id] => 91000
    [access_token] => 1FA5B344BD9A4D96A32411B1805745AF2017021413362874147399
    [request_num] => 1
    [reqry_recordsum_flag] => 1
    [qry_beginrownum] => 0
    [fund_code] => 600570
)
https://sitapi.hscloud.cn/cwsale/v1/newhq_qry
回参：Array
(
    [data] => {"data":[{"ofund_type":"0","per_myriad_income":"0.0000","fund_code":"600570","fund_curr_income":"0.00","rowcount":"1","forbid_modi_autobuy_flag":"0","pre_income_ratio":"0.0000","fund_full_name":"恒生电子股票基金","accept_hq_date":"20170214","share_type":"A","error_code":"","total_count":"1","fund_share":"0.00","fund_name":"恒生电子股票基金","fund_status":"0","ta_no":"B0","success_type":"0","nav_total":"1.7000","nav":"1.7000","prod_term":"0","ofund_risklevel":"0","en_minshare":"0.00","hq_date":"20170213","fund_curr_ratio":"0.0000","error_info":""}]}
    [code] => 200
)
]
[16:32:31][参数：Array
(
    [targetcomp_id] => 91000
    [sendercomp_id] => 91000
    [trust_way] => 2
    [access_token] => 1FA5B344BD9A4D96A32411B1805745AF2017021413362874147399
    [request_num] => 50
    [reqry_recordsum_flag] => 1
    [qry_beginrownum] => 0
    [client_id] => 10278
)
https://sitapi.hscloud.cn/cwsale/v1/share_qry
回参：Array
(
    [data] => {"data":[{"excetrans_out_total_quota":"0.00","share_type":"A","c_flag":"1","trade_acco":"1188","today_transin_total_quota":"0.00","current_share":"4705.88","ta_acco":"B01000010011","capital_mode":"l","today_apply_total_quota":"0.00","business_frozen_amount":"100.00","lock_share":"0.00","available_due_share":"4605.88","bank_account":"6228480712413995614","fund_code":"600570","rowcount":"1","auto_buy":"0","today_exceed_total_quota":"0.00","today_transout_total_quota":"0.00","unpaid_income":"0.00","error_code":"","quick_exceed_enable_share":"4605.88","accum_income":"0.00","cost":"10000.00","frozen_share":"0.00","total_count":"1","worth_value":"8000.00","today_income":"0.00","nav_date":"20170213","success_type":"0","enable_shares":"4605.88","bank_no":"003","error_info":"","excetrans_in_total_quota":"0.00"}]}
    [code] => 200
)
]
[16:32:31][参数：Array
(
    [targetcomp_id] => 91000
    [sendercomp_id] => 91000
    [access_token] => 1FA5B344BD9A4D96A32411B1805745AF2017021413362874147399
    [request_num] => 1
    [reqry_recordsum_flag] => 1
    [qry_beginrownum] => 0
    [fund_code] => 600570
)
https://sitapi.hscloud.cn/cwsale/v1/newhq_qry
回参：Array
(
    [data] => {"data":[{"ofund_type":"0","per_myriad_income":"0.0000","fund_code":"600570","fund_curr_income":"0.00","rowcount":"1","forbid_modi_autobuy_flag":"0","pre_income_ratio":"0.0000","fund_full_name":"恒生电子股票基金","accept_hq_date":"20170214","share_type":"A","error_code":"","total_count":"1","fund_share":"0.00","fund_name":"恒生电子股票基金","fund_status":"0","ta_no":"B0","success_type":"0","nav_total":"1.7000","nav":"1.7000","prod_term":"0","ofund_risklevel":"0","en_minshare":"0.00","hq_date":"20170213","fund_curr_ratio":"0.0000","error_info":""}]}
    [code] => 200
)
]
[16:32:32][参数：Array
(
    [targetcomp_id] => 91000
    [sendercomp_id] => 91000
    [access_token] => 1FA5B344BD9A4D96A32411B1805745AF2017021413362874147399
    [request_num] => 1
    [reqry_recordsum_flag] => 1
    [qry_beginrownum] => 0
    [fund_code] => 600570
)
https://sitapi.hscloud.cn/cwsale/v1/newhq_qry
回参：Array
(
    [data] => {"data":[{"ofund_type":"0","per_myriad_income":"0.0000","fund_code":"600570","fund_curr_income":"0.00","rowcount":"1","forbid_modi_autobuy_flag":"0","pre_income_ratio":"0.0000","fund_full_name":"恒生电子股票基金","accept_hq_date":"20170214","share_type":"A","error_code":"","total_count":"1","fund_share":"0.00","fund_name":"恒生电子股票基金","fund_status":"0","ta_no":"B0","success_type":"0","nav_total":"1.7000","nav":"1.7000","prod_term":"0","ofund_risklevel":"0","en_minshare":"0.00","hq_date":"20170213","fund_curr_ratio":"0.0000","error_info":""}]}
    [code] => 200
)
]
[16:45:44][参数：Array
(
    [targetcomp_id] => 91000
    [sendercomp_id] => 91000
    [trust_way] => 2
    [access_token] => 1FA5B344BD9A4D96A32411B1805745AF2017021413362874147399
    [request_num] => 50
    [reqry_recordsum_flag] => 1
    [qry_beginrownum] => 0
    [client_id] => 10278
)
https://sitapi.hscloud.cn/cwsale/v1/share_qry
回参：Array
(
    [data] => {"data":[{"excetrans_out_total_quota":"0.00","share_type":"A","c_flag":"1","trade_acco":"1188","today_transin_total_quota":"0.00","current_share":"4705.88","ta_acco":"B01000010011","capital_mode":"l","today_apply_total_quota":"0.00","business_frozen_amount":"200.00","lock_share":"0.00","available_due_share":"4505.88","bank_account":"6228480712413995614","fund_code":"600570","rowcount":"1","auto_buy":"0","today_exceed_total_quota":"0.00","today_transout_total_quota":"0.00","unpaid_income":"0.00","error_code":"","quick_exceed_enable_share":"4505.88","accum_income":"0.00","cost":"10000.00","frozen_share":"0.00","total_count":"1","worth_value":"8000.00","today_income":"0.00","nav_date":"20170213","success_type":"0","enable_shares":"4505.88","bank_no":"003","error_info":"","excetrans_in_total_quota":"0.00"}]}
    [code] => 200
)
]
[16:45:45][参数：Array
(
    [targetcomp_id] => 91000
    [sendercomp_id] => 91000
    [access_token] => 1FA5B344BD9A4D96A32411B1805745AF2017021413362874147399
    [request_num] => 1
    [reqry_recordsum_flag] => 1
    [qry_beginrownum] => 0
    [fund_code] => 600570
)
https://sitapi.hscloud.cn/cwsale/v1/newhq_qry
回参：Array
(
    [data] => {"data":[{"ofund_type":"0","per_myriad_income":"0.0000","fund_code":"600570","fund_curr_income":"0.00","rowcount":"1","forbid_modi_autobuy_flag":"0","pre_income_ratio":"0.0000","fund_full_name":"恒生电子股票基金","accept_hq_date":"20170214","share_type":"A","error_code":"","total_count":"1","fund_share":"0.00","fund_name":"恒生电子股票基金","fund_status":"0","ta_no":"B0","success_type":"0","nav_total":"1.7000","nav":"1.7000","prod_term":"0","ofund_risklevel":"0","en_minshare":"0.00","hq_date":"20170213","fund_curr_ratio":"0.0000","error_info":""}]}
    [code] => 200
)
]
[16:45:45][参数：Array
(
    [targetcomp_id] => 91000
    [sendercomp_id] => 91000
    [access_token] => 1FA5B344BD9A4D96A32411B1805745AF2017021413362874147399
    [request_num] => 1
    [reqry_recordsum_flag] => 1
    [qry_beginrownum] => 0
    [fund_code] => 600570
)
https://sitapi.hscloud.cn/cwsale/v1/newhq_qry
回参：Array
(
    [data] => {"data":[{"ofund_type":"0","per_myriad_income":"0.0000","fund_code":"600570","fund_curr_income":"0.00","rowcount":"1","forbid_modi_autobuy_flag":"0","pre_income_ratio":"0.0000","fund_full_name":"恒生电子股票基金","accept_hq_date":"20170214","share_type":"A","error_code":"","total_count":"1","fund_share":"0.00","fund_name":"恒生电子股票基金","fund_status":"0","ta_no":"B0","success_type":"0","nav_total":"1.7000","nav":"1.7000","prod_term":"0","ofund_risklevel":"0","en_minshare":"0.00","hq_date":"20170213","fund_curr_ratio":"0.0000","error_info":""}]}
    [code] => 200
)
]
[16:52:59][参数：Array
(
    [targetcomp_id] => 91000
    [sendercomp_id] => 91000
    [trust_way] => 2
    [access_token] => 1FA5B344BD9A4D96A32411B1805745AF2017021413362874147399
    [request_num] => 50
    [reqry_recordsum_flag] => 1
    [qry_beginrownum] => 0
    [client_id] => 10278
)
https://sitapi.hscloud.cn/cwsale/v1/share_qry
回参：Array
(
    [data] => {"data":[{"excetrans_out_total_quota":"0.00","share_type":"A","c_flag":"1","trade_acco":"1188","today_transin_total_quota":"0.00","current_share":"4705.88","ta_acco":"B01000010011","capital_mode":"l","today_apply_total_quota":"0.00","business_frozen_amount":"200.00","lock_share":"0.00","available_due_share":"4505.88","bank_account":"6228480712413995614","fund_code":"600570","rowcount":"1","auto_buy":"0","today_exceed_total_quota":"0.00","today_transout_total_quota":"0.00","unpaid_income":"0.00","error_code":"","quick_exceed_enable_share":"4505.88","accum_income":"0.00","cost":"10000.00","frozen_share":"0.00","total_count":"1","worth_value":"8000.00","today_income":"0.00","nav_date":"20170213","success_type":"0","enable_shares":"4505.88","bank_no":"003","error_info":"","excetrans_in_total_quota":"0.00"}]}
    [code] => 200
)
]
[16:52:59][参数：Array
(
    [targetcomp_id] => 91000
    [sendercomp_id] => 91000
    [access_token] => 1FA5B344BD9A4D96A32411B1805745AF2017021413362874147399
    [request_num] => 1
    [reqry_recordsum_flag] => 1
    [qry_beginrownum] => 0
    [fund_code] => 600570
)
https://sitapi.hscloud.cn/cwsale/v1/newhq_qry
回参：Array
(
    [data] => {"data":[{"ofund_type":"0","per_myriad_income":"0.0000","fund_code":"600570","fund_curr_income":"0.00","rowcount":"1","forbid_modi_autobuy_flag":"0","pre_income_ratio":"0.0000","fund_full_name":"恒生电子股票基金","accept_hq_date":"20170214","share_type":"A","error_code":"","total_count":"1","fund_share":"0.00","fund_name":"恒生电子股票基金","fund_status":"0","ta_no":"B0","success_type":"0","nav_total":"1.7000","nav":"1.7000","prod_term":"0","ofund_risklevel":"0","en_minshare":"0.00","hq_date":"20170213","fund_curr_ratio":"0.0000","error_info":""}]}
    [code] => 200
)
]
[16:52:59][参数：Array
(
    [targetcomp_id] => 91000
    [sendercomp_id] => 91000
    [access_token] => 1FA5B344BD9A4D96A32411B1805745AF2017021413362874147399
    [request_num] => 1
    [reqry_recordsum_flag] => 1
    [qry_beginrownum] => 0
    [fund_code] => 600570
)
https://sitapi.hscloud.cn/cwsale/v1/newhq_qry
回参：Array
(
    [data] => {"data":[{"ofund_type":"0","per_myriad_income":"0.0000","fund_code":"600570","fund_curr_income":"0.00","rowcount":"1","forbid_modi_autobuy_flag":"0","pre_income_ratio":"0.0000","fund_full_name":"恒生电子股票基金","accept_hq_date":"20170214","share_type":"A","error_code":"","total_count":"1","fund_share":"0.00","fund_name":"恒生电子股票基金","fund_status":"0","ta_no":"B0","success_type":"0","nav_total":"1.7000","nav":"1.7000","prod_term":"0","ofund_risklevel":"0","en_minshare":"0.00","hq_date":"20170213","fund_curr_ratio":"0.0000","error_info":""}]}
    [code] => 200
)
]
[17:07:15][参数：Array
(
    [targetcomp_id] => 91000
    [sendercomp_id] => 91000
    [trust_way] => 2
    [access_token] => 1FA5B344BD9A4D96A32411B1805745AF2017021413362874147399
    [request_num] => 50
    [reqry_recordsum_flag] => 1
    [qry_beginrownum] => 0
    [client_id] => 10298
)
https://sitapi.hscloud.cn/cwsale/v1/share_qry
回参：Array
(
    [data] => {"data":[{"excetrans_out_total_quota":"","share_type":"","c_flag":"","trade_acco":"","today_transin_total_quota":"","current_share":"","ta_acco":"","capital_mode":"","today_apply_total_quota":"","business_frozen_amount":"","lock_share":"","available_due_share":"","bank_account":"","fund_code":"","rowcount":"","auto_buy":"","today_exceed_total_quota":"","today_transout_total_quota":"","unpaid_income":"","error_code":"","quick_exceed_enable_share":"","accum_income":"","cost":"","frozen_share":"","total_count":"","worth_value":"","today_income":"","nav_date":"","success_type":"0","enable_shares":"","bank_no":"","error_info":"","excetrans_in_total_quota":""}]}
    [code] => 200
)
]
[17:29:01][参数：Array
(
    [targetcomp_id] => 91000
    [sendercomp_id] => 91000
    [trust_way] => 2
    [access_token] => 1FA5B344BD9A4D96A32411B1805745AF2017021413362874147399
    [request_num] => 50
    [reqry_recordsum_flag] => 1
    [qry_beginrownum] => 0
    [client_id] => 10278
)
https://sitapi.hscloud.cn/cwsale/v1/share_qry
回参：Array
(
    [data] => {"data":[{"excetrans_out_total_quota":"0.00","share_type":"A","c_flag":"1","trade_acco":"1188","today_transin_total_quota":"0.00","current_share":"4705.88","ta_acco":"B01000010011","capital_mode":"l","today_apply_total_quota":"0.00","business_frozen_amount":"200.00","lock_share":"0.00","available_due_share":"4505.88","bank_account":"6228480712413995614","fund_code":"600570","rowcount":"1","auto_buy":"0","today_exceed_total_quota":"0.00","today_transout_total_quota":"0.00","unpaid_income":"0.00","error_code":"","quick_exceed_enable_share":"4505.88","accum_income":"0.00","cost":"10000.00","frozen_share":"0.00","total_count":"1","worth_value":"8000.00","today_income":"0.00","nav_date":"20170213","success_type":"0","enable_shares":"4505.88","bank_no":"003","error_info":"","excetrans_in_total_quota":"0.00"}]}
    [code] => 200
)
]
[17:29:01][参数：Array
(
    [targetcomp_id] => 91000
    [sendercomp_id] => 91000
    [access_token] => 1FA5B344BD9A4D96A32411B1805745AF2017021413362874147399
    [request_num] => 1
    [reqry_recordsum_flag] => 1
    [qry_beginrownum] => 0
    [fund_code] => 600570
)
https://sitapi.hscloud.cn/cwsale/v1/newhq_qry
回参：Array
(
    [data] => {"data":[{"ofund_type":"0","per_myriad_income":"0.0000","fund_code":"600570","fund_curr_income":"0.00","rowcount":"1","forbid_modi_autobuy_flag":"0","pre_income_ratio":"0.0000","fund_full_name":"恒生电子股票基金","accept_hq_date":"20170214","share_type":"A","error_code":"","total_count":"1","fund_share":"0.00","fund_name":"恒生电子股票基金","fund_status":"0","ta_no":"B0","success_type":"0","nav_total":"1.7000","nav":"1.7000","prod_term":"0","ofund_risklevel":"0","en_minshare":"0.00","hq_date":"20170213","fund_curr_ratio":"0.0000","error_info":""}]}
    [code] => 200
)
]
[17:29:02][参数：Array
(
    [targetcomp_id] => 91000
    [sendercomp_id] => 91000
    [access_token] => 1FA5B344BD9A4D96A32411B1805745AF2017021413362874147399
    [request_num] => 1
    [reqry_recordsum_flag] => 1
    [qry_beginrownum] => 0
    [fund_code] => 600570
)
https://sitapi.hscloud.cn/cwsale/v1/newhq_qry
回参：Array
(
    [data] => {"data":[{"ofund_type":"0","per_myriad_income":"0.0000","fund_code":"600570","fund_curr_income":"0.00","rowcount":"1","forbid_modi_autobuy_flag":"0","pre_income_ratio":"0.0000","fund_full_name":"恒生电子股票基金","accept_hq_date":"20170214","share_type":"A","error_code":"","total_count":"1","fund_share":"0.00","fund_name":"恒生电子股票基金","fund_status":"0","ta_no":"B0","success_type":"0","nav_total":"1.7000","nav":"1.7000","prod_term":"0","ofund_risklevel":"0","en_minshare":"0.00","hq_date":"20170213","fund_curr_ratio":"0.0000","error_info":""}]}
    [code] => 200
)
]
