[09:29:56][|-$mobile-|18065043496|-$userID-|215|-$tid-|1487121402|-$stid-|1487121565|-$ctid-|1487122120|-$mkid-|248a5a89e3def612|-$ip-|192.168.15.235]
[09:51:03][|-$mobile-|18125530297|-$userID-|170|-$tid-|1487123161|-$stid-|1487123248|-$ctid-|1487123451|-$mkid-|f63c86c2079ad0a9|-$ip-|192.168.15.235]
[10:13:24][|-$mobile-|18065043496|-$userID-|215|-$tid-|1487124747|-$stid-|1487124772|-$ctid-|1487124778|-$mkid-|0cdf7f1ab73aee08|-$ip-|192.168.15.235]
[10:13:24][|-验证用户表中的短信验证码$cParam-|Array
(
    [Type] => 2
    [UserID] => 215
    [Mobile] => 18065043496
    [IP] => 192.168.15.235
    [CheckCode] => 812717
)
|-结果$cRs-|Array
(
    [Code] => 00
    [Msg] => 成功
    [Record] => Array
        (
        )

)
]
[10:28:17][|-$mobile-|18125530297|-$userID-|170|-$tid-|1487125640|-$stid-|1487125669|-$ctid-|1487125670|-$mkid-|904829e67c0bee65|-$ip-|192.168.15.235]
[10:28:17][|-验证用户表中的短信验证码$cParam-|Array
(
    [Type] => 2
    [UserID] => 170
    [Mobile] => 18125530297
    [IP] => 192.168.15.235
    [CheckCode] => 628203
)
|-结果$cRs-|Array
(
    [Code] => 00
    [Msg] => 成功
    [Record] => Array
        (
        )

)
]
[10:30:27][|-$mobile-|18065043496|-$userID-|215|-$tid-|1487125784|-$stid-|1487125810|-$ctid-|1487125812|-$mkid-|8c997196712bfc03|-$ip-|192.168.15.235]
[10:30:27][|-验证用户表中的短信验证码$cParam-|Array
(
    [Type] => 2
    [UserID] => 215
    [Mobile] => 18065043496
    [IP] => 192.168.15.235
    [CheckCode] => 761006
)
|-结果$cRs-|Array
(
    [Code] => 00
    [Msg] => 成功
    [Record] => Array
        (
        )

)
]
[10:40:37][|-$mobile-|18065043496|-$userID-|215|-$tid-|1487126375|-$stid-|1487126416|-$ctid-|1487126416|-$mkid-|b4865777b4eb173e|-$ip-|192.168.15.235]
[10:40:37][|-验证用户表中的短信验证码$cParam-|Array
(
    [Type] => 2
    [UserID] => 215
    [Mobile] => 18065043496
    [IP] => 192.168.15.235
    [CheckCode] => 876585
)
|-结果$cRs-|Array
(
    [Code] => 00
    [Msg] => 成功
    [Record] => Array
        (
        )

)
]
[11:11:23][|-$mobile-|18065043496|-$userID-|215|-$tid-|1487128241|-$stid-|1487128263|-$ctid-|1487128264|-$mkid-|865e54c5a4ef1533|-$ip-|192.168.15.235]
[11:11:23][|-验证用户表中的短信验证码$cParam-|Array
(
    [Type] => 2
    [UserID] => 215
    [Mobile] => 18065043496
    [IP] => 192.168.15.235
    [CheckCode] => 677453
)
|-结果$cRs-|Array
(
    [Code] => 00
    [Msg] => 成功
    [Record] => Array
        (
        )

)
]
[11:21:40][|-$mobile-|18125530297|-$userID-|170|-$tid-|1487128833|-$stid-|1487128861|-$ctid-|1487128861|-$mkid-|48ab2d40641bc25f|-$ip-|192.168.15.235]
[11:21:40][|-验证用户表中的短信验证码$cParam-|Array
(
    [Type] => 2
    [UserID] => 170
    [Mobile] => 18125530297
    [IP] => 192.168.15.235
    [CheckCode] => 039953
)
|-结果$cRs-|Array
(
    [Code] => 00
    [Msg] => 成功
    [Record] => Array
        (
        )

)
]
