[11:46:22][|-trParam-|Array
(
    [UserID] => 178
    [TrueName] => 杜拉拉
    [IdentityNumber] => 422201199901010427
    [Sex] => 1
    [IdentType] => 0
    [EndValidDate] => 2099-01-01
    [Country] => 156
    [Status] => 1
)
]
[11:46:22][|-strParam-|Array
(
    [UserID] => 178
    [TrueName] => 杜拉拉
    [IdentityNumber] => 422201199901010427
    [Sex] => 1
    [IdentType] => 0
    [EndValidDate] => 2099-01-01
    [Country] => 156
    [Status] => 1
)
]
[11:57:26][|-trParam-|Array
(
    [UserID] => 178
    [TrueName] => 杜拉拉
    [IdentityNumber] => 422201199901010427
    [Sex] => 1
    [IdentType] => 0
    [EndValidDate] => 2099-01-01
    [Country] => 156
    [Status] => 1
)
]
[11:57:26][|-strParam-|Array
(
    [UserID] => 178
    [TrueName] => 杜拉拉
    [IdentityNumber] => 422201199901010427
    [Sex] => 1
    [IdentType] => 0
    [EndValidDate] => 2099-01-01
    [Country] => 156
    [Status] => 1
)
]
[14:51:27][|-trParam-|Array
(
    [UserID] => 196
    [TrueName] => 严萌
    [IdentityNumber] => 420111199508286623
    [Sex] => 1
    [IdentType] => 0
    [EndValidDate] => 2099-01-01
    [Country] => 156
    [Status] => 1
)
]
[15:01:57][|-trParam-|Array
(
    [UserID] => 196
    [TrueName] => 严萌
    [IdentityNumber] => 420111199508286623
    [Sex] => 1
    [IdentType] => 0
    [EndValidDate] => 2099-01-01
    [Country] => 156
    [Status] => 1
)
]
[15:01:57][|-strParam-|Array
(
    [UserID] => 196
    [TrueName] => 严萌
    [IdentityNumber] => 420111199508286623
    [Sex] => 1
    [IdentType] => 0
    [EndValidDate] => 2099-01-01
    [Country] => 156
    [Status] => 1
)
]
[15:08:21][|-trParam-|Array
(
    [UserID] => 196
    [TrueName] => 严萌
    [IdentityNumber] => 420111199508286623
    [Sex] => 1
    [IdentType] => 0
    [EndValidDate] => 2099-01-01
    [Country] => 156
    [Status] => 1
)
]
[15:08:21][|-strParam-|Array
(
    [UserID] => 196
    [TrueName] => 严萌
    [IdentityNumber] => 420111199508286623
    [Sex] => 1
    [IdentType] => 0
    [EndValidDate] => 2099-01-01
    [Country] => 156
    [Status] => 1
)
]
[15:12:28][|-trParam-|Array
(
    [UserID] => 169
    [TrueName] => 黄
    [IdentityNumber] => 325632198911113338
    [Sex] => 0
    [IdentType] => 0
    [EndValidDate] => 2017-02-07
    [Country] => 156
    [Status] => 1
)
]
[15:12:28][|-strParam-|Array
(
    [UserID] => 169
    [TrueName] => 黄
    [IdentityNumber] => 325632198911113338
    [Sex] => 0
    [IdentType] => 0
    [EndValidDate] => 2017-02-07
    [Country] => 156
    [Status] => 1
)
]
[15:23:39][|-trParam-|Array
(
    [UserID] => 169
    [TrueName] => 黄
    [IdentityNumber] => 325632198911113338
    [Sex] => 0
    [IdentType] => 0
    [EndValidDate] => 2017-02-07
    [Country] => 156
    [Status] => 1
)
]
[15:23:39][|-strParam-|Array
(
    [UserID] => 169
    [TrueName] => 黄
    [IdentityNumber] => 325632198911113338
    [Sex] => 0
    [IdentType] => 0
    [EndValidDate] => 2017-02-07
    [Country] => 156
    [Status] => 1
)
]
[15:26:36][|-trParam-|Array
(
    [UserID] => 196
    [TrueName] => 严萌
    [IdentityNumber] => 420111199508286623
    [Sex] => 1
    [IdentType] => 0
    [EndValidDate] => 2099-01-01
    [Country] => 156
    [Status] => 1
)
]
[15:26:36][|-strParam-|Array
(
    [UserID] => 196
    [TrueName] => 严萌
    [IdentityNumber] => 420111199508286623
    [Sex] => 1
    [IdentType] => 0
    [EndValidDate] => 2099-01-01
    [Country] => 156
    [Status] => 1
)
]
[16:51:55][|-trParam-|Array
(
    [UserID] => 220
    [TrueName] => 后
    [IdentityNumber] => 350426198803025631
    [Sex] => 1
    [IdentType] => 0
    [EndValidDate] => 2099-01-01
    [Country] => 156
    [Status] => 1
)
]
[16:55:18][|-trParam-|Array
(
    [UserID] => 220
    [TrueName] => 后
    [IdentityNumber] => 350426198803025631
    [Sex] => 1
    [IdentType] => 0
    [EndValidDate] => 2099-01-01
    [Country] => 156
    [Status] => 1
)
]
[16:55:18][|-strParam-|Array
(
    [UserID] => 220
    [TrueName] => 后
    [IdentityNumber] => 350426198803025631
    [Sex] => 1
    [IdentType] => 0
    [EndValidDate] => 2099-01-01
    [Country] => 156
    [Status] => 1
)
]
[17:04:53][|-trParam-|Array
(
    [UserID] => 169
    [TrueName] => 黄
    [IdentityNumber] => 325632198911113338
    [Sex] => 0
    [IdentType] => 0
    [EndValidDate] => 2017-02-07
    [Country] => 156
    [Status] => 1
)
]
[17:04:53][|-strParam-|Array
(
    [UserID] => 169
    [TrueName] => 黄
    [IdentityNumber] => 325632198911113338
    [Sex] => 0
    [IdentType] => 0
    [EndValidDate] => 2017-02-07
    [Country] => 156
    [Status] => 1
)
]
[21:02:54][|-trParam-|Array
(
    [UserID] => 178
    [TrueName] => 杜拉拉
    [IdentityNumber] => 422201199901010427
    [Sex] => 1
    [IdentType] => 0
    [EndValidDate] => 2099-01-01
    [Country] => 156
    [Status] => 1
)
]
[21:08:44][|-trParam-|Array
(
    [UserID] => 178
    [TrueName] => 杜拉拉
    [IdentityNumber] => 422201199901010427
    [Sex] => 1
    [IdentType] => 0
    [EndValidDate] => 2099-01-01
    [Country] => 156
    [Status] => 1
)
]
[21:08:44][|-strParam-|Array
(
    [UserID] => 178
    [TrueName] => 杜拉拉
    [IdentityNumber] => 422201199901010427
    [Sex] => 1
    [IdentType] => 0
    [EndValidDate] => 2099-01-01
    [Country] => 156
    [Status] => 1
)
]
[21:28:32][|-trParam-|Array
(
    [UserID] => 169
    [TrueName] => 黄
    [IdentityNumber] => 325632198911113338
    [Sex] => 0
    [IdentType] => 0
    [EndValidDate] => 2017-02-07
    [Country] => 156
    [Status] => 1
)
]
[21:28:32][|-strParam-|Array
(
    [UserID] => 169
    [TrueName] => 黄
    [IdentityNumber] => 325632198911113338
    [Sex] => 0
    [IdentType] => 0
    [EndValidDate] => 2017-02-07
    [Country] => 156
    [Status] => 1
)
]
[21:31:26][|-trParam-|Array
(
    [UserID] => 169
    [TrueName] => 黄
    [IdentityNumber] => 325632198911113338
    [Sex] => 0
    [IdentType] => 0
    [EndValidDate] => 2017-02-07
    [Country] => 156
    [Status] => 1
)
]
[21:31:26][|-strParam-|Array
(
    [UserID] => 169
    [TrueName] => 黄
    [IdentityNumber] => 325632198911113338
    [Sex] => 0
    [IdentType] => 0
    [EndValidDate] => 2017-02-07
    [Country] => 156
    [Status] => 1
)
]
[21:52:12][|-trParam-|Array
(
    [UserID] => 178
    [TrueName] => 杜拉拉
    [IdentityNumber] => 422201199901010427
    [Sex] => 1
    [IdentType] => 0
    [EndValidDate] => 2099-01-01
    [Country] => 156
    [Status] => 1
)
]
[21:52:12][|-strParam-|Array
(
    [UserID] => 178
    [TrueName] => 杜拉拉
    [IdentityNumber] => 422201199901010427
    [Sex] => 1
    [IdentType] => 0
    [EndValidDate] => 2099-01-01
    [Country] => 156
    [Status] => 1
)
]
[22:04:12][|-trParam-|Array
(
    [UserID] => 169
    [TrueName] => 黄
    [IdentityNumber] => 325632198911113338
    [Sex] => 0
    [IdentType] => 0
    [EndValidDate] => 2017-02-07
    [Country] => 156
    [Status] => 1
)
]
[22:04:12][|-strParam-|Array
(
    [UserID] => 169
    [TrueName] => 黄
    [IdentityNumber] => 325632198911113338
    [Sex] => 0
    [IdentType] => 0
    [EndValidDate] => 2017-02-07
    [Country] => 156
    [Status] => 1
)
]
[22:16:08][|-trParam-|Array
(
    [UserID] => 178
    [TrueName] => 杜拉拉
    [IdentityNumber] => 422201199901010427
    [Sex] => 1
    [IdentType] => 0
    [EndValidDate] => 2099-01-01
    [Country] => 156
    [Status] => 1
)
]
[22:16:08][|-strParam-|Array
(
    [UserID] => 178
    [TrueName] => 杜拉拉
    [IdentityNumber] => 422201199901010427
    [Sex] => 1
    [IdentType] => 0
    [EndValidDate] => 2099-01-01
    [Country] => 156
    [Status] => 1
)
]
