[00:01:29][2017-02-05 00:01:29|||type|||qq|||qq_user_info|||Array
(
    [ret] => 0
    [msg] => 
    [is_lost] => 0
    [nickname] => 丛林拓者
    [gender] => 男
    [province] => 
    [city] => 
    [year] => 1993
    [figureurl] => http://qzapp.qlogo.cn/qzapp/101372824/2D268DDDFBF49D33C609B7E4D1D88D69/30
    [figureurl_1] => http://qzapp.qlogo.cn/qzapp/101372824/2D268DDDFBF49D33C609B7E4D1D88D69/50
    [figureurl_2] => http://qzapp.qlogo.cn/qzapp/101372824/2D268DDDFBF49D33C609B7E4D1D88D69/100
    [figureurl_qq_1] => http://q.qlogo.cn/qqapp/101372824/2D268DDDFBF49D33C609B7E4D1D88D69/40
    [figureurl_qq_2] => http://q.qlogo.cn/qqapp/101372824/2D268DDDFBF49D33C609B7E4D1D88D69/100
    [is_yellow_vip] => 0
    [vip] => 0
    [yellow_vip_level] => 0
    [level] => 0
    [is_yellow_year_vip] => 0
)

]
[00:11:55][2017-02-05 00:11:55|||type|||qq|||qq_user_info|||Array
(
    [ret] => 0
    [msg] => 
    [is_lost] => 0
    [nickname] => 丛林拓者
    [gender] => 男
    [province] => 
    [city] => 
    [year] => 1993
    [figureurl] => http://qzapp.qlogo.cn/qzapp/101372824/2D268DDDFBF49D33C609B7E4D1D88D69/30
    [figureurl_1] => http://qzapp.qlogo.cn/qzapp/101372824/2D268DDDFBF49D33C609B7E4D1D88D69/50
    [figureurl_2] => http://qzapp.qlogo.cn/qzapp/101372824/2D268DDDFBF49D33C609B7E4D1D88D69/100
    [figureurl_qq_1] => http://q.qlogo.cn/qqapp/101372824/2D268DDDFBF49D33C609B7E4D1D88D69/40
    [figureurl_qq_2] => http://q.qlogo.cn/qqapp/101372824/2D268DDDFBF49D33C609B7E4D1D88D69/100
    [is_yellow_vip] => 0
    [vip] => 0
    [yellow_vip_level] => 0
    [level] => 0
    [is_yellow_year_vip] => 0
)

]
[00:12:33][2017-02-05 00:12:33|||type|||qq|||qq_user_info|||Array
(
    [ret] => 0
    [msg] => 
    [is_lost] => 0
    [nickname] => 丛林拓者
    [gender] => 男
    [province] => 
    [city] => 
    [year] => 1993
    [figureurl] => http://qzapp.qlogo.cn/qzapp/101372824/2D268DDDFBF49D33C609B7E4D1D88D69/30
    [figureurl_1] => http://qzapp.qlogo.cn/qzapp/101372824/2D268DDDFBF49D33C609B7E4D1D88D69/50
    [figureurl_2] => http://qzapp.qlogo.cn/qzapp/101372824/2D268DDDFBF49D33C609B7E4D1D88D69/100
    [figureurl_qq_1] => http://q.qlogo.cn/qqapp/101372824/2D268DDDFBF49D33C609B7E4D1D88D69/40
    [figureurl_qq_2] => http://q.qlogo.cn/qqapp/101372824/2D268DDDFBF49D33C609B7E4D1D88D69/100
    [is_yellow_vip] => 0
    [vip] => 0
    [yellow_vip_level] => 0
    [level] => 0
    [is_yellow_year_vip] => 0
)

]
[00:13:16][2017-02-05 00:13:16|||type|||qq|||qq_user_info|||Array
(
    [ret] => 0
    [msg] => 
    [is_lost] => 0
    [nickname] => 丛林拓者
    [gender] => 男
    [province] => 
    [city] => 
    [year] => 1993
    [figureurl] => http://qzapp.qlogo.cn/qzapp/101372824/2D268DDDFBF49D33C609B7E4D1D88D69/30
    [figureurl_1] => http://qzapp.qlogo.cn/qzapp/101372824/2D268DDDFBF49D33C609B7E4D1D88D69/50
    [figureurl_2] => http://qzapp.qlogo.cn/qzapp/101372824/2D268DDDFBF49D33C609B7E4D1D88D69/100
    [figureurl_qq_1] => http://q.qlogo.cn/qqapp/101372824/2D268DDDFBF49D33C609B7E4D1D88D69/40
    [figureurl_qq_2] => http://q.qlogo.cn/qqapp/101372824/2D268DDDFBF49D33C609B7E4D1D88D69/100
    [is_yellow_vip] => 0
    [vip] => 0
    [yellow_vip_level] => 0
    [level] => 0
    [is_yellow_year_vip] => 0
)

]
[00:13:28][2017-02-05 00:13:28|||type|||qq|||qq_user_info|||Array
(
    [ret] => 0
    [msg] => 
    [is_lost] => 0
    [nickname] => 丛林拓者
    [gender] => 男
    [province] => 
    [city] => 
    [year] => 1993
    [figureurl] => http://qzapp.qlogo.cn/qzapp/101372824/2D268DDDFBF49D33C609B7E4D1D88D69/30
    [figureurl_1] => http://qzapp.qlogo.cn/qzapp/101372824/2D268DDDFBF49D33C609B7E4D1D88D69/50
    [figureurl_2] => http://qzapp.qlogo.cn/qzapp/101372824/2D268DDDFBF49D33C609B7E4D1D88D69/100
    [figureurl_qq_1] => http://q.qlogo.cn/qqapp/101372824/2D268DDDFBF49D33C609B7E4D1D88D69/40
    [figureurl_qq_2] => http://q.qlogo.cn/qqapp/101372824/2D268DDDFBF49D33C609B7E4D1D88D69/100
    [is_yellow_vip] => 0
    [vip] => 0
    [yellow_vip_level] => 0
    [level] => 0
    [is_yellow_year_vip] => 0
)

]
[00:14:00][2017-02-05 00:14:00|||type|||qq|||qq_user_info|||Array
(
    [ret] => 0
    [msg] => 
    [is_lost] => 0
    [nickname] => 丛林拓者
    [gender] => 男
    [province] => 
    [city] => 
    [year] => 1993
    [figureurl] => http://qzapp.qlogo.cn/qzapp/101372824/2D268DDDFBF49D33C609B7E4D1D88D69/30
    [figureurl_1] => http://qzapp.qlogo.cn/qzapp/101372824/2D268DDDFBF49D33C609B7E4D1D88D69/50
    [figureurl_2] => http://qzapp.qlogo.cn/qzapp/101372824/2D268DDDFBF49D33C609B7E4D1D88D69/100
    [figureurl_qq_1] => http://q.qlogo.cn/qqapp/101372824/2D268DDDFBF49D33C609B7E4D1D88D69/40
    [figureurl_qq_2] => http://q.qlogo.cn/qqapp/101372824/2D268DDDFBF49D33C609B7E4D1D88D69/100
    [is_yellow_vip] => 0
    [vip] => 0
    [yellow_vip_level] => 0
    [level] => 0
    [is_yellow_year_vip] => 0
)

]
[00:14:11][2017-02-05 00:14:11|||type|||qq|||qq_user_info|||Array
(
    [ret] => 0
    [msg] => 
    [is_lost] => 0
    [nickname] => 丛林拓者
    [gender] => 男
    [province] => 
    [city] => 
    [year] => 1993
    [figureurl] => http://qzapp.qlogo.cn/qzapp/101372824/2D268DDDFBF49D33C609B7E4D1D88D69/30
    [figureurl_1] => http://qzapp.qlogo.cn/qzapp/101372824/2D268DDDFBF49D33C609B7E4D1D88D69/50
    [figureurl_2] => http://qzapp.qlogo.cn/qzapp/101372824/2D268DDDFBF49D33C609B7E4D1D88D69/100
    [figureurl_qq_1] => http://q.qlogo.cn/qqapp/101372824/2D268DDDFBF49D33C609B7E4D1D88D69/40
    [figureurl_qq_2] => http://q.qlogo.cn/qqapp/101372824/2D268DDDFBF49D33C609B7E4D1D88D69/100
    [is_yellow_vip] => 0
    [vip] => 0
    [yellow_vip_level] => 0
    [level] => 0
    [is_yellow_year_vip] => 0
)

]
[00:16:52][2017-02-05 00:16:52|||type|||qq|||qq_user_info|||Array
(
    [ret] => 0
    [msg] => 
    [is_lost] => 0
    [nickname] => 丛林拓者
    [gender] => 男
    [province] => 
    [city] => 
    [year] => 1993
    [figureurl] => http://qzapp.qlogo.cn/qzapp/101372824/2D268DDDFBF49D33C609B7E4D1D88D69/30
    [figureurl_1] => http://qzapp.qlogo.cn/qzapp/101372824/2D268DDDFBF49D33C609B7E4D1D88D69/50
    [figureurl_2] => http://qzapp.qlogo.cn/qzapp/101372824/2D268DDDFBF49D33C609B7E4D1D88D69/100
    [figureurl_qq_1] => http://q.qlogo.cn/qqapp/101372824/2D268DDDFBF49D33C609B7E4D1D88D69/40
    [figureurl_qq_2] => http://q.qlogo.cn/qqapp/101372824/2D268DDDFBF49D33C609B7E4D1D88D69/100
    [is_yellow_vip] => 0
    [vip] => 0
    [yellow_vip_level] => 0
    [level] => 0
    [is_yellow_year_vip] => 0
)

]
[00:17:01][2017-02-05 00:17:01|||type|||qq|||qq_user_info|||Array
(
    [ret] => 0
    [msg] => 
    [is_lost] => 0
    [nickname] => 丛林拓者
    [gender] => 男
    [province] => 
    [city] => 
    [year] => 1993
    [figureurl] => http://qzapp.qlogo.cn/qzapp/101372824/2D268DDDFBF49D33C609B7E4D1D88D69/30
    [figureurl_1] => http://qzapp.qlogo.cn/qzapp/101372824/2D268DDDFBF49D33C609B7E4D1D88D69/50
    [figureurl_2] => http://qzapp.qlogo.cn/qzapp/101372824/2D268DDDFBF49D33C609B7E4D1D88D69/100
    [figureurl_qq_1] => http://q.qlogo.cn/qqapp/101372824/2D268DDDFBF49D33C609B7E4D1D88D69/40
    [figureurl_qq_2] => http://q.qlogo.cn/qqapp/101372824/2D268DDDFBF49D33C609B7E4D1D88D69/100
    [is_yellow_vip] => 0
    [vip] => 0
    [yellow_vip_level] => 0
    [level] => 0
    [is_yellow_year_vip] => 0
)

]
