[09:38:11][2017-02-07 09:38:11|||type|||qq|||qq_user_info|||Array
(
    [ret] => 0
    [msg] => 
    [is_lost] => 0
    [nickname] => 吴金高
    [gender] => 男
    [province] => 
    [city] => 
    [year] => 1990
    [figureurl] => http://qzapp.qlogo.cn/qzapp/101372824/53AD4E083EF30E33CDF5B2FC68E992BE/30
    [figureurl_1] => http://qzapp.qlogo.cn/qzapp/101372824/53AD4E083EF30E33CDF5B2FC68E992BE/50
    [figureurl_2] => http://qzapp.qlogo.cn/qzapp/101372824/53AD4E083EF30E33CDF5B2FC68E992BE/100
    [figureurl_qq_1] => http://q.qlogo.cn/qqapp/101372824/53AD4E083EF30E33CDF5B2FC68E992BE/40
    [figureurl_qq_2] => http://q.qlogo.cn/qqapp/101372824/53AD4E083EF30E33CDF5B2FC68E992BE/100
    [is_yellow_vip] => 0
    [vip] => 0
    [yellow_vip_level] => 0
    [level] => 0
    [is_yellow_year_vip] => 0
)

]
[09:49:27][2017-02-07 09:49:27|||type|||qq|||qq_user_info|||Array
(
    [ret] => 0
    [msg] => 
    [is_lost] => 0
    [nickname] => jxx2333
    [gender] => 男
    [province] => 陕西
    [city] => 西安
    [year] => 1993
    [figureurl] => http://qzapp.qlogo.cn/qzapp/101372824/C1C7534AA54A41980470AD8A3EC560FA/30
    [figureurl_1] => http://qzapp.qlogo.cn/qzapp/101372824/C1C7534AA54A41980470AD8A3EC560FA/50
    [figureurl_2] => http://qzapp.qlogo.cn/qzapp/101372824/C1C7534AA54A41980470AD8A3EC560FA/100
    [figureurl_qq_1] => http://q.qlogo.cn/qqapp/101372824/C1C7534AA54A41980470AD8A3EC560FA/40
    [figureurl_qq_2] => http://q.qlogo.cn/qqapp/101372824/C1C7534AA54A41980470AD8A3EC560FA/100
    [is_yellow_vip] => 0
    [vip] => 0
    [yellow_vip_level] => 0
    [level] => 0
    [is_yellow_year_vip] => 0
)

]
[10:14:46][2017-02-07 10:14:46|||type|||qq|||qq_user_info|||Array
(
    [ret] => 0
    [msg] => 
    [is_lost] => 0
    [nickname] => ☆★☆★
    [gender] => 男
    [province] => 福建
    [city] => 
    [year] => 1988
    [figureurl] => http://qzapp.qlogo.cn/qzapp/101372824/FF931F4296E447FA5531B68FD74B2105/30
    [figureurl_1] => http://qzapp.qlogo.cn/qzapp/101372824/FF931F4296E447FA5531B68FD74B2105/50
    [figureurl_2] => http://qzapp.qlogo.cn/qzapp/101372824/FF931F4296E447FA5531B68FD74B2105/100
    [figureurl_qq_1] => http://q.qlogo.cn/qqapp/101372824/FF931F4296E447FA5531B68FD74B2105/40
    [figureurl_qq_2] => http://q.qlogo.cn/qqapp/101372824/FF931F4296E447FA5531B68FD74B2105/100
    [is_yellow_vip] => 0
    [vip] => 0
    [yellow_vip_level] => 0
    [level] => 0
    [is_yellow_year_vip] => 0
)

]
[10:30:40][2017-02-07 10:30:40|||type|||wechat|||$aRs|||Array
(
    [data] => {"access_token":"aJzll-_uZJLeO1UcRiC3YYEUyLUBHoARhglKI4ht8T5nUS_NRGV_h-4jUK9Pae1m2vBbGvkvD92IGqxYi3SvOnZWlvfWz8APCwkh5Jgx7A0","expires_in":7200,"refresh_token":"AEWkY53JtW-vpDlp_fYUw1P1jW3Rv03FMz3nDTgAUYVN0d-gNxkT0UmdPk3Qu2QzEYPb78sXv4roGjkAafrCXThxApwPAIa2UOPAHT6WKZA","openid":"o8QnKv0cuE-yxU53Eou4PGeCr528","scope":"snsapi_login","unionid":"o_DW-wBqAaq-OgJzuj1aOZqYycCI"}
    [code] => 200
)

]
[10:32:26][2017-02-07 10:32:26|||type|||wechat|||$aRs|||Array
(
    [data] => {"access_token":"haMZy-JqafMRhilW0RrOzwgrO48beC4MKR891poq1Sqo6iWuFvHFvpymxW9KWAtCFNrrbNAY33Wfr1Ngbku5tsDzrnAnFs156wBZI6UfBvI","expires_in":7200,"refresh_token":"ZNjO5jFo5aovPM7AAwqLBZbrMTPtOXQaIjXcBqolYK0MozWSDQ05aa2qEsqvt8tv0tNG7hpDyD4QVBswRDM331t4PeZiTT2gWk3flN06NRc","openid":"o8QnKv0cuE-yxU53Eou4PGeCr528","scope":"snsapi_login","unionid":"o_DW-wBqAaq-OgJzuj1aOZqYycCI"}
    [code] => 200
)

]
[10:34:49][2017-02-07 10:34:49|||type|||qq|||qq_user_info|||Array
(
    [ret] => 0
    [msg] => 
    [is_lost] => 0
    [nickname] => 丛林拓者
    [gender] => 男
    [province] => 
    [city] => 
    [year] => 1993
    [figureurl] => http://qzapp.qlogo.cn/qzapp/101372824/2D268DDDFBF49D33C609B7E4D1D88D69/30
    [figureurl_1] => http://qzapp.qlogo.cn/qzapp/101372824/2D268DDDFBF49D33C609B7E4D1D88D69/50
    [figureurl_2] => http://qzapp.qlogo.cn/qzapp/101372824/2D268DDDFBF49D33C609B7E4D1D88D69/100
    [figureurl_qq_1] => http://q.qlogo.cn/qqapp/101372824/2D268DDDFBF49D33C609B7E4D1D88D69/40
    [figureurl_qq_2] => http://q.qlogo.cn/qqapp/101372824/2D268DDDFBF49D33C609B7E4D1D88D69/100
    [is_yellow_vip] => 0
    [vip] => 0
    [yellow_vip_level] => 0
    [level] => 0
    [is_yellow_year_vip] => 0
)

]
[10:54:48][2017-02-07 10:54:48|||type|||qq|||qq_user_info|||Array
(
    [ret] => 0
    [msg] => 
    [is_lost] => 0
    [nickname] => 吴金高
    [gender] => 男
    [province] => 
    [city] => 
    [year] => 1990
    [figureurl] => http://qzapp.qlogo.cn/qzapp/101372824/53AD4E083EF30E33CDF5B2FC68E992BE/30
    [figureurl_1] => http://qzapp.qlogo.cn/qzapp/101372824/53AD4E083EF30E33CDF5B2FC68E992BE/50
    [figureurl_2] => http://qzapp.qlogo.cn/qzapp/101372824/53AD4E083EF30E33CDF5B2FC68E992BE/100
    [figureurl_qq_1] => http://q.qlogo.cn/qqapp/101372824/53AD4E083EF30E33CDF5B2FC68E992BE/40
    [figureurl_qq_2] => http://q.qlogo.cn/qqapp/101372824/53AD4E083EF30E33CDF5B2FC68E992BE/100
    [is_yellow_vip] => 0
    [vip] => 0
    [yellow_vip_level] => 0
    [level] => 0
    [is_yellow_year_vip] => 0
)

]
[10:59:12][2017-02-07 10:59:12|||type|||qq|||qq_user_info|||Array
(
    [ret] => 0
    [msg] => 
    [is_lost] => 0
    [nickname] => 花间一壶酒
    [gender] => 男
    [province] => 福建
    [city] => 莆田
    [year] => 1990
    [figureurl] => http://qzapp.qlogo.cn/qzapp/101372824/DBAD14A3D8E4611FCFBEA8E94119BCFD/30
    [figureurl_1] => http://qzapp.qlogo.cn/qzapp/101372824/DBAD14A3D8E4611FCFBEA8E94119BCFD/50
    [figureurl_2] => http://qzapp.qlogo.cn/qzapp/101372824/DBAD14A3D8E4611FCFBEA8E94119BCFD/100
    [figureurl_qq_1] => http://q.qlogo.cn/qqapp/101372824/DBAD14A3D8E4611FCFBEA8E94119BCFD/40
    [figureurl_qq_2] => http://q.qlogo.cn/qqapp/101372824/DBAD14A3D8E4611FCFBEA8E94119BCFD/100
    [is_yellow_vip] => 0
    [vip] => 0
    [yellow_vip_level] => 0
    [level] => 0
    [is_yellow_year_vip] => 0
)

]
[11:03:18][2017-02-07 11:03:18|||type|||qq|||qq_user_info|||Array
(
    [ret] => 0
    [msg] => 
    [is_lost] => 0
    [nickname] => 花间一壶酒
    [gender] => 男
    [province] => 福建
    [city] => 莆田
    [year] => 1990
    [figureurl] => http://qzapp.qlogo.cn/qzapp/101372824/DBAD14A3D8E4611FCFBEA8E94119BCFD/30
    [figureurl_1] => http://qzapp.qlogo.cn/qzapp/101372824/DBAD14A3D8E4611FCFBEA8E94119BCFD/50
    [figureurl_2] => http://qzapp.qlogo.cn/qzapp/101372824/DBAD14A3D8E4611FCFBEA8E94119BCFD/100
    [figureurl_qq_1] => http://q.qlogo.cn/qqapp/101372824/DBAD14A3D8E4611FCFBEA8E94119BCFD/40
    [figureurl_qq_2] => http://q.qlogo.cn/qqapp/101372824/DBAD14A3D8E4611FCFBEA8E94119BCFD/100
    [is_yellow_vip] => 0
    [vip] => 0
    [yellow_vip_level] => 0
    [level] => 0
    [is_yellow_year_vip] => 0
)

]
[11:06:13][2017-02-07 11:06:13|||type|||qq|||qq_user_info|||Array
(
    [ret] => 0
    [msg] => 
    [is_lost] => 0
    [nickname] => 花间一壶酒
    [gender] => 男
    [province] => 福建
    [city] => 莆田
    [year] => 1990
    [figureurl] => http://qzapp.qlogo.cn/qzapp/101372824/DBAD14A3D8E4611FCFBEA8E94119BCFD/30
    [figureurl_1] => http://qzapp.qlogo.cn/qzapp/101372824/DBAD14A3D8E4611FCFBEA8E94119BCFD/50
    [figureurl_2] => http://qzapp.qlogo.cn/qzapp/101372824/DBAD14A3D8E4611FCFBEA8E94119BCFD/100
    [figureurl_qq_1] => http://q.qlogo.cn/qqapp/101372824/DBAD14A3D8E4611FCFBEA8E94119BCFD/40
    [figureurl_qq_2] => http://q.qlogo.cn/qqapp/101372824/DBAD14A3D8E4611FCFBEA8E94119BCFD/100
    [is_yellow_vip] => 0
    [vip] => 0
    [yellow_vip_level] => 0
    [level] => 0
    [is_yellow_year_vip] => 0
)

]
[11:24:25][2017-02-07 11:24:25|||type|||qq|||qq_user_info|||Array
(
    [ret] => 0
    [msg] => 
    [is_lost] => 0
    [nickname] => 再见这一季
    [gender] => 女
    [province] => 福建
    [city] => 福州
    [year] => 1987
    [figureurl] => http://qzapp.qlogo.cn/qzapp/101372824/8FC33CEE25B2BEFC24591C01958E3B88/30
    [figureurl_1] => http://qzapp.qlogo.cn/qzapp/101372824/8FC33CEE25B2BEFC24591C01958E3B88/50
    [figureurl_2] => http://qzapp.qlogo.cn/qzapp/101372824/8FC33CEE25B2BEFC24591C01958E3B88/100
    [figureurl_qq_1] => http://q.qlogo.cn/qqapp/101372824/8FC33CEE25B2BEFC24591C01958E3B88/40
    [figureurl_qq_2] => http://q.qlogo.cn/qqapp/101372824/8FC33CEE25B2BEFC24591C01958E3B88/100
    [is_yellow_vip] => 0
    [vip] => 0
    [yellow_vip_level] => 0
    [level] => 0
    [is_yellow_year_vip] => 0
)

]
[11:26:56][2017-02-07 11:26:56|||type|||qq|||qq_user_info|||Array
(
    [ret] => 0
    [msg] => 
    [is_lost] => 0
    [nickname] => 再见这一季
    [gender] => 女
    [province] => 福建
    [city] => 福州
    [year] => 1987
    [figureurl] => http://qzapp.qlogo.cn/qzapp/101372824/8FC33CEE25B2BEFC24591C01958E3B88/30
    [figureurl_1] => http://qzapp.qlogo.cn/qzapp/101372824/8FC33CEE25B2BEFC24591C01958E3B88/50
    [figureurl_2] => http://qzapp.qlogo.cn/qzapp/101372824/8FC33CEE25B2BEFC24591C01958E3B88/100
    [figureurl_qq_1] => http://q.qlogo.cn/qqapp/101372824/8FC33CEE25B2BEFC24591C01958E3B88/40
    [figureurl_qq_2] => http://q.qlogo.cn/qqapp/101372824/8FC33CEE25B2BEFC24591C01958E3B88/100
    [is_yellow_vip] => 0
    [vip] => 0
    [yellow_vip_level] => 0
    [level] => 0
    [is_yellow_year_vip] => 0
)

]
[11:29:57][2017-02-07 11:29:57|||type|||qq|||qq_user_info|||Array
(
    [ret] => 0
    [msg] => 
    [is_lost] => 0
    [nickname] => 再见这一季
    [gender] => 女
    [province] => 福建
    [city] => 福州
    [year] => 1987
    [figureurl] => http://qzapp.qlogo.cn/qzapp/101372824/8FC33CEE25B2BEFC24591C01958E3B88/30
    [figureurl_1] => http://qzapp.qlogo.cn/qzapp/101372824/8FC33CEE25B2BEFC24591C01958E3B88/50
    [figureurl_2] => http://qzapp.qlogo.cn/qzapp/101372824/8FC33CEE25B2BEFC24591C01958E3B88/100
    [figureurl_qq_1] => http://q.qlogo.cn/qqapp/101372824/8FC33CEE25B2BEFC24591C01958E3B88/40
    [figureurl_qq_2] => http://q.qlogo.cn/qqapp/101372824/8FC33CEE25B2BEFC24591C01958E3B88/100
    [is_yellow_vip] => 0
    [vip] => 0
    [yellow_vip_level] => 0
    [level] => 0
    [is_yellow_year_vip] => 0
)

]
[13:17:46][2017-02-07 13:17:46|||type|||qq|||qq_user_info|||Array
(
    [ret] => 0
    [msg] => 
    [is_lost] => 0
    [nickname] => ☆★☆★
    [gender] => 男
    [province] => 福建
    [city] => 
    [year] => 1988
    [figureurl] => http://qzapp.qlogo.cn/qzapp/101372824/FF931F4296E447FA5531B68FD74B2105/30
    [figureurl_1] => http://qzapp.qlogo.cn/qzapp/101372824/FF931F4296E447FA5531B68FD74B2105/50
    [figureurl_2] => http://qzapp.qlogo.cn/qzapp/101372824/FF931F4296E447FA5531B68FD74B2105/100
    [figureurl_qq_1] => http://q.qlogo.cn/qqapp/101372824/FF931F4296E447FA5531B68FD74B2105/40
    [figureurl_qq_2] => http://q.qlogo.cn/qqapp/101372824/FF931F4296E447FA5531B68FD74B2105/100
    [is_yellow_vip] => 0
    [vip] => 0
    [yellow_vip_level] => 0
    [level] => 0
    [is_yellow_year_vip] => 0
)

]
[13:37:00][2017-02-07 13:37:00|||type|||wechat|||$aRs|||Array
(
    [data] => {"access_token":"_W50zSdSBEZzQXMfHNvpHaDV4Gcuu1Qdoic9rVhMBPyc0j_RCl0jGGY8xqMY2SbhTIns3Q_kU2HslBBw0vZejmMlWVuvwnYXRa10b4n0Ce4","expires_in":7200,"refresh_token":"YkluNh7usm_5ETFfxIDC-QH7utumVclfCqAiR0xDtDJJwnOIuz9u4TW-wOZAMJO_CjRiPu6-OQ_wYWN80uwJIWaDMwWY3cCqnJJ2ytV2M6o","openid":"o8QnKv0cuE-yxU53Eou4PGeCr528","scope":"snsapi_login","unionid":"o_DW-wBqAaq-OgJzuj1aOZqYycCI"}
    [code] => 200
)

]
[13:43:13][2017-02-07 13:43:13|||type|||qq|||qq_user_info|||Array
(
    [ret] => 0
    [msg] => 
    [is_lost] => 0
    [nickname] => 再见这一季
    [gender] => 女
    [province] => 福建
    [city] => 福州
    [year] => 1987
    [figureurl] => http://qzapp.qlogo.cn/qzapp/101372824/8FC33CEE25B2BEFC24591C01958E3B88/30
    [figureurl_1] => http://qzapp.qlogo.cn/qzapp/101372824/8FC33CEE25B2BEFC24591C01958E3B88/50
    [figureurl_2] => http://qzapp.qlogo.cn/qzapp/101372824/8FC33CEE25B2BEFC24591C01958E3B88/100
    [figureurl_qq_1] => http://q.qlogo.cn/qqapp/101372824/8FC33CEE25B2BEFC24591C01958E3B88/40
    [figureurl_qq_2] => http://q.qlogo.cn/qqapp/101372824/8FC33CEE25B2BEFC24591C01958E3B88/100
    [is_yellow_vip] => 0
    [vip] => 0
    [yellow_vip_level] => 0
    [level] => 0
    [is_yellow_year_vip] => 0
)

]
[13:44:10][2017-02-07 13:44:10|||type|||qq|||qq_user_info|||Array
(
    [ret] => 0
    [msg] => 
    [is_lost] => 0
    [nickname] => 武汉-测试-江子晗
    [gender] => 女
    [province] => 
    [city] => 
    [year] => 1992
    [figureurl] => http://qzapp.qlogo.cn/qzapp/101372824/44671123B24E4430B74C509DFE52ED85/30
    [figureurl_1] => http://qzapp.qlogo.cn/qzapp/101372824/44671123B24E4430B74C509DFE52ED85/50
    [figureurl_2] => http://qzapp.qlogo.cn/qzapp/101372824/44671123B24E4430B74C509DFE52ED85/100
    [figureurl_qq_1] => http://q.qlogo.cn/qqapp/101372824/44671123B24E4430B74C509DFE52ED85/40
    [figureurl_qq_2] => http://q.qlogo.cn/qqapp/101372824/44671123B24E4430B74C509DFE52ED85/100
    [is_yellow_vip] => 0
    [vip] => 0
    [yellow_vip_level] => 0
    [level] => 0
    [is_yellow_year_vip] => 0
)

]
[14:09:03][2017-02-07 14:09:03|||type|||qq|||qq_user_info|||Array
(
    [ret] => 0
    [msg] => 
    [is_lost] => 0
    [nickname] => 吴金高
    [gender] => 男
    [province] => 
    [city] => 
    [year] => 1990
    [figureurl] => http://qzapp.qlogo.cn/qzapp/101372824/53AD4E083EF30E33CDF5B2FC68E992BE/30
    [figureurl_1] => http://qzapp.qlogo.cn/qzapp/101372824/53AD4E083EF30E33CDF5B2FC68E992BE/50
    [figureurl_2] => http://qzapp.qlogo.cn/qzapp/101372824/53AD4E083EF30E33CDF5B2FC68E992BE/100
    [figureurl_qq_1] => http://q.qlogo.cn/qqapp/101372824/53AD4E083EF30E33CDF5B2FC68E992BE/40
    [figureurl_qq_2] => http://q.qlogo.cn/qqapp/101372824/53AD4E083EF30E33CDF5B2FC68E992BE/100
    [is_yellow_vip] => 0
    [vip] => 0
    [yellow_vip_level] => 0
    [level] => 0
    [is_yellow_year_vip] => 0
)

]
[14:10:34][2017-02-07 14:10:34|||type|||qq|||qq_user_info|||Array
(
    [ret] => 0
    [msg] => 
    [is_lost] => 0
    [nickname] => 吴金高
    [gender] => 男
    [province] => 
    [city] => 
    [year] => 1990
    [figureurl] => http://qzapp.qlogo.cn/qzapp/101372824/53AD4E083EF30E33CDF5B2FC68E992BE/30
    [figureurl_1] => http://qzapp.qlogo.cn/qzapp/101372824/53AD4E083EF30E33CDF5B2FC68E992BE/50
    [figureurl_2] => http://qzapp.qlogo.cn/qzapp/101372824/53AD4E083EF30E33CDF5B2FC68E992BE/100
    [figureurl_qq_1] => http://q.qlogo.cn/qqapp/101372824/53AD4E083EF30E33CDF5B2FC68E992BE/40
    [figureurl_qq_2] => http://q.qlogo.cn/qqapp/101372824/53AD4E083EF30E33CDF5B2FC68E992BE/100
    [is_yellow_vip] => 0
    [vip] => 0
    [yellow_vip_level] => 0
    [level] => 0
    [is_yellow_year_vip] => 0
)

]
[14:14:17][2017-02-07 14:14:17|||type|||qq|||qq_user_info|||Array
(
    [ret] => 0
    [msg] => 
    [is_lost] => 0
    [nickname] => 再见这一季
    [gender] => 女
    [province] => 福建
    [city] => 福州
    [year] => 1987
    [figureurl] => http://qzapp.qlogo.cn/qzapp/101372824/8FC33CEE25B2BEFC24591C01958E3B88/30
    [figureurl_1] => http://qzapp.qlogo.cn/qzapp/101372824/8FC33CEE25B2BEFC24591C01958E3B88/50
    [figureurl_2] => http://qzapp.qlogo.cn/qzapp/101372824/8FC33CEE25B2BEFC24591C01958E3B88/100
    [figureurl_qq_1] => http://q.qlogo.cn/qqapp/101372824/8FC33CEE25B2BEFC24591C01958E3B88/40
    [figureurl_qq_2] => http://q.qlogo.cn/qqapp/101372824/8FC33CEE25B2BEFC24591C01958E3B88/100
    [is_yellow_vip] => 0
    [vip] => 0
    [yellow_vip_level] => 0
    [level] => 0
    [is_yellow_year_vip] => 0
)

]
[14:29:15][2017-02-07 14:29:15|||type|||qq|||qq_user_info|||Array
(
    [ret] => 0
    [msg] => 
    [is_lost] => 0
    [nickname] => 再见这一季
    [gender] => 女
    [province] => 福建
    [city] => 福州
    [year] => 1987
    [figureurl] => http://qzapp.qlogo.cn/qzapp/101372824/8FC33CEE25B2BEFC24591C01958E3B88/30
    [figureurl_1] => http://qzapp.qlogo.cn/qzapp/101372824/8FC33CEE25B2BEFC24591C01958E3B88/50
    [figureurl_2] => http://qzapp.qlogo.cn/qzapp/101372824/8FC33CEE25B2BEFC24591C01958E3B88/100
    [figureurl_qq_1] => http://q.qlogo.cn/qqapp/101372824/8FC33CEE25B2BEFC24591C01958E3B88/40
    [figureurl_qq_2] => http://q.qlogo.cn/qqapp/101372824/8FC33CEE25B2BEFC24591C01958E3B88/100
    [is_yellow_vip] => 0
    [vip] => 0
    [yellow_vip_level] => 0
    [level] => 0
    [is_yellow_year_vip] => 0
)

]
[14:34:35][2017-02-07 14:34:35|||type|||qq|||qq_user_info|||Array
(
    [ret] => 0
    [msg] => 
    [is_lost] => 0
    [nickname] => ☆★☆★
    [gender] => 男
    [province] => 福建
    [city] => 
    [year] => 1988
    [figureurl] => http://qzapp.qlogo.cn/qzapp/101372824/FF931F4296E447FA5531B68FD74B2105/30
    [figureurl_1] => http://qzapp.qlogo.cn/qzapp/101372824/FF931F4296E447FA5531B68FD74B2105/50
    [figureurl_2] => http://qzapp.qlogo.cn/qzapp/101372824/FF931F4296E447FA5531B68FD74B2105/100
    [figureurl_qq_1] => http://q.qlogo.cn/qqapp/101372824/FF931F4296E447FA5531B68FD74B2105/40
    [figureurl_qq_2] => http://q.qlogo.cn/qqapp/101372824/FF931F4296E447FA5531B68FD74B2105/100
    [is_yellow_vip] => 0
    [vip] => 0
    [yellow_vip_level] => 0
    [level] => 0
    [is_yellow_year_vip] => 0
)

]
[14:44:03][2017-02-07 14:44:03|||type|||qq|||qq_user_info|||Array
(
    [ret] => 0
    [msg] => 
    [is_lost] => 0
    [nickname] => 再见这一季
    [gender] => 女
    [province] => 福建
    [city] => 福州
    [year] => 1987
    [figureurl] => http://qzapp.qlogo.cn/qzapp/101372824/8FC33CEE25B2BEFC24591C01958E3B88/30
    [figureurl_1] => http://qzapp.qlogo.cn/qzapp/101372824/8FC33CEE25B2BEFC24591C01958E3B88/50
    [figureurl_2] => http://qzapp.qlogo.cn/qzapp/101372824/8FC33CEE25B2BEFC24591C01958E3B88/100
    [figureurl_qq_1] => http://q.qlogo.cn/qqapp/101372824/8FC33CEE25B2BEFC24591C01958E3B88/40
    [figureurl_qq_2] => http://q.qlogo.cn/qqapp/101372824/8FC33CEE25B2BEFC24591C01958E3B88/100
    [is_yellow_vip] => 0
    [vip] => 0
    [yellow_vip_level] => 0
    [level] => 0
    [is_yellow_year_vip] => 0
)

]
[14:45:16][2017-02-07 14:45:16|||type|||qq|||qq_user_info|||Array
(
    [ret] => 0
    [msg] => 
    [is_lost] => 0
    [nickname] => 再见这一季
    [gender] => 女
    [province] => 福建
    [city] => 福州
    [year] => 1987
    [figureurl] => http://qzapp.qlogo.cn/qzapp/101372824/8FC33CEE25B2BEFC24591C01958E3B88/30
    [figureurl_1] => http://qzapp.qlogo.cn/qzapp/101372824/8FC33CEE25B2BEFC24591C01958E3B88/50
    [figureurl_2] => http://qzapp.qlogo.cn/qzapp/101372824/8FC33CEE25B2BEFC24591C01958E3B88/100
    [figureurl_qq_1] => http://q.qlogo.cn/qqapp/101372824/8FC33CEE25B2BEFC24591C01958E3B88/40
    [figureurl_qq_2] => http://q.qlogo.cn/qqapp/101372824/8FC33CEE25B2BEFC24591C01958E3B88/100
    [is_yellow_vip] => 0
    [vip] => 0
    [yellow_vip_level] => 0
    [level] => 0
    [is_yellow_year_vip] => 0
)

]
[14:46:35][2017-02-07 14:46:35|||type|||qq|||qq_user_info|||Array
(
    [ret] => 0
    [msg] => 
    [is_lost] => 0
    [nickname] => 再见这一季
    [gender] => 女
    [province] => 福建
    [city] => 福州
    [year] => 1987
    [figureurl] => http://qzapp.qlogo.cn/qzapp/101372824/8FC33CEE25B2BEFC24591C01958E3B88/30
    [figureurl_1] => http://qzapp.qlogo.cn/qzapp/101372824/8FC33CEE25B2BEFC24591C01958E3B88/50
    [figureurl_2] => http://qzapp.qlogo.cn/qzapp/101372824/8FC33CEE25B2BEFC24591C01958E3B88/100
    [figureurl_qq_1] => http://q.qlogo.cn/qqapp/101372824/8FC33CEE25B2BEFC24591C01958E3B88/40
    [figureurl_qq_2] => http://q.qlogo.cn/qqapp/101372824/8FC33CEE25B2BEFC24591C01958E3B88/100
    [is_yellow_vip] => 0
    [vip] => 0
    [yellow_vip_level] => 0
    [level] => 0
    [is_yellow_year_vip] => 0
)

]
[14:48:32][2017-02-07 14:48:32|||type|||qq|||qq_user_info|||Array
(
    [ret] => 0
    [msg] => 
    [is_lost] => 0
    [nickname] => 再见这一季
    [gender] => 女
    [province] => 福建
    [city] => 福州
    [year] => 1987
    [figureurl] => http://qzapp.qlogo.cn/qzapp/101372824/8FC33CEE25B2BEFC24591C01958E3B88/30
    [figureurl_1] => http://qzapp.qlogo.cn/qzapp/101372824/8FC33CEE25B2BEFC24591C01958E3B88/50
    [figureurl_2] => http://qzapp.qlogo.cn/qzapp/101372824/8FC33CEE25B2BEFC24591C01958E3B88/100
    [figureurl_qq_1] => http://q.qlogo.cn/qqapp/101372824/8FC33CEE25B2BEFC24591C01958E3B88/40
    [figureurl_qq_2] => http://q.qlogo.cn/qqapp/101372824/8FC33CEE25B2BEFC24591C01958E3B88/100
    [is_yellow_vip] => 0
    [vip] => 0
    [yellow_vip_level] => 0
    [level] => 0
    [is_yellow_year_vip] => 0
)

]
[14:49:07][2017-02-07 14:49:07|||type|||qq|||qq_user_info|||Array
(
    [ret] => 0
    [msg] => 
    [is_lost] => 0
    [nickname] => 再见这一季
    [gender] => 女
    [province] => 福建
    [city] => 福州
    [year] => 1987
    [figureurl] => http://qzapp.qlogo.cn/qzapp/101372824/8FC33CEE25B2BEFC24591C01958E3B88/30
    [figureurl_1] => http://qzapp.qlogo.cn/qzapp/101372824/8FC33CEE25B2BEFC24591C01958E3B88/50
    [figureurl_2] => http://qzapp.qlogo.cn/qzapp/101372824/8FC33CEE25B2BEFC24591C01958E3B88/100
    [figureurl_qq_1] => http://q.qlogo.cn/qqapp/101372824/8FC33CEE25B2BEFC24591C01958E3B88/40
    [figureurl_qq_2] => http://q.qlogo.cn/qqapp/101372824/8FC33CEE25B2BEFC24591C01958E3B88/100
    [is_yellow_vip] => 0
    [vip] => 0
    [yellow_vip_level] => 0
    [level] => 0
    [is_yellow_year_vip] => 0
)

]
[14:49:47][2017-02-07 14:49:47|||type|||qq|||qq_user_info|||Array
(
    [ret] => 0
    [msg] => 
    [is_lost] => 0
    [nickname] => 再见这一季
    [gender] => 女
    [province] => 福建
    [city] => 福州
    [year] => 1987
    [figureurl] => http://qzapp.qlogo.cn/qzapp/101372824/8FC33CEE25B2BEFC24591C01958E3B88/30
    [figureurl_1] => http://qzapp.qlogo.cn/qzapp/101372824/8FC33CEE25B2BEFC24591C01958E3B88/50
    [figureurl_2] => http://qzapp.qlogo.cn/qzapp/101372824/8FC33CEE25B2BEFC24591C01958E3B88/100
    [figureurl_qq_1] => http://q.qlogo.cn/qqapp/101372824/8FC33CEE25B2BEFC24591C01958E3B88/40
    [figureurl_qq_2] => http://q.qlogo.cn/qqapp/101372824/8FC33CEE25B2BEFC24591C01958E3B88/100
    [is_yellow_vip] => 0
    [vip] => 0
    [yellow_vip_level] => 0
    [level] => 0
    [is_yellow_year_vip] => 0
)

]
[14:50:25][2017-02-07 14:50:25|||type|||qq|||qq_user_info|||Array
(
    [ret] => 0
    [msg] => 
    [is_lost] => 0
    [nickname] => 再见这一季
    [gender] => 女
    [province] => 福建
    [city] => 福州
    [year] => 1987
    [figureurl] => http://qzapp.qlogo.cn/qzapp/101372824/8FC33CEE25B2BEFC24591C01958E3B88/30
    [figureurl_1] => http://qzapp.qlogo.cn/qzapp/101372824/8FC33CEE25B2BEFC24591C01958E3B88/50
    [figureurl_2] => http://qzapp.qlogo.cn/qzapp/101372824/8FC33CEE25B2BEFC24591C01958E3B88/100
    [figureurl_qq_1] => http://q.qlogo.cn/qqapp/101372824/8FC33CEE25B2BEFC24591C01958E3B88/40
    [figureurl_qq_2] => http://q.qlogo.cn/qqapp/101372824/8FC33CEE25B2BEFC24591C01958E3B88/100
    [is_yellow_vip] => 0
    [vip] => 0
    [yellow_vip_level] => 0
    [level] => 0
    [is_yellow_year_vip] => 0
)

]
[14:52:50][2017-02-07 14:52:50|||type|||qq|||qq_user_info|||Array
(
    [ret] => 0
    [msg] => 
    [is_lost] => 0
    [nickname] => 再见这一季
    [gender] => 女
    [province] => 福建
    [city] => 福州
    [year] => 1987
    [figureurl] => http://qzapp.qlogo.cn/qzapp/101372824/8FC33CEE25B2BEFC24591C01958E3B88/30
    [figureurl_1] => http://qzapp.qlogo.cn/qzapp/101372824/8FC33CEE25B2BEFC24591C01958E3B88/50
    [figureurl_2] => http://qzapp.qlogo.cn/qzapp/101372824/8FC33CEE25B2BEFC24591C01958E3B88/100
    [figureurl_qq_1] => http://q.qlogo.cn/qqapp/101372824/8FC33CEE25B2BEFC24591C01958E3B88/40
    [figureurl_qq_2] => http://q.qlogo.cn/qqapp/101372824/8FC33CEE25B2BEFC24591C01958E3B88/100
    [is_yellow_vip] => 0
    [vip] => 0
    [yellow_vip_level] => 0
    [level] => 0
    [is_yellow_year_vip] => 0
)

]
[14:53:38][2017-02-07 14:53:38|||type|||qq|||qq_user_info|||Array
(
    [ret] => 0
    [msg] => 
    [is_lost] => 0
    [nickname] => 再见这一季
    [gender] => 女
    [province] => 福建
    [city] => 福州
    [year] => 1987
    [figureurl] => http://qzapp.qlogo.cn/qzapp/101372824/8FC33CEE25B2BEFC24591C01958E3B88/30
    [figureurl_1] => http://qzapp.qlogo.cn/qzapp/101372824/8FC33CEE25B2BEFC24591C01958E3B88/50
    [figureurl_2] => http://qzapp.qlogo.cn/qzapp/101372824/8FC33CEE25B2BEFC24591C01958E3B88/100
    [figureurl_qq_1] => http://q.qlogo.cn/qqapp/101372824/8FC33CEE25B2BEFC24591C01958E3B88/40
    [figureurl_qq_2] => http://q.qlogo.cn/qqapp/101372824/8FC33CEE25B2BEFC24591C01958E3B88/100
    [is_yellow_vip] => 0
    [vip] => 0
    [yellow_vip_level] => 0
    [level] => 0
    [is_yellow_year_vip] => 0
)

]
[14:59:05][2017-02-07 14:59:05|||type|||qq|||qq_user_info|||Array
(
    [ret] => 0
    [msg] => 
    [is_lost] => 0
    [nickname] => 再见这一季
    [gender] => 女
    [province] => 福建
    [city] => 福州
    [year] => 1987
    [figureurl] => http://qzapp.qlogo.cn/qzapp/101372824/8FC33CEE25B2BEFC24591C01958E3B88/30
    [figureurl_1] => http://qzapp.qlogo.cn/qzapp/101372824/8FC33CEE25B2BEFC24591C01958E3B88/50
    [figureurl_2] => http://qzapp.qlogo.cn/qzapp/101372824/8FC33CEE25B2BEFC24591C01958E3B88/100
    [figureurl_qq_1] => http://q.qlogo.cn/qqapp/101372824/8FC33CEE25B2BEFC24591C01958E3B88/40
    [figureurl_qq_2] => http://q.qlogo.cn/qqapp/101372824/8FC33CEE25B2BEFC24591C01958E3B88/100
    [is_yellow_vip] => 0
    [vip] => 0
    [yellow_vip_level] => 0
    [level] => 0
    [is_yellow_year_vip] => 0
)

]
[15:00:00][2017-02-07 15:00:00|||type|||wechat|||$aRs|||Array
(
    [data] => {"access_token":"LfG8-J8VdsTdWeJipIEY4ECuATwkAEd312J_fN5g_QNL_pBaZkekZyH3hLIYmRu4lTSgYyDbAnHPweQSIevOM-W0HMq04DdvqYT5K93ymPE","expires_in":7200,"refresh_token":"cdO5KE4YSaLZq5a3pQ7VO8RfsNnSy7gsjmYffT4Ab9lBudzd_dWp7WavTX4kyrh7BcVWg31G80r16QJAFZB5R0XntuM6spnPR40bjDraUU0","openid":"o8QnKv0cuE-yxU53Eou4PGeCr528","scope":"snsapi_login","unionid":"o_DW-wBqAaq-OgJzuj1aOZqYycCI"}
    [code] => 200
)

]
[15:00:10][2017-02-07 15:00:10|||type|||wechat|||$aRs|||Array
(
    [data] => {"access_token":"LGfOQDSVqkHH-D3lSnbJCMgZtZAn105My8q41fabinGxHyfqmddj1AqluuWQLDXPR8du-zff-MM8BsbLpcp0XxIblu0G8Wurj91TlWXN4Ik","expires_in":7200,"refresh_token":"6QnOB7TEKl3dbyG73gN0_DKw8IsKHgvlA3M7SidEfZ-1u4TVA6z9w7waa70R6VLFXU_j6ZxtyOPmJP3Z6OaLAhHjro2rpYLnWbBL2EoGwtY","openid":"o8QnKv0cuE-yxU53Eou4PGeCr528","scope":"snsapi_login","unionid":"o_DW-wBqAaq-OgJzuj1aOZqYycCI"}
    [code] => 200
)

]
[15:10:05][2017-02-07 15:10:05|||type|||qq|||qq_user_info|||Array
(
    [ret] => 0
    [msg] => 
    [is_lost] => 0
    [nickname] => 再见这一季
    [gender] => 女
    [province] => 福建
    [city] => 福州
    [year] => 1987
    [figureurl] => http://qzapp.qlogo.cn/qzapp/101372824/8FC33CEE25B2BEFC24591C01958E3B88/30
    [figureurl_1] => http://qzapp.qlogo.cn/qzapp/101372824/8FC33CEE25B2BEFC24591C01958E3B88/50
    [figureurl_2] => http://qzapp.qlogo.cn/qzapp/101372824/8FC33CEE25B2BEFC24591C01958E3B88/100
    [figureurl_qq_1] => http://q.qlogo.cn/qqapp/101372824/8FC33CEE25B2BEFC24591C01958E3B88/40
    [figureurl_qq_2] => http://q.qlogo.cn/qqapp/101372824/8FC33CEE25B2BEFC24591C01958E3B88/100
    [is_yellow_vip] => 0
    [vip] => 0
    [yellow_vip_level] => 0
    [level] => 0
    [is_yellow_year_vip] => 0
)

]
[15:12:43][2017-02-07 15:12:43|||type|||qq|||qq_user_info|||Array
(
    [ret] => 0
    [msg] => 
    [is_lost] => 0
    [nickname] => 再见这一季
    [gender] => 女
    [province] => 福建
    [city] => 福州
    [year] => 1987
    [figureurl] => http://qzapp.qlogo.cn/qzapp/101372824/8FC33CEE25B2BEFC24591C01958E3B88/30
    [figureurl_1] => http://qzapp.qlogo.cn/qzapp/101372824/8FC33CEE25B2BEFC24591C01958E3B88/50
    [figureurl_2] => http://qzapp.qlogo.cn/qzapp/101372824/8FC33CEE25B2BEFC24591C01958E3B88/100
    [figureurl_qq_1] => http://q.qlogo.cn/qqapp/101372824/8FC33CEE25B2BEFC24591C01958E3B88/40
    [figureurl_qq_2] => http://q.qlogo.cn/qqapp/101372824/8FC33CEE25B2BEFC24591C01958E3B88/100
    [is_yellow_vip] => 0
    [vip] => 0
    [yellow_vip_level] => 0
    [level] => 0
    [is_yellow_year_vip] => 0
)

]
[15:20:12][2017-02-07 15:20:12|||type|||qq|||qq_user_info|||Array
(
    [ret] => 0
    [msg] => 
    [is_lost] => 0
    [nickname] => 再见这一季
    [gender] => 女
    [province] => 福建
    [city] => 福州
    [year] => 1987
    [figureurl] => http://qzapp.qlogo.cn/qzapp/101372824/8FC33CEE25B2BEFC24591C01958E3B88/30
    [figureurl_1] => http://qzapp.qlogo.cn/qzapp/101372824/8FC33CEE25B2BEFC24591C01958E3B88/50
    [figureurl_2] => http://qzapp.qlogo.cn/qzapp/101372824/8FC33CEE25B2BEFC24591C01958E3B88/100
    [figureurl_qq_1] => http://q.qlogo.cn/qqapp/101372824/8FC33CEE25B2BEFC24591C01958E3B88/40
    [figureurl_qq_2] => http://q.qlogo.cn/qqapp/101372824/8FC33CEE25B2BEFC24591C01958E3B88/100
    [is_yellow_vip] => 0
    [vip] => 0
    [yellow_vip_level] => 0
    [level] => 0
    [is_yellow_year_vip] => 0
)

]
[15:24:52][2017-02-07 15:24:52|||type|||qq|||qq_user_info|||Array
(
    [ret] => 0
    [msg] => 
    [is_lost] => 0
    [nickname] => 再见这一季
    [gender] => 女
    [province] => 福建
    [city] => 福州
    [year] => 1987
    [figureurl] => http://qzapp.qlogo.cn/qzapp/101372824/8FC33CEE25B2BEFC24591C01958E3B88/30
    [figureurl_1] => http://qzapp.qlogo.cn/qzapp/101372824/8FC33CEE25B2BEFC24591C01958E3B88/50
    [figureurl_2] => http://qzapp.qlogo.cn/qzapp/101372824/8FC33CEE25B2BEFC24591C01958E3B88/100
    [figureurl_qq_1] => http://q.qlogo.cn/qqapp/101372824/8FC33CEE25B2BEFC24591C01958E3B88/40
    [figureurl_qq_2] => http://q.qlogo.cn/qqapp/101372824/8FC33CEE25B2BEFC24591C01958E3B88/100
    [is_yellow_vip] => 0
    [vip] => 0
    [yellow_vip_level] => 0
    [level] => 0
    [is_yellow_year_vip] => 0
)

]
[15:28:03][2017-02-07 15:28:03|||type|||qq|||qq_user_info|||Array
(
    [ret] => 0
    [msg] => 
    [is_lost] => 0
    [nickname] => 吴金高
    [gender] => 男
    [province] => 
    [city] => 
    [year] => 1990
    [figureurl] => http://qzapp.qlogo.cn/qzapp/101372824/53AD4E083EF30E33CDF5B2FC68E992BE/30
    [figureurl_1] => http://qzapp.qlogo.cn/qzapp/101372824/53AD4E083EF30E33CDF5B2FC68E992BE/50
    [figureurl_2] => http://qzapp.qlogo.cn/qzapp/101372824/53AD4E083EF30E33CDF5B2FC68E992BE/100
    [figureurl_qq_1] => http://q.qlogo.cn/qqapp/101372824/53AD4E083EF30E33CDF5B2FC68E992BE/40
    [figureurl_qq_2] => http://q.qlogo.cn/qqapp/101372824/53AD4E083EF30E33CDF5B2FC68E992BE/100
    [is_yellow_vip] => 0
    [vip] => 0
    [yellow_vip_level] => 0
    [level] => 0
    [is_yellow_year_vip] => 0
)

]
[15:34:59][2017-02-07 15:34:59|||type|||qq|||qq_user_info|||Array
(
    [ret] => 0
    [msg] => 
    [is_lost] => 0
    [nickname] => 吴金高
    [gender] => 男
    [province] => 
    [city] => 
    [year] => 1990
    [figureurl] => http://qzapp.qlogo.cn/qzapp/101372824/53AD4E083EF30E33CDF5B2FC68E992BE/30
    [figureurl_1] => http://qzapp.qlogo.cn/qzapp/101372824/53AD4E083EF30E33CDF5B2FC68E992BE/50
    [figureurl_2] => http://qzapp.qlogo.cn/qzapp/101372824/53AD4E083EF30E33CDF5B2FC68E992BE/100
    [figureurl_qq_1] => http://q.qlogo.cn/qqapp/101372824/53AD4E083EF30E33CDF5B2FC68E992BE/40
    [figureurl_qq_2] => http://q.qlogo.cn/qqapp/101372824/53AD4E083EF30E33CDF5B2FC68E992BE/100
    [is_yellow_vip] => 0
    [vip] => 0
    [yellow_vip_level] => 0
    [level] => 0
    [is_yellow_year_vip] => 0
)

]
[15:38:28][2017-02-07 15:38:28|||type|||qq|||qq_user_info|||Array
(
    [ret] => 0
    [msg] => 
    [is_lost] => 0
    [nickname] => 吴金高
    [gender] => 男
    [province] => 
    [city] => 
    [year] => 1990
    [figureurl] => http://qzapp.qlogo.cn/qzapp/101372824/53AD4E083EF30E33CDF5B2FC68E992BE/30
    [figureurl_1] => http://qzapp.qlogo.cn/qzapp/101372824/53AD4E083EF30E33CDF5B2FC68E992BE/50
    [figureurl_2] => http://qzapp.qlogo.cn/qzapp/101372824/53AD4E083EF30E33CDF5B2FC68E992BE/100
    [figureurl_qq_1] => http://q.qlogo.cn/qqapp/101372824/53AD4E083EF30E33CDF5B2FC68E992BE/40
    [figureurl_qq_2] => http://q.qlogo.cn/qqapp/101372824/53AD4E083EF30E33CDF5B2FC68E992BE/100
    [is_yellow_vip] => 0
    [vip] => 0
    [yellow_vip_level] => 0
    [level] => 0
    [is_yellow_year_vip] => 0
)

]
[15:39:41][2017-02-07 15:39:41|||type|||qq|||qq_user_info|||Array
(
    [ret] => 0
    [msg] => 
    [is_lost] => 0
    [nickname] => 再见这一季
    [gender] => 女
    [province] => 福建
    [city] => 福州
    [year] => 1987
    [figureurl] => http://qzapp.qlogo.cn/qzapp/101372824/8FC33CEE25B2BEFC24591C01958E3B88/30
    [figureurl_1] => http://qzapp.qlogo.cn/qzapp/101372824/8FC33CEE25B2BEFC24591C01958E3B88/50
    [figureurl_2] => http://qzapp.qlogo.cn/qzapp/101372824/8FC33CEE25B2BEFC24591C01958E3B88/100
    [figureurl_qq_1] => http://q.qlogo.cn/qqapp/101372824/8FC33CEE25B2BEFC24591C01958E3B88/40
    [figureurl_qq_2] => http://q.qlogo.cn/qqapp/101372824/8FC33CEE25B2BEFC24591C01958E3B88/100
    [is_yellow_vip] => 0
    [vip] => 0
    [yellow_vip_level] => 0
    [level] => 0
    [is_yellow_year_vip] => 0
)

]
[18:24:49][2017-02-07 18:24:49|||type|||qq|||qq_user_info|||Array
(
    [ret] => 0
    [msg] => 
    [is_lost] => 0
    [nickname] => ☆★☆★
    [gender] => 男
    [province] => 福建
    [city] => 
    [year] => 1988
    [figureurl] => http://qzapp.qlogo.cn/qzapp/101372824/FF931F4296E447FA5531B68FD74B2105/30
    [figureurl_1] => http://qzapp.qlogo.cn/qzapp/101372824/FF931F4296E447FA5531B68FD74B2105/50
    [figureurl_2] => http://qzapp.qlogo.cn/qzapp/101372824/FF931F4296E447FA5531B68FD74B2105/100
    [figureurl_qq_1] => http://q.qlogo.cn/qqapp/101372824/FF931F4296E447FA5531B68FD74B2105/40
    [figureurl_qq_2] => http://q.qlogo.cn/qqapp/101372824/FF931F4296E447FA5531B68FD74B2105/100
    [is_yellow_vip] => 0
    [vip] => 0
    [yellow_vip_level] => 0
    [level] => 0
    [is_yellow_year_vip] => 0
)

]
[18:36:34][2017-02-07 18:36:34|||type|||qq|||qq_user_info|||Array
(
    [ret] => 0
    [msg] => 
    [is_lost] => 0
    [nickname] => 吴金高
    [gender] => 男
    [province] => 
    [city] => 
    [year] => 1990
    [figureurl] => http://qzapp.qlogo.cn/qzapp/101372824/53AD4E083EF30E33CDF5B2FC68E992BE/30
    [figureurl_1] => http://qzapp.qlogo.cn/qzapp/101372824/53AD4E083EF30E33CDF5B2FC68E992BE/50
    [figureurl_2] => http://qzapp.qlogo.cn/qzapp/101372824/53AD4E083EF30E33CDF5B2FC68E992BE/100
    [figureurl_qq_1] => http://q.qlogo.cn/qqapp/101372824/53AD4E083EF30E33CDF5B2FC68E992BE/40
    [figureurl_qq_2] => http://q.qlogo.cn/qqapp/101372824/53AD4E083EF30E33CDF5B2FC68E992BE/100
    [is_yellow_vip] => 0
    [vip] => 0
    [yellow_vip_level] => 0
    [level] => 0
    [is_yellow_year_vip] => 0
)

]
[21:23:46][2017-02-07 21:23:46|||type|||qq|||qq_user_info|||Array
(
    [ret] => 0
    [msg] => 
    [is_lost] => 0
    [nickname] => 吴金高
    [gender] => 男
    [province] => 
    [city] => 
    [year] => 1990
    [figureurl] => http://qzapp.qlogo.cn/qzapp/101372824/53AD4E083EF30E33CDF5B2FC68E992BE/30
    [figureurl_1] => http://qzapp.qlogo.cn/qzapp/101372824/53AD4E083EF30E33CDF5B2FC68E992BE/50
    [figureurl_2] => http://qzapp.qlogo.cn/qzapp/101372824/53AD4E083EF30E33CDF5B2FC68E992BE/100
    [figureurl_qq_1] => http://q.qlogo.cn/qqapp/101372824/53AD4E083EF30E33CDF5B2FC68E992BE/40
    [figureurl_qq_2] => http://q.qlogo.cn/qqapp/101372824/53AD4E083EF30E33CDF5B2FC68E992BE/100
    [is_yellow_vip] => 0
    [vip] => 0
    [yellow_vip_level] => 0
    [level] => 0
    [is_yellow_year_vip] => 0
)

]
