[09:24:49][2017-02-10 09:24:49|||type|||qq|||qq_user_info|||Array
(
    [ret] => 0
    [msg] => 
    [is_lost] => 0
    [nickname] => 丛林拓者
    [gender] => 男
    [province] => 
    [city] => 
    [year] => 1993
    [figureurl] => http://qzapp.qlogo.cn/qzapp/101372824/2D268DDDFBF49D33C609B7E4D1D88D69/30
    [figureurl_1] => http://qzapp.qlogo.cn/qzapp/101372824/2D268DDDFBF49D33C609B7E4D1D88D69/50
    [figureurl_2] => http://qzapp.qlogo.cn/qzapp/101372824/2D268DDDFBF49D33C609B7E4D1D88D69/100
    [figureurl_qq_1] => http://q.qlogo.cn/qqapp/101372824/2D268DDDFBF49D33C609B7E4D1D88D69/40
    [figureurl_qq_2] => http://q.qlogo.cn/qqapp/101372824/2D268DDDFBF49D33C609B7E4D1D88D69/100
    [is_yellow_vip] => 0
    [vip] => 0
    [yellow_vip_level] => 0
    [level] => 0
    [is_yellow_year_vip] => 0
)

]
[09:34:36][2017-02-10 09:34:36|||type|||qq|||qq_user_info|||Array
(
    [ret] => 0
    [msg] => 
    [is_lost] => 0
    [nickname] => 白小天
    [gender] => 女
    [province] => 福建
    [city] => 福州
    [year] => 1988
    [figureurl] => http://qzapp.qlogo.cn/qzapp/101372824/58C033F4DCA536F779EBD3E6862FC574/30
    [figureurl_1] => http://qzapp.qlogo.cn/qzapp/101372824/58C033F4DCA536F779EBD3E6862FC574/50
    [figureurl_2] => http://qzapp.qlogo.cn/qzapp/101372824/58C033F4DCA536F779EBD3E6862FC574/100
    [figureurl_qq_1] => http://q.qlogo.cn/qqapp/101372824/58C033F4DCA536F779EBD3E6862FC574/40
    [figureurl_qq_2] => http://q.qlogo.cn/qqapp/101372824/58C033F4DCA536F779EBD3E6862FC574/100
    [is_yellow_vip] => 0
    [vip] => 0
    [yellow_vip_level] => 0
    [level] => 0
    [is_yellow_year_vip] => 0
)

]
[10:20:50][2017-02-10 10:20:50|||type|||qq|||qq_user_info|||Array
(
    [ret] => 0
    [msg] => 
    [is_lost] => 0
    [nickname] =>                  Muriel
    [gender] => 女
    [province] => 
    [city] => 
    [year] => 2007
    [figureurl] => http://qzapp.qlogo.cn/qzapp/101372824/57583B559F66B07ECF4E123F979C0B28/30
    [figureurl_1] => http://qzapp.qlogo.cn/qzapp/101372824/57583B559F66B07ECF4E123F979C0B28/50
    [figureurl_2] => http://qzapp.qlogo.cn/qzapp/101372824/57583B559F66B07ECF4E123F979C0B28/100
    [figureurl_qq_1] => http://q.qlogo.cn/qqapp/101372824/57583B559F66B07ECF4E123F979C0B28/40
    [figureurl_qq_2] => http://q.qlogo.cn/qqapp/101372824/57583B559F66B07ECF4E123F979C0B28/100
    [is_yellow_vip] => 0
    [vip] => 0
    [yellow_vip_level] => 0
    [level] => 0
    [is_yellow_year_vip] => 0
)

]
[10:41:20][2017-02-10 10:41:20|||type|||qq|||qq_user_info|||Array
(
    [ret] => 0
    [msg] => 
    [is_lost] => 0
    [nickname] => ☆★☆★
    [gender] => 男
    [province] => 福建
    [city] => 
    [year] => 1988
    [figureurl] => http://qzapp.qlogo.cn/qzapp/101372824/FF931F4296E447FA5531B68FD74B2105/30
    [figureurl_1] => http://qzapp.qlogo.cn/qzapp/101372824/FF931F4296E447FA5531B68FD74B2105/50
    [figureurl_2] => http://qzapp.qlogo.cn/qzapp/101372824/FF931F4296E447FA5531B68FD74B2105/100
    [figureurl_qq_1] => http://q.qlogo.cn/qqapp/101372824/FF931F4296E447FA5531B68FD74B2105/40
    [figureurl_qq_2] => http://q.qlogo.cn/qqapp/101372824/FF931F4296E447FA5531B68FD74B2105/100
    [is_yellow_vip] => 0
    [vip] => 0
    [yellow_vip_level] => 0
    [level] => 0
    [is_yellow_year_vip] => 0
)

]
[10:53:20][2017-02-10 10:53:20|||type|||qq|||qq_user_info|||Array
(
    [ret] => 0
    [msg] => 
    [is_lost] => 0
    [nickname] => 白小天
    [gender] => 女
    [province] => 福建
    [city] => 福州
    [year] => 1988
    [figureurl] => http://qzapp.qlogo.cn/qzapp/101372824/58C033F4DCA536F779EBD3E6862FC574/30
    [figureurl_1] => http://qzapp.qlogo.cn/qzapp/101372824/58C033F4DCA536F779EBD3E6862FC574/50
    [figureurl_2] => http://qzapp.qlogo.cn/qzapp/101372824/58C033F4DCA536F779EBD3E6862FC574/100
    [figureurl_qq_1] => http://q.qlogo.cn/qqapp/101372824/58C033F4DCA536F779EBD3E6862FC574/40
    [figureurl_qq_2] => http://q.qlogo.cn/qqapp/101372824/58C033F4DCA536F779EBD3E6862FC574/100
    [is_yellow_vip] => 0
    [vip] => 0
    [yellow_vip_level] => 0
    [level] => 0
    [is_yellow_year_vip] => 0
)

]
[10:54:13][2017-02-10 10:54:13|||type|||wechat|||$aRs|||Array
(
    [data] => {"access_token":"CxlB25XhO2TTpM4s-yVUwpiicivw4khZ2a6MA1WDXvH0NpLxdPuJJRnqNU5oMVyKUvJr393f3cfhwVmm3GXdabo-ffYm-viYTouGS_Ls2hY","expires_in":7200,"refresh_token":"UtJZN6wMDwgPMerhXC4J_tcGFUVj1YJAeiQyTUObwqL3jBiB4XNMLYRuBA5MHNIRxQ5lcWNYgWj2JhOM2P7Sk6GsjZVBtlhJiJ3Bftn2YoI","openid":"o8QnKv0cuE-yxU53Eou4PGeCr528","scope":"snsapi_login","unionid":"o_DW-wBqAaq-OgJzuj1aOZqYycCI"}
    [code] => 200
)

]
[11:07:21][2017-02-10 11:07:21|||type|||qq|||qq_user_info|||Array
(
    [ret] => 0
    [msg] => 
    [is_lost] => 0
    [nickname] => 白小天
    [gender] => 女
    [province] => 福建
    [city] => 福州
    [year] => 1988
    [figureurl] => http://qzapp.qlogo.cn/qzapp/101372824/58C033F4DCA536F779EBD3E6862FC574/30
    [figureurl_1] => http://qzapp.qlogo.cn/qzapp/101372824/58C033F4DCA536F779EBD3E6862FC574/50
    [figureurl_2] => http://qzapp.qlogo.cn/qzapp/101372824/58C033F4DCA536F779EBD3E6862FC574/100
    [figureurl_qq_1] => http://q.qlogo.cn/qqapp/101372824/58C033F4DCA536F779EBD3E6862FC574/40
    [figureurl_qq_2] => http://q.qlogo.cn/qqapp/101372824/58C033F4DCA536F779EBD3E6862FC574/100
    [is_yellow_vip] => 0
    [vip] => 0
    [yellow_vip_level] => 0
    [level] => 0
    [is_yellow_year_vip] => 0
)

]
[11:16:52][2017-02-10 11:16:52|||type|||qq|||qq_user_info|||Array
(
    [ret] => 0
    [msg] => 
    [is_lost] => 0
    [nickname] => 再见这一季
    [gender] => 女
    [province] => 福建
    [city] => 福州
    [year] => 1987
    [figureurl] => http://qzapp.qlogo.cn/qzapp/101372824/8FC33CEE25B2BEFC24591C01958E3B88/30
    [figureurl_1] => http://qzapp.qlogo.cn/qzapp/101372824/8FC33CEE25B2BEFC24591C01958E3B88/50
    [figureurl_2] => http://qzapp.qlogo.cn/qzapp/101372824/8FC33CEE25B2BEFC24591C01958E3B88/100
    [figureurl_qq_1] => http://q.qlogo.cn/qqapp/101372824/8FC33CEE25B2BEFC24591C01958E3B88/40
    [figureurl_qq_2] => http://q.qlogo.cn/qqapp/101372824/8FC33CEE25B2BEFC24591C01958E3B88/100
    [is_yellow_vip] => 0
    [vip] => 0
    [yellow_vip_level] => 0
    [level] => 0
    [is_yellow_year_vip] => 0
)

]
[11:16:57][2017-02-10 11:16:57|||type|||wechat|||$aRs|||Array
(
    [data] => {"access_token":"pJz9QxOEPPAmtsJNHjnRPYRHc9dzjLkflIBhM8zjh64-AEid5LbxD_4uizcYQfYnWbUN3ETVl_IQyAwW-7Mq61mXxhQZQU2uzukKYPzl8BE","expires_in":7200,"refresh_token":"CiM72uRuFLZ0I9Z3WcDHTonLEehbQYG3GeawYb5cufZHH-VYtbo_fpZzVxIM-N5uCm3FPO1f_nqTt2X9uOi39pL4bv_Qgwxhk8ZEFXqIrj4","openid":"o8QnKv8j7EkQr0Ckqw4R2X-LYGxQ","scope":"snsapi_login","unionid":"o_DW-wNdhQwixq0VgCJlB2KqulDE"}
    [code] => 200
)

]
[11:17:33][2017-02-10 11:17:33|||type|||wechat|||$aRs|||Array
(
    [data] => {"access_token":"tkEWTgr24sGp89lEn_bmCUMW2MBTjRsfK0bt4On1kQy0AC6kec221Ary7SXYGPifa2IbXEQcmULi3EYBY971Bbs4CdRe0lvAdbXf2vPbeD4","expires_in":7200,"refresh_token":"OtKChA2CRIzXjUtWyYinkuNPPxfbJjWjXngE_Vp5MTM-SXypk_QubsLmLXSo6Y-MAkuoagahJ-Dah5_3_Shy7bONcM4Um-fyXJS0S0BAeOg","openid":"o8QnKv8j7EkQr0Ckqw4R2X-LYGxQ","scope":"snsapi_login","unionid":"o_DW-wNdhQwixq0VgCJlB2KqulDE"}
    [code] => 200
)

]
[11:30:18][2017-02-10 11:30:18|||type|||qq|||qq_user_info|||Array
(
    [ret] => 0
    [msg] => 
    [is_lost] => 0
    [nickname] => 白小天
    [gender] => 女
    [province] => 福建
    [city] => 福州
    [year] => 1988
    [figureurl] => http://qzapp.qlogo.cn/qzapp/101372824/58C033F4DCA536F779EBD3E6862FC574/30
    [figureurl_1] => http://qzapp.qlogo.cn/qzapp/101372824/58C033F4DCA536F779EBD3E6862FC574/50
    [figureurl_2] => http://qzapp.qlogo.cn/qzapp/101372824/58C033F4DCA536F779EBD3E6862FC574/100
    [figureurl_qq_1] => http://q.qlogo.cn/qqapp/101372824/58C033F4DCA536F779EBD3E6862FC574/40
    [figureurl_qq_2] => http://q.qlogo.cn/qqapp/101372824/58C033F4DCA536F779EBD3E6862FC574/100
    [is_yellow_vip] => 0
    [vip] => 0
    [yellow_vip_level] => 0
    [level] => 0
    [is_yellow_year_vip] => 0
)

]
[11:35:41][2017-02-10 11:35:41|||type|||qq|||qq_user_info|||Array
(
    [ret] => 0
    [msg] => 
    [is_lost] => 0
    [nickname] => 丛林拓者
    [gender] => 男
    [province] => 
    [city] => 
    [year] => 1993
    [figureurl] => http://qzapp.qlogo.cn/qzapp/101372824/2D268DDDFBF49D33C609B7E4D1D88D69/30
    [figureurl_1] => http://qzapp.qlogo.cn/qzapp/101372824/2D268DDDFBF49D33C609B7E4D1D88D69/50
    [figureurl_2] => http://qzapp.qlogo.cn/qzapp/101372824/2D268DDDFBF49D33C609B7E4D1D88D69/100
    [figureurl_qq_1] => http://q.qlogo.cn/qqapp/101372824/2D268DDDFBF49D33C609B7E4D1D88D69/40
    [figureurl_qq_2] => http://q.qlogo.cn/qqapp/101372824/2D268DDDFBF49D33C609B7E4D1D88D69/100
    [is_yellow_vip] => 0
    [vip] => 0
    [yellow_vip_level] => 0
    [level] => 0
    [is_yellow_year_vip] => 0
)

]
[13:28:46][2017-02-10 13:28:46|||type|||qq|||qq_user_info|||Array
(
    [ret] => 0
    [msg] => 
    [is_lost] => 0
    [nickname] => 武汉-测试-江子晗
    [gender] => 女
    [province] => 
    [city] => 
    [year] => 1992
    [figureurl] => http://qzapp.qlogo.cn/qzapp/101372824/44671123B24E4430B74C509DFE52ED85/30
    [figureurl_1] => http://qzapp.qlogo.cn/qzapp/101372824/44671123B24E4430B74C509DFE52ED85/50
    [figureurl_2] => http://qzapp.qlogo.cn/qzapp/101372824/44671123B24E4430B74C509DFE52ED85/100
    [figureurl_qq_1] => http://q.qlogo.cn/qqapp/101372824/44671123B24E4430B74C509DFE52ED85/40
    [figureurl_qq_2] => http://q.qlogo.cn/qqapp/101372824/44671123B24E4430B74C509DFE52ED85/100
    [is_yellow_vip] => 0
    [vip] => 0
    [yellow_vip_level] => 0
    [level] => 0
    [is_yellow_year_vip] => 0
)

]
[13:33:20][2017-02-10 13:33:20|||type|||wechat|||$aRs|||Array
(
    [data] => {"access_token":"bGwn4v6sgESnqkpX5_u0metVAl4m7wRLqgC2b1Gs0ejIIis-aUP8r2DWY9Ld_XiO9l0mu0a6fOznEJrPG-cVtrMZEUgkZcpT-hjVxjShAT0","expires_in":7200,"refresh_token":"6m6wee25d-0SAst4VjMi_lPJ0aHhqoYupipzYeVH4oGNW_LHWrCJHHI_URSljnZULYmnFqU5oHFeyp4hIWwykVMy-1YpXTBcqMzlp72swy0","openid":"o8QnKv8j7EkQr0Ckqw4R2X-LYGxQ","scope":"snsapi_login","unionid":"o_DW-wNdhQwixq0VgCJlB2KqulDE"}
    [code] => 200
)

]
[13:49:22][2017-02-10 13:49:22|||type|||qq|||qq_user_info|||Array
(
    [ret] => 0
    [msg] => 
    [is_lost] => 0
    [nickname] => 白小天
    [gender] => 女
    [province] => 福建
    [city] => 福州
    [year] => 1988
    [figureurl] => http://qzapp.qlogo.cn/qzapp/101372824/58C033F4DCA536F779EBD3E6862FC574/30
    [figureurl_1] => http://qzapp.qlogo.cn/qzapp/101372824/58C033F4DCA536F779EBD3E6862FC574/50
    [figureurl_2] => http://qzapp.qlogo.cn/qzapp/101372824/58C033F4DCA536F779EBD3E6862FC574/100
    [figureurl_qq_1] => http://q.qlogo.cn/qqapp/101372824/58C033F4DCA536F779EBD3E6862FC574/40
    [figureurl_qq_2] => http://q.qlogo.cn/qqapp/101372824/58C033F4DCA536F779EBD3E6862FC574/100
    [is_yellow_vip] => 0
    [vip] => 0
    [yellow_vip_level] => 0
    [level] => 0
    [is_yellow_year_vip] => 0
)

]
[13:54:02][2017-02-10 13:54:02|||type|||qq|||qq_user_info|||Array
(
    [ret] => 0
    [msg] => 
    [is_lost] => 0
    [nickname] => 武汉-测试-江子晗
    [gender] => 女
    [province] => 
    [city] => 
    [year] => 1992
    [figureurl] => http://qzapp.qlogo.cn/qzapp/101372824/44671123B24E4430B74C509DFE52ED85/30
    [figureurl_1] => http://qzapp.qlogo.cn/qzapp/101372824/44671123B24E4430B74C509DFE52ED85/50
    [figureurl_2] => http://qzapp.qlogo.cn/qzapp/101372824/44671123B24E4430B74C509DFE52ED85/100
    [figureurl_qq_1] => http://q.qlogo.cn/qqapp/101372824/44671123B24E4430B74C509DFE52ED85/40
    [figureurl_qq_2] => http://q.qlogo.cn/qqapp/101372824/44671123B24E4430B74C509DFE52ED85/100
    [is_yellow_vip] => 0
    [vip] => 0
    [yellow_vip_level] => 0
    [level] => 0
    [is_yellow_year_vip] => 0
)

]
[13:59:04][2017-02-10 13:59:04|||type|||wechat|||$aRs|||Array
(
    [data] => {"access_token":"6QnOB7TEKl3dbyG73gN0_BuSi30hXZ9SzkZIW1gTa5L-BrRC4Zp2sMPoB5Mmkixbh5TaOY4EgiK1AvkY4GhDgbIoadvdnYR3paiehR1OWyM","expires_in":7200,"refresh_token":"oLgnPQcfwhI-fXBCEpt1McUTZUQLqdQ9ud1NJxqN3LeueHlqTH-KjogDzKbrc7bRS8MtIaqXzAhjJR6sgDYaWz3zLuzG1IK9vyN1TMm7wcw","openid":"o8QnKv0cuE-yxU53Eou4PGeCr528","scope":"snsapi_login","unionid":"o_DW-wBqAaq-OgJzuj1aOZqYycCI"}
    [code] => 200
)

]
[14:00:12][2017-02-10 14:00:12|||type|||wechat|||$aRs|||Array
(
    [data] => {"access_token":"9Wm5-x-AzTj8mzKpOqOmnnj1jVVuWXqRrt9huEjV3Fn2EXvpvx7Xs1z1BQbYxXCV2ZP5tLY_IgVf0r5gnyfhytuEP54F_YDxHZqC2IMnAOs","expires_in":7200,"refresh_token":"su1Le_LghISU-mWlxocaT6QtlwlY6wOW-UI45ds2wuCcmdrkSOINHyoRIrCJeeNAS1kutM31xh3qsTTWi2WktuC7ugeNSTgNeup0GHvuOIc","openid":"o8QnKv0cuE-yxU53Eou4PGeCr528","scope":"snsapi_login","unionid":"o_DW-wBqAaq-OgJzuj1aOZqYycCI"}
    [code] => 200
)

]
[14:01:03][2017-02-10 14:01:03|||type|||wechat|||$aRs|||Array
(
    [data] => {"access_token":"Q96k7QqgnWCvbLyi-4wZI-kPyIFiuoYRdg9EmfFod_NAzD70U8ERVIvRI1StSMythPCK5fcM_-i-IRmlskv093KHBs7109rZ_FkJOCtWNdE","expires_in":7200,"refresh_token":"uU-wp0bqAtWcY2ozqsXTCq6fXFZCEfmBtsTh0J2h4lZeS_WjpeK06O5X2yBbgpocASHjkXH2L6fZHjRqIUMKOACYlJt85NREiLJ34adse-M","openid":"o8QnKv0cuE-yxU53Eou4PGeCr528","scope":"snsapi_login","unionid":"o_DW-wBqAaq-OgJzuj1aOZqYycCI"}
    [code] => 200
)

]
[14:02:27][2017-02-10 14:02:27|||type|||wechat|||$aRs|||Array
(
    [data] => {"access_token":"885UHnLfPbL56ZkP-VBIvGvkcs73WuRkpaUFA-fuUdjH394HRPBKO0ZgDcTvZ2H6UJBhsxBJfiKiYW5d9V3ln5NZPbqKdbukmxYpLvz-i08","expires_in":7200,"refresh_token":"p5X5nV4rDVhgNXVojrbTK0CgTty6pizeuN4CMczyMYRFVxy1IuL_lROGXbe8_zeFRbi_eo6W63uNf_ycSQ7-ldbFWnHUvY__axSnj7AMUh4","openid":"o8QnKv8j7EkQr0Ckqw4R2X-LYGxQ","scope":"snsapi_login","unionid":"o_DW-wNdhQwixq0VgCJlB2KqulDE"}
    [code] => 200
)

]
[14:02:29][2017-02-10 14:02:29|||type|||qq|||qq_user_info|||Array
(
    [ret] => 0
    [msg] => 
    [is_lost] => 0
    [nickname] => 白小天
    [gender] => 女
    [province] => 福建
    [city] => 福州
    [year] => 1988
    [figureurl] => http://qzapp.qlogo.cn/qzapp/101372824/58C033F4DCA536F779EBD3E6862FC574/30
    [figureurl_1] => http://qzapp.qlogo.cn/qzapp/101372824/58C033F4DCA536F779EBD3E6862FC574/50
    [figureurl_2] => http://qzapp.qlogo.cn/qzapp/101372824/58C033F4DCA536F779EBD3E6862FC574/100
    [figureurl_qq_1] => http://q.qlogo.cn/qqapp/101372824/58C033F4DCA536F779EBD3E6862FC574/40
    [figureurl_qq_2] => http://q.qlogo.cn/qqapp/101372824/58C033F4DCA536F779EBD3E6862FC574/100
    [is_yellow_vip] => 0
    [vip] => 0
    [yellow_vip_level] => 0
    [level] => 0
    [is_yellow_year_vip] => 0
)

]
[14:16:28][2017-02-10 14:16:28|||type|||qq|||qq_user_info|||Array
(
    [ret] => 0
    [msg] => 
    [is_lost] => 0
    [nickname] => 白小天
    [gender] => 女
    [province] => 福建
    [city] => 福州
    [year] => 1988
    [figureurl] => http://qzapp.qlogo.cn/qzapp/101372824/58C033F4DCA536F779EBD3E6862FC574/30
    [figureurl_1] => http://qzapp.qlogo.cn/qzapp/101372824/58C033F4DCA536F779EBD3E6862FC574/50
    [figureurl_2] => http://qzapp.qlogo.cn/qzapp/101372824/58C033F4DCA536F779EBD3E6862FC574/100
    [figureurl_qq_1] => http://q.qlogo.cn/qqapp/101372824/58C033F4DCA536F779EBD3E6862FC574/40
    [figureurl_qq_2] => http://q.qlogo.cn/qqapp/101372824/58C033F4DCA536F779EBD3E6862FC574/100
    [is_yellow_vip] => 0
    [vip] => 0
    [yellow_vip_level] => 0
    [level] => 0
    [is_yellow_year_vip] => 0
)

]
[14:22:17][2017-02-10 14:22:17|||type|||qq|||qq_user_info|||Array
(
    [ret] => 0
    [msg] => 
    [is_lost] => 0
    [nickname] => 白小天
    [gender] => 女
    [province] => 福建
    [city] => 福州
    [year] => 1988
    [figureurl] => http://qzapp.qlogo.cn/qzapp/101372824/58C033F4DCA536F779EBD3E6862FC574/30
    [figureurl_1] => http://qzapp.qlogo.cn/qzapp/101372824/58C033F4DCA536F779EBD3E6862FC574/50
    [figureurl_2] => http://qzapp.qlogo.cn/qzapp/101372824/58C033F4DCA536F779EBD3E6862FC574/100
    [figureurl_qq_1] => http://q.qlogo.cn/qqapp/101372824/58C033F4DCA536F779EBD3E6862FC574/40
    [figureurl_qq_2] => http://q.qlogo.cn/qqapp/101372824/58C033F4DCA536F779EBD3E6862FC574/100
    [is_yellow_vip] => 0
    [vip] => 0
    [yellow_vip_level] => 0
    [level] => 0
    [is_yellow_year_vip] => 0
)

]
[14:22:46][2017-02-10 14:22:46|||type|||qq|||qq_user_info|||Array
(
    [ret] => 0
    [msg] => 
    [is_lost] => 0
    [nickname] => 白小天
    [gender] => 女
    [province] => 福建
    [city] => 福州
    [year] => 1988
    [figureurl] => http://qzapp.qlogo.cn/qzapp/101372824/58C033F4DCA536F779EBD3E6862FC574/30
    [figureurl_1] => http://qzapp.qlogo.cn/qzapp/101372824/58C033F4DCA536F779EBD3E6862FC574/50
    [figureurl_2] => http://qzapp.qlogo.cn/qzapp/101372824/58C033F4DCA536F779EBD3E6862FC574/100
    [figureurl_qq_1] => http://q.qlogo.cn/qqapp/101372824/58C033F4DCA536F779EBD3E6862FC574/40
    [figureurl_qq_2] => http://q.qlogo.cn/qqapp/101372824/58C033F4DCA536F779EBD3E6862FC574/100
    [is_yellow_vip] => 0
    [vip] => 0
    [yellow_vip_level] => 0
    [level] => 0
    [is_yellow_year_vip] => 0
)

]
[14:44:23][2017-02-10 14:44:23|||type|||qq|||qq_user_info|||Array
(
    [ret] => 0
    [msg] => 
    [is_lost] => 0
    [nickname] => 再见这一季
    [gender] => 女
    [province] => 福建
    [city] => 福州
    [year] => 1987
    [figureurl] => http://qzapp.qlogo.cn/qzapp/101372824/8FC33CEE25B2BEFC24591C01958E3B88/30
    [figureurl_1] => http://qzapp.qlogo.cn/qzapp/101372824/8FC33CEE25B2BEFC24591C01958E3B88/50
    [figureurl_2] => http://qzapp.qlogo.cn/qzapp/101372824/8FC33CEE25B2BEFC24591C01958E3B88/100
    [figureurl_qq_1] => http://q.qlogo.cn/qqapp/101372824/8FC33CEE25B2BEFC24591C01958E3B88/40
    [figureurl_qq_2] => http://q.qlogo.cn/qqapp/101372824/8FC33CEE25B2BEFC24591C01958E3B88/100
    [is_yellow_vip] => 0
    [vip] => 0
    [yellow_vip_level] => 0
    [level] => 0
    [is_yellow_year_vip] => 0
)

]
[15:13:07][2017-02-10 15:13:07|||type|||qq|||qq_user_info|||Array
(
    [ret] => 0
    [msg] => 
    [is_lost] => 0
    [nickname] => ☆★☆★
    [gender] => 男
    [province] => 福建
    [city] => 
    [year] => 1988
    [figureurl] => http://qzapp.qlogo.cn/qzapp/101372824/FF931F4296E447FA5531B68FD74B2105/30
    [figureurl_1] => http://qzapp.qlogo.cn/qzapp/101372824/FF931F4296E447FA5531B68FD74B2105/50
    [figureurl_2] => http://qzapp.qlogo.cn/qzapp/101372824/FF931F4296E447FA5531B68FD74B2105/100
    [figureurl_qq_1] => http://q.qlogo.cn/qqapp/101372824/FF931F4296E447FA5531B68FD74B2105/40
    [figureurl_qq_2] => http://q.qlogo.cn/qqapp/101372824/FF931F4296E447FA5531B68FD74B2105/100
    [is_yellow_vip] => 0
    [vip] => 0
    [yellow_vip_level] => 0
    [level] => 0
    [is_yellow_year_vip] => 0
)

]
[15:38:58][2017-02-10 15:38:58|||type|||qq|||qq_user_info|||Array
(
    [ret] => 0
    [msg] => 
    [is_lost] => 0
    [nickname] => 白小天
    [gender] => 女
    [province] => 福建
    [city] => 福州
    [year] => 1988
    [figureurl] => http://qzapp.qlogo.cn/qzapp/101372824/58C033F4DCA536F779EBD3E6862FC574/30
    [figureurl_1] => http://qzapp.qlogo.cn/qzapp/101372824/58C033F4DCA536F779EBD3E6862FC574/50
    [figureurl_2] => http://qzapp.qlogo.cn/qzapp/101372824/58C033F4DCA536F779EBD3E6862FC574/100
    [figureurl_qq_1] => http://q.qlogo.cn/qqapp/101372824/58C033F4DCA536F779EBD3E6862FC574/40
    [figureurl_qq_2] => http://q.qlogo.cn/qqapp/101372824/58C033F4DCA536F779EBD3E6862FC574/100
    [is_yellow_vip] => 0
    [vip] => 0
    [yellow_vip_level] => 0
    [level] => 0
    [is_yellow_year_vip] => 0
)

]
[16:17:18][2017-02-10 16:17:18|||type|||qq|||qq_user_info|||Array
(
    [ret] => 0
    [msg] => 
    [is_lost] => 0
    [nickname] => 白小天
    [gender] => 女
    [province] => 福建
    [city] => 福州
    [year] => 1988
    [figureurl] => http://qzapp.qlogo.cn/qzapp/101372824/58C033F4DCA536F779EBD3E6862FC574/30
    [figureurl_1] => http://qzapp.qlogo.cn/qzapp/101372824/58C033F4DCA536F779EBD3E6862FC574/50
    [figureurl_2] => http://qzapp.qlogo.cn/qzapp/101372824/58C033F4DCA536F779EBD3E6862FC574/100
    [figureurl_qq_1] => http://q.qlogo.cn/qqapp/101372824/58C033F4DCA536F779EBD3E6862FC574/40
    [figureurl_qq_2] => http://q.qlogo.cn/qqapp/101372824/58C033F4DCA536F779EBD3E6862FC574/100
    [is_yellow_vip] => 0
    [vip] => 0
    [yellow_vip_level] => 0
    [level] => 0
    [is_yellow_year_vip] => 0
)

]
[16:26:20][2017-02-10 16:26:20|||type|||qq|||qq_user_info|||Array
(
    [ret] => 0
    [msg] => 
    [is_lost] => 0
    [nickname] => 白小天
    [gender] => 女
    [province] => 福建
    [city] => 福州
    [year] => 1988
    [figureurl] => http://qzapp.qlogo.cn/qzapp/101372824/58C033F4DCA536F779EBD3E6862FC574/30
    [figureurl_1] => http://qzapp.qlogo.cn/qzapp/101372824/58C033F4DCA536F779EBD3E6862FC574/50
    [figureurl_2] => http://qzapp.qlogo.cn/qzapp/101372824/58C033F4DCA536F779EBD3E6862FC574/100
    [figureurl_qq_1] => http://q.qlogo.cn/qqapp/101372824/58C033F4DCA536F779EBD3E6862FC574/40
    [figureurl_qq_2] => http://q.qlogo.cn/qqapp/101372824/58C033F4DCA536F779EBD3E6862FC574/100
    [is_yellow_vip] => 0
    [vip] => 0
    [yellow_vip_level] => 0
    [level] => 0
    [is_yellow_year_vip] => 0
)

]
[16:41:33][2017-02-10 16:41:33|||type|||qq|||qq_user_info|||Array
(
    [ret] => 0
    [msg] => 
    [is_lost] => 0
    [nickname] => 白小天
    [gender] => 女
    [province] => 福建
    [city] => 福州
    [year] => 1988
    [figureurl] => http://qzapp.qlogo.cn/qzapp/101372824/58C033F4DCA536F779EBD3E6862FC574/30
    [figureurl_1] => http://qzapp.qlogo.cn/qzapp/101372824/58C033F4DCA536F779EBD3E6862FC574/50
    [figureurl_2] => http://qzapp.qlogo.cn/qzapp/101372824/58C033F4DCA536F779EBD3E6862FC574/100
    [figureurl_qq_1] => http://q.qlogo.cn/qqapp/101372824/58C033F4DCA536F779EBD3E6862FC574/40
    [figureurl_qq_2] => http://q.qlogo.cn/qqapp/101372824/58C033F4DCA536F779EBD3E6862FC574/100
    [is_yellow_vip] => 0
    [vip] => 0
    [yellow_vip_level] => 0
    [level] => 0
    [is_yellow_year_vip] => 0
)

]
[16:43:05][2017-02-10 16:43:05|||type|||qq|||qq_user_info|||Array
(
    [ret] => 0
    [msg] => 
    [is_lost] => 0
    [nickname] => 白小天
    [gender] => 女
    [province] => 福建
    [city] => 福州
    [year] => 1988
    [figureurl] => http://qzapp.qlogo.cn/qzapp/101372824/58C033F4DCA536F779EBD3E6862FC574/30
    [figureurl_1] => http://qzapp.qlogo.cn/qzapp/101372824/58C033F4DCA536F779EBD3E6862FC574/50
    [figureurl_2] => http://qzapp.qlogo.cn/qzapp/101372824/58C033F4DCA536F779EBD3E6862FC574/100
    [figureurl_qq_1] => http://q.qlogo.cn/qqapp/101372824/58C033F4DCA536F779EBD3E6862FC574/40
    [figureurl_qq_2] => http://q.qlogo.cn/qqapp/101372824/58C033F4DCA536F779EBD3E6862FC574/100
    [is_yellow_vip] => 0
    [vip] => 0
    [yellow_vip_level] => 0
    [level] => 0
    [is_yellow_year_vip] => 0
)

]
[16:43:15][2017-02-10 16:43:15|||type|||qq|||qq_user_info|||Array
(
    [ret] => 0
    [msg] => 
    [is_lost] => 0
    [nickname] => 白小天
    [gender] => 女
    [province] => 福建
    [city] => 福州
    [year] => 1988
    [figureurl] => http://qzapp.qlogo.cn/qzapp/101372824/58C033F4DCA536F779EBD3E6862FC574/30
    [figureurl_1] => http://qzapp.qlogo.cn/qzapp/101372824/58C033F4DCA536F779EBD3E6862FC574/50
    [figureurl_2] => http://qzapp.qlogo.cn/qzapp/101372824/58C033F4DCA536F779EBD3E6862FC574/100
    [figureurl_qq_1] => http://q.qlogo.cn/qqapp/101372824/58C033F4DCA536F779EBD3E6862FC574/40
    [figureurl_qq_2] => http://q.qlogo.cn/qqapp/101372824/58C033F4DCA536F779EBD3E6862FC574/100
    [is_yellow_vip] => 0
    [vip] => 0
    [yellow_vip_level] => 0
    [level] => 0
    [is_yellow_year_vip] => 0
)

]
[18:44:56][2017-02-10 18:44:56|||type|||qq|||qq_user_info|||Array
(
    [ret] => 0
    [msg] => 
    [is_lost] => 0
    [nickname] => ☆★☆★
    [gender] => 男
    [province] => 福建
    [city] => 
    [year] => 1988
    [figureurl] => http://qzapp.qlogo.cn/qzapp/101372824/FF931F4296E447FA5531B68FD74B2105/30
    [figureurl_1] => http://qzapp.qlogo.cn/qzapp/101372824/FF931F4296E447FA5531B68FD74B2105/50
    [figureurl_2] => http://qzapp.qlogo.cn/qzapp/101372824/FF931F4296E447FA5531B68FD74B2105/100
    [figureurl_qq_1] => http://q.qlogo.cn/qqapp/101372824/FF931F4296E447FA5531B68FD74B2105/40
    [figureurl_qq_2] => http://q.qlogo.cn/qqapp/101372824/FF931F4296E447FA5531B68FD74B2105/100
    [is_yellow_vip] => 0
    [vip] => 0
    [yellow_vip_level] => 0
    [level] => 0
    [is_yellow_year_vip] => 0
)

]
[18:46:27][2017-02-10 18:46:27|||type|||wechat|||$aRs|||Array
(
    [data] => {"access_token":"ZQFeICx3oNkwYrs5LW9_0uoRxeIP5eRIddajY_6jGTjUnQtje08z6g-c6uC5QiUae7fUnH47o8sIbyueRuABmaMpc_P22j2SaNaQSZV1kUI","expires_in":7200,"refresh_token":"mnC-Q50RTuWKYPJ2HNiIbQN_78wmFxavxpiENEp32bxGsxhcGVwY2MoWOa1tO9GzctIsMN9cB4GHtAwUyxT8c4rgrXaXsC7x8SNkGCnNRo4","openid":"o8QnKv8j7EkQr0Ckqw4R2X-LYGxQ","scope":"snsapi_login","unionid":"o_DW-wNdhQwixq0VgCJlB2KqulDE"}
    [code] => 200
)

]
[22:04:38][2017-02-10 22:04:38|||type|||qq|||qq_user_info|||Array
(
    [ret] => 0
    [msg] => 
    [is_lost] => 0
    [nickname] => 丛林拓者
    [gender] => 男
    [province] => 
    [city] => 
    [year] => 1993
    [figureurl] => http://qzapp.qlogo.cn/qzapp/101372824/2D268DDDFBF49D33C609B7E4D1D88D69/30
    [figureurl_1] => http://qzapp.qlogo.cn/qzapp/101372824/2D268DDDFBF49D33C609B7E4D1D88D69/50
    [figureurl_2] => http://qzapp.qlogo.cn/qzapp/101372824/2D268DDDFBF49D33C609B7E4D1D88D69/100
    [figureurl_qq_1] => http://q.qlogo.cn/qqapp/101372824/2D268DDDFBF49D33C609B7E4D1D88D69/40
    [figureurl_qq_2] => http://q.qlogo.cn/qqapp/101372824/2D268DDDFBF49D33C609B7E4D1D88D69/100
    [is_yellow_vip] => 0
    [vip] => 0
    [yellow_vip_level] => 0
    [level] => 0
    [is_yellow_year_vip] => 0
)

]
[22:05:31][2017-02-10 22:05:31|||type|||qq|||qq_user_info|||Array
(
    [ret] => 0
    [msg] => 
    [is_lost] => 0
    [nickname] => 丛林拓者
    [gender] => 男
    [province] => 
    [city] => 
    [year] => 1993
    [figureurl] => http://qzapp.qlogo.cn/qzapp/101372824/2D268DDDFBF49D33C609B7E4D1D88D69/30
    [figureurl_1] => http://qzapp.qlogo.cn/qzapp/101372824/2D268DDDFBF49D33C609B7E4D1D88D69/50
    [figureurl_2] => http://qzapp.qlogo.cn/qzapp/101372824/2D268DDDFBF49D33C609B7E4D1D88D69/100
    [figureurl_qq_1] => http://q.qlogo.cn/qqapp/101372824/2D268DDDFBF49D33C609B7E4D1D88D69/40
    [figureurl_qq_2] => http://q.qlogo.cn/qqapp/101372824/2D268DDDFBF49D33C609B7E4D1D88D69/100
    [is_yellow_vip] => 0
    [vip] => 0
    [yellow_vip_level] => 0
    [level] => 0
    [is_yellow_year_vip] => 0
)

]
[22:10:43][2017-02-10 22:10:43|||type|||qq|||qq_user_info|||Array
(
    [ret] => 0
    [msg] => 
    [is_lost] => 0
    [nickname] => 丛林拓者
    [gender] => 男
    [province] => 
    [city] => 
    [year] => 1993
    [figureurl] => http://qzapp.qlogo.cn/qzapp/101372824/2D268DDDFBF49D33C609B7E4D1D88D69/30
    [figureurl_1] => http://qzapp.qlogo.cn/qzapp/101372824/2D268DDDFBF49D33C609B7E4D1D88D69/50
    [figureurl_2] => http://qzapp.qlogo.cn/qzapp/101372824/2D268DDDFBF49D33C609B7E4D1D88D69/100
    [figureurl_qq_1] => http://q.qlogo.cn/qqapp/101372824/2D268DDDFBF49D33C609B7E4D1D88D69/40
    [figureurl_qq_2] => http://q.qlogo.cn/qqapp/101372824/2D268DDDFBF49D33C609B7E4D1D88D69/100
    [is_yellow_vip] => 0
    [vip] => 0
    [yellow_vip_level] => 0
    [level] => 0
    [is_yellow_year_vip] => 0
)

]
[22:11:36][2017-02-10 22:11:36|||type|||qq|||qq_user_info|||Array
(
    [ret] => 0
    [msg] => 
    [is_lost] => 0
    [nickname] => 丛林拓者
    [gender] => 男
    [province] => 
    [city] => 
    [year] => 1993
    [figureurl] => http://qzapp.qlogo.cn/qzapp/101372824/2D268DDDFBF49D33C609B7E4D1D88D69/30
    [figureurl_1] => http://qzapp.qlogo.cn/qzapp/101372824/2D268DDDFBF49D33C609B7E4D1D88D69/50
    [figureurl_2] => http://qzapp.qlogo.cn/qzapp/101372824/2D268DDDFBF49D33C609B7E4D1D88D69/100
    [figureurl_qq_1] => http://q.qlogo.cn/qqapp/101372824/2D268DDDFBF49D33C609B7E4D1D88D69/40
    [figureurl_qq_2] => http://q.qlogo.cn/qqapp/101372824/2D268DDDFBF49D33C609B7E4D1D88D69/100
    [is_yellow_vip] => 0
    [vip] => 0
    [yellow_vip_level] => 0
    [level] => 0
    [is_yellow_year_vip] => 0
)

]
[23:23:15][2017-02-10 23:23:15|||type|||qq|||qq_user_info|||Array
(
    [ret] => 0
    [msg] => 
    [is_lost] => 0
    [nickname] => 丛林拓者
    [gender] => 男
    [province] => 
    [city] => 
    [year] => 1993
    [figureurl] => http://qzapp.qlogo.cn/qzapp/101372824/2D268DDDFBF49D33C609B7E4D1D88D69/30
    [figureurl_1] => http://qzapp.qlogo.cn/qzapp/101372824/2D268DDDFBF49D33C609B7E4D1D88D69/50
    [figureurl_2] => http://qzapp.qlogo.cn/qzapp/101372824/2D268DDDFBF49D33C609B7E4D1D88D69/100
    [figureurl_qq_1] => http://q.qlogo.cn/qqapp/101372824/2D268DDDFBF49D33C609B7E4D1D88D69/40
    [figureurl_qq_2] => http://q.qlogo.cn/qqapp/101372824/2D268DDDFBF49D33C609B7E4D1D88D69/100
    [is_yellow_vip] => 0
    [vip] => 0
    [yellow_vip_level] => 0
    [level] => 0
    [is_yellow_year_vip] => 0
)

]
[23:30:20][2017-02-10 23:30:20|||type|||qq|||qq_user_info|||Array
(
    [ret] => 0
    [msg] => 
    [is_lost] => 0
    [nickname] => 丛林拓者
    [gender] => 男
    [province] => 
    [city] => 
    [year] => 1993
    [figureurl] => http://qzapp.qlogo.cn/qzapp/101372824/2D268DDDFBF49D33C609B7E4D1D88D69/30
    [figureurl_1] => http://qzapp.qlogo.cn/qzapp/101372824/2D268DDDFBF49D33C609B7E4D1D88D69/50
    [figureurl_2] => http://qzapp.qlogo.cn/qzapp/101372824/2D268DDDFBF49D33C609B7E4D1D88D69/100
    [figureurl_qq_1] => http://q.qlogo.cn/qqapp/101372824/2D268DDDFBF49D33C609B7E4D1D88D69/40
    [figureurl_qq_2] => http://q.qlogo.cn/qqapp/101372824/2D268DDDFBF49D33C609B7E4D1D88D69/100
    [is_yellow_vip] => 0
    [vip] => 0
    [yellow_vip_level] => 0
    [level] => 0
    [is_yellow_year_vip] => 0
)

]
