[09:29:02][2017-02-03 09:29:02|||type|||qq|||qq_user_info|||Array
(
    [ret] => 0
    [msg] => 
    [is_lost] => 0
    [nickname] => ☆★☆★
    [gender] => 男
    [province] => 福建
    [city] => 
    [year] => 1988
    [figureurl] => http://qzapp.qlogo.cn/qzapp/101372824/FF931F4296E447FA5531B68FD74B2105/30
    [figureurl_1] => http://qzapp.qlogo.cn/qzapp/101372824/FF931F4296E447FA5531B68FD74B2105/50
    [figureurl_2] => http://qzapp.qlogo.cn/qzapp/101372824/FF931F4296E447FA5531B68FD74B2105/100
    [figureurl_qq_1] => http://q.qlogo.cn/qqapp/101372824/FF931F4296E447FA5531B68FD74B2105/40
    [figureurl_qq_2] => http://q.qlogo.cn/qqapp/101372824/FF931F4296E447FA5531B68FD74B2105/100
    [is_yellow_vip] => 0
    [vip] => 0
    [yellow_vip_level] => 0
    [level] => 0
    [is_yellow_year_vip] => 0
)

]
[09:31:30][2017-02-03 09:31:30|||type|||qq|||qq_user_info|||Array
(
    [ret] => 0
    [msg] => 
    [is_lost] => 0
    [nickname] => 丛林拓者
    [gender] => 男
    [province] => 
    [city] => 
    [year] => 1993
    [figureurl] => http://qzapp.qlogo.cn/qzapp/101372824/2D268DDDFBF49D33C609B7E4D1D88D69/30
    [figureurl_1] => http://qzapp.qlogo.cn/qzapp/101372824/2D268DDDFBF49D33C609B7E4D1D88D69/50
    [figureurl_2] => http://qzapp.qlogo.cn/qzapp/101372824/2D268DDDFBF49D33C609B7E4D1D88D69/100
    [figureurl_qq_1] => http://q.qlogo.cn/qqapp/101372824/2D268DDDFBF49D33C609B7E4D1D88D69/40
    [figureurl_qq_2] => http://q.qlogo.cn/qqapp/101372824/2D268DDDFBF49D33C609B7E4D1D88D69/100
    [is_yellow_vip] => 0
    [vip] => 0
    [yellow_vip_level] => 0
    [level] => 0
    [is_yellow_year_vip] => 0
)

]
[09:34:12][2017-02-03 09:34:12|||type|||qq|||qq_user_info|||Array
(
    [ret] => 0
    [msg] => 
    [is_lost] => 0
    [nickname] => 丛林拓者
    [gender] => 男
    [province] => 
    [city] => 
    [year] => 1993
    [figureurl] => http://qzapp.qlogo.cn/qzapp/101372824/2D268DDDFBF49D33C609B7E4D1D88D69/30
    [figureurl_1] => http://qzapp.qlogo.cn/qzapp/101372824/2D268DDDFBF49D33C609B7E4D1D88D69/50
    [figureurl_2] => http://qzapp.qlogo.cn/qzapp/101372824/2D268DDDFBF49D33C609B7E4D1D88D69/100
    [figureurl_qq_1] => http://q.qlogo.cn/qqapp/101372824/2D268DDDFBF49D33C609B7E4D1D88D69/40
    [figureurl_qq_2] => http://q.qlogo.cn/qqapp/101372824/2D268DDDFBF49D33C609B7E4D1D88D69/100
    [is_yellow_vip] => 0
    [vip] => 0
    [yellow_vip_level] => 0
    [level] => 0
    [is_yellow_year_vip] => 0
)

]
[09:46:58][2017-02-03 09:46:58|||type|||qq|||qq_user_info|||Array
(
    [ret] => 0
    [msg] => 
    [is_lost] => 0
    [nickname] => 丛林拓者
    [gender] => 男
    [province] => 
    [city] => 
    [year] => 1993
    [figureurl] => http://qzapp.qlogo.cn/qzapp/101372824/2D268DDDFBF49D33C609B7E4D1D88D69/30
    [figureurl_1] => http://qzapp.qlogo.cn/qzapp/101372824/2D268DDDFBF49D33C609B7E4D1D88D69/50
    [figureurl_2] => http://qzapp.qlogo.cn/qzapp/101372824/2D268DDDFBF49D33C609B7E4D1D88D69/100
    [figureurl_qq_1] => http://q.qlogo.cn/qqapp/101372824/2D268DDDFBF49D33C609B7E4D1D88D69/40
    [figureurl_qq_2] => http://q.qlogo.cn/qqapp/101372824/2D268DDDFBF49D33C609B7E4D1D88D69/100
    [is_yellow_vip] => 0
    [vip] => 0
    [yellow_vip_level] => 0
    [level] => 0
    [is_yellow_year_vip] => 0
)

]
[09:48:01][2017-02-03 09:48:01|||type|||qq|||qq_user_info|||Array
(
    [ret] => 0
    [msg] => 
    [is_lost] => 0
    [nickname] => 丛林拓者
    [gender] => 男
    [province] => 
    [city] => 
    [year] => 1993
    [figureurl] => http://qzapp.qlogo.cn/qzapp/101372824/2D268DDDFBF49D33C609B7E4D1D88D69/30
    [figureurl_1] => http://qzapp.qlogo.cn/qzapp/101372824/2D268DDDFBF49D33C609B7E4D1D88D69/50
    [figureurl_2] => http://qzapp.qlogo.cn/qzapp/101372824/2D268DDDFBF49D33C609B7E4D1D88D69/100
    [figureurl_qq_1] => http://q.qlogo.cn/qqapp/101372824/2D268DDDFBF49D33C609B7E4D1D88D69/40
    [figureurl_qq_2] => http://q.qlogo.cn/qqapp/101372824/2D268DDDFBF49D33C609B7E4D1D88D69/100
    [is_yellow_vip] => 0
    [vip] => 0
    [yellow_vip_level] => 0
    [level] => 0
    [is_yellow_year_vip] => 0
)

]
[09:53:27][2017-02-03 09:53:27|||type|||qq|||qq_user_info|||Array
(
    [ret] => 0
    [msg] => 
    [is_lost] => 0
    [nickname] => ☆★☆★
    [gender] => 男
    [province] => 福建
    [city] => 
    [year] => 1988
    [figureurl] => http://qzapp.qlogo.cn/qzapp/101372824/FF931F4296E447FA5531B68FD74B2105/30
    [figureurl_1] => http://qzapp.qlogo.cn/qzapp/101372824/FF931F4296E447FA5531B68FD74B2105/50
    [figureurl_2] => http://qzapp.qlogo.cn/qzapp/101372824/FF931F4296E447FA5531B68FD74B2105/100
    [figureurl_qq_1] => http://q.qlogo.cn/qqapp/101372824/FF931F4296E447FA5531B68FD74B2105/40
    [figureurl_qq_2] => http://q.qlogo.cn/qqapp/101372824/FF931F4296E447FA5531B68FD74B2105/100
    [is_yellow_vip] => 0
    [vip] => 0
    [yellow_vip_level] => 0
    [level] => 0
    [is_yellow_year_vip] => 0
)

]
[09:59:08][2017-02-03 09:59:08|||type|||qq|||qq_user_info|||Array
(
    [ret] => 0
    [msg] => 
    [is_lost] => 0
    [nickname] => 丛林拓者
    [gender] => 男
    [province] => 
    [city] => 
    [year] => 1993
    [figureurl] => http://qzapp.qlogo.cn/qzapp/101372824/2D268DDDFBF49D33C609B7E4D1D88D69/30
    [figureurl_1] => http://qzapp.qlogo.cn/qzapp/101372824/2D268DDDFBF49D33C609B7E4D1D88D69/50
    [figureurl_2] => http://qzapp.qlogo.cn/qzapp/101372824/2D268DDDFBF49D33C609B7E4D1D88D69/100
    [figureurl_qq_1] => http://q.qlogo.cn/qqapp/101372824/2D268DDDFBF49D33C609B7E4D1D88D69/40
    [figureurl_qq_2] => http://q.qlogo.cn/qqapp/101372824/2D268DDDFBF49D33C609B7E4D1D88D69/100
    [is_yellow_vip] => 0
    [vip] => 0
    [yellow_vip_level] => 0
    [level] => 0
    [is_yellow_year_vip] => 0
)

]
[10:04:23][2017-02-03 10:04:23|||type|||wechat|||$aRs|||Array
(
    [data] => {"access_token":"tqnLWS0tK_6mcRidtqcgJe-WbWCybKUVQiTfkxpl2MsQkNwE6IofbcbqkSqaEyg_03KArJ9lhtmgA-rJjsuudWIuvJMJfKHbCJ3RqRb5A_Y","expires_in":7200,"refresh_token":"Z6mljPVQGWRPuZE5D2GKmR7w6MpbanhW_RFMMzoxXM5aDKD3wfFvnDsJFeXFJaJSlzjMEXfXBYVT4GZpQbus2UnDj8mvU7iuwGwApsMoUc0","openid":"o8QnKv9Pm3YKxVYeVxe33wedbsjc","scope":"snsapi_login","unionid":"o_DW-wAhx4vi6p7AwX1A649NNdhY"}
    [code] => 200
)

]
[10:29:48][2017-02-03 10:29:48|||type|||qq|||qq_user_info|||Array
(
    [ret] => 0
    [msg] => 
    [is_lost] => 0
    [nickname] => 白小天
    [gender] => 女
    [province] => 福建
    [city] => 福州
    [year] => 1988
    [figureurl] => http://qzapp.qlogo.cn/qzapp/101372824/58C033F4DCA536F779EBD3E6862FC574/30
    [figureurl_1] => http://qzapp.qlogo.cn/qzapp/101372824/58C033F4DCA536F779EBD3E6862FC574/50
    [figureurl_2] => http://qzapp.qlogo.cn/qzapp/101372824/58C033F4DCA536F779EBD3E6862FC574/100
    [figureurl_qq_1] => http://q.qlogo.cn/qqapp/101372824/58C033F4DCA536F779EBD3E6862FC574/40
    [figureurl_qq_2] => http://q.qlogo.cn/qqapp/101372824/58C033F4DCA536F779EBD3E6862FC574/100
    [is_yellow_vip] => 0
    [vip] => 0
    [yellow_vip_level] => 0
    [level] => 0
    [is_yellow_year_vip] => 0
)

]
[10:50:20][2017-02-03 10:50:20|||type|||qq|||qq_user_info|||Array
(
    [ret] => 0
    [msg] => 
    [is_lost] => 0
    [nickname] => 白小天
    [gender] => 女
    [province] => 福建
    [city] => 福州
    [year] => 1988
    [figureurl] => http://qzapp.qlogo.cn/qzapp/101372824/58C033F4DCA536F779EBD3E6862FC574/30
    [figureurl_1] => http://qzapp.qlogo.cn/qzapp/101372824/58C033F4DCA536F779EBD3E6862FC574/50
    [figureurl_2] => http://qzapp.qlogo.cn/qzapp/101372824/58C033F4DCA536F779EBD3E6862FC574/100
    [figureurl_qq_1] => http://q.qlogo.cn/qqapp/101372824/58C033F4DCA536F779EBD3E6862FC574/40
    [figureurl_qq_2] => http://q.qlogo.cn/qqapp/101372824/58C033F4DCA536F779EBD3E6862FC574/100
    [is_yellow_vip] => 0
    [vip] => 0
    [yellow_vip_level] => 0
    [level] => 0
    [is_yellow_year_vip] => 0
)

]
[10:53:51][2017-02-03 10:53:51|||type|||qq|||qq_user_info|||Array
(
    [ret] => 0
    [msg] => 
    [is_lost] => 0
    [nickname] => 白小天
    [gender] => 女
    [province] => 福建
    [city] => 福州
    [year] => 1988
    [figureurl] => http://qzapp.qlogo.cn/qzapp/101372824/58C033F4DCA536F779EBD3E6862FC574/30
    [figureurl_1] => http://qzapp.qlogo.cn/qzapp/101372824/58C033F4DCA536F779EBD3E6862FC574/50
    [figureurl_2] => http://qzapp.qlogo.cn/qzapp/101372824/58C033F4DCA536F779EBD3E6862FC574/100
    [figureurl_qq_1] => http://q.qlogo.cn/qqapp/101372824/58C033F4DCA536F779EBD3E6862FC574/40
    [figureurl_qq_2] => http://q.qlogo.cn/qqapp/101372824/58C033F4DCA536F779EBD3E6862FC574/100
    [is_yellow_vip] => 0
    [vip] => 0
    [yellow_vip_level] => 0
    [level] => 0
    [is_yellow_year_vip] => 0
)

]
[11:37:53][2017-02-03 11:37:53|||type|||qq|||qq_user_info|||Array
(
    [ret] => 0
    [msg] => 
    [is_lost] => 0
    [nickname] => 丛林拓者
    [gender] => 男
    [province] => 
    [city] => 
    [year] => 1993
    [figureurl] => http://qzapp.qlogo.cn/qzapp/101372824/2D268DDDFBF49D33C609B7E4D1D88D69/30
    [figureurl_1] => http://qzapp.qlogo.cn/qzapp/101372824/2D268DDDFBF49D33C609B7E4D1D88D69/50
    [figureurl_2] => http://qzapp.qlogo.cn/qzapp/101372824/2D268DDDFBF49D33C609B7E4D1D88D69/100
    [figureurl_qq_1] => http://q.qlogo.cn/qqapp/101372824/2D268DDDFBF49D33C609B7E4D1D88D69/40
    [figureurl_qq_2] => http://q.qlogo.cn/qqapp/101372824/2D268DDDFBF49D33C609B7E4D1D88D69/100
    [is_yellow_vip] => 0
    [vip] => 0
    [yellow_vip_level] => 0
    [level] => 0
    [is_yellow_year_vip] => 0
)

]
[13:14:03][2017-02-03 13:14:03|||type|||qq|||qq_user_info|||Array
(
    [ret] => 0
    [msg] => 
    [is_lost] => 0
    [nickname] => 花间一壶酒
    [gender] => 男
    [province] => 福建
    [city] => 莆田
    [year] => 1990
    [figureurl] => http://qzapp.qlogo.cn/qzapp/101372824/DBAD14A3D8E4611FCFBEA8E94119BCFD/30
    [figureurl_1] => http://qzapp.qlogo.cn/qzapp/101372824/DBAD14A3D8E4611FCFBEA8E94119BCFD/50
    [figureurl_2] => http://qzapp.qlogo.cn/qzapp/101372824/DBAD14A3D8E4611FCFBEA8E94119BCFD/100
    [figureurl_qq_1] => http://q.qlogo.cn/qqapp/101372824/DBAD14A3D8E4611FCFBEA8E94119BCFD/40
    [figureurl_qq_2] => http://q.qlogo.cn/qqapp/101372824/DBAD14A3D8E4611FCFBEA8E94119BCFD/100
    [is_yellow_vip] => 0
    [vip] => 0
    [yellow_vip_level] => 0
    [level] => 0
    [is_yellow_year_vip] => 0
)

]
[13:52:45][2017-02-03 13:52:45|||type|||qq|||qq_user_info|||Array
(
    [ret] => 0
    [msg] => 
    [is_lost] => 0
    [nickname] => 丹丹
    [gender] => 女
    [province] => 福建
    [city] => 福州
    [year] => 1984
    [figureurl] => http://qzapp.qlogo.cn/qzapp/101372824/BC17E873BBFD338178106DE8697A0478/30
    [figureurl_1] => http://qzapp.qlogo.cn/qzapp/101372824/BC17E873BBFD338178106DE8697A0478/50
    [figureurl_2] => http://qzapp.qlogo.cn/qzapp/101372824/BC17E873BBFD338178106DE8697A0478/100
    [figureurl_qq_1] => http://q.qlogo.cn/qqapp/101372824/BC17E873BBFD338178106DE8697A0478/40
    [figureurl_qq_2] => http://q.qlogo.cn/qqapp/101372824/BC17E873BBFD338178106DE8697A0478/100
    [is_yellow_vip] => 0
    [vip] => 0
    [yellow_vip_level] => 0
    [level] => 0
    [is_yellow_year_vip] => 0
)

]
[14:02:41][2017-02-03 14:02:41|||type|||qq|||qq_user_info|||Array
(
    [ret] => 0
    [msg] => 
    [is_lost] => 0
    [nickname] => 丛林拓者
    [gender] => 男
    [province] => 
    [city] => 
    [year] => 1993
    [figureurl] => http://qzapp.qlogo.cn/qzapp/101372824/2D268DDDFBF49D33C609B7E4D1D88D69/30
    [figureurl_1] => http://qzapp.qlogo.cn/qzapp/101372824/2D268DDDFBF49D33C609B7E4D1D88D69/50
    [figureurl_2] => http://qzapp.qlogo.cn/qzapp/101372824/2D268DDDFBF49D33C609B7E4D1D88D69/100
    [figureurl_qq_1] => http://q.qlogo.cn/qqapp/101372824/2D268DDDFBF49D33C609B7E4D1D88D69/40
    [figureurl_qq_2] => http://q.qlogo.cn/qqapp/101372824/2D268DDDFBF49D33C609B7E4D1D88D69/100
    [is_yellow_vip] => 0
    [vip] => 0
    [yellow_vip_level] => 0
    [level] => 0
    [is_yellow_year_vip] => 0
)

]
[14:06:44][2017-02-03 14:06:44|||type|||qq|||qq_user_info|||Array
(
    [ret] => 0
    [msg] => 
    [is_lost] => 0
    [nickname] => 丛林拓者
    [gender] => 男
    [province] => 
    [city] => 
    [year] => 1993
    [figureurl] => http://qzapp.qlogo.cn/qzapp/101372824/2D268DDDFBF49D33C609B7E4D1D88D69/30
    [figureurl_1] => http://qzapp.qlogo.cn/qzapp/101372824/2D268DDDFBF49D33C609B7E4D1D88D69/50
    [figureurl_2] => http://qzapp.qlogo.cn/qzapp/101372824/2D268DDDFBF49D33C609B7E4D1D88D69/100
    [figureurl_qq_1] => http://q.qlogo.cn/qqapp/101372824/2D268DDDFBF49D33C609B7E4D1D88D69/40
    [figureurl_qq_2] => http://q.qlogo.cn/qqapp/101372824/2D268DDDFBF49D33C609B7E4D1D88D69/100
    [is_yellow_vip] => 0
    [vip] => 0
    [yellow_vip_level] => 0
    [level] => 0
    [is_yellow_year_vip] => 0
)

]
[14:09:14][2017-02-03 14:09:14|||type|||qq|||qq_user_info|||Array
(
    [ret] => 0
    [msg] => 
    [is_lost] => 0
    [nickname] => 丛林拓者
    [gender] => 男
    [province] => 
    [city] => 
    [year] => 1993
    [figureurl] => http://qzapp.qlogo.cn/qzapp/101372824/2D268DDDFBF49D33C609B7E4D1D88D69/30
    [figureurl_1] => http://qzapp.qlogo.cn/qzapp/101372824/2D268DDDFBF49D33C609B7E4D1D88D69/50
    [figureurl_2] => http://qzapp.qlogo.cn/qzapp/101372824/2D268DDDFBF49D33C609B7E4D1D88D69/100
    [figureurl_qq_1] => http://q.qlogo.cn/qqapp/101372824/2D268DDDFBF49D33C609B7E4D1D88D69/40
    [figureurl_qq_2] => http://q.qlogo.cn/qqapp/101372824/2D268DDDFBF49D33C609B7E4D1D88D69/100
    [is_yellow_vip] => 0
    [vip] => 0
    [yellow_vip_level] => 0
    [level] => 0
    [is_yellow_year_vip] => 0
)

]
[14:10:15][2017-02-03 14:10:15|||type|||qq|||qq_user_info|||Array
(
    [ret] => 0
    [msg] => 
    [is_lost] => 0
    [nickname] => 丛林拓者
    [gender] => 男
    [province] => 
    [city] => 
    [year] => 1993
    [figureurl] => http://qzapp.qlogo.cn/qzapp/101372824/2D268DDDFBF49D33C609B7E4D1D88D69/30
    [figureurl_1] => http://qzapp.qlogo.cn/qzapp/101372824/2D268DDDFBF49D33C609B7E4D1D88D69/50
    [figureurl_2] => http://qzapp.qlogo.cn/qzapp/101372824/2D268DDDFBF49D33C609B7E4D1D88D69/100
    [figureurl_qq_1] => http://q.qlogo.cn/qqapp/101372824/2D268DDDFBF49D33C609B7E4D1D88D69/40
    [figureurl_qq_2] => http://q.qlogo.cn/qqapp/101372824/2D268DDDFBF49D33C609B7E4D1D88D69/100
    [is_yellow_vip] => 0
    [vip] => 0
    [yellow_vip_level] => 0
    [level] => 0
    [is_yellow_year_vip] => 0
)

]
[14:11:50][2017-02-03 14:11:50|||type|||qq|||qq_user_info|||Array
(
    [ret] => 0
    [msg] => 
    [is_lost] => 0
    [nickname] => 半甜的奶茶不加糖︶²
    [gender] => 女
    [province] => 湖北
    [city] => 孝感
    [year] => 1996
    [figureurl] => http://qzapp.qlogo.cn/qzapp/101372824/D9376BBC5178A90C402FD866F067D5F5/30
    [figureurl_1] => http://qzapp.qlogo.cn/qzapp/101372824/D9376BBC5178A90C402FD866F067D5F5/50
    [figureurl_2] => http://qzapp.qlogo.cn/qzapp/101372824/D9376BBC5178A90C402FD866F067D5F5/100
    [figureurl_qq_1] => http://q.qlogo.cn/qqapp/101372824/D9376BBC5178A90C402FD866F067D5F5/40
    [figureurl_qq_2] => http://q.qlogo.cn/qqapp/101372824/D9376BBC5178A90C402FD866F067D5F5/100
    [is_yellow_vip] => 0
    [vip] => 0
    [yellow_vip_level] => 0
    [level] => 0
    [is_yellow_year_vip] => 0
)

]
[14:12:22][2017-02-03 14:12:22|||type|||qq|||qq_user_info|||Array
(
    [ret] => 0
    [msg] => 
    [is_lost] => 0
    [nickname] => 丛林拓者
    [gender] => 男
    [province] => 
    [city] => 
    [year] => 1993
    [figureurl] => http://qzapp.qlogo.cn/qzapp/101372824/2D268DDDFBF49D33C609B7E4D1D88D69/30
    [figureurl_1] => http://qzapp.qlogo.cn/qzapp/101372824/2D268DDDFBF49D33C609B7E4D1D88D69/50
    [figureurl_2] => http://qzapp.qlogo.cn/qzapp/101372824/2D268DDDFBF49D33C609B7E4D1D88D69/100
    [figureurl_qq_1] => http://q.qlogo.cn/qqapp/101372824/2D268DDDFBF49D33C609B7E4D1D88D69/40
    [figureurl_qq_2] => http://q.qlogo.cn/qqapp/101372824/2D268DDDFBF49D33C609B7E4D1D88D69/100
    [is_yellow_vip] => 0
    [vip] => 0
    [yellow_vip_level] => 0
    [level] => 0
    [is_yellow_year_vip] => 0
)

]
[14:15:09][2017-02-03 14:15:09|||type|||qq|||qq_user_info|||Array
(
    [ret] => 0
    [msg] => 
    [is_lost] => 0
    [nickname] => 丛林拓者
    [gender] => 男
    [province] => 
    [city] => 
    [year] => 1993
    [figureurl] => http://qzapp.qlogo.cn/qzapp/101372824/2D268DDDFBF49D33C609B7E4D1D88D69/30
    [figureurl_1] => http://qzapp.qlogo.cn/qzapp/101372824/2D268DDDFBF49D33C609B7E4D1D88D69/50
    [figureurl_2] => http://qzapp.qlogo.cn/qzapp/101372824/2D268DDDFBF49D33C609B7E4D1D88D69/100
    [figureurl_qq_1] => http://q.qlogo.cn/qqapp/101372824/2D268DDDFBF49D33C609B7E4D1D88D69/40
    [figureurl_qq_2] => http://q.qlogo.cn/qqapp/101372824/2D268DDDFBF49D33C609B7E4D1D88D69/100
    [is_yellow_vip] => 0
    [vip] => 0
    [yellow_vip_level] => 0
    [level] => 0
    [is_yellow_year_vip] => 0
)

]
[14:21:22][2017-02-03 14:21:22|||type|||qq|||qq_user_info|||Array
(
    [ret] => 0
    [msg] => 
    [is_lost] => 0
    [nickname] => 丛林拓者
    [gender] => 男
    [province] => 
    [city] => 
    [year] => 1993
    [figureurl] => http://qzapp.qlogo.cn/qzapp/101372824/2D268DDDFBF49D33C609B7E4D1D88D69/30
    [figureurl_1] => http://qzapp.qlogo.cn/qzapp/101372824/2D268DDDFBF49D33C609B7E4D1D88D69/50
    [figureurl_2] => http://qzapp.qlogo.cn/qzapp/101372824/2D268DDDFBF49D33C609B7E4D1D88D69/100
    [figureurl_qq_1] => http://q.qlogo.cn/qqapp/101372824/2D268DDDFBF49D33C609B7E4D1D88D69/40
    [figureurl_qq_2] => http://q.qlogo.cn/qqapp/101372824/2D268DDDFBF49D33C609B7E4D1D88D69/100
    [is_yellow_vip] => 0
    [vip] => 0
    [yellow_vip_level] => 0
    [level] => 0
    [is_yellow_year_vip] => 0
)

]
[14:25:19][2017-02-03 14:25:19|||type|||qq|||qq_user_info|||Array
(
    [ret] => 0
    [msg] => 
    [is_lost] => 0
    [nickname] => 丛林拓者
    [gender] => 男
    [province] => 
    [city] => 
    [year] => 1993
    [figureurl] => http://qzapp.qlogo.cn/qzapp/101372824/2D268DDDFBF49D33C609B7E4D1D88D69/30
    [figureurl_1] => http://qzapp.qlogo.cn/qzapp/101372824/2D268DDDFBF49D33C609B7E4D1D88D69/50
    [figureurl_2] => http://qzapp.qlogo.cn/qzapp/101372824/2D268DDDFBF49D33C609B7E4D1D88D69/100
    [figureurl_qq_1] => http://q.qlogo.cn/qqapp/101372824/2D268DDDFBF49D33C609B7E4D1D88D69/40
    [figureurl_qq_2] => http://q.qlogo.cn/qqapp/101372824/2D268DDDFBF49D33C609B7E4D1D88D69/100
    [is_yellow_vip] => 0
    [vip] => 0
    [yellow_vip_level] => 0
    [level] => 0
    [is_yellow_year_vip] => 0
)

]
[14:26:10][2017-02-03 14:26:10|||type|||qq|||qq_user_info|||Array
(
    [ret] => 0
    [msg] => 
    [is_lost] => 0
    [nickname] => 丛林拓者
    [gender] => 男
    [province] => 
    [city] => 
    [year] => 1993
    [figureurl] => http://qzapp.qlogo.cn/qzapp/101372824/2D268DDDFBF49D33C609B7E4D1D88D69/30
    [figureurl_1] => http://qzapp.qlogo.cn/qzapp/101372824/2D268DDDFBF49D33C609B7E4D1D88D69/50
    [figureurl_2] => http://qzapp.qlogo.cn/qzapp/101372824/2D268DDDFBF49D33C609B7E4D1D88D69/100
    [figureurl_qq_1] => http://q.qlogo.cn/qqapp/101372824/2D268DDDFBF49D33C609B7E4D1D88D69/40
    [figureurl_qq_2] => http://q.qlogo.cn/qqapp/101372824/2D268DDDFBF49D33C609B7E4D1D88D69/100
    [is_yellow_vip] => 0
    [vip] => 0
    [yellow_vip_level] => 0
    [level] => 0
    [is_yellow_year_vip] => 0
)

]
[14:28:34][2017-02-03 14:28:34|||type|||qq|||qq_user_info|||Array
(
    [ret] => 0
    [msg] => 
    [is_lost] => 0
    [nickname] => 丛林拓者
    [gender] => 男
    [province] => 
    [city] => 
    [year] => 1993
    [figureurl] => http://qzapp.qlogo.cn/qzapp/101372824/2D268DDDFBF49D33C609B7E4D1D88D69/30
    [figureurl_1] => http://qzapp.qlogo.cn/qzapp/101372824/2D268DDDFBF49D33C609B7E4D1D88D69/50
    [figureurl_2] => http://qzapp.qlogo.cn/qzapp/101372824/2D268DDDFBF49D33C609B7E4D1D88D69/100
    [figureurl_qq_1] => http://q.qlogo.cn/qqapp/101372824/2D268DDDFBF49D33C609B7E4D1D88D69/40
    [figureurl_qq_2] => http://q.qlogo.cn/qqapp/101372824/2D268DDDFBF49D33C609B7E4D1D88D69/100
    [is_yellow_vip] => 0
    [vip] => 0
    [yellow_vip_level] => 0
    [level] => 0
    [is_yellow_year_vip] => 0
)

]
[14:31:42][2017-02-03 14:31:42|||type|||qq|||qq_user_info|||Array
(
    [ret] => 0
    [msg] => 
    [is_lost] => 0
    [nickname] => 丛林拓者
    [gender] => 男
    [province] => 
    [city] => 
    [year] => 1993
    [figureurl] => http://qzapp.qlogo.cn/qzapp/101372824/2D268DDDFBF49D33C609B7E4D1D88D69/30
    [figureurl_1] => http://qzapp.qlogo.cn/qzapp/101372824/2D268DDDFBF49D33C609B7E4D1D88D69/50
    [figureurl_2] => http://qzapp.qlogo.cn/qzapp/101372824/2D268DDDFBF49D33C609B7E4D1D88D69/100
    [figureurl_qq_1] => http://q.qlogo.cn/qqapp/101372824/2D268DDDFBF49D33C609B7E4D1D88D69/40
    [figureurl_qq_2] => http://q.qlogo.cn/qqapp/101372824/2D268DDDFBF49D33C609B7E4D1D88D69/100
    [is_yellow_vip] => 0
    [vip] => 0
    [yellow_vip_level] => 0
    [level] => 0
    [is_yellow_year_vip] => 0
)

]
[14:41:15][2017-02-03 14:41:15|||type|||qq|||qq_user_info|||Array
(
    [ret] => 0
    [msg] => 
    [is_lost] => 0
    [nickname] => 丛林拓者
    [gender] => 男
    [province] => 
    [city] => 
    [year] => 1993
    [figureurl] => http://qzapp.qlogo.cn/qzapp/101372824/2D268DDDFBF49D33C609B7E4D1D88D69/30
    [figureurl_1] => http://qzapp.qlogo.cn/qzapp/101372824/2D268DDDFBF49D33C609B7E4D1D88D69/50
    [figureurl_2] => http://qzapp.qlogo.cn/qzapp/101372824/2D268DDDFBF49D33C609B7E4D1D88D69/100
    [figureurl_qq_1] => http://q.qlogo.cn/qqapp/101372824/2D268DDDFBF49D33C609B7E4D1D88D69/40
    [figureurl_qq_2] => http://q.qlogo.cn/qqapp/101372824/2D268DDDFBF49D33C609B7E4D1D88D69/100
    [is_yellow_vip] => 0
    [vip] => 0
    [yellow_vip_level] => 0
    [level] => 0
    [is_yellow_year_vip] => 0
)

]
[14:41:53][2017-02-03 14:41:53|||type|||qq|||qq_user_info|||Array
(
    [ret] => 0
    [msg] => 
    [is_lost] => 0
    [nickname] => 丛林拓者
    [gender] => 男
    [province] => 
    [city] => 
    [year] => 1993
    [figureurl] => http://qzapp.qlogo.cn/qzapp/101372824/2D268DDDFBF49D33C609B7E4D1D88D69/30
    [figureurl_1] => http://qzapp.qlogo.cn/qzapp/101372824/2D268DDDFBF49D33C609B7E4D1D88D69/50
    [figureurl_2] => http://qzapp.qlogo.cn/qzapp/101372824/2D268DDDFBF49D33C609B7E4D1D88D69/100
    [figureurl_qq_1] => http://q.qlogo.cn/qqapp/101372824/2D268DDDFBF49D33C609B7E4D1D88D69/40
    [figureurl_qq_2] => http://q.qlogo.cn/qqapp/101372824/2D268DDDFBF49D33C609B7E4D1D88D69/100
    [is_yellow_vip] => 0
    [vip] => 0
    [yellow_vip_level] => 0
    [level] => 0
    [is_yellow_year_vip] => 0
)

]
[14:42:45][2017-02-03 14:42:45|||type|||qq|||qq_user_info|||Array
(
    [ret] => 0
    [msg] => 
    [is_lost] => 0
    [nickname] => 丛林拓者
    [gender] => 男
    [province] => 
    [city] => 
    [year] => 1993
    [figureurl] => http://qzapp.qlogo.cn/qzapp/101372824/2D268DDDFBF49D33C609B7E4D1D88D69/30
    [figureurl_1] => http://qzapp.qlogo.cn/qzapp/101372824/2D268DDDFBF49D33C609B7E4D1D88D69/50
    [figureurl_2] => http://qzapp.qlogo.cn/qzapp/101372824/2D268DDDFBF49D33C609B7E4D1D88D69/100
    [figureurl_qq_1] => http://q.qlogo.cn/qqapp/101372824/2D268DDDFBF49D33C609B7E4D1D88D69/40
    [figureurl_qq_2] => http://q.qlogo.cn/qqapp/101372824/2D268DDDFBF49D33C609B7E4D1D88D69/100
    [is_yellow_vip] => 0
    [vip] => 0
    [yellow_vip_level] => 0
    [level] => 0
    [is_yellow_year_vip] => 0
)

]
[14:46:25][2017-02-03 14:46:25|||type|||qq|||qq_user_info|||Array
(
    [ret] => 0
    [msg] => 
    [is_lost] => 0
    [nickname] => 丛林拓者
    [gender] => 男
    [province] => 
    [city] => 
    [year] => 1993
    [figureurl] => http://qzapp.qlogo.cn/qzapp/101372824/2D268DDDFBF49D33C609B7E4D1D88D69/30
    [figureurl_1] => http://qzapp.qlogo.cn/qzapp/101372824/2D268DDDFBF49D33C609B7E4D1D88D69/50
    [figureurl_2] => http://qzapp.qlogo.cn/qzapp/101372824/2D268DDDFBF49D33C609B7E4D1D88D69/100
    [figureurl_qq_1] => http://q.qlogo.cn/qqapp/101372824/2D268DDDFBF49D33C609B7E4D1D88D69/40
    [figureurl_qq_2] => http://q.qlogo.cn/qqapp/101372824/2D268DDDFBF49D33C609B7E4D1D88D69/100
    [is_yellow_vip] => 0
    [vip] => 0
    [yellow_vip_level] => 0
    [level] => 0
    [is_yellow_year_vip] => 0
)

]
[14:53:46][2017-02-03 14:53:46|||type|||qq|||qq_user_info|||Array
(
    [ret] => 0
    [msg] => 
    [is_lost] => 0
    [nickname] => 丛林拓者
    [gender] => 男
    [province] => 
    [city] => 
    [year] => 1993
    [figureurl] => http://qzapp.qlogo.cn/qzapp/101372824/2D268DDDFBF49D33C609B7E4D1D88D69/30
    [figureurl_1] => http://qzapp.qlogo.cn/qzapp/101372824/2D268DDDFBF49D33C609B7E4D1D88D69/50
    [figureurl_2] => http://qzapp.qlogo.cn/qzapp/101372824/2D268DDDFBF49D33C609B7E4D1D88D69/100
    [figureurl_qq_1] => http://q.qlogo.cn/qqapp/101372824/2D268DDDFBF49D33C609B7E4D1D88D69/40
    [figureurl_qq_2] => http://q.qlogo.cn/qqapp/101372824/2D268DDDFBF49D33C609B7E4D1D88D69/100
    [is_yellow_vip] => 0
    [vip] => 0
    [yellow_vip_level] => 0
    [level] => 0
    [is_yellow_year_vip] => 0
)

]
[14:55:05][2017-02-03 14:55:05|||type|||qq|||qq_user_info|||Array
(
    [ret] => 0
    [msg] => 
    [is_lost] => 0
    [nickname] => 丛林拓者
    [gender] => 男
    [province] => 
    [city] => 
    [year] => 1993
    [figureurl] => http://qzapp.qlogo.cn/qzapp/101372824/2D268DDDFBF49D33C609B7E4D1D88D69/30
    [figureurl_1] => http://qzapp.qlogo.cn/qzapp/101372824/2D268DDDFBF49D33C609B7E4D1D88D69/50
    [figureurl_2] => http://qzapp.qlogo.cn/qzapp/101372824/2D268DDDFBF49D33C609B7E4D1D88D69/100
    [figureurl_qq_1] => http://q.qlogo.cn/qqapp/101372824/2D268DDDFBF49D33C609B7E4D1D88D69/40
    [figureurl_qq_2] => http://q.qlogo.cn/qqapp/101372824/2D268DDDFBF49D33C609B7E4D1D88D69/100
    [is_yellow_vip] => 0
    [vip] => 0
    [yellow_vip_level] => 0
    [level] => 0
    [is_yellow_year_vip] => 0
)

]
[14:58:03][2017-02-03 14:58:03|||type|||qq|||qq_user_info|||Array
(
    [ret] => 0
    [msg] => 
    [is_lost] => 0
    [nickname] => 丛林拓者
    [gender] => 男
    [province] => 
    [city] => 
    [year] => 1993
    [figureurl] => http://qzapp.qlogo.cn/qzapp/101372824/2D268DDDFBF49D33C609B7E4D1D88D69/30
    [figureurl_1] => http://qzapp.qlogo.cn/qzapp/101372824/2D268DDDFBF49D33C609B7E4D1D88D69/50
    [figureurl_2] => http://qzapp.qlogo.cn/qzapp/101372824/2D268DDDFBF49D33C609B7E4D1D88D69/100
    [figureurl_qq_1] => http://q.qlogo.cn/qqapp/101372824/2D268DDDFBF49D33C609B7E4D1D88D69/40
    [figureurl_qq_2] => http://q.qlogo.cn/qqapp/101372824/2D268DDDFBF49D33C609B7E4D1D88D69/100
    [is_yellow_vip] => 0
    [vip] => 0
    [yellow_vip_level] => 0
    [level] => 0
    [is_yellow_year_vip] => 0
)

]
[15:00:38][2017-02-03 15:00:38|||type|||qq|||qq_user_info|||Array
(
    [ret] => 0
    [msg] => 
    [is_lost] => 0
    [nickname] => 丛林拓者
    [gender] => 男
    [province] => 
    [city] => 
    [year] => 1993
    [figureurl] => http://qzapp.qlogo.cn/qzapp/101372824/2D268DDDFBF49D33C609B7E4D1D88D69/30
    [figureurl_1] => http://qzapp.qlogo.cn/qzapp/101372824/2D268DDDFBF49D33C609B7E4D1D88D69/50
    [figureurl_2] => http://qzapp.qlogo.cn/qzapp/101372824/2D268DDDFBF49D33C609B7E4D1D88D69/100
    [figureurl_qq_1] => http://q.qlogo.cn/qqapp/101372824/2D268DDDFBF49D33C609B7E4D1D88D69/40
    [figureurl_qq_2] => http://q.qlogo.cn/qqapp/101372824/2D268DDDFBF49D33C609B7E4D1D88D69/100
    [is_yellow_vip] => 0
    [vip] => 0
    [yellow_vip_level] => 0
    [level] => 0
    [is_yellow_year_vip] => 0
)

]
[15:01:22][2017-02-03 15:01:22|||type|||qq|||qq_user_info|||Array
(
    [ret] => 0
    [msg] => 
    [is_lost] => 0
    [nickname] => 丛林拓者
    [gender] => 男
    [province] => 
    [city] => 
    [year] => 1993
    [figureurl] => http://qzapp.qlogo.cn/qzapp/101372824/2D268DDDFBF49D33C609B7E4D1D88D69/30
    [figureurl_1] => http://qzapp.qlogo.cn/qzapp/101372824/2D268DDDFBF49D33C609B7E4D1D88D69/50
    [figureurl_2] => http://qzapp.qlogo.cn/qzapp/101372824/2D268DDDFBF49D33C609B7E4D1D88D69/100
    [figureurl_qq_1] => http://q.qlogo.cn/qqapp/101372824/2D268DDDFBF49D33C609B7E4D1D88D69/40
    [figureurl_qq_2] => http://q.qlogo.cn/qqapp/101372824/2D268DDDFBF49D33C609B7E4D1D88D69/100
    [is_yellow_vip] => 0
    [vip] => 0
    [yellow_vip_level] => 0
    [level] => 0
    [is_yellow_year_vip] => 0
)

]
[15:01:56][2017-02-03 15:01:56|||type|||qq|||qq_user_info|||Array
(
    [ret] => 0
    [msg] => 
    [is_lost] => 0
    [nickname] => 丛林拓者
    [gender] => 男
    [province] => 
    [city] => 
    [year] => 1993
    [figureurl] => http://qzapp.qlogo.cn/qzapp/101372824/2D268DDDFBF49D33C609B7E4D1D88D69/30
    [figureurl_1] => http://qzapp.qlogo.cn/qzapp/101372824/2D268DDDFBF49D33C609B7E4D1D88D69/50
    [figureurl_2] => http://qzapp.qlogo.cn/qzapp/101372824/2D268DDDFBF49D33C609B7E4D1D88D69/100
    [figureurl_qq_1] => http://q.qlogo.cn/qqapp/101372824/2D268DDDFBF49D33C609B7E4D1D88D69/40
    [figureurl_qq_2] => http://q.qlogo.cn/qqapp/101372824/2D268DDDFBF49D33C609B7E4D1D88D69/100
    [is_yellow_vip] => 0
    [vip] => 0
    [yellow_vip_level] => 0
    [level] => 0
    [is_yellow_year_vip] => 0
)

]
[15:03:53][2017-02-03 15:03:53|||type|||qq|||qq_user_info|||Array
(
    [ret] => 0
    [msg] => 
    [is_lost] => 0
    [nickname] => 丛林拓者
    [gender] => 男
    [province] => 
    [city] => 
    [year] => 1993
    [figureurl] => http://qzapp.qlogo.cn/qzapp/101372824/2D268DDDFBF49D33C609B7E4D1D88D69/30
    [figureurl_1] => http://qzapp.qlogo.cn/qzapp/101372824/2D268DDDFBF49D33C609B7E4D1D88D69/50
    [figureurl_2] => http://qzapp.qlogo.cn/qzapp/101372824/2D268DDDFBF49D33C609B7E4D1D88D69/100
    [figureurl_qq_1] => http://q.qlogo.cn/qqapp/101372824/2D268DDDFBF49D33C609B7E4D1D88D69/40
    [figureurl_qq_2] => http://q.qlogo.cn/qqapp/101372824/2D268DDDFBF49D33C609B7E4D1D88D69/100
    [is_yellow_vip] => 0
    [vip] => 0
    [yellow_vip_level] => 0
    [level] => 0
    [is_yellow_year_vip] => 0
)

]
[15:04:37][2017-02-03 15:04:37|||type|||wechat|||$aRs|||Array
(
    [data] => {"access_token":"-sh01n0KNXuPcbOxnHrJKYyl7B_p9hHWle6C1b_C9VOqkPG5PV54qV1zZC1Mml_kT0fJSc8fkVICdG6HCzAuPfkrv4UjSr3LvEs30PsmcKs","expires_in":7200,"refresh_token":"o_d2fi5VWW4YWNgDGfOtlQ3y9jbSNbI-5I6S7GAM3a9ogbfOOch6MmQ0DgusdiEVPFJO1XmcuUyZ_LKTsuHyexs8ztBNj_lfEbT-79hYCZM","openid":"o8QnKv9Pm3YKxVYeVxe33wedbsjc","scope":"snsapi_login","unionid":"o_DW-wAhx4vi6p7AwX1A649NNdhY"}
    [code] => 200
)

]
[15:51:06][2017-02-03 15:51:06|||type|||qq|||qq_user_info|||Array
(
    [ret] => 0
    [msg] => 
    [is_lost] => 0
    [nickname] => 武汉-测试-江子晗
    [gender] => 女
    [province] => 
    [city] => 
    [year] => 1992
    [figureurl] => http://qzapp.qlogo.cn/qzapp/101372824/44671123B24E4430B74C509DFE52ED85/30
    [figureurl_1] => http://qzapp.qlogo.cn/qzapp/101372824/44671123B24E4430B74C509DFE52ED85/50
    [figureurl_2] => http://qzapp.qlogo.cn/qzapp/101372824/44671123B24E4430B74C509DFE52ED85/100
    [figureurl_qq_1] => http://q.qlogo.cn/qqapp/101372824/44671123B24E4430B74C509DFE52ED85/40
    [figureurl_qq_2] => http://q.qlogo.cn/qqapp/101372824/44671123B24E4430B74C509DFE52ED85/100
    [is_yellow_vip] => 0
    [vip] => 0
    [yellow_vip_level] => 0
    [level] => 0
    [is_yellow_year_vip] => 0
)

]
[15:52:53][2017-02-03 15:52:53|||type|||qq|||qq_user_info|||Array
(
    [ret] => 0
    [msg] => 
    [is_lost] => 0
    [nickname] => 半甜的奶茶不加糖︶²
    [gender] => 女
    [province] => 湖北
    [city] => 孝感
    [year] => 1996
    [figureurl] => http://qzapp.qlogo.cn/qzapp/101372824/D9376BBC5178A90C402FD866F067D5F5/30
    [figureurl_1] => http://qzapp.qlogo.cn/qzapp/101372824/D9376BBC5178A90C402FD866F067D5F5/50
    [figureurl_2] => http://qzapp.qlogo.cn/qzapp/101372824/D9376BBC5178A90C402FD866F067D5F5/100
    [figureurl_qq_1] => http://q.qlogo.cn/qqapp/101372824/D9376BBC5178A90C402FD866F067D5F5/40
    [figureurl_qq_2] => http://q.qlogo.cn/qqapp/101372824/D9376BBC5178A90C402FD866F067D5F5/100
    [is_yellow_vip] => 0
    [vip] => 0
    [yellow_vip_level] => 0
    [level] => 0
    [is_yellow_year_vip] => 0
)

]
[16:01:03][2017-02-03 16:01:03|||type|||qq|||qq_user_info|||Array
(
    [ret] => 0
    [msg] => 
    [is_lost] => 0
    [nickname] => 半甜的奶茶不加糖︶²
    [gender] => 女
    [province] => 湖北
    [city] => 孝感
    [year] => 1996
    [figureurl] => http://qzapp.qlogo.cn/qzapp/101372824/D9376BBC5178A90C402FD866F067D5F5/30
    [figureurl_1] => http://qzapp.qlogo.cn/qzapp/101372824/D9376BBC5178A90C402FD866F067D5F5/50
    [figureurl_2] => http://qzapp.qlogo.cn/qzapp/101372824/D9376BBC5178A90C402FD866F067D5F5/100
    [figureurl_qq_1] => http://q.qlogo.cn/qqapp/101372824/D9376BBC5178A90C402FD866F067D5F5/40
    [figureurl_qq_2] => http://q.qlogo.cn/qqapp/101372824/D9376BBC5178A90C402FD866F067D5F5/100
    [is_yellow_vip] => 0
    [vip] => 0
    [yellow_vip_level] => 0
    [level] => 0
    [is_yellow_year_vip] => 0
)

]
[16:45:27][2017-02-03 16:45:27|||type|||qq|||qq_user_info|||Array
(
    [ret] => 0
    [msg] => 
    [is_lost] => 0
    [nickname] => 白小天
    [gender] => 女
    [province] => 福建
    [city] => 福州
    [year] => 1988
    [figureurl] => http://qzapp.qlogo.cn/qzapp/101372824/58C033F4DCA536F779EBD3E6862FC574/30
    [figureurl_1] => http://qzapp.qlogo.cn/qzapp/101372824/58C033F4DCA536F779EBD3E6862FC574/50
    [figureurl_2] => http://qzapp.qlogo.cn/qzapp/101372824/58C033F4DCA536F779EBD3E6862FC574/100
    [figureurl_qq_1] => http://q.qlogo.cn/qqapp/101372824/58C033F4DCA536F779EBD3E6862FC574/40
    [figureurl_qq_2] => http://q.qlogo.cn/qqapp/101372824/58C033F4DCA536F779EBD3E6862FC574/100
    [is_yellow_vip] => 0
    [vip] => 0
    [yellow_vip_level] => 0
    [level] => 0
    [is_yellow_year_vip] => 0
)

]
[17:25:07][2017-02-03 17:25:07|||type|||qq|||qq_user_info|||Array
(
    [ret] => 0
    [msg] => 
    [is_lost] => 0
    [nickname] => ☆★☆★
    [gender] => 男
    [province] => 福建
    [city] => 
    [year] => 1988
    [figureurl] => http://qzapp.qlogo.cn/qzapp/101372824/FF931F4296E447FA5531B68FD74B2105/30
    [figureurl_1] => http://qzapp.qlogo.cn/qzapp/101372824/FF931F4296E447FA5531B68FD74B2105/50
    [figureurl_2] => http://qzapp.qlogo.cn/qzapp/101372824/FF931F4296E447FA5531B68FD74B2105/100
    [figureurl_qq_1] => http://q.qlogo.cn/qqapp/101372824/FF931F4296E447FA5531B68FD74B2105/40
    [figureurl_qq_2] => http://q.qlogo.cn/qqapp/101372824/FF931F4296E447FA5531B68FD74B2105/100
    [is_yellow_vip] => 0
    [vip] => 0
    [yellow_vip_level] => 0
    [level] => 0
    [is_yellow_year_vip] => 0
)

]
[17:27:43][2017-02-03 17:27:43|||type|||qq|||qq_user_info|||Array
(
    [ret] => 0
    [msg] => 
    [is_lost] => 0
    [nickname] => ☆★☆★
    [gender] => 男
    [province] => 福建
    [city] => 
    [year] => 1988
    [figureurl] => http://qzapp.qlogo.cn/qzapp/101372824/FF931F4296E447FA5531B68FD74B2105/30
    [figureurl_1] => http://qzapp.qlogo.cn/qzapp/101372824/FF931F4296E447FA5531B68FD74B2105/50
    [figureurl_2] => http://qzapp.qlogo.cn/qzapp/101372824/FF931F4296E447FA5531B68FD74B2105/100
    [figureurl_qq_1] => http://q.qlogo.cn/qqapp/101372824/FF931F4296E447FA5531B68FD74B2105/40
    [figureurl_qq_2] => http://q.qlogo.cn/qqapp/101372824/FF931F4296E447FA5531B68FD74B2105/100
    [is_yellow_vip] => 0
    [vip] => 0
    [yellow_vip_level] => 0
    [level] => 0
    [is_yellow_year_vip] => 0
)

]
[17:35:26][2017-02-03 17:35:26|||type|||qq|||qq_user_info|||Array
(
    [ret] => 0
    [msg] => 
    [is_lost] => 0
    [nickname] => ☆★☆★
    [gender] => 男
    [province] => 福建
    [city] => 
    [year] => 1988
    [figureurl] => http://qzapp.qlogo.cn/qzapp/101372824/FF931F4296E447FA5531B68FD74B2105/30
    [figureurl_1] => http://qzapp.qlogo.cn/qzapp/101372824/FF931F4296E447FA5531B68FD74B2105/50
    [figureurl_2] => http://qzapp.qlogo.cn/qzapp/101372824/FF931F4296E447FA5531B68FD74B2105/100
    [figureurl_qq_1] => http://q.qlogo.cn/qqapp/101372824/FF931F4296E447FA5531B68FD74B2105/40
    [figureurl_qq_2] => http://q.qlogo.cn/qqapp/101372824/FF931F4296E447FA5531B68FD74B2105/100
    [is_yellow_vip] => 0
    [vip] => 0
    [yellow_vip_level] => 0
    [level] => 0
    [is_yellow_year_vip] => 0
)

]
[17:42:03][2017-02-03 17:42:03|||type|||qq|||qq_user_info|||Array
(
    [ret] => 0
    [msg] => 
    [is_lost] => 0
    [nickname] => ☆★☆★
    [gender] => 男
    [province] => 福建
    [city] => 
    [year] => 1988
    [figureurl] => http://qzapp.qlogo.cn/qzapp/101372824/FF931F4296E447FA5531B68FD74B2105/30
    [figureurl_1] => http://qzapp.qlogo.cn/qzapp/101372824/FF931F4296E447FA5531B68FD74B2105/50
    [figureurl_2] => http://qzapp.qlogo.cn/qzapp/101372824/FF931F4296E447FA5531B68FD74B2105/100
    [figureurl_qq_1] => http://q.qlogo.cn/qqapp/101372824/FF931F4296E447FA5531B68FD74B2105/40
    [figureurl_qq_2] => http://q.qlogo.cn/qqapp/101372824/FF931F4296E447FA5531B68FD74B2105/100
    [is_yellow_vip] => 0
    [vip] => 0
    [yellow_vip_level] => 0
    [level] => 0
    [is_yellow_year_vip] => 0
)

]
[17:48:57][2017-02-03 17:48:57|||type|||qq|||qq_user_info|||Array
(
    [ret] => 0
    [msg] => 
    [is_lost] => 0
    [nickname] => ☆★☆★
    [gender] => 男
    [province] => 福建
    [city] => 
    [year] => 1988
    [figureurl] => http://qzapp.qlogo.cn/qzapp/101372824/FF931F4296E447FA5531B68FD74B2105/30
    [figureurl_1] => http://qzapp.qlogo.cn/qzapp/101372824/FF931F4296E447FA5531B68FD74B2105/50
    [figureurl_2] => http://qzapp.qlogo.cn/qzapp/101372824/FF931F4296E447FA5531B68FD74B2105/100
    [figureurl_qq_1] => http://q.qlogo.cn/qqapp/101372824/FF931F4296E447FA5531B68FD74B2105/40
    [figureurl_qq_2] => http://q.qlogo.cn/qqapp/101372824/FF931F4296E447FA5531B68FD74B2105/100
    [is_yellow_vip] => 0
    [vip] => 0
    [yellow_vip_level] => 0
    [level] => 0
    [is_yellow_year_vip] => 0
)

]
[17:49:25][2017-02-03 17:49:25|||type|||qq|||qq_user_info|||Array
(
    [ret] => 0
    [msg] => 
    [is_lost] => 0
    [nickname] => ☆★☆★
    [gender] => 男
    [province] => 福建
    [city] => 
    [year] => 1988
    [figureurl] => http://qzapp.qlogo.cn/qzapp/101372824/FF931F4296E447FA5531B68FD74B2105/30
    [figureurl_1] => http://qzapp.qlogo.cn/qzapp/101372824/FF931F4296E447FA5531B68FD74B2105/50
    [figureurl_2] => http://qzapp.qlogo.cn/qzapp/101372824/FF931F4296E447FA5531B68FD74B2105/100
    [figureurl_qq_1] => http://q.qlogo.cn/qqapp/101372824/FF931F4296E447FA5531B68FD74B2105/40
    [figureurl_qq_2] => http://q.qlogo.cn/qqapp/101372824/FF931F4296E447FA5531B68FD74B2105/100
    [is_yellow_vip] => 0
    [vip] => 0
    [yellow_vip_level] => 0
    [level] => 0
    [is_yellow_year_vip] => 0
)

]
