[09:30:36][2017-02-13 09:30:36|||type|||qq|||qq_user_info|||Array
(
    [ret] => 0
    [msg] => 
    [is_lost] => 0
    [nickname] => 丛林拓者
    [gender] => 男
    [province] => 
    [city] => 
    [year] => 1993
    [figureurl] => http://qzapp.qlogo.cn/qzapp/101372824/2D268DDDFBF49D33C609B7E4D1D88D69/30
    [figureurl_1] => http://qzapp.qlogo.cn/qzapp/101372824/2D268DDDFBF49D33C609B7E4D1D88D69/50
    [figureurl_2] => http://qzapp.qlogo.cn/qzapp/101372824/2D268DDDFBF49D33C609B7E4D1D88D69/100
    [figureurl_qq_1] => http://q.qlogo.cn/qqapp/101372824/2D268DDDFBF49D33C609B7E4D1D88D69/40
    [figureurl_qq_2] => http://q.qlogo.cn/qqapp/101372824/2D268DDDFBF49D33C609B7E4D1D88D69/100
    [is_yellow_vip] => 1
    [vip] => 1
    [yellow_vip_level] => 1
    [level] => 1
    [is_yellow_year_vip] => 0
)

]
[10:24:08][2017-02-13 10:24:08|||type|||qq|||qq_user_info|||Array
(
    [ret] => 0
    [msg] => 
    [is_lost] => 0
    [nickname] => ☆★☆★
    [gender] => 男
    [province] => 福建
    [city] => 
    [year] => 1988
    [figureurl] => http://qzapp.qlogo.cn/qzapp/101372824/FF931F4296E447FA5531B68FD74B2105/30
    [figureurl_1] => http://qzapp.qlogo.cn/qzapp/101372824/FF931F4296E447FA5531B68FD74B2105/50
    [figureurl_2] => http://qzapp.qlogo.cn/qzapp/101372824/FF931F4296E447FA5531B68FD74B2105/100
    [figureurl_qq_1] => http://q.qlogo.cn/qqapp/101372824/FF931F4296E447FA5531B68FD74B2105/40
    [figureurl_qq_2] => http://q.qlogo.cn/qqapp/101372824/FF931F4296E447FA5531B68FD74B2105/100
    [is_yellow_vip] => 0
    [vip] => 0
    [yellow_vip_level] => 0
    [level] => 0
    [is_yellow_year_vip] => 0
)

]
[10:28:48][2017-02-13 10:28:48|||type|||qq|||qq_user_info|||Array
(
    [ret] => 0
    [msg] => 
    [is_lost] => 0
    [nickname] => ☆★☆★
    [gender] => 男
    [province] => 福建
    [city] => 
    [year] => 1988
    [figureurl] => http://qzapp.qlogo.cn/qzapp/101372824/FF931F4296E447FA5531B68FD74B2105/30
    [figureurl_1] => http://qzapp.qlogo.cn/qzapp/101372824/FF931F4296E447FA5531B68FD74B2105/50
    [figureurl_2] => http://qzapp.qlogo.cn/qzapp/101372824/FF931F4296E447FA5531B68FD74B2105/100
    [figureurl_qq_1] => http://q.qlogo.cn/qqapp/101372824/FF931F4296E447FA5531B68FD74B2105/40
    [figureurl_qq_2] => http://q.qlogo.cn/qqapp/101372824/FF931F4296E447FA5531B68FD74B2105/100
    [is_yellow_vip] => 0
    [vip] => 0
    [yellow_vip_level] => 0
    [level] => 0
    [is_yellow_year_vip] => 0
)

]
[10:34:06][2017-02-13 10:34:06|||type|||qq|||qq_user_info|||Array
(
    [ret] => 0
    [msg] => 
    [is_lost] => 0
    [nickname] => 白小天
    [gender] => 女
    [province] => 福建
    [city] => 福州
    [year] => 1988
    [figureurl] => http://qzapp.qlogo.cn/qzapp/101372824/58C033F4DCA536F779EBD3E6862FC574/30
    [figureurl_1] => http://qzapp.qlogo.cn/qzapp/101372824/58C033F4DCA536F779EBD3E6862FC574/50
    [figureurl_2] => http://qzapp.qlogo.cn/qzapp/101372824/58C033F4DCA536F779EBD3E6862FC574/100
    [figureurl_qq_1] => http://q.qlogo.cn/qqapp/101372824/58C033F4DCA536F779EBD3E6862FC574/40
    [figureurl_qq_2] => http://q.qlogo.cn/qqapp/101372824/58C033F4DCA536F779EBD3E6862FC574/100
    [is_yellow_vip] => 0
    [vip] => 0
    [yellow_vip_level] => 0
    [level] => 0
    [is_yellow_year_vip] => 0
)

]
[10:53:00][2017-02-13 10:53:00|||type|||qq|||qq_user_info|||Array
(
    [ret] => 0
    [msg] => 
    [is_lost] => 0
    [nickname] => 武汉-测试-江子晗
    [gender] => 女
    [province] => 
    [city] => 
    [year] => 1992
    [figureurl] => http://qzapp.qlogo.cn/qzapp/101372824/44671123B24E4430B74C509DFE52ED85/30
    [figureurl_1] => http://qzapp.qlogo.cn/qzapp/101372824/44671123B24E4430B74C509DFE52ED85/50
    [figureurl_2] => http://qzapp.qlogo.cn/qzapp/101372824/44671123B24E4430B74C509DFE52ED85/100
    [figureurl_qq_1] => http://q.qlogo.cn/qqapp/101372824/44671123B24E4430B74C509DFE52ED85/40
    [figureurl_qq_2] => http://q.qlogo.cn/qqapp/101372824/44671123B24E4430B74C509DFE52ED85/100
    [is_yellow_vip] => 0
    [vip] => 0
    [yellow_vip_level] => 0
    [level] => 0
    [is_yellow_year_vip] => 0
)

]
[10:54:22][2017-02-13 10:54:22|||type|||qq|||qq_user_info|||Array
(
    [ret] => 0
    [msg] => 
    [is_lost] => 0
    [nickname] => 吴金高
    [gender] => 男
    [province] => 
    [city] => 
    [year] => 1990
    [figureurl] => http://qzapp.qlogo.cn/qzapp/101372824/53AD4E083EF30E33CDF5B2FC68E992BE/30
    [figureurl_1] => http://qzapp.qlogo.cn/qzapp/101372824/53AD4E083EF30E33CDF5B2FC68E992BE/50
    [figureurl_2] => http://qzapp.qlogo.cn/qzapp/101372824/53AD4E083EF30E33CDF5B2FC68E992BE/100
    [figureurl_qq_1] => http://q.qlogo.cn/qqapp/101372824/53AD4E083EF30E33CDF5B2FC68E992BE/40
    [figureurl_qq_2] => http://q.qlogo.cn/qqapp/101372824/53AD4E083EF30E33CDF5B2FC68E992BE/100
    [is_yellow_vip] => 0
    [vip] => 0
    [yellow_vip_level] => 0
    [level] => 0
    [is_yellow_year_vip] => 0
)

]
[10:57:03][2017-02-13 10:57:03|||type|||qq|||qq_user_info|||Array
(
    [ret] => 0
    [msg] => 
    [is_lost] => 0
    [nickname] => 白小天
    [gender] => 女
    [province] => 福建
    [city] => 福州
    [year] => 1988
    [figureurl] => http://qzapp.qlogo.cn/qzapp/101372824/58C033F4DCA536F779EBD3E6862FC574/30
    [figureurl_1] => http://qzapp.qlogo.cn/qzapp/101372824/58C033F4DCA536F779EBD3E6862FC574/50
    [figureurl_2] => http://qzapp.qlogo.cn/qzapp/101372824/58C033F4DCA536F779EBD3E6862FC574/100
    [figureurl_qq_1] => http://q.qlogo.cn/qqapp/101372824/58C033F4DCA536F779EBD3E6862FC574/40
    [figureurl_qq_2] => http://q.qlogo.cn/qqapp/101372824/58C033F4DCA536F779EBD3E6862FC574/100
    [is_yellow_vip] => 0
    [vip] => 0
    [yellow_vip_level] => 0
    [level] => 0
    [is_yellow_year_vip] => 0
)

]
[10:59:50][2017-02-13 10:59:50|||type|||qq|||qq_user_info|||Array
(
    [ret] => 0
    [msg] => 
    [is_lost] => 0
    [nickname] => 武汉-测试-江子晗
    [gender] => 女
    [province] => 
    [city] => 
    [year] => 1992
    [figureurl] => http://qzapp.qlogo.cn/qzapp/101372824/44671123B24E4430B74C509DFE52ED85/30
    [figureurl_1] => http://qzapp.qlogo.cn/qzapp/101372824/44671123B24E4430B74C509DFE52ED85/50
    [figureurl_2] => http://qzapp.qlogo.cn/qzapp/101372824/44671123B24E4430B74C509DFE52ED85/100
    [figureurl_qq_1] => http://q.qlogo.cn/qqapp/101372824/44671123B24E4430B74C509DFE52ED85/40
    [figureurl_qq_2] => http://q.qlogo.cn/qqapp/101372824/44671123B24E4430B74C509DFE52ED85/100
    [is_yellow_vip] => 0
    [vip] => 0
    [yellow_vip_level] => 0
    [level] => 0
    [is_yellow_year_vip] => 0
)

]
[11:16:36][2017-02-13 11:16:36|||type|||qq|||qq_user_info|||Array
(
    [ret] => 0
    [msg] => 
    [is_lost] => 0
    [nickname] => 白小天
    [gender] => 女
    [province] => 福建
    [city] => 福州
    [year] => 1988
    [figureurl] => http://qzapp.qlogo.cn/qzapp/101372824/58C033F4DCA536F779EBD3E6862FC574/30
    [figureurl_1] => http://qzapp.qlogo.cn/qzapp/101372824/58C033F4DCA536F779EBD3E6862FC574/50
    [figureurl_2] => http://qzapp.qlogo.cn/qzapp/101372824/58C033F4DCA536F779EBD3E6862FC574/100
    [figureurl_qq_1] => http://q.qlogo.cn/qqapp/101372824/58C033F4DCA536F779EBD3E6862FC574/40
    [figureurl_qq_2] => http://q.qlogo.cn/qqapp/101372824/58C033F4DCA536F779EBD3E6862FC574/100
    [is_yellow_vip] => 0
    [vip] => 0
    [yellow_vip_level] => 0
    [level] => 0
    [is_yellow_year_vip] => 0
)

]
[11:24:35][2017-02-13 11:24:35|||type|||qq|||qq_user_info|||Array
(
    [ret] => 0
    [msg] => 
    [is_lost] => 0
    [nickname] => ☆★☆★
    [gender] => 男
    [province] => 福建
    [city] => 
    [year] => 1988
    [figureurl] => http://qzapp.qlogo.cn/qzapp/101372824/FF931F4296E447FA5531B68FD74B2105/30
    [figureurl_1] => http://qzapp.qlogo.cn/qzapp/101372824/FF931F4296E447FA5531B68FD74B2105/50
    [figureurl_2] => http://qzapp.qlogo.cn/qzapp/101372824/FF931F4296E447FA5531B68FD74B2105/100
    [figureurl_qq_1] => http://q.qlogo.cn/qqapp/101372824/FF931F4296E447FA5531B68FD74B2105/40
    [figureurl_qq_2] => http://q.qlogo.cn/qqapp/101372824/FF931F4296E447FA5531B68FD74B2105/100
    [is_yellow_vip] => 0
    [vip] => 0
    [yellow_vip_level] => 0
    [level] => 0
    [is_yellow_year_vip] => 0
)

]
[11:30:35][2017-02-13 11:30:35|||type|||qq|||qq_user_info|||Array
(
    [ret] => 0
    [msg] => 
    [is_lost] => 0
    [nickname] => 白小天
    [gender] => 女
    [province] => 福建
    [city] => 福州
    [year] => 1988
    [figureurl] => http://qzapp.qlogo.cn/qzapp/101372824/58C033F4DCA536F779EBD3E6862FC574/30
    [figureurl_1] => http://qzapp.qlogo.cn/qzapp/101372824/58C033F4DCA536F779EBD3E6862FC574/50
    [figureurl_2] => http://qzapp.qlogo.cn/qzapp/101372824/58C033F4DCA536F779EBD3E6862FC574/100
    [figureurl_qq_1] => http://q.qlogo.cn/qqapp/101372824/58C033F4DCA536F779EBD3E6862FC574/40
    [figureurl_qq_2] => http://q.qlogo.cn/qqapp/101372824/58C033F4DCA536F779EBD3E6862FC574/100
    [is_yellow_vip] => 0
    [vip] => 0
    [yellow_vip_level] => 0
    [level] => 0
    [is_yellow_year_vip] => 0
)

]
[11:32:48][2017-02-13 11:32:48|||type|||qq|||qq_user_info|||Array
(
    [ret] => 0
    [msg] => 
    [is_lost] => 0
    [nickname] => ☆★☆★
    [gender] => 男
    [province] => 福建
    [city] => 
    [year] => 1988
    [figureurl] => http://qzapp.qlogo.cn/qzapp/101372824/FF931F4296E447FA5531B68FD74B2105/30
    [figureurl_1] => http://qzapp.qlogo.cn/qzapp/101372824/FF931F4296E447FA5531B68FD74B2105/50
    [figureurl_2] => http://qzapp.qlogo.cn/qzapp/101372824/FF931F4296E447FA5531B68FD74B2105/100
    [figureurl_qq_1] => http://q.qlogo.cn/qqapp/101372824/FF931F4296E447FA5531B68FD74B2105/40
    [figureurl_qq_2] => http://q.qlogo.cn/qqapp/101372824/FF931F4296E447FA5531B68FD74B2105/100
    [is_yellow_vip] => 0
    [vip] => 0
    [yellow_vip_level] => 0
    [level] => 0
    [is_yellow_year_vip] => 0
)

]
[11:46:52][2017-02-13 11:46:52|||type|||qq|||qq_user_info|||Array
(
    [ret] => 0
    [msg] => 
    [is_lost] => 0
    [nickname] => 再见这一季
    [gender] => 女
    [province] => 福建
    [city] => 福州
    [year] => 1987
    [figureurl] => http://qzapp.qlogo.cn/qzapp/101372824/8FC33CEE25B2BEFC24591C01958E3B88/30
    [figureurl_1] => http://qzapp.qlogo.cn/qzapp/101372824/8FC33CEE25B2BEFC24591C01958E3B88/50
    [figureurl_2] => http://qzapp.qlogo.cn/qzapp/101372824/8FC33CEE25B2BEFC24591C01958E3B88/100
    [figureurl_qq_1] => http://q.qlogo.cn/qqapp/101372824/8FC33CEE25B2BEFC24591C01958E3B88/40
    [figureurl_qq_2] => http://q.qlogo.cn/qqapp/101372824/8FC33CEE25B2BEFC24591C01958E3B88/100
    [is_yellow_vip] => 0
    [vip] => 0
    [yellow_vip_level] => 0
    [level] => 0
    [is_yellow_year_vip] => 0
)

]
[11:48:08][2017-02-13 11:48:08|||type|||qq|||qq_user_info|||Array
(
    [ret] => 0
    [msg] => 
    [is_lost] => 0
    [nickname] => 再见这一季
    [gender] => 女
    [province] => 福建
    [city] => 福州
    [year] => 1987
    [figureurl] => http://qzapp.qlogo.cn/qzapp/101372824/8FC33CEE25B2BEFC24591C01958E3B88/30
    [figureurl_1] => http://qzapp.qlogo.cn/qzapp/101372824/8FC33CEE25B2BEFC24591C01958E3B88/50
    [figureurl_2] => http://qzapp.qlogo.cn/qzapp/101372824/8FC33CEE25B2BEFC24591C01958E3B88/100
    [figureurl_qq_1] => http://q.qlogo.cn/qqapp/101372824/8FC33CEE25B2BEFC24591C01958E3B88/40
    [figureurl_qq_2] => http://q.qlogo.cn/qqapp/101372824/8FC33CEE25B2BEFC24591C01958E3B88/100
    [is_yellow_vip] => 0
    [vip] => 0
    [yellow_vip_level] => 0
    [level] => 0
    [is_yellow_year_vip] => 0
)

]
[12:10:45][2017-02-13 12:10:45|||type|||qq|||qq_user_info|||Array
(
    [ret] => 0
    [msg] => 
    [is_lost] => 0
    [nickname] => 白小天
    [gender] => 女
    [province] => 福建
    [city] => 福州
    [year] => 1988
    [figureurl] => http://qzapp.qlogo.cn/qzapp/101372824/58C033F4DCA536F779EBD3E6862FC574/30
    [figureurl_1] => http://qzapp.qlogo.cn/qzapp/101372824/58C033F4DCA536F779EBD3E6862FC574/50
    [figureurl_2] => http://qzapp.qlogo.cn/qzapp/101372824/58C033F4DCA536F779EBD3E6862FC574/100
    [figureurl_qq_1] => http://q.qlogo.cn/qqapp/101372824/58C033F4DCA536F779EBD3E6862FC574/40
    [figureurl_qq_2] => http://q.qlogo.cn/qqapp/101372824/58C033F4DCA536F779EBD3E6862FC574/100
    [is_yellow_vip] => 0
    [vip] => 0
    [yellow_vip_level] => 0
    [level] => 0
    [is_yellow_year_vip] => 0
)

]
[12:48:24][2017-02-13 12:48:24|||type|||qq|||qq_user_info|||Array
(
    [ret] => 0
    [msg] => 
    [is_lost] => 0
    [nickname] => 白小天
    [gender] => 女
    [province] => 福建
    [city] => 福州
    [year] => 1988
    [figureurl] => http://qzapp.qlogo.cn/qzapp/101372824/58C033F4DCA536F779EBD3E6862FC574/30
    [figureurl_1] => http://qzapp.qlogo.cn/qzapp/101372824/58C033F4DCA536F779EBD3E6862FC574/50
    [figureurl_2] => http://qzapp.qlogo.cn/qzapp/101372824/58C033F4DCA536F779EBD3E6862FC574/100
    [figureurl_qq_1] => http://q.qlogo.cn/qqapp/101372824/58C033F4DCA536F779EBD3E6862FC574/40
    [figureurl_qq_2] => http://q.qlogo.cn/qqapp/101372824/58C033F4DCA536F779EBD3E6862FC574/100
    [is_yellow_vip] => 0
    [vip] => 0
    [yellow_vip_level] => 0
    [level] => 0
    [is_yellow_year_vip] => 0
)

]
[13:18:47][2017-02-13 13:18:47|||type|||qq|||qq_user_info|||Array
(
    [ret] => 0
    [msg] => 
    [is_lost] => 0
    [nickname] => 白小天
    [gender] => 女
    [province] => 福建
    [city] => 福州
    [year] => 1988
    [figureurl] => http://qzapp.qlogo.cn/qzapp/101372824/58C033F4DCA536F779EBD3E6862FC574/30
    [figureurl_1] => http://qzapp.qlogo.cn/qzapp/101372824/58C033F4DCA536F779EBD3E6862FC574/50
    [figureurl_2] => http://qzapp.qlogo.cn/qzapp/101372824/58C033F4DCA536F779EBD3E6862FC574/100
    [figureurl_qq_1] => http://q.qlogo.cn/qqapp/101372824/58C033F4DCA536F779EBD3E6862FC574/40
    [figureurl_qq_2] => http://q.qlogo.cn/qqapp/101372824/58C033F4DCA536F779EBD3E6862FC574/100
    [is_yellow_vip] => 0
    [vip] => 0
    [yellow_vip_level] => 0
    [level] => 0
    [is_yellow_year_vip] => 0
)

]
[13:25:15][2017-02-13 13:25:15|||type|||qq|||qq_user_info|||Array
(
    [ret] => 0
    [msg] => 
    [is_lost] => 0
    [nickname] => 白小天
    [gender] => 女
    [province] => 福建
    [city] => 福州
    [year] => 1988
    [figureurl] => http://qzapp.qlogo.cn/qzapp/101372824/58C033F4DCA536F779EBD3E6862FC574/30
    [figureurl_1] => http://qzapp.qlogo.cn/qzapp/101372824/58C033F4DCA536F779EBD3E6862FC574/50
    [figureurl_2] => http://qzapp.qlogo.cn/qzapp/101372824/58C033F4DCA536F779EBD3E6862FC574/100
    [figureurl_qq_1] => http://q.qlogo.cn/qqapp/101372824/58C033F4DCA536F779EBD3E6862FC574/40
    [figureurl_qq_2] => http://q.qlogo.cn/qqapp/101372824/58C033F4DCA536F779EBD3E6862FC574/100
    [is_yellow_vip] => 0
    [vip] => 0
    [yellow_vip_level] => 0
    [level] => 0
    [is_yellow_year_vip] => 0
)

]
[13:36:17][2017-02-13 13:36:17|||type|||qq|||qq_user_info|||Array
(
    [ret] => 0
    [msg] => 
    [is_lost] => 0
    [nickname] => 再见这一季
    [gender] => 女
    [province] => 福建
    [city] => 福州
    [year] => 1987
    [figureurl] => http://qzapp.qlogo.cn/qzapp/101372824/8FC33CEE25B2BEFC24591C01958E3B88/30
    [figureurl_1] => http://qzapp.qlogo.cn/qzapp/101372824/8FC33CEE25B2BEFC24591C01958E3B88/50
    [figureurl_2] => http://qzapp.qlogo.cn/qzapp/101372824/8FC33CEE25B2BEFC24591C01958E3B88/100
    [figureurl_qq_1] => http://q.qlogo.cn/qqapp/101372824/8FC33CEE25B2BEFC24591C01958E3B88/40
    [figureurl_qq_2] => http://q.qlogo.cn/qqapp/101372824/8FC33CEE25B2BEFC24591C01958E3B88/100
    [is_yellow_vip] => 0
    [vip] => 0
    [yellow_vip_level] => 0
    [level] => 0
    [is_yellow_year_vip] => 0
)

]
[13:36:55][2017-02-13 13:36:55|||type|||qq|||qq_user_info|||Array
(
    [ret] => 0
    [msg] => 
    [is_lost] => 0
    [nickname] => 再见这一季
    [gender] => 女
    [province] => 福建
    [city] => 福州
    [year] => 1987
    [figureurl] => http://qzapp.qlogo.cn/qzapp/101372824/8FC33CEE25B2BEFC24591C01958E3B88/30
    [figureurl_1] => http://qzapp.qlogo.cn/qzapp/101372824/8FC33CEE25B2BEFC24591C01958E3B88/50
    [figureurl_2] => http://qzapp.qlogo.cn/qzapp/101372824/8FC33CEE25B2BEFC24591C01958E3B88/100
    [figureurl_qq_1] => http://q.qlogo.cn/qqapp/101372824/8FC33CEE25B2BEFC24591C01958E3B88/40
    [figureurl_qq_2] => http://q.qlogo.cn/qqapp/101372824/8FC33CEE25B2BEFC24591C01958E3B88/100
    [is_yellow_vip] => 0
    [vip] => 0
    [yellow_vip_level] => 0
    [level] => 0
    [is_yellow_year_vip] => 0
)

]
[13:58:49][2017-02-13 13:58:49|||type|||wechat|||$aRs|||Array
(
    [data] => {"access_token":"4Lz3z36zAKjkbqhbGjsbvWt1nTQaC6fWsql5__y6qqOZ1IJengeOrIdFBx98lb-NaTQbLe2MxjjFd8L7PA9hL82NTUnUSALMaOtPA4o58Do","expires_in":7200,"refresh_token":"No4eGG-bK5WZQfaMzoNDEW4wpstj8539PDhBFgIdgE6L1aP1vZzjjwmcTnr0L_QoObr67Mv6V6jXhvhdaqWr-lHEfQkrxd2muEUJ0GrHLSk","openid":"o8QnKv8j7EkQr0Ckqw4R2X-LYGxQ","scope":"snsapi_login","unionid":"o_DW-wNdhQwixq0VgCJlB2KqulDE"}
    [code] => 200
)

]
[14:00:46][2017-02-13 14:00:46|||type|||qq|||qq_user_info|||Array
(
    [ret] => 0
    [msg] => 
    [is_lost] => 0
    [nickname] => 再见这一季
    [gender] => 女
    [province] => 福建
    [city] => 福州
    [year] => 1987
    [figureurl] => http://qzapp.qlogo.cn/qzapp/101372824/8FC33CEE25B2BEFC24591C01958E3B88/30
    [figureurl_1] => http://qzapp.qlogo.cn/qzapp/101372824/8FC33CEE25B2BEFC24591C01958E3B88/50
    [figureurl_2] => http://qzapp.qlogo.cn/qzapp/101372824/8FC33CEE25B2BEFC24591C01958E3B88/100
    [figureurl_qq_1] => http://q.qlogo.cn/qqapp/101372824/8FC33CEE25B2BEFC24591C01958E3B88/40
    [figureurl_qq_2] => http://q.qlogo.cn/qqapp/101372824/8FC33CEE25B2BEFC24591C01958E3B88/100
    [is_yellow_vip] => 0
    [vip] => 0
    [yellow_vip_level] => 0
    [level] => 0
    [is_yellow_year_vip] => 0
)

]
[14:03:31][2017-02-13 14:03:31|||type|||wechat|||$aRs|||Array
(
    [data] => {"access_token":"7XNlDkDGm2OGAa_wkiahxu2hoUdugMAaFUDDJoH07k_DP01HcOWjekAb6UffjRZqG9uG0qhwqcz9qD9ZJIiL0ICgmRFfL8b4DmhrclJQBaY","expires_in":7200,"refresh_token":"DN2-oMQr_fIrtsccjCf2D9MBtKDkyajOjJdebhAQvJCqbeDGl-jsyq7KlKxbOgYXTeloDmwr7onlgbboDlUqf9qWGkmnvjzNoDVChDiFwGE","openid":"o8QnKv8j7EkQr0Ckqw4R2X-LYGxQ","scope":"snsapi_login","unionid":"o_DW-wNdhQwixq0VgCJlB2KqulDE"}
    [code] => 200
)

]
[15:04:42][2017-02-13 15:04:42|||type|||qq|||qq_user_info|||Array
(
    [ret] => 0
    [msg] => 
    [is_lost] => 0
    [nickname] => ☆★☆★
    [gender] => 男
    [province] => 福建
    [city] => 
    [year] => 1988
    [figureurl] => http://qzapp.qlogo.cn/qzapp/101372824/FF931F4296E447FA5531B68FD74B2105/30
    [figureurl_1] => http://qzapp.qlogo.cn/qzapp/101372824/FF931F4296E447FA5531B68FD74B2105/50
    [figureurl_2] => http://qzapp.qlogo.cn/qzapp/101372824/FF931F4296E447FA5531B68FD74B2105/100
    [figureurl_qq_1] => http://q.qlogo.cn/qqapp/101372824/FF931F4296E447FA5531B68FD74B2105/40
    [figureurl_qq_2] => http://q.qlogo.cn/qqapp/101372824/FF931F4296E447FA5531B68FD74B2105/100
    [is_yellow_vip] => 0
    [vip] => 0
    [yellow_vip_level] => 0
    [level] => 0
    [is_yellow_year_vip] => 0
)

]
[15:26:15][2017-02-13 15:26:15|||type|||qq|||qq_user_info|||Array
(
    [ret] => 0
    [msg] => 
    [is_lost] => 0
    [nickname] => 白小天
    [gender] => 女
    [province] => 福建
    [city] => 福州
    [year] => 1988
    [figureurl] => http://qzapp.qlogo.cn/qzapp/101372824/58C033F4DCA536F779EBD3E6862FC574/30
    [figureurl_1] => http://qzapp.qlogo.cn/qzapp/101372824/58C033F4DCA536F779EBD3E6862FC574/50
    [figureurl_2] => http://qzapp.qlogo.cn/qzapp/101372824/58C033F4DCA536F779EBD3E6862FC574/100
    [figureurl_qq_1] => http://q.qlogo.cn/qqapp/101372824/58C033F4DCA536F779EBD3E6862FC574/40
    [figureurl_qq_2] => http://q.qlogo.cn/qqapp/101372824/58C033F4DCA536F779EBD3E6862FC574/100
    [is_yellow_vip] => 0
    [vip] => 0
    [yellow_vip_level] => 0
    [level] => 0
    [is_yellow_year_vip] => 0
)

]
[16:05:36][2017-02-13 16:05:36|||type|||qq|||qq_user_info|||Array
(
    [ret] => 0
    [msg] => 
    [is_lost] => 0
    [nickname] => ☆★☆★
    [gender] => 男
    [province] => 福建
    [city] => 
    [year] => 1988
    [figureurl] => http://qzapp.qlogo.cn/qzapp/101372824/FF931F4296E447FA5531B68FD74B2105/30
    [figureurl_1] => http://qzapp.qlogo.cn/qzapp/101372824/FF931F4296E447FA5531B68FD74B2105/50
    [figureurl_2] => http://qzapp.qlogo.cn/qzapp/101372824/FF931F4296E447FA5531B68FD74B2105/100
    [figureurl_qq_1] => http://q.qlogo.cn/qqapp/101372824/FF931F4296E447FA5531B68FD74B2105/40
    [figureurl_qq_2] => http://q.qlogo.cn/qqapp/101372824/FF931F4296E447FA5531B68FD74B2105/100
    [is_yellow_vip] => 0
    [vip] => 0
    [yellow_vip_level] => 0
    [level] => 0
    [is_yellow_year_vip] => 0
)

]
[16:08:21][2017-02-13 16:08:21|||type|||qq|||qq_user_info|||Array
(
    [ret] => 0
    [msg] => 
    [is_lost] => 0
    [nickname] => ☆★☆★
    [gender] => 男
    [province] => 福建
    [city] => 
    [year] => 1988
    [figureurl] => http://qzapp.qlogo.cn/qzapp/101372824/FF931F4296E447FA5531B68FD74B2105/30
    [figureurl_1] => http://qzapp.qlogo.cn/qzapp/101372824/FF931F4296E447FA5531B68FD74B2105/50
    [figureurl_2] => http://qzapp.qlogo.cn/qzapp/101372824/FF931F4296E447FA5531B68FD74B2105/100
    [figureurl_qq_1] => http://q.qlogo.cn/qqapp/101372824/FF931F4296E447FA5531B68FD74B2105/40
    [figureurl_qq_2] => http://q.qlogo.cn/qqapp/101372824/FF931F4296E447FA5531B68FD74B2105/100
    [is_yellow_vip] => 0
    [vip] => 0
    [yellow_vip_level] => 0
    [level] => 0
    [is_yellow_year_vip] => 0
)

]
[16:15:30][2017-02-13 16:15:30|||type|||qq|||qq_user_info|||Array
(
    [ret] => 0
    [msg] => 
    [is_lost] => 0
    [nickname] => 邱小兰
    [gender] => 女
    [province] => 
    [city] => 
    [year] => 1900
    [figureurl] => http://qzapp.qlogo.cn/qzapp/101372824/A2A68B27D4882045D2229E10FFF2A6F8/30
    [figureurl_1] => http://qzapp.qlogo.cn/qzapp/101372824/A2A68B27D4882045D2229E10FFF2A6F8/50
    [figureurl_2] => http://qzapp.qlogo.cn/qzapp/101372824/A2A68B27D4882045D2229E10FFF2A6F8/100
    [figureurl_qq_1] => http://q.qlogo.cn/qqapp/101372824/A2A68B27D4882045D2229E10FFF2A6F8/40
    [figureurl_qq_2] => http://q.qlogo.cn/qqapp/101372824/A2A68B27D4882045D2229E10FFF2A6F8/100
    [is_yellow_vip] => 0
    [vip] => 0
    [yellow_vip_level] => 0
    [level] => 0
    [is_yellow_year_vip] => 0
)

]
[16:19:47][2017-02-13 16:19:47|||type|||qq|||qq_user_info|||Array
(
    [ret] => 0
    [msg] => 
    [is_lost] => 0
    [nickname] => 白小天
    [gender] => 女
    [province] => 福建
    [city] => 福州
    [year] => 1988
    [figureurl] => http://qzapp.qlogo.cn/qzapp/101372824/58C033F4DCA536F779EBD3E6862FC574/30
    [figureurl_1] => http://qzapp.qlogo.cn/qzapp/101372824/58C033F4DCA536F779EBD3E6862FC574/50
    [figureurl_2] => http://qzapp.qlogo.cn/qzapp/101372824/58C033F4DCA536F779EBD3E6862FC574/100
    [figureurl_qq_1] => http://q.qlogo.cn/qqapp/101372824/58C033F4DCA536F779EBD3E6862FC574/40
    [figureurl_qq_2] => http://q.qlogo.cn/qqapp/101372824/58C033F4DCA536F779EBD3E6862FC574/100
    [is_yellow_vip] => 0
    [vip] => 0
    [yellow_vip_level] => 0
    [level] => 0
    [is_yellow_year_vip] => 0
)

]
[16:40:53][2017-02-13 16:40:53|||type|||qq|||qq_user_info|||Array
(
    [ret] => 0
    [msg] => 
    [is_lost] => 0
    [nickname] => 邱小兰
    [gender] => 女
    [province] => 
    [city] => 
    [year] => 1900
    [figureurl] => http://qzapp.qlogo.cn/qzapp/101372824/A2A68B27D4882045D2229E10FFF2A6F8/30
    [figureurl_1] => http://qzapp.qlogo.cn/qzapp/101372824/A2A68B27D4882045D2229E10FFF2A6F8/50
    [figureurl_2] => http://qzapp.qlogo.cn/qzapp/101372824/A2A68B27D4882045D2229E10FFF2A6F8/100
    [figureurl_qq_1] => http://q.qlogo.cn/qqapp/101372824/A2A68B27D4882045D2229E10FFF2A6F8/40
    [figureurl_qq_2] => http://q.qlogo.cn/qqapp/101372824/A2A68B27D4882045D2229E10FFF2A6F8/100
    [is_yellow_vip] => 0
    [vip] => 0
    [yellow_vip_level] => 0
    [level] => 0
    [is_yellow_year_vip] => 0
)

]
[16:45:00][2017-02-13 16:45:00|||type|||qq|||qq_user_info|||Array
(
    [ret] => 0
    [msg] => 
    [is_lost] => 0
    [nickname] => 白小天
    [gender] => 女
    [province] => 福建
    [city] => 福州
    [year] => 1988
    [figureurl] => http://qzapp.qlogo.cn/qzapp/101372824/58C033F4DCA536F779EBD3E6862FC574/30
    [figureurl_1] => http://qzapp.qlogo.cn/qzapp/101372824/58C033F4DCA536F779EBD3E6862FC574/50
    [figureurl_2] => http://qzapp.qlogo.cn/qzapp/101372824/58C033F4DCA536F779EBD3E6862FC574/100
    [figureurl_qq_1] => http://q.qlogo.cn/qqapp/101372824/58C033F4DCA536F779EBD3E6862FC574/40
    [figureurl_qq_2] => http://q.qlogo.cn/qqapp/101372824/58C033F4DCA536F779EBD3E6862FC574/100
    [is_yellow_vip] => 0
    [vip] => 0
    [yellow_vip_level] => 0
    [level] => 0
    [is_yellow_year_vip] => 0
)

]
[17:23:37][2017-02-13 17:23:37|||type|||qq|||qq_user_info|||Array
(
    [ret] => 0
    [msg] => 
    [is_lost] => 0
    [nickname] => 武汉-测试-江子晗
    [gender] => 女
    [province] => 
    [city] => 
    [year] => 1992
    [figureurl] => http://qzapp.qlogo.cn/qzapp/101372824/44671123B24E4430B74C509DFE52ED85/30
    [figureurl_1] => http://qzapp.qlogo.cn/qzapp/101372824/44671123B24E4430B74C509DFE52ED85/50
    [figureurl_2] => http://qzapp.qlogo.cn/qzapp/101372824/44671123B24E4430B74C509DFE52ED85/100
    [figureurl_qq_1] => http://q.qlogo.cn/qqapp/101372824/44671123B24E4430B74C509DFE52ED85/40
    [figureurl_qq_2] => http://q.qlogo.cn/qqapp/101372824/44671123B24E4430B74C509DFE52ED85/100
    [is_yellow_vip] => 0
    [vip] => 0
    [yellow_vip_level] => 0
    [level] => 0
    [is_yellow_year_vip] => 0
)

]
[17:33:32][2017-02-13 17:33:32|||type|||qq|||qq_user_info|||Array
(
    [ret] => 0
    [msg] => 
    [is_lost] => 0
    [nickname] => 白小天
    [gender] => 女
    [province] => 福建
    [city] => 福州
    [year] => 1988
    [figureurl] => http://qzapp.qlogo.cn/qzapp/101372824/58C033F4DCA536F779EBD3E6862FC574/30
    [figureurl_1] => http://qzapp.qlogo.cn/qzapp/101372824/58C033F4DCA536F779EBD3E6862FC574/50
    [figureurl_2] => http://qzapp.qlogo.cn/qzapp/101372824/58C033F4DCA536F779EBD3E6862FC574/100
    [figureurl_qq_1] => http://q.qlogo.cn/qqapp/101372824/58C033F4DCA536F779EBD3E6862FC574/40
    [figureurl_qq_2] => http://q.qlogo.cn/qqapp/101372824/58C033F4DCA536F779EBD3E6862FC574/100
    [is_yellow_vip] => 0
    [vip] => 0
    [yellow_vip_level] => 0
    [level] => 0
    [is_yellow_year_vip] => 0
)

]
[17:39:47][2017-02-13 17:39:47|||type|||qq|||qq_user_info|||Array
(
    [ret] => 0
    [msg] => 
    [is_lost] => 0
    [nickname] => 白小天
    [gender] => 女
    [province] => 福建
    [city] => 福州
    [year] => 1988
    [figureurl] => http://qzapp.qlogo.cn/qzapp/101372824/58C033F4DCA536F779EBD3E6862FC574/30
    [figureurl_1] => http://qzapp.qlogo.cn/qzapp/101372824/58C033F4DCA536F779EBD3E6862FC574/50
    [figureurl_2] => http://qzapp.qlogo.cn/qzapp/101372824/58C033F4DCA536F779EBD3E6862FC574/100
    [figureurl_qq_1] => http://q.qlogo.cn/qqapp/101372824/58C033F4DCA536F779EBD3E6862FC574/40
    [figureurl_qq_2] => http://q.qlogo.cn/qqapp/101372824/58C033F4DCA536F779EBD3E6862FC574/100
    [is_yellow_vip] => 0
    [vip] => 0
    [yellow_vip_level] => 0
    [level] => 0
    [is_yellow_year_vip] => 0
)

]
