[09:19:43][2017-02-06 09:19:43|||type|||qq|||qq_user_info|||Array
(
    [ret] => 0
    [msg] => 
    [is_lost] => 0
    [nickname] => 吴金高
    [gender] => 男
    [province] => 
    [city] => 
    [year] => 1990
    [figureurl] => http://qzapp.qlogo.cn/qzapp/101372824/53AD4E083EF30E33CDF5B2FC68E992BE/30
    [figureurl_1] => http://qzapp.qlogo.cn/qzapp/101372824/53AD4E083EF30E33CDF5B2FC68E992BE/50
    [figureurl_2] => http://qzapp.qlogo.cn/qzapp/101372824/53AD4E083EF30E33CDF5B2FC68E992BE/100
    [figureurl_qq_1] => http://q.qlogo.cn/qqapp/101372824/53AD4E083EF30E33CDF5B2FC68E992BE/40
    [figureurl_qq_2] => http://q.qlogo.cn/qqapp/101372824/53AD4E083EF30E33CDF5B2FC68E992BE/100
    [is_yellow_vip] => 0
    [vip] => 0
    [yellow_vip_level] => 0
    [level] => 0
    [is_yellow_year_vip] => 0
)

]
[09:21:43][2017-02-06 09:21:43|||type|||qq|||qq_user_info|||Array
(
    [ret] => 0
    [msg] => 
    [is_lost] => 0
    [nickname] => 丛林拓者
    [gender] => 男
    [province] => 
    [city] => 
    [year] => 1993
    [figureurl] => http://qzapp.qlogo.cn/qzapp/101372824/2D268DDDFBF49D33C609B7E4D1D88D69/30
    [figureurl_1] => http://qzapp.qlogo.cn/qzapp/101372824/2D268DDDFBF49D33C609B7E4D1D88D69/50
    [figureurl_2] => http://qzapp.qlogo.cn/qzapp/101372824/2D268DDDFBF49D33C609B7E4D1D88D69/100
    [figureurl_qq_1] => http://q.qlogo.cn/qqapp/101372824/2D268DDDFBF49D33C609B7E4D1D88D69/40
    [figureurl_qq_2] => http://q.qlogo.cn/qqapp/101372824/2D268DDDFBF49D33C609B7E4D1D88D69/100
    [is_yellow_vip] => 0
    [vip] => 0
    [yellow_vip_level] => 0
    [level] => 0
    [is_yellow_year_vip] => 0
)

]
[09:35:55][2017-02-06 09:35:55|||type|||qq|||qq_user_info|||Array
(
    [ret] => 0
    [msg] => 
    [is_lost] => 0
    [nickname] => 丛林拓者
    [gender] => 男
    [province] => 
    [city] => 
    [year] => 1993
    [figureurl] => http://qzapp.qlogo.cn/qzapp/101372824/2D268DDDFBF49D33C609B7E4D1D88D69/30
    [figureurl_1] => http://qzapp.qlogo.cn/qzapp/101372824/2D268DDDFBF49D33C609B7E4D1D88D69/50
    [figureurl_2] => http://qzapp.qlogo.cn/qzapp/101372824/2D268DDDFBF49D33C609B7E4D1D88D69/100
    [figureurl_qq_1] => http://q.qlogo.cn/qqapp/101372824/2D268DDDFBF49D33C609B7E4D1D88D69/40
    [figureurl_qq_2] => http://q.qlogo.cn/qqapp/101372824/2D268DDDFBF49D33C609B7E4D1D88D69/100
    [is_yellow_vip] => 0
    [vip] => 0
    [yellow_vip_level] => 0
    [level] => 0
    [is_yellow_year_vip] => 0
)

]
[09:39:37][2017-02-06 09:39:37|||type|||qq|||qq_user_info|||Array
(
    [ret] => 0
    [msg] => 
    [is_lost] => 0
    [nickname] => 丛林拓者
    [gender] => 男
    [province] => 
    [city] => 
    [year] => 1993
    [figureurl] => http://qzapp.qlogo.cn/qzapp/101372824/2D268DDDFBF49D33C609B7E4D1D88D69/30
    [figureurl_1] => http://qzapp.qlogo.cn/qzapp/101372824/2D268DDDFBF49D33C609B7E4D1D88D69/50
    [figureurl_2] => http://qzapp.qlogo.cn/qzapp/101372824/2D268DDDFBF49D33C609B7E4D1D88D69/100
    [figureurl_qq_1] => http://q.qlogo.cn/qqapp/101372824/2D268DDDFBF49D33C609B7E4D1D88D69/40
    [figureurl_qq_2] => http://q.qlogo.cn/qqapp/101372824/2D268DDDFBF49D33C609B7E4D1D88D69/100
    [is_yellow_vip] => 0
    [vip] => 0
    [yellow_vip_level] => 0
    [level] => 0
    [is_yellow_year_vip] => 0
)

]
[09:40:43][2017-02-06 09:40:43|||type|||qq|||qq_user_info|||Array
(
    [ret] => 0
    [msg] => 
    [is_lost] => 0
    [nickname] => 丛林拓者
    [gender] => 男
    [province] => 
    [city] => 
    [year] => 1993
    [figureurl] => http://qzapp.qlogo.cn/qzapp/101372824/2D268DDDFBF49D33C609B7E4D1D88D69/30
    [figureurl_1] => http://qzapp.qlogo.cn/qzapp/101372824/2D268DDDFBF49D33C609B7E4D1D88D69/50
    [figureurl_2] => http://qzapp.qlogo.cn/qzapp/101372824/2D268DDDFBF49D33C609B7E4D1D88D69/100
    [figureurl_qq_1] => http://q.qlogo.cn/qqapp/101372824/2D268DDDFBF49D33C609B7E4D1D88D69/40
    [figureurl_qq_2] => http://q.qlogo.cn/qqapp/101372824/2D268DDDFBF49D33C609B7E4D1D88D69/100
    [is_yellow_vip] => 0
    [vip] => 0
    [yellow_vip_level] => 0
    [level] => 0
    [is_yellow_year_vip] => 0
)

]
[09:41:28][2017-02-06 09:41:28|||type|||qq|||qq_user_info|||Array
(
    [ret] => 0
    [msg] => 
    [is_lost] => 0
    [nickname] => ☆★☆★
    [gender] => 男
    [province] => 福建
    [city] => 
    [year] => 1988
    [figureurl] => http://qzapp.qlogo.cn/qzapp/101372824/FF931F4296E447FA5531B68FD74B2105/30
    [figureurl_1] => http://qzapp.qlogo.cn/qzapp/101372824/FF931F4296E447FA5531B68FD74B2105/50
    [figureurl_2] => http://qzapp.qlogo.cn/qzapp/101372824/FF931F4296E447FA5531B68FD74B2105/100
    [figureurl_qq_1] => http://q.qlogo.cn/qqapp/101372824/FF931F4296E447FA5531B68FD74B2105/40
    [figureurl_qq_2] => http://q.qlogo.cn/qqapp/101372824/FF931F4296E447FA5531B68FD74B2105/100
    [is_yellow_vip] => 0
    [vip] => 0
    [yellow_vip_level] => 0
    [level] => 0
    [is_yellow_year_vip] => 0
)

]
[09:44:29][2017-02-06 09:44:29|||type|||qq|||qq_user_info|||Array
(
    [ret] => 0
    [msg] => 
    [is_lost] => 0
    [nickname] => ☆★☆★
    [gender] => 男
    [province] => 福建
    [city] => 
    [year] => 1988
    [figureurl] => http://qzapp.qlogo.cn/qzapp/101372824/FF931F4296E447FA5531B68FD74B2105/30
    [figureurl_1] => http://qzapp.qlogo.cn/qzapp/101372824/FF931F4296E447FA5531B68FD74B2105/50
    [figureurl_2] => http://qzapp.qlogo.cn/qzapp/101372824/FF931F4296E447FA5531B68FD74B2105/100
    [figureurl_qq_1] => http://q.qlogo.cn/qqapp/101372824/FF931F4296E447FA5531B68FD74B2105/40
    [figureurl_qq_2] => http://q.qlogo.cn/qqapp/101372824/FF931F4296E447FA5531B68FD74B2105/100
    [is_yellow_vip] => 0
    [vip] => 0
    [yellow_vip_level] => 0
    [level] => 0
    [is_yellow_year_vip] => 0
)

]
[09:44:40][2017-02-06 09:44:40|||type|||qq|||qq_user_info|||Array
(
    [ret] => 0
    [msg] => 
    [is_lost] => 0
    [nickname] => 丛林拓者
    [gender] => 男
    [province] => 
    [city] => 
    [year] => 1993
    [figureurl] => http://qzapp.qlogo.cn/qzapp/101372824/2D268DDDFBF49D33C609B7E4D1D88D69/30
    [figureurl_1] => http://qzapp.qlogo.cn/qzapp/101372824/2D268DDDFBF49D33C609B7E4D1D88D69/50
    [figureurl_2] => http://qzapp.qlogo.cn/qzapp/101372824/2D268DDDFBF49D33C609B7E4D1D88D69/100
    [figureurl_qq_1] => http://q.qlogo.cn/qqapp/101372824/2D268DDDFBF49D33C609B7E4D1D88D69/40
    [figureurl_qq_2] => http://q.qlogo.cn/qqapp/101372824/2D268DDDFBF49D33C609B7E4D1D88D69/100
    [is_yellow_vip] => 0
    [vip] => 0
    [yellow_vip_level] => 0
    [level] => 0
    [is_yellow_year_vip] => 0
)

]
[09:45:19][2017-02-06 09:45:19|||type|||qq|||qq_user_info|||Array
(
    [ret] => 0
    [msg] => 
    [is_lost] => 0
    [nickname] => ☆★☆★
    [gender] => 男
    [province] => 福建
    [city] => 
    [year] => 1988
    [figureurl] => http://qzapp.qlogo.cn/qzapp/101372824/FF931F4296E447FA5531B68FD74B2105/30
    [figureurl_1] => http://qzapp.qlogo.cn/qzapp/101372824/FF931F4296E447FA5531B68FD74B2105/50
    [figureurl_2] => http://qzapp.qlogo.cn/qzapp/101372824/FF931F4296E447FA5531B68FD74B2105/100
    [figureurl_qq_1] => http://q.qlogo.cn/qqapp/101372824/FF931F4296E447FA5531B68FD74B2105/40
    [figureurl_qq_2] => http://q.qlogo.cn/qqapp/101372824/FF931F4296E447FA5531B68FD74B2105/100
    [is_yellow_vip] => 0
    [vip] => 0
    [yellow_vip_level] => 0
    [level] => 0
    [is_yellow_year_vip] => 0
)

]
[09:49:32][2017-02-06 09:49:32|||type|||qq|||qq_user_info|||Array
(
    [ret] => 0
    [msg] => 
    [is_lost] => 0
    [nickname] => ☆★☆★
    [gender] => 男
    [province] => 福建
    [city] => 
    [year] => 1988
    [figureurl] => http://qzapp.qlogo.cn/qzapp/101372824/FF931F4296E447FA5531B68FD74B2105/30
    [figureurl_1] => http://qzapp.qlogo.cn/qzapp/101372824/FF931F4296E447FA5531B68FD74B2105/50
    [figureurl_2] => http://qzapp.qlogo.cn/qzapp/101372824/FF931F4296E447FA5531B68FD74B2105/100
    [figureurl_qq_1] => http://q.qlogo.cn/qqapp/101372824/FF931F4296E447FA5531B68FD74B2105/40
    [figureurl_qq_2] => http://q.qlogo.cn/qqapp/101372824/FF931F4296E447FA5531B68FD74B2105/100
    [is_yellow_vip] => 0
    [vip] => 0
    [yellow_vip_level] => 0
    [level] => 0
    [is_yellow_year_vip] => 0
)

]
[10:10:58][2017-02-06 10:10:58|||type|||qq|||qq_user_info|||Array
(
    [ret] => 0
    [msg] => 
    [is_lost] => 0
    [nickname] => 严萌-中金在线
    [gender] => 女
    [province] => 
    [city] => 
    [year] => 0
    [figureurl] => http://qzapp.qlogo.cn/qzapp/101372824/215DA6729001EFC238E8206A2D4B2833/30
    [figureurl_1] => http://qzapp.qlogo.cn/qzapp/101372824/215DA6729001EFC238E8206A2D4B2833/50
    [figureurl_2] => http://qzapp.qlogo.cn/qzapp/101372824/215DA6729001EFC238E8206A2D4B2833/100
    [figureurl_qq_1] => http://q.qlogo.cn/qqapp/101372824/215DA6729001EFC238E8206A2D4B2833/40
    [figureurl_qq_2] => http://q.qlogo.cn/qqapp/101372824/215DA6729001EFC238E8206A2D4B2833/100
    [is_yellow_vip] => 0
    [vip] => 0
    [yellow_vip_level] => 0
    [level] => 0
    [is_yellow_year_vip] => 0
)

]
[10:36:45][2017-02-06 10:36:45|||type|||qq|||qq_user_info|||Array
(
    [ret] => 0
    [msg] => 
    [is_lost] => 0
    [nickname] => 白小天
    [gender] => 女
    [province] => 福建
    [city] => 福州
    [year] => 1988
    [figureurl] => http://qzapp.qlogo.cn/qzapp/101372824/58C033F4DCA536F779EBD3E6862FC574/30
    [figureurl_1] => http://qzapp.qlogo.cn/qzapp/101372824/58C033F4DCA536F779EBD3E6862FC574/50
    [figureurl_2] => http://qzapp.qlogo.cn/qzapp/101372824/58C033F4DCA536F779EBD3E6862FC574/100
    [figureurl_qq_1] => http://q.qlogo.cn/qqapp/101372824/58C033F4DCA536F779EBD3E6862FC574/40
    [figureurl_qq_2] => http://q.qlogo.cn/qqapp/101372824/58C033F4DCA536F779EBD3E6862FC574/100
    [is_yellow_vip] => 0
    [vip] => 0
    [yellow_vip_level] => 0
    [level] => 0
    [is_yellow_year_vip] => 0
)

]
[10:37:43][2017-02-06 10:37:43|||type|||qq|||qq_user_info|||Array
(
    [ret] => 0
    [msg] => 
    [is_lost] => 0
    [nickname] => ☆★☆★
    [gender] => 男
    [province] => 福建
    [city] => 
    [year] => 1988
    [figureurl] => http://qzapp.qlogo.cn/qzapp/101372824/FF931F4296E447FA5531B68FD74B2105/30
    [figureurl_1] => http://qzapp.qlogo.cn/qzapp/101372824/FF931F4296E447FA5531B68FD74B2105/50
    [figureurl_2] => http://qzapp.qlogo.cn/qzapp/101372824/FF931F4296E447FA5531B68FD74B2105/100
    [figureurl_qq_1] => http://q.qlogo.cn/qqapp/101372824/FF931F4296E447FA5531B68FD74B2105/40
    [figureurl_qq_2] => http://q.qlogo.cn/qqapp/101372824/FF931F4296E447FA5531B68FD74B2105/100
    [is_yellow_vip] => 0
    [vip] => 0
    [yellow_vip_level] => 0
    [level] => 0
    [is_yellow_year_vip] => 0
)

]
[11:28:58][2017-02-06 11:28:58|||type|||qq|||qq_user_info|||Array
(
    [ret] => 0
    [msg] => 
    [is_lost] => 0
    [nickname] => 武汉-测试-江子晗
    [gender] => 女
    [province] => 
    [city] => 
    [year] => 1992
    [figureurl] => http://qzapp.qlogo.cn/qzapp/101372824/44671123B24E4430B74C509DFE52ED85/30
    [figureurl_1] => http://qzapp.qlogo.cn/qzapp/101372824/44671123B24E4430B74C509DFE52ED85/50
    [figureurl_2] => http://qzapp.qlogo.cn/qzapp/101372824/44671123B24E4430B74C509DFE52ED85/100
    [figureurl_qq_1] => http://q.qlogo.cn/qqapp/101372824/44671123B24E4430B74C509DFE52ED85/40
    [figureurl_qq_2] => http://q.qlogo.cn/qqapp/101372824/44671123B24E4430B74C509DFE52ED85/100
    [is_yellow_vip] => 0
    [vip] => 0
    [yellow_vip_level] => 0
    [level] => 0
    [is_yellow_year_vip] => 0
)

]
[11:29:34][2017-02-06 11:29:34|||type|||wechat|||$aRs|||Array
(
    [data] => {"access_token":"oLUm-9OQtBjNotPz08m7XVlJnGGwWsmyQplaibFN1ckroBU4ZKGb0UMTXpJV1WQsS3NiC0iKwl5yB2M5xJpImGDWfPFGOeh1HbhxL_ZJFYg","expires_in":7200,"refresh_token":"87qQt3FVZsNGSB-1NNl6jzZsWVGBzz_RBPyWeEXL1Kv7pC3zNh86-PvRIUpTu_R81pSLsih16gbuEC0OrPZ7YkXGFZI78PQeTA5GlaJ8avQ","openid":"o8QnKvz37InD6-SdRbzePdgslDIU","scope":"snsapi_login","unionid":"o_DW-wNJqVfbO36HaQODzd6InZBQ"}
    [code] => 200
)

]
[11:48:32][2017-02-06 11:48:32|||type|||qq|||qq_user_info|||Array
(
    [ret] => 0
    [msg] => 
    [is_lost] => 0
    [nickname] => 丛林拓者
    [gender] => 男
    [province] => 
    [city] => 
    [year] => 1993
    [figureurl] => http://qzapp.qlogo.cn/qzapp/101372824/2D268DDDFBF49D33C609B7E4D1D88D69/30
    [figureurl_1] => http://qzapp.qlogo.cn/qzapp/101372824/2D268DDDFBF49D33C609B7E4D1D88D69/50
    [figureurl_2] => http://qzapp.qlogo.cn/qzapp/101372824/2D268DDDFBF49D33C609B7E4D1D88D69/100
    [figureurl_qq_1] => http://q.qlogo.cn/qqapp/101372824/2D268DDDFBF49D33C609B7E4D1D88D69/40
    [figureurl_qq_2] => http://q.qlogo.cn/qqapp/101372824/2D268DDDFBF49D33C609B7E4D1D88D69/100
    [is_yellow_vip] => 0
    [vip] => 0
    [yellow_vip_level] => 0
    [level] => 0
    [is_yellow_year_vip] => 0
)

]
[11:50:44][2017-02-06 11:50:44|||type|||qq|||qq_user_info|||Array
(
    [ret] => 0
    [msg] => 
    [is_lost] => 0
    [nickname] => 丛林拓者
    [gender] => 男
    [province] => 
    [city] => 
    [year] => 1993
    [figureurl] => http://qzapp.qlogo.cn/qzapp/101372824/2D268DDDFBF49D33C609B7E4D1D88D69/30
    [figureurl_1] => http://qzapp.qlogo.cn/qzapp/101372824/2D268DDDFBF49D33C609B7E4D1D88D69/50
    [figureurl_2] => http://qzapp.qlogo.cn/qzapp/101372824/2D268DDDFBF49D33C609B7E4D1D88D69/100
    [figureurl_qq_1] => http://q.qlogo.cn/qqapp/101372824/2D268DDDFBF49D33C609B7E4D1D88D69/40
    [figureurl_qq_2] => http://q.qlogo.cn/qqapp/101372824/2D268DDDFBF49D33C609B7E4D1D88D69/100
    [is_yellow_vip] => 0
    [vip] => 0
    [yellow_vip_level] => 0
    [level] => 0
    [is_yellow_year_vip] => 0
)

]
[11:54:25][2017-02-06 11:54:25|||type|||qq|||qq_user_info|||Array
(
    [ret] => 0
    [msg] => 
    [is_lost] => 0
    [nickname] => ☆★☆★
    [gender] => 男
    [province] => 福建
    [city] => 
    [year] => 1988
    [figureurl] => http://qzapp.qlogo.cn/qzapp/101372824/FF931F4296E447FA5531B68FD74B2105/30
    [figureurl_1] => http://qzapp.qlogo.cn/qzapp/101372824/FF931F4296E447FA5531B68FD74B2105/50
    [figureurl_2] => http://qzapp.qlogo.cn/qzapp/101372824/FF931F4296E447FA5531B68FD74B2105/100
    [figureurl_qq_1] => http://q.qlogo.cn/qqapp/101372824/FF931F4296E447FA5531B68FD74B2105/40
    [figureurl_qq_2] => http://q.qlogo.cn/qqapp/101372824/FF931F4296E447FA5531B68FD74B2105/100
    [is_yellow_vip] => 0
    [vip] => 0
    [yellow_vip_level] => 0
    [level] => 0
    [is_yellow_year_vip] => 0
)

]
[12:49:07][2017-02-06 12:49:07|||type|||qq|||qq_user_info|||Array
(
    [ret] => 0
    [msg] => 
    [is_lost] => 0
    [nickname] => 丛林拓者
    [gender] => 男
    [province] => 
    [city] => 
    [year] => 1993
    [figureurl] => http://qzapp.qlogo.cn/qzapp/101372824/2D268DDDFBF49D33C609B7E4D1D88D69/30
    [figureurl_1] => http://qzapp.qlogo.cn/qzapp/101372824/2D268DDDFBF49D33C609B7E4D1D88D69/50
    [figureurl_2] => http://qzapp.qlogo.cn/qzapp/101372824/2D268DDDFBF49D33C609B7E4D1D88D69/100
    [figureurl_qq_1] => http://q.qlogo.cn/qqapp/101372824/2D268DDDFBF49D33C609B7E4D1D88D69/40
    [figureurl_qq_2] => http://q.qlogo.cn/qqapp/101372824/2D268DDDFBF49D33C609B7E4D1D88D69/100
    [is_yellow_vip] => 0
    [vip] => 0
    [yellow_vip_level] => 0
    [level] => 0
    [is_yellow_year_vip] => 0
)

]
[13:07:33][2017-02-06 13:07:33|||type|||qq|||qq_user_info|||Array
(
    [ret] => 0
    [msg] => 
    [is_lost] => 0
    [nickname] => 丛林拓者
    [gender] => 男
    [province] => 
    [city] => 
    [year] => 1993
    [figureurl] => http://qzapp.qlogo.cn/qzapp/101372824/2D268DDDFBF49D33C609B7E4D1D88D69/30
    [figureurl_1] => http://qzapp.qlogo.cn/qzapp/101372824/2D268DDDFBF49D33C609B7E4D1D88D69/50
    [figureurl_2] => http://qzapp.qlogo.cn/qzapp/101372824/2D268DDDFBF49D33C609B7E4D1D88D69/100
    [figureurl_qq_1] => http://q.qlogo.cn/qqapp/101372824/2D268DDDFBF49D33C609B7E4D1D88D69/40
    [figureurl_qq_2] => http://q.qlogo.cn/qqapp/101372824/2D268DDDFBF49D33C609B7E4D1D88D69/100
    [is_yellow_vip] => 0
    [vip] => 0
    [yellow_vip_level] => 0
    [level] => 0
    [is_yellow_year_vip] => 0
)

]
[13:19:10][2017-02-06 13:19:10|||type|||qq|||qq_user_info|||Array
(
    [ret] => 0
    [msg] => 
    [is_lost] => 0
    [nickname] => 丛林拓者
    [gender] => 男
    [province] => 
    [city] => 
    [year] => 1993
    [figureurl] => http://qzapp.qlogo.cn/qzapp/101372824/2D268DDDFBF49D33C609B7E4D1D88D69/30
    [figureurl_1] => http://qzapp.qlogo.cn/qzapp/101372824/2D268DDDFBF49D33C609B7E4D1D88D69/50
    [figureurl_2] => http://qzapp.qlogo.cn/qzapp/101372824/2D268DDDFBF49D33C609B7E4D1D88D69/100
    [figureurl_qq_1] => http://q.qlogo.cn/qqapp/101372824/2D268DDDFBF49D33C609B7E4D1D88D69/40
    [figureurl_qq_2] => http://q.qlogo.cn/qqapp/101372824/2D268DDDFBF49D33C609B7E4D1D88D69/100
    [is_yellow_vip] => 0
    [vip] => 0
    [yellow_vip_level] => 0
    [level] => 0
    [is_yellow_year_vip] => 0
)

]
[14:08:31][2017-02-06 14:08:31|||type|||wechat|||$aRs|||Array
(
    [data] => {"access_token":"XZ5D-Nw-QuwbPpJgbaMEQBrdfYO1jHYplve8Tw0vU2rviFHPVNjjxjflq8Hda-3Juw9d4vXyETfUcWFDB_KmcZQIPn33kZ1Wv_VYfrUW7z4","expires_in":7200,"refresh_token":"R0euW2FYS1QMnii0v__WeghH3aYN6rOVeeTPYf-E4Nvjb9hnHg1UCwR-K23WA2ghR4aWqQ-WwmuxOTenG6bKznfd3Jpt9JQ1DkfXRJRN0-Y","openid":"o8QnKv9Pm3YKxVYeVxe33wedbsjc","scope":"snsapi_login","unionid":"o_DW-wAhx4vi6p7AwX1A649NNdhY"}
    [code] => 200
)

]
[14:09:26][2017-02-06 14:09:26|||type|||wechat|||$aRs|||Array
(
    [data] => {"access_token":"Xylb8718PU6gzUawjIJOQdhdgRw6lz9XYV5oF0MSV3MI03dFvThevPg731Z9fpZdrihOFJvub1HzEJY3mKAJWpOHYiXiEsIuVSCP6TDD79I","expires_in":7200,"refresh_token":"h338i7ISOl7bKedSFo0F6cgl3jMrOnSCFty5eNF5Yb044h5My0Q4icA9kMYcVQFrvNuETViqWaMQIds5iHC3mIFhkkh8ZgRG8dgCwHjj5QE","openid":"o8QnKv9Pm3YKxVYeVxe33wedbsjc","scope":"snsapi_login","unionid":"o_DW-wAhx4vi6p7AwX1A649NNdhY"}
    [code] => 200
)

]
[14:09:42][2017-02-06 14:09:42|||type|||wechat|||$aRs|||Array
(
    [data] => {"access_token":"qFTG3oXLmbddMbrG2LLwZCPoBCHi89p7miJ5k0d5Q34_7cLU6W9AksFKu5sLVgWwq7kMzwkVF7oH4zSMtdNr4V4bBsGBSxGZtVKTdOPoWJ8","expires_in":7200,"refresh_token":"V5WLSWXbB1zwoXq3-Zy3dT2ZoMpDOpTMd95blC9g2LyuBEuaGyMib2YbZ3BTKUYuYJgqFWBBnB0m6vfXaurc07OBbGlGabte_Wy2brTVJUo","openid":"o8QnKv9Pm3YKxVYeVxe33wedbsjc","scope":"snsapi_login","unionid":"o_DW-wAhx4vi6p7AwX1A649NNdhY"}
    [code] => 200
)

]
[14:10:20][2017-02-06 14:10:20|||type|||wechat|||$aRs|||Array
(
    [data] => {"access_token":"DDy7Q-tzmVcuEX4sBotuXMEdCGAhvEILwzCoEizWd2Xs1sTWxx_D9npoSMccOckxE3L63dAfAHIqAu2dD5PkfrWraTDosdSxOwuGP3Ab6jc","expires_in":7200,"refresh_token":"BsNZ2Ca6nWwEtSTwbzrfCvEnesUlbqMy_DE_Y-CtYqjdDK4ymC-LQIoleizWxBrsOpWTtkjwT02nCj9lvniqrquf4Uks0ukBn4SD-mSr9Xk","openid":"o8QnKv9Pm3YKxVYeVxe33wedbsjc","scope":"snsapi_login","unionid":"o_DW-wAhx4vi6p7AwX1A649NNdhY"}
    [code] => 200
)

]
[14:10:31][2017-02-06 14:10:31|||type|||wechat|||$aRs|||Array
(
    [data] => {"access_token":"PShw7NUbrlar8xx9_vaXoLXbcQ1IWAPA5CUiF4UUNG6eWx8h6aRT7LoaJka7caq-vuLeXHsM-kI0f0CIy2T4uUSv7XYXk31SyTJgWY3zk_U","expires_in":7200,"refresh_token":"tqnLWS0tK_6mcRidtqcgJaybu2zFsCbtUjFK8GXG787U78dmD1GiXLS9Nd3LWOxdZeZRbwS3R8MK4uDtdwyttxmjRb5VFj-gSwDIKnajT-M","openid":"o8QnKv9Pm3YKxVYeVxe33wedbsjc","scope":"snsapi_login","unionid":"o_DW-wAhx4vi6p7AwX1A649NNdhY"}
    [code] => 200
)

]
[14:12:31][2017-02-06 14:12:31|||type|||wechat|||$aRs|||Array
(
    [data] => {"access_token":"Jbpru-P7CRs21qauTswo8A-o0qLgHIwYt6iItsO8mEVJi_aFUtJfYo0g2XyOwGnwn4FMAs81z2wxhlkxsCoR0jJxmvuseSipABldxtIECxM","expires_in":7200,"refresh_token":"EdOkWCuLkOvLlQ6U0MPX_H7v4UbHfnjPKGkNRhqC8FhavUMd-yNWLDcd31_hROPoWRmftQRuDoqQtlbVl3b-V5gQEwunCP5hmcu1TV9Jgqo","openid":"o8QnKv9Pm3YKxVYeVxe33wedbsjc","scope":"snsapi_login","unionid":"o_DW-wAhx4vi6p7AwX1A649NNdhY"}
    [code] => 200
)

]
[14:13:03][2017-02-06 14:13:03|||type|||wechat|||$aRs|||Array
(
    [data] => {"access_token":"s6cMihTZUyVC7MI6Hw3_FgxKgBp81pk_Ki-cd5iDvD0uwCSf--yQA2nqtqOyydDwJWIxNZFxxpjOoKtan6oZVhtl2jdniAUB_1BkQ1maXzQ","expires_in":7200,"refresh_token":"PrDu_sRZA824CEf0-WJZVcyOrAcbUYN7li1lZTmAdc1e2H47NNktUC2RL1dWze7keu_L7fuAQYfaOM40-TZlFvtdz_lAB5CwCSiA9RwrHrE","openid":"o8QnKv9Pm3YKxVYeVxe33wedbsjc","scope":"snsapi_login","unionid":"o_DW-wAhx4vi6p7AwX1A649NNdhY"}
    [code] => 200
)

]
[14:59:53][2017-02-06 14:59:53|||type|||qq|||qq_user_info|||Array
(
    [ret] => 0
    [msg] => 
    [is_lost] => 0
    [nickname] => 丛林拓者
    [gender] => 男
    [province] => 
    [city] => 
    [year] => 1993
    [figureurl] => http://qzapp.qlogo.cn/qzapp/101372824/2D268DDDFBF49D33C609B7E4D1D88D69/30
    [figureurl_1] => http://qzapp.qlogo.cn/qzapp/101372824/2D268DDDFBF49D33C609B7E4D1D88D69/50
    [figureurl_2] => http://qzapp.qlogo.cn/qzapp/101372824/2D268DDDFBF49D33C609B7E4D1D88D69/100
    [figureurl_qq_1] => http://q.qlogo.cn/qqapp/101372824/2D268DDDFBF49D33C609B7E4D1D88D69/40
    [figureurl_qq_2] => http://q.qlogo.cn/qqapp/101372824/2D268DDDFBF49D33C609B7E4D1D88D69/100
    [is_yellow_vip] => 0
    [vip] => 0
    [yellow_vip_level] => 0
    [level] => 0
    [is_yellow_year_vip] => 0
)

]
[16:04:04][2017-02-06 16:04:04|||type|||qq|||qq_user_info|||Array
(
    [ret] => 0
    [msg] => 
    [is_lost] => 0
    [nickname] => ☆★☆★
    [gender] => 男
    [province] => 福建
    [city] => 
    [year] => 1988
    [figureurl] => http://qzapp.qlogo.cn/qzapp/101372824/FF931F4296E447FA5531B68FD74B2105/30
    [figureurl_1] => http://qzapp.qlogo.cn/qzapp/101372824/FF931F4296E447FA5531B68FD74B2105/50
    [figureurl_2] => http://qzapp.qlogo.cn/qzapp/101372824/FF931F4296E447FA5531B68FD74B2105/100
    [figureurl_qq_1] => http://q.qlogo.cn/qqapp/101372824/FF931F4296E447FA5531B68FD74B2105/40
    [figureurl_qq_2] => http://q.qlogo.cn/qqapp/101372824/FF931F4296E447FA5531B68FD74B2105/100
    [is_yellow_vip] => 0
    [vip] => 0
    [yellow_vip_level] => 0
    [level] => 0
    [is_yellow_year_vip] => 0
)

]
[21:37:53][2017-02-06 21:37:53|||type|||qq|||qq_user_info|||Array
(
    [ret] => 0
    [msg] => 
    [is_lost] => 0
    [nickname] => ☆★☆★
    [gender] => 男
    [province] => 福建
    [city] => 
    [year] => 1988
    [figureurl] => http://qzapp.qlogo.cn/qzapp/101372824/FF931F4296E447FA5531B68FD74B2105/30
    [figureurl_1] => http://qzapp.qlogo.cn/qzapp/101372824/FF931F4296E447FA5531B68FD74B2105/50
    [figureurl_2] => http://qzapp.qlogo.cn/qzapp/101372824/FF931F4296E447FA5531B68FD74B2105/100
    [figureurl_qq_1] => http://q.qlogo.cn/qqapp/101372824/FF931F4296E447FA5531B68FD74B2105/40
    [figureurl_qq_2] => http://q.qlogo.cn/qqapp/101372824/FF931F4296E447FA5531B68FD74B2105/100
    [is_yellow_vip] => 0
    [vip] => 0
    [yellow_vip_level] => 0
    [level] => 0
    [is_yellow_year_vip] => 0
)

]
[21:41:45][2017-02-06 21:41:45|||type|||qq|||qq_user_info|||Array
(
    [ret] => 0
    [msg] => 
    [is_lost] => 0
    [nickname] => ☆★☆★
    [gender] => 男
    [province] => 福建
    [city] => 
    [year] => 1988
    [figureurl] => http://qzapp.qlogo.cn/qzapp/101372824/FF931F4296E447FA5531B68FD74B2105/30
    [figureurl_1] => http://qzapp.qlogo.cn/qzapp/101372824/FF931F4296E447FA5531B68FD74B2105/50
    [figureurl_2] => http://qzapp.qlogo.cn/qzapp/101372824/FF931F4296E447FA5531B68FD74B2105/100
    [figureurl_qq_1] => http://q.qlogo.cn/qqapp/101372824/FF931F4296E447FA5531B68FD74B2105/40
    [figureurl_qq_2] => http://q.qlogo.cn/qqapp/101372824/FF931F4296E447FA5531B68FD74B2105/100
    [is_yellow_vip] => 0
    [vip] => 0
    [yellow_vip_level] => 0
    [level] => 0
    [is_yellow_year_vip] => 0
)

]
