[13:10:37][2017-01-24 13:10:37|||type|||qq|||qq_user_info|||{
    "ret": 0,
    "msg": "",
    "is_lost":0,
    "nickname": "丛林拓者",
    "gender": "男",
    "province": "",
    "city": "",
    "year": "1993",
    "figureurl": "http:\/\/qzapp.qlogo.cn\/qzapp\/101372824\/2D268DDDFBF49D33C609B7E4D1D88D69\/30",
    "figureurl_1": "http:\/\/qzapp.qlogo.cn\/qzapp\/101372824\/2D268DDDFBF49D33C609B7E4D1D88D69\/50",
    "figureurl_2": "http:\/\/qzapp.qlogo.cn\/qzapp\/101372824\/2D268DDDFBF49D33C609B7E4D1D88D69\/100",
    "figureurl_qq_1": "http:\/\/q.qlogo.cn\/qqapp\/101372824\/2D268DDDFBF49D33C609B7E4D1D88D69\/40",
    "figureurl_qq_2": "http:\/\/q.qlogo.cn\/qqapp\/101372824\/2D268DDDFBF49D33C609B7E4D1D88D69\/100",
    "is_yellow_vip": "0",
    "vip": "0",
    "yellow_vip_level": "0",
    "level": "0",
    "is_yellow_year_vip": "0"
}

]
[13:43:45][2017-01-24 13:43:45|||type|||wechat|||$aRs|||
]
[14:43:10][2017-01-24 14:43:10|||type|||wechat|||$aRs|||Array
(
    [data] => {"access_token":"e3wJPqgqc69Zvq190wo6AI3sogSOL5Gwt9GdXaFncyw7kvdLHH1v9VU4zInBPxkJu2cstXfpHBZqSnK8BjDu6POJcDOisoMsICKY2OOPHpA","expires_in":7200,"refresh_token":"U8EymkG8WBNpU1e-9vmMF267t1-in2ld5fqceuIOOENMSCDhTi__8y34gVr9IaIgg9V1ZQoi2MC4vZg5GJHyznYwYjJLHiFuJfRdPy8BNC0","openid":"o8QnKv9Pm3YKxVYeVxe33wedbsjc","scope":"snsapi_login","unionid":"o_DW-wAhx4vi6p7AwX1A649NNdhY"}
    [code] => 200
)

]
[14:44:55][2017-01-24 14:44:55|||type|||wechat|||$aRs|||Array
(
    [data] => {"access_token":"oANIqY1UIBA_QU-Fg_rlmvLSqqejxvOSZBaJkB8K4tWVea52Bq1muNZvq0yV0S2vK_gnTVnbjWapM1doT_GR7snlgDKDPVRjP3p3giiOADc","expires_in":7200,"refresh_token":"BE7tctUb9BoC5dqBvQSqbJ7F37nSevZtE7Fc3AcqjlIPitEcWGfyq6r0oXJ8bW_SE2pG2FPmEq1q4gOTqWGYQUmIywHQsJ9F-3q7JBqvuh4","openid":"o8QnKv9Pm3YKxVYeVxe33wedbsjc","scope":"snsapi_login","unionid":"o_DW-wAhx4vi6p7AwX1A649NNdhY"}
    [code] => 200
)

]
[14:45:07][2017-01-24 14:45:07|||type|||wechat|||$aRs|||Array
(
    [data] => {"access_token":"gnN1ZwkPZ02O-KKpEUdgfvD3bJVHgrI2AhbwQl_lcgAB7hdHJtGueHRkQtqVq5i0g7GSIRMian5wTG1WphwY09OD2QQyV-Oii-qdZLpGWs4","expires_in":7200,"refresh_token":"8XalwEHaMM6VlKrcuUZ3zn15sUppVmCxybqogIDApYtbDyqVws3FYE4BZIef-b6oV7loE6vfdR8qfOrC_iXBEH2OI4BoUe1Xf43L9lJ53tY","openid":"o8QnKv9Pm3YKxVYeVxe33wedbsjc","scope":"snsapi_login","unionid":"o_DW-wAhx4vi6p7AwX1A649NNdhY"}
    [code] => 200
)

]
[14:48:11][2017-01-24 14:48:11|||type|||wechat|||$aRs|||Array
(
    [data] => {"access_token":"CsC0jV4SIwqvzgzxuTawtnax-uue5X08MvNuLNF_H2oQSAcv8jLFhV-cPdwCK6SqAhhvEoRhboEcrkL4KJipQ6dbwD0vkSXTUQPq6IX_1CM","expires_in":7200,"refresh_token":"BIvoekY7_uh8mLKBK7eb-1Y_2x-h6LQ80euZSU7cKniZStAWmlk3q7Nyw2L7z2sXNT64vsHeH7DXf80q-aLJF2IPqIwC5o5DYEHMOj-IeqU","openid":"o8QnKv9Pm3YKxVYeVxe33wedbsjc","scope":"snsapi_login","unionid":"o_DW-wAhx4vi6p7AwX1A649NNdhY"}
    [code] => 200
)

]
[14:48:48][2017-01-24 14:48:48|||type|||wechat|||$aRs|||Array
(
    [data] => {"access_token":"V5WLSWXbB1zwoXq3-Zy3dV2AztpSQbi8ckQYhnCjclS0ZkFyqyC8WaPN9AETnMLalUFnjaIfScKY21CicWjRM5Es6soW5fWq_sRsIWz1FIQ","expires_in":7200,"refresh_token":"0SqBisap1uVHy96e6dkkhC3MDSNgOpN2miukwrm83CmzTKT7yut_spza7A0aMZlkgU6EYt9bJ3SnghGgSqVgRs2YcdWiyMwZcmod2ai33Lw","openid":"o8QnKv9Pm3YKxVYeVxe33wedbsjc","scope":"snsapi_login","unionid":"o_DW-wAhx4vi6p7AwX1A649NNdhY"}
    [code] => 200
)

]
[14:49:10][2017-01-24 14:49:10|||type|||wechat|||$aRs|||Array
(
    [data] => {"access_token":"74WYy8zkS9RQkaB6_g5P2iiHsO7y0xG4Jkhw5g-kGY003Fy10LWNrbFBzZwT3lWeX-5EMA1SIjFG31XaoQH7qBQw7huIPobYgP4YiwwHKyg","expires_in":7200,"refresh_token":"neCc3ADkHm9tRHTApwEd4LVkhXjUN63KXlabHYseZti5AYtCtblhep8LCLJGmFYd-x_tEIl-Fvy-NU4koh7Gg0gRDLE4rrxm_cABFmc3V28","openid":"o8QnKv9Pm3YKxVYeVxe33wedbsjc","scope":"snsapi_login","unionid":"o_DW-wAhx4vi6p7AwX1A649NNdhY"}
    [code] => 200
)

]
[14:50:36][2017-01-24 14:50:36|||type|||wechat|||$aRs|||Array
(
    [data] => {"access_token":"a2TQPSTjMpJDfXz9HId44p0-D5f47oVghxCmEk-ZHqMIuhApq_yetkSj3k2U-ZbCqjIhVHx_J7tqtmZHHjItckV1qw6V-ByxCPzdaU9x3Ro","expires_in":7200,"refresh_token":"a2TQPSTjMpJDfXz9HId44vUFkC1FEfKzRQ1qDXcWE5UlzbVCI_V_iu6oZfRDscE7BuTXSKEePRO1XIXbFXD9FjIrmPTuuFd4GkmREGh5lmY","openid":"o8QnKv9Pm3YKxVYeVxe33wedbsjc","scope":"snsapi_login","unionid":"o_DW-wAhx4vi6p7AwX1A649NNdhY"}
    [code] => 200
)

]
[14:50:45][2017-01-24 14:50:45|||type|||wechat|||$aRs|||Array
(
    [data] => {"access_token":"So8p2wEbAQ1eGOrlIyAv0EfDVPMql40RFhUne1FoR2VMjJ7ZMXBil76Y4zMciLrk62S3teMlFya800vlKikJhwe14KgYO9e2IMVIbXUbmQY","expires_in":7200,"refresh_token":"nApxbEe6pL5Q-ubQclT-amcK8weT5q0TPmWiVrgSV_8INXHQs6vVi7AaJlG5lPDYw_j_W8SjyCc1MZ4YtNSm6dDrLGjtVYVL8Lkx7lIkuXk","openid":"o8QnKv9Pm3YKxVYeVxe33wedbsjc","scope":"snsapi_login","unionid":"o_DW-wAhx4vi6p7AwX1A649NNdhY"}
    [code] => 200
)

]
[14:51:16][2017-01-24 14:51:16|||type|||wechat|||$aRs|||Array
(
    [data] => {"access_token":"0SqBisap1uVHy96e6dkkhHiB3VL8dJFw-6I2HNE0j4BzQRIOuFHcHL09SIYlpxHZRqtNRdJ816SMXLydWIKY37z5Tw4Wg2LCpkFg4krzOVs","expires_in":7200,"refresh_token":"JYYw0aKqGBsxW7C_oPY50gEOIbuBtQYCaii6OosSN8MAtRscB32b6XVjc00FzRHaz0Wm9pSDLOBVBhAO3jYU6aPor4_4mnPVWrCq3cQwvO4","openid":"o8QnKv9Pm3YKxVYeVxe33wedbsjc","scope":"snsapi_login","unionid":"o_DW-wAhx4vi6p7AwX1A649NNdhY"}
    [code] => 200
)

]
[14:52:01][2017-01-24 14:52:01|||type|||wechat|||$aRs|||Array
(
    [data] => {"access_token":"9yO7lAsz4AixNRPacBoKCVelgu5P3dHZt7mFDbh89jl_uuSqq6RFLaS_aQLeQgyWA01nSEqT97dl8mjmTQkxLTTz3gHaowp1XeaoNeuhjyI","expires_in":7200,"refresh_token":"3MboO_d8uQsNISNBBPWRV87y10xVFlP5vp1GAgm2IfqDFl_nXThebo7IltuOFOuxFBqf0h34nOnd7EA1FH_m6296PYMLXOUzUvQHE6EB30w","openid":"o8QnKv9Pm3YKxVYeVxe33wedbsjc","scope":"snsapi_login","unionid":"o_DW-wAhx4vi6p7AwX1A649NNdhY"}
    [code] => 200
)

]
[14:52:51][2017-01-24 14:52:51|||type|||wechat|||$aRs|||Array
(
    [data] => {"access_token":"6-ip8SqxzqB2eufOqVeLnFvBwxZ31BvOVzoUsTTOCYI-b5aHLclpbu-5vkwYvR2_hQXHWAGYjmvkD7kCJoXzaH7eSQsHO-Ay10ZIGz7Nnyc","expires_in":7200,"refresh_token":"p9EkqEwGRNdd9u0ymBfj_jGId0Jf7pNRrEDTSMP5OuR0P-Ys-jEkRqfB19hfnOmzi5e5WJzJOpVgmjeEbsIq6xQcNegGvi7yhmT1336PL4Q","openid":"o8QnKv9Pm3YKxVYeVxe33wedbsjc","scope":"snsapi_login","unionid":"o_DW-wAhx4vi6p7AwX1A649NNdhY"}
    [code] => 200
)

]
[14:56:08][2017-01-24 14:56:08|||type|||wechat|||$aRs|||Array
(
    [data] => {"access_token":"IEA8ncfGSzw5yVAfZRY9-0i3bcuMu2v2orCtMHyZTsFeCIOsn07JACyTn9h_O3byfwiZpVa5TkxkASRkR0IvZ_eoWfSsTQ9EkH2vq02fJzc","expires_in":7200,"refresh_token":"Pg6OjO07vg8KvD7JkaLohqsond5zDyETC6TAe9TzMK9SBd4t7fjA1ST2QGkQmq4HdSHp2felY4WpxTX1-YgtyQ0ZnVc7gN0qGe6vRDfFe2I","openid":"o8QnKv9Pm3YKxVYeVxe33wedbsjc","scope":"snsapi_login","unionid":"o_DW-wAhx4vi6p7AwX1A649NNdhY"}
    [code] => 200
)

]
[15:15:34][2017-01-24 15:15:34|||type|||wechat|||$aRs|||Array
(
    [data] => {"access_token":"DgK8NZp3pz_N6mdRaDoNiuvRGqhIT_FaEjZsWTPfsGRSDZ9ceZ2MfKVxajAvG1JlmiMeWpgZYsooI67xVPGKEALDO5j8PM8HXj5TQz6NN3Y","expires_in":7200,"refresh_token":"-sh01n0KNXuPcbOxnHrJKZ9EtG_cHDdjzK4tLxTVmKFJe7ZRMnJxaWCT3SPLULQftoJZ5UMVPUCmKoVaA_RVPrxZTZkQp56dMcUTaYAMnwE","openid":"o8QnKv9Pm3YKxVYeVxe33wedbsjc","scope":"snsapi_login","unionid":"o_DW-wAhx4vi6p7AwX1A649NNdhY"}
    [code] => 200
)

]
