[10:33:25][|-Param-|Array
(
    [UserID] => 178
    [bid] => 23
    [trade_acco] => 1191
    [ta_acco] => B01000010000
    [oldBid] => 19
    [origin_tradeacco] => 1184
)
]
[10:33:26][|-rs-|Array
(
    [data] => Array
        (
            [0] => Array
                (
                    [success_type] => 0
                    [origin_tradeacco] => 1184
                    [error_code] => 
                    [error_info] => 
                )

        )

)
]
[10:34:45][|-Param-|Array
(
    [UserID] => 178
    [bid] => 19
    [trade_acco] => 1184
    [ta_acco] => B01000010000
    [oldBid] => 23
    [origin_tradeacco] => 1191
)
]
[10:34:45][|-rs-|Array
(
    [data] => Array
        (
            [0] => Array
                (
                    [success_type] => 0
                    [origin_tradeacco] => 1191
                    [error_code] => 
                    [error_info] => 
                )

        )

)
]
[13:50:13][|-Param-|Array
(
    [UserID] => 166
    [bid] => 31
    [trade_acco] => 1199
    [ta_acco] => 
    [oldBid] => 20
    [origin_tradeacco] => 1188
)
]
[13:50:13][|-rs-|Array
(
    [data] => Array
        (
            [0] => Array
                (
                    [success_type] => 2
                    [origin_tradeacco] => 
                    [error_code] => 1365
                    [error_info] => 基金账号不能为空
                )

        )

)
]
[14:21:30][|-Param-|Array
(
    [UserID] => 225
    [bid] => 32
    [trade_acco] => 1200
    [ta_acco] => *B0000001197
    [oldBid] => 29
    [origin_tradeacco] => 1197
)
]
[14:21:30][|-rs-|Array
(
    [data] => Array
        (
            [0] => Array
                (
                    [success_type] => 2
                    [origin_tradeacco] => 
                    [error_code] => 0106
                    [error_info] => 基金账号状态是[新开户],不能做该交易[058]
                )

        )

)
]
