[13:17:40][|-Param-|Array
(
    [request_num] => 50
)
]
[13:17:41][|-rs-|Array
(
    [data] => Array
        (
            [0] => Array
                (
                    [question_content] => 01 您所处的年龄段是： (  )
                    [rowcount] => 9
                    [success_type] => 0
                    [answer_object] => 1
                    [question_no] => 1
                    [error_code] => 
                    [total_count] => 
                    [error_info] => 
                    [order_no] => 1
                )

            [1] => Array
                (
                    [question_content] => 02 您每月的可支配收入范围： (  )
                    [rowcount] => 9
                    [success_type] => 0
                    [answer_object] => 1
                    [question_no] => 2
                    [error_code] => 
                    [total_count] => 
                    [error_info] => 
                    [order_no] => 3
                )

            [2] => Array
                (
                    [question_content] => 03 您曾经投资过以下哪些金融产品： (  )
                    [rowcount] => 9
                    [success_type] => 0
                    [answer_object] => 1
                    [question_no] => 3
                    [error_code] => 
                    [total_count] => 
                    [error_info] => 
                    [order_no] => 4
                )

            [3] => Array
                (
                    [question_content] => 04 您准备投资的资金占到您个人或者家庭资产（包括固定和流动资产）的比例范围：  (  )
                    [rowcount] => 9
                    [success_type] => 0
                    [answer_object] => 1
                    [question_no] => 4
                    [error_code] => 
                    [total_count] => 
                    [error_info] => 
                    [order_no] => 5
                )

            [4] => Array
                (
                    [question_content] => 05 您从什么渠道开始对基金产生兴趣并准备开始投资： (  )
                    [rowcount] => 9
                    [success_type] => 0
                    [answer_object] => 1
                    [question_no] => 5
                    [error_code] => 
                    [total_count] => 
                    [error_info] => 
                    [order_no] => 6
                )

            [5] => Array
                (
                    [question_content] => 06 您认为投资基金的哪个方面最吸引您： (  )
                    [rowcount] => 9
                    [success_type] => 0
                    [answer_object] => 1
                    [question_no] => 6
                    [error_code] => 
                    [total_count] => 
                    [error_info] => 
                    [order_no] => 7
                )

            [6] => Array
                (
                    [question_content] => 07 您曾经购买过何种类型的基金产品： (  )
                    [rowcount] => 9
                    [success_type] => 0
                    [answer_object] => 1
                    [question_no] => 7
                    [error_code] => 
                    [total_count] => 
                    [error_info] => 
                    [order_no] => 8
                )

            [7] => Array
                (
                    [question_content] => 08 您大约会持有这项投资计划多久，才有可能动用其中的大部分资金： (  )
                    [rowcount] => 9
                    [success_type] => 0
                    [answer_object] => 1
                    [question_no] => 8
                    [error_code] => 
                    [total_count] => 
                    [error_info] => 
                    [order_no] => 9
                )

            [8] => Array
                (
                    [question_content] => 09 当您选择了一项投资工具，相信它在未来一段期间将翻番，可是不久却下跌了20%，这时您将： (  )
                    [rowcount] => 9
                    [success_type] => 0
                    [answer_object] => 1
                    [question_no] => 9
                    [error_code] => 
                    [total_count] => 
                    [error_info] => 
                    [order_no] => 10
                )

        )

)
]
[13:20:50][|-Param-|Array
(
    [request_num] => 50
)
]
[13:20:50][|-rs-|Array
(
    [data] => Array
        (
            [0] => Array
                (
                    [question_content] => 01 您所处的年龄段是： (  )
                    [rowcount] => 9
                    [success_type] => 0
                    [answer_object] => 1
                    [question_no] => 1
                    [error_code] => 
                    [total_count] => 
                    [error_info] => 
                    [order_no] => 1
                )

            [1] => Array
                (
                    [question_content] => 02 您每月的可支配收入范围： (  )
                    [rowcount] => 9
                    [success_type] => 0
                    [answer_object] => 1
                    [question_no] => 2
                    [error_code] => 
                    [total_count] => 
                    [error_info] => 
                    [order_no] => 3
                )

            [2] => Array
                (
                    [question_content] => 03 您曾经投资过以下哪些金融产品： (  )
                    [rowcount] => 9
                    [success_type] => 0
                    [answer_object] => 1
                    [question_no] => 3
                    [error_code] => 
                    [total_count] => 
                    [error_info] => 
                    [order_no] => 4
                )

            [3] => Array
                (
                    [question_content] => 04 您准备投资的资金占到您个人或者家庭资产（包括固定和流动资产）的比例范围：  (  )
                    [rowcount] => 9
                    [success_type] => 0
                    [answer_object] => 1
                    [question_no] => 4
                    [error_code] => 
                    [total_count] => 
                    [error_info] => 
                    [order_no] => 5
                )

            [4] => Array
                (
                    [question_content] => 05 您从什么渠道开始对基金产生兴趣并准备开始投资： (  )
                    [rowcount] => 9
                    [success_type] => 0
                    [answer_object] => 1
                    [question_no] => 5
                    [error_code] => 
                    [total_count] => 
                    [error_info] => 
                    [order_no] => 6
                )

            [5] => Array
                (
                    [question_content] => 06 您认为投资基金的哪个方面最吸引您： (  )
                    [rowcount] => 9
                    [success_type] => 0
                    [answer_object] => 1
                    [question_no] => 6
                    [error_code] => 
                    [total_count] => 
                    [error_info] => 
                    [order_no] => 7
                )

            [6] => Array
                (
                    [question_content] => 07 您曾经购买过何种类型的基金产品： (  )
                    [rowcount] => 9
                    [success_type] => 0
                    [answer_object] => 1
                    [question_no] => 7
                    [error_code] => 
                    [total_count] => 
                    [error_info] => 
                    [order_no] => 8
                )

            [7] => Array
                (
                    [question_content] => 08 您大约会持有这项投资计划多久，才有可能动用其中的大部分资金： (  )
                    [rowcount] => 9
                    [success_type] => 0
                    [answer_object] => 1
                    [question_no] => 8
                    [error_code] => 
                    [total_count] => 
                    [error_info] => 
                    [order_no] => 9
                )

            [8] => Array
                (
                    [question_content] => 09 当您选择了一项投资工具，相信它在未来一段期间将翻番，可是不久却下跌了20%，这时您将： (  )
                    [rowcount] => 9
                    [success_type] => 0
                    [answer_object] => 1
                    [question_no] => 9
                    [error_code] => 
                    [total_count] => 
                    [error_info] => 
                    [order_no] => 10
                )

        )

)
]
[13:21:51][|-Param-|Array
(
    [request_num] => 50
)
]
[13:21:51][|-rs-|Array
(
    [data] => Array
        (
            [0] => Array
                (
                    [question_content] => 01 您所处的年龄段是： (  )
                    [rowcount] => 9
                    [success_type] => 0
                    [answer_object] => 1
                    [question_no] => 1
                    [error_code] => 
                    [total_count] => 
                    [error_info] => 
                    [order_no] => 1
                )

            [1] => Array
                (
                    [question_content] => 02 您每月的可支配收入范围： (  )
                    [rowcount] => 9
                    [success_type] => 0
                    [answer_object] => 1
                    [question_no] => 2
                    [error_code] => 
                    [total_count] => 
                    [error_info] => 
                    [order_no] => 3
                )

            [2] => Array
                (
                    [question_content] => 03 您曾经投资过以下哪些金融产品： (  )
                    [rowcount] => 9
                    [success_type] => 0
                    [answer_object] => 1
                    [question_no] => 3
                    [error_code] => 
                    [total_count] => 
                    [error_info] => 
                    [order_no] => 4
                )

            [3] => Array
                (
                    [question_content] => 04 您准备投资的资金占到您个人或者家庭资产（包括固定和流动资产）的比例范围：  (  )
                    [rowcount] => 9
                    [success_type] => 0
                    [answer_object] => 1
                    [question_no] => 4
                    [error_code] => 
                    [total_count] => 
                    [error_info] => 
                    [order_no] => 5
                )

            [4] => Array
                (
                    [question_content] => 05 您从什么渠道开始对基金产生兴趣并准备开始投资： (  )
                    [rowcount] => 9
                    [success_type] => 0
                    [answer_object] => 1
                    [question_no] => 5
                    [error_code] => 
                    [total_count] => 
                    [error_info] => 
                    [order_no] => 6
                )

            [5] => Array
                (
                    [question_content] => 06 您认为投资基金的哪个方面最吸引您： (  )
                    [rowcount] => 9
                    [success_type] => 0
                    [answer_object] => 1
                    [question_no] => 6
                    [error_code] => 
                    [total_count] => 
                    [error_info] => 
                    [order_no] => 7
                )

            [6] => Array
                (
                    [question_content] => 07 您曾经购买过何种类型的基金产品： (  )
                    [rowcount] => 9
                    [success_type] => 0
                    [answer_object] => 1
                    [question_no] => 7
                    [error_code] => 
                    [total_count] => 
                    [error_info] => 
                    [order_no] => 8
                )

            [7] => Array
                (
                    [question_content] => 08 您大约会持有这项投资计划多久，才有可能动用其中的大部分资金： (  )
                    [rowcount] => 9
                    [success_type] => 0
                    [answer_object] => 1
                    [question_no] => 8
                    [error_code] => 
                    [total_count] => 
                    [error_info] => 
                    [order_no] => 9
                )

            [8] => Array
                (
                    [question_content] => 09 当您选择了一项投资工具，相信它在未来一段期间将翻番，可是不久却下跌了20%，这时您将： (  )
                    [rowcount] => 9
                    [success_type] => 0
                    [answer_object] => 1
                    [question_no] => 9
                    [error_code] => 
                    [total_count] => 
                    [error_info] => 
                    [order_no] => 10
                )

        )

)
]
[13:22:32][|-Param-|Array
(
    [request_num] => 50
)
]
[13:22:32][|-rs-|Array
(
    [data] => Array
        (
            [0] => Array
                (
                    [question_content] => 01 您所处的年龄段是： (  )
                    [rowcount] => 9
                    [success_type] => 0
                    [answer_object] => 1
                    [question_no] => 1
                    [error_code] => 
                    [total_count] => 
                    [error_info] => 
                    [order_no] => 1
                )

            [1] => Array
                (
                    [question_content] => 02 您每月的可支配收入范围： (  )
                    [rowcount] => 9
                    [success_type] => 0
                    [answer_object] => 1
                    [question_no] => 2
                    [error_code] => 
                    [total_count] => 
                    [error_info] => 
                    [order_no] => 3
                )

            [2] => Array
                (
                    [question_content] => 03 您曾经投资过以下哪些金融产品： (  )
                    [rowcount] => 9
                    [success_type] => 0
                    [answer_object] => 1
                    [question_no] => 3
                    [error_code] => 
                    [total_count] => 
                    [error_info] => 
                    [order_no] => 4
                )

            [3] => Array
                (
                    [question_content] => 04 您准备投资的资金占到您个人或者家庭资产（包括固定和流动资产）的比例范围：  (  )
                    [rowcount] => 9
                    [success_type] => 0
                    [answer_object] => 1
                    [question_no] => 4
                    [error_code] => 
                    [total_count] => 
                    [error_info] => 
                    [order_no] => 5
                )

            [4] => Array
                (
                    [question_content] => 05 您从什么渠道开始对基金产生兴趣并准备开始投资： (  )
                    [rowcount] => 9
                    [success_type] => 0
                    [answer_object] => 1
                    [question_no] => 5
                    [error_code] => 
                    [total_count] => 
                    [error_info] => 
                    [order_no] => 6
                )

            [5] => Array
                (
                    [question_content] => 06 您认为投资基金的哪个方面最吸引您： (  )
                    [rowcount] => 9
                    [success_type] => 0
                    [answer_object] => 1
                    [question_no] => 6
                    [error_code] => 
                    [total_count] => 
                    [error_info] => 
                    [order_no] => 7
                )

            [6] => Array
                (
                    [question_content] => 07 您曾经购买过何种类型的基金产品： (  )
                    [rowcount] => 9
                    [success_type] => 0
                    [answer_object] => 1
                    [question_no] => 7
                    [error_code] => 
                    [total_count] => 
                    [error_info] => 
                    [order_no] => 8
                )

            [7] => Array
                (
                    [question_content] => 08 您大约会持有这项投资计划多久，才有可能动用其中的大部分资金： (  )
                    [rowcount] => 9
                    [success_type] => 0
                    [answer_object] => 1
                    [question_no] => 8
                    [error_code] => 
                    [total_count] => 
                    [error_info] => 
                    [order_no] => 9
                )

            [8] => Array
                (
                    [question_content] => 09 当您选择了一项投资工具，相信它在未来一段期间将翻番，可是不久却下跌了20%，这时您将： (  )
                    [rowcount] => 9
                    [success_type] => 0
                    [answer_object] => 1
                    [question_no] => 9
                    [error_code] => 
                    [total_count] => 
                    [error_info] => 
                    [order_no] => 10
                )

        )

)
]
[13:22:42][|-Param-|Array
(
    [request_num] => 50
)
]
[13:22:42][|-rs-|Array
(
    [data] => Array
        (
            [0] => Array
                (
                    [question_content] => 01 您所处的年龄段是： (  )
                    [rowcount] => 9
                    [success_type] => 0
                    [answer_object] => 1
                    [question_no] => 1
                    [error_code] => 
                    [total_count] => 
                    [error_info] => 
                    [order_no] => 1
                )

            [1] => Array
                (
                    [question_content] => 02 您每月的可支配收入范围： (  )
                    [rowcount] => 9
                    [success_type] => 0
                    [answer_object] => 1
                    [question_no] => 2
                    [error_code] => 
                    [total_count] => 
                    [error_info] => 
                    [order_no] => 3
                )

            [2] => Array
                (
                    [question_content] => 03 您曾经投资过以下哪些金融产品： (  )
                    [rowcount] => 9
                    [success_type] => 0
                    [answer_object] => 1
                    [question_no] => 3
                    [error_code] => 
                    [total_count] => 
                    [error_info] => 
                    [order_no] => 4
                )

            [3] => Array
                (
                    [question_content] => 04 您准备投资的资金占到您个人或者家庭资产（包括固定和流动资产）的比例范围：  (  )
                    [rowcount] => 9
                    [success_type] => 0
                    [answer_object] => 1
                    [question_no] => 4
                    [error_code] => 
                    [total_count] => 
                    [error_info] => 
                    [order_no] => 5
                )

            [4] => Array
                (
                    [question_content] => 05 您从什么渠道开始对基金产生兴趣并准备开始投资： (  )
                    [rowcount] => 9
                    [success_type] => 0
                    [answer_object] => 1
                    [question_no] => 5
                    [error_code] => 
                    [total_count] => 
                    [error_info] => 
                    [order_no] => 6
                )

            [5] => Array
                (
                    [question_content] => 06 您认为投资基金的哪个方面最吸引您： (  )
                    [rowcount] => 9
                    [success_type] => 0
                    [answer_object] => 1
                    [question_no] => 6
                    [error_code] => 
                    [total_count] => 
                    [error_info] => 
                    [order_no] => 7
                )

            [6] => Array
                (
                    [question_content] => 07 您曾经购买过何种类型的基金产品： (  )
                    [rowcount] => 9
                    [success_type] => 0
                    [answer_object] => 1
                    [question_no] => 7
                    [error_code] => 
                    [total_count] => 
                    [error_info] => 
                    [order_no] => 8
                )

            [7] => Array
                (
                    [question_content] => 08 您大约会持有这项投资计划多久，才有可能动用其中的大部分资金： (  )
                    [rowcount] => 9
                    [success_type] => 0
                    [answer_object] => 1
                    [question_no] => 8
                    [error_code] => 
                    [total_count] => 
                    [error_info] => 
                    [order_no] => 9
                )

            [8] => Array
                (
                    [question_content] => 09 当您选择了一项投资工具，相信它在未来一段期间将翻番，可是不久却下跌了20%，这时您将： (  )
                    [rowcount] => 9
                    [success_type] => 0
                    [answer_object] => 1
                    [question_no] => 9
                    [error_code] => 
                    [total_count] => 
                    [error_info] => 
                    [order_no] => 10
                )

        )

)
]
[13:23:34][|-Param-|Array
(
    [request_num] => 50
)
]
[13:23:34][|-rs-|Array
(
    [data] => Array
        (
            [0] => Array
                (
                    [question_content] => 01 您所处的年龄段是： (  )
                    [rowcount] => 9
                    [success_type] => 0
                    [answer_object] => 1
                    [question_no] => 1
                    [error_code] => 
                    [total_count] => 
                    [error_info] => 
                    [order_no] => 1
                )

            [1] => Array
                (
                    [question_content] => 02 您每月的可支配收入范围： (  )
                    [rowcount] => 9
                    [success_type] => 0
                    [answer_object] => 1
                    [question_no] => 2
                    [error_code] => 
                    [total_count] => 
                    [error_info] => 
                    [order_no] => 3
                )

            [2] => Array
                (
                    [question_content] => 03 您曾经投资过以下哪些金融产品： (  )
                    [rowcount] => 9
                    [success_type] => 0
                    [answer_object] => 1
                    [question_no] => 3
                    [error_code] => 
                    [total_count] => 
                    [error_info] => 
                    [order_no] => 4
                )

            [3] => Array
                (
                    [question_content] => 04 您准备投资的资金占到您个人或者家庭资产（包括固定和流动资产）的比例范围：  (  )
                    [rowcount] => 9
                    [success_type] => 0
                    [answer_object] => 1
                    [question_no] => 4
                    [error_code] => 
                    [total_count] => 
                    [error_info] => 
                    [order_no] => 5
                )

            [4] => Array
                (
                    [question_content] => 05 您从什么渠道开始对基金产生兴趣并准备开始投资： (  )
                    [rowcount] => 9
                    [success_type] => 0
                    [answer_object] => 1
                    [question_no] => 5
                    [error_code] => 
                    [total_count] => 
                    [error_info] => 
                    [order_no] => 6
                )

            [5] => Array
                (
                    [question_content] => 06 您认为投资基金的哪个方面最吸引您： (  )
                    [rowcount] => 9
                    [success_type] => 0
                    [answer_object] => 1
                    [question_no] => 6
                    [error_code] => 
                    [total_count] => 
                    [error_info] => 
                    [order_no] => 7
                )

            [6] => Array
                (
                    [question_content] => 07 您曾经购买过何种类型的基金产品： (  )
                    [rowcount] => 9
                    [success_type] => 0
                    [answer_object] => 1
                    [question_no] => 7
                    [error_code] => 
                    [total_count] => 
                    [error_info] => 
                    [order_no] => 8
                )

            [7] => Array
                (
                    [question_content] => 08 您大约会持有这项投资计划多久，才有可能动用其中的大部分资金： (  )
                    [rowcount] => 9
                    [success_type] => 0
                    [answer_object] => 1
                    [question_no] => 8
                    [error_code] => 
                    [total_count] => 
                    [error_info] => 
                    [order_no] => 9
                )

            [8] => Array
                (
                    [question_content] => 09 当您选择了一项投资工具，相信它在未来一段期间将翻番，可是不久却下跌了20%，这时您将： (  )
                    [rowcount] => 9
                    [success_type] => 0
                    [answer_object] => 1
                    [question_no] => 9
                    [error_code] => 
                    [total_count] => 
                    [error_info] => 
                    [order_no] => 10
                )

        )

)
]
[13:23:36][|-Param-|Array
(
    [request_num] => 50
)
]
[13:23:36][|-rs-|Array
(
    [data] => Array
        (
            [0] => Array
                (
                    [question_content] => 01 您所处的年龄段是： (  )
                    [rowcount] => 9
                    [success_type] => 0
                    [answer_object] => 1
                    [question_no] => 1
                    [error_code] => 
                    [total_count] => 
                    [error_info] => 
                    [order_no] => 1
                )

            [1] => Array
                (
                    [question_content] => 02 您每月的可支配收入范围： (  )
                    [rowcount] => 9
                    [success_type] => 0
                    [answer_object] => 1
                    [question_no] => 2
                    [error_code] => 
                    [total_count] => 
                    [error_info] => 
                    [order_no] => 3
                )

            [2] => Array
                (
                    [question_content] => 03 您曾经投资过以下哪些金融产品： (  )
                    [rowcount] => 9
                    [success_type] => 0
                    [answer_object] => 1
                    [question_no] => 3
                    [error_code] => 
                    [total_count] => 
                    [error_info] => 
                    [order_no] => 4
                )

            [3] => Array
                (
                    [question_content] => 04 您准备投资的资金占到您个人或者家庭资产（包括固定和流动资产）的比例范围：  (  )
                    [rowcount] => 9
                    [success_type] => 0
                    [answer_object] => 1
                    [question_no] => 4
                    [error_code] => 
                    [total_count] => 
                    [error_info] => 
                    [order_no] => 5
                )

            [4] => Array
                (
                    [question_content] => 05 您从什么渠道开始对基金产生兴趣并准备开始投资： (  )
                    [rowcount] => 9
                    [success_type] => 0
                    [answer_object] => 1
                    [question_no] => 5
                    [error_code] => 
                    [total_count] => 
                    [error_info] => 
                    [order_no] => 6
                )

            [5] => Array
                (
                    [question_content] => 06 您认为投资基金的哪个方面最吸引您： (  )
                    [rowcount] => 9
                    [success_type] => 0
                    [answer_object] => 1
                    [question_no] => 6
                    [error_code] => 
                    [total_count] => 
                    [error_info] => 
                    [order_no] => 7
                )

            [6] => Array
                (
                    [question_content] => 07 您曾经购买过何种类型的基金产品： (  )
                    [rowcount] => 9
                    [success_type] => 0
                    [answer_object] => 1
                    [question_no] => 7
                    [error_code] => 
                    [total_count] => 
                    [error_info] => 
                    [order_no] => 8
                )

            [7] => Array
                (
                    [question_content] => 08 您大约会持有这项投资计划多久，才有可能动用其中的大部分资金： (  )
                    [rowcount] => 9
                    [success_type] => 0
                    [answer_object] => 1
                    [question_no] => 8
                    [error_code] => 
                    [total_count] => 
                    [error_info] => 
                    [order_no] => 9
                )

            [8] => Array
                (
                    [question_content] => 09 当您选择了一项投资工具，相信它在未来一段期间将翻番，可是不久却下跌了20%，这时您将： (  )
                    [rowcount] => 9
                    [success_type] => 0
                    [answer_object] => 1
                    [question_no] => 9
                    [error_code] => 
                    [total_count] => 
                    [error_info] => 
                    [order_no] => 10
                )

        )

)
]
[13:23:46][|-Param-|Array
(
    [request_num] => 50
)
]
[13:23:46][|-rs-|Array
(
    [data] => Array
        (
            [0] => Array
                (
                    [question_content] => 01 您所处的年龄段是： (  )
                    [rowcount] => 9
                    [success_type] => 0
                    [answer_object] => 1
                    [question_no] => 1
                    [error_code] => 
                    [total_count] => 
                    [error_info] => 
                    [order_no] => 1
                )

            [1] => Array
                (
                    [question_content] => 02 您每月的可支配收入范围： (  )
                    [rowcount] => 9
                    [success_type] => 0
                    [answer_object] => 1
                    [question_no] => 2
                    [error_code] => 
                    [total_count] => 
                    [error_info] => 
                    [order_no] => 3
                )

            [2] => Array
                (
                    [question_content] => 03 您曾经投资过以下哪些金融产品： (  )
                    [rowcount] => 9
                    [success_type] => 0
                    [answer_object] => 1
                    [question_no] => 3
                    [error_code] => 
                    [total_count] => 
                    [error_info] => 
                    [order_no] => 4
                )

            [3] => Array
                (
                    [question_content] => 04 您准备投资的资金占到您个人或者家庭资产（包括固定和流动资产）的比例范围：  (  )
                    [rowcount] => 9
                    [success_type] => 0
                    [answer_object] => 1
                    [question_no] => 4
                    [error_code] => 
                    [total_count] => 
                    [error_info] => 
                    [order_no] => 5
                )

            [4] => Array
                (
                    [question_content] => 05 您从什么渠道开始对基金产生兴趣并准备开始投资： (  )
                    [rowcount] => 9
                    [success_type] => 0
                    [answer_object] => 1
                    [question_no] => 5
                    [error_code] => 
                    [total_count] => 
                    [error_info] => 
                    [order_no] => 6
                )

            [5] => Array
                (
                    [question_content] => 06 您认为投资基金的哪个方面最吸引您： (  )
                    [rowcount] => 9
                    [success_type] => 0
                    [answer_object] => 1
                    [question_no] => 6
                    [error_code] => 
                    [total_count] => 
                    [error_info] => 
                    [order_no] => 7
                )

            [6] => Array
                (
                    [question_content] => 07 您曾经购买过何种类型的基金产品： (  )
                    [rowcount] => 9
                    [success_type] => 0
                    [answer_object] => 1
                    [question_no] => 7
                    [error_code] => 
                    [total_count] => 
                    [error_info] => 
                    [order_no] => 8
                )

            [7] => Array
                (
                    [question_content] => 08 您大约会持有这项投资计划多久，才有可能动用其中的大部分资金： (  )
                    [rowcount] => 9
                    [success_type] => 0
                    [answer_object] => 1
                    [question_no] => 8
                    [error_code] => 
                    [total_count] => 
                    [error_info] => 
                    [order_no] => 9
                )

            [8] => Array
                (
                    [question_content] => 09 当您选择了一项投资工具，相信它在未来一段期间将翻番，可是不久却下跌了20%，这时您将： (  )
                    [rowcount] => 9
                    [success_type] => 0
                    [answer_object] => 1
                    [question_no] => 9
                    [error_code] => 
                    [total_count] => 
                    [error_info] => 
                    [order_no] => 10
                )

        )

)
]
[13:23:47][|-Param-|Array
(
    [request_num] => 50
)
]
[13:23:47][|-rs-|Array
(
    [data] => Array
        (
            [0] => Array
                (
                    [question_content] => 01 您所处的年龄段是： (  )
                    [rowcount] => 9
                    [success_type] => 0
                    [answer_object] => 1
                    [question_no] => 1
                    [error_code] => 
                    [total_count] => 
                    [error_info] => 
                    [order_no] => 1
                )

            [1] => Array
                (
                    [question_content] => 02 您每月的可支配收入范围： (  )
                    [rowcount] => 9
                    [success_type] => 0
                    [answer_object] => 1
                    [question_no] => 2
                    [error_code] => 
                    [total_count] => 
                    [error_info] => 
                    [order_no] => 3
                )

            [2] => Array
                (
                    [question_content] => 03 您曾经投资过以下哪些金融产品： (  )
                    [rowcount] => 9
                    [success_type] => 0
                    [answer_object] => 1
                    [question_no] => 3
                    [error_code] => 
                    [total_count] => 
                    [error_info] => 
                    [order_no] => 4
                )

            [3] => Array
                (
                    [question_content] => 04 您准备投资的资金占到您个人或者家庭资产（包括固定和流动资产）的比例范围：  (  )
                    [rowcount] => 9
                    [success_type] => 0
                    [answer_object] => 1
                    [question_no] => 4
                    [error_code] => 
                    [total_count] => 
                    [error_info] => 
                    [order_no] => 5
                )

            [4] => Array
                (
                    [question_content] => 05 您从什么渠道开始对基金产生兴趣并准备开始投资： (  )
                    [rowcount] => 9
                    [success_type] => 0
                    [answer_object] => 1
                    [question_no] => 5
                    [error_code] => 
                    [total_count] => 
                    [error_info] => 
                    [order_no] => 6
                )

            [5] => Array
                (
                    [question_content] => 06 您认为投资基金的哪个方面最吸引您： (  )
                    [rowcount] => 9
                    [success_type] => 0
                    [answer_object] => 1
                    [question_no] => 6
                    [error_code] => 
                    [total_count] => 
                    [error_info] => 
                    [order_no] => 7
                )

            [6] => Array
                (
                    [question_content] => 07 您曾经购买过何种类型的基金产品： (  )
                    [rowcount] => 9
                    [success_type] => 0
                    [answer_object] => 1
                    [question_no] => 7
                    [error_code] => 
                    [total_count] => 
                    [error_info] => 
                    [order_no] => 8
                )

            [7] => Array
                (
                    [question_content] => 08 您大约会持有这项投资计划多久，才有可能动用其中的大部分资金： (  )
                    [rowcount] => 9
                    [success_type] => 0
                    [answer_object] => 1
                    [question_no] => 8
                    [error_code] => 
                    [total_count] => 
                    [error_info] => 
                    [order_no] => 9
                )

            [8] => Array
                (
                    [question_content] => 09 当您选择了一项投资工具，相信它在未来一段期间将翻番，可是不久却下跌了20%，这时您将： (  )
                    [rowcount] => 9
                    [success_type] => 0
                    [answer_object] => 1
                    [question_no] => 9
                    [error_code] => 
                    [total_count] => 
                    [error_info] => 
                    [order_no] => 10
                )

        )

)
]
[13:23:52][|-Param-|Array
(
    [request_num] => 50
)
]
[13:23:52][|-rs-|Array
(
    [data] => Array
        (
            [0] => Array
                (
                    [question_content] => 01 您所处的年龄段是： (  )
                    [rowcount] => 9
                    [success_type] => 0
                    [answer_object] => 1
                    [question_no] => 1
                    [error_code] => 
                    [total_count] => 
                    [error_info] => 
                    [order_no] => 1
                )

            [1] => Array
                (
                    [question_content] => 02 您每月的可支配收入范围： (  )
                    [rowcount] => 9
                    [success_type] => 0
                    [answer_object] => 1
                    [question_no] => 2
                    [error_code] => 
                    [total_count] => 
                    [error_info] => 
                    [order_no] => 3
                )

            [2] => Array
                (
                    [question_content] => 03 您曾经投资过以下哪些金融产品： (  )
                    [rowcount] => 9
                    [success_type] => 0
                    [answer_object] => 1
                    [question_no] => 3
                    [error_code] => 
                    [total_count] => 
                    [error_info] => 
                    [order_no] => 4
                )

            [3] => Array
                (
                    [question_content] => 04 您准备投资的资金占到您个人或者家庭资产（包括固定和流动资产）的比例范围：  (  )
                    [rowcount] => 9
                    [success_type] => 0
                    [answer_object] => 1
                    [question_no] => 4
                    [error_code] => 
                    [total_count] => 
                    [error_info] => 
                    [order_no] => 5
                )

            [4] => Array
                (
                    [question_content] => 05 您从什么渠道开始对基金产生兴趣并准备开始投资： (  )
                    [rowcount] => 9
                    [success_type] => 0
                    [answer_object] => 1
                    [question_no] => 5
                    [error_code] => 
                    [total_count] => 
                    [error_info] => 
                    [order_no] => 6
                )

            [5] => Array
                (
                    [question_content] => 06 您认为投资基金的哪个方面最吸引您： (  )
                    [rowcount] => 9
                    [success_type] => 0
                    [answer_object] => 1
                    [question_no] => 6
                    [error_code] => 
                    [total_count] => 
                    [error_info] => 
                    [order_no] => 7
                )

            [6] => Array
                (
                    [question_content] => 07 您曾经购买过何种类型的基金产品： (  )
                    [rowcount] => 9
                    [success_type] => 0
                    [answer_object] => 1
                    [question_no] => 7
                    [error_code] => 
                    [total_count] => 
                    [error_info] => 
                    [order_no] => 8
                )

            [7] => Array
                (
                    [question_content] => 08 您大约会持有这项投资计划多久，才有可能动用其中的大部分资金： (  )
                    [rowcount] => 9
                    [success_type] => 0
                    [answer_object] => 1
                    [question_no] => 8
                    [error_code] => 
                    [total_count] => 
                    [error_info] => 
                    [order_no] => 9
                )

            [8] => Array
                (
                    [question_content] => 09 当您选择了一项投资工具，相信它在未来一段期间将翻番，可是不久却下跌了20%，这时您将： (  )
                    [rowcount] => 9
                    [success_type] => 0
                    [answer_object] => 1
                    [question_no] => 9
                    [error_code] => 
                    [total_count] => 
                    [error_info] => 
                    [order_no] => 10
                )

        )

)
]
[13:24:07][|-Param-|Array
(
    [request_num] => 50
)
]
[13:24:07][|-rs-|Array
(
    [data] => Array
        (
            [0] => Array
                (
                    [question_content] => 01 您所处的年龄段是： (  )
                    [rowcount] => 9
                    [success_type] => 0
                    [answer_object] => 1
                    [question_no] => 1
                    [error_code] => 
                    [total_count] => 
                    [error_info] => 
                    [order_no] => 1
                )

            [1] => Array
                (
                    [question_content] => 02 您每月的可支配收入范围： (  )
                    [rowcount] => 9
                    [success_type] => 0
                    [answer_object] => 1
                    [question_no] => 2
                    [error_code] => 
                    [total_count] => 
                    [error_info] => 
                    [order_no] => 3
                )

            [2] => Array
                (
                    [question_content] => 03 您曾经投资过以下哪些金融产品： (  )
                    [rowcount] => 9
                    [success_type] => 0
                    [answer_object] => 1
                    [question_no] => 3
                    [error_code] => 
                    [total_count] => 
                    [error_info] => 
                    [order_no] => 4
                )

            [3] => Array
                (
                    [question_content] => 04 您准备投资的资金占到您个人或者家庭资产（包括固定和流动资产）的比例范围：  (  )
                    [rowcount] => 9
                    [success_type] => 0
                    [answer_object] => 1
                    [question_no] => 4
                    [error_code] => 
                    [total_count] => 
                    [error_info] => 
                    [order_no] => 5
                )

            [4] => Array
                (
                    [question_content] => 05 您从什么渠道开始对基金产生兴趣并准备开始投资： (  )
                    [rowcount] => 9
                    [success_type] => 0
                    [answer_object] => 1
                    [question_no] => 5
                    [error_code] => 
                    [total_count] => 
                    [error_info] => 
                    [order_no] => 6
                )

            [5] => Array
                (
                    [question_content] => 06 您认为投资基金的哪个方面最吸引您： (  )
                    [rowcount] => 9
                    [success_type] => 0
                    [answer_object] => 1
                    [question_no] => 6
                    [error_code] => 
                    [total_count] => 
                    [error_info] => 
                    [order_no] => 7
                )

            [6] => Array
                (
                    [question_content] => 07 您曾经购买过何种类型的基金产品： (  )
                    [rowcount] => 9
                    [success_type] => 0
                    [answer_object] => 1
                    [question_no] => 7
                    [error_code] => 
                    [total_count] => 
                    [error_info] => 
                    [order_no] => 8
                )

            [7] => Array
                (
                    [question_content] => 08 您大约会持有这项投资计划多久，才有可能动用其中的大部分资金： (  )
                    [rowcount] => 9
                    [success_type] => 0
                    [answer_object] => 1
                    [question_no] => 8
                    [error_code] => 
                    [total_count] => 
                    [error_info] => 
                    [order_no] => 9
                )

            [8] => Array
                (
                    [question_content] => 09 当您选择了一项投资工具，相信它在未来一段期间将翻番，可是不久却下跌了20%，这时您将： (  )
                    [rowcount] => 9
                    [success_type] => 0
                    [answer_object] => 1
                    [question_no] => 9
                    [error_code] => 
                    [total_count] => 
                    [error_info] => 
                    [order_no] => 10
                )

        )

)
]
[13:24:32][|-Param-|Array
(
    [request_num] => 50
)
]
[13:24:32][|-rs-|Array
(
    [data] => Array
        (
            [0] => Array
                (
                    [question_content] => 01 您所处的年龄段是： (  )
                    [rowcount] => 9
                    [success_type] => 0
                    [answer_object] => 1
                    [question_no] => 1
                    [error_code] => 
                    [total_count] => 
                    [error_info] => 
                    [order_no] => 1
                )

            [1] => Array
                (
                    [question_content] => 02 您每月的可支配收入范围： (  )
                    [rowcount] => 9
                    [success_type] => 0
                    [answer_object] => 1
                    [question_no] => 2
                    [error_code] => 
                    [total_count] => 
                    [error_info] => 
                    [order_no] => 3
                )

            [2] => Array
                (
                    [question_content] => 03 您曾经投资过以下哪些金融产品： (  )
                    [rowcount] => 9
                    [success_type] => 0
                    [answer_object] => 1
                    [question_no] => 3
                    [error_code] => 
                    [total_count] => 
                    [error_info] => 
                    [order_no] => 4
                )

            [3] => Array
                (
                    [question_content] => 04 您准备投资的资金占到您个人或者家庭资产（包括固定和流动资产）的比例范围：  (  )
                    [rowcount] => 9
                    [success_type] => 0
                    [answer_object] => 1
                    [question_no] => 4
                    [error_code] => 
                    [total_count] => 
                    [error_info] => 
                    [order_no] => 5
                )

            [4] => Array
                (
                    [question_content] => 05 您从什么渠道开始对基金产生兴趣并准备开始投资： (  )
                    [rowcount] => 9
                    [success_type] => 0
                    [answer_object] => 1
                    [question_no] => 5
                    [error_code] => 
                    [total_count] => 
                    [error_info] => 
                    [order_no] => 6
                )

            [5] => Array
                (
                    [question_content] => 06 您认为投资基金的哪个方面最吸引您： (  )
                    [rowcount] => 9
                    [success_type] => 0
                    [answer_object] => 1
                    [question_no] => 6
                    [error_code] => 
                    [total_count] => 
                    [error_info] => 
                    [order_no] => 7
                )

            [6] => Array
                (
                    [question_content] => 07 您曾经购买过何种类型的基金产品： (  )
                    [rowcount] => 9
                    [success_type] => 0
                    [answer_object] => 1
                    [question_no] => 7
                    [error_code] => 
                    [total_count] => 
                    [error_info] => 
                    [order_no] => 8
                )

            [7] => Array
                (
                    [question_content] => 08 您大约会持有这项投资计划多久，才有可能动用其中的大部分资金： (  )
                    [rowcount] => 9
                    [success_type] => 0
                    [answer_object] => 1
                    [question_no] => 8
                    [error_code] => 
                    [total_count] => 
                    [error_info] => 
                    [order_no] => 9
                )

            [8] => Array
                (
                    [question_content] => 09 当您选择了一项投资工具，相信它在未来一段期间将翻番，可是不久却下跌了20%，这时您将： (  )
                    [rowcount] => 9
                    [success_type] => 0
                    [answer_object] => 1
                    [question_no] => 9
                    [error_code] => 
                    [total_count] => 
                    [error_info] => 
                    [order_no] => 10
                )

        )

)
]
[13:24:33][|-Param-|Array
(
    [request_num] => 50
)
]
[13:24:33][|-rs-|Array
(
    [data] => Array
        (
            [0] => Array
                (
                    [question_content] => 01 您所处的年龄段是： (  )
                    [rowcount] => 9
                    [success_type] => 0
                    [answer_object] => 1
                    [question_no] => 1
                    [error_code] => 
                    [total_count] => 
                    [error_info] => 
                    [order_no] => 1
                )

            [1] => Array
                (
                    [question_content] => 02 您每月的可支配收入范围： (  )
                    [rowcount] => 9
                    [success_type] => 0
                    [answer_object] => 1
                    [question_no] => 2
                    [error_code] => 
                    [total_count] => 
                    [error_info] => 
                    [order_no] => 3
                )

            [2] => Array
                (
                    [question_content] => 03 您曾经投资过以下哪些金融产品： (  )
                    [rowcount] => 9
                    [success_type] => 0
                    [answer_object] => 1
                    [question_no] => 3
                    [error_code] => 
                    [total_count] => 
                    [error_info] => 
                    [order_no] => 4
                )

            [3] => Array
                (
                    [question_content] => 04 您准备投资的资金占到您个人或者家庭资产（包括固定和流动资产）的比例范围：  (  )
                    [rowcount] => 9
                    [success_type] => 0
                    [answer_object] => 1
                    [question_no] => 4
                    [error_code] => 
                    [total_count] => 
                    [error_info] => 
                    [order_no] => 5
                )

            [4] => Array
                (
                    [question_content] => 05 您从什么渠道开始对基金产生兴趣并准备开始投资： (  )
                    [rowcount] => 9
                    [success_type] => 0
                    [answer_object] => 1
                    [question_no] => 5
                    [error_code] => 
                    [total_count] => 
                    [error_info] => 
                    [order_no] => 6
                )

            [5] => Array
                (
                    [question_content] => 06 您认为投资基金的哪个方面最吸引您： (  )
                    [rowcount] => 9
                    [success_type] => 0
                    [answer_object] => 1
                    [question_no] => 6
                    [error_code] => 
                    [total_count] => 
                    [error_info] => 
                    [order_no] => 7
                )

            [6] => Array
                (
                    [question_content] => 07 您曾经购买过何种类型的基金产品： (  )
                    [rowcount] => 9
                    [success_type] => 0
                    [answer_object] => 1
                    [question_no] => 7
                    [error_code] => 
                    [total_count] => 
                    [error_info] => 
                    [order_no] => 8
                )

            [7] => Array
                (
                    [question_content] => 08 您大约会持有这项投资计划多久，才有可能动用其中的大部分资金： (  )
                    [rowcount] => 9
                    [success_type] => 0
                    [answer_object] => 1
                    [question_no] => 8
                    [error_code] => 
                    [total_count] => 
                    [error_info] => 
                    [order_no] => 9
                )

            [8] => Array
                (
                    [question_content] => 09 当您选择了一项投资工具，相信它在未来一段期间将翻番，可是不久却下跌了20%，这时您将： (  )
                    [rowcount] => 9
                    [success_type] => 0
                    [answer_object] => 1
                    [question_no] => 9
                    [error_code] => 
                    [total_count] => 
                    [error_info] => 
                    [order_no] => 10
                )

        )

)
]
[13:24:36][|-Param-|Array
(
    [request_num] => 50
)
]
[13:24:36][|-rs-|Array
(
    [data] => Array
        (
            [0] => Array
                (
                    [question_content] => 01 您所处的年龄段是： (  )
                    [rowcount] => 9
                    [success_type] => 0
                    [answer_object] => 1
                    [question_no] => 1
                    [error_code] => 
                    [total_count] => 
                    [error_info] => 
                    [order_no] => 1
                )

            [1] => Array
                (
                    [question_content] => 02 您每月的可支配收入范围： (  )
                    [rowcount] => 9
                    [success_type] => 0
                    [answer_object] => 1
                    [question_no] => 2
                    [error_code] => 
                    [total_count] => 
                    [error_info] => 
                    [order_no] => 3
                )

            [2] => Array
                (
                    [question_content] => 03 您曾经投资过以下哪些金融产品： (  )
                    [rowcount] => 9
                    [success_type] => 0
                    [answer_object] => 1
                    [question_no] => 3
                    [error_code] => 
                    [total_count] => 
                    [error_info] => 
                    [order_no] => 4
                )

            [3] => Array
                (
                    [question_content] => 04 您准备投资的资金占到您个人或者家庭资产（包括固定和流动资产）的比例范围：  (  )
                    [rowcount] => 9
                    [success_type] => 0
                    [answer_object] => 1
                    [question_no] => 4
                    [error_code] => 
                    [total_count] => 
                    [error_info] => 
                    [order_no] => 5
                )

            [4] => Array
                (
                    [question_content] => 05 您从什么渠道开始对基金产生兴趣并准备开始投资： (  )
                    [rowcount] => 9
                    [success_type] => 0
                    [answer_object] => 1
                    [question_no] => 5
                    [error_code] => 
                    [total_count] => 
                    [error_info] => 
                    [order_no] => 6
                )

            [5] => Array
                (
                    [question_content] => 06 您认为投资基金的哪个方面最吸引您： (  )
                    [rowcount] => 9
                    [success_type] => 0
                    [answer_object] => 1
                    [question_no] => 6
                    [error_code] => 
                    [total_count] => 
                    [error_info] => 
                    [order_no] => 7
                )

            [6] => Array
                (
                    [question_content] => 07 您曾经购买过何种类型的基金产品： (  )
                    [rowcount] => 9
                    [success_type] => 0
                    [answer_object] => 1
                    [question_no] => 7
                    [error_code] => 
                    [total_count] => 
                    [error_info] => 
                    [order_no] => 8
                )

            [7] => Array
                (
                    [question_content] => 08 您大约会持有这项投资计划多久，才有可能动用其中的大部分资金： (  )
                    [rowcount] => 9
                    [success_type] => 0
                    [answer_object] => 1
                    [question_no] => 8
                    [error_code] => 
                    [total_count] => 
                    [error_info] => 
                    [order_no] => 9
                )

            [8] => Array
                (
                    [question_content] => 09 当您选择了一项投资工具，相信它在未来一段期间将翻番，可是不久却下跌了20%，这时您将： (  )
                    [rowcount] => 9
                    [success_type] => 0
                    [answer_object] => 1
                    [question_no] => 9
                    [error_code] => 
                    [total_count] => 
                    [error_info] => 
                    [order_no] => 10
                )

        )

)
]
[13:24:47][|-Param-|Array
(
    [request_num] => 50
)
]
[13:24:47][|-rs-|Array
(
    [data] => Array
        (
            [0] => Array
                (
                    [question_content] => 01 您所处的年龄段是： (  )
                    [rowcount] => 9
                    [success_type] => 0
                    [answer_object] => 1
                    [question_no] => 1
                    [error_code] => 
                    [total_count] => 
                    [error_info] => 
                    [order_no] => 1
                )

            [1] => Array
                (
                    [question_content] => 02 您每月的可支配收入范围： (  )
                    [rowcount] => 9
                    [success_type] => 0
                    [answer_object] => 1
                    [question_no] => 2
                    [error_code] => 
                    [total_count] => 
                    [error_info] => 
                    [order_no] => 3
                )

            [2] => Array
                (
                    [question_content] => 03 您曾经投资过以下哪些金融产品： (  )
                    [rowcount] => 9
                    [success_type] => 0
                    [answer_object] => 1
                    [question_no] => 3
                    [error_code] => 
                    [total_count] => 
                    [error_info] => 
                    [order_no] => 4
                )

            [3] => Array
                (
                    [question_content] => 04 您准备投资的资金占到您个人或者家庭资产（包括固定和流动资产）的比例范围：  (  )
                    [rowcount] => 9
                    [success_type] => 0
                    [answer_object] => 1
                    [question_no] => 4
                    [error_code] => 
                    [total_count] => 
                    [error_info] => 
                    [order_no] => 5
                )

            [4] => Array
                (
                    [question_content] => 05 您从什么渠道开始对基金产生兴趣并准备开始投资： (  )
                    [rowcount] => 9
                    [success_type] => 0
                    [answer_object] => 1
                    [question_no] => 5
                    [error_code] => 
                    [total_count] => 
                    [error_info] => 
                    [order_no] => 6
                )

            [5] => Array
                (
                    [question_content] => 06 您认为投资基金的哪个方面最吸引您： (  )
                    [rowcount] => 9
                    [success_type] => 0
                    [answer_object] => 1
                    [question_no] => 6
                    [error_code] => 
                    [total_count] => 
                    [error_info] => 
                    [order_no] => 7
                )

            [6] => Array
                (
                    [question_content] => 07 您曾经购买过何种类型的基金产品： (  )
                    [rowcount] => 9
                    [success_type] => 0
                    [answer_object] => 1
                    [question_no] => 7
                    [error_code] => 
                    [total_count] => 
                    [error_info] => 
                    [order_no] => 8
                )

            [7] => Array
                (
                    [question_content] => 08 您大约会持有这项投资计划多久，才有可能动用其中的大部分资金： (  )
                    [rowcount] => 9
                    [success_type] => 0
                    [answer_object] => 1
                    [question_no] => 8
                    [error_code] => 
                    [total_count] => 
                    [error_info] => 
                    [order_no] => 9
                )

            [8] => Array
                (
                    [question_content] => 09 当您选择了一项投资工具，相信它在未来一段期间将翻番，可是不久却下跌了20%，这时您将： (  )
                    [rowcount] => 9
                    [success_type] => 0
                    [answer_object] => 1
                    [question_no] => 9
                    [error_code] => 
                    [total_count] => 
                    [error_info] => 
                    [order_no] => 10
                )

        )

)
]
[13:24:59][|-Param-|Array
(
    [request_num] => 50
)
]
[13:25:00][|-rs-|Array
(
    [data] => Array
        (
            [0] => Array
                (
                    [question_content] => 01 您所处的年龄段是： (  )
                    [rowcount] => 9
                    [success_type] => 0
                    [answer_object] => 1
                    [question_no] => 1
                    [error_code] => 
                    [total_count] => 
                    [error_info] => 
                    [order_no] => 1
                )

            [1] => Array
                (
                    [question_content] => 02 您每月的可支配收入范围： (  )
                    [rowcount] => 9
                    [success_type] => 0
                    [answer_object] => 1
                    [question_no] => 2
                    [error_code] => 
                    [total_count] => 
                    [error_info] => 
                    [order_no] => 3
                )

            [2] => Array
                (
                    [question_content] => 03 您曾经投资过以下哪些金融产品： (  )
                    [rowcount] => 9
                    [success_type] => 0
                    [answer_object] => 1
                    [question_no] => 3
                    [error_code] => 
                    [total_count] => 
                    [error_info] => 
                    [order_no] => 4
                )

            [3] => Array
                (
                    [question_content] => 04 您准备投资的资金占到您个人或者家庭资产（包括固定和流动资产）的比例范围：  (  )
                    [rowcount] => 9
                    [success_type] => 0
                    [answer_object] => 1
                    [question_no] => 4
                    [error_code] => 
                    [total_count] => 
                    [error_info] => 
                    [order_no] => 5
                )

            [4] => Array
                (
                    [question_content] => 05 您从什么渠道开始对基金产生兴趣并准备开始投资： (  )
                    [rowcount] => 9
                    [success_type] => 0
                    [answer_object] => 1
                    [question_no] => 5
                    [error_code] => 
                    [total_count] => 
                    [error_info] => 
                    [order_no] => 6
                )

            [5] => Array
                (
                    [question_content] => 06 您认为投资基金的哪个方面最吸引您： (  )
                    [rowcount] => 9
                    [success_type] => 0
                    [answer_object] => 1
                    [question_no] => 6
                    [error_code] => 
                    [total_count] => 
                    [error_info] => 
                    [order_no] => 7
                )

            [6] => Array
                (
                    [question_content] => 07 您曾经购买过何种类型的基金产品： (  )
                    [rowcount] => 9
                    [success_type] => 0
                    [answer_object] => 1
                    [question_no] => 7
                    [error_code] => 
                    [total_count] => 
                    [error_info] => 
                    [order_no] => 8
                )

            [7] => Array
                (
                    [question_content] => 08 您大约会持有这项投资计划多久，才有可能动用其中的大部分资金： (  )
                    [rowcount] => 9
                    [success_type] => 0
                    [answer_object] => 1
                    [question_no] => 8
                    [error_code] => 
                    [total_count] => 
                    [error_info] => 
                    [order_no] => 9
                )

            [8] => Array
                (
                    [question_content] => 09 当您选择了一项投资工具，相信它在未来一段期间将翻番，可是不久却下跌了20%，这时您将： (  )
                    [rowcount] => 9
                    [success_type] => 0
                    [answer_object] => 1
                    [question_no] => 9
                    [error_code] => 
                    [total_count] => 
                    [error_info] => 
                    [order_no] => 10
                )

        )

)
]
[13:25:00][|-Param-|Array
(
    [request_num] => 50
)
]
[13:25:01][|-rs-|Array
(
    [data] => Array
        (
            [0] => Array
                (
                    [question_content] => 01 您所处的年龄段是： (  )
                    [rowcount] => 9
                    [success_type] => 0
                    [answer_object] => 1
                    [question_no] => 1
                    [error_code] => 
                    [total_count] => 
                    [error_info] => 
                    [order_no] => 1
                )

            [1] => Array
                (
                    [question_content] => 02 您每月的可支配收入范围： (  )
                    [rowcount] => 9
                    [success_type] => 0
                    [answer_object] => 1
                    [question_no] => 2
                    [error_code] => 
                    [total_count] => 
                    [error_info] => 
                    [order_no] => 3
                )

            [2] => Array
                (
                    [question_content] => 03 您曾经投资过以下哪些金融产品： (  )
                    [rowcount] => 9
                    [success_type] => 0
                    [answer_object] => 1
                    [question_no] => 3
                    [error_code] => 
                    [total_count] => 
                    [error_info] => 
                    [order_no] => 4
                )

            [3] => Array
                (
                    [question_content] => 04 您准备投资的资金占到您个人或者家庭资产（包括固定和流动资产）的比例范围：  (  )
                    [rowcount] => 9
                    [success_type] => 0
                    [answer_object] => 1
                    [question_no] => 4
                    [error_code] => 
                    [total_count] => 
                    [error_info] => 
                    [order_no] => 5
                )

            [4] => Array
                (
                    [question_content] => 05 您从什么渠道开始对基金产生兴趣并准备开始投资： (  )
                    [rowcount] => 9
                    [success_type] => 0
                    [answer_object] => 1
                    [question_no] => 5
                    [error_code] => 
                    [total_count] => 
                    [error_info] => 
                    [order_no] => 6
                )

            [5] => Array
                (
                    [question_content] => 06 您认为投资基金的哪个方面最吸引您： (  )
                    [rowcount] => 9
                    [success_type] => 0
                    [answer_object] => 1
                    [question_no] => 6
                    [error_code] => 
                    [total_count] => 
                    [error_info] => 
                    [order_no] => 7
                )

            [6] => Array
                (
                    [question_content] => 07 您曾经购买过何种类型的基金产品： (  )
                    [rowcount] => 9
                    [success_type] => 0
                    [answer_object] => 1
                    [question_no] => 7
                    [error_code] => 
                    [total_count] => 
                    [error_info] => 
                    [order_no] => 8
                )

            [7] => Array
                (
                    [question_content] => 08 您大约会持有这项投资计划多久，才有可能动用其中的大部分资金： (  )
                    [rowcount] => 9
                    [success_type] => 0
                    [answer_object] => 1
                    [question_no] => 8
                    [error_code] => 
                    [total_count] => 
                    [error_info] => 
                    [order_no] => 9
                )

            [8] => Array
                (
                    [question_content] => 09 当您选择了一项投资工具，相信它在未来一段期间将翻番，可是不久却下跌了20%，这时您将： (  )
                    [rowcount] => 9
                    [success_type] => 0
                    [answer_object] => 1
                    [question_no] => 9
                    [error_code] => 
                    [total_count] => 
                    [error_info] => 
                    [order_no] => 10
                )

        )

)
]
[13:25:30][|-Param-|Array
(
    [request_num] => 50
)
]
[13:25:30][|-rs-|Array
(
    [data] => Array
        (
            [0] => Array
                (
                    [question_content] => 01 您所处的年龄段是： (  )
                    [rowcount] => 9
                    [success_type] => 0
                    [answer_object] => 1
                    [question_no] => 1
                    [error_code] => 
                    [total_count] => 
                    [error_info] => 
                    [order_no] => 1
                )

            [1] => Array
                (
                    [question_content] => 02 您每月的可支配收入范围： (  )
                    [rowcount] => 9
                    [success_type] => 0
                    [answer_object] => 1
                    [question_no] => 2
                    [error_code] => 
                    [total_count] => 
                    [error_info] => 
                    [order_no] => 3
                )

            [2] => Array
                (
                    [question_content] => 03 您曾经投资过以下哪些金融产品： (  )
                    [rowcount] => 9
                    [success_type] => 0
                    [answer_object] => 1
                    [question_no] => 3
                    [error_code] => 
                    [total_count] => 
                    [error_info] => 
                    [order_no] => 4
                )

            [3] => Array
                (
                    [question_content] => 04 您准备投资的资金占到您个人或者家庭资产（包括固定和流动资产）的比例范围：  (  )
                    [rowcount] => 9
                    [success_type] => 0
                    [answer_object] => 1
                    [question_no] => 4
                    [error_code] => 
                    [total_count] => 
                    [error_info] => 
                    [order_no] => 5
                )

            [4] => Array
                (
                    [question_content] => 05 您从什么渠道开始对基金产生兴趣并准备开始投资： (  )
                    [rowcount] => 9
                    [success_type] => 0
                    [answer_object] => 1
                    [question_no] => 5
                    [error_code] => 
                    [total_count] => 
                    [error_info] => 
                    [order_no] => 6
                )

            [5] => Array
                (
                    [question_content] => 06 您认为投资基金的哪个方面最吸引您： (  )
                    [rowcount] => 9
                    [success_type] => 0
                    [answer_object] => 1
                    [question_no] => 6
                    [error_code] => 
                    [total_count] => 
                    [error_info] => 
                    [order_no] => 7
                )

            [6] => Array
                (
                    [question_content] => 07 您曾经购买过何种类型的基金产品： (  )
                    [rowcount] => 9
                    [success_type] => 0
                    [answer_object] => 1
                    [question_no] => 7
                    [error_code] => 
                    [total_count] => 
                    [error_info] => 
                    [order_no] => 8
                )

            [7] => Array
                (
                    [question_content] => 08 您大约会持有这项投资计划多久，才有可能动用其中的大部分资金： (  )
                    [rowcount] => 9
                    [success_type] => 0
                    [answer_object] => 1
                    [question_no] => 8
                    [error_code] => 
                    [total_count] => 
                    [error_info] => 
                    [order_no] => 9
                )

            [8] => Array
                (
                    [question_content] => 09 当您选择了一项投资工具，相信它在未来一段期间将翻番，可是不久却下跌了20%，这时您将： (  )
                    [rowcount] => 9
                    [success_type] => 0
                    [answer_object] => 1
                    [question_no] => 9
                    [error_code] => 
                    [total_count] => 
                    [error_info] => 
                    [order_no] => 10
                )

        )

)
]
[13:25:53][|-Param-|Array
(
    [request_num] => 50
)
]
[13:25:53][|-rs-|Array
(
    [data] => Array
        (
            [0] => Array
                (
                    [question_content] => 01 您所处的年龄段是： (  )
                    [rowcount] => 9
                    [success_type] => 0
                    [answer_object] => 1
                    [question_no] => 1
                    [error_code] => 
                    [total_count] => 
                    [error_info] => 
                    [order_no] => 1
                )

            [1] => Array
                (
                    [question_content] => 02 您每月的可支配收入范围： (  )
                    [rowcount] => 9
                    [success_type] => 0
                    [answer_object] => 1
                    [question_no] => 2
                    [error_code] => 
                    [total_count] => 
                    [error_info] => 
                    [order_no] => 3
                )

            [2] => Array
                (
                    [question_content] => 03 您曾经投资过以下哪些金融产品： (  )
                    [rowcount] => 9
                    [success_type] => 0
                    [answer_object] => 1
                    [question_no] => 3
                    [error_code] => 
                    [total_count] => 
                    [error_info] => 
                    [order_no] => 4
                )

            [3] => Array
                (
                    [question_content] => 04 您准备投资的资金占到您个人或者家庭资产（包括固定和流动资产）的比例范围：  (  )
                    [rowcount] => 9
                    [success_type] => 0
                    [answer_object] => 1
                    [question_no] => 4
                    [error_code] => 
                    [total_count] => 
                    [error_info] => 
                    [order_no] => 5
                )

            [4] => Array
                (
                    [question_content] => 05 您从什么渠道开始对基金产生兴趣并准备开始投资： (  )
                    [rowcount] => 9
                    [success_type] => 0
                    [answer_object] => 1
                    [question_no] => 5
                    [error_code] => 
                    [total_count] => 
                    [error_info] => 
                    [order_no] => 6
                )

            [5] => Array
                (
                    [question_content] => 06 您认为投资基金的哪个方面最吸引您： (  )
                    [rowcount] => 9
                    [success_type] => 0
                    [answer_object] => 1
                    [question_no] => 6
                    [error_code] => 
                    [total_count] => 
                    [error_info] => 
                    [order_no] => 7
                )

            [6] => Array
                (
                    [question_content] => 07 您曾经购买过何种类型的基金产品： (  )
                    [rowcount] => 9
                    [success_type] => 0
                    [answer_object] => 1
                    [question_no] => 7
                    [error_code] => 
                    [total_count] => 
                    [error_info] => 
                    [order_no] => 8
                )

            [7] => Array
                (
                    [question_content] => 08 您大约会持有这项投资计划多久，才有可能动用其中的大部分资金： (  )
                    [rowcount] => 9
                    [success_type] => 0
                    [answer_object] => 1
                    [question_no] => 8
                    [error_code] => 
                    [total_count] => 
                    [error_info] => 
                    [order_no] => 9
                )

            [8] => Array
                (
                    [question_content] => 09 当您选择了一项投资工具，相信它在未来一段期间将翻番，可是不久却下跌了20%，这时您将： (  )
                    [rowcount] => 9
                    [success_type] => 0
                    [answer_object] => 1
                    [question_no] => 9
                    [error_code] => 
                    [total_count] => 
                    [error_info] => 
                    [order_no] => 10
                )

        )

)
]
[13:26:23][|-Param-|Array
(
    [request_num] => 50
)
]
[13:26:23][|-rs-|Array
(
    [data] => Array
        (
            [0] => Array
                (
                    [question_content] => 01 您所处的年龄段是： (  )
                    [rowcount] => 9
                    [success_type] => 0
                    [answer_object] => 1
                    [question_no] => 1
                    [error_code] => 
                    [total_count] => 
                    [error_info] => 
                    [order_no] => 1
                )

            [1] => Array
                (
                    [question_content] => 02 您每月的可支配收入范围： (  )
                    [rowcount] => 9
                    [success_type] => 0
                    [answer_object] => 1
                    [question_no] => 2
                    [error_code] => 
                    [total_count] => 
                    [error_info] => 
                    [order_no] => 3
                )

            [2] => Array
                (
                    [question_content] => 03 您曾经投资过以下哪些金融产品： (  )
                    [rowcount] => 9
                    [success_type] => 0
                    [answer_object] => 1
                    [question_no] => 3
                    [error_code] => 
                    [total_count] => 
                    [error_info] => 
                    [order_no] => 4
                )

            [3] => Array
                (
                    [question_content] => 04 您准备投资的资金占到您个人或者家庭资产（包括固定和流动资产）的比例范围：  (  )
                    [rowcount] => 9
                    [success_type] => 0
                    [answer_object] => 1
                    [question_no] => 4
                    [error_code] => 
                    [total_count] => 
                    [error_info] => 
                    [order_no] => 5
                )

            [4] => Array
                (
                    [question_content] => 05 您从什么渠道开始对基金产生兴趣并准备开始投资： (  )
                    [rowcount] => 9
                    [success_type] => 0
                    [answer_object] => 1
                    [question_no] => 5
                    [error_code] => 
                    [total_count] => 
                    [error_info] => 
                    [order_no] => 6
                )

            [5] => Array
                (
                    [question_content] => 06 您认为投资基金的哪个方面最吸引您： (  )
                    [rowcount] => 9
                    [success_type] => 0
                    [answer_object] => 1
                    [question_no] => 6
                    [error_code] => 
                    [total_count] => 
                    [error_info] => 
                    [order_no] => 7
                )

            [6] => Array
                (
                    [question_content] => 07 您曾经购买过何种类型的基金产品： (  )
                    [rowcount] => 9
                    [success_type] => 0
                    [answer_object] => 1
                    [question_no] => 7
                    [error_code] => 
                    [total_count] => 
                    [error_info] => 
                    [order_no] => 8
                )

            [7] => Array
                (
                    [question_content] => 08 您大约会持有这项投资计划多久，才有可能动用其中的大部分资金： (  )
                    [rowcount] => 9
                    [success_type] => 0
                    [answer_object] => 1
                    [question_no] => 8
                    [error_code] => 
                    [total_count] => 
                    [error_info] => 
                    [order_no] => 9
                )

            [8] => Array
                (
                    [question_content] => 09 当您选择了一项投资工具，相信它在未来一段期间将翻番，可是不久却下跌了20%，这时您将： (  )
                    [rowcount] => 9
                    [success_type] => 0
                    [answer_object] => 1
                    [question_no] => 9
                    [error_code] => 
                    [total_count] => 
                    [error_info] => 
                    [order_no] => 10
                )

        )

)
]
[13:59:20][|-Param-|Array
(
    [request_num] => 20
)
]
[13:59:22][|-Param-|Array
(
    [request_num] => 20
)
]
[13:59:22][|-rs-|Array
(
    [data] => Array
        (
            [0] => Array
                (
                    [question_content] => 01 您所处的年龄段是： (  )
                    [rowcount] => 9
                    [success_type] => 0
                    [answer_object] => 1
                    [question_no] => 1
                    [error_code] => 
                    [total_count] => 
                    [error_info] => 
                    [order_no] => 1
                )

            [1] => Array
                (
                    [question_content] => 02 您每月的可支配收入范围： (  )
                    [rowcount] => 9
                    [success_type] => 0
                    [answer_object] => 1
                    [question_no] => 2
                    [error_code] => 
                    [total_count] => 
                    [error_info] => 
                    [order_no] => 3
                )

            [2] => Array
                (
                    [question_content] => 03 您曾经投资过以下哪些金融产品： (  )
                    [rowcount] => 9
                    [success_type] => 0
                    [answer_object] => 1
                    [question_no] => 3
                    [error_code] => 
                    [total_count] => 
                    [error_info] => 
                    [order_no] => 4
                )

            [3] => Array
                (
                    [question_content] => 04 您准备投资的资金占到您个人或者家庭资产（包括固定和流动资产）的比例范围：  (  )
                    [rowcount] => 9
                    [success_type] => 0
                    [answer_object] => 1
                    [question_no] => 4
                    [error_code] => 
                    [total_count] => 
                    [error_info] => 
                    [order_no] => 5
                )

            [4] => Array
                (
                    [question_content] => 05 您从什么渠道开始对基金产生兴趣并准备开始投资： (  )
                    [rowcount] => 9
                    [success_type] => 0
                    [answer_object] => 1
                    [question_no] => 5
                    [error_code] => 
                    [total_count] => 
                    [error_info] => 
                    [order_no] => 6
                )

            [5] => Array
                (
                    [question_content] => 06 您认为投资基金的哪个方面最吸引您： (  )
                    [rowcount] => 9
                    [success_type] => 0
                    [answer_object] => 1
                    [question_no] => 6
                    [error_code] => 
                    [total_count] => 
                    [error_info] => 
                    [order_no] => 7
                )

            [6] => Array
                (
                    [question_content] => 07 您曾经购买过何种类型的基金产品： (  )
                    [rowcount] => 9
                    [success_type] => 0
                    [answer_object] => 1
                    [question_no] => 7
                    [error_code] => 
                    [total_count] => 
                    [error_info] => 
                    [order_no] => 8
                )

            [7] => Array
                (
                    [question_content] => 08 您大约会持有这项投资计划多久，才有可能动用其中的大部分资金： (  )
                    [rowcount] => 9
                    [success_type] => 0
                    [answer_object] => 1
                    [question_no] => 8
                    [error_code] => 
                    [total_count] => 
                    [error_info] => 
                    [order_no] => 9
                )

            [8] => Array
                (
                    [question_content] => 09 当您选择了一项投资工具，相信它在未来一段期间将翻番，可是不久却下跌了20%，这时您将： (  )
                    [rowcount] => 9
                    [success_type] => 0
                    [answer_object] => 1
                    [question_no] => 9
                    [error_code] => 
                    [total_count] => 
                    [error_info] => 
                    [order_no] => 10
                )

        )

)
]
[13:59:25][|-rs-|Array
(
)
]
[13:59:25][|-Param-|Array
(
    [request_num] => 20
)
]
[13:59:42][|-Param-|Array
(
    [request_num] => 20
)
]
[14:00:43][|-Param-|Array
(
    [request_num] => 20
)
]
[14:01:45][|-Param-|Array
(
    [request_num] => 20
)
]
[14:04:06][|-Param-|Array
(
    [request_num] => 20
)
]
[14:04:09][|-Param-|Array
(
    [request_num] => 20
)
]
[14:04:32][|-Param-|Array
(
    [request_num] => 20
)
]
[14:04:33][|-Param-|Array
(
    [request_num] => 20
)
]
[14:04:34][|-Param-|Array
(
    [request_num] => 20
)
]
[14:10:33][|-Param-|Array
(
    [request_num] => 20
)
]
[14:13:14][|-Param-|Array
(
    [request_num] => 20
)
]
[14:13:16][|-Param-|Array
(
    [request_num] => 20
)
]
[14:13:46][|-Param-|Array
(
    [request_num] => 20
)
]
[14:25:56][|-Param-|Array
(
    [request_num] => 20
)
]
[14:26:02][|-Param-|Array
(
    [request_num] => 20
)
]
[14:29:50][|-Param-|Array
(
    [request_num] => 20
)
]
[14:29:50][|-rs-|Array
(
    [data] => Array
        (
            [0] => Array
                (
                    [question_content] => 01 您所处的年龄段是： (  )
                    [rowcount] => 9
                    [success_type] => 0
                    [answer_object] => 1
                    [question_no] => 1
                    [error_code] => 
                    [total_count] => 
                    [error_info] => 
                    [order_no] => 1
                )

            [1] => Array
                (
                    [question_content] => 02 您每月的可支配收入范围： (  )
                    [rowcount] => 9
                    [success_type] => 0
                    [answer_object] => 1
                    [question_no] => 2
                    [error_code] => 
                    [total_count] => 
                    [error_info] => 
                    [order_no] => 3
                )

            [2] => Array
                (
                    [question_content] => 03 您曾经投资过以下哪些金融产品： (  )
                    [rowcount] => 9
                    [success_type] => 0
                    [answer_object] => 1
                    [question_no] => 3
                    [error_code] => 
                    [total_count] => 
                    [error_info] => 
                    [order_no] => 4
                )

            [3] => Array
                (
                    [question_content] => 04 您准备投资的资金占到您个人或者家庭资产（包括固定和流动资产）的比例范围：  (  )
                    [rowcount] => 9
                    [success_type] => 0
                    [answer_object] => 1
                    [question_no] => 4
                    [error_code] => 
                    [total_count] => 
                    [error_info] => 
                    [order_no] => 5
                )

            [4] => Array
                (
                    [question_content] => 05 您从什么渠道开始对基金产生兴趣并准备开始投资： (  )
                    [rowcount] => 9
                    [success_type] => 0
                    [answer_object] => 1
                    [question_no] => 5
                    [error_code] => 
                    [total_count] => 
                    [error_info] => 
                    [order_no] => 6
                )

            [5] => Array
                (
                    [question_content] => 06 您认为投资基金的哪个方面最吸引您： (  )
                    [rowcount] => 9
                    [success_type] => 0
                    [answer_object] => 1
                    [question_no] => 6
                    [error_code] => 
                    [total_count] => 
                    [error_info] => 
                    [order_no] => 7
                )

            [6] => Array
                (
                    [question_content] => 07 您曾经购买过何种类型的基金产品： (  )
                    [rowcount] => 9
                    [success_type] => 0
                    [answer_object] => 1
                    [question_no] => 7
                    [error_code] => 
                    [total_count] => 
                    [error_info] => 
                    [order_no] => 8
                )

            [7] => Array
                (
                    [question_content] => 08 您大约会持有这项投资计划多久，才有可能动用其中的大部分资金： (  )
                    [rowcount] => 9
                    [success_type] => 0
                    [answer_object] => 1
                    [question_no] => 8
                    [error_code] => 
                    [total_count] => 
                    [error_info] => 
                    [order_no] => 9
                )

            [8] => Array
                (
                    [question_content] => 09 当您选择了一项投资工具，相信它在未来一段期间将翻番，可是不久却下跌了20%，这时您将： (  )
                    [rowcount] => 9
                    [success_type] => 0
                    [answer_object] => 1
                    [question_no] => 9
                    [error_code] => 
                    [total_count] => 
                    [error_info] => 
                    [order_no] => 10
                )

        )

)
]
[14:29:53][|-Param-|Array
(
    [request_num] => 20
)
]
[14:30:08][|-Param-|Array
(
    [request_num] => 20
)
]
[14:30:09][|-Param-|Array
(
    [request_num] => 20
)
]
[14:30:19][|-Param-|Array
(
    [request_num] => 20
)
]
[14:30:56][|-Param-|Array
(
    [request_num] => 20
)
]
[14:31:11][|-Param-|Array
(
    [request_num] => 20
)
]
[14:35:02][|-Param-|Array
(
    [request_num] => 20
)
]
[14:35:16][|-Param-|Array
(
    [request_num] => 20
)
]
[14:35:25][|-Param-|Array
(
    [request_num] => 20
)
]
