[11:16:13][|-Param-|Array
(
    [UserID] => 69
    [Province] => 福建省
    [City] => 福州市
    [BankName] => 中国农业银行
    [BankNo] => 003
    [BranchBank] => 103391013537
    [BankCard] => 6228480068816522772
    [Mobile] => 13599951535
    [NickName] => 邹奋
    [IdentityNumber] => 350122198812076538
    [Sex] => 1
    [Password] => d65999b4039b0ae2adc5d534fa7e96b8
    [EndValidDate] => 2099-01-01
    [Status] => 1
    [protocolNo] => 
    [DataTime] => 2017-01-25 11:16:13
)
]
[11:16:13][|-xParam-|Array
(
    [trust_way] => 2
    [en_entrust_way] => 0|1|1|0|0|0|0|
    [order_date] => 20170125
    [apply_time] => 111613
    [cust_type] => l
    [client_full_name] => 邹奋
    [client_name] => 邹奋
    [fund_nationality] => 156
    [id_kind_gb] => 0
    [id_no] => 350122198812076538
    [password] => d65999b4039b0ae2adc5d534fa7e96b8
    [mobile_tel] => 13599951535
    [bank_no] => 003
    [bank_name] => 中国农业银行
    [bank_account] => 6228480068816522772
    [bank_account_name] => 邹奋
    [capital_mode] => l
    [ta_no] => B069
    [fund_card] => 
    [branchbank] => 103391013537
    [detail_fund_way] => 01
    [id_enddate] => 2099-01-01
    [fund_interface_type] => 1
)
]
[11:16:18][|-rs-|Array
(
)
]
[11:22:06][|-Param-|Array
(
    [UserID] => 69
    [Province] => 福建省
    [City] => 福州市
    [BankName] => 中国农业银行
    [BankNo] => 003
    [BranchBank] => 103391013537
    [BankCard] => 6228480068816522772
    [Mobile] => 13599951535
    [NickName] => 邹奋
    [IdentityNumber] => 350122198812076538
    [Sex] => 1
    [Password] => d65999b4039b0ae2adc5d534fa7e96b8
    [EndValidDate] => 2099-01-01
    [Status] => 1
    [protocolNo] => 
    [DataTime] => 2017-01-25 11:22:06
)
]
[11:22:06][|-xParam-|Array
(
    [trust_way] => 2
    [en_entrust_way] => 0|1|1|0|0|0|0|
    [order_date] => 20170125
    [apply_time] => 112206
    [cust_type] => l
    [client_full_name] => 邹奋
    [client_name] => 邹奋
    [fund_nationality] => 156
    [id_kind_gb] => 0
    [id_no] => 350122198812076538
    [password] => d65999b4039b0ae2adc5d534fa7e96b8
    [mobile_tel] => 13599951535
    [bank_no] => 003
    [bank_name] => 中国农业银行
    [bank_account] => 6228480068816522772
    [bank_account_name] => 邹奋
    [capital_mode] => l
    [ta_no] => B069
    [fund_card] => 
    [branchbank] => 103391013537
    [detail_fund_way] => 01
    [id_enddate] => 2099-01-01
    [fund_interface_type] => 1
)
]
[11:22:11][|-rs-|Array
(
)
]
[11:25:23][|-Param-|Array
(
    [UserID] => 69
    [Province] => 福建省
    [City] => 福州市
    [BankName] => 中国农业银行
    [BankNo] => 003
    [BranchBank] => 103391013537
    [BankCard] => 6228480068816522772
    [Mobile] => 13599951535
    [NickName] => 邹奋
    [IdentityNumber] => 350122198812076538
    [Sex] => 1
    [Password] => d65999b4039b0ae2adc5d534fa7e96b8
    [EndValidDate] => 2099-01-01
    [Status] => 1
    [protocolNo] => 
    [DataTime] => 2017-01-25 11:25:23
)
]
[11:25:23][|-xParam-|Array
(
    [trust_way] => 2
    [en_entrust_way] => 0|1|1|0|0|0|0|
    [order_date] => 20170125
    [apply_time] => 112523
    [cust_type] => l
    [client_full_name] => 邹奋
    [client_name] => 邹奋
    [fund_nationality] => 156
    [id_kind_gb] => 0
    [id_no] => 350122198812076538
    [password] => d65999b4039b0ae2adc5d534fa7e96b8
    [mobile_tel] => 13599951535
    [bank_no] => 003
    [bank_name] => 中国农业银行
    [bank_account] => 6228480068816522772
    [bank_account_name] => 邹奋
    [capital_mode] => l
    [ta_no] => B069
    [fund_card] => 
    [branchbank] => 103391013537
    [detail_fund_way] => 01
    [id_enddate] => 2099-01-01
    [fund_interface_type] => 1
)
]
[11:25:28][|-rs-|Array
(
)
]
[11:39:30][|-Param-|Array
(
    [UserID] => 69
    [Province] => 福建省
    [City] => 福州市
    [BankName] => 中国农业银行
    [BankNo] => 003
    [BranchBank] => 103391013537
    [BankCard] => 6228480068816522772
    [Mobile] => 13599951535
    [NickName] => 邹奋
    [IdentityNumber] => 350122198812076538
    [Sex] => 1
    [Password] => d65999b4039b0ae2adc5d534fa7e96b8
    [EndValidDate] => 2099-01-01
    [Status] => 1
    [protocolNo] => 
    [DataTime] => 2017-01-25 11:39:30
)
]
[11:39:30][|-xParam-|Array
(
    [trust_way] => 2
    [en_entrust_way] => 0|1|1|0|0|0|0|
    [order_date] => 20170125
    [apply_time] => 113930
    [cust_type] => l
    [client_full_name] => 邹奋
    [client_name] => 邹奋
    [fund_nationality] => 156
    [id_kind_gb] => 0
    [id_no] => 350122198812076538
    [password] => d65999b4039b0ae2adc5d534fa7e96b8
    [mobile_tel] => 13599951535
    [bank_no] => 003
    [bank_name] => 中国农业银行
    [bank_account] => 6228480068816522772
    [bank_account_name] => 邹奋
    [capital_mode] => l
    [ta_no] => B069
    [fund_card] => 
    [branchbank] => 103391013537
    [detail_fund_way] => 01
    [id_enddate] => 2099-01-01
    [fund_interface_type] => 1
)
]
[11:39:35][|-rs-|Array
(
)
]
[14:13:21][|-Param-|Array
(
    [UserID] => 69
    [Province] => 福建省
    [City] => 福州市
    [BankName] => 中国农业银行
    [BankNo] => 003
    [BranchBank] => 103391013537
    [BankCard] => 6228480068816522772
    [Mobile] => 13599951535
    [NickName] => 邹奋
    [IdentityNumber] => 350122198812076538
    [Sex] => 1
    [Password] => d65999b4039b0ae2adc5d534fa7e96b8
    [EndValidDate] => 2099-01-01
    [Status] => 1
    [protocolNo] => 
    [DataTime] => 2017-01-25 14:13:21
)
]
[14:13:21][|-xParam-|Array
(
    [trust_way] => 2
    [en_entrust_way] => 0|1|1|0|0|0|0|
    [order_date] => 20170125
    [apply_time] => 141321
    [cust_type] => l
    [client_full_name] => 邹奋
    [client_name] => 邹奋
    [fund_nationality] => 156
    [id_kind_gb] => 0
    [id_no] => 350122198812076538
    [password] => d65999b4039b0ae2adc5d534fa7e96b8
    [mobile_tel] => 13599951535
    [bank_no] => 003
    [bank_name] => 中国农业银行
    [bank_account] => 6228480068816522772
    [bank_account_name] => 邹奋
    [capital_mode] => l
    [ta_no] => B0
    [fund_card] => 
    [branchbank] => 103391013537
    [detail_fund_way] => 01
    [id_enddate] => 2099-01-01
    [fund_interface_type] => 1
)
]
[14:13:26][|-rs-|Array
(
)
]
[14:24:31][|-Param-|Array
(
    [UserID] => 69
    [Province] => 福建省
    [City] => 福州市
    [BankName] => 中国农业银行
    [BankNo] => 003
    [BranchBank] => 103391013537
    [BankCard] => 6228480068816522772
    [Mobile] => 13599951535
    [NickName] => 邹奋
    [IdentityNumber] => 350122198812076538
    [Sex] => 1
    [Password] => d65999b4039b0ae2adc5d534fa7e96b8
    [EndValidDate] => 2099-01-01
    [Status] => 1
    [protocolNo] => 
    [DataTime] => 2017-01-25 14:24:31
)
]
[14:24:31][|-xParam-|Array
(
    [trust_way] => 2
    [en_entrust_way] => 0|1|1|0|0|0|0|
    [order_date] => 20170125
    [apply_time] => 142431
    [cust_type] => l
    [client_full_name] => 邹奋
    [client_name] => 邹奋
    [fund_nationality] => 156
    [id_kind_gb] => 0
    [id_no] => 350122198812076538
    [password] => d65999b4039b0ae2adc5d534fa7e96b8
    [mobile_tel] => 13599951535
    [bank_no] => 003
    [bank_name] => 中国农业银行
    [bank_account] => 6228480068816522772
    [bank_account_name] => 邹奋
    [capital_mode] => l
    [ta_no] => B0
    [fund_card] => 
    [branchbank] => 103391013537
    [detail_fund_way] => 01
    [id_enddate] => 2099-01-01
    [fund_interface_type] => 1
)
]
[14:24:36][|-rs-|Array
(
)
]
[14:25:52][|-Param-|Array
(
    [UserID] => 69
    [Province] => 福建省
    [City] => 福州市
    [BankName] => 中国农业银行
    [BankNo] => 003
    [BranchBank] => 103391013537
    [BankCard] => 6228480068816522772
    [Mobile] => 13599951535
    [NickName] => 邹奋
    [IdentityNumber] => 350122198812076538
    [Sex] => 1
    [Password] => d65999b4039b0ae2adc5d534fa7e96b8
    [EndValidDate] => 2099-01-01
    [Status] => 1
    [protocolNo] => 
    [DataTime] => 2017-01-25 14:25:52
)
]
[14:25:52][|-xParam-|Array
(
    [trust_way] => 2
    [en_entrust_way] => 0|1|1|0|0|0|0|
    [order_date] => 20170125
    [apply_time] => 142552
    [cust_type] => l
    [client_full_name] => 邹奋
    [client_name] => 邹奋
    [fund_nationality] => 156
    [id_kind_gb] => 0
    [id_no] => 350122198812076538
    [password] => d65999b4039b0ae2adc5d534fa7e96b8
    [mobile_tel] => 13599951535
    [bank_no] => 003
    [bank_name] => 中国农业银行
    [bank_account] => 6228480068816522772
    [bank_account_name] => 邹奋
    [capital_mode] => l
    [ta_no] => B0
    [fund_card] => 
    [branchbank] => 103391013537
    [detail_fund_way] => 01
    [id_enddate] => 2099-01-01
    [fund_interface_type] => 1
)
]
[14:25:58][|-rs-|Array
(
)
]
[14:48:49][|-Param-|Array
(
    [UserID] => 69
    [Province] => 福建省
    [City] => 福州市
    [BankName] => 中国农业银行
    [BankNo] => 003
    [BranchBank] => 103391013537
    [BankCard] => 6228480068816522772
    [Mobile] => 13599951535
    [NickName] => 邹奋
    [IdentityNumber] => 350122198812076538
    [Sex] => 1
    [Password] => d65999b4039b0ae2adc5d534fa7e96b8
    [EndValidDate] => 2099-01-01
    [Status] => 1
    [protocolNo] => 
    [DataTime] => 2017-01-25 14:48:49
)
]
[14:48:49][|-xParam-|Array
(
    [trust_way] => 2
    [en_entrust_way] => 0|1|1|0|0|0|0|
    [order_date] => 20170125
    [apply_time] => 144849
    [cust_type] => l
    [client_full_name] => 邹奋
    [client_name] => 邹奋
    [fund_nationality] => 156
    [id_kind_gb] => 0
    [id_no] => 350122198812076538
    [password] => d65999b4039b0ae2adc5d534fa7e96b8
    [mobile_tel] => 13599951535
    [bank_no] => 003
    [bank_name] => 中国农业银行
    [bank_account] => 6228480068816522772
    [bank_account_name] => 邹奋
    [capital_mode] => l
    [ta_no] => B0
    [fund_card] => 
    [branchbank] => 103391013537
    [detail_fund_way] => 01
    [id_enddate] => 2099-01-01
    [fund_interface_type] => 1
)
]
[14:48:54][|-rs-|Array
(
)
]
[14:52:53][|-Param-|Array
(
    [UserID] => 69
    [Province] => 福建省
    [City] => 福州市
    [BankName] => 中国农业银行
    [BankNo] => 003
    [BranchBank] => 103391013537
    [BankCard] => 6228480068816522772
    [Mobile] => 13599951535
    [NickName] => 邹奋
    [IdentityNumber] => 350122198812076538
    [Sex] => 1
    [Password] => d65999b4039b0ae2adc5d534fa7e96b8
    [EndValidDate] => 2099-01-01
    [Status] => 1
    [protocolNo] => 
    [DataTime] => 2017-01-25 14:52:53
)
]
[14:52:53][|-xParam-|Array
(
    [trust_way] => 2
    [order_date] => 20170125
    [apply_time] => 145253
    [cust_type] => l
    [client_full_name] => 邹奋
    [client_name] => 邹奋
    [fund_nationality] => 156
    [id_kind_gb] => 0
    [id_no] => 350122198812076538
    [password] => d65999b4039b0ae2adc5d534fa7e96b8
    [mobile_tel] => 13599951535
    [bank_no] => 003
    [bank_name] => 中国农业银行
    [bank_account] => 6228480068816522772
    [bank_account_name] => 邹奋
    [capital_mode] => l
    [ta_no] => B0
    [fund_card] => 
    [branchbank] => 103391013537
    [detail_fund_way] => 01
    [id_enddate] => 2099-01-01
    [fund_interface_type] => 1
)
]
[14:52:58][|-rs-|Array
(
)
]
[15:28:10][|-Param-|Array
(
    [UserID] => 69
    [Province] => 福建省
    [City] => 福州市
    [BankName] => 中国农业银行
    [BankNo] => 003
    [BranchBank] => 103391013537
    [BankCard] => 6228480068816522772
    [Mobile] => 13599951535
    [NickName] => 邹奋
    [IdentityNumber] => 350122198812076538
    [Sex] => 1
    [Password] => d65999b4039b0ae2adc5d534fa7e96b8
    [EndValidDate] => 2099-01-01
    [Status] => 1
    [protocolNo] => 
    [DataTime] => 2017-01-25 15:28:10
)
]
[15:28:10][|-xParam-|Array
(
    [trust_way] => 2
    [en_entrust_way] => 0|1|1|0|0|0|0|
    [order_date] => 20170125
    [apply_time] => 152810
    [account_type] => A
    [cust_type] => l
    [client_full_name] => 邹奋
    [client_name] => 邹奋
    [fund_nationality] => 156
    [id_kind_gb] => 0
    [id_no] => 350122198812076538
    [password] => d65999b4039b0ae2adc5d534fa7e96b8
    [mobile_tel] => 13599951535
    [bank_no] => 003
    [bank_name] => 中国农业银行
    [bank_account] => 6228480068816522772
    [bank_account_name] => 邹奋
    [capital_mode] => l
    [ta_no] => B0
    [fund_card] => 
    [branchbank] => 103391013537
    [detail_fund_way] => 01
    [id_enddate] => 2099-01-01
    [fund_interface_type] => 1
)
]
[15:28:15][|-rs-|Array
(
)
]
[15:29:23][|-Param-|Array
(
    [UserID] => 69
    [Province] => 福建省
    [City] => 福州市
    [BankName] => 中国农业银行
    [BankNo] => 003
    [BranchBank] => 103391013537
    [BankCard] => 6228480068816522772
    [Mobile] => 13599951535
    [NickName] => 邹奋
    [IdentityNumber] => 350122198812076538
    [Sex] => 1
    [Password] => d65999b4039b0ae2adc5d534fa7e96b8
    [EndValidDate] => 20990101
    [Status] => 1
    [protocolNo] => 
    [DataTime] => 2017-01-25 15:29:23
)
]
[15:29:23][|-xParam-|Array
(
    [trust_way] => 2
    [en_entrust_way] => 0|1|1|0|0|0|0|
    [order_date] => 20170125
    [apply_time] => 152923
    [account_type] => A
    [cust_type] => l
    [client_full_name] => 邹奋
    [client_name] => 邹奋
    [fund_nationality] => 156
    [id_kind_gb] => 0
    [id_no] => 350122198812076538
    [password] => d65999b4039b0ae2adc5d534fa7e96b8
    [mobile_tel] => 13599951535
    [bank_no] => 003
    [bank_name] => 中国农业银行
    [bank_account] => 6228480068816522772
    [bank_account_name] => 邹奋
    [capital_mode] => l
    [ta_no] => B0
    [fund_card] => 
    [branchbank] => 103391013537
    [detail_fund_way] => 01
    [id_enddate] => 20990101
    [fund_interface_type] => 1
)
]
[15:29:23][|-rs-|Array
(
    [data] => Array
        (
            [0] => Array
                (
                    [allot_no] => 
                    [apply_date] => 
                    [success_type] => 2
                    [trade_acco] => 
                    [error_code] => 1112
                    [client_id] => 
                    [error_info] => 校验投资者年龄时输入客户信息不全
                )

        )

)
]
[15:51:55][|-Param-|Array
(
    [UserID] => 69
    [Province] => 福建省
    [City] => 福州市
    [BankName] => 中国农业银行
    [BankNo] => 003
    [BranchBank] => 103391013570
    [BankCard] => 6228480068816522772
    [Mobile] => 13599951535
    [NickName] => 邹奋
    [IdentityNumber] => 350122198812076538
    [Sex] => 1
    [Password] => d65999b4039b0ae2adc5d534fa7e96b8
    [EndValidDate] => 20990101
    [Status] => 1
    [protocolNo] => 
    [DataTime] => 2017-01-25 15:51:55
)
]
[15:51:55][|-xParam-|Array
(
    [trust_way] => 2
    [en_entrust_way] => 0|1|1|0|0|0|0|
    [order_date] => 
    [apply_time] => 
    [account_type] => A
    [cust_type] => 1
    [client_full_name] => 邹奋
    [client_name] => 邹奋
    [fund_nationality] => 156
    [id_kind_gb] => 0
    [id_no] => 350122198812076538
    [password] => d65999b4039b0ae2adc5d534fa7e96b8
    [mobile_tel] => 13599951535
    [bank_no] => 003
    [bank_name] => 中国农业银行
    [bank_account] => 6228480068816522772
    [bank_account_name] => 邹奋
    [capital_mode] => l
    [ta_no] => B0
    [fund_card] => 
    [branchbank] => 103391013570
    [detail_fund_way] => 01
    [id_enddate] => 20990101
    [fund_interface_type] => 1
)
]
[15:51:55][|-rs-|Array
(
    [data] => Array
        (
            [0] => Array
                (
                    [allot_no] => 
                    [apply_date] => 
                    [success_type] => 2
                    [trade_acco] => 
                    [error_code] => 2014
                    [client_id] => 
                    [error_info] => 此证件的该类型账户已开户
                )

        )

)
]
