[13:20:46][|-iaRs-|Array
(
    [UserID] => 169
    [HsUserID] => 0
    [HsAccount] => 1181
    [UserName] => QQ-169
    [NickName] => 黄
    [Mobile] => 18065043496
    [Status] => 1
    [LastLoginIP] => 192.168.15.235
    [LastLoginTime] => 2017-02-10 11:35:41
    [ActiveTime] => 2017-02-10 11:35:41
    [KeyStr] => ade7c9224ce907f1662076d2b44287ea
    [RegTime] => 2017-02-04 09:44:00
    [GroupIDs] => Array
        (
            [0] => 1
        )

)
]
[14:55:24][|-iaRs-|Array
(
    [UserID] => 178
    [HsUserID] => 10268
    [HsAccount] => 1184
    [UserName] => CM-178
    [NickName] => 杜拉拉
    [Mobile] => 18125530297
    [Status] => 1
    [LastLoginIP] => 192.168.15.235
    [LastLoginTime] => 2017-02-10 14:03:00
    [ActiveTime] => 2017-02-10 14:03:00
    [KeyStr] => 6439f699feb4143224bf17aed05cf9ea
    [RegTime] => 2017-02-04 13:39:12
    [GroupIDs] => Array
        (
            [0] => 1
        )

)
]
