[14:50:09][|-Param-|Array
(
    [UserID] => 203
    [Province] => 江苏省
    [City] => 苏州市
    [BankName] => 中国农业银行
    [BankNo] => 003
    [BranchBank] => 103305053844
    [BranchName] => 中国农业银行苏州黄埭支行
    [BankCard] => 6228480402564890018
    [Mobile] => 13599951535
    [NickName] => 阿德法啊
    [IdentityNumber] => 350263199001012323
    [Sex] => 1
    [EndValidDate] => 20990101
    [Status] => 1
    [protocolNo] => 
    [DataTime] => 2017-02-06 14:50:09
)
]
[14:50:09][|-xParam-|Array
(
    [trust_way] => 2
    [en_entrust_way] => 0|1|1|0|0|0|0|
    [order_date] => 
    [apply_time] => 
    [account_type] => A
    [cust_type] => 1
    [client_full_name] => 阿德法啊
    [client_name] => 阿德法啊
    [fund_nationality] => 156
    [id_kind_gb] => 0
    [id_no] => 350263199001012323
    [password] => 6803cbb9b19241ab53919a7f025bc107
    [mobile_tel] => 13599951535
    [bank_no] => 003
    [bank_name] => 中国农业银行
    [bank_account] => 6228480402564890018
    [bank_account_name] => 阿德法啊
    [capital_mode] => l
    [ta_no] => B0
    [fund_card] => 
    [branchbank] => 103305053844
    [detail_fund_way] => 01
    [id_enddate] => 20990101
    [fund_interface_type] => 1
)
]
[14:50:10][|-rs-|Array
(
    [error_no] => 1
    [error_code] => 1
    [error_info] => 转发错误
)
]
[14:58:00][|-Param-|Array
(
    [UserID] => 203
    [Province] => 江苏省
    [City] => 苏州市
    [BankName] => 中国农业银行
    [BankNo] => 003
    [BranchBank] => 103305053844
    [BranchName] => 中国农业银行苏州黄埭支行
    [BankCard] => 6228480402564890018
    [Mobile] => 13599951535
    [NickName] => 呵呵呵
    [IdentityNumber] => 369025199012123652
    [Sex] => 1
    [EndValidDate] => 20990101
    [Status] => 1
    [protocolNo] => 
    [DataTime] => 2017-02-06 14:58:00
)
]
[14:58:00][|-xParam-|Array
(
    [trust_way] => 2
    [en_entrust_way] => 0|1|1|0|0|0|0|
    [order_date] => 
    [apply_time] => 
    [account_type] => A
    [cust_type] => 1
    [client_full_name] => 呵呵呵
    [client_name] => 呵呵呵
    [fund_nationality] => 156
    [id_kind_gb] => 0
    [id_no] => 369025199012123652
    [password] => 6803cbb9b19241ab53919a7f025bc107
    [mobile_tel] => 13599951535
    [bank_no] => 003
    [bank_name] => 中国农业银行
    [bank_account] => 6228480402564890018
    [bank_account_name] => 呵呵呵
    [capital_mode] => l
    [ta_no] => B0
    [fund_card] => 
    [branchbank] => 103305053844
    [detail_fund_way] => 01
    [id_enddate] => 20990101
    [fund_interface_type] => 1
)
]
[14:58:01][|-rs-|Array
(
    [error_no] => 1
    [error_code] => 1
    [error_info] => 转发错误
)
]
[14:58:29][|-Param-|Array
(
    [UserID] => 203
    [Province] => 江苏省
    [City] => 苏州市
    [BankName] => 中国农业银行
    [BankNo] => 003
    [BranchBank] => 103305053844
    [BranchName] => 中国农业银行苏州黄埭支行
    [BankCard] => 6228480402564890018
    [Mobile] => 13599951535
    [NickName] => 邹奋
    [IdentityNumber] => 369025199012123652
    [Sex] => 1
    [EndValidDate] => 20990101
    [Status] => 1
    [protocolNo] => 
    [DataTime] => 2017-02-06 14:58:29
)
]
[14:58:29][|-xParam-|Array
(
    [trust_way] => 2
    [en_entrust_way] => 0|1|1|0|0|0|0|
    [order_date] => 
    [apply_time] => 
    [account_type] => A
    [cust_type] => 1
    [client_full_name] => 邹奋
    [client_name] => 邹奋
    [fund_nationality] => 156
    [id_kind_gb] => 0
    [id_no] => 369025199012123652
    [password] => 6803cbb9b19241ab53919a7f025bc107
    [mobile_tel] => 13599951535
    [bank_no] => 003
    [bank_name] => 中国农业银行
    [bank_account] => 6228480402564890018
    [bank_account_name] => 邹奋
    [capital_mode] => l
    [ta_no] => B0
    [fund_card] => 
    [branchbank] => 103305053844
    [detail_fund_way] => 01
    [id_enddate] => 20990101
    [fund_interface_type] => 1
)
]
[14:58:30][|-rs-|Array
(
    [error_no] => 1
    [error_code] => 1
    [error_info] => 转发错误
)
]
[15:01:16][|-Param-|Array
(
    [UserID] => 203
    [Province] => 江苏省
    [City] => 苏州市
    [BankName] => 中国农业银行
    [BankNo] => 003
    [BranchBank] => 103305053844
    [BranchName] => 中国农业银行苏州黄埭支行
    [BankCard] => 6228480402564890018
    [Mobile] => 13599951535
    [NickName] => 邹奋
    [IdentityNumber] => 369025199012123652
    [Sex] => 1
    [EndValidDate] => 20990101
    [Status] => 1
    [protocolNo] => 
    [DataTime] => 2017-02-06 15:01:16
)
]
[15:01:16][|-xParam-|Array
(
    [trust_way] => 2
    [en_entrust_way] => 0|1|1|0|0|0|0|
    [order_date] => 
    [apply_time] => 
    [account_type] => A
    [cust_type] => 1
    [client_full_name] => 邹奋
    [client_name] => 邹奋
    [fund_nationality] => 156
    [id_kind_gb] => 0
    [id_no] => 369025199012123652
    [password] => 6803cbb9b19241ab53919a7f025bc107
    [mobile_tel] => 13599951535
    [bank_no] => 003
    [bank_name] => 中国农业银行
    [bank_account] => 6228480402564890018
    [bank_account_name] => 邹奋
    [capital_mode] => l
    [ta_no] => B0
    [fund_card] => 
    [branchbank] => 103305053844
    [detail_fund_way] => 01
    [id_enddate] => 20990101
    [fund_interface_type] => 1
)
]
[15:01:17][|-rs-|Array
(
    [error_no] => 1
    [error_code] => 1
    [error_info] => 转发错误
)
]
[15:16:58][|-Param-|Array
(
    [UserID] => 203
    [Province] => 江苏省
    [City] => 苏州市
    [BankName] => 中国农业银行
    [BankNo] => 003
    [BranchBank] => 103305053844
    [BranchName] => 中国农业银行苏州黄埭支行
    [BankCard] => 6228480402564890018
    [Mobile] => 13599951535
    [NickName] => 邹奋
    [IdentityNumber] => 369025199012123652
    [Sex] => 1
    [EndValidDate] => 20990101
    [Status] => 1
    [protocolNo] => 
    [DataTime] => 2017-02-06 15:16:58
)
]
[15:16:58][|-xParam-|Array
(
    [trust_way] => 2
    [en_entrust_way] => 0|1|1|0|0|0|0|
    [order_date] => 
    [apply_time] => 
    [account_type] => A
    [cust_type] => 1
    [client_full_name] => 邹奋
    [client_name] => 邹奋
    [fund_nationality] => 156
    [id_kind_gb] => 0
    [id_no] => 369025199012123652
    [password] => 6803cbb9b19241ab53919a7f025bc107
    [mobile_tel] => 13599951535
    [bank_no] => 003
    [bank_name] => 中国农业银行
    [bank_account] => 6228480402564890018
    [bank_account_name] => 邹奋
    [capital_mode] => l
    [ta_no] => B0
    [fund_card] => 
    [branchbank] => 103305053844
    [detail_fund_way] => 01
    [id_enddate] => 20990101
    [fund_interface_type] => 1
)
]
[15:16:59][|-rs-|Array
(
    [data] => Array
        (
            [0] => Array
                (
                    [allot_no] => 20170206000003
                    [apply_date] => 20170207
                    [success_type] => 0
                    [trade_acco] => 1162
                    [error_code] => 
                    [client_id] => 10088
                    [error_info] => 
                )

        )

)
]
[15:22:13][|-Param-|Array
(
    [UserID] => 203
    [Province] => 江苏省
    [City] => 苏州市
    [BankName] => 中国农业银行
    [BankNo] => 003
    [BranchBank] => 103305053844
    [BranchName] => 中国农业银行苏州黄埭支行
    [BankCard] => 6228480402564890018
    [Mobile] => 13599951535
    [NickName] => 啊啊啊
    [IdentityNumber] => 369025199012123655
    [Sex] => 1
    [EndValidDate] => 20990101
    [Status] => 1
    [protocolNo] => 
    [DataTime] => 2017-02-06 15:22:13
)
]
[15:22:13][|-xParam-|Array
(
    [trust_way] => 2
    [en_entrust_way] => 0|1|1|0|0|0|0|
    [order_date] => 
    [apply_time] => 
    [account_type] => A
    [cust_type] => 1
    [client_full_name] => 啊啊啊
    [client_name] => 啊啊啊
    [fund_nationality] => 156
    [id_kind_gb] => 0
    [id_no] => 369025199012123655
    [password] => 6803cbb9b19241ab53919a7f025bc107
    [mobile_tel] => 13599951535
    [bank_no] => 003
    [bank_name] => 中国农业银行
    [bank_account] => 6228480402564890018
    [bank_account_name] => 啊啊啊
    [capital_mode] => l
    [ta_no] => B0
    [fund_card] => 
    [branchbank] => 103305053844
    [detail_fund_way] => 01
    [id_enddate] => 20990101
    [fund_interface_type] => 1
)
]
[15:22:13][|-rs-|Array
(
    [data] => Array
        (
            [0] => Array
                (
                    [allot_no] => 20170206000005
                    [apply_date] => 20170207
                    [success_type] => 0
                    [trade_acco] => 1163
                    [error_code] => 
                    [client_id] => 10098
                    [error_info] => 
                )

        )

)
]
[15:22:13][|-uuRs-|1]
[15:22:13][|-ibParam-|Array
(
    [UserID] => 203
    [Province] => 江苏省
    [City] => 苏州市
    [BankName] => 中国农业银行
    [BankNo] => 003
    [BranchBank] => 103305053844
    [BranchName] => 中国农业银行苏州黄埭支行
    [BankCard] => 6228480402564890018
    [Mobile] => 13599951535
    [Status] => 1
    [DataTime] => 2017-02-06 15:22:12
)
]
[15:22:13][|-ibRs-|4]
[15:22:13][|-iaParam-|Array
(
    [UserID] => 203
    [TrueName] => 啊啊啊
    [Sex] => 1
    [IdentityNumber] => 369025199012123655
    [Status] => 1
    [CheckTime] => 2017-02-06 15:22:12
    [DataTime] => 2017-02-06 15:22:12
    [EndValidDate] => 20990101
)
]
[15:22:13][|-iaRs-|0]
[15:31:04][|-Param-|Array
(
    [UserID] => 184
    [Province] => 湖北省
    [City] => 武汉市
    [BankName] => 中国光大银行
    [BankNo] => 009
    [BranchBank] => 303521000181
    [BranchName] => 中国光大银行武汉汉口支行
    [BankCard] => 6226661401297043
    [Mobile] => 18671517368
    [NickName] => 江雪锋
    [IdentityNumber] => 421281199202011736
    [Sex] => 2
    [EndValidDate] => 20990101
    [Status] => 1
    [protocolNo] => 
    [DataTime] => 2017-02-06 15:31:04
)
]
[15:31:04][|-xParam-|Array
(
    [trust_way] => 2
    [en_entrust_way] => 0|1|1|0|0|0|0|
    [order_date] => 
    [apply_time] => 
    [account_type] => A
    [cust_type] => 1
    [client_full_name] => 江雪锋
    [client_name] => 江雪锋
    [fund_nationality] => 156
    [id_kind_gb] => 0
    [id_no] => 421281199202011736
    [password] => 5dcc73f8fd666d3a9d2d0ce70d36e3ff
    [mobile_tel] => 18671517368
    [bank_no] => 009
    [bank_name] => 中国光大银行
    [bank_account] => 6226661401297043
    [bank_account_name] => 江雪锋
    [capital_mode] => l
    [ta_no] => B0
    [fund_card] => 
    [branchbank] => 303521000181
    [detail_fund_way] => 01
    [id_enddate] => 20990101
    [fund_interface_type] => 1
)
]
[15:31:04][|-rs-|Array
(
    [data] => Array
        (
            [0] => Array
                (
                    [allot_no] => 
                    [apply_date] => 
                    [success_type] => 2
                    [trade_acco] => 
                    [error_code] => 2014
                    [client_id] => 
                    [error_info] => 此证件的该类型账户已开户
                )

        )

)
]
[15:34:42][|-Param-|Array
(
    [UserID] => 184
    [Province] => 湖北省
    [City] => 赤壁市
    [BankName] => 中国农业银行
    [BankNo] => 003
    [BranchBank] => 103536269569
    [BranchName] => 中国农业银行股份有限公司赤壁市城西支行
    [BankCard] => 6228452408037333076
    [Mobile] => 18671517368
    [NickName] => 江雪锋
    [IdentityNumber] => 421281199202011736
    [Sex] => 1
    [EndValidDate] => 20990101
    [Status] => 1
    [protocolNo] => 
    [DataTime] => 2017-02-06 15:34:42
)
]
[15:34:42][|-xParam-|Array
(
    [trust_way] => 2
    [en_entrust_way] => 0|1|1|0|0|0|0|
    [order_date] => 
    [apply_time] => 
    [account_type] => A
    [cust_type] => 1
    [client_full_name] => 江雪锋
    [client_name] => 江雪锋
    [fund_nationality] => 156
    [id_kind_gb] => 0
    [id_no] => 421281199202011736
    [password] => 5dcc73f8fd666d3a9d2d0ce70d36e3ff
    [mobile_tel] => 18671517368
    [bank_no] => 003
    [bank_name] => 中国农业银行
    [bank_account] => 6228452408037333076
    [bank_account_name] => 江雪锋
    [capital_mode] => l
    [ta_no] => B0
    [fund_card] => 
    [branchbank] => 103536269569
    [detail_fund_way] => 01
    [id_enddate] => 20990101
    [fund_interface_type] => 1
)
]
[15:34:43][|-rs-|Array
(
    [data] => Array
        (
            [0] => Array
                (
                    [allot_no] => 
                    [apply_date] => 
                    [success_type] => 2
                    [trade_acco] => 
                    [error_code] => 2014
                    [client_id] => 
                    [error_info] => 此证件的该类型账户已开户
                )

        )

)
]
[15:38:11][|-Param-|Array
(
    [UserID] => 196
    [Province] => 湖北省
    [City] => 武汉市
    [BankName] => 中国银行
    [BankNo] => 004
    [BranchBank] => 104521003318
    [BranchName] => 中国银行股份有限公司武汉光谷支行
    [BankCard] => 6217857600002597495
    [Mobile] => 15972158074
    [NickName] => 严萌
    [IdentityNumber] => 420111199508286622
    [Sex] => 1
    [EndValidDate] => 20990101
    [Status] => 1
    [protocolNo] => 
    [DataTime] => 2017-02-06 15:38:11
)
]
[15:38:11][|-xParam-|Array
(
    [trust_way] => 2
    [en_entrust_way] => 0|1|1|0|0|0|0|
    [order_date] => 
    [apply_time] => 
    [account_type] => A
    [cust_type] => 1
    [client_full_name] => 严萌
    [client_name] => 严萌
    [fund_nationality] => 156
    [id_kind_gb] => 0
    [id_no] => 420111199508286622
    [password] => 230cfc2f904f96968c1d598c401812d3
    [mobile_tel] => 15972158074
    [bank_no] => 004
    [bank_name] => 中国银行
    [bank_account] => 6217857600002597495
    [bank_account_name] => 严萌
    [capital_mode] => l
    [ta_no] => B0
    [fund_card] => 
    [branchbank] => 104521003318
    [detail_fund_way] => 01
    [id_enddate] => 20990101
    [fund_interface_type] => 1
)
]
[15:38:12][|-rs-|Array
(
    [data] => Array
        (
            [0] => Array
                (
                    [allot_no] => 
                    [apply_date] => 
                    [success_type] => 2
                    [trade_acco] => 
                    [error_code] => 2014
                    [client_id] => 
                    [error_info] => 此证件的该类型账户已开户
                )

        )

)
]
[15:40:51][|-Param-|Array
(
    [UserID] => 196
    [Province] => 湖北省
    [City] => 武汉市
    [BankName] => 中国银行
    [BankNo] => 004
    [BranchBank] => 104521003318
    [BranchName] => 中国银行股份有限公司武汉光谷支行
    [BankCard] => 6217857600002597495
    [Mobile] => 15972158074
    [NickName] => 严萌
    [IdentityNumber] => 420111199508286623
    [Sex] => 1
    [EndValidDate] => 20990101
    [Status] => 1
    [protocolNo] => 
    [DataTime] => 2017-02-06 15:40:51
)
]
[15:40:51][|-xParam-|Array
(
    [trust_way] => 2
    [en_entrust_way] => 0|1|1|0|0|0|0|
    [order_date] => 
    [apply_time] => 
    [account_type] => A
    [cust_type] => 1
    [client_full_name] => 严萌
    [client_name] => 严萌
    [fund_nationality] => 156
    [id_kind_gb] => 0
    [id_no] => 420111199508286623
    [password] => 230cfc2f904f96968c1d598c401812d3
    [mobile_tel] => 15972158074
    [bank_no] => 004
    [bank_name] => 中国银行
    [bank_account] => 6217857600002597495
    [bank_account_name] => 严萌
    [capital_mode] => l
    [ta_no] => B0
    [fund_card] => 
    [branchbank] => 104521003318
    [detail_fund_way] => 01
    [id_enddate] => 20990101
    [fund_interface_type] => 1
)
]
[15:40:52][|-rs-|Array
(
    [data] => Array
        (
            [0] => Array
                (
                    [allot_no] => 20170206000006
                    [apply_date] => 20170207
                    [success_type] => 0
                    [trade_acco] => 1164
                    [error_code] => 
                    [client_id] => 10108
                    [error_info] => 
                )

        )

)
]
[15:40:52][|-uuRs-|1]
[15:40:52][|-ibParam-|Array
(
    [UserID] => 196
    [Province] => 湖北省
    [City] => 武汉市
    [BankName] => 中国银行
    [BankNo] => 004
    [BranchBank] => 104521003318
    [BranchName] => 中国银行股份有限公司武汉光谷支行
    [BankCard] => 6217857600002597495
    [Mobile] => 15972158074
    [Status] => 1
    [DataTime] => 2017-02-06 15:40:51
)
]
[15:40:52][|-ibRs-|5]
[15:40:52][|-iaParam-|Array
(
    [UserID] => 196
    [TrueName] => 严萌
    [Sex] => 1
    [IdentityNumber] => 420111199508286623
    [Status] => 1
    [CheckTime] => 2017-02-06 15:40:51
    [DataTime] => 2017-02-06 15:40:51
    [EndValidDate] => 20990101
)
]
[15:40:52][|-iaRs-|0]
[15:42:53][|-Param-|Array
(
    [UserID] => 184
    [Province] => 湖北省
    [City] => 赤壁市
    [BankName] => 中国农业银行
    [BankNo] => 003
    [BranchBank] => 103536269569
    [BranchName] => 中国农业银行股份有限公司赤壁市城西支行
    [BankCard] => 6228452408037333076
    [Mobile] => 18671517368
    [NickName] => 江雪锋
    [IdentityNumber] => 421281199202011735
    [Sex] => 1
    [EndValidDate] => 20990101
    [Status] => 1
    [protocolNo] => 
    [DataTime] => 2017-02-06 15:42:53
)
]
[15:42:53][|-xParam-|Array
(
    [trust_way] => 2
    [en_entrust_way] => 0|1|1|0|0|0|0|
    [order_date] => 
    [apply_time] => 
    [account_type] => A
    [cust_type] => 1
    [client_full_name] => 江雪锋
    [client_name] => 江雪锋
    [fund_nationality] => 156
    [id_kind_gb] => 0
    [id_no] => 421281199202011735
    [password] => 5dcc73f8fd666d3a9d2d0ce70d36e3ff
    [mobile_tel] => 18671517368
    [bank_no] => 003
    [bank_name] => 中国农业银行
    [bank_account] => 6228452408037333076
    [bank_account_name] => 江雪锋
    [capital_mode] => l
    [ta_no] => B0
    [fund_card] => 
    [branchbank] => 103536269569
    [detail_fund_way] => 01
    [id_enddate] => 20990101
    [fund_interface_type] => 1
)
]
[15:42:54][|-rs-|Array
(
    [data] => Array
        (
            [0] => Array
                (
                    [allot_no] => 20170206000007
                    [apply_date] => 20170207
                    [success_type] => 0
                    [trade_acco] => 1165
                    [error_code] => 
                    [client_id] => 10118
                    [error_info] => 
                )

        )

)
]
[15:42:54][|-uuRs-|1]
[15:42:54][|-ibParam-|Array
(
    [UserID] => 184
    [Province] => 湖北省
    [City] => 赤壁市
    [BankName] => 中国农业银行
    [BankNo] => 003
    [BranchBank] => 103536269569
    [BranchName] => 中国农业银行股份有限公司赤壁市城西支行
    [BankCard] => 6228452408037333076
    [Mobile] => 18671517368
    [Status] => 1
    [DataTime] => 2017-02-06 15:42:52
)
]
[15:42:54][|-ibRs-|6]
[15:42:54][|-iaParam-|Array
(
    [UserID] => 184
    [TrueName] => 江雪锋
    [Sex] => 1
    [IdentityNumber] => 421281199202011735
    [Status] => 1
    [CheckTime] => 2017-02-06 15:42:52
    [DataTime] => 2017-02-06 15:42:52
    [EndValidDate] => 20990101
)
]
[15:42:54][|-iaRs-|0]
[15:45:25][|-Param-|Array
(
    [UserID] => 184
    [Province] => 湖北省
    [City] => 赤壁市
    [BankName] => 中国农业银行
    [BankNo] => 003
    [BranchBank] => 103536269569
    [BranchName] => 中国农业银行股份有限公司赤壁市城西支行
    [BankCard] => 6228452408037333076
    [Mobile] => 18671517368
    [NickName] => 江雪锋
    [IdentityNumber] => 421281199202011735
    [Sex] => 1
    [EndValidDate] => 20990101
    [Status] => 1
    [protocolNo] => 
    [DataTime] => 2017-02-06 15:45:25
)
]
[15:45:25][|-xParam-|Array
(
    [trust_way] => 2
    [en_entrust_way] => 0|1|1|0|0|0|0|
    [order_date] => 
    [apply_time] => 
    [account_type] => A
    [cust_type] => 1
    [client_full_name] => 江雪锋
    [client_name] => 江雪锋
    [fund_nationality] => 156
    [id_kind_gb] => 0
    [id_no] => 421281199202011735
    [password] => 5dcc73f8fd666d3a9d2d0ce70d36e3ff
    [mobile_tel] => 18671517368
    [bank_no] => 003
    [bank_name] => 中国农业银行
    [bank_account] => 6228452408037333076
    [bank_account_name] => 江雪锋
    [capital_mode] => l
    [ta_no] => B0
    [fund_card] => 
    [branchbank] => 103536269569
    [detail_fund_way] => 01
    [id_enddate] => 20990101
    [fund_interface_type] => 1
)
]
[15:45:26][|-rs-|Array
(
    [data] => Array
        (
            [0] => Array
                (
                    [allot_no] => 
                    [apply_date] => 
                    [success_type] => 2
                    [trade_acco] => 
                    [error_code] => 2014
                    [client_id] => 
                    [error_info] => 此证件的该类型账户已开户
                )

        )

)
]
[15:46:21][|-Param-|Array
(
    [UserID] => 184
    [Province] => 湖北省
    [City] => 赤壁市
    [BankName] => 中国农业银行
    [BankNo] => 003
    [BranchBank] => 103536269569
    [BranchName] => 中国农业银行股份有限公司赤壁市城西支行
    [BankCard] => 6228452408037333076
    [Mobile] => 18671517368
    [NickName] => 江雪锋
    [IdentityNumber] => 421281199102011735
    [Sex] => 1
    [EndValidDate] => 20990101
    [Status] => 1
    [protocolNo] => 
    [DataTime] => 2017-02-06 15:46:21
)
]
[15:46:21][|-xParam-|Array
(
    [trust_way] => 2
    [en_entrust_way] => 0|1|1|0|0|0|0|
    [order_date] => 
    [apply_time] => 
    [account_type] => A
    [cust_type] => 1
    [client_full_name] => 江雪锋
    [client_name] => 江雪锋
    [fund_nationality] => 156
    [id_kind_gb] => 0
    [id_no] => 421281199102011735
    [password] => 5dcc73f8fd666d3a9d2d0ce70d36e3ff
    [mobile_tel] => 18671517368
    [bank_no] => 003
    [bank_name] => 中国农业银行
    [bank_account] => 6228452408037333076
    [bank_account_name] => 江雪锋
    [capital_mode] => l
    [ta_no] => B0
    [fund_card] => 
    [branchbank] => 103536269569
    [detail_fund_way] => 01
    [id_enddate] => 20990101
    [fund_interface_type] => 1
)
]
[15:46:21][|-rs-|Array
(
    [data] => Array
        (
            [0] => Array
                (
                    [allot_no] => 20170206000008
                    [apply_date] => 20170207
                    [success_type] => 0
                    [trade_acco] => 1166
                    [error_code] => 
                    [client_id] => 10128
                    [error_info] => 
                )

        )

)
]
[15:46:21][|-ibParam-|Array
(
    [UserID] => 184
    [Province] => 湖北省
    [City] => 赤壁市
    [BankName] => 中国农业银行
    [BankNo] => 003
    [BranchBank] => 103536269569
    [BranchName] => 中国农业银行股份有限公司赤壁市城西支行
    [BankCard] => 6228452408037333076
    [Mobile] => 18671517368
    [Status] => 1
    [DataTime] => 2017-02-06 15:46:20
)
]
[15:46:21][|-ibRs-|7]
[15:47:03][|-Param-|Array
(
    [UserID] => 184
    [Province] => 湖北省
    [City] => 赤壁市
    [BankName] => 中国农业银行
    [BankNo] => 003
    [BranchBank] => 103536269569
    [BranchName] => 中国农业银行股份有限公司赤壁市城西支行
    [BankCard] => 6228452408037333076
    [Mobile] => 18671517368
    [NickName] => 江雪锋
    [IdentityNumber] => 421281199002011735
    [Sex] => 1
    [EndValidDate] => 20990101
    [Status] => 1
    [protocolNo] => 
    [DataTime] => 2017-02-06 15:47:03
)
]
[15:47:03][|-xParam-|Array
(
    [trust_way] => 2
    [en_entrust_way] => 0|1|1|0|0|0|0|
    [order_date] => 
    [apply_time] => 
    [account_type] => A
    [cust_type] => 1
    [client_full_name] => 江雪锋
    [client_name] => 江雪锋
    [fund_nationality] => 156
    [id_kind_gb] => 0
    [id_no] => 421281199002011735
    [password] => 5dcc73f8fd666d3a9d2d0ce70d36e3ff
    [mobile_tel] => 18671517368
    [bank_no] => 003
    [bank_name] => 中国农业银行
    [bank_account] => 6228452408037333076
    [bank_account_name] => 江雪锋
    [capital_mode] => l
    [ta_no] => B0
    [fund_card] => 
    [branchbank] => 103536269569
    [detail_fund_way] => 01
    [id_enddate] => 20990101
    [fund_interface_type] => 1
)
]
[15:47:03][|-rs-|Array
(
    [data] => Array
        (
            [0] => Array
                (
                    [allot_no] => 20170206000009
                    [apply_date] => 20170207
                    [success_type] => 0
                    [trade_acco] => 1167
                    [error_code] => 
                    [client_id] => 10138
                    [error_info] => 
                )

        )

)
]
[15:47:03][|-ibParam-|Array
(
    [UserID] => 184
    [Province] => 湖北省
    [City] => 赤壁市
    [BankName] => 中国农业银行
    [BankNo] => 003
    [BranchBank] => 103536269569
    [BranchName] => 中国农业银行股份有限公司赤壁市城西支行
    [BankCard] => 6228452408037333076
    [Mobile] => 18671517368
    [Status] => 1
    [DataTime] => 2017-02-06 15:47:02
)
]
[15:47:03][|-ibRs-|8]
[15:51:29][|-Param-|Array
(
    [UserID] => 196
    [Province] => 湖北省
    [City] => 武汉市
    [BankName] => 中国银行
    [BankNo] => 004
    [BranchBank] => 104521003318
    [BranchName] => 中国银行股份有限公司武汉光谷支行
    [BankCard] => 6217857600002597495
    [Mobile] => 15972158074
    [NickName] => 严萌
    [IdentityNumber] => 420111199508286123
    [Sex] => 1
    [EndValidDate] => 20990101
    [Status] => 1
    [protocolNo] => 
    [DataTime] => 2017-02-06 15:51:29
)
]
[15:51:29][|-xParam-|Array
(
    [trust_way] => 2
    [en_entrust_way] => 0|1|1|0|0|0|0|
    [order_date] => 
    [apply_time] => 
    [account_type] => A
    [cust_type] => 1
    [client_full_name] => 严萌
    [client_name] => 严萌
    [fund_nationality] => 156
    [id_kind_gb] => 0
    [id_no] => 420111199508286123
    [password] => 230cfc2f904f96968c1d598c401812d3
    [mobile_tel] => 15972158074
    [bank_no] => 004
    [bank_name] => 中国银行
    [bank_account] => 6217857600002597495
    [bank_account_name] => 严萌
    [capital_mode] => l
    [ta_no] => B0
    [fund_card] => 
    [branchbank] => 104521003318
    [detail_fund_way] => 01
    [id_enddate] => 20990101
    [fund_interface_type] => 1
)
]
[15:51:29][|-rs-|Array
(
    [data] => Array
        (
            [0] => Array
                (
                    [allot_no] => 20170206000010
                    [apply_date] => 20170207
                    [success_type] => 0
                    [trade_acco] => 1168
                    [error_code] => 
                    [client_id] => 10148
                    [error_info] => 
                )

        )

)
]
[15:51:29][|-ibParam-|Array
(
    [UserID] => 196
    [Province] => 湖北省
    [City] => 武汉市
    [BankName] => 中国银行
    [BankNo] => 004
    [BranchBank] => 104521003318
    [BranchName] => 中国银行股份有限公司武汉光谷支行
    [BankCard] => 6217857600002597495
    [Mobile] => 15972158074
    [Status] => 1
    [DataTime] => 2017-02-06 15:51:28
)
]
[15:51:29][|-ibRs-|9]
[15:53:52][|-Param-|Array
(
    [UserID] => 196
    [Province] => 湖北省
    [City] => 武汉市
    [BankName] => 中国银行
    [BankNo] => 004
    [BranchBank] => 104521003318
    [BranchName] => 中国银行股份有限公司武汉光谷支行
    [BankCard] => 6217857600002597495
    [Mobile] => 15972158074
    [NickName] => 严萌
    [IdentityNumber] => 420111199508286129
    [Sex] => 1
    [EndValidDate] => 20990101
    [Status] => 1
    [protocolNo] => 
    [DataTime] => 2017-02-06 15:53:52
)
]
[15:53:52][|-xParam-|Array
(
    [trust_way] => 2
    [en_entrust_way] => 0|1|1|0|0|0|0|
    [order_date] => 
    [apply_time] => 
    [account_type] => A
    [cust_type] => 1
    [client_full_name] => 严萌
    [client_name] => 严萌
    [fund_nationality] => 156
    [id_kind_gb] => 0
    [id_no] => 420111199508286129
    [password] => 230cfc2f904f96968c1d598c401812d3
    [mobile_tel] => 15972158074
    [bank_no] => 004
    [bank_name] => 中国银行
    [bank_account] => 6217857600002597495
    [bank_account_name] => 严萌
    [capital_mode] => l
    [ta_no] => B0
    [fund_card] => 
    [branchbank] => 104521003318
    [detail_fund_way] => 01
    [id_enddate] => 20990101
    [fund_interface_type] => 1
)
]
[15:53:52][|-rs-|Array
(
    [data] => Array
        (
            [0] => Array
                (
                    [allot_no] => 20170206000011
                    [apply_date] => 20170207
                    [success_type] => 0
                    [trade_acco] => 1169
                    [error_code] => 
                    [client_id] => 10158
                    [error_info] => 
                )

        )

)
]
[15:53:52][|-ibParam-|Array
(
    [UserID] => 196
    [Province] => 湖北省
    [City] => 武汉市
    [BankName] => 中国银行
    [BankNo] => 004
    [BranchBank] => 104521003318
    [BranchName] => 中国银行股份有限公司武汉光谷支行
    [BankCard] => 6217857600002597495
    [Mobile] => 15972158074
    [Status] => 1
    [DataTime] => 2017-02-06 15:53:51
)
]
[15:53:52][|-ibRs-|10]
[15:54:55][|-Param-|Array
(
    [UserID] => 196
    [Province] => 湖北省
    [City] => 武汉市
    [BankName] => 中国银行
    [BankNo] => 004
    [BranchBank] => 104521003318
    [BranchName] => 中国银行股份有限公司武汉光谷支行
    [BankCard] => 6217857600002597495
    [Mobile] => 15972158074
    [NickName] => 严萌
    [IdentityNumber] => 420111199508286129
    [Sex] => 1
    [EndValidDate] => 20990101
    [Status] => 1
    [protocolNo] => 
    [DataTime] => 2017-02-06 15:54:55
)
]
[15:54:55][|-xParam-|Array
(
    [trust_way] => 2
    [en_entrust_way] => 0|1|1|0|0|0|0|
    [order_date] => 
    [apply_time] => 
    [account_type] => A
    [cust_type] => 1
    [client_full_name] => 严萌
    [client_name] => 严萌
    [fund_nationality] => 156
    [id_kind_gb] => 0
    [id_no] => 420111199508286129
    [password] => 230cfc2f904f96968c1d598c401812d3
    [mobile_tel] => 15972158074
    [bank_no] => 004
    [bank_name] => 中国银行
    [bank_account] => 6217857600002597495
    [bank_account_name] => 严萌
    [capital_mode] => l
    [ta_no] => B0
    [fund_card] => 
    [branchbank] => 104521003318
    [detail_fund_way] => 01
    [id_enddate] => 20990101
    [fund_interface_type] => 1
)
]
[15:54:55][|-rs-|Array
(
    [data] => Array
        (
            [0] => Array
                (
                    [allot_no] => 
                    [apply_date] => 
                    [success_type] => 2
                    [trade_acco] => 
                    [error_code] => 2014
                    [client_id] => 
                    [error_info] => 此证件的该类型账户已开户
                )

        )

)
]
[15:55:24][|-Param-|Array
(
    [UserID] => 196
    [Province] => 湖北省
    [City] => 武汉市
    [BankName] => 中国银行
    [BankNo] => 004
    [BranchBank] => 104521003318
    [BranchName] => 中国银行股份有限公司武汉光谷支行
    [BankCard] => 6217857600002597495
    [Mobile] => 15972158074
    [NickName] => 严萌
    [IdentityNumber] => 420111199508286369
    [Sex] => 1
    [EndValidDate] => 20990101
    [Status] => 1
    [protocolNo] => 
    [DataTime] => 2017-02-06 15:55:24
)
]
[15:55:24][|-xParam-|Array
(
    [trust_way] => 2
    [en_entrust_way] => 0|1|1|0|0|0|0|
    [order_date] => 
    [apply_time] => 
    [account_type] => A
    [cust_type] => 1
    [client_full_name] => 严萌
    [client_name] => 严萌
    [fund_nationality] => 156
    [id_kind_gb] => 0
    [id_no] => 420111199508286369
    [password] => 230cfc2f904f96968c1d598c401812d3
    [mobile_tel] => 15972158074
    [bank_no] => 004
    [bank_name] => 中国银行
    [bank_account] => 6217857600002597495
    [bank_account_name] => 严萌
    [capital_mode] => l
    [ta_no] => B0
    [fund_card] => 
    [branchbank] => 104521003318
    [detail_fund_way] => 01
    [id_enddate] => 20990101
    [fund_interface_type] => 1
)
]
[15:55:24][|-rs-|Array
(
    [data] => Array
        (
            [0] => Array
                (
                    [allot_no] => 20170206000012
                    [apply_date] => 20170207
                    [success_type] => 0
                    [trade_acco] => 1170
                    [error_code] => 
                    [client_id] => 10168
                    [error_info] => 
                )

        )

)
]
[15:55:24][|-ibParam-|Array
(
    [UserID] => 196
    [Province] => 湖北省
    [City] => 武汉市
    [BankName] => 中国银行
    [BankNo] => 004
    [BranchBank] => 104521003318
    [BranchName] => 中国银行股份有限公司武汉光谷支行
    [BankCard] => 6217857600002597495
    [Mobile] => 15972158074
    [Status] => 1
    [DataTime] => 2017-02-06 15:55:23
)
]
[15:55:24][|-ibRs-|11]
[15:56:15][|-Param-|Array
(
    [UserID] => 184
    [Province] => 湖北省
    [City] => 武汉市
    [BankName] => 中国光大银行
    [BankNo] => 009
    [BranchBank] => 303521000181
    [BranchName] => 中国光大银行武汉汉口支行
    [BankCard] => 6226661401297043
    [Mobile] => 18671517368
    [NickName] => 江雪锋
    [IdentityNumber] => 421281199302024212
    [Sex] => 2
    [EndValidDate] => 20990101
    [Status] => 1
    [protocolNo] => 
    [DataTime] => 2017-02-06 15:56:15
)
]
[15:56:15][|-xParam-|Array
(
    [trust_way] => 2
    [en_entrust_way] => 0|1|1|0|0|0|0|
    [order_date] => 
    [apply_time] => 
    [account_type] => A
    [cust_type] => 1
    [client_full_name] => 江雪锋
    [client_name] => 江雪锋
    [fund_nationality] => 156
    [id_kind_gb] => 0
    [id_no] => 421281199302024212
    [password] => 5dcc73f8fd666d3a9d2d0ce70d36e3ff
    [mobile_tel] => 18671517368
    [bank_no] => 009
    [bank_name] => 中国光大银行
    [bank_account] => 6226661401297043
    [bank_account_name] => 江雪锋
    [capital_mode] => l
    [ta_no] => B0
    [fund_card] => 
    [branchbank] => 303521000181
    [detail_fund_way] => 01
    [id_enddate] => 20990101
    [fund_interface_type] => 1
)
]
[15:56:15][|-rs-|Array
(
    [data] => Array
        (
            [0] => Array
                (
                    [allot_no] => 20170206000013
                    [apply_date] => 20170207
                    [success_type] => 0
                    [trade_acco] => 1171
                    [error_code] => 
                    [client_id] => 10178
                    [error_info] => 
                )

        )

)
]
[15:56:15][|-ibParam-|Array
(
    [UserID] => 184
    [Province] => 湖北省
    [City] => 武汉市
    [BankName] => 中国光大银行
    [BankNo] => 009
    [BranchBank] => 303521000181
    [BranchName] => 中国光大银行武汉汉口支行
    [BankCard] => 6226661401297043
    [Mobile] => 18671517368
    [Status] => 1
    [DataTime] => 2017-02-06 15:56:14
)
]
[15:56:15][|-ibRs-|12]
[16:56:58][|-Param-|Array
(
    [UserID] => 206
    [Province] => 广东省
    [City] => 广州市
    [BankName] => 招商银行
    [BankNo] => 007
    [BranchBank] => 308581002249
    [BranchName] => 招商银行股份有限公司广州风神支行
    [BankCard] => 6214830201562278
    [Mobile] => 18125530297
    [NickName] => 阿拉蕾
    [IdentityNumber] => 4222199201010427
    [Sex] => 1
    [EndValidDate] => 20990101
    [Status] => 1
    [protocolNo] => 
    [DataTime] => 2017-02-06 16:56:58
)
]
[16:56:58][|-xParam-|Array
(
    [trust_way] => 2
    [en_entrust_way] => 0|1|1|0|0|0|0|
    [order_date] => 
    [apply_time] => 
    [account_type] => A
    [cust_type] => 1
    [client_full_name] => 阿拉蕾
    [client_name] => 阿拉蕾
    [fund_nationality] => 156
    [id_kind_gb] => 0
    [id_no] => 4222199201010427
    [password] => cd685252527c8dfa89db966a0bb13224
    [mobile_tel] => 18125530297
    [bank_no] => 007
    [bank_name] => 招商银行
    [bank_account] => 6214830201562278
    [bank_account_name] => 阿拉蕾
    [capital_mode] => l
    [ta_no] => B0
    [fund_card] => 
    [branchbank] => 308581002249
    [detail_fund_way] => 01
    [id_enddate] => 20990101
    [fund_interface_type] => 1
)
]
[16:56:59][|-rs-|Array
(
    [data] => Array
        (
            [0] => Array
                (
                    [allot_no] => 20170206000016
                    [apply_date] => 20170207
                    [success_type] => 0
                    [trade_acco] => 1172
                    [error_code] => 
                    [client_id] => 10188
                    [error_info] => 
                )

        )

)
]
[16:56:59][|-uuRs-|1]
[16:56:59][|-ibParam-|Array
(
    [UserID] => 206
    [AccountName] => 阿拉蕾
    [Province] => 广东省
    [City] => 广州市
    [BankName] => 招商银行
    [BankNo] => 007
    [BranchBank] => 308581002249
    [BranchName] => 招商银行股份有限公司广州风神支行
    [BankCard] => 6214830201562278
    [Mobile] => 18125530297
    [Status] => 1
    [DataTime] => 2017-02-06 16:56:57
)
]
[16:56:59][|-ibRs-|13]
[16:56:59][|-iaParam-|Array
(
    [UserID] => 206
    [TrueName] => 阿拉蕾
    [Sex] => 1
    [IdentityNumber] => 4222199201010427
    [Status] => 1
    [CheckTime] => 2017-02-06 16:56:57
    [DataTime] => 2017-02-06 16:56:57
    [EndValidDate] => 20990101
)
]
[16:56:59][|-iaRs-|0]
[16:57:57][|-Param-|Array
(
    [UserID] => 206
    [Province] => 广东省
    [City] => 广州市
    [BankName] => 招商银行
    [BankNo] => 007
    [BranchBank] => 308581002249
    [BranchName] => 招商银行股份有限公司广州风神支行
    [BankCard] => 6214830201562278
    [Mobile] => 18125530297
    [NickName] => 江子晗
    [IdentityNumber] => 4222199201010427
    [Sex] => 1
    [EndValidDate] => 20990101
    [Status] => 1
    [protocolNo] => 
    [DataTime] => 2017-02-06 16:57:57
)
]
[16:57:57][|-xParam-|Array
(
    [trust_way] => 2
    [en_entrust_way] => 0|1|1|0|0|0|0|
    [order_date] => 
    [apply_time] => 
    [account_type] => A
    [cust_type] => 1
    [client_full_name] => 江子晗
    [client_name] => 江子晗
    [fund_nationality] => 156
    [id_kind_gb] => 0
    [id_no] => 4222199201010427
    [password] => cd685252527c8dfa89db966a0bb13224
    [mobile_tel] => 18125530297
    [bank_no] => 007
    [bank_name] => 招商银行
    [bank_account] => 6214830201562278
    [bank_account_name] => 江子晗
    [capital_mode] => l
    [ta_no] => B0
    [fund_card] => 
    [branchbank] => 308581002249
    [detail_fund_way] => 01
    [id_enddate] => 20990101
    [fund_interface_type] => 1
)
]
[16:57:58][|-rs-|Array
(
    [data] => Array
        (
            [0] => Array
                (
                    [allot_no] => 
                    [apply_date] => 
                    [success_type] => 2
                    [trade_acco] => 
                    [error_code] => 2014
                    [client_id] => 
                    [error_info] => 此证件的该类型账户已开户
                )

        )

)
]
