[10:54:35][|-$param-|Array
(
    [UserID] => 166
    [RegTime] => 2017-02-03 16:45:26
    [RegIP] => 192.168.10.39
    [RegPlatFormType] => 1
)
]
[15:54:45][|-$param-|Array
(
    [UserID] => 225
    [RegTime] => 2017-02-13 13:20:42
    [RegIP] => 10.100.0.18
    [RegPlatFormType] => 1
)
]
[15:56:00][|-$param-|Array
(
    [UserID] => 225
    [RegTime] => 2017-02-13 13:20:42
    [RegIP] => 10.100.0.18
    [RegPlatFormType] => 1
)
]
[15:56:38][|-$param-|Array
(
    [UserID] => 225
    [RegTime] => 2017-02-13 13:20:42
    [RegIP] => 10.100.0.18
    [RegPlatFormType] => 1
)
]
