[11:22:00][|-Param-|Array
(
    [trust_way] => 2
    [cust_type] => 1
    [full_name] => 中国农业银行
    [id_kind_gb] => 0
    [id_no] => 350122198812076538
    [elig_content] => 1:2|2:4|3:3|4:3|5:2|6:4|7:4|8:4|9:2|
)
]
[11:22:00][|-aRs-|Array
(
    [flag] => 10004
    [msg] => 用户信息错误
    [info] => 
)
]
[11:22:27][|-Param-|Array
(
    [UserID] => 167
    [trust_way] => 2
    [cust_type] => 1
    [full_name] => 中国农业银行
    [id_kind_gb] => 0
    [id_no] => 350122198812076538
    [elig_content] => 1:2|2:4|3:3|4:3|5:2|6:4|7:4|8:4|9:2|
)
]
[11:22:51][|-Param-|Array
(
    [UserID] => 167
    [trust_way] => 2
    [cust_type] => 1
    [full_name] => 中国农业银行
    [id_kind_gb] => 0
    [id_no] => 350122198812076538
    [elig_content] => 1:3|2:2|3:1|4:2|5:3|6:3|7:2|8:3|9:1|
)
]
[11:23:37][|-Param-|Array
(
    [UserID] => 167
    [trust_way] => 2
    [cust_type] => 1
    [full_name] => 中国农业银行
    [id_kind_gb] => 0
    [id_no] => 350122198812076538
    [elig_content] => 1:3|2:2|3:1|4:2|5:3|6:3|7:2|8:3|9:1|
)
]
[11:23:37][|-aRs-|Array
(
    [flag] => 10000
    [msg] => ok
    [info] => 
)
]
[11:30:42][|-Param-|Array
(
    [UserID] => 167
    [trust_way] => 2
    [cust_type] => 1
    [full_name] => 中国农业银行
    [id_kind_gb] => 0
    [id_no] => 350122198812076538
    [elig_content] => 1:4|2:2|3:2|4:4|5:2|6:5|7:4|8:4|9:2|
)
]
[11:30:42][|-aRs-|Array
(
    [flag] => 10000
    [msg] => ok
    [info] => 
)
]
[11:31:53][|-Param-|Array
(
    [UserID] => 167
    [trust_way] => 2
    [cust_type] => 1
    [full_name] => 中国农业银行
    [id_kind_gb] => 0
    [id_no] => 350122198812076538
    [elig_content] => 1:1|2:4|3:3|4:2|5:4|6:3|7:1|8:4|9:1|
)
]
[11:31:53][|-aRs-|Array
(
    [flag] => 10000
    [msg] => ok
    [info] => 
)
]
[11:32:08][|-Param-|Array
(
    [UserID] => 167
    [trust_way] => 2
    [cust_type] => 1
    [full_name] => 中国农业银行
    [id_kind_gb] => 0
    [id_no] => 350122198812076538
    [elig_content] => 1:2|2:4|3:3|4:2|5:1|6:1|7:4|8:2|9:2|
)
]
[11:32:08][|-aRs-|Array
(
    [flag] => 10000
    [msg] => ok
    [info] => 
)
]
[11:32:47][|-Param-|Array
(
    [UserID] => 167
    [trust_way] => 2
    [cust_type] => 1
    [full_name] => 中国农业银行
    [id_kind_gb] => 0
    [id_no] => 350122198812076538
    [elig_content] => 1:2|2:5|3:2|4:2|5:2|6:3|7:2|8:4|9:2|
)
]
[11:32:47][|-aRs-|Array
(
    [flag] => 10000
    [msg] => ok
    [info] => 
)
]
[11:35:05][|-Param-|Array
(
    [UserID] => 167
    [trust_way] => 2
    [cust_type] => 1
    [full_name] => 中国农业银行
    [id_kind_gb] => 0
    [id_no] => 350122198812076538
    [elig_content] => 1:2|2:5|3:2|4:2|5:2|6:3|7:2|8:4|9:2|
)
]
[11:35:10][|-Param-|Array
(
    [UserID] => 167
    [trust_way] => 2
    [cust_type] => 1
    [full_name] => 中国农业银行
    [id_kind_gb] => 0
    [id_no] => 350122198812076538
    [elig_content] => 1:2|2:5|3:2|4:2|5:2|6:3|7:2|8:4|9:2|
)
]
[11:35:24][|-Param-|Array
(
    [UserID] => 167
    [trust_way] => 2
    [cust_type] => 1
    [full_name] => 中国农业银行
    [id_kind_gb] => 0
    [id_no] => 350122198812076538
    [elig_content] => 1:2|2:5|3:2|4:2|5:2|6:3|7:2|8:4|9:2|
)
]
[11:35:25][|-aRs-|Array
(
    [flag] => 10005
    [msg] => 不允许修改已匹配客户的问卷调查中的客户信息!2522
    [info] => 
)
]
[11:35:50][|-Param-|Array
(
    [UserID] => 167
    [trust_way] => 2
    [cust_type] => 1
    [full_name] => 中国农业银行
    [id_kind_gb] => 0
    [id_no] => 350122198812076538
    [elig_content] => 1:3|2:4|3:5|4:2|5:1|6:3|7:4|8:3|9:3|
)
]
[11:35:50][|-aRs-|Array
(
    [flag] => 10005
    [msg] => 不允许修改已匹配客户的问卷调查中的客户信息!2522
    [info] => 
)
]
[11:38:11][|-Param-|Array
(
    [UserID] => 167
    [trust_way] => 2
    [cust_type] => 1
    [full_name] => 中国农业银行
    [id_kind_gb] => 0
    [id_no] => 350122198812076538
    [elig_content] => 1:2|2:2|3:5|4:3|5:3|6:1|7:3|8:2|9:1|
)
]
[11:38:11][|-aRs-|Array
(
    [flag] => 10000
    [msg] => ok
    [info] => 
)
]
[11:38:19][|-Param-|Array
(
    [UserID] => 167
    [trust_way] => 2
    [cust_type] => 1
    [full_name] => 中国农业银行
    [id_kind_gb] => 0
    [id_no] => 350122198812076538
    [elig_content] => 1:2|2:2|3:5|4:3|5:3|6:1|7:3|8:2|9:1|
)
]
[11:38:19][|-aRs-|Array
(
    [flag] => 10000
    [msg] => ok
    [info] => 
)
]
[11:38:45][|-Param-|Array
(
    [UserID] => 167
    [trust_way] => 2
    [cust_type] => 1
    [full_name] => 中国农业银行
    [id_kind_gb] => 0
    [id_no] => 350122198812076538
    [elig_content] => 1:2|2:2|3:5|4:3|5:3|6:1|7:3|8:2|9:1|
)
]
[11:38:45][|-aRs-|Array
(
    [flag] => 10000
    [msg] => ok
    [info] => 
)
]
[11:39:17][|-Param-|Array
(
    [UserID] => 167
    [trust_way] => 2
    [cust_type] => 1
    [full_name] => 中国农业银行
    [id_kind_gb] => 0
    [id_no] => 350122198812076538
    [elig_content] => 1:2|2:2|3:5|4:3|5:3|6:1|7:3|8:2|9:1|
)
]
[11:39:18][|-aRs-|Array
(
    [flag] => 10000
    [msg] => ok
    [info] => 
)
]
[11:39:42][|-Param-|Array
(
    [UserID] => 167
    [trust_way] => 2
    [cust_type] => 1
    [full_name] => 中国农业银行
    [id_kind_gb] => 0
    [id_no] => 350122198812076538
    [elig_content] => 1:2|2:2|3:5|4:3|5:3|6:1|7:3|8:2|9:1|
)
]
[11:39:43][|-aRs-|Array
(
    [flag] => 10000
    [msg] => ok
    [info] => 
)
]
[11:40:09][|-Param-|Array
(
    [UserID] => 167
    [trust_way] => 2
    [cust_type] => 1
    [full_name] => 中国农业银行
    [id_kind_gb] => 0
    [id_no] => 350122198812076538
    [elig_content] => 1:3|2:4|3:3|4:1|5:1|6:1|7:1|8:1|9:1|
)
]
[11:40:09][|-aRs-|Array
(
    [flag] => 10000
    [msg] => ok
    [info] => 
)
]
[11:40:14][|-Param-|Array
(
    [UserID] => 167
    [trust_way] => 2
    [cust_type] => 1
    [full_name] => 中国农业银行
    [id_kind_gb] => 0
    [id_no] => 350122198812076538
    [elig_content] => 1:3|2:4|3:3|4:1|5:1|6:1|7:1|8:1|9:1|
)
]
[11:40:14][|-aRs-|Array
(
    [flag] => 10000
    [msg] => ok
    [info] => 
)
]
[11:40:19][|-Param-|Array
(
    [UserID] => 167
    [trust_way] => 2
    [cust_type] => 1
    [full_name] => 中国农业银行
    [id_kind_gb] => 0
    [id_no] => 350122198812076538
    [elig_content] => 1:3|2:4|3:3|4:1|5:1|6:1|7:1|8:1|9:1|
)
]
[11:40:19][|-aRs-|Array
(
    [flag] => 10000
    [msg] => ok
    [info] => 
)
]
[11:40:22][|-Param-|Array
(
    [UserID] => 167
    [trust_way] => 2
    [cust_type] => 1
    [full_name] => 中国农业银行
    [id_kind_gb] => 0
    [id_no] => 350122198812076538
    [elig_content] => 1:3|2:4|3:3|4:1|5:1|6:1|7:1|8:1|9:1|
)
]
[11:40:22][|-aRs-|Array
(
    [flag] => 10000
    [msg] => ok
    [info] => 
)
]
[11:40:27][|-Param-|Array
(
    [UserID] => 167
    [trust_way] => 2
    [cust_type] => 1
    [full_name] => 中国农业银行
    [id_kind_gb] => 0
    [id_no] => 350122198812076538
    [elig_content] => 1:3|2:4|3:3|4:1|5:1|6:1|7:1|8:1|9:1|
)
]
[11:40:32][|-aRs-|Array
(
    [flag] => 10006
    [msg] => 提交失败
    [info] => 
)
]
[11:41:04][|-Param-|Array
(
    [UserID] => 167
    [trust_way] => 2
    [cust_type] => 1
    [full_name] => 中国农业银行
    [id_kind_gb] => 0
    [id_no] => 350122198812076538
    [elig_content] => 1:3|2:4|3:3|4:1|5:1|6:1|7:1|8:1|9:1|
)
]
[11:41:04][|-aRs-|Array
(
    [flag] => 10000
    [msg] => ok
    [info] => 
)
]
[11:41:19][|-Param-|Array
(
    [UserID] => 167
    [trust_way] => 2
    [cust_type] => 1
    [full_name] => 中国农业银行
    [id_kind_gb] => 0
    [id_no] => 350122198812076538
    [elig_content] => 1:2|2:4|3:3|4:2|5:1|6:1|7:1|8:1|9:1|
)
]
[11:41:19][|-aRs-|Array
(
    [flag] => 10000
    [msg] => ok
    [info] => 
)
]
