[11:15:58][|-moRs-|Array
(
    [headerCss] => ?v=1486696558
    [title] => 新增手机号码_绑定手机修改_伯嘉基金网
    [nav] => wdzh
    [subnav] => grxxgl
    [userID] => 169
    [nickName] => 黄
    [keywords] => 基金,基金销售,伯嘉基金,伯嘉基金网,基金第三方销售平台,网上买基金,现金宝,质押宝,固定收益,打新基金,高端理财,基金申购,基金认购,基金费率,免费开户,网上基金开户,开户流程
    [description] => 伯嘉基金网是证监会批准的独立基金销售机构，民生银行全程监管资金安全。网上买基金，首选伯嘉。7*24小时免费基金开户，基金开户流程方便快捷，仅需10秒。
    [userInfo] => Array
        (
            [UserID] => 169
            [HsUserID] => 0
            [HsAccount] => 1181
            [UserName] => QQ-169
            [NickName] => 黄
            [Mobile] => 18065043496
            [Status] => 1
            [LastLoginIP] => 192.168.15.235
            [LastLoginTime] => 2017-02-10 09:24:48
            [ActiveTime] => 2017-02-10 09:24:48
            [KeyStr] => a15db6a892494d1d286ee0abb1116b93
            [RegTime] => 2017-02-04 09:44:00
            [GroupIDs] => Array
                (
                    [0] => 1
                )

        )

    [sidebar] => wdzc
    [tid] => 1486696547
    [stid] => 1486696558
    [mkid] => 899005a20bd9ea72
    [userDetail] => Array
        (
            [UserID] => 169
            [Country] => 
            [RiskBear] => 1
            [PaperID] => 20170206000025
            [TelPhone] => 
            [Email] => 
            [Address] => 
            [Postal] => 
            [Job] => 
            [SendRate] => 1
            [SendMethod] => 
            [ReservedContent] => 23423
        )

)
]
[11:20:19][|-moRs-|Array
(
    [headerCss] => ?v=1486696819
    [title] => 新增手机号码_绑定手机修改_伯嘉基金网
    [nav] => wdzh
    [subnav] => grxxgl
    [userID] => 169
    [nickName] => 黄
    [keywords] => 基金,基金销售,伯嘉基金,伯嘉基金网,基金第三方销售平台,网上买基金,现金宝,质押宝,固定收益,打新基金,高端理财,基金申购,基金认购,基金费率,免费开户,网上基金开户,开户流程
    [description] => 伯嘉基金网是证监会批准的独立基金销售机构，民生银行全程监管资金安全。网上买基金，首选伯嘉。7*24小时免费基金开户，基金开户流程方便快捷，仅需10秒。
    [userInfo] => Array
        (
            [UserID] => 169
            [HsUserID] => 0
            [HsAccount] => 1181
            [UserName] => QQ-169
            [NickName] => 黄
            [Mobile] => 18065043496
            [Status] => 1
            [LastLoginIP] => 192.168.15.235
            [LastLoginTime] => 2017-02-10 09:24:48
            [ActiveTime] => 2017-02-10 09:24:48
            [KeyStr] => a15db6a892494d1d286ee0abb1116b93
            [RegTime] => 2017-02-04 09:44:00
            [GroupIDs] => Array
                (
                    [0] => 1
                )

        )

    [sidebar] => wdzc
    [tid] => 1486696547
    [stid] => 1486696819
    [mkid] => d436af36116ebcd4
    [userDetail] => Array
        (
            [UserID] => 169
            [Country] => 
            [RiskBear] => 1
            [PaperID] => 20170206000025
            [TelPhone] => 
            [Email] => 
            [Address] => 
            [Postal] => 
            [Job] => 
            [SendRate] => 1
            [SendMethod] => 
            [ReservedContent] => 23423
        )

)
]
[11:21:43][|-moRs-|Array
(
    [headerCss] => ?v=1486696903
    [title] => 新增手机号码_绑定手机修改_伯嘉基金网
    [nav] => wdzh
    [subnav] => grxxgl
    [userID] => 169
    [nickName] => 黄
    [keywords] => 基金,基金销售,伯嘉基金,伯嘉基金网,基金第三方销售平台,网上买基金,现金宝,质押宝,固定收益,打新基金,高端理财,基金申购,基金认购,基金费率,免费开户,网上基金开户,开户流程
    [description] => 伯嘉基金网是证监会批准的独立基金销售机构，民生银行全程监管资金安全。网上买基金，首选伯嘉。7*24小时免费基金开户，基金开户流程方便快捷，仅需10秒。
    [userInfo] => Array
        (
            [UserID] => 169
            [HsUserID] => 0
            [HsAccount] => 1181
            [UserName] => QQ-169
            [NickName] => 黄
            [Mobile] => 18065043496
            [Status] => 1
            [LastLoginIP] => 192.168.15.235
            [LastLoginTime] => 2017-02-10 09:24:48
            [ActiveTime] => 2017-02-10 09:24:48
            [KeyStr] => a15db6a892494d1d286ee0abb1116b93
            [RegTime] => 2017-02-04 09:44:00
            [GroupIDs] => Array
                (
                    [0] => 1
                )

        )

    [sidebar] => wdzc
    [tid] => 1486696547
    [stid] => 1486696903
    [mkid] => 2e859972f757dc7a
    [userDetail] => Array
        (
            [UserID] => 169
            [Country] => 
            [RiskBear] => 1
            [PaperID] => 20170206000025
            [TelPhone] => 
            [Email] => 
            [Address] => 
            [Postal] => 
            [Job] => 
            [SendRate] => 1
            [SendMethod] => 
            [ReservedContent] => 23423
        )

)
]
[11:25:11][|-moRs-|Array
(
    [headerCss] => ?v=1486697111
    [title] => 新增手机号码_绑定手机修改_伯嘉基金网
    [nav] => wdzh
    [subnav] => grxxgl
    [userID] => 169
    [nickName] => 黄
    [keywords] => 基金,基金销售,伯嘉基金,伯嘉基金网,基金第三方销售平台,网上买基金,现金宝,质押宝,固定收益,打新基金,高端理财,基金申购,基金认购,基金费率,免费开户,网上基金开户,开户流程
    [description] => 伯嘉基金网是证监会批准的独立基金销售机构，民生银行全程监管资金安全。网上买基金，首选伯嘉。7*24小时免费基金开户，基金开户流程方便快捷，仅需10秒。
    [userInfo] => Array
        (
            [UserID] => 169
            [HsUserID] => 0
            [HsAccount] => 1181
            [UserName] => QQ-169
            [NickName] => 黄
            [Mobile] => 18065043496
            [Status] => 1
            [LastLoginIP] => 192.168.15.235
            [LastLoginTime] => 2017-02-10 09:24:48
            [ActiveTime] => 2017-02-10 09:24:48
            [KeyStr] => a15db6a892494d1d286ee0abb1116b93
            [RegTime] => 2017-02-04 09:44:00
            [GroupIDs] => Array
                (
                    [0] => 1
                )

        )

    [sidebar] => wdzc
    [tid] => 1486696547
    [ttid] => 1486697111
    [mkid] => 9ceb0757974177ae
    [userDetail] => Array
        (
            [UserID] => 169
            [Country] => 
            [RiskBear] => 1
            [PaperID] => 20170206000025
            [TelPhone] => 
            [Email] => 
            [Address] => 
            [Postal] => 
            [Job] => 
            [SendRate] => 1
            [SendMethod] => 
            [ReservedContent] => 23423
        )

)
]
[11:36:14][|-moRs-|Array
(
    [headerCss] => ?v=1486697774
    [title] => 新增手机号码_绑定手机修改_伯嘉基金网
    [nav] => wdzh
    [subnav] => grxxgl
    [userID] => 169
    [nickName] => 黄
    [keywords] => 基金,基金销售,伯嘉基金,伯嘉基金网,基金第三方销售平台,网上买基金,现金宝,质押宝,固定收益,打新基金,高端理财,基金申购,基金认购,基金费率,免费开户,网上基金开户,开户流程
    [description] => 伯嘉基金网是证监会批准的独立基金销售机构，民生银行全程监管资金安全。网上买基金，首选伯嘉。7*24小时免费基金开户，基金开户流程方便快捷，仅需10秒。
    [userInfo] => Array
        (
            [UserID] => 169
            [HsUserID] => 0
            [HsAccount] => 1181
            [UserName] => QQ-169
            [NickName] => 黄
            [Mobile] => 18065043496
            [Status] => 1
            [LastLoginIP] => 192.168.15.235
            [LastLoginTime] => 2017-02-10 11:35:41
            [ActiveTime] => 2017-02-10 11:35:41
            [KeyStr] => 6f89f9c22cac9348a18a2ab860320b0e
            [RegTime] => 2017-02-04 09:44:00
            [GroupIDs] => Array
                (
                    [0] => 1
                )

        )

    [sidebar] => wdzc
    [tid] => 1486697747
    [ttid] => 1486697774
    [mkid] => 6e755aa8253c10eb
    [userDetail] => Array
        (
            [UserID] => 169
            [Country] => 
            [RiskBear] => 1
            [PaperID] => 20170206000025
            [TelPhone] => 
            [Email] => 
            [Address] => 
            [Postal] => 
            [Job] => 
            [SendRate] => 1
            [SendMethod] => 
            [ReservedContent] => 23423
        )

)
]
[12:17:54][|-moRs-|Array
(
    [headerCss] => ?v=1486700274
    [title] => 新增手机号码_绑定手机修改_伯嘉基金网
    [nav] => wdzh
    [subnav] => grxxgl
    [userID] => 169
    [nickName] => 黄
    [keywords] => 基金,基金销售,伯嘉基金,伯嘉基金网,基金第三方销售平台,网上买基金,现金宝,质押宝,固定收益,打新基金,高端理财,基金申购,基金认购,基金费率,免费开户,网上基金开户,开户流程
    [description] => 伯嘉基金网是证监会批准的独立基金销售机构，民生银行全程监管资金安全。网上买基金，首选伯嘉。7*24小时免费基金开户，基金开户流程方便快捷，仅需10秒。
    [userInfo] => Array
        (
            [UserID] => 169
            [HsUserID] => 0
            [HsAccount] => 1181
            [UserName] => QQ-169
            [NickName] => 黄
            [Mobile] => 18065043496
            [Status] => 1
            [LastLoginIP] => 192.168.15.235
            [LastLoginTime] => 2017-02-10 11:35:41
            [ActiveTime] => 2017-02-10 11:35:41
            [KeyStr] => 6f89f9c22cac9348a18a2ab860320b0e
            [RegTime] => 2017-02-04 09:44:00
            [GroupIDs] => Array
                (
                    [0] => 1
                )

        )

    [sidebar] => wdzc
    [tid] => 1486700241
    [ttid] => 1486700274
    [mkid] => 414ccf0791fc7735
    [userDetail] => Array
        (
            [UserID] => 169
            [Country] => 
            [RiskBear] => 1
            [PaperID] => 20170206000025
            [TelPhone] => 
            [Email] => 
            [Address] => 
            [Postal] => 
            [Job] => 
            [SendRate] => 1
            [SendMethod] => 
            [ReservedContent] => 23423
        )

)
]
[12:59:50][|-moRs-|Array
(
    [headerCss] => ?v=1486702790
    [title] => 新增手机号码_绑定手机修改_伯嘉基金网
    [nav] => wdzh
    [subnav] => grxxgl
    [userID] => 169
    [nickName] => 黄
    [keywords] => 基金,基金销售,伯嘉基金,伯嘉基金网,基金第三方销售平台,网上买基金,现金宝,质押宝,固定收益,打新基金,高端理财,基金申购,基金认购,基金费率,免费开户,网上基金开户,开户流程
    [description] => 伯嘉基金网是证监会批准的独立基金销售机构，民生银行全程监管资金安全。网上买基金，首选伯嘉。7*24小时免费基金开户，基金开户流程方便快捷，仅需10秒。
    [userInfo] => Array
        (
            [UserID] => 169
            [HsUserID] => 0
            [HsAccount] => 1181
            [UserName] => QQ-169
            [NickName] => 黄
            [Mobile] => 18065043496
            [Status] => 1
            [LastLoginIP] => 192.168.15.235
            [LastLoginTime] => 2017-02-10 11:35:41
            [ActiveTime] => 2017-02-10 11:35:41
            [KeyStr] => 6f89f9c22cac9348a18a2ab860320b0e
            [RegTime] => 2017-02-04 09:44:00
            [GroupIDs] => Array
                (
                    [0] => 1
                )

        )

    [sidebar] => wdzc
    [tid] => 1486700241
    [ttid] => 1486702789
    [mkid] => 8b75dc687689aa60
    [userDetail] => Array
        (
            [UserID] => 169
            [Country] => 
            [RiskBear] => 1
            [PaperID] => 20170206000025
            [TelPhone] => 
            [Email] => 
            [Address] => 
            [Postal] => 
            [Job] => 
            [SendRate] => 1
            [SendMethod] => 
            [ReservedContent] => 23423
        )

)
]
[13:24:12][|-moRs-|Array
(
    [headerCss] => ?v=1486704252
    [title] => 新增手机号码_绑定手机修改_伯嘉基金网
    [nav] => wdzh
    [subnav] => grxxgl
    [userID] => 169
    [nickName] => 黄
    [keywords] => 基金,基金销售,伯嘉基金,伯嘉基金网,基金第三方销售平台,网上买基金,现金宝,质押宝,固定收益,打新基金,高端理财,基金申购,基金认购,基金费率,免费开户,网上基金开户,开户流程
    [description] => 伯嘉基金网是证监会批准的独立基金销售机构，民生银行全程监管资金安全。网上买基金，首选伯嘉。7*24小时免费基金开户，基金开户流程方便快捷，仅需10秒。
    [userInfo] => Array
        (
            [UserID] => 169
            [HsUserID] => 0
            [HsAccount] => 1181
            [UserName] => QQ-169
            [NickName] => 黄
            [Mobile] => 18065043496
            [Status] => 1
            [LastLoginIP] => 192.168.15.235
            [LastLoginTime] => 2017-02-10 11:35:41
            [ActiveTime] => 2017-02-10 11:35:41
            [KeyStr] => ade7c9224ce907f1662076d2b44287ea
            [RegTime] => 2017-02-04 09:44:00
            [GroupIDs] => Array
                (
                    [0] => 1
                )

        )

    [sidebar] => wdzc
    [tid] => 1486700241
    [ttid] => 1486704252
    [mkid] => 6216e89800fd7a24
    [userDetail] => Array
        (
            [UserID] => 169
            [Country] => 
            [RiskBear] => 1
            [PaperID] => 20170206000025
            [TelPhone] => 
            [Email] => 
            [Address] => 
            [Postal] => 
            [Job] => 
            [SendRate] => 1
            [SendMethod] => 
            [ReservedContent] => 23423
        )

)
]
[13:33:01][|-moRs-|Array
(
    [headerCss] => ?v=1486704781
    [title] => 新增手机号码_绑定手机修改_伯嘉基金网
    [nav] => wdzh
    [subnav] => grxxgl
    [userID] => 169
    [nickName] => 黄
    [keywords] => 基金,基金销售,伯嘉基金,伯嘉基金网,基金第三方销售平台,网上买基金,现金宝,质押宝,固定收益,打新基金,高端理财,基金申购,基金认购,基金费率,免费开户,网上基金开户,开户流程
    [description] => 伯嘉基金网是证监会批准的独立基金销售机构，民生银行全程监管资金安全。网上买基金，首选伯嘉。7*24小时免费基金开户，基金开户流程方便快捷，仅需10秒。
    [userInfo] => Array
        (
            [UserID] => 169
            [HsUserID] => 0
            [HsAccount] => 1181
            [UserName] => QQ-169
            [NickName] => 黄
            [Mobile] => 18950473074
            [Status] => 1
            [LastLoginIP] => 192.168.15.235
            [LastLoginTime] => 2017-02-10 11:35:41
            [ActiveTime] => 2017-02-10 11:35:41
            [KeyStr] => 1d579f74d81215c5abedfdb36a468b5b
            [RegTime] => 2017-02-04 09:44:00
            [GroupIDs] => Array
                (
                    [0] => 1
                )

        )

    [sidebar] => wdzc
    [tid] => 1486700241
    [ttid] => 1486704780
    [mkid] => a835cae19606d6e0
    [userDetail] => Array
        (
            [UserID] => 169
            [Country] => 
            [RiskBear] => 1
            [PaperID] => 20170206000025
            [TelPhone] => 
            [Email] => 
            [Address] => 
            [Postal] => 
            [Job] => 
            [SendRate] => 1
            [SendMethod] => 
            [ReservedContent] => 23423
        )

)
]
[13:35:09][|-moRs-|Array
(
    [headerCss] => ?v=1486704909
    [title] => 新增手机号码_绑定手机修改_伯嘉基金网
    [nav] => wdzh
    [subnav] => grxxgl
    [userID] => 169
    [nickName] => 黄
    [keywords] => 基金,基金销售,伯嘉基金,伯嘉基金网,基金第三方销售平台,网上买基金,现金宝,质押宝,固定收益,打新基金,高端理财,基金申购,基金认购,基金费率,免费开户,网上基金开户,开户流程
    [description] => 伯嘉基金网是证监会批准的独立基金销售机构，民生银行全程监管资金安全。网上买基金，首选伯嘉。7*24小时免费基金开户，基金开户流程方便快捷，仅需10秒。
    [userInfo] => Array
        (
            [UserID] => 169
            [HsUserID] => 0
            [HsAccount] => 1181
            [UserName] => QQ-169
            [NickName] => 黄
            [Mobile] => 18950473074
            [Status] => 1
            [LastLoginIP] => 192.168.15.235
            [LastLoginTime] => 2017-02-10 11:35:41
            [ActiveTime] => 2017-02-10 11:35:41
            [KeyStr] => 1d579f74d81215c5abedfdb36a468b5b
            [RegTime] => 2017-02-04 09:44:00
            [GroupIDs] => Array
                (
                    [0] => 1
                )

        )

    [sidebar] => wdzc
    [tid] => 1486700241
    [ttid] => 1486704909
    [mkid] => 8294603bb7156f19
    [userDetail] => Array
        (
            [UserID] => 169
            [Country] => 
            [RiskBear] => 1
            [PaperID] => 20170206000025
            [TelPhone] => 
            [Email] => 
            [Address] => 
            [Postal] => 
            [Job] => 
            [SendRate] => 1
            [SendMethod] => 
            [ReservedContent] => 23423
        )

)
]
[13:39:42][|-moRs-|Array
(
    [headerCss] => ?v=1486705182
    [title] => 新增手机号码_绑定手机修改_伯嘉基金网
    [nav] => wdzh
    [subnav] => grxxgl
    [userID] => 169
    [nickName] => 黄
    [keywords] => 基金,基金销售,伯嘉基金,伯嘉基金网,基金第三方销售平台,网上买基金,现金宝,质押宝,固定收益,打新基金,高端理财,基金申购,基金认购,基金费率,免费开户,网上基金开户,开户流程
    [description] => 伯嘉基金网是证监会批准的独立基金销售机构，民生银行全程监管资金安全。网上买基金，首选伯嘉。7*24小时免费基金开户，基金开户流程方便快捷，仅需10秒。
    [userInfo] => Array
        (
            [UserID] => 169
            [HsUserID] => 0
            [HsAccount] => 1181
            [UserName] => QQ-169
            [NickName] => 黄
            [Mobile] => 18950473074
            [Status] => 1
            [LastLoginIP] => 192.168.15.235
            [LastLoginTime] => 2017-02-10 11:35:41
            [ActiveTime] => 2017-02-10 11:35:41
            [KeyStr] => 1d579f74d81215c5abedfdb36a468b5b
            [RegTime] => 2017-02-04 09:44:00
            [GroupIDs] => Array
                (
                    [0] => 1
                )

        )

    [sidebar] => wdzc
    [tid] => 1486700241
    [ttid] => 1486705182
    [mkid] => 27377f92d2f56cc9
    [userDetail] => Array
        (
            [UserID] => 169
            [Country] => 
            [RiskBear] => 1
            [PaperID] => 20170206000025
            [TelPhone] => 
            [Email] => 
            [Address] => 
            [Postal] => 
            [Job] => 
            [SendRate] => 1
            [SendMethod] => 
            [ReservedContent] => 23423
        )

)
]
[13:50:35][|-moRs-|Array
(
    [headerCss] => ?v=1486705835
    [title] => 新增手机号码_绑定手机修改_伯嘉基金网
    [nav] => wdzh
    [subnav] => grxxgl
    [userID] => 169
    [nickName] => 黄
    [keywords] => 基金,基金销售,伯嘉基金,伯嘉基金网,基金第三方销售平台,网上买基金,现金宝,质押宝,固定收益,打新基金,高端理财,基金申购,基金认购,基金费率,免费开户,网上基金开户,开户流程
    [description] => 伯嘉基金网是证监会批准的独立基金销售机构，民生银行全程监管资金安全。网上买基金，首选伯嘉。7*24小时免费基金开户，基金开户流程方便快捷，仅需10秒。
    [userInfo] => Array
        (
            [UserID] => 169
            [HsUserID] => 0
            [HsAccount] => 1181
            [UserName] => QQ-169
            [NickName] => 黄
            [Mobile] => 18950473074
            [Status] => 1
            [LastLoginIP] => 192.168.15.235
            [LastLoginTime] => 2017-02-10 11:35:41
            [ActiveTime] => 2017-02-10 11:35:41
            [KeyStr] => 1d579f74d81215c5abedfdb36a468b5b
            [RegTime] => 2017-02-04 09:44:00
            [GroupIDs] => Array
                (
                    [0] => 1
                )

        )

    [sidebar] => wdzc
    [tid] => 1486705796
    [ttid] => 1486705835
    [mkid] => cc152585d82ebe49
    [userDetail] => Array
        (
            [UserID] => 169
            [Country] => 
            [RiskBear] => 1
            [PaperID] => 20170206000025
            [TelPhone] => 
            [Email] => 
            [Address] => 
            [Postal] => 
            [Job] => 
            [SendRate] => 1
            [SendMethod] => 
            [ReservedContent] => 23423
        )

)
]
[13:52:59][|-moRs-|Array
(
    [headerCss] => ?v=1486705979
    [title] => 新增手机号码_绑定手机修改_伯嘉基金网
    [nav] => wdzh
    [subnav] => grxxgl
    [userID] => 196
    [nickName] => 严萌
    [keywords] => 基金,基金销售,伯嘉基金,伯嘉基金网,基金第三方销售平台,网上买基金,现金宝,质押宝,固定收益,打新基金,高端理财,基金申购,基金认购,基金费率,免费开户,网上基金开户,开户流程
    [description] => 伯嘉基金网是证监会批准的独立基金销售机构，民生银行全程监管资金安全。网上买基金，首选伯嘉。7*24小时免费基金开户，基金开户流程方便快捷，仅需10秒。
    [userInfo] => Array
        (
            [UserID] => 196
            [HsUserID] => 10108
            [HsAccount] => 1164
            [UserName] => CM-196
            [NickName] => 严萌
            [Mobile] => 15972158074
            [Status] => 1
            [LastLoginIP] => 192.168.15.235
            [LastLoginTime] => 2017-02-09 14:40:15
            [ActiveTime] => 2017-02-09 14:40:15
            [KeyStr] => 92fb964cb8285f22a7493bf0b89affd3
            [RegTime] => 2017-02-06 09:26:03
            [GroupIDs] => Array
                (
                    [0] => 1
                )

        )

    [sidebar] => wdzc
    [tid] => 1486705964
    [ttid] => 1486705979
    [mkid] => 1012768c3b1e5f75
    [userDetail] => Array
        (
            [UserID] => 196
            [Country] => 
            [RiskBear] => 1
            [PaperID] => 20170206000015
            [TelPhone] => 02787530321
            [Email] => 1160076821@qq.com
            [Address] => 吾问无为谓呜呜呜
            [Postal] => 430000
            [Job] => 2
            [SendRate] => 3
            [SendMethod] => a:1:{i:0;i:1;}
            [ReservedContent] => 巴拉拉小魔仙11
        )

)
]
[13:53:17][|-moRs-|Array
(
    [headerCss] => ?v=1486705997
    [title] => 新增手机号码_绑定手机修改_伯嘉基金网
    [nav] => wdzh
    [subnav] => grxxgl
    [userID] => 178
    [nickName] => 杜拉拉
    [keywords] => 基金,基金销售,伯嘉基金,伯嘉基金网,基金第三方销售平台,网上买基金,现金宝,质押宝,固定收益,打新基金,高端理财,基金申购,基金认购,基金费率,免费开户,网上基金开户,开户流程
    [description] => 伯嘉基金网是证监会批准的独立基金销售机构，民生银行全程监管资金安全。网上买基金，首选伯嘉。7*24小时免费基金开户，基金开户流程方便快捷，仅需10秒。
    [userInfo] => Array
        (
            [UserID] => 178
            [HsUserID] => 10268
            [HsAccount] => 1184
            [UserName] => CM-178
            [NickName] => 杜拉拉
            [Mobile] => 18125530297
            [Status] => 1
            [LastLoginIP] => 192.168.15.235
            [LastLoginTime] => 2017-02-10 13:47:39
            [ActiveTime] => 2017-02-10 13:47:39
            [KeyStr] => db0115a72596787306f8e4bbeb6c91bd
            [RegTime] => 2017-02-04 13:39:12
            [GroupIDs] => Array
                (
                    [0] => 1
                )

        )

    [sidebar] => wdzc
    [tid] => 1486705969
    [ttid] => 1486705997
    [mkid] => 0850ed2e2ec04e31
    [userDetail] => Array
        (
            [UserID] => 178
            [Country] => 
            [RiskBear] => 1
            [PaperID] => 20170209000037
            [TelPhone] => 123456
            [Email] => 123456@qq.com
            [Address] => 123456
            [Postal] => 123456
            [Job] => 2
            [SendRate] => 1
            [SendMethod] => 
            [ReservedContent] => 测试啊
        )

)
]
[13:54:31][|-moRs-|Array
(
    [headerCss] => ?v=1486706071
    [title] => 新增手机号码_绑定手机修改_伯嘉基金网
    [nav] => wdzh
    [subnav] => grxxgl
    [userID] => 211
    [nickName] => 吴晶
    [keywords] => 基金,基金销售,伯嘉基金,伯嘉基金网,基金第三方销售平台,网上买基金,现金宝,质押宝,固定收益,打新基金,高端理财,基金申购,基金认购,基金费率,免费开户,网上基金开户,开户流程
    [description] => 伯嘉基金网是证监会批准的独立基金销售机构，民生银行全程监管资金安全。网上买基金，首选伯嘉。7*24小时免费基金开户，基金开户流程方便快捷，仅需10秒。
    [userInfo] => Array
        (
            [UserID] => 211
            [HsUserID] => 10298
            [HsAccount] => 1190
            [UserName] => CM-211
            [NickName] => 吴晶
            [Mobile] => 13037100638
            [Status] => 1
            [LastLoginIP] => 192.168.15.235
            [LastLoginTime] => 2017-02-09 15:10:23
            [ActiveTime] => 2017-02-09 15:10:23
            [KeyStr] => 156e1479a9fb6f6f32e8f7874d12e0d0
            [RegTime] => 2017-02-07 14:35:50
            [GroupIDs] => Array
                (
                    [0] => 1
                )

        )

    [sidebar] => wdzc
    [tid] => 1486706047
    [ttid] => 1486706070
    [mkid] => 5ee98cd2479ec77f
    [userDetail] => Array
        (
            [UserID] => 211
            [Country] => 
            [RiskBear] => 2
            [PaperID] => 20170209000058
            [TelPhone] => 
            [Email] => 
            [Address] => 
            [Postal] => 
            [Job] => 
            [SendRate] => 
            [SendMethod] => 
            [ReservedContent] => 
        )

)
]
