[15:58:20][|-moRs-|Array
(
    [headerCss] => ?v=1486972700
    [title] => 修改手机号_账户管理_伯嘉基金网
    [nav] => wdzh
    [subnav] => grxxgl
    [userID] => 225
    [nickName] => 石自强
    [keywords] => 基金,基金销售,伯嘉基金,伯嘉基金网,基金第三方销售平台,网上买基金,现金宝,质押宝,固定收益,打新基金,高端理财,基金申购,基金认购,基金费率,免费开户,网上基金开户,开户流程
    [description] => 伯嘉基金网是证监会批准的独立基金销售机构，民生银行全程监管资金安全。网上买基金，首选伯嘉。7*24小时免费基金开户，基金开户流程方便快捷，仅需10秒。
    [userInfo] => Array
        (
            [UserID] => 225
            [HsUserID] => 10328
            [HsAccount] => 1197
            [UserName] => CM-225
            [NickName] => 石自强
            [Mobile] => 13971357321
            [Status] => 1
            [LastLoginIP] => 10.100.0.18
            [LastLoginTime] => 2017-02-13 15:56:56
            [ActiveTime] => 2017-02-13 15:56:56
            [KeyStr] => 6bf0f299211a0c9cf591efe4a304441c
            [RegTime] => 2017-02-13 13:20:42
            [GroupIDs] => Array
                (
                    [0] => 1
                )

        )

    [sidebar] => wdzc
    [tid] => 1486972683
    [ttid] => 1486972700
    [mkid] => d376586ea1708144
    [userDetail] => Array
        (
            [UserID] => 225
            [Country] => 
            [RiskBear] => 2
            [PaperID] => 20170213000028
            [TelPhone] => 
            [Email] => 
            [Address] => 
            [Postal] => 
            [Job] => 
            [SendRate] => 1
            [SendMethod] => 
            [ReservedContent] => 
        )

)
]
[15:58:36][|-moRs-|Array
(
    [headerCss] => ?v=1486972716
    [title] => 修改手机号_账户管理_伯嘉基金网
    [nav] => wdzh
    [subnav] => grxxgl
    [userID] => 225
    [nickName] => 石自强
    [keywords] => 基金,基金销售,伯嘉基金,伯嘉基金网,基金第三方销售平台,网上买基金,现金宝,质押宝,固定收益,打新基金,高端理财,基金申购,基金认购,基金费率,免费开户,网上基金开户,开户流程
    [description] => 伯嘉基金网是证监会批准的独立基金销售机构，民生银行全程监管资金安全。网上买基金，首选伯嘉。7*24小时免费基金开户，基金开户流程方便快捷，仅需10秒。
    [userInfo] => Array
        (
            [UserID] => 225
            [HsUserID] => 10328
            [HsAccount] => 1197
            [UserName] => CM-225
            [NickName] => 石自强
            [Mobile] => 13971357321
            [Status] => 1
            [LastLoginIP] => 10.100.0.18
            [LastLoginTime] => 2017-02-13 15:56:56
            [ActiveTime] => 2017-02-13 15:56:56
            [KeyStr] => 6bf0f299211a0c9cf591efe4a304441c
            [RegTime] => 2017-02-13 13:20:42
            [GroupIDs] => Array
                (
                    [0] => 1
                )

        )

    [sidebar] => wdzc
    [tid] => 1486972683
    [ttid] => 1486972700
    [mkid] => d376586ea1708144
    [userDetail] => Array
        (
            [UserID] => 225
            [Country] => 
            [RiskBear] => 2
            [PaperID] => 20170213000028
            [TelPhone] => 
            [Email] => 
            [Address] => 
            [Postal] => 
            [Job] => 
            [SendRate] => 1
            [SendMethod] => 
            [ReservedContent] => 
        )

)
]
