2017-01-20 10:18:04
|-cParam-|Array
(
    [Type] => 2
    [UserID] => 21
    [Mobile] => 18065043496
    [IP] => 192.168.10.85
    [CheckCode] => 991185
)
|-cRs-|Array
(
    [Code] => 00
    [Msg] => 成功
    [Record] => Array
        (
        )

)

2017-01-20 10:26:28
|-cParam-|Array
(
    [Type] => 2
    [UserID] => 21
    [Mobile] => 18065043496
    [IP] => 192.168.10.85
    [CheckCode] => 571681
)
|-cRs-|Array
(
    [Code] => 00
    [Msg] => 成功
    [Record] => Array
        (
        )

)

2017-01-20 10:56:47
|-cParam-|Array
(
    [Type] => 2
    [UserID] => 21
    [Mobile] => 18065043496
    [IP] => 192.168.10.85
    [CheckCode] => 657562
)
|-cRs-|Array
(
    [Code] => 00
    [Msg] => 成功
    [Record] => Array
        (
        )

)

2017-01-20 11:08:10
|-cParam-|Array
(
    [Type] => 2
    [UserID] => 21
    [Mobile] => 18065043496
    [IP] => 192.168.10.85
    [CheckCode] => 687410
)
|-cRs-|Array
(
    [Code] => 00
    [Msg] => 成功
    [Record] => Array
        (
        )

)

2017-01-20 11:12:19
|-cParam-|Array
(
    [Type] => 2
    [UserID] => 21
    [Mobile] => 18065043496
    [IP] => 192.168.10.85
    [CheckCode] => 045375
)
|-cRs-|Array
(
    [Code] => 00
    [Msg] => 成功
    [Record] => Array
        (
        )

)

2017-01-20 11:55:22
|-cParam-|Array
(
    [Type] => 2
    [UserID] => 21
    [Mobile] => 18065043496
    [IP] => 192.168.10.85
    [CheckCode] => 956750
)
|-cRs-|Array
(
    [Code] => 00
    [Msg] => 成功
    [Record] => Array
        (
        )

)

2017-01-20 12:01:05
|-cParam-|Array
(
    [Type] => 2
    [UserID] => 21
    [Mobile] => 18065043496
    [IP] => 192.168.10.85
    [CheckCode] => 962149
)
|-cRs-|Array
(
    [Code] => 00
    [Msg] => 成功
    [Record] => Array
        (
        )

)

