2017-01-05 16:30:59|-ip-|192.168.10.89|-mobile-|13338550457|-phoneArea-||||
2017-01-05 16:30:59|-$cParam-|Array
(
    [mobile] => 13338550457
    [ip] => 192.168.10.89
)
|-cRs-|Array
(
    [flag] => 10000
    [msg] => 该手机未注册
    [info] => 
)

2017-01-05 16:30:59
|-cParam-|Array
(
    [Type] => 1
    [TmpMobileID] => 51
    [Mobile] => 13338550457
    [IP] => 192.168.10.89
    [MobileCheck] => 777032
)
|-cRs-|Array
(
    [Code] => 00
    [Msg] => 成功
    [Record] => Array
        (
            [TmpMobileID] => 51
            [ActiveTime] => 2017-01-05 16:30:59
        )

)

2017-01-05 16:31:06|-ip-|192.168.10.89|-mobile-|13338550457|-phoneArea-||||
2017-01-05 16:31:06|-$cParam-|Array
(
    [mobile] => 13338550457
    [ip] => 192.168.10.89
)
|-cRs-|Array
(
    [flag] => 10010
    [msg] => 该手机号码已注册
    [info] => 70
)

