2017-01-23 09:25:09|-ip-|10.100.0.18|-mobile-|18671517368|-phoneArea-||||
2017-01-23 09:25:09|-$cParam-|Array
(
    [mobile] => 18671517368
    [ip] => 10.100.0.18
)
|-cRs-|Array
(
    [flag] => 10000
    [msg] => 该手机未注册
    [info] => 
)

2017-01-23 09:25:09
|-cParam-|Array
(
    [Type] => 1
    [TmpMobileID] => 40
    [Mobile] => 18671517368
    [IP] => 10.100.0.18
    [MobileCheck] => 488683
)
|-cRs-|Array
(
    [Code] => 00
    [Msg] => 成功
    [Record] => Array
        (
            [TmpMobileID] => 40
            [ActiveTime] => 2017-01-23 09:25:09
        )

)

2017-01-23 09:25:16|-ip-|10.100.0.18|-mobile-|18671517368|-phoneArea-||||
2017-01-23 09:25:16|-$cParam-|Array
(
    [mobile] => 18671517368
    [ip] => 10.100.0.18
)
|-cRs-|Array
(
    [flag] => 10010
    [msg] => 该手机号码已注册
    [info] => 71
)

2017-01-23 09:25:53|-ip-|10.100.0.18|-mobile-|18671517368|-phoneArea-||||
2017-01-23 09:25:53|-$cParam-|Array
(
    [mobile] => 18671517368
    [ip] => 10.100.0.18
)
|-cRs-|Array
(
    [flag] => 10010
    [msg] => 该手机号码已注册
    [info] => 71
)

