2017-01-09 14:18:20|-ip-|192.168.10.85|-mobile-|18065043496|-type-|1|||
2017-01-09 14:18:20|-$cParam-|Array
(
    [mobile] => 18065043496
    [ip] => 192.168.10.85
)
|-cRs-|Array
(
    [flag] => 10000
    [msg] => 该手机未注册
    [info] => 
)

2017-01-09 14:18:20|-aParam-|Array
(
    [mobile] => 18065043496
    [code] => 810276
    [tmpMobileID] => 53
    [IP] => 192.168.10.85
    [sType] => 1
    [sign] => bj_reg_check
)
|-svcRs-|Array
(
    [flag] => 10000
    [msg] => 短信发送成功，请注意查收！
    [info] => Array
        (
            [userID] => TMP53
            [mobile] => 18065043496
            [tid] => 1483942700
        )

)

