2017-02-07 09:19:01|-ip-|192.168.10.39|-mobile-|15205006442|-type-|2|||
2017-02-07 09:19:01|-$cParam-|Array
(
    [mobile] => 15205006442
    [ip] => 192.168.10.39
)
|-cRs-|Array
(
    [flag] => 10010
    [msg] => 该手机号码已注册
    [info] => 207
)

2017-02-07 10:18:33|-ip-|10.100.0.18|-mobile-|18671517368|-type-|1|||
2017-02-07 10:18:33|-$cParam-|Array
(
    [mobile] => 18671517368
    [ip] => 10.100.0.18
)
|-cRs-|Array
(
    [flag] => 10010
    [msg] => 该手机号码已注册
    [info] => 184
)

2017-02-07 10:18:49|-ip-|10.100.0.18|-mobile-|13071252005|-type-|1|||
2017-02-07 10:18:49|-$cParam-|Array
(
    [mobile] => 13071252005
    [ip] => 10.100.0.18
)
|-cRs-|Array
(
    [flag] => 10000
    [msg] => 该手机未注册
    [info] => 
)

2017-02-07 10:18:49|-aParam-|Array
(
    [mobile] => 13071252005
    [code] => 524339
    [tmpMobileID] => 56
    [IP] => 10.100.0.18
    [sType] => 1
    [sign] => bj_reg_check
)
|-svcRs-|Array
(
    [flag] => 10000
    [msg] => 短信发送成功，请注意查收！
    [info] => Array
        (
            [userID] => TMP56
            [mobile] => 13071252005
            [tid] => 1486433929
        )

)

2017-02-07 14:29:20|-ip-|192.168.15.235|-mobile-|13037100638|-type-|1|||
2017-02-07 14:29:20|-$cParam-|Array
(
    [mobile] => 13037100638
    [ip] => 192.168.15.235
)
|-cRs-|Array
(
    [flag] => 10010
    [msg] => 该手机号码已注册
    [info] => 204
)

2017-02-07 14:35:17|-ip-|192.168.15.235|-mobile-|13037100638|-type-|1|||
2017-02-07 14:35:17|-$cParam-|Array
(
    [mobile] => 13037100638
    [ip] => 192.168.15.235
)
|-cRs-|Array
(
    [flag] => 10000
    [msg] => 该手机未注册
    [info] => 
)

2017-02-07 14:35:17|-aParam-|Array
(
    [mobile] => 13037100638
    [code] => 407070
    [tmpMobileID] => 78
    [IP] => 192.168.15.235
    [sType] => 1
    [sign] => bj_reg_check
)
|-svcRs-|Array
(
    [flag] => 10000
    [msg] => 短信发送成功，请注意查收！
    [info] => Array
        (
            [userID] => TMP78
            [mobile] => 13037100638
            [tid] => 1486449317
        )

)

2017-02-07 19:24:21|-ip-|10.100.0.18|-mobile-|13871468530|-type-|1|||
2017-02-07 19:24:21|-$cParam-|Array
(
    [mobile] => 13871468530
    [ip] => 10.100.0.18
)
|-cRs-|Array
(
    [flag] => 10000
    [msg] => 该手机未注册
    [info] => 
)

2017-02-07 19:24:21|-aParam-|Array
(
    [mobile] => 13871468530
    [code] => 519074
    [tmpMobileID] => 79
    [IP] => 10.100.0.18
    [sType] => 1
    [sign] => bj_reg_check
)
|-svcRs-|Array
(
    [flag] => 10000
    [msg] => 短信发送成功，请注意查收！
    [info] => Array
        (
            [userID] => TMP79
            [mobile] => 13871468530
            [tid] => 1486466661
        )

)

2017-02-07 20:40:18|-ip-|192.168.10.89|-mobile-|13338550457|-type-|1|||
2017-02-07 20:40:18|-$cParam-|Array
(
    [mobile] => 13338550457
    [ip] => 192.168.10.89
)
|-cRs-|Array
(
    [flag] => 10000
    [msg] => 该手机未注册
    [info] => 
)

2017-02-07 20:40:19|-aParam-|Array
(
    [mobile] => 13338550457
    [code] => 835219
    [tmpMobileID] => 60
    [IP] => 192.168.10.89
    [sType] => 1
    [sign] => bj_reg_check
)
|-svcRs-|Array
(
    [flag] => 10000
    [msg] => 短信发送成功，请注意查收！
    [info] => Array
        (
            [userID] => TMP60
            [mobile] => 13338550457
            [tid] => 1486471219
        )

)

2017-02-07 20:44:39|-ip-|192.168.10.89|-mobile-|13338550457|-type-|1|||
2017-02-07 20:44:39|-$cParam-|Array
(
    [mobile] => 13338550457
    [ip] => 192.168.10.89
)
|-cRs-|Array
(
    [flag] => 10010
    [msg] => 该手机号码已注册
    [info] => 213
)

2017-02-07 20:45:42|-ip-|192.168.10.89|-mobile-|13338550457|-type-|1|||
2017-02-07 20:45:42|-$cParam-|Array
(
    [mobile] => 13338550457
    [ip] => 192.168.10.89
)
|-cRs-|Array
(
    [flag] => 10000
    [msg] => 该手机未注册
    [info] => 
)

2017-02-07 20:45:42|-aParam-|Array
(
    [mobile] => 13338550457
    [code] => 193276
    [tmpMobileID] => 80
    [IP] => 192.168.10.89
    [sType] => 1
    [sign] => bj_reg_check
)
|-svcRs-|Array
(
    [flag] => 10000
    [msg] => 短信发送成功，请注意查收！
    [info] => Array
        (
            [userID] => TMP80
            [mobile] => 13338550457
            [tid] => 1486471542
        )

)

2017-02-07 21:25:04|-ip-|192.168.10.89|-mobile-|13338550457|-type-|1|||
2017-02-07 21:25:04|-$cParam-|Array
(
    [mobile] => 13338550457
    [ip] => 192.168.10.89
)
|-cRs-|Array
(
    [flag] => 10000
    [msg] => 该手机未注册
    [info] => 
)

2017-02-07 21:25:04|-aParam-|Array
(
    [mobile] => 13338550457
    [code] => 521248
    [tmpMobileID] => 80
    [IP] => 192.168.10.89
    [sType] => 1
    [sign] => bj_reg_check
)
|-svcRs-|Array
(
    [flag] => 10000
    [msg] => 短信发送成功，请注意查收！
    [info] => Array
        (
            [userID] => TMP80
            [mobile] => 13338550457
            [tid] => 1486473904
        )

)

2017-02-07 21:31:34|-ip-|192.168.10.89|-mobile-|13338550457|-type-|1|||
2017-02-07 21:31:34|-$cParam-|Array
(
    [mobile] => 13338550457
    [ip] => 192.168.10.89
)
|-cRs-|Array
(
    [flag] => 10000
    [msg] => 该手机未注册
    [info] => 
)

2017-02-07 21:31:34|-aParam-|Array
(
    [mobile] => 13338550457
    [code] => 595465
    [tmpMobileID] => 80
    [IP] => 192.168.10.89
    [sType] => 1
    [sign] => bj_reg_check
)
|-svcRs-|Array
(
    [flag] => 10000
    [msg] => 短信发送成功，请注意查收！
    [info] => Array
        (
            [userID] => TMP80
            [mobile] => 13338550457
            [tid] => 1486474294
        )

)

