2017-01-23 09:24:25|-ip-|10.100.0.18|-mobile-|18671517368|-type-|1|||
2017-01-23 09:24:25|-$cParam-|Array
(
    [mobile] => 18671517368
    [ip] => 10.100.0.18
)
|-cRs-|Array
(
    [flag] => 10000
    [msg] => 该手机未注册
    [info] => 
)

2017-01-23 09:24:25|-aParam-|Array
(
    [mobile] => 18671517368
    [code] => 488683
    [tmpMobileID] => 40
    [IP] => 10.100.0.18
    [sType] => 1
    [sign] => bj_reg_check
)
|-svcRs-|Array
(
    [flag] => 10000
    [msg] => 短信发送成功，请注意查收！
    [info] => Array
        (
            [userID] => TMP40
            [mobile] => 18671517368
            [tid] => 1485134665
        )

)

