2017-02-08 10:27:50|-ip-|192.168.10.89|-mobile-|13338550457|-type-|1|||
2017-02-08 10:27:50|-$cParam-|Array
(
    [mobile] => 13338550457
    [ip] => 192.168.10.89
)
|-cRs-|Array
(
    [flag] => 10000
    [msg] => 该手机未注册
    [info] => 
)

2017-02-08 10:27:50|-aParam-|Array
(
    [mobile] => 13338550457
    [code] => 622341
    [tmpMobileID] => 80
    [IP] => 192.168.10.89
    [sType] => 1
    [sign] => bj_reg_check
)
|-svcRs-|Array
(
    [flag] => 10000
    [msg] => 短信发送成功，请注意查收！
    [info] => Array
        (
            [userID] => TMP80
            [mobile] => 13338550457
            [tid] => 1486520870
        )

)

2017-02-08 10:44:16|-ip-|192.168.10.89|-mobile-|13338550457|-type-|1|||
2017-02-08 10:44:16|-$cParam-|Array
(
    [mobile] => 13338550457
    [ip] => 192.168.10.89
)
|-cRs-|Array
(
    [flag] => 10000
    [msg] => 该手机未注册
    [info] => 
)

2017-02-08 10:44:16|-aParam-|Array
(
    [mobile] => 13338550457
    [code] => 073558
    [tmpMobileID] => 80
    [IP] => 192.168.10.89
    [sType] => 1
    [sign] => bj_reg_check
)
|-svcRs-|Array
(
    [flag] => 10000
    [msg] => 短信发送成功，请注意查收！
    [info] => Array
        (
            [userID] => TMP80
            [mobile] => 13338550457
            [tid] => 1486521856
        )

)

2017-02-08 10:51:17|-ip-|192.168.10.22|-mobile-|15980286436|-type-|1|||
2017-02-08 10:51:17|-$cParam-|Array
(
    [mobile] => 15980286436
    [ip] => 192.168.10.22
)
|-cRs-|Array
(
    [flag] => 10000
    [msg] => 该手机未注册
    [info] => 
)

2017-02-08 10:51:17|-aParam-|Array
(
    [mobile] => 15980286436
    [code] => 509772
    [tmpMobileID] => 81
    [IP] => 192.168.10.22
    [sType] => 1
    [sign] => bj_reg_check
)
|-svcRs-|Array
(
    [flag] => 10000
    [msg] => 短信发送成功，请注意查收！
    [info] => Array
        (
            [userID] => TMP81
            [mobile] => 15980286436
            [tid] => 1486522277
        )

)

2017-02-08 10:55:34|-ip-|192.168.10.89|-mobile-|13338550457|-type-|1|||
2017-02-08 10:55:34|-$cParam-|Array
(
    [mobile] => 13338550457
    [ip] => 192.168.10.89
)
|-cRs-|Array
(
    [flag] => 10000
    [msg] => 该手机未注册
    [info] => 
)

2017-02-08 10:55:34|-aParam-|Array
(
    [mobile] => 13338550457
    [code] => 419498
    [tmpMobileID] => 80
    [IP] => 192.168.10.89
    [sType] => 1
    [sign] => bj_reg_check
)
|-svcRs-|Array
(
    [flag] => 10000
    [msg] => 短信发送成功，请注意查收！
    [info] => Array
        (
            [userID] => TMP80
            [mobile] => 13338550457
            [tid] => 1486522534
        )

)

2017-02-08 11:00:42|-ip-|192.168.10.89|-mobile-|13338550457|-type-|1|||
2017-02-08 11:00:42|-$cParam-|Array
(
    [mobile] => 13338550457
    [ip] => 192.168.10.89
)
|-cRs-|Array
(
    [flag] => 10000
    [msg] => 该手机未注册
    [info] => 
)

2017-02-08 11:00:42|-aParam-|Array
(
    [mobile] => 13338550457
    [code] => 425607
    [tmpMobileID] => 80
    [IP] => 192.168.10.89
    [sType] => 1
    [sign] => bj_reg_check
)
|-svcRs-|Array
(
    [flag] => 10000
    [msg] => 短信发送成功，请注意查收！
    [info] => Array
        (
            [userID] => TMP80
            [mobile] => 13338550457
            [tid] => 1486522842
        )

)

2017-02-08 11:08:28|-ip-|192.168.10.89|-mobile-|13338550457|-type-|1|||
2017-02-08 11:08:28|-$cParam-|Array
(
    [mobile] => 13338550457
    [ip] => 192.168.10.89
)
|-cRs-|Array
(
    [flag] => 10000
    [msg] => 该手机未注册
    [info] => 
)

2017-02-08 11:08:28|-aParam-|Array
(
    [mobile] => 13338550457
    [code] => 837198
    [tmpMobileID] => 80
    [IP] => 192.168.10.89
    [sType] => 1
    [sign] => bj_reg_check
)
|-svcRs-|Array
(
    [flag] => 10000
    [msg] => 短信发送成功，请注意查收！
    [info] => Array
        (
            [userID] => TMP80
            [mobile] => 13338550457
            [tid] => 1486523308
        )

)

2017-02-08 14:01:22|-ip-|192.168.15.235|-mobile-|18059949892|-type-|1|||
2017-02-08 14:01:22|-$cParam-|Array
(
    [mobile] => 18059949892
    [ip] => 192.168.15.235
)
|-cRs-|Array
(
    [flag] => 10000
    [msg] => 该手机未注册
    [info] => 
)

2017-02-08 14:01:22|-aParam-|Array
(
    [mobile] => 18059949892
    [code] => 682303
    [tmpMobileID] => 82
    [IP] => 192.168.15.235
    [sType] => 1
    [sign] => bj_reg_check
)
|-svcRs-|Array
(
    [flag] => 10000
    [msg] => 短信发送成功，请注意查收！
    [info] => Array
        (
            [userID] => TMP82
            [mobile] => 18059949892
            [tid] => 1486533682
        )

)

2017-02-08 14:50:27|-ip-|192.168.15.235|-mobile-|18125530297|-type-|1|||
2017-02-08 14:50:27|-$cParam-|Array
(
    [mobile] => 18125530297
    [ip] => 192.168.15.235
)
|-cRs-|Array
(
    [flag] => 10010
    [msg] => 该手机号码已注册
    [info] => 178
)

2017-02-08 14:56:51|-ip-|192.168.10.89|-mobile-|13338550457|-type-|1|||
2017-02-08 14:56:51|-$cParam-|Array
(
    [mobile] => 13338550457
    [ip] => 192.168.10.89
)
|-cRs-|Array
(
    [flag] => 10000
    [msg] => 该手机未注册
    [info] => 
)

2017-02-08 14:56:51|-aParam-|Array
(
    [mobile] => 13338550457
    [code] => 306589
    [tmpMobileID] => 83
    [IP] => 192.168.10.89
    [sType] => 1
    [sign] => bj_reg_check
)
|-svcRs-|Array
(
    [flag] => 10000
    [msg] => 短信发送成功，请注意查收！
    [info] => Array
        (
            [userID] => TMP83
            [mobile] => 13338550457
            [tid] => 1486537011
        )

)

2017-02-08 16:12:45|-ip-|192.168.15.235|-mobile-|18125530297|-type-|1|||
2017-02-08 16:12:45|-$cParam-|Array
(
    [mobile] => 18125530297
    [ip] => 192.168.15.235
)
|-cRs-|Array
(
    [flag] => 10010
    [msg] => 该手机号码已注册
    [info] => 178
)

