2017-01-20 10:17:35|-ip-|192.168.10.85|-mobile-|18065043496|-type-|2|||
2017-01-20 10:17:35|-$cParam-|Array
(
    [mobile] => 18065043496
    [ip] => 192.168.10.85
)
|-cRs-|Array
(
    [flag] => 10010
    [msg] => 该手机号码已注册
    [info] => 21
)

2017-01-20 10:26:01|-ip-|192.168.10.85|-mobile-|18065043496|-type-|2|||
2017-01-20 10:26:01|-$cParam-|Array
(
    [mobile] => 18065043496
    [ip] => 192.168.10.85
)
|-cRs-|Array
(
    [flag] => 10010
    [msg] => 该手机号码已注册
    [info] => 21
)

2017-01-20 10:54:48|-ip-|192.168.10.85|-mobile-|18065043496|-type-|2|||
2017-01-20 10:54:48|-$cParam-|Array
(
    [mobile] => 18065043496
    [ip] => 192.168.10.85
)
|-cRs-|Array
(
    [flag] => 10010
    [msg] => 该手机号码已注册
    [info] => 21
)

2017-01-20 11:03:40|-ip-|192.168.10.85|-mobile-|18065043496|-type-|2|||
2017-01-20 11:03:40|-$cParam-|Array
(
    [mobile] => 18065043496
    [ip] => 192.168.10.85
)
|-cRs-|Array
(
    [flag] => 10010
    [msg] => 该手机号码已注册
    [info] => 21
)

2017-01-20 11:07:29|-ip-|192.168.10.85|-mobile-|18065043496|-type-|2|||
2017-01-20 11:07:29|-$cParam-|Array
(
    [mobile] => 18065043496
    [ip] => 192.168.10.85
)
|-cRs-|Array
(
    [flag] => 10010
    [msg] => 该手机号码已注册
    [info] => 21
)

2017-01-20 11:11:57|-ip-|192.168.10.85|-mobile-|18065043496|-type-|2|||
2017-01-20 11:11:57|-$cParam-|Array
(
    [mobile] => 18065043496
    [ip] => 192.168.10.85
)
|-cRs-|Array
(
    [flag] => 10010
    [msg] => 该手机号码已注册
    [info] => 21
)

2017-01-20 11:54:44|-ip-|192.168.10.85|-mobile-|18065043496|-type-|2|||
2017-01-20 11:54:44|-$cParam-|Array
(
    [mobile] => 18065043496
    [ip] => 192.168.10.85
)
|-cRs-|Array
(
    [flag] => 10010
    [msg] => 该手机号码已注册
    [info] => 21
)

2017-01-20 12:00:47|-ip-|192.168.10.85|-mobile-|18065043496|-type-|2|||
2017-01-20 12:00:47|-$cParam-|Array
(
    [mobile] => 18065043496
    [ip] => 192.168.10.85
)
|-cRs-|Array
(
    [flag] => 10010
    [msg] => 该手机号码已注册
    [info] => 21
)

