2017-02-04 09:16:39|-ip-|10.100.0.18|-mobile-|18671517368|-type-|1|||
2017-02-04 09:16:39|-$cParam-|Array
(
    [mobile] => 18671517368
    [ip] => 10.100.0.18
)
|-cRs-|Array
(
    [flag] => 10000
    [msg] => 该手机未注册
    [info] => 
)

2017-02-04 09:16:39|-aParam-|Array
(
    [mobile] => 18671517368
    [code] => 994339
    [tmpMobileID] => 61
    [IP] => 10.100.0.18
    [sType] => 1
    [sign] => bj_reg_check
)
|-svcRs-|Array
(
    [flag] => 10000
    [msg] => 短信发送成功，请注意查收！
    [info] => Array
        (
            [userID] => TMP61
            [mobile] => 18671517368
            [tid] => 1486170999
        )

)

2017-02-04 10:17:05|-ip-|192.168.15.235|-mobile-|18125530297|-type-|1|||
2017-02-04 10:17:05|-$cParam-|Array
(
    [mobile] => 18125530297
    [ip] => 192.168.15.235
)
|-cRs-|Array
(
    [flag] => 10000
    [msg] => 该手机未注册
    [info] => 
)

2017-02-04 10:17:05|-aParam-|Array
(
    [mobile] => 18125530297
    [code] => 179150
    [tmpMobileID] => 59
    [IP] => 192.168.15.235
    [sType] => 1
    [sign] => bj_reg_check
)
|-svcRs-|Array
(
    [flag] => 10000
    [msg] => 短信发送成功，请注意查收！
    [info] => Array
        (
            [userID] => TMP59
            [mobile] => 18125530297
            [tid] => 1486174625
        )

)

2017-02-04 11:29:26|-ip-|10.100.0.18|-mobile-|18671517368|-type-|1|||
2017-02-04 11:29:27|-$cParam-|Array
(
    [mobile] => 18671517368
    [ip] => 10.100.0.18
)
|-cRs-|Array
(
    [flag] => 10000
    [msg] => 该手机未注册
    [info] => 
)

2017-02-04 11:29:27|-aParam-|Array
(
    [mobile] => 18671517368
    [code] => 778254
    [tmpMobileID] => 61
    [IP] => 10.100.0.18
    [sType] => 1
    [sign] => bj_reg_check
)
|-svcRs-|Array
(
    [flag] => 10000
    [msg] => 短信发送成功，请注意查收！
    [info] => Array
        (
            [userID] => TMP61
            [mobile] => 18671517368
            [tid] => 1486178967
        )

)

2017-02-04 12:45:43|-ip-|10.100.0.18|-mobile-|13477029958|-type-|1|||
2017-02-04 12:45:43|-$cParam-|Array
(
    [mobile] => 13477029958
    [ip] => 10.100.0.18
)
|-cRs-|Array
(
    [flag] => 10000
    [msg] => 该手机未注册
    [info] => 
)

2017-02-04 12:45:43|-aParam-|Array
(
    [mobile] => 13477029958
    [code] => 970050
    [tmpMobileID] => 57
    [IP] => 10.100.0.18
    [sType] => 1
    [sign] => bj_reg_check
)
|-svcRs-|Array
(
    [flag] => 10000
    [msg] => 短信发送成功，请注意查收！
    [info] => Array
        (
            [userID] => TMP57
            [mobile] => 13477029958
            [tid] => 1486183543
        )

)

2017-02-04 13:30:11|-ip-|192.168.10.115|-mobile-|13599951535|-type-|1|||
2017-02-04 13:30:11|-$cParam-|Array
(
    [mobile] => 13599951535
    [ip] => 192.168.10.115
)
|-cRs-|Array
(
    [flag] => 10000
    [msg] => 该手机未注册
    [info] => 
)

2017-02-04 13:30:11|-aParam-|Array
(
    [mobile] => 13599951535
    [code] => 005588
    [tmpMobileID] => 62
    [IP] => 192.168.10.115
    [sType] => 1
    [sign] => bj_reg_check
)
|-svcRs-|Array
(
    [flag] => 10000
    [msg] => 短信发送成功，请注意查收！
    [info] => Array
        (
            [userID] => TMP62
            [mobile] => 13599951535
            [tid] => 1486186211
        )

)

2017-02-04 13:32:37|-ip-|192.168.15.235|-mobile-|18125530297|-type-|1|||
2017-02-04 13:32:37|-$cParam-|Array
(
    [mobile] => 18125530297
    [ip] => 192.168.15.235
)
|-cRs-|Array
(
    [flag] => 10000
    [msg] => 该手机未注册
    [info] => 
)

2017-02-04 13:32:37|-aParam-|Array
(
    [mobile] => 18125530297
    [code] => 367084
    [tmpMobileID] => 59
    [IP] => 192.168.15.235
    [sType] => 1
    [sign] => bj_reg_check
)
|-svcRs-|Array
(
    [flag] => 10000
    [msg] => 短信发送成功，请注意查收！
    [info] => Array
        (
            [userID] => TMP59
            [mobile] => 18125530297
            [tid] => 1486186357
        )

)

2017-02-04 13:34:14|-ip-|192.168.10.115|-mobile-|13599951535|-type-|1|||
2017-02-04 13:34:14|-$cParam-|Array
(
    [mobile] => 13599951535
    [ip] => 192.168.10.115
)
|-cRs-|Array
(
    [flag] => 10000
    [msg] => 该手机未注册
    [info] => 
)

2017-02-04 13:34:15|-aParam-|Array
(
    [mobile] => 13599951535
    [code] => 164099
    [tmpMobileID] => 63
    [IP] => 192.168.10.115
    [sType] => 1
    [sign] => bj_reg_check
)
|-svcRs-|Array
(
    [flag] => 10000
    [msg] => 短信发送成功，请注意查收！
    [info] => Array
        (
            [userID] => TMP63
            [mobile] => 13599951535
            [tid] => 1486186455
        )

)

2017-02-04 13:38:33|-ip-|192.168.15.235|-mobile-|18125530297|-type-|1|||
2017-02-04 13:38:33|-$cParam-|Array
(
    [mobile] => 18125530297
    [ip] => 192.168.15.235
)
|-cRs-|Array
(
    [flag] => 10000
    [msg] => 该手机未注册
    [info] => 
)

2017-02-04 13:38:33|-aParam-|Array
(
    [mobile] => 18125530297
    [code] => 908213
    [tmpMobileID] => 64
    [IP] => 192.168.15.235
    [sType] => 1
    [sign] => bj_reg_check
)
|-svcRs-|Array
(
    [flag] => 10000
    [msg] => 短信发送成功，请注意查收！
    [info] => Array
        (
            [userID] => TMP64
            [mobile] => 18125530297
            [tid] => 1486186713
        )

)

2017-02-04 13:43:24|-ip-|192.168.10.115|-mobile-|13599951535|-type-|1|||
2017-02-04 13:43:24|-$cParam-|Array
(
    [mobile] => 13599951535
    [ip] => 192.168.10.115
)
|-cRs-|Array
(
    [flag] => 10000
    [msg] => 该手机未注册
    [info] => 
)

2017-02-04 13:43:24|-aParam-|Array
(
    [mobile] => 13599951535
    [code] => 364946
    [tmpMobileID] => 65
    [IP] => 192.168.10.115
    [sType] => 1
    [sign] => bj_reg_check
)
|-svcRs-|Array
(
    [flag] => 10000
    [msg] => 短信发送成功，请注意查收！
    [info] => Array
        (
            [userID] => TMP65
            [mobile] => 13599951535
            [tid] => 1486187004
        )

)

2017-02-04 13:52:31|-ip-|192.168.15.235|-mobile-|13037100638|-type-|1|||
2017-02-04 13:52:31|-$cParam-|Array
(
    [mobile] => 13037100638
    [ip] => 192.168.15.235
)
|-cRs-|Array
(
    [flag] => 10000
    [msg] => 该手机未注册
    [info] => 
)

2017-02-04 13:52:31|-aParam-|Array
(
    [mobile] => 13037100638
    [code] => 618356
    [tmpMobileID] => 58
    [IP] => 192.168.15.235
    [sType] => 1
    [sign] => bj_reg_check
)
|-svcRs-|Array
(
    [flag] => 10000
    [msg] => 短信发送成功，请注意查收！
    [info] => Array
        (
            [userID] => TMP58
            [mobile] => 13037100638
            [tid] => 1486187551
        )

)

2017-02-04 14:11:37|-ip-|192.168.15.235|-mobile-|18125530297|-type-|2|||
2017-02-04 14:11:37|-$cParam-|Array
(
    [mobile] => 18125530297
    [ip] => 192.168.15.235
)
|-cRs-|Array
(
    [flag] => 10010
    [msg] => 该手机号码已注册
    [info] => 178
)

2017-02-04 14:12:33|-ip-|192.168.15.235|-mobile-|13037100638|-type-|1|||
2017-02-04 14:12:33|-$cParam-|Array
(
    [mobile] => 13037100638
    [ip] => 192.168.15.235
)
|-cRs-|Array
(
    [flag] => 10010
    [msg] => 该手机号码已注册
    [info] => 180
)

2017-02-04 14:13:30|-ip-|192.168.15.235|-mobile-|13037100638|-type-|1|||
2017-02-04 14:13:30|-$cParam-|Array
(
    [mobile] => 13037100638
    [ip] => 192.168.15.235
)
|-cRs-|Array
(
    [flag] => 10010
    [msg] => 该手机号码已注册
    [info] => 180
)

2017-02-04 14:16:11|-ip-|192.168.15.235|-mobile-|13037100638|-type-|1|||
2017-02-04 14:16:11|-$cParam-|Array
(
    [mobile] => 13037100638
    [ip] => 192.168.15.235
)
|-cRs-|Array
(
    [flag] => 10010
    [msg] => 该手机号码已注册
    [info] => 180
)

2017-02-04 14:17:13|-ip-|192.168.15.235|-mobile-|13037100638|-type-|1|||
2017-02-04 14:17:13|-$cParam-|Array
(
    [mobile] => 13037100638
    [ip] => 192.168.15.235
)
|-cRs-|Array
(
    [flag] => 10010
    [msg] => 该手机号码已注册
    [info] => 180
)

2017-02-04 14:19:15|-ip-|192.168.15.235|-mobile-|18065043496|-type-|2|||
2017-02-04 14:19:15|-$cParam-|Array
(
    [mobile] => 18065043496
    [ip] => 192.168.15.235
)
|-cRs-|Array
(
    [flag] => 10000
    [msg] => 该手机未注册
    [info] => 
)

2017-02-04 14:19:27|-ip-|192.168.15.235|-mobile-|13037100638|-type-|1|||
2017-02-04 14:19:27|-$cParam-|Array
(
    [mobile] => 13037100638
    [ip] => 192.168.15.235
)
|-cRs-|Array
(
    [flag] => 10010
    [msg] => 该手机号码已注册
    [info] => 180
)

2017-02-04 14:25:18|-ip-|192.168.15.235|-mobile-|18125530297|-type-|2|||
2017-02-04 14:25:18|-$cParam-|Array
(
    [mobile] => 18125530297
    [ip] => 192.168.15.235
)
|-cRs-|Array
(
    [flag] => 10010
    [msg] => 该手机号码已注册
    [info] => 178
)

2017-02-04 14:33:10|-ip-|192.168.10.39|-mobile-|15205006442|-type-|1|||
2017-02-04 14:33:10|-$cParam-|Array
(
    [mobile] => 15205006442
    [ip] => 192.168.10.39
)
|-cRs-|Array
(
    [flag] => 10000
    [msg] => 该手机未注册
    [info] => 
)

2017-02-04 14:33:10|-aParam-|Array
(
    [mobile] => 15205006442
    [code] => 329222
    [tmpMobileID] => 66
    [IP] => 192.168.10.39
    [sType] => 1
    [sign] => bj_reg_check
)
|-svcRs-|Array
(
    [flag] => 10000
    [msg] => 短信发送成功，请注意查收！
    [info] => Array
        (
            [userID] => TMP66
            [mobile] => 15205006442
            [tid] => 1486189990
        )

)

2017-02-04 14:34:05|-ip-|192.168.15.235|-mobile-|18125530297|-type-|2|||
2017-02-04 14:34:05|-$cParam-|Array
(
    [mobile] => 18125530297
    [ip] => 192.168.15.235
)
|-cRs-|Array
(
    [flag] => 10010
    [msg] => 该手机号码已注册
    [info] => 178
)

2017-02-04 14:36:35|-ip-|192.168.10.115|-mobile-|13599951535|-type-|1|||
2017-02-04 14:36:35|-$cParam-|Array
(
    [mobile] => 13599951535
    [ip] => 192.168.10.115
)
|-cRs-|Array
(
    [flag] => 10000
    [msg] => 该手机未注册
    [info] => 
)

2017-02-04 14:36:35|-aParam-|Array
(
    [mobile] => 13599951535
    [code] => 079270
    [tmpMobileID] => 67
    [IP] => 192.168.10.115
    [sType] => 1
    [sign] => bj_reg_check
)
|-svcRs-|Array
(
    [flag] => 10000
    [msg] => 短信发送成功，请注意查收！
    [info] => Array
        (
            [userID] => TMP67
            [mobile] => 13599951535
            [tid] => 1486190195
        )

)

2017-02-04 14:37:39|-ip-|10.100.0.18|-mobile-|18671517368|-type-|1|||
2017-02-04 14:37:39|-$cParam-|Array
(
    [mobile] => 18671517368
    [ip] => 10.100.0.18
)
|-cRs-|Array
(
    [flag] => 10000
    [msg] => 该手机未注册
    [info] => 
)

2017-02-04 14:37:39|-aParam-|Array
(
    [mobile] => 18671517368
    [code] => 839861
    [tmpMobileID] => 61
    [IP] => 10.100.0.18
    [sType] => 1
    [sign] => bj_reg_check
)
|-svcRs-|Array
(
    [flag] => 10000
    [msg] => 短信发送成功，请注意查收！
    [info] => Array
        (
            [userID] => TMP61
            [mobile] => 18671517368
            [tid] => 1486190259
        )

)

2017-02-04 14:51:32|-ip-|192.168.15.235|-mobile-|18065043496|-type-|2|||
2017-02-04 14:51:32|-$cParam-|Array
(
    [mobile] => 18065043496
    [ip] => 192.168.15.235
)
|-cRs-|Array
(
    [flag] => 10010
    [msg] => 该手机号码已注册
    [info] => 169
)

2017-02-04 14:57:20|-ip-|192.168.15.235|-mobile-|18125530297|-type-|1|||
2017-02-04 14:57:20|-$cParam-|Array
(
    [mobile] => 18125530297
    [ip] => 192.168.15.235
)
|-cRs-|Array
(
    [flag] => 10010
    [msg] => 该手机号码已注册
    [info] => 178
)

2017-02-04 15:01:44|-ip-|192.168.15.235|-mobile-|18065043496|-type-|2|||
2017-02-04 15:01:44|-$cParam-|Array
(
    [mobile] => 18065043496
    [ip] => 192.168.15.235
)
|-cRs-|Array
(
    [flag] => 10010
    [msg] => 该手机号码已注册
    [info] => 169
)

2017-02-04 15:07:59|-ip-|192.168.15.235|-mobile-|18065043496|-type-|2|||
2017-02-04 15:07:59|-$cParam-|Array
(
    [mobile] => 18065043496
    [ip] => 192.168.15.235
)
|-cRs-|Array
(
    [flag] => 10010
    [msg] => 该手机号码已注册
    [info] => 169
)

2017-02-04 15:16:52|-ip-|10.100.0.18|-mobile-|15620553970|-type-|1|||
2017-02-04 15:16:52|-$cParam-|Array
(
    [mobile] => 15620553970
    [ip] => 10.100.0.18
)
|-cRs-|Array
(
    [flag] => 10000
    [msg] => 该手机未注册
    [info] => 
)

2017-02-04 15:16:53|-aParam-|Array
(
    [mobile] => 15620553970
    [code] => 560981
    [tmpMobileID] => 68
    [IP] => 10.100.0.18
    [sType] => 1
    [sign] => bj_reg_check
)
|-svcRs-|Array
(
    [flag] => 10000
    [msg] => 短信发送成功，请注意查收！
    [info] => Array
        (
            [userID] => TMP68
            [mobile] => 15620553970
            [tid] => 1486192612
        )

)

2017-02-04 15:17:33|-ip-|192.168.15.235|-mobile-|18065043496|-type-|2|||
2017-02-04 15:17:33|-$cParam-|Array
(
    [mobile] => 18065043496
    [ip] => 192.168.15.235
)
|-cRs-|Array
(
    [flag] => 10010
    [msg] => 该手机号码已注册
    [info] => 169
)

2017-02-04 15:20:29|-ip-|192.168.15.235|-mobile-|18125530297|-type-|2|||
2017-02-04 15:20:29|-$cParam-|Array
(
    [mobile] => 18125530297
    [ip] => 192.168.15.235
)
|-cRs-|Array
(
    [flag] => 10010
    [msg] => 该手机号码已注册
    [info] => 178
)

2017-02-04 15:21:40|-ip-|192.168.15.235|-mobile-|18065043496|-type-|2|||
2017-02-04 15:21:40|-$cParam-|Array
(
    [mobile] => 18065043496
    [ip] => 192.168.15.235
)
|-cRs-|Array
(
    [flag] => 10010
    [msg] => 该手机号码已注册
    [info] => 169
)

2017-02-04 15:28:06|-ip-|192.168.15.235|-mobile-|18065043496|-type-|2|||
2017-02-04 15:28:07|-$cParam-|Array
(
    [mobile] => 18065043496
    [ip] => 192.168.15.235
)
|-cRs-|Array
(
    [flag] => 10010
    [msg] => 该手机号码已注册
    [info] => 169
)

2017-02-04 15:30:53|-ip-|192.168.15.235|-mobile-|18125530297|-type-|2|||
2017-02-04 15:30:53|-$cParam-|Array
(
    [mobile] => 18125530297
    [ip] => 192.168.15.235
)
|-cRs-|Array
(
    [flag] => 10010
    [msg] => 该手机号码已注册
    [info] => 178
)

2017-02-04 15:39:23|-ip-|192.168.15.235|-mobile-|18125530297|-type-|2|||
2017-02-04 15:39:23|-$cParam-|Array
(
    [mobile] => 18125530297
    [ip] => 192.168.15.235
)
|-cRs-|Array
(
    [flag] => 10010
    [msg] => 该手机号码已注册
    [info] => 178
)

2017-02-04 15:45:44|-ip-|192.168.15.235|-mobile-|18125530297|-type-|2|||
2017-02-04 15:45:44|-$cParam-|Array
(
    [mobile] => 18125530297
    [ip] => 192.168.15.235
)
|-cRs-|Array
(
    [flag] => 10010
    [msg] => 该手机号码已注册
    [info] => 178
)

2017-02-04 15:48:22|-ip-|192.168.15.235|-mobile-|18065043496|-type-|2|||
2017-02-04 15:48:22|-$cParam-|Array
(
    [mobile] => 18065043496
    [ip] => 192.168.15.235
)
|-cRs-|Array
(
    [flag] => 10010
    [msg] => 该手机号码已注册
    [info] => 169
)

2017-02-04 15:51:30|-ip-|192.168.15.235|-mobile-|18125530297|-type-|2|||
2017-02-04 15:51:30|-$cParam-|Array
(
    [mobile] => 18125530297
    [ip] => 192.168.15.235
)
|-cRs-|Array
(
    [flag] => 10010
    [msg] => 该手机号码已注册
    [info] => 178
)

2017-02-04 16:03:00|-ip-|192.168.15.235|-mobile-|18125530297|-type-|2|||
2017-02-04 16:03:00|-$cParam-|Array
(
    [mobile] => 18125530297
    [ip] => 192.168.15.235
)
|-cRs-|Array
(
    [flag] => 10010
    [msg] => 该手机号码已注册
    [info] => 178
)

2017-02-04 16:08:06|-ip-|192.168.15.235|-mobile-|18125530297|-type-|2|||
2017-02-04 16:08:06|-$cParam-|Array
(
    [mobile] => 18125530297
    [ip] => 192.168.15.235
)
|-cRs-|Array
(
    [flag] => 10010
    [msg] => 该手机号码已注册
    [info] => 178
)

2017-02-04 16:30:36|-ip-|192.168.15.235|-mobile-|18125530297|-type-|2|||
2017-02-04 16:30:36|-$cParam-|Array
(
    [mobile] => 18125530297
    [ip] => 192.168.15.235
)
|-cRs-|Array
(
    [flag] => 10010
    [msg] => 该手机号码已注册
    [info] => 178
)

