2017-01-05 09:59:08|-ip-|192.168.10.89|-mobile-|13338550457|-type-|1|||
2017-01-05 09:59:08|-$cParam-|Array
(
    [mobile] => 13338550457
    [ip] => 192.168.10.89
)
|-cRs-|Array
(
    [flag] => 10000
    [msg] => 该手机未注册
    [info] => 
)

2017-01-05 09:59:08|-aParam-|Array
(
    [mobile] => 13338550457
    [code] => 880200
    [tmpMobileID] => 51
    [IP] => 192.168.10.89
    [sType] => 1
    [sign] => bj_reg_check
)
|-svcRs-|Array
(
    [flag] => 10000
    [msg] => 短信发送成功，请注意查收
    [info] => Array
        (
            [mobile] => 13338550457
            [code] => 880200
            [tmpMobileID] => 51
            [IP] => 192.168.10.89
            [sType] => 1
            [sign] => bj_reg_check
        )

)

2017-01-05 13:39:15|-ip-|192.168.10.89|-mobile-|13338550457|-type-|1|||
2017-01-05 13:39:15|-$cParam-|Array
(
    [mobile] => 13338550457
    [ip] => 192.168.10.89
)
|-cRs-|Array
(
    [flag] => 10000
    [msg] => 该手机未注册
    [info] => 
)

2017-01-05 13:39:15|-aParam-|Array
(
    [mobile] => 13338550457
    [code] => 166710
    [tmpMobileID] => 51
    [IP] => 192.168.10.89
    [sType] => 1
    [sign] => bj_reg_check
)
|-svcRs-|Array
(
    [flag] => 10000
    [msg] => 短信发送成功，请注意查收
    [info] => Array
        (
            [mobile] => 13338550457
            [code] => 166710
            [tmpMobileID] => 51
            [IP] => 192.168.10.89
            [sType] => 1
            [sign] => bj_reg_check
        )

)

2017-01-05 13:53:23|-ip-|192.168.10.89|-mobile-|13338550457|-type-|1|||
2017-01-05 13:53:23|-$cParam-|Array
(
    [mobile] => 13338550457
    [ip] => 192.168.10.89
)
|-cRs-|Array
(
    [flag] => 10000
    [msg] => 该手机未注册
    [info] => 
)

2017-01-05 13:53:42|-ip-|192.168.10.89|-mobile-|13338550457|-type-|1|||
2017-01-05 13:53:42|-$cParam-|Array
(
    [mobile] => 13338550457
    [ip] => 192.168.10.89
)
|-cRs-|Array
(
    [flag] => 10000
    [msg] => 该手机未注册
    [info] => 
)

2017-01-05 13:54:14|-ip-|192.168.10.89|-mobile-|13338550457|-type-|1|||
2017-01-05 13:54:14|-$cParam-|Array
(
    [mobile] => 13338550457
    [ip] => 192.168.10.89
)
|-cRs-|Array
(
    [flag] => 10000
    [msg] => 该手机未注册
    [info] => 
)

2017-01-05 13:56:16|-ip-|192.168.10.89|-mobile-|13338550457|-type-|1|||
2017-01-05 13:56:16|-$cParam-|Array
(
    [mobile] => 13338550457
    [ip] => 192.168.10.89
)
|-cRs-|Array
(
    [flag] => 10000
    [msg] => 该手机未注册
    [info] => 
)

2017-01-05 13:57:38|-ip-|192.168.10.89|-mobile-|13338550457|-type-|1|||
2017-01-05 13:57:38|-$cParam-|Array
(
    [mobile] => 13338550457
    [ip] => 192.168.10.89
)
|-cRs-|Array
(
    [flag] => 10000
    [msg] => 该手机未注册
    [info] => 
)

2017-01-05 13:58:57|-ip-|192.168.10.89|-mobile-|13338550457|-type-|1|||
2017-01-05 13:59:45|-ip-|192.168.10.89|-mobile-|13338550457|-type-|1|||
2017-01-05 13:59:45|-$cParam-|Array
(
    [mobile] => 13338550457
    [ip] => 192.168.10.89
)
|-cRs-|Array
(
    [flag] => 10000
    [msg] => 该手机未注册
    [info] => 
)

2017-01-05 14:00:05|-ip-|192.168.10.89|-mobile-|13338550457|-type-|1|||
2017-01-05 14:00:05|-$cParam-|Array
(
    [mobile] => 13338550457
    [ip] => 192.168.10.89
)
|-cRs-|Array
(
    [flag] => 10000
    [msg] => 该手机未注册
    [info] => 
)

2017-01-05 14:00:41|-ip-|192.168.10.89|-mobile-|13338550457|-type-|1|||
2017-01-05 14:00:41|-$cParam-|Array
(
    [mobile] => 13338550457
    [ip] => 192.168.10.89
)
|-cRs-|Array
(
    [flag] => 10000
    [msg] => 该手机未注册
    [info] => 
)

2017-01-05 14:00:41|-aParam-|Array
(
    [mobile] => 13338550457
    [code] => 956175
    [tmpMobileID] => 51
    [IP] => 192.168.10.89
    [sType] => 1
    [sign] => bj_reg_check
)
|-svcRs-|Array
(
    [flag] => 10005
    [msg] => 短信服务器连接失败！
)

2017-01-05 14:02:33|-ip-|192.168.10.115|-mobile-|13338550457|-type-|1|||
2017-01-05 14:02:33|-$cParam-|Array
(
    [mobile] => 13338550457
    [ip] => 192.168.10.115
)
|-cRs-|Array
(
    [flag] => 10000
    [msg] => 该手机未注册
    [info] => 
)

2017-01-05 14:02:33|-aParam-|Array
(
    [mobile] => 13338550457
    [code] => 374116
    [tmpMobileID] => 51
    [IP] => 192.168.10.115
    [sType] => 1
    [sign] => bj_reg_check
)
|-svcRs-|Array
(
    [flag] => 10005
    [msg] => 短信服务器连接失败！
)

2017-01-05 14:02:50|-ip-|192.168.10.115|-mobile-|13338550457|-type-|1|||
2017-01-05 14:02:50|-$cParam-|Array
(
    [mobile] => 13338550457
    [ip] => 192.168.10.115
)
|-cRs-|Array
(
    [flag] => 10000
    [msg] => 该手机未注册
    [info] => 
)

2017-01-05 14:02:50|-aParam-|Array
(
    [mobile] => 13338550457
    [code] => 250776
    [tmpMobileID] => 51
    [IP] => 192.168.10.115
    [sType] => 1
    [sign] => bj_reg_check
)
|-svcRs-|Array
(
    [flag] => 10005
    [msg] => 短信服务器连接失败！
)

2017-01-05 14:04:45|-ip-|192.168.10.115|-mobile-|13338550457|-type-|1|||
2017-01-05 14:04:45|-$cParam-|Array
(
    [mobile] => 13338550457
    [ip] => 192.168.10.115
)
|-cRs-|Array
(
    [flag] => 10000
    [msg] => 该手机未注册
    [info] => 
)

2017-01-05 14:04:45|-aParam-|Array
(
    [mobile] => 13338550457
    [code] => 121367
    [tmpMobileID] => 51
    [IP] => 192.168.10.115
    [sType] => 1
    [sign] => bj_reg_check
)
|-svcRs-|Array
(
    [flag] => 10005
    [msg] => 短信服务器连接失败！
)

2017-01-05 14:05:46|-ip-|192.168.10.115|-mobile-|13338550457|-type-|1|||
2017-01-05 14:05:46|-$cParam-|Array
(
    [mobile] => 13338550457
    [ip] => 192.168.10.115
)
|-cRs-|Array
(
    [flag] => 10000
    [msg] => 该手机未注册
    [info] => 
)

2017-01-05 14:05:47|-aParam-|Array
(
    [mobile] => 13338550457
    [code] => 810799
    [tmpMobileID] => 51
    [IP] => 192.168.10.115
    [sType] => 1
    [sign] => bj_reg_check
)
|-svcRs-|Array
(
    [flag] => 10005
    [msg] => 短信服务器连接失败！
)

2017-01-05 14:10:17|-ip-|192.168.10.89|-mobile-|13338550457|-type-|1|||
2017-01-05 14:10:17|-$cParam-|Array
(
    [mobile] => 13338550457
    [ip] => 192.168.10.89
)
|-cRs-|Array
(
    [flag] => 10000
    [msg] => 该手机未注册
    [info] => 
)

2017-01-05 14:10:18|-aParam-|Array
(
    [mobile] => 13338550457
    [code] => 128774
    [tmpMobileID] => 51
    [IP] => 192.168.10.89
    [sType] => 1
    [sign] => bj_reg_check
)
|-svcRs-|Array
(
    [flag] => 50005
    [msg] => 短信服务器连接失败！
)

2017-01-05 14:10:30|-ip-|192.168.10.89|-mobile-|13338550457|-type-|1|||
2017-01-05 14:10:30|-$cParam-|Array
(
    [mobile] => 13338550457
    [ip] => 192.168.10.89
)
|-cRs-|Array
(
    [flag] => 10000
    [msg] => 该手机未注册
    [info] => 
)

2017-01-05 14:10:30|-aParam-|Array
(
    [mobile] => 13338550457
    [code] => 497277
    [tmpMobileID] => 51
    [IP] => 192.168.10.89
    [sType] => 1
    [sign] => bj_reg_check
)
|-svcRs-|Array
(
    [flag] => 50005
    [msg] => 短信服务器连接失败！
)

2017-01-05 14:10:51|-ip-|192.168.10.89|-mobile-|13338550457|-type-|1|||
2017-01-05 14:10:51|-$cParam-|Array
(
    [mobile] => 13338550457
    [ip] => 192.168.10.89
)
|-cRs-|Array
(
    [flag] => 10000
    [msg] => 该手机未注册
    [info] => 
)

2017-01-05 14:10:51|-aParam-|Array
(
    [mobile] => 13338550457
    [code] => 917654
    [tmpMobileID] => 51
    [IP] => 192.168.10.89
    [sType] => 1
    [sign] => bj_reg_check
)
|-svcRs-|Array
(
    [flag] => 50005
    [msg] => 短信服务器连接失败！
)

2017-01-05 14:39:48|-ip-|192.168.10.115|-mobile-|13338550457|-type-|1|||
2017-01-05 14:39:48|-$cParam-|Array
(
    [mobile] => 13338550457
    [ip] => 192.168.10.115
)
|-cRs-|Array
(
    [flag] => 10000
    [msg] => 该手机未注册
    [info] => 
)

2017-01-05 14:39:48|-aParam-|Array
(
    [mobile] => 13338550457
    [code] => 618847
    [tmpMobileID] => 51
    [IP] => 192.168.10.115
    [sType] => 1
    [sign] => bj_reg_check
)
|-svcRs-|Array
(
    [flag] => 50005
    [msg] => 短信服务器连接失败！
)

2017-01-05 14:40:32|-ip-|192.168.10.115|-mobile-|13338550457|-type-|1|||
2017-01-05 14:40:32|-$cParam-|Array
(
    [mobile] => 13338550457
    [ip] => 192.168.10.115
)
|-cRs-|Array
(
    [flag] => 10000
    [msg] => 该手机未注册
    [info] => 
)

2017-01-05 14:40:34|-aParam-|Array
(
    [mobile] => 13338550457
    [code] => 150266
    [tmpMobileID] => 51
    [IP] => 192.168.10.115
    [sType] => 1
    [sign] => bj_reg_check
)
|-svcRs-|Array
(
    [flag] => 50005
    [msg] => 短信服务器连接失败！
)

2017-01-05 14:41:05|-ip-|192.168.10.115|-mobile-|13338550457|-type-|1|||
2017-01-05 14:41:05|-$cParam-|Array
(
    [mobile] => 13338550457
    [ip] => 192.168.10.115
)
|-cRs-|Array
(
    [flag] => 10000
    [msg] => 该手机未注册
    [info] => 
)

2017-01-05 14:41:05|-aParam-|Array
(
    [mobile] => 13338550457
    [code] => 196290
    [tmpMobileID] => 51
    [IP] => 192.168.10.115
    [sType] => 1
    [sign] => bj_reg_check
)
|-svcRs-|Array
(
    [flag] => 50005
    [msg] => 短信服务器连接失败！
)

2017-01-05 14:42:38|-ip-|192.168.10.115|-mobile-|13338550457|-type-|1|||
2017-01-05 14:42:38|-$cParam-|Array
(
    [mobile] => 13338550457
    [ip] => 192.168.10.115
)
|-cRs-|Array
(
    [flag] => 10000
    [msg] => 该手机未注册
    [info] => 
)

2017-01-05 14:42:38|-aParam-|Array
(
    [mobile] => 13338550457
    [code] => 751565
    [tmpMobileID] => 51
    [IP] => 192.168.10.115
    [sType] => 1
    [sign] => bj_reg_check
)
|-svcRs-|Array
(
    [flag] => 50005
    [msg] => 短信服务器连接失败！
)

2017-01-05 14:43:01|-ip-|192.168.10.115|-mobile-|13338550457|-type-|1|||
2017-01-05 14:43:01|-$cParam-|Array
(
    [mobile] => 13338550457
    [ip] => 192.168.10.115
)
|-cRs-|Array
(
    [flag] => 10000
    [msg] => 该手机未注册
    [info] => 
)

2017-01-05 14:43:01|-aParam-|Array
(
    [mobile] => 13338550457
    [code] => 093663
    [tmpMobileID] => 51
    [IP] => 192.168.10.115
    [sType] => 1
    [sign] => bj_reg_check
)
|-svcRs-|Array
(
    [flag] => 50005
    [msg] => 短信服务器连接失败！
)

2017-01-05 14:43:28|-ip-|192.168.10.115|-mobile-|13338550457|-type-|1|||
2017-01-05 14:43:28|-$cParam-|Array
(
    [mobile] => 13338550457
    [ip] => 192.168.10.115
)
|-cRs-|Array
(
    [flag] => 10000
    [msg] => 该手机未注册
    [info] => 
)

2017-01-05 14:43:28|-aParam-|Array
(
    [mobile] => 13338550457
    [code] => 475849
    [tmpMobileID] => 51
    [IP] => 192.168.10.115
    [sType] => 1
    [sign] => bj_reg_check
)
|-svcRs-|Array
(
    [flag] => 50005
    [msg] => 短信服务器连接失败！
)

2017-01-05 14:43:47|-ip-|192.168.10.115|-mobile-|13338550457|-type-|1|||
2017-01-05 14:43:48|-$cParam-|Array
(
    [mobile] => 13338550457
    [ip] => 192.168.10.115
)
|-cRs-|Array
(
    [flag] => 10000
    [msg] => 该手机未注册
    [info] => 
)

2017-01-05 14:43:48|-aParam-|Array
(
    [mobile] => 13338550457
    [code] => 890420
    [tmpMobileID] => 51
    [IP] => 192.168.10.115
    [sType] => 1
    [sign] => bj_reg_check
)
|-svcRs-|Array
(
    [flag] => 50005
    [msg] => 短信服务器连接失败！
)

2017-01-05 14:44:28|-ip-|192.168.10.115|-mobile-|13338550457|-type-|1|||
2017-01-05 14:44:28|-$cParam-|Array
(
    [mobile] => 13338550457
    [ip] => 192.168.10.115
)
|-cRs-|Array
(
    [flag] => 10000
    [msg] => 该手机未注册
    [info] => 
)

2017-01-05 14:44:28|-aParam-|Array
(
    [mobile] => 13338550457
    [code] => 018237
    [tmpMobileID] => 51
    [IP] => 192.168.10.115
    [sType] => 1
    [sign] => bj_reg_check
)
|-svcRs-|Array
(
    [flag] => 50005
    [msg] => 短信服务器连接失败！
)

2017-01-05 14:45:01|-ip-|192.168.10.115|-mobile-|13338550457|-type-|1|||
2017-01-05 14:45:01|-$cParam-|Array
(
    [mobile] => 13338550457
    [ip] => 192.168.10.115
)
|-cRs-|Array
(
    [flag] => 10000
    [msg] => 该手机未注册
    [info] => 
)

2017-01-05 14:45:01|-aParam-|Array
(
    [mobile] => 13338550457
    [code] => 722281
    [tmpMobileID] => 51
    [IP] => 192.168.10.115
    [sType] => 1
    [sign] => bj_reg_check
)
|-svcRs-|Array
(
    [flag] => 50005
    [msg] => 短信服务器连接失败！
)

2017-01-05 14:45:35|-ip-|192.168.10.115|-mobile-|13338550457|-type-|1|||
2017-01-05 14:45:35|-$cParam-|Array
(
    [mobile] => 13338550457
    [ip] => 192.168.10.115
)
|-cRs-|Array
(
    [flag] => 10000
    [msg] => 该手机未注册
    [info] => 
)

2017-01-05 14:45:35|-aParam-|Array
(
    [mobile] => 13338550457
    [code] => 863075
    [tmpMobileID] => 51
    [IP] => 192.168.10.115
    [sType] => 1
    [sign] => bj_reg_check
)
|-svcRs-|Array
(
    [flag] => 50005
    [msg] => 短信服务器连接失败！
)

2017-01-05 14:46:23|-ip-|192.168.10.115|-mobile-|13338550457|-type-|1|||
2017-01-05 14:46:23|-$cParam-|Array
(
    [mobile] => 13338550457
    [ip] => 192.168.10.115
)
|-cRs-|Array
(
    [flag] => 10000
    [msg] => 该手机未注册
    [info] => 
)

2017-01-05 14:46:23|-aParam-|Array
(
    [mobile] => 13338550457
    [code] => 183310
    [tmpMobileID] => 51
    [IP] => 192.168.10.115
    [sType] => 1
    [sign] => bj_reg_check
)
|-svcRs-|Array
(
    [flag] => 50006
    [msg] => 短信服务器连接失败！
)

2017-01-05 14:49:12|-ip-|192.168.10.89|-mobile-|13338550457|-type-|1|||
2017-01-05 14:49:12|-$cParam-|Array
(
    [mobile] => 13338550457
    [ip] => 192.168.10.89
)
|-cRs-|Array
(
    [flag] => 10000
    [msg] => 该手机未注册
    [info] => 
)

2017-01-05 14:49:12|-aParam-|Array
(
    [mobile] => 13338550457
    [code] => 716810
    [tmpMobileID] => 51
    [IP] => 192.168.10.89
    [sType] => 1
    [sign] => bj_reg_check
)
|-svcRs-|Array
(
    [flag] => 50006
    [msg] => 短信服务器连接失败！
)

2017-01-05 14:50:44|-ip-|192.168.10.89|-mobile-|13338550457|-type-|1|||
2017-01-05 14:50:44|-$cParam-|Array
(
    [mobile] => 13338550457
    [ip] => 192.168.10.89
)
|-cRs-|Array
(
    [flag] => 10000
    [msg] => 该手机未注册
    [info] => 
)

2017-01-05 14:50:44|-aParam-|Array
(
    [mobile] => 13338550457
    [code] => 903350
    [tmpMobileID] => 51
    [IP] => 192.168.10.89
    [sType] => 1
    [sign] => bj_reg_check
)
|-svcRs-|Array
(
    [flag] => 50006
    [msg] => 短信服务器连接失败！
)

2017-01-05 14:51:12|-ip-|192.168.10.89|-mobile-|13338550457|-type-|1|||
2017-01-05 14:51:12|-$cParam-|Array
(
    [mobile] => 13338550457
    [ip] => 192.168.10.89
)
|-cRs-|Array
(
    [flag] => 10000
    [msg] => 该手机未注册
    [info] => 
)

2017-01-05 14:51:12|-aParam-|Array
(
    [mobile] => 13338550457
    [code] => 727073
    [tmpMobileID] => 51
    [IP] => 192.168.10.89
    [sType] => 1
    [sign] => bj_reg_check
)
|-svcRs-|Array
(
    [flag] => 50006
    [msg] => 短信服务器连接失败！
)

2017-01-05 14:52:18|-ip-|192.168.10.89|-mobile-|13338550457|-type-|1|||
2017-01-05 14:52:18|-$cParam-|Array
(
    [mobile] => 13338550457
    [ip] => 192.168.10.89
)
|-cRs-|Array
(
    [flag] => 10000
    [msg] => 该手机未注册
    [info] => 
)

2017-01-05 14:52:18|-aParam-|Array
(
    [mobile] => 13338550457
    [code] => 371191
    [tmpMobileID] => 51
    [IP] => 192.168.10.89
    [sType] => 1
    [sign] => bj_reg_check
)
|-svcRs-|Array
(
    [flag] => 50006
    [msg] => 短信服务器连接失败001！
)

2017-01-05 14:53:19|-ip-|192.168.10.115|-mobile-|13338550457|-type-|1|||
2017-01-05 14:53:19|-$cParam-|Array
(
    [mobile] => 13338550457
    [ip] => 192.168.10.115
)
|-cRs-|Array
(
    [flag] => 10000
    [msg] => 该手机未注册
    [info] => 
)

2017-01-05 14:53:19|-aParam-|Array
(
    [mobile] => 13338550457
    [code] => 169890
    [tmpMobileID] => 51
    [IP] => 192.168.10.115
    [sType] => 1
    [sign] => bj_reg_check
)
|-svcRs-|Array
(
    [flag] => 50006
    [msg] => 短信服务器连接失败001！
)

2017-01-05 14:55:21|-ip-|192.168.10.115|-mobile-|13338550457|-type-|1|||
2017-01-05 14:55:21|-$cParam-|Array
(
    [mobile] => 13338550457
    [ip] => 192.168.10.115
)
|-cRs-|Array
(
    [flag] => 10000
    [msg] => 该手机未注册
    [info] => 
)

2017-01-05 14:55:21|-aParam-|Array
(
    [mobile] => 13338550457
    [code] => 523212
    [tmpMobileID] => 51
    [IP] => 192.168.10.115
    [sType] => 1
    [sign] => bj_reg_check
)
|-svcRs-|Array
(
    [flag] => 50006
    [msg] => 短信服务器连接失败001！
)

2017-01-05 15:23:19|-ip-|192.168.10.115|-mobile-|13338550457|-type-|1|||
2017-01-05 15:23:19|-$cParam-|Array
(
    [mobile] => 13338550457
    [ip] => 192.168.10.115
)
|-cRs-|Array
(
    [flag] => 10000
    [msg] => 该手机未注册
    [info] => 
)

2017-01-05 15:23:20|-aParam-|Array
(
    [mobile] => 13338550457
    [code] => 926458
    [tmpMobileID] => 51
    [IP] => 192.168.10.115
    [sType] => 1
    [sign] => bj_reg_check
)
|-svcRs-|Array
(
    [flag] => 10000
    [msg] => 短信发送成功，请注意查收！
    [info] => Array
        (
            [userID] => TMP51
            [mobile] => 13338550457
            [tid] => 1483601000
        )

)

2017-01-05 15:53:00|-ip-|192.168.10.115|-mobile-|13599951535|-type-|1|||
2017-01-05 15:53:00|-$cParam-|Array
(
    [mobile] => 13599951535
    [ip] => 192.168.10.115
)
|-cRs-|Array
(
    [flag] => 10010
    [msg] => 该手机号码已注册
    [info] => 69
)

2017-01-05 15:53:29|-ip-|192.168.10.115|-mobile-|18650517649|-type-|1|||
2017-01-05 15:53:29|-$cParam-|Array
(
    [mobile] => 18650517649
    [ip] => 192.168.10.115
)
|-cRs-|Array
(
    [flag] => 10000
    [msg] => 该手机未注册
    [info] => 
)

2017-01-05 15:53:29|-aParam-|Array
(
    [mobile] => 18650517649
    [code] => 950467
    [tmpMobileID] => 52
    [IP] => 192.168.10.115
    [sType] => 1
    [sign] => bj_reg_check
)
|-svcRs-|Array
(
    [flag] => 10000
    [msg] => 短信发送成功，请注意查收！
    [info] => Array
        (
            [userID] => TMP52
            [mobile] => 18650517649
            [tid] => 1483602809
        )

)

2017-01-05 16:09:06|-ip-|192.168.10.89|-mobile-|13338550457|-type-|1|||
2017-01-05 16:09:06|-$cParam-|Array
(
    [mobile] => 13338550457
    [ip] => 192.168.10.89
)
|-cRs-|Array
(
    [flag] => 10000
    [msg] => 该手机未注册
    [info] => 
)

2017-01-05 16:09:06|-aParam-|Array
(
    [mobile] => 13338550457
    [code] => 385804
    [tmpMobileID] => 51
    [IP] => 192.168.10.89
    [sType] => 1
    [sign] => bj_reg_check
)
|-svcRs-|Array
(
    [flag] => 10000
    [msg] => 短信发送成功，请注意查收！
    [info] => Array
        (
            [userID] => TMP51
            [mobile] => 13338550457
            [tid] => 1483603746
        )

)

2017-01-05 16:30:37|-ip-|192.168.10.89|-mobile-|13338550457|-type-|1|||
2017-01-05 16:30:37|-$cParam-|Array
(
    [mobile] => 13338550457
    [ip] => 192.168.10.89
)
|-cRs-|Array
(
    [flag] => 10000
    [msg] => 该手机未注册
    [info] => 
)

2017-01-05 16:30:37|-aParam-|Array
(
    [mobile] => 13338550457
    [code] => 777032
    [tmpMobileID] => 51
    [IP] => 192.168.10.89
    [sType] => 1
    [sign] => bj_reg_check
)
|-svcRs-|Array
(
    [flag] => 10000
    [msg] => 短信发送成功，请注意查收！
    [info] => Array
        (
            [userID] => TMP51
            [mobile] => 13338550457
            [tid] => 1483605037
        )

)

