2017-01-12 10:50:43|-ip-|192.168.10.85|-mobile-|18065043496|-type-|1|||
2017-01-12 10:50:43|-$cParam-|Array
(
    [mobile] => 18065043496
    [ip] => 192.168.10.85
)
|-cRs-|Array
(
    [flag] => 10010
    [msg] => 该手机号码已注册
    [info] => 21
)

2017-01-12 10:52:34|-ip-|192.168.10.85|-mobile-|13599055535|-type-|1|||
2017-01-12 10:52:34|-$cParam-|Array
(
    [mobile] => 13599055535
    [ip] => 192.168.10.85
)
|-cRs-|Array
(
    [flag] => 10000
    [msg] => 该手机未注册
    [info] => 
)

2017-01-12 10:53:02|-ip-|192.168.10.85|-mobile-|13599055535|-type-|1|||
2017-01-12 10:53:02|-$cParam-|Array
(
    [mobile] => 13599055535
    [ip] => 192.168.10.85
)
|-cRs-|Array
(
    [flag] => 10000
    [msg] => 该手机未注册
    [info] => 
)

2017-01-12 10:55:56|-ip-|192.168.10.85|-mobile-|13599055535|-type-|1|||
2017-01-12 10:55:56|-$cParam-|Array
(
    [mobile] => 13599055535
    [ip] => 192.168.10.85
)
|-cRs-|Array
(
    [flag] => 10000
    [msg] => 该手机未注册
    [info] => 
)

