2017-02-16 10:09:05|-ip-|10.100.0.18|-mobile-|15927191870|-type-|1|||
2017-02-16 10:09:05|-$cParam-|Array
(
    [mobile] => 15927191870
    [ip] => 10.100.0.18
)
|-cRs-|Array
(
    [flag] => 10010
    [msg] => 该手机号码已注册
    [info] => 224
)

2017-02-16 10:09:26|-ip-|10.100.0.18|-mobile-|15927191870|-type-|1|||
2017-02-16 10:09:26|-$cParam-|Array
(
    [mobile] => 15927191870
    [ip] => 10.100.0.18
)
|-cRs-|Array
(
    [flag] => 10010
    [msg] => 该手机号码已注册
    [info] => 224
)

2017-02-16 10:10:05|-ip-|10.100.0.18|-mobile-|15927191870|-type-|2|||
2017-02-16 10:10:05|-$cParam-|Array
(
    [mobile] => 15927191870
    [ip] => 10.100.0.18
)
|-cRs-|Array
(
    [flag] => 10010
    [msg] => 该手机号码已注册
    [info] => 224
)

2017-02-16 11:18:02|-ip-|192.168.15.235|-mobile-|18065043496|-type-|2|||
2017-02-16 11:18:02|-$cParam-|Array
(
    [mobile] => 18065043496
    [ip] => 192.168.15.235
)
|-cRs-|Array
(
    [flag] => 10010
    [msg] => 该手机号码已注册
    [info] => 169
)

2017-02-16 11:20:35|-ip-|192.168.15.235|-mobile-|18065043496|-type-|2|||
2017-02-16 11:20:35|-$cParam-|Array
(
    [mobile] => 18065043496
    [ip] => 192.168.15.235
)
|-cRs-|Array
(
    [flag] => 10010
    [msg] => 该手机号码已注册
    [info] => 169
)

2017-02-16 11:20:55|-ip-|192.168.15.235|-mobile-|18065043496|-type-|2|||
2017-02-16 11:20:55|-$cParam-|Array
(
    [mobile] => 18065043496
    [ip] => 192.168.15.235
)
|-cRs-|Array
(
    [flag] => 10010
    [msg] => 该手机号码已注册
    [info] => 169
)

2017-02-16 11:21:39|-ip-|192.168.15.235|-mobile-|18065043496|-type-|2|||
2017-02-16 11:21:39|-$cParam-|Array
(
    [mobile] => 18065043496
    [ip] => 192.168.15.235
)
|-cRs-|Array
(
    [flag] => 10010
    [msg] => 该手机号码已注册
    [info] => 169
)

2017-02-16 11:22:16|-ip-|192.168.15.235|-mobile-|18065043496|-type-|2|||
2017-02-16 11:22:16|-$cParam-|Array
(
    [mobile] => 18065043496
    [ip] => 192.168.15.235
)
|-cRs-|Array
(
    [flag] => 10010
    [msg] => 该手机号码已注册
    [info] => 169
)

2017-02-16 11:23:40|-ip-|192.168.15.235|-mobile-|18065043496|-type-|2|||
2017-02-16 11:23:40|-$cParam-|Array
(
    [mobile] => 18065043496
    [ip] => 192.168.15.235
)
|-cRs-|Array
(
    [flag] => 10010
    [msg] => 该手机号码已注册
    [info] => 169
)

2017-02-16 11:23:58|-ip-|192.168.15.235|-mobile-|18065043496|-type-|2|||
2017-02-16 11:23:58|-$cParam-|Array
(
    [mobile] => 18065043496
    [ip] => 192.168.15.235
)
|-cRs-|Array
(
    [flag] => 10010
    [msg] => 该手机号码已注册
    [info] => 169
)

2017-02-16 11:24:21|-ip-|192.168.15.235|-mobile-|18065043496|-type-|2|||
2017-02-16 11:24:21|-$cParam-|Array
(
    [mobile] => 18065043496
    [ip] => 192.168.15.235
)
|-cRs-|Array
(
    [flag] => 10010
    [msg] => 该手机号码已注册
    [info] => 169
)

2017-02-16 11:26:56|-ip-|192.168.15.235|-mobile-|18065043496|-type-|2|||
2017-02-16 11:26:56|-$cParam-|Array
(
    [mobile] => 18065043496
    [ip] => 192.168.15.235
)
|-cRs-|Array
(
    [flag] => 10010
    [msg] => 该手机号码已注册
    [info] => 169
)

2017-02-16 11:28:22|-ip-|192.168.15.235|-mobile-|18065043496|-type-|2|||
2017-02-16 11:28:22|-$cParam-|Array
(
    [mobile] => 18065043496
    [ip] => 192.168.15.235
)
|-cRs-|Array
(
    [flag] => 10010
    [msg] => 该手机号码已注册
    [info] => 169
)

2017-02-16 11:33:21|-ip-|192.168.15.235|-mobile-|18065043496|-type-|2|||
2017-02-16 11:33:21|-$cParam-|Array
(
    [mobile] => 18065043496
    [ip] => 192.168.15.235
)
|-cRs-|Array
(
    [flag] => 10010
    [msg] => 该手机号码已注册
    [info] => 169
)

2017-02-16 11:37:01|-ip-|192.168.15.235|-mobile-|18065043496|-type-|2|||
2017-02-16 11:37:01|-$cParam-|Array
(
    [mobile] => 18065043496
    [ip] => 192.168.15.235
)
|-cRs-|Array
(
    [flag] => 10010
    [msg] => 该手机号码已注册
    [info] => 169
)

2017-02-16 11:42:59|-ip-|192.168.15.235|-mobile-|18065043496|-type-|2|||
2017-02-16 11:42:59|-$cParam-|Array
(
    [mobile] => 18065043496
    [ip] => 192.168.15.235
)
|-cRs-|Array
(
    [flag] => 10010
    [msg] => 该手机号码已注册
    [info] => 169
)

2017-02-16 11:47:17|-ip-|192.168.15.235|-mobile-|18065043496|-type-|2|||
2017-02-16 11:47:17|-$cParam-|Array
(
    [mobile] => 18065043496
    [ip] => 192.168.15.235
)
|-cRs-|Array
(
    [flag] => 10010
    [msg] => 该手机号码已注册
    [info] => 169
)

2017-02-16 11:53:13|-ip-|192.168.15.235|-mobile-|18065043496|-type-|2|||
2017-02-16 11:53:13|-$cParam-|Array
(
    [mobile] => 18065043496
    [ip] => 192.168.15.235
)
|-cRs-|Array
(
    [flag] => 10010
    [msg] => 该手机号码已注册
    [info] => 169
)

2017-02-16 12:29:59|-ip-|192.168.15.235|-mobile-|18065043496|-type-|2|||
2017-02-16 12:29:59|-$cParam-|Array
(
    [mobile] => 18065043496
    [ip] => 192.168.15.235
)
|-cRs-|Array
(
    [flag] => 10010
    [msg] => 该手机号码已注册
    [info] => 169
)

2017-02-16 12:36:40|-ip-|192.168.15.235|-mobile-|18065043496|-type-|2|||
2017-02-16 12:36:40|-$cParam-|Array
(
    [mobile] => 18065043496
    [ip] => 192.168.15.235
)
|-cRs-|Array
(
    [flag] => 10010
    [msg] => 该手机号码已注册
    [info] => 169
)

2017-02-16 12:38:14|-ip-|192.168.15.235|-mobile-|18065043496|-type-|2|||
2017-02-16 12:38:14|-$cParam-|Array
(
    [mobile] => 18065043496
    [ip] => 192.168.15.235
)
|-cRs-|Array
(
    [flag] => 10010
    [msg] => 该手机号码已注册
    [info] => 169
)

2017-02-16 12:45:09|-ip-|192.168.15.235|-mobile-|18065043496|-type-|2|||
2017-02-16 12:45:09|-$cParam-|Array
(
    [mobile] => 18065043496
    [ip] => 192.168.15.235
)
|-cRs-|Array
(
    [flag] => 10010
    [msg] => 该手机号码已注册
    [info] => 169
)

2017-02-16 12:46:41|-ip-|192.168.15.235|-mobile-|18065043496|-type-|2|||
2017-02-16 12:46:41|-$cParam-|Array
(
    [mobile] => 18065043496
    [ip] => 192.168.15.235
)
|-cRs-|Array
(
    [flag] => 10010
    [msg] => 该手机号码已注册
    [info] => 169
)

2017-02-16 12:49:10|-ip-|192.168.15.235|-mobile-|18065043496|-type-|2|||
2017-02-16 12:49:10|-$cParam-|Array
(
    [mobile] => 18065043496
    [ip] => 192.168.15.235
)
|-cRs-|Array
(
    [flag] => 10010
    [msg] => 该手机号码已注册
    [info] => 169
)

2017-02-16 12:54:02|-ip-|192.168.15.235|-mobile-|18065043496|-type-|2|||
2017-02-16 12:54:02|-$cParam-|Array
(
    [mobile] => 18065043496
    [ip] => 192.168.15.235
)
|-cRs-|Array
(
    [flag] => 10010
    [msg] => 该手机号码已注册
    [info] => 169
)

2017-02-16 12:55:13|-ip-|192.168.15.235|-mobile-|18065043496|-type-|2|||
2017-02-16 12:55:13|-$cParam-|Array
(
    [mobile] => 18065043496
    [ip] => 192.168.15.235
)
|-cRs-|Array
(
    [flag] => 10010
    [msg] => 该手机号码已注册
    [info] => 169
)

2017-02-16 13:15:18|-ip-|192.168.15.235|-mobile-|18065043496|-type-|2|||
2017-02-16 13:15:18|-$cParam-|Array
(
    [mobile] => 18065043496
    [ip] => 192.168.15.235
)
|-cRs-|Array
(
    [flag] => 10010
    [msg] => 该手机号码已注册
    [info] => 169
)

2017-02-16 13:15:55|-ip-|192.168.15.235|-mobile-|18065043496|-type-|2|||
2017-02-16 13:15:55|-$cParam-|Array
(
    [mobile] => 18065043496
    [ip] => 192.168.15.235
)
|-cRs-|Array
(
    [flag] => 10010
    [msg] => 该手机号码已注册
    [info] => 169
)

2017-02-16 13:51:46|-ip-|27.17.217.95|-mobile-|18671517368|-type-|1|||
2017-02-16 13:51:46|-$cParam-|Array
(
    [mobile] => 18671517368
    [ip] => 27.17.217.95
)
|-cRs-|Array
(
    [flag] => 10000
    [msg] => 该手机未注册
    [info] => 
)

2017-02-16 13:51:46|-aParam-|Array
(
    [mobile] => 18671517368
    [code] => 652217
    [tmpMobileID] => 91
    [IP] => 27.17.217.95
    [sType] => 1
    [sign] => bj_reg_check
)
|-svcRs-|Array
(
    [flag] => 10000
    [msg] => 短信发送成功，请注意查收！
    [info] => Array
        (
            [userID] => TMP91
            [mobile] => 18671517368
            [tid] => 1487224306
        )

)

