2017-02-13 09:59:19|-ip-|192.168.15.235|-mobile-|15972158074|-type-|2|||
2017-02-13 09:59:19|-$cParam-|Array
(
    [mobile] => 15972158074
    [ip] => 192.168.15.235
)
|-cRs-|Array
(
    [flag] => 10010
    [msg] => 该手机号码已注册
    [info] => 196
)

2017-02-13 11:23:43|-ip-|10.100.0.18|-mobile-|15292719187|-type-|1|||
2017-02-13 11:23:43|-$cParam-|Array
(
    [mobile] => 15292719187
    [ip] => 10.100.0.18
)
|-cRs-|Array
(
    [flag] => 10000
    [msg] => 该手机未注册
    [info] => 
)

2017-02-13 11:23:43|-aParam-|Array
(
    [mobile] => 15292719187
    [code] => 298318
    [tmpMobileID] => 90
    [IP] => 10.100.0.18
    [sType] => 1
    [sign] => bj_reg_check
)
|-svcRs-|Array
(
    [flag] => 10000
    [msg] => 短信发送成功，请注意查收！
    [info] => Array
        (
            [userID] => TMP90
            [mobile] => 15292719187
            [tid] => 1486956223
        )

)

2017-02-13 11:26:31|-ip-|10.100.0.18|-mobile-|15927191870|-type-|1|||
2017-02-13 11:26:31|-$cParam-|Array
(
    [mobile] => 15927191870
    [ip] => 10.100.0.18
)
|-cRs-|Array
(
    [flag] => 10000
    [msg] => 该手机未注册
    [info] => 
)

2017-02-13 11:26:31|-aParam-|Array
(
    [mobile] => 15927191870
    [code] => 654726
    [tmpMobileID] => 91
    [IP] => 10.100.0.18
    [sType] => 1
    [sign] => bj_reg_check
)
|-svcRs-|Array
(
    [flag] => 10000
    [msg] => 短信发送成功，请注意查收！
    [info] => Array
        (
            [userID] => TMP91
            [mobile] => 15927191870
            [tid] => 1486956391
        )

)

2017-02-13 13:03:20|-ip-|10.100.0.18|-mobile-|15927191870|-type-|1|||
2017-02-13 13:03:20|-$cParam-|Array
(
    [mobile] => 15927191870
    [ip] => 10.100.0.18
)
|-cRs-|Array
(
    [flag] => 10010
    [msg] => 该手机号码已注册
    [info] => 224
)

2017-02-13 13:11:45|-ip-|10.100.0.18|-mobile-|15823379934|-type-|1|||
2017-02-13 13:11:45|-$cParam-|Array
(
    [mobile] => 15823379934
    [ip] => 10.100.0.18
)
|-cRs-|Array
(
    [flag] => 10000
    [msg] => 该手机未注册
    [info] => 
)

2017-02-13 13:11:45|-aParam-|Array
(
    [mobile] => 15823379934
    [code] => 694784
    [tmpMobileID] => 92
    [IP] => 10.100.0.18
    [sType] => 1
    [sign] => bj_reg_check
)
|-svcRs-|Array
(
    [flag] => 10000
    [msg] => 短信发送成功，请注意查收！
    [info] => Array
        (
            [userID] => TMP92
            [mobile] => 15823379934
            [tid] => 1486962705
        )

)

2017-02-13 13:12:30|-ip-|10.100.0.18|-mobile-|15827379934|-type-|1|||
2017-02-13 13:12:30|-$cParam-|Array
(
    [mobile] => 15827379934
    [ip] => 10.100.0.18
)
|-cRs-|Array
(
    [flag] => 10000
    [msg] => 该手机未注册
    [info] => 
)

2017-02-13 13:12:30|-aParam-|Array
(
    [mobile] => 15827379934
    [code] => 110339
    [tmpMobileID] => 93
    [IP] => 10.100.0.18
    [sType] => 1
    [sign] => bj_reg_check
)
|-svcRs-|Array
(
    [flag] => 10000
    [msg] => 短信发送成功，请注意查收！
    [info] => Array
        (
            [userID] => TMP93
            [mobile] => 15827379934
            [tid] => 1486962750
        )

)

2017-02-13 13:15:35|-ip-|10.100.0.18|-mobile-|13971357321|-type-|1|||
2017-02-13 13:15:35|-$cParam-|Array
(
    [mobile] => 13971357321
    [ip] => 10.100.0.18
)
|-cRs-|Array
(
    [flag] => 10000
    [msg] => 该手机未注册
    [info] => 
)

2017-02-13 13:15:35|-aParam-|Array
(
    [mobile] => 13971357321
    [code] => 260128
    [tmpMobileID] => 94
    [IP] => 10.100.0.18
    [sType] => 1
    [sign] => bj_reg_check
)
|-svcRs-|Array
(
    [flag] => 10000
    [msg] => 短信发送成功，请注意查收！
    [info] => Array
        (
            [userID] => TMP94
            [mobile] => 13971357321
            [tid] => 1486962935
        )

)

2017-02-13 13:15:51|-ip-|10.100.0.18|-mobile-|15827379934|-type-|1|||
2017-02-13 13:15:51|-$cParam-|Array
(
    [mobile] => 15827379934
    [ip] => 10.100.0.18
)
|-cRs-|Array
(
    [flag] => 10000
    [msg] => 该手机未注册
    [info] => 
)

2017-02-13 13:15:51|-aParam-|Array
(
    [mobile] => 15827379934
    [code] => 816067
    [tmpMobileID] => 93
    [IP] => 10.100.0.18
    [sType] => 1
    [sign] => bj_reg_check
)
|-svcRs-|Array
(
    [flag] => 10000
    [msg] => 短信发送成功，请注意查收！
    [info] => Array
        (
            [userID] => TMP93
            [mobile] => 15827379934
            [tid] => 1486962951
        )

)

2017-02-13 13:19:40|-ip-|10.100.0.18|-mobile-|13971357321|-type-|1|||
2017-02-13 13:19:40|-$cParam-|Array
(
    [mobile] => 13971357321
    [ip] => 10.100.0.18
)
|-cRs-|Array
(
    [flag] => 10000
    [msg] => 该手机未注册
    [info] => 
)

2017-02-13 13:19:40|-aParam-|Array
(
    [mobile] => 13971357321
    [code] => 486159
    [tmpMobileID] => 94
    [IP] => 10.100.0.18
    [sType] => 1
    [sign] => bj_reg_check
)
|-svcRs-|Array
(
    [flag] => 10000
    [msg] => 短信发送成功，请注意查收！
    [info] => Array
        (
            [userID] => TMP94
            [mobile] => 13971357321
            [tid] => 1486963180
        )

)

2017-02-13 13:47:55|-ip-|10.100.0.18|-mobile-|15827379934|-type-|1|||
2017-02-13 13:47:55|-$cParam-|Array
(
    [mobile] => 15827379934
    [ip] => 10.100.0.18
)
|-cRs-|Array
(
    [flag] => 10000
    [msg] => 该手机未注册
    [info] => 
)

2017-02-13 13:47:55|-aParam-|Array
(
    [mobile] => 15827379934
    [code] => 363602
    [tmpMobileID] => 93
    [IP] => 10.100.0.18
    [sType] => 1
    [sign] => bj_reg_check
)
|-svcRs-|Array
(
    [flag] => 10000
    [msg] => 短信发送成功，请注意查收！
    [info] => Array
        (
            [userID] => TMP93
            [mobile] => 15827379934
            [tid] => 1486964875
        )

)

