2017-01-19 15:17:42|-ip-|192.168.10.85|-mobile-|18065043496|-type-|2|||
2017-01-19 15:17:42|-$cParam-|Array
(
    [mobile] => 18065043496
    [ip] => 192.168.10.85
)
|-cRs-|Array
(
    [flag] => 10010
    [msg] => 该手机号码已注册
    [info] => 21
)

2017-01-19 15:24:57|-ip-|192.168.10.85|-mobile-|18065043496|-type-|2|||
2017-01-19 15:24:57|-$cParam-|Array
(
    [mobile] => 18065043496
    [ip] => 192.168.10.85
)
|-cRs-|Array
(
    [flag] => 10010
    [msg] => 该手机号码已注册
    [info] => 21
)

2017-01-19 15:33:11|-ip-|192.168.10.85|-mobile-|18065043496|-type-|2|||
2017-01-19 15:33:11|-$cParam-|Array
(
    [mobile] => 18065043496
    [ip] => 192.168.10.85
)
|-cRs-|Array
(
    [flag] => 10010
    [msg] => 该手机号码已注册
    [info] => 21
)

2017-01-19 16:20:21|-ip-|192.168.10.85|-mobile-|18065043496|-type-|2|||
2017-01-19 16:20:21|-$cParam-|Array
(
    [mobile] => 18065043496
    [ip] => 192.168.10.85
)
|-cRs-|Array
(
    [flag] => 10010
    [msg] => 该手机号码已注册
    [info] => 21
)

2017-01-19 16:25:30|-ip-|192.168.10.85|-mobile-|18065043496|-type-|2|||
2017-01-19 16:25:30|-$cParam-|Array
(
    [mobile] => 18065043496
    [ip] => 192.168.10.85
)
|-cRs-|Array
(
    [flag] => 10010
    [msg] => 该手机号码已注册
    [info] => 21
)

