2017-02-06 09:24:44|-ip-|192.168.15.235|-mobile-|15972158074|-type-|1|||
2017-02-06 09:24:44|-$cParam-|Array
(
    [mobile] => 15972158074
    [ip] => 192.168.15.235
)
|-cRs-|Array
(
    [flag] => 10000
    [msg] => 该手机未注册
    [info] => 
)

2017-02-06 09:24:44|-aParam-|Array
(
    [mobile] => 15972158074
    [code] => 902253
    [tmpMobileID] => 69
    [IP] => 192.168.15.235
    [sType] => 1
    [sign] => bj_reg_check
)
|-svcRs-|Array
(
    [flag] => 10000
    [msg] => 短信发送成功，请注意查收！
    [info] => Array
        (
            [userID] => TMP69
            [mobile] => 15972158074
            [tid] => 1486344284
        )

)

2017-02-06 09:52:39|-ip-|192.168.10.115|-mobile-|13599951535|-type-|1|||
2017-02-06 09:52:39|-$cParam-|Array
(
    [mobile] => 13599951535
    [ip] => 192.168.10.115
)
|-cRs-|Array
(
    [flag] => 10010
    [msg] => 该手机号码已注册
    [info] => 183
)

2017-02-06 09:53:30|-ip-|192.168.10.115|-mobile-|13599951535|-type-|1|||
2017-02-06 09:53:30|-$cParam-|Array
(
    [mobile] => 13599951535
    [ip] => 192.168.10.115
)
|-cRs-|Array
(
    [flag] => 10000
    [msg] => 该手机未注册
    [info] => 
)

2017-02-06 09:53:30|-aParam-|Array
(
    [mobile] => 13599951535
    [code] => 129673
    [tmpMobileID] => 70
    [IP] => 192.168.10.115
    [sType] => 1
    [sign] => bj_reg_check
)
|-svcRs-|Array
(
    [flag] => 10000
    [msg] => 短信发送成功，请注意查收！
    [info] => Array
        (
            [userID] => TMP70
            [mobile] => 13599951535
            [tid] => 1486346010
        )

)

2017-02-06 09:58:44|-ip-|192.168.15.235|-mobile-|13037100638|-type-|1|||
2017-02-06 09:58:44|-$cParam-|Array
(
    [mobile] => 13037100638
    [ip] => 192.168.15.235
)
|-cRs-|Array
(
    [flag] => 10010
    [msg] => 该手机号码已注册
    [info] => 180
)

2017-02-06 10:09:22|-ip-|192.168.10.115|-mobile-|13599951535|-type-|1|||
2017-02-06 10:09:22|-$cParam-|Array
(
    [mobile] => 13599951535
    [ip] => 192.168.10.115
)
|-cRs-|Array
(
    [flag] => 10000
    [msg] => 该手机未注册
    [info] => 
)

2017-02-06 10:09:22|-aParam-|Array
(
    [mobile] => 13599951535
    [code] => 030567
    [tmpMobileID] => 71
    [IP] => 192.168.10.115
    [sType] => 1
    [sign] => bj_reg_check
)
|-svcRs-|Array
(
    [flag] => 10000
    [msg] => 短信发送成功，请注意查收！
    [info] => Array
        (
            [userID] => TMP71
            [mobile] => 13599951535
            [tid] => 1486346962
        )

)

2017-02-06 10:15:14|-ip-|192.168.10.115|-mobile-|13599951535|-type-|1|||
2017-02-06 10:15:14|-$cParam-|Array
(
    [mobile] => 13599951535
    [ip] => 192.168.10.115
)
|-cRs-|Array
(
    [flag] => 10000
    [msg] => 该手机未注册
    [info] => 
)

2017-02-06 10:15:14|-aParam-|Array
(
    [mobile] => 13599951535
    [code] => 397843
    [tmpMobileID] => 72
    [IP] => 192.168.10.115
    [sType] => 1
    [sign] => bj_reg_check
)
|-svcRs-|Array
(
    [flag] => 10000
    [msg] => 短信发送成功，请注意查收！
    [info] => Array
        (
            [userID] => TMP72
            [mobile] => 13599951535
            [tid] => 1486347314
        )

)

2017-02-06 10:19:27|-ip-|192.168.10.115|-mobile-|13599951535|-type-|1|||
2017-02-06 10:19:27|-$cParam-|Array
(
    [mobile] => 13599951535
    [ip] => 192.168.10.115
)
|-cRs-|Array
(
    [flag] => 10000
    [msg] => 该手机未注册
    [info] => 
)

2017-02-06 10:19:27|-aParam-|Array
(
    [mobile] => 13599951535
    [code] => 085841
    [tmpMobileID] => 73
    [IP] => 192.168.10.115
    [sType] => 1
    [sign] => bj_reg_check
)
|-svcRs-|Array
(
    [flag] => 10000
    [msg] => 短信发送成功，请注意查收！
    [info] => Array
        (
            [userID] => TMP73
            [mobile] => 13599951535
            [tid] => 1486347567
        )

)

2017-02-06 10:22:06|-ip-|192.168.15.235|-mobile-|15972158074|-type-|2|||
2017-02-06 10:22:06|-$cParam-|Array
(
    [mobile] => 15972158074
    [ip] => 192.168.15.235
)
|-cRs-|Array
(
    [flag] => 10010
    [msg] => 该手机号码已注册
    [info] => 196
)

2017-02-06 10:23:27|-ip-|192.168.10.115|-mobile-|13599951535|-type-|1|||
2017-02-06 10:23:27|-$cParam-|Array
(
    [mobile] => 13599951535
    [ip] => 192.168.10.115
)
|-cRs-|Array
(
    [flag] => 10010
    [msg] => 该手机号码已注册
    [info] => 201
)

2017-02-06 10:23:51|-ip-|192.168.10.115|-mobile-|13599951535|-type-|1|||
2017-02-06 10:23:51|-$cParam-|Array
(
    [mobile] => 13599951535
    [ip] => 192.168.10.115
)
|-cRs-|Array
(
    [flag] => 10000
    [msg] => 该手机未注册
    [info] => 
)

2017-02-06 10:23:51|-aParam-|Array
(
    [mobile] => 13599951535
    [code] => 696303
    [tmpMobileID] => 74
    [IP] => 192.168.10.115
    [sType] => 1
    [sign] => bj_reg_check
)
|-svcRs-|Array
(
    [flag] => 10000
    [msg] => 短信发送成功，请注意查收！
    [info] => Array
        (
            [userID] => TMP74
            [mobile] => 13599951535
            [tid] => 1486347831
        )

)

2017-02-06 10:29:22|-ip-|192.168.10.115|-mobile-|13599951535|-type-|1|||
2017-02-06 10:29:22|-$cParam-|Array
(
    [mobile] => 13599951535
    [ip] => 192.168.10.115
)
|-cRs-|Array
(
    [flag] => 10000
    [msg] => 该手机未注册
    [info] => 
)

2017-02-06 10:29:22|-aParam-|Array
(
    [mobile] => 13599951535
    [code] => 606142
    [tmpMobileID] => 75
    [IP] => 192.168.10.115
    [sType] => 1
    [sign] => bj_reg_check
)
|-svcRs-|Array
(
    [flag] => 10000
    [msg] => 短信发送成功，请注意查收！
    [info] => Array
        (
            [userID] => TMP75
            [mobile] => 13599951535
            [tid] => 1486348162
        )

)

2017-02-06 10:35:43|-ip-|192.168.15.235|-mobile-|13037100638|-type-|1|||
2017-02-06 10:35:43|-$cParam-|Array
(
    [mobile] => 13037100638
    [ip] => 192.168.15.235
)
|-cRs-|Array
(
    [flag] => 10010
    [msg] => 该手机号码已注册
    [info] => 180
)

2017-02-06 10:39:05|-ip-|192.168.15.235|-mobile-|13037100638|-type-|1|||
2017-02-06 10:39:05|-$cParam-|Array
(
    [mobile] => 13037100638
    [ip] => 192.168.15.235
)
|-cRs-|Array
(
    [flag] => 10000
    [msg] => 该手机未注册
    [info] => 
)

2017-02-06 10:39:05|-aParam-|Array
(
    [mobile] => 13037100638
    [code] => 520144
    [tmpMobileID] => 76
    [IP] => 192.168.15.235
    [sType] => 1
    [sign] => bj_reg_check
)
|-svcRs-|Array
(
    [flag] => 10000
    [msg] => 短信发送成功，请注意查收！
    [info] => Array
        (
            [userID] => TMP76
            [mobile] => 13037100638
            [tid] => 1486348745
        )

)

2017-02-06 11:06:36|-ip-|192.168.10.39|-mobile-|15205006442|-type-|1|||
2017-02-06 11:06:36|-$cParam-|Array
(
    [mobile] => 15205006442
    [ip] => 192.168.10.39
)
|-cRs-|Array
(
    [flag] => 10010
    [msg] => 该手机号码已注册
    [info] => 182
)

2017-02-06 11:22:09|-ip-|192.168.10.39|-mobile-|15205006442|-type-|1|||
2017-02-06 11:22:09|-$cParam-|Array
(
    [mobile] => 15205006442
    [ip] => 192.168.10.39
)
|-cRs-|Array
(
    [flag] => 10000
    [msg] => 该手机未注册
    [info] => 
)

2017-02-06 11:22:09|-aParam-|Array
(
    [mobile] => 15205006442
    [code] => 969350
    [tmpMobileID] => 77
    [IP] => 192.168.10.39
    [sType] => 1
    [sign] => bj_reg_check
)
|-svcRs-|Array
(
    [flag] => 10000
    [msg] => 短信发送成功，请注意查收！
    [info] => Array
        (
            [userID] => TMP77
            [mobile] => 15205006442
            [tid] => 1486351329
        )

)

2017-02-06 11:25:57|-ip-|192.168.10.115|-mobile-|13599951535|-type-|1|||
2017-02-06 11:25:57|-$cParam-|Array
(
    [mobile] => 13599951535
    [ip] => 192.168.10.115
)
|-cRs-|Array
(
    [flag] => 10010
    [msg] => 该手机号码已注册
    [info] => 203
)

2017-02-06 11:27:23|-ip-|192.168.10.115|-mobile-|13599951535|-type-|1|||
2017-02-06 11:27:23|-$cParam-|Array
(
    [mobile] => 13599951535
    [ip] => 192.168.10.115
)
|-cRs-|Array
(
    [flag] => 10010
    [msg] => 该手机号码已注册
    [info] => 203
)

2017-02-06 11:28:20|-ip-|192.168.10.115|-mobile-|13599951535|-type-|1|||
2017-02-06 11:28:20|-$cParam-|Array
(
    [mobile] => 13599951535
    [ip] => 192.168.10.115
)
|-cRs-|Array
(
    [flag] => 10010
    [msg] => 该手机号码已注册
    [info] => 203
)

2017-02-06 11:29:33|-ip-|192.168.10.115|-mobile-|13599951535|-type-|1|||
2017-02-06 11:29:33|-$cParam-|Array
(
    [mobile] => 13599951535
    [ip] => 192.168.10.115
)
|-cRs-|Array
(
    [flag] => 10010
    [msg] => 该手机号码已注册
    [info] => 203
)

2017-02-06 11:30:04|-ip-|192.168.10.115|-mobile-|13599951535|-type-|1|||
2017-02-06 11:30:04|-$cParam-|Array
(
    [mobile] => 13599951535
    [ip] => 192.168.10.115
)
|-cRs-|Array
(
    [flag] => 10010
    [msg] => 该手机号码已注册
    [info] => 203
)

2017-02-06 11:30:56|-ip-|192.168.10.115|-mobile-|13599951535|-type-|1|||
2017-02-06 11:30:56|-$cParam-|Array
(
    [mobile] => 13599951535
    [ip] => 192.168.10.115
)
|-cRs-|Array
(
    [flag] => 10010
    [msg] => 该手机号码已注册
    [info] => 203
)

2017-02-06 11:33:37|-ip-|192.168.10.39|-mobile-|15205006442|-type-|1|||
2017-02-06 11:33:37|-$cParam-|Array
(
    [mobile] => 15205006442
    [ip] => 192.168.10.39
)
|-cRs-|Array
(
    [flag] => 10000
    [msg] => 该手机未注册
    [info] => 
)

2017-02-06 11:33:37|-aParam-|Array
(
    [mobile] => 15205006442
    [code] => 663271
    [tmpMobileID] => 77
    [IP] => 192.168.10.39
    [sType] => 1
    [sign] => bj_reg_check
)
|-svcRs-|Array
(
    [flag] => 10000
    [msg] => 短信发送成功，请注意查收！
    [info] => Array
        (
            [userID] => TMP77
            [mobile] => 15205006442
            [tid] => 1486352017
        )

)

2017-02-06 12:18:52|-ip-|192.168.10.39|-mobile-|15205006442|-type-|1|||
2017-02-06 12:18:52|-$cParam-|Array
(
    [mobile] => 15205006442
    [ip] => 192.168.10.39
)
|-cRs-|Array
(
    [flag] => 10000
    [msg] => 该手机未注册
    [info] => 
)

2017-02-06 12:18:52|-aParam-|Array
(
    [mobile] => 15205006442
    [code] => 479925
    [tmpMobileID] => 77
    [IP] => 192.168.10.39
    [sType] => 1
    [sign] => bj_reg_check
)
|-svcRs-|Array
(
    [flag] => 10000
    [msg] => 短信发送成功，请注意查收！
    [info] => Array
        (
            [userID] => TMP77
            [mobile] => 15205006442
            [tid] => 1486354732
        )

)

2017-02-06 13:01:10|-ip-|192.168.10.39|-mobile-|15205006442|-type-|2|||
2017-02-06 13:01:10|-$cParam-|Array
(
    [mobile] => 15205006442
    [ip] => 192.168.10.39
)
|-cRs-|Array
(
    [flag] => 10010
    [msg] => 该手机号码已注册
    [info] => 207
)

2017-02-06 13:54:21|-ip-|192.168.15.235|-mobile-|13037100638|-type-|1|||
2017-02-06 13:54:21|-$cParam-|Array
(
    [mobile] => 13037100638
    [ip] => 192.168.15.235
)
|-cRs-|Array
(
    [flag] => 10010
    [msg] => 该手机号码已注册
    [info] => 204
)

2017-02-06 14:35:10|-ip-|192.168.15.235|-mobile-|18065043496|-type-|2|||
2017-02-06 14:35:10|-$cParam-|Array
(
    [mobile] => 18065043496
    [ip] => 192.168.15.235
)
|-cRs-|Array
(
    [flag] => 10010
    [msg] => 该手机号码已注册
    [info] => 169
)

