2017-02-10 10:48:14|-ip-|10.100.0.18|-mobile-|18671517367|-type-|1|||
2017-02-10 10:48:14|-$cParam-|Array
(
    [mobile] => 18671517367
    [ip] => 10.100.0.18
)
|-cRs-|Array
(
    [flag] => 10000
    [msg] => 该手机未注册
    [info] => 
)

2017-02-10 10:48:15|-aParam-|Array
(
    [mobile] => 18671517367
    [code] => 486709
    [tmpMobileID] => 89
    [IP] => 10.100.0.18
    [sType] => 1
    [sign] => bj_reg_check
)
|-svcRs-|Array
(
    [flag] => 10000
    [msg] => 短信发送成功，请注意查收！
    [info] => Array
        (
            [userID] => TMP89
            [mobile] => 18671517367
            [tid] => 1486694895
        )

)

2017-02-10 22:09:27|-ip-|192.168.17.222|-mobile-|18065043496|-type-|2|||
2017-02-10 22:09:27|-$cParam-|Array
(
    [mobile] => 18065043496
    [ip] => 192.168.17.222
)
|-cRs-|Array
(
    [flag] => 10010
    [msg] => 该手机号码已注册
    [info] => 169
)

