[13:28:26][|-param-|Array
(
    [phoneArea] => 
    [mobile] => 13599951535
    [code] => 314582
    [tmpMobileID] => 0
    [IP] => 192.168.10.115
    [sType] => 0
    [lang] => 
    [sign] => hk_reg_check
)
]
[13:37:15][|-param-|Array
(
    [mobile] => 13599951535
    [code] => 375780
    [tmpMobileID] => 39
    [IP] => 192.168.10.115
    [sType] => 0
    [lang] => 
    [sign] => hk_reg_check
)
]
[14:12:13][|-param-|Array
(
    [mobile] => 13599951535
    [code] => 484969
    [tmpMobileID] => 39
    [IP] => 192.168.10.115
    [sType] => 0
    [lang] => 
    [sign] => hk_reg_check
)
]
[14:12:56][|-param-|Array
(
    [mobile] => 13599951535
    [code] => 158203
    [tmpMobileID] => 39
    [IP] => 192.168.10.115
    [sType] => 0
    [sign] => hk_reg_check
)
]
[14:14:45][|-param-|Array
(
    [mobile] => 13599951535
    [code] => 250180
    [tmpMobileID] => 39
    [IP] => 192.168.10.115
    [sType] => 0
    [sign] => hk_reg_check
)
]
[14:15:21][|-param-|Array
(
    [mobile] => 13599951535
    [code] => 831208
    [tmpMobileID] => 39
    [IP] => 192.168.10.115
    [sType] => 0
    [sign] => hk_reg_check
)
]
[14:15:21][|m_code_key|sendsmscachehk_reg_checktmp_3913599951535]
[14:19:08][|-param-|Array
(
    [mobile] => 13599951535
    [code] => 938796
    [tmpMobileID] => 39
    [IP] => 192.168.10.115
    [sType] => 0
    [sign] => hk_reg_check
)
]
[14:19:08][|m_code_key|sendsmscachehk_reg_checktmp_3913599951535]
[14:28:52][|-param-|Array
(
    [mobile] => 13599951535
    [code] => 444341
    [tmpMobileID] => 39
    [IP] => 192.168.10.115
    [sType] => 0
    [sign] => hk_reg_check
)
]
[14:28:52][|m_code_key|sendsmscachehk_reg_checktmp_3913599951535]
[14:32:01][|-param-|Array
(
    [mobile] => 13599951535
    [code] => 863451
    [tmpMobileID] => 39
    [IP] => 192.168.10.115
    [sType] => 0
    [sign] => hk_reg_check
)
]
[14:32:01][|m_code_key|sendsmscachehk_reg_checktmp_3913599951535]
[14:32:41][|-param-|Array
(
    [mobile] => 13599951535
    [code] => 930893
    [tmpMobileID] => 39
    [IP] => 192.168.10.115
    [sType] => 0
    [sign] => hk_reg_check
)
]
[14:32:41][|m_code_key|sendsmscachehk_reg_checktmp_3913599951535]
[14:33:19][|-param-|Array
(
    [mobile] => 13599951535
    [code] => 500095
    [tmpMobileID] => 39
    [IP] => 192.168.10.115
    [sType] => 0
    [sign] => hk_reg_check
)
]
[14:33:19][|m_code_key|sendsmscachehk_reg_checktmp_3913599951535]
[14:33:53][|-param-|Array
(
    [mobile] => 13599951535
    [code] => 875134
    [tmpMobileID] => 39
    [IP] => 192.168.10.115
    [sType] => 0
    [sign] => hk_reg_check
)
]
[14:33:53][|m_code_key|sendsmscachehk_reg_checktmp_3913599951535]
[14:37:35][|-param-|Array
(
    [mobile] => 13599951535
    [code] => 763921
    [tmpMobileID] => 39
    [IP] => 192.168.10.115
    [sType] => 0
    [sign] => hk_reg_check
)
]
[14:37:35][|m_code_key|sendsmscachehk_reg_checktmp_3913599951535]
[14:40:02][|-param-|Array
(
    [mobile] => 13599951535
    [code] => 788019
    [tmpMobileID] => 39
    [IP] => 192.168.10.115
    [sType] => 0
    [sign] => hk_reg_check
)
]
[14:40:02][|m_code_key|sendsmscachehk_reg_checktmp_3913599951535]
[14:44:54][|-param-|Array
(
    [mobile] => 13599951535
    [code] => 930831
    [tmpMobileID] => 39
    [IP] => 192.168.10.115
    [sType] => 0
    [sign] => hk_reg_check
)
]
[14:44:54][|m_code_key|sendsmscachehk_reg_checktmp_3913599951535]
[15:16:08][|-param-|Array
(
    [mobile] => 13599951535
    [code] => 732192
    [tmpMobileID] => 39
    [IP] => 192.168.10.115
    [sType] => 0
    [sign] => hk_reg_check
)
]
[15:16:08][|m_code_key|sendsmscachehk_reg_checktmp_3913599951535]
[17:16:43][|-param-|Array
(
    [mobile] => 13599951535
    [code] => 503183
    [tmpMobileID] => 39
    [IP] => 192.168.10.115
    [sType] => 0
    [sign] => hk_reg_check
)
]
[17:16:43][|m_code_key|sendsmscachehk_reg_checktmp_3913599951535]
[17:22:16][|-param-|Array
(
    [mobile] => 13599951535
    [code] => 796682
    [tmpMobileID] => 39
    [IP] => 192.168.10.115
    [sType] => 0
    [sign] => hk_reg_check
)
]
[17:22:16][|m_code_key|sendsmscachehk_reg_checktmp_3913599951535]
[17:22:35][|-param-|Array
(
    [mobile] => 13599951535
    [code] => 265005
    [tmpMobileID] => 39
    [IP] => 192.168.10.115
    [sType] => 0
    [sign] => hk_reg_check
)
]
[17:22:35][|m_code_key|sendsmscachehk_reg_checktmp_3913599951535]
