[17:41:22][|-param-|Array
(
    [mobile] => 13599951535
    [code] => 340034
    [tmpMobileID] => 39
    [IP] => 192.168.10.115
    [sType] => 0
    [sign] => bj_reg_check
)
]
[17:41:22][|m_code_key|sendsmscachebj_reg_checktmp_3913599951535]
[20:30:02][|-param-|Array
(
    [mobile] => 18671517368
    [code] => 475301
    [tmpMobileID] => 0
    [IP] => 10.100.0.18
    [sType] => 0
    [sign] => bj_reg_check
)
]
[20:30:02][|m_code_key|sendsmscachebj_reg_check18671517368]
[20:33:07][|-param-|Array
(
    [mobile] => 18671517368
    [code] => 400520
    [tmpMobileID] => 40
    [IP] => 10.100.0.18
    [sType] => 0
    [sign] => bj_reg_check
)
]
[20:33:07][|m_code_key|sendsmscachebj_reg_checktmp_4018671517368]
[20:36:51][|-param-|Array
(
    [mobile] => 18671517368
    [code] => 359088
    [tmpMobileID] => 40
    [IP] => 10.100.0.18
    [sType] => 0
    [sign] => bj_reg_check
)
]
[20:36:51][|m_code_key|sendsmscachebj_reg_checktmp_4018671517368]
