[10:46:23][|-param-|Array
(
    [mobile] => 13599951535
    [code] => 326507
    [tmpMobileID] => 39
    [IP] => 192.168.10.115
    [sType] => 0
    [sign] => bj_reg_check
)
]
[10:46:23][|m_code_key|sendsmscachebj_reg_checktmp_3913599951535]
[11:17:30][|-param-|Array
(
    [mobile] => 13599951535
    [code] => 762274
    [tmpMobileID] => 39
    [IP] => 192.168.10.115
    [sType] => 0
    [sign] => bj_reg_check
)
]
[11:17:30][|m_code_key|sendsmscachebj_reg_checktmp_3913599951535]
[11:23:34][|-param-|Array
(
    [mobile] => 13599951535
    [code] => 712965
    [tmpMobileID] => 39
    [IP] => 192.168.10.115
    [sType] => 0
    [sign] => bj_reg_check
)
]
[11:23:34][|m_code_key|sendsmscachebj_reg_checktmp_3913599951535]
[11:53:44][|-param-|Array
(
    [mobile] => 13599951535
    [code] => 238234
    [tmpMobileID] => 39
    [IP] => 192.168.10.115
    [sType] => 0
    [sign] => bj_reg_check
)
]
[11:53:44][|m_code_key|sendsmscachebj_reg_checktmp_3913599951535]
[13:29:42][|-param-|Array
(
    [mobile] => 13599951535
    [code] => 707855
    [tmpMobileID] => 39
    [IP] => 192.168.10.115
    [sType] => 0
    [sign] => bj_reg_check
)
]
[13:29:42][|m_code_key|sendsmscachebj_reg_checktmp_3913599951535]
[18:20:44][|-param-|Array
(
    [mobile] => 13599951535
    [code] => 052843
    [tmpMobileID] => 39
    [IP] => 192.168.10.115
    [sType] => 0
    [sign] => bj_reg_check
)
]
[18:20:44][|m_code_key|sendsmscachebj_reg_checktmp_3913599951535]
[18:24:30][|-param-|Array
(
    [mobile] => 13599951535
    [code] => 321471
    [tmpMobileID] => 39
    [IP] => 192.168.10.115
    [sType] => 0
    [sign] => bj_reg_check
)
]
[18:24:30][|m_code_key|sendsmscachebj_reg_checktmp_3913599951535]
[18:25:47][|-param-|Array
(
    [mobile] => 13599951535
    [code] => 293148
    [tmpMobileID] => 39
    [IP] => 192.168.10.115
    [sType] => 0
    [sign] => bj_reg_check
)
]
[18:25:47][|m_code_key|sendsmscachebj_reg_checktmp_3913599951535]
[18:32:50][|-param-|Array
(
    [mobile] => 13599951535
    [code] => 389833
    [tmpMobileID] => 39
    [IP] => 192.168.10.115
    [sType] => 0
    [sign] => bj_reg_check
)
]
[18:32:50][|m_code_key|sendsmscachebj_reg_checktmp_3913599951535]
[18:39:08][|-param-|Array
(
    [mobile] => 13599951535
    [code] => 535803
    [tmpMobileID] => 0
    [IP] => 192.168.10.115
    [sType] => 0
    [sign] => bj_reg_check
)
]
[18:39:08][|m_code_key|sendsmscachebj_reg_check13599951535]
[18:40:22][|-param-|Array
(
    [mobile] => 13599951535
    [code] => 511988
    [tmpMobileID] => 41
    [IP] => 192.168.10.115
    [sType] => 0
    [sign] => bj_reg_check
)
]
[18:40:22][|m_code_key|sendsmscachebj_reg_checktmp_4113599951535]
[18:45:27][|-param-|Array
(
    [mobile] => 13599951535
    [code] => 260988
    [tmpMobileID] => 0
    [IP] => 192.168.10.115
    [sType] => 0
    [sign] => bj_reg_check
)
]
[18:45:27][|m_code_key|sendsmscachebj_reg_check13599951535]
[18:46:05][|-param-|Array
(
    [mobile] => 13599951535
    [code] => 802955
    [tmpMobileID] => 0
    [IP] => 192.168.10.115
    [sType] => 0
    [sign] => bj_reg_check
)
]
[18:46:05][|m_code_key|sendsmscachebj_reg_check13599951535]
[18:50:53][|-param-|Array
(
    [mobile] => 13599951535
    [code] => 700290
    [tmpMobileID] => 0
    [IP] => 192.168.10.115
    [sType] => 0
    [sign] => bj_reg_check
)
]
[18:51:58][|-param-|Array
(
    [mobile] => 13599951535
    [code] => 655891
    [tmpMobileID] => 0
    [IP] => 192.168.10.115
    [sType] => 0
    [sign] => bj_reg_check
)
]
[18:56:39][|-param-|Array
(
    [mobile] => 13599951535
    [code] => 853529
    [tmpMobileID] => 45
    [IP] => 192.168.10.115
    [sType] => 0
    [sign] => bj_reg_check
)
]
[18:56:39][|m_code_key|sendsmscachebj_reg_checktmp_4513599951535]
[19:00:09][|-param-|Array
(
    [mobile] => 13599951535
    [code] => 677754
    [tmpMobileID] => 0
    [IP] => 192.168.10.115
    [sType] => 0
    [sign] => bj_reg_check
)
]
[19:04:17][|-param-|Array
(
    [mobile] => 13599951535
    [code] => 842660
    [tmpMobileID] => 47
    [IP] => 192.168.10.115
    [sType] => 0
    [sign] => bj_reg_check
)
]
[19:04:17][|m_code_key|sendsmscachebj_reg_checktmp_4713599951535]
[19:05:19][|-param-|Array
(
    [mobile] => 13599951535
    [code] => 155359
    [tmpMobileID] => 48
    [IP] => 192.168.10.115
    [sType] => 0
    [sign] => bj_reg_check
)
]
[19:05:19][|m_code_key|sendsmscachebj_reg_checktmp_4813599951535]
[19:09:37][|-param-|Array
(
    [mobile] => 13599951535
    [code] => 483364
    [tmpMobileID] => 49
    [IP] => 192.168.10.115
    [sType] => 0
    [sign] => bj_reg_check
)
]
[19:09:37][|m_code_key|sendsmscachebj_reg_checktmp_4913599951535]
[19:11:40][|-param-|Array
(
    [mobile] => 13599951535
    [code] => 068738
    [tmpMobileID] => 50
    [IP] => 192.168.10.115
    [sType] => 0
    [sign] => bj_reg_check
)
]
[19:11:40][|m_code_key|sendsmscachebj_reg_checktmp_5013599951535]
