[09:59:19][|-param-|Array
(
    [mobile] => 15972158074
    [code] => 756283
    [userID] => 196
    [IP] => 192.168.15.235
    [sType] => 2
    [sign] => bj_bkpwd_check
)
]
[09:59:19][|m_code_key|sendsmscachebj_bkpwd_check19615972158074]
[11:23:43][|-param-|Array
(
    [mobile] => 15292719187
    [code] => 298318
    [tmpMobileID] => 90
    [IP] => 10.100.0.18
    [sType] => 1
    [sign] => bj_reg_check
)
]
[11:23:43][|m_code_key|sendsmscachebj_reg_checkTMP9015292719187]
[11:26:31][|-param-|Array
(
    [mobile] => 15927191870
    [code] => 654726
    [tmpMobileID] => 91
    [IP] => 10.100.0.18
    [sType] => 1
    [sign] => bj_reg_check
)
]
[11:26:31][|m_code_key|sendsmscachebj_reg_checkTMP9115927191870]
[11:38:12][|-param-|Array
(
    [mobile] => 18065043496
    [key] => Array
        (
            [fname] => 伯嘉基金
            [fcode] => 123456
            [money] => 258
        )

    [userID] => 169
    [IP] => 192.168.15.235
    [sType] => 7
    [sign] => bj_tradepwd_check
)
]
[11:38:12][|m_code_key|sendsmscachebj_tradepwd_check16918065043496]
[11:38:46][|-param-|Array
(
    [mobile] => 18065043496
    [code] => Array
        (
            [fname] => 伯嘉基金
            [fcode] => 123456
            [money] => 258
        )

    [userID] => 169
    [IP] => 192.168.15.235
    [sType] => 7
    [sign] => bj_tradepwd_check
)
]
[11:38:46][|m_code_key|sendsmscachebj_tradepwd_check16918065043496]
[11:41:55][|-param-|Array
(
    [mobile] => 18065043496
    [code] => Array
        (
            [fname] => 伯嘉基金
            [fcode] => 123456
            [money] => 258
        )

    [userID] => 169
    [IP] => 192.168.15.235
    [sType] => 7
    [sign] => bj_tradepwd_check
)
]
[11:41:55][|m_code_key|sendsmscachebj_tradepwd_check16918065043496]
[11:42:19][|-param-|Array
(
    [mobile] => 18065043496
    [code] => Array
        (
            [fname] => 伯嘉基金
            [fcode] => 123456
            [money] => 258
        )

    [userID] => 169
    [IP] => 192.168.15.235
    [sType] => 7
    [sign] => bj_tradepwd_check
)
]
[11:42:19][|m_code_key|sendsmscachebj_tradepwd_check16918065043496]
[11:43:22][|-param-|Array
(
    [mobile] => 18065043496
    [code] => Array
        (
            [fname] => 伯嘉基金
            [fcode] => 123456
            [money] => 258
        )

    [userID] => 169
    [IP] => 192.168.15.235
    [sType] => 7
    [sign] => bj_tradepwd_check
)
]
[11:43:22][|m_code_key|sendsmscachebj_tradepwd_check16918065043496]
[11:55:53][|-param-|Array
(
    [mobile] => 18065043496
    [code] => Array
        (
            [fname] => 伯嘉基金
            [fcode] => 123456
            [money] => 258
        )

    [userID] => 169
    [IP] => 192.168.15.235
    [sType] => 7
    [sign] => bj_tradepwd_check
)
]
[11:55:53][|m_code_key|sendsmscachebj_tradepwd_check16918065043496]
[11:57:16][|-param-|Array
(
    [mobile] => 18065043496
    [code] => Array
        (
            [fname] => 伯嘉基金
            [fcode] => 123456
            [money] => 258
        )

    [userID] => 169
    [IP] => 192.168.15.235
    [sType] => 7
    [sign] => bj_tradepwd_check
)
]
[11:57:16][|m_code_key|sendsmscachebj_tradepwd_check16918065043496]
[13:09:26][|-param-|Array
(
    [mobile] => 18065043496
    [code] => Array
        (
            [fname] => 伯嘉基金
            [fcode] => 123456
            [money] => 258
        )

    [userID] => 169
    [IP] => 192.168.15.235
    [sType] => 7
    [sign] => bj_tradepwd_check
)
]
[13:09:26][|m_code_key|sendsmscachebj_tradepwd_check16918065043496]
[13:10:56][|-param-|Array
(
    [mobile] => 18065043496
    [code] => Array
        (
            [fname] => 伯嘉基金
            [fcode] => 123456
            [money] => 258
        )

    [userID] => 169
    [IP] => 192.168.15.235
    [sType] => 7
    [sign] => bj_tradepwd_check
)
]
[13:10:56][|m_code_key|sendsmscachebj_tradepwd_check16918065043496]
[13:11:16][|-param-|Array
(
    [mobile] => 18065043496
    [code] => Array
        (
            [fname] => 伯嘉基金
            [fcode] => 123456
            [money] => 258
        )

    [userID] => 169
    [IP] => 192.168.15.235
    [sType] => 7
    [sign] => bj_tradepwd_check
)
]
[13:11:16][|m_code_key|sendsmscachebj_tradepwd_check16918065043496]
[13:11:45][|-param-|Array
(
    [mobile] => 15823379934
    [code] => 694784
    [tmpMobileID] => 92
    [IP] => 10.100.0.18
    [sType] => 1
    [sign] => bj_reg_check
)
]
[13:11:45][|m_code_key|sendsmscachebj_reg_checkTMP9215823379934]
[13:12:30][|-param-|Array
(
    [mobile] => 15827379934
    [code] => 110339
    [tmpMobileID] => 93
    [IP] => 10.100.0.18
    [sType] => 1
    [sign] => bj_reg_check
)
]
[13:12:30][|m_code_key|sendsmscachebj_reg_checkTMP9315827379934]
[13:13:13][|-param-|Array
(
    [mobile] => 18065043496
    [code] => Array
        (
            [fname] => 伯嘉基金
            [fcode] => 123456
            [money] => 258
        )

    [userID] => 169
    [IP] => 192.168.15.235
    [sType] => 7
    [sign] => bj_tradepwd_check
    [channel] => 3
)
]
[13:13:13][|m_code_key|sendsmscachebj_tradepwd_check16918065043496]
[13:13:24][|-param-|Array
(
    [mobile] => 18065043496
    [code] => Array
        (
            [fname] => 伯嘉基金
            [fcode] => 123456
            [money] => 258
        )

    [userID] => 169
    [IP] => 192.168.15.235
    [sType] => 7
    [sign] => bj_tradepwd_check
    [channel] => 3
)
]
[13:13:24][|m_code_key|sendsmscachebj_tradepwd_check16918065043496]
[13:14:11][|-param-|Array
(
    [mobile] => 18065043496
    [code] => Array
        (
            [fname] => 伯嘉基金
            [fcode] => 123456
            [money] => 258
        )

    [userID] => 169
    [IP] => 192.168.15.235
    [sType] => 7
    [sign] => bj_tradepwd_check
    [channel] => 3
)
]
[13:14:11][|m_code_key|sendsmscachebj_tradepwd_check16918065043496]
[13:15:35][|-param-|Array
(
    [mobile] => 13971357321
    [code] => 260128
    [tmpMobileID] => 94
    [IP] => 10.100.0.18
    [sType] => 1
    [sign] => bj_reg_check
)
]
[13:15:35][|m_code_key|sendsmscachebj_reg_checkTMP9413971357321]
[13:15:51][|-param-|Array
(
    [mobile] => 15827379934
    [code] => 816067
    [tmpMobileID] => 93
    [IP] => 10.100.0.18
    [sType] => 1
    [sign] => bj_reg_check
)
]
[13:15:51][|m_code_key|sendsmscachebj_reg_checkTMP9315827379934]
[13:16:41][|-param-|Array
(
    [mobile] => 18065043496
    [code] => Array
        (
            [fname] => 伯嘉基金
            [fcode] => 123456
            [money] => 258
        )

    [userID] => 169
    [IP] => 192.168.15.235
    [sType] => 7
    [sign] => bj_tradepwd_check
    [channel] => 3
)
]
[13:16:41][|m_code_key|sendsmscachebj_tradepwd_check16918065043496]
[13:18:32][|-param-|Array
(
    [mobile] => 18065043496
    [code] => Array
        (
            [fname] => 伯嘉基金
            [fcode] => 123456
            [money] => 258
        )

    [userID] => 169
    [IP] => 192.168.15.235
    [sType] => 7
    [sign] => bj_tradepwd_check
    [channel] => 3
)
]
[13:18:32][|m_code_key|sendsmscachebj_tradepwd_check16918065043496]
[13:19:40][|-param-|Array
(
    [mobile] => 13971357321
    [code] => 486159
    [tmpMobileID] => 94
    [IP] => 10.100.0.18
    [sType] => 1
    [sign] => bj_reg_check
)
]
[13:19:40][|m_code_key|sendsmscachebj_reg_checkTMP9413971357321]
[13:21:17][|-param-|Array
(
    [mobile] => 18065043496
    [code] => Array
        (
            [fname] => 伯嘉基金
            [fcode] => 123456
            [money] => 258
        )

    [userID] => 169
    [IP] => 192.168.15.235
    [sType] => 7
    [sign] => bj_tradepwd_check
    [channel] => 3
)
]
[13:21:17][|m_code_key|sendsmscachebj_tradepwd_check16918065043496]
[13:23:31][|-param-|Array
(
    [mobile] => 18065043496
    [code] => Array
        (
            [fname] => 伯嘉基金
            [fcode] => 123456
            [money] => 258
        )

    [userID] => 169
    [IP] => 192.168.15.235
    [sType] => 7
    [sign] => bj_tradepwd_check
    [channel] => 3
)
]
[13:23:31][|m_code_key|sendsmscachebj_tradepwd_check16918065043496]
[13:24:30][|-param-|Array
(
    [mobile] => 18065043496
    [code] => Array
        (
            [fname] => 伯嘉基金
            [fcode] => 123456
            [applymoney] => 258
            [suremoney] => 359
            [networth] => 260
        )

    [userID] => 169
    [IP] => 192.168.15.235
    [sType] => 8
    [sign] => bj_tradepwd_check
    [channel] => 3
)
]
[13:24:30][|m_code_key|sendsmscachebj_tradepwd_check16918065043496]
[13:27:01][|-param-|Array
(
    [mobile] => 18065043496
    [code] => Array
        (
            [fname] => 伯嘉基金
            [fcode] => 123456
            [applymoney] => 258
            [suremoney] => 359
            [networth] => 260
        )

    [userID] => 169
    [IP] => 192.168.15.235
    [sType] => 8
    [sign] => bj_tradepwd_check
    [channel] => 3
)
]
[13:27:01][|m_code_key|sendsmscachebj_tradepwd_check16918065043496]
[13:31:59][|-param-|Array
(
    [mobile] => 15160356106
    [code] => Array
        (
            [fname] => 伯嘉基金
            [fcode] => 123456
            [applymoney] => 258
            [suremoney] => 359
            [networth] => 260
        )

    [userID] => 169
    [IP] => 192.168.15.235
    [sType] => 8
    [sign] => bj_tradepwd_check
    [channel] => 3
)
]
[13:31:59][|m_code_key|sendsmscachebj_tradepwd_check16915160356106]
[13:47:55][|-param-|Array
(
    [mobile] => 15827379934
    [code] => 363602
    [tmpMobileID] => 93
    [IP] => 10.100.0.18
    [sType] => 1
    [sign] => bj_reg_check
)
]
[13:47:55][|m_code_key|sendsmscachebj_reg_checkTMP9315827379934]
[14:51:15][|-param-|Array
(
    [mobile] => 15972158074
    [code] => 243352
    [userID] => 196
    [IP] => 192.168.15.235
    [sType] => 4
    [sign] => bj_trademod_check
)
]
[14:51:15][|m_code_key|sendsmscachebj_trademod_check19615972158074]
[15:58:04][|-param-|Array
(
    [mobile] => 13971357321
    [code] => 208686
    [userID] => 225
    [IP] => 10.100.0.18
    [sType] => 4
    [sign] => bj_trademod_check
)
]
[15:58:04][|m_code_key|sendsmscachebj_trademod_check22513971357321]
