[10:10:05][|-param-|Array
(
    [mobile] => 15927191870
    [code] => 938432
    [userID] => 224
    [IP] => 10.100.0.18
    [sType] => 2
    [sign] => bj_bkpwd_check
)
]
[10:10:05][|m_code_key|sendsmscachebj_bkpwd_check22415927191870]
[11:28:22][|-param-|Array
(
    [mobile] => 18065043496
    [code] => 418856
    [userID] => 169
    [IP] => 192.168.15.235
    [sType] => 2
    [sign] => bj_bkpwd_check
)
]
[11:28:22][|m_code_key|sendsmscachebj_bkpwd_check16918065043496]
[11:33:21][|-param-|Array
(
    [mobile] => 18065043496
    [code] => 505502
    [userID] => 169
    [IP] => 192.168.15.235
    [sType] => 2
    [sign] => bj_bkpwd_check
)
]
[11:33:21][|m_code_key|sendsmscachebj_bkpwd_check16918065043496]
[11:37:01][|-param-|Array
(
    [mobile] => 18065043496
    [code] => 199480
    [userID] => 169
    [IP] => 192.168.15.235
    [sType] => 2
    [sign] => bj_bkpwd_check
)
]
[11:37:01][|m_code_key|sendsmscachebj_bkpwd_check16918065043496]
[11:42:59][|-param-|Array
(
    [mobile] => 18065043496
    [code] => 381659
    [userID] => 169
    [IP] => 192.168.15.235
    [sType] => 2
    [sign] => bj_bkpwd_check
)
]
[11:42:59][|m_code_key|sendsmscachebj_bkpwd_check16918065043496]
[11:47:17][|-param-|Array
(
    [mobile] => 18065043496
    [code] => 625144
    [userID] => 169
    [IP] => 192.168.15.235
    [sType] => 2
    [sign] => bj_bkpwd_check
)
]
[11:47:17][|m_code_key|sendsmscachebj_bkpwd_check16918065043496]
[11:53:13][|-param-|Array
(
    [mobile] => 18065043496
    [code] => 144068
    [userID] => 169
    [IP] => 192.168.15.235
    [sType] => 2
    [sign] => bj_bkpwd_check
)
]
[11:53:13][|m_code_key|sendsmscachebj_bkpwd_check16918065043496]
[12:29:59][|-param-|Array
(
    [mobile] => 18065043496
    [code] => 040208
    [userID] => 169
    [IP] => 192.168.15.235
    [sType] => 2
    [sign] => bj_bkpwd_check
)
]
[12:29:59][|m_code_key|sendsmscachebj_bkpwd_check16918065043496]
[12:36:40][|-param-|Array
(
    [mobile] => 18065043496
    [code] => 740716
    [userID] => 169
    [IP] => 192.168.15.235
    [sType] => 2
    [sign] => bj_bkpwd_check
)
]
[12:36:40][|m_code_key|sendsmscachebj_bkpwd_check16918065043496]
[12:38:14][|-param-|Array
(
    [mobile] => 18065043496
    [code] => 799428
    [userID] => 169
    [IP] => 192.168.15.235
    [sType] => 2
    [sign] => bj_bkpwd_check
)
]
[12:38:14][|m_code_key|sendsmscachebj_bkpwd_check16918065043496]
[12:45:09][|-param-|Array
(
    [mobile] => 18065043496
    [code] => 339460
    [userID] => 169
    [IP] => 192.168.15.235
    [sType] => 2
    [sign] => bj_bkpwd_check
)
]
[12:45:09][|m_code_key|sendsmscachebj_bkpwd_check16918065043496]
[13:15:55][|-param-|Array
(
    [mobile] => 18065043496
    [code] => 908659
    [userID] => 169
    [IP] => 192.168.15.235
    [sType] => 2
    [sign] => bj_bkpwd_check
)
]
[13:15:55][|m_code_key|sendsmscachebj_bkpwd_check16918065043496]
[13:51:46][|-param-|Array
(
    [mobile] => 18671517368
    [code] => 652217
    [tmpMobileID] => 91
    [IP] => 27.17.217.95
    [sType] => 1
    [sign] => bj_reg_check
)
]
[13:51:46][|m_code_key|sendsmscachebj_reg_checkTMP9118671517368]
