[09:25:00][|-param-|Array
(
    [mobile] => 18065043496
    [code] => 624794
    [userID] => 169
    [IP] => 192.168.15.235
    [sType] => 4
    [sign] => bj_trademod_check
)
]
[09:25:00][|m_code_key|sendsmscachebj_trademod_check16918065043496]
[09:33:43][|-param-|Array
(
    [mobile] => 18065043496
    [code] => 282135
    [userID] => 169
    [IP] => 192.168.15.235
    [sType] => 4
    [sign] => bj_trademod_check
)
]
[09:33:43][|m_code_key|sendsmscachebj_trademod_check16918065043496]
[10:23:18][|-param-|Array
(
    [mobile] => 18065043496
    [code] => 508670
    [userID] => 169
    [IP] => 192.168.15.235
    [sType] => 4
    [sign] => bj_trademod_check
)
]
[10:23:18][|m_code_key|sendsmscachebj_trademod_check16918065043496]
[10:27:15][|-param-|Array
(
    [mobile] => 18065043496
    [code] => 838785
    [userID] => 169
    [IP] => 192.168.15.235
    [sType] => 4
    [sign] => bj_trademod_check
)
]
[10:27:15][|m_code_key|sendsmscachebj_trademod_check16918065043496]
[10:30:56][|-param-|Array
(
    [mobile] => 18065043496
    [code] => 315711
    [userID] => 169
    [IP] => 192.168.15.235
    [sType] => 4
    [sign] => bj_trademod_check
)
]
[10:30:56][|m_code_key|sendsmscachebj_trademod_check16918065043496]
[10:35:29][|-param-|Array
(
    [mobile] => 18065043496
    [code] => 409812
    [userID] => 169
    [IP] => 192.168.15.235
    [sType] => 4
    [sign] => bj_trademod_check
)
]
[10:35:29][|m_code_key|sendsmscachebj_trademod_check16918065043496]
[10:38:52][|-param-|Array
(
    [mobile] => 18065043496
    [code] => 002402
    [userID] => 169
    [IP] => 192.168.15.235
    [sType] => 4
    [sign] => bj_trademod_check
)
]
[10:38:52][|m_code_key|sendsmscachebj_trademod_check16918065043496]
[10:39:31][|-param-|Array
(
    [mobile] => 18065043496
    [code] => 497973
    [userID] => 169
    [IP] => 192.168.15.235
    [sType] => 4
    [sign] => bj_trademod_check
)
]
[10:39:31][|m_code_key|sendsmscachebj_trademod_check16918065043496]
[10:40:09][|-param-|Array
(
    [mobile] => 18065043496
    [code] => 702645
    [userID] => 169
    [IP] => 192.168.15.235
    [sType] => 4
    [sign] => bj_trademod_check
)
]
[10:40:09][|m_code_key|sendsmscachebj_trademod_check16918065043496]
[10:41:48][|-param-|Array
(
    [mobile] => 18065043496
    [code] => 732017
    [userID] => 169
    [IP] => 192.168.15.235
    [sType] => 4
    [sign] => bj_trademod_check
)
]
[10:41:48][|m_code_key|sendsmscachebj_trademod_check16918065043496]
[10:43:44][|-param-|Array
(
    [mobile] => 18065043496
    [code] => 403165
    [userID] => 169
    [IP] => 192.168.15.235
    [sType] => 4
    [sign] => bj_trademod_check
)
]
[10:43:44][|m_code_key|sendsmscachebj_trademod_check16918065043496]
[10:44:46][|-param-|Array
(
    [mobile] => 18065043496
    [code] => 560692
    [userID] => 169
    [IP] => 192.168.15.235
    [sType] => 4
    [sign] => bj_trademod_check
)
]
[10:44:46][|m_code_key|sendsmscachebj_trademod_check16918065043496]
[10:47:12][|-param-|Array
(
    [mobile] => 18065043496
    [code] => 791672
    [userID] => 169
    [IP] => 192.168.15.235
    [sType] => 4
    [sign] => bj_trademod_check
)
]
[10:47:12][|m_code_key|sendsmscachebj_trademod_check16918065043496]
[10:48:14][|-param-|Array
(
    [mobile] => 18671517367
    [code] => 486709
    [tmpMobileID] => 89
    [IP] => 10.100.0.18
    [sType] => 1
    [sign] => bj_reg_check
)
]
[10:48:14][|m_code_key|sendsmscachebj_reg_checkTMP8918671517367]
[10:51:02][|-param-|Array
(
    [mobile] => 18065043496
    [code] => 292970
    [userID] => 169
    [IP] => 192.168.15.235
    [sType] => 4
    [sign] => bj_trademod_check
)
]
[10:51:02][|m_code_key|sendsmscachebj_trademod_check16918065043496]
[10:51:07][|-param-|Array
(
    [mobile] => 18065043496
    [code] => 866152
    [userID] => 169
    [IP] => 192.168.15.235
    [sType] => 4
    [sign] => bj_trademod_check
)
]
[10:51:07][|m_code_key|sendsmscachebj_trademod_check16918065043496]
[10:51:43][|-param-|Array
(
    [mobile] => 18065043496
    [code] => 863500
    [userID] => 169
    [IP] => 192.168.15.235
    [sType] => 4
    [sign] => bj_trademod_check
)
]
[10:51:43][|m_code_key|sendsmscachebj_trademod_check16918065043496]
[10:53:39][|-param-|Array
(
    [mobile] => 15205006442
    [code] => 151005
    [userID] => 220
    [IP] => 192.168.10.39
    [sType] => 4
    [sign] => bj_trademod_check
)
]
[10:53:39][|m_code_key|sendsmscachebj_trademod_check22015205006442]
[10:54:05][|-param-|Array
(
    [mobile] => 15205006442
    [code] => 549812
    [userID] => 220
    [IP] => 192.168.10.39
    [sType] => 4
    [sign] => bj_trademod_check
)
]
[10:54:05][|m_code_key|sendsmscachebj_trademod_check22015205006442]
[10:57:48][|-param-|Array
(
    [mobile] => 18065043496
    [code] => 528807
    [userID] => 169
    [IP] => 192.168.15.235
    [sType] => 4
    [sign] => bj_trademod_check
)
]
[10:57:48][|m_code_key|sendsmscachebj_trademod_check16918065043496]
[11:01:09][|-param-|Array
(
    [mobile] => 18065043496
    [code] => 286927
    [userID] => 169
    [IP] => 192.168.15.235
    [sType] => 4
    [sign] => bj_trademod_check
)
]
[11:01:09][|m_code_key|sendsmscachebj_trademod_check16918065043496]
[11:03:19][|-param-|Array
(
    [mobile] => 18065043496
    [code] => 187700
    [userID] => 169
    [IP] => 192.168.15.235
    [sType] => 4
    [sign] => bj_trademod_check
)
]
[11:03:19][|m_code_key|sendsmscachebj_trademod_check16918065043496]
[11:07:01][|-param-|Array
(
    [mobile] => 18125530297
    [code] => 500743
    [userID] => 178
    [IP] => 192.168.15.235
    [sType] => 4
    [sign] => bj_trademod_check
)
]
[11:07:01][|m_code_key|sendsmscachebj_trademod_check17818125530297]
[11:07:36][|-param-|Array
(
    [mobile] => 18125530297
    [code] => 180686
    [userID] => 178
    [IP] => 192.168.15.235
    [sType] => 4
    [sign] => bj_trademod_check
)
]
[11:07:36][|m_code_key|sendsmscachebj_trademod_check17818125530297]
[11:08:15][|-param-|Array
(
    [mobile] => 18065043496
    [code] => 162999
    [userID] => 169
    [IP] => 192.168.15.235
    [sType] => 4
    [sign] => bj_trademod_check
)
]
[11:08:15][|m_code_key|sendsmscachebj_trademod_check16918065043496]
[11:12:22][|-param-|Array
(
    [mobile] => 18065043496
    [code] => 277476
    [userID] => 169
    [IP] => 192.168.15.235
    [sType] => 4
    [sign] => bj_trademod_check
)
]
[11:12:22][|m_code_key|sendsmscachebj_trademod_check16918065043496]
[11:15:44][|-param-|Array
(
    [mobile] => 18065043496
    [code] => 399613
    [userID] => 169
    [IP] => 192.168.15.235
    [sType] => 4
    [sign] => bj_trademod_check
)
]
[11:15:44][|m_code_key|sendsmscachebj_trademod_check16918065043496]
[11:15:47][|-param-|Array
(
    [mobile] => 18065043496
    [code] => 074611
    [userID] => 169
    [IP] => 192.168.15.235
    [sType] => 4
    [sign] => bj_trademod_check
)
]
[11:15:47][|m_code_key|sendsmscachebj_trademod_check16918065043496]
[11:20:09][|-param-|Array
(
    [mobile] => 18065043496
    [code] => 818452
    [userID] => 169
    [IP] => 192.168.15.235
    [sType] => 4
    [sign] => bj_trademod_check
)
]
[11:20:09][|m_code_key|sendsmscachebj_trademod_check16918065043496]
[11:21:31][|-param-|Array
(
    [mobile] => 18065043496
    [code] => 735155
    [userID] => 169
    [IP] => 192.168.15.235
    [sType] => 4
    [sign] => bj_trademod_check
)
]
[11:21:31][|m_code_key|sendsmscachebj_trademod_check16918065043496]
[11:24:41][|-param-|Array
(
    [mobile] => 18065043496
    [code] => 131262
    [userID] => 169
    [IP] => 192.168.15.235
    [sType] => 4
    [sign] => bj_trademod_check
)
]
[11:24:41][|m_code_key|sendsmscachebj_trademod_check16918065043496]
[11:35:48][|-param-|Array
(
    [mobile] => 18065043496
    [code] => 782252
    [userID] => 169
    [IP] => 192.168.15.235
    [sType] => 4
    [sign] => bj_trademod_check
)
]
[11:35:48][|m_code_key|sendsmscachebj_trademod_check16918065043496]
[11:37:51][|-param-|Array
(
    [mobile] => 18125530297
    [code] => 302730
    [userID] => 178
    [IP] => 192.168.15.235
    [sType] => 3
    [sign] => bj_tradepwd_check
)
]
[11:37:51][|m_code_key|sendsmscachebj_tradepwd_check17818125530297]
[11:51:05][|-param-|Array
(
    [mobile] => 13595505535
    [code] => 408955
    [userID] => 169
    [IP] => 192.168.15.235
    [sType] => 4
    [sign] => bj_newtrademod_check
)
]
[11:51:05][|m_code_key|sendsmscachebj_newtrademod_check16913595505535]
[12:17:21][|-param-|Array
(
    [mobile] => 18065043496
    [code] => 603774
    [userID] => 169
    [IP] => 192.168.15.235
    [sType] => 4
    [sign] => bj_trademod_check
)
]
[12:17:21][|m_code_key|sendsmscachebj_trademod_check16918065043496]
[12:18:34][|-param-|Array
(
    [mobile] => 13599055535
    [code] => 132817
    [userID] => 169
    [IP] => 192.168.15.235
    [sType] => 4
    [sign] => bj_newtrademod_check
)
]
[12:18:34][|m_code_key|sendsmscachebj_newtrademod_check16913599055535]
[12:59:34][|-param-|Array
(
    [mobile] => 18065043496
    [code] => 323153
    [userID] => 169
    [IP] => 192.168.15.235
    [sType] => 4
    [sign] => bj_trademod_check
)
]
[12:59:34][|m_code_key|sendsmscachebj_trademod_check16918065043496]
[13:03:00][|-param-|Array
(
    [mobile] => 18065043496
    [code] => 190907
    [userID] => 169
    [IP] => 192.168.15.235
    [sType] => 3
    [sign] => bj_tradepwd_check
)
]
[13:03:00][|m_code_key|sendsmscachebj_tradepwd_check16918065043496]
[13:20:18][|-param-|Array
(
    [mobile] => 18065043496
    [code] => 466508
    [userID] => 169
    [IP] => 192.168.15.235
    [sType] => 3
    [sign] => bj_tradepwd_check
)
]
[13:20:18][|m_code_key|sendsmscachebj_tradepwd_check16918065043496]
[13:23:48][|-param-|Array
(
    [mobile] => 18065043496
    [code] => 761055
    [userID] => 169
    [IP] => 192.168.15.235
    [sType] => 4
    [sign] => bj_trademod_check
)
]
[13:23:48][|m_code_key|sendsmscachebj_trademod_check16918065043496]
[13:24:34][|-param-|Array
(
    [mobile] => 18950473074
    [code] => 437949
    [userID] => 169
    [IP] => 192.168.15.235
    [sType] => 4
    [sign] => bj_newtrademod_check
)
]
[13:24:34][|m_code_key|sendsmscachebj_newtrademod_check16918950473074]
[13:32:20][|-param-|Array
(
    [mobile] => 18950473074
    [code] => 577592
    [userID] => 169
    [IP] => 192.168.15.235
    [sType] => 4
    [sign] => bj_trademod_check
)
]
[13:32:20][|m_code_key|sendsmscachebj_trademod_check16918950473074]
[13:34:57][|-param-|Array
(
    [mobile] => 18950473074
    [code] => 669733
    [userID] => 169
    [IP] => 192.168.15.235
    [sType] => 4
    [sign] => bj_trademod_check
)
]
[13:34:57][|m_code_key|sendsmscachebj_trademod_check16918950473074]
[13:39:06][|-param-|Array
(
    [mobile] => 18950473074
    [code] => 564419
    [userID] => 169
    [IP] => 192.168.15.235
    [sType] => 4
    [sign] => bj_trademod_check
)
]
[13:39:06][|m_code_key|sendsmscachebj_trademod_check16918950473074]
[13:49:57][|-param-|Array
(
    [mobile] => 18950473074
    [code] => 762086
    [userID] => 169
    [IP] => 192.168.15.235
    [sType] => 4
    [sign] => bj_trademod_check
)
]
[13:49:57][|m_code_key|sendsmscachebj_trademod_check16918950473074]
[13:50:42][|-param-|Array
(
    [mobile] => 18065043496
    [code] => 450531
    [userID] => 169
    [IP] => 192.168.15.235
    [sType] => 4
    [sign] => bj_newtrademod_check
)
]
[13:50:42][|m_code_key|sendsmscachebj_newtrademod_check16918065043496]
[13:52:44][|-param-|Array
(
    [mobile] => 15972158074
    [code] => 015495
    [userID] => 196
    [IP] => 192.168.15.235
    [sType] => 4
    [sign] => bj_trademod_check
)
]
[13:52:44][|m_code_key|sendsmscachebj_trademod_check19615972158074]
[13:52:49][|-param-|Array
(
    [mobile] => 18125530297
    [code] => 786371
    [userID] => 178
    [IP] => 192.168.15.235
    [sType] => 4
    [sign] => bj_trademod_check
)
]
[13:52:49][|m_code_key|sendsmscachebj_trademod_check17818125530297]
[13:53:32][|-param-|Array
(
    [mobile] => 13337804077
    [code] => 373734
    [userID] => 178
    [IP] => 192.168.15.235
    [sType] => 4
    [sign] => bj_newtrademod_check
)
]
[13:53:32][|m_code_key|sendsmscachebj_newtrademod_check17813337804077]
[13:54:07][|-param-|Array
(
    [mobile] => 13037100638
    [code] => 450649
    [userID] => 211
    [IP] => 192.168.15.235
    [sType] => 4
    [sign] => bj_trademod_check
)
]
[13:54:07][|m_code_key|sendsmscachebj_trademod_check21113037100638]
[14:54:39][|-param-|Array
(
    [mobile] => 18125530297
    [code] => 155316
    [userID] => 178
    [IP] => 192.168.15.235
    [sType] => 3
    [sign] => bj_tradepwd_check
)
]
[14:54:39][|m_code_key|sendsmscachebj_tradepwd_check17818125530297]
[22:09:27][|-param-|Array
(
    [mobile] => 18065043496
    [code] => 208412
    [userID] => 169
    [IP] => 192.168.17.222
    [sType] => 2
    [sign] => bj_bkpwd_check
)
]
[22:09:27][|m_code_key|sendsmscachebj_bkpwd_check16918065043496]
