[10:30:08][|-param-|Array
(
    [mobile] => 18065043496
    [code] => 590268
    [userID] => 21
    [IP] => 192.168.10.85
    [sType] => 2
    [sign] => bj_bkpwd_check
)
]
[10:30:08][|m_code_key|sendsmscachebj_bkpwd_check2118065043496]
[11:44:45][|-param-|Array
(
    [mobile] => 18065043496
    [code] => 669279
    [userID] => 21
    [IP] => 192.168.10.85
    [sType] => 2
    [sign] => bj_bkpwd_check
)
]
[11:44:45][|m_code_key|sendsmscachebj_bkpwd_check2118065043496]
[11:49:38][|-param-|Array
(
    [mobile] => 18065043496
    [code] => 279046
    [userID] => 21
    [IP] => 192.168.10.85
    [sType] => 2
    [sign] => bj_bkpwd_check
)
]
[11:49:38][|m_code_key|sendsmscachebj_bkpwd_check2118065043496]
[11:54:40][|-param-|Array
(
    [mobile] => 18065043496
    [code] => 351790
    [userID] => 21
    [IP] => 192.168.10.85
    [sType] => 2
    [sign] => bj_bkpwd_check
)
]
[11:54:40][|m_code_key|sendsmscachebj_bkpwd_check2118065043496]
[13:24:59][|-param-|Array
(
    [mobile] => 18065043496
    [code] => 006550
    [userID] => 21
    [IP] => 192.168.10.85
    [sType] => 2
    [sign] => bj_bkpwd_check
)
]
[13:24:59][|m_code_key|sendsmscachebj_bkpwd_check2118065043496]
[13:52:05][|-param-|Array
(
    [mobile] => 18065043496
    [code] => 243947
    [userID] => 21
    [IP] => 192.168.10.85
    [sType] => 2
    [sign] => bj_bkpwd_check
)
]
[13:52:05][|m_code_key|sendsmscachebj_bkpwd_check2118065043496]
[13:54:26][|-param-|Array
(
    [mobile] => 18065043496
    [code] => 746449
    [userID] => 21
    [IP] => 192.168.10.85
    [sType] => 2
    [sign] => bj_bkpwd_check
)
]
[13:54:26][|m_code_key|sendsmscachebj_bkpwd_check2118065043496]
[14:07:26][|-param-|Array
(
    [mobile] => 18065043496
    [code] => 938470
    [userID] => 21
    [IP] => 192.168.10.85
    [sType] => 2
    [sign] => bj_bkpwd_check
)
]
[14:07:26][|m_code_key|sendsmscachebj_bkpwd_check2118065043496]
[14:14:24][|-param-|Array
(
    [mobile] => 18065043496
    [code] => 043542
    [userID] => 21
    [IP] => 192.168.10.85
    [sType] => 2
    [sign] => bj_bkpwd_check
)
]
[14:14:24][|m_code_key|sendsmscachebj_bkpwd_check2118065043496]
[14:26:19][|-param-|Array
(
    [mobile] => 18065043496
    [code] => 263078
    [userID] => 21
    [IP] => 192.168.10.85
    [sType] => 2
    [sign] => bj_bkpwd_check
)
]
[14:26:19][|m_code_key|sendsmscachebj_bkpwd_check2118065043496]
[14:29:13][|-param-|Array
(
    [mobile] => 18065043496
    [code] => 135388
    [userID] => 21
    [IP] => 192.168.10.85
    [sType] => 2
    [sign] => bj_bkpwd_check
)
]
[14:29:13][|m_code_key|sendsmscachebj_bkpwd_check2118065043496]
[14:35:36][|-param-|Array
(
    [mobile] => 18065043496
    [code] => 529746
    [userID] => 21
    [IP] => 192.168.10.85
    [sType] => 2
    [sign] => bj_bkpwd_check
)
]
[14:35:36][|m_code_key|sendsmscachebj_bkpwd_check2118065043496]
[14:37:59][|-param-|Array
(
    [mobile] => 18065043496
    [code] => 134568
    [userID] => 21
    [IP] => 192.168.10.85
    [sType] => 2
    [sign] => bj_bkpwd_check
)
]
[14:37:59][|m_code_key|sendsmscachebj_bkpwd_check2118065043496]
[17:34:38][|-param-|Array
(
    [mobile] => 18065043496
    [code] => 498846
    [userID] => 21
    [IP] => 192.168.10.85
    [sType] => 2
    [sign] => bj_bkpwd_check
)
]
[17:34:38][|m_code_key|sendsmscachebj_bkpwd_check2118065043496]
