[09:59:08][|-param-|Array
(
    [mobile] => 13338550457
    [code] => 880200
    [tmpMobileID] => 51
    [IP] => 192.168.10.89
    [sType] => 1
    [sign] => bj_reg_check
)
]
[09:59:08][|m_code_key|sendsmscachebj_reg_checkTMP5113338550457]
[13:39:15][|-param-|Array
(
    [mobile] => 13338550457
    [code] => 166710
    [tmpMobileID] => 51
    [IP] => 192.168.10.89
    [sType] => 1
    [sign] => bj_reg_check
)
]
[13:39:15][|m_code_key|sendsmscachebj_reg_checkTMP5113338550457]
[13:53:23][|-param-|Array
(
    [mobile] => 13338550457
    [code] => 223170
    [tmpMobileID] => 51
    [IP] => 192.168.10.89
    [sType] => 1
    [sign] => bj_reg_check
)
]
[13:53:23][|m_code_key|sendsmscachebj_reg_checkTMP5113338550457]
[13:53:42][|-param-|Array
(
    [mobile] => 13338550457
    [code] => 228757
    [tmpMobileID] => 51
    [IP] => 192.168.10.89
    [sType] => 1
    [sign] => bj_reg_check
)
]
[13:53:42][|m_code_key|sendsmscachebj_reg_checkTMP5113338550457]
[13:54:14][|-param-|Array
(
    [mobile] => 13338550457
    [code] => 806058
    [tmpMobileID] => 51
    [IP] => 192.168.10.89
    [sType] => 1
    [sign] => bj_reg_check
)
]
[13:54:14][|m_code_key|sendsmscachebj_reg_checkTMP5113338550457]
[13:56:16][|-param-|Array
(
    [mobile] => 13338550457
    [code] => 924735
    [tmpMobileID] => 51
    [IP] => 192.168.10.89
    [sType] => 1
    [sign] => bj_reg_check
)
]
[13:56:16][|m_code_key|sendsmscachebj_reg_checkTMP5113338550457]
[13:57:38][|-param-|Array
(
    [mobile] => 13338550457
    [code] => 084084
    [tmpMobileID] => 51
    [IP] => 192.168.10.89
    [sType] => 1
    [sign] => bj_reg_check
)
]
[13:57:38][|m_code_key|sendsmscachebj_reg_checkTMP5113338550457]
[13:59:45][|-param-|Array
(
    [mobile] => 13338550457
    [code] => 107533
    [tmpMobileID] => 51
    [IP] => 192.168.10.89
    [sType] => 1
    [sign] => bj_reg_check
)
]
[13:59:45][|m_code_key|sendsmscachebj_reg_checkTMP5113338550457]
[14:00:05][|-param-|Array
(
    [mobile] => 13338550457
    [code] => 145214
    [tmpMobileID] => 51
    [IP] => 192.168.10.89
    [sType] => 1
    [sign] => bj_reg_check
)
]
[14:00:05][|m_code_key|sendsmscachebj_reg_checkTMP5113338550457]
[14:00:41][|-param-|Array
(
    [mobile] => 13338550457
    [code] => 956175
    [tmpMobileID] => 51
    [IP] => 192.168.10.89
    [sType] => 1
    [sign] => bj_reg_check
)
]
[14:00:41][|m_code_key|sendsmscachebj_reg_checkTMP5113338550457]
[14:02:33][|-param-|Array
(
    [mobile] => 13338550457
    [code] => 374116
    [tmpMobileID] => 51
    [IP] => 192.168.10.115
    [sType] => 1
    [sign] => bj_reg_check
)
]
[14:02:33][|m_code_key|sendsmscachebj_reg_checkTMP5113338550457]
[14:02:50][|-param-|Array
(
    [mobile] => 13338550457
    [code] => 250776
    [tmpMobileID] => 51
    [IP] => 192.168.10.115
    [sType] => 1
    [sign] => bj_reg_check
)
]
[14:02:50][|m_code_key|sendsmscachebj_reg_checkTMP5113338550457]
[14:04:45][|-param-|Array
(
    [mobile] => 13338550457
    [code] => 121367
    [tmpMobileID] => 51
    [IP] => 192.168.10.115
    [sType] => 1
    [sign] => bj_reg_check
)
]
[14:04:45][|m_code_key|sendsmscachebj_reg_checkTMP5113338550457]
[14:05:46][|-param-|Array
(
    [mobile] => 13338550457
    [code] => 810799
    [tmpMobileID] => 51
    [IP] => 192.168.10.115
    [sType] => 1
    [sign] => bj_reg_check
)
]
[14:05:46][|m_code_key|sendsmscachebj_reg_checkTMP5113338550457]
[14:10:17][|-param-|Array
(
    [mobile] => 13338550457
    [code] => 128774
    [tmpMobileID] => 51
    [IP] => 192.168.10.89
    [sType] => 1
    [sign] => bj_reg_check
)
]
[14:10:17][|m_code_key|sendsmscachebj_reg_checkTMP5113338550457]
[14:10:30][|-param-|Array
(
    [mobile] => 13338550457
    [code] => 497277
    [tmpMobileID] => 51
    [IP] => 192.168.10.89
    [sType] => 1
    [sign] => bj_reg_check
)
]
[14:10:30][|m_code_key|sendsmscachebj_reg_checkTMP5113338550457]
[14:10:51][|-param-|Array
(
    [mobile] => 13338550457
    [code] => 917654
    [tmpMobileID] => 51
    [IP] => 192.168.10.89
    [sType] => 1
    [sign] => bj_reg_check
)
]
[14:10:51][|m_code_key|sendsmscachebj_reg_checkTMP5113338550457]
[14:39:48][|-param-|Array
(
    [mobile] => 13338550457
    [code] => 618847
    [tmpMobileID] => 51
    [IP] => 192.168.10.115
    [sType] => 1
    [sign] => bj_reg_check
)
]
[14:39:48][|m_code_key|sendsmscachebj_reg_checkTMP5113338550457]
[14:40:32][|-param-|Array
(
    [mobile] => 13338550457
    [code] => 150266
    [tmpMobileID] => 51
    [IP] => 192.168.10.115
    [sType] => 1
    [sign] => bj_reg_check
)
]
[14:40:32][|m_code_key|sendsmscachebj_reg_checkTMP5113338550457]
[14:41:05][|-param-|Array
(
    [mobile] => 13338550457
    [code] => 196290
    [tmpMobileID] => 51
    [IP] => 192.168.10.115
    [sType] => 1
    [sign] => bj_reg_check
)
]
[14:41:05][|m_code_key|sendsmscachebj_reg_checkTMP5113338550457]
[14:42:38][|-param-|Array
(
    [mobile] => 13338550457
    [code] => 751565
    [tmpMobileID] => 51
    [IP] => 192.168.10.115
    [sType] => 1
    [sign] => bj_reg_check
)
]
[14:42:38][|m_code_key|sendsmscachebj_reg_checkTMP5113338550457]
[14:43:01][|-param-|Array
(
    [mobile] => 13338550457
    [code] => 093663
    [tmpMobileID] => 51
    [IP] => 192.168.10.115
    [sType] => 1
    [sign] => bj_reg_check
)
]
[14:43:01][|m_code_key|sendsmscachebj_reg_checkTMP5113338550457]
[14:43:28][|-param-|Array
(
    [mobile] => 13338550457
    [code] => 475849
    [tmpMobileID] => 51
    [IP] => 192.168.10.115
    [sType] => 1
    [sign] => bj_reg_check
)
]
[14:43:28][|m_code_key|sendsmscachebj_reg_checkTMP5113338550457]
[14:43:48][|-param-|Array
(
    [mobile] => 13338550457
    [code] => 890420
    [tmpMobileID] => 51
    [IP] => 192.168.10.115
    [sType] => 1
    [sign] => bj_reg_check
)
]
[14:43:48][|m_code_key|sendsmscachebj_reg_checkTMP5113338550457]
[14:44:28][|-param-|Array
(
    [mobile] => 13338550457
    [code] => 018237
    [tmpMobileID] => 51
    [IP] => 192.168.10.115
    [sType] => 1
    [sign] => bj_reg_check
)
]
[14:44:28][|m_code_key|sendsmscachebj_reg_checkTMP5113338550457]
[14:45:01][|-param-|Array
(
    [mobile] => 13338550457
    [code] => 722281
    [tmpMobileID] => 51
    [IP] => 192.168.10.115
    [sType] => 1
    [sign] => bj_reg_check
)
]
[14:45:01][|m_code_key|sendsmscachebj_reg_checkTMP5113338550457]
[14:45:35][|-param-|Array
(
    [mobile] => 13338550457
    [code] => 863075
    [tmpMobileID] => 51
    [IP] => 192.168.10.115
    [sType] => 1
    [sign] => bj_reg_check
)
]
[14:45:35][|m_code_key|sendsmscachebj_reg_checkTMP5113338550457]
[14:46:23][|-param-|Array
(
    [mobile] => 13338550457
    [code] => 183310
    [tmpMobileID] => 51
    [IP] => 192.168.10.115
    [sType] => 1
    [sign] => bj_reg_check
)
]
[14:46:23][|m_code_key|sendsmscachebj_reg_checkTMP5113338550457]
[14:49:12][|-param-|Array
(
    [mobile] => 13338550457
    [code] => 716810
    [tmpMobileID] => 51
    [IP] => 192.168.10.89
    [sType] => 1
    [sign] => bj_reg_check
)
]
[14:49:12][|m_code_key|sendsmscachebj_reg_checkTMP5113338550457]
[14:50:44][|-param-|Array
(
    [mobile] => 13338550457
    [code] => 903350
    [tmpMobileID] => 51
    [IP] => 192.168.10.89
    [sType] => 1
    [sign] => bj_reg_check
)
]
[14:50:44][|m_code_key|sendsmscachebj_reg_checkTMP5113338550457]
[14:51:12][|-param-|Array
(
    [mobile] => 13338550457
    [code] => 727073
    [tmpMobileID] => 51
    [IP] => 192.168.10.89
    [sType] => 1
    [sign] => bj_reg_check
)
]
[14:51:12][|m_code_key|sendsmscachebj_reg_checkTMP5113338550457]
[14:52:18][|-param-|Array
(
    [mobile] => 13338550457
    [code] => 371191
    [tmpMobileID] => 51
    [IP] => 192.168.10.89
    [sType] => 1
    [sign] => bj_reg_check
)
]
[14:52:18][|m_code_key|sendsmscachebj_reg_checkTMP5113338550457]
[14:53:19][|-param-|Array
(
    [mobile] => 13338550457
    [code] => 169890
    [tmpMobileID] => 51
    [IP] => 192.168.10.115
    [sType] => 1
    [sign] => bj_reg_check
)
]
[14:53:19][|m_code_key|sendsmscachebj_reg_checkTMP5113338550457]
[14:55:21][|-param-|Array
(
    [mobile] => 13338550457
    [code] => 523212
    [tmpMobileID] => 51
    [IP] => 192.168.10.115
    [sType] => 1
    [sign] => bj_reg_check
)
]
[14:55:21][|m_code_key|sendsmscachebj_reg_checkTMP5113338550457]
[15:23:19][|-param-|Array
(
    [mobile] => 13338550457
    [code] => 926458
    [tmpMobileID] => 51
    [IP] => 192.168.10.115
    [sType] => 1
    [sign] => bj_reg_check
)
]
[15:23:19][|m_code_key|sendsmscachebj_reg_checkTMP5113338550457]
[15:53:29][|-param-|Array
(
    [mobile] => 18650517649
    [code] => 950467
    [tmpMobileID] => 52
    [IP] => 192.168.10.115
    [sType] => 1
    [sign] => bj_reg_check
)
]
[15:53:29][|m_code_key|sendsmscachebj_reg_checkTMP5218650517649]
[16:09:06][|-param-|Array
(
    [mobile] => 13338550457
    [code] => 385804
    [tmpMobileID] => 51
    [IP] => 192.168.10.89
    [sType] => 1
    [sign] => bj_reg_check
)
]
[16:09:06][|m_code_key|sendsmscachebj_reg_checkTMP5113338550457]
[16:30:37][|-param-|Array
(
    [mobile] => 13338550457
    [code] => 777032
    [tmpMobileID] => 51
    [IP] => 192.168.10.89
    [sType] => 1
    [sign] => bj_reg_check
)
]
[16:30:37][|m_code_key|sendsmscachebj_reg_checkTMP5113338550457]
