[10:17:35][|-param-|Array
(
    [mobile] => 18065043496
    [code] => 991185
    [userID] => 21
    [IP] => 192.168.10.85
    [sType] => 2
    [sign] => bj_bkpwd_check
)
]
[10:17:35][|m_code_key|sendsmscachebj_bkpwd_check2118065043496]
[10:26:01][|-param-|Array
(
    [mobile] => 18065043496
    [code] => 571681
    [userID] => 21
    [IP] => 192.168.10.85
    [sType] => 2
    [sign] => bj_bkpwd_check
)
]
[10:26:01][|m_code_key|sendsmscachebj_bkpwd_check2118065043496]
[10:54:48][|-param-|Array
(
    [mobile] => 18065043496
    [code] => 657562
    [userID] => 21
    [IP] => 192.168.10.85
    [sType] => 2
    [sign] => bj_bkpwd_check
)
]
[10:54:48][|m_code_key|sendsmscachebj_bkpwd_check2118065043496]
[11:03:40][|-param-|Array
(
    [mobile] => 18065043496
    [code] => 880075
    [userID] => 21
    [IP] => 192.168.10.85
    [sType] => 2
    [sign] => bj_bkpwd_check
)
]
[11:03:40][|m_code_key|sendsmscachebj_bkpwd_check2118065043496]
[11:07:29][|-param-|Array
(
    [mobile] => 18065043496
    [code] => 687410
    [userID] => 21
    [IP] => 192.168.10.85
    [sType] => 2
    [sign] => bj_bkpwd_check
)
]
[11:07:29][|m_code_key|sendsmscachebj_bkpwd_check2118065043496]
[11:11:57][|-param-|Array
(
    [mobile] => 18065043496
    [code] => 045375
    [userID] => 21
    [IP] => 192.168.10.85
    [sType] => 2
    [sign] => bj_bkpwd_check
)
]
[11:11:57][|m_code_key|sendsmscachebj_bkpwd_check2118065043496]
[11:54:44][|-param-|Array
(
    [mobile] => 18065043496
    [code] => 956750
    [userID] => 21
    [IP] => 192.168.10.85
    [sType] => 2
    [sign] => bj_bkpwd_check
)
]
[11:54:44][|m_code_key|sendsmscachebj_bkpwd_check2118065043496]
[12:00:47][|-param-|Array
(
    [mobile] => 18065043496
    [code] => 962149
    [userID] => 21
    [IP] => 192.168.10.85
    [sType] => 2
    [sign] => bj_bkpwd_check
)
]
[12:00:47][|m_code_key|sendsmscachebj_bkpwd_check2118065043496]
