[10:27:50][|-param-|Array
(
    [mobile] => 13338550457
    [code] => 622341
    [tmpMobileID] => 80
    [IP] => 192.168.10.89
    [sType] => 1
    [sign] => bj_reg_check
)
]
[10:27:50][|m_code_key|sendsmscachebj_reg_checkTMP8013338550457]
[10:44:16][|-param-|Array
(
    [mobile] => 13338550457
    [code] => 073558
    [tmpMobileID] => 80
    [IP] => 192.168.10.89
    [sType] => 1
    [sign] => bj_reg_check
)
]
[10:44:16][|m_code_key|sendsmscachebj_reg_checkTMP8013338550457]
[10:51:17][|-param-|Array
(
    [mobile] => 15980286436
    [code] => 509772
    [tmpMobileID] => 81
    [IP] => 192.168.10.22
    [sType] => 1
    [sign] => bj_reg_check
)
]
[10:51:17][|m_code_key|sendsmscachebj_reg_checkTMP8115980286436]
[10:55:34][|-param-|Array
(
    [mobile] => 13338550457
    [code] => 419498
    [tmpMobileID] => 80
    [IP] => 192.168.10.89
    [sType] => 1
    [sign] => bj_reg_check
)
]
[10:55:34][|m_code_key|sendsmscachebj_reg_checkTMP8013338550457]
[11:00:42][|-param-|Array
(
    [mobile] => 13338550457
    [code] => 425607
    [tmpMobileID] => 80
    [IP] => 192.168.10.89
    [sType] => 1
    [sign] => bj_reg_check
)
]
[11:00:42][|m_code_key|sendsmscachebj_reg_checkTMP8013338550457]
[11:08:28][|-param-|Array
(
    [mobile] => 13338550457
    [code] => 837198
    [tmpMobileID] => 80
    [IP] => 192.168.10.89
    [sType] => 1
    [sign] => bj_reg_check
)
]
[11:08:28][|m_code_key|sendsmscachebj_reg_checkTMP8013338550457]
[14:00:17][|-param-|Array
(
    [mobile] => 18065043496
    [code] => 019594
    [userID] => 169
    [IP] => 192.168.15.235
    [sType] => 3
    [sign] => bj_tradepwd_check
)
]
[14:00:17][|m_code_key|sendsmscachebj_tradepwd_check16918065043496]
[14:01:22][|-param-|Array
(
    [mobile] => 18059949892
    [code] => 682303
    [tmpMobileID] => 82
    [IP] => 192.168.15.235
    [sType] => 1
    [sign] => bj_reg_check
)
]
[14:01:22][|m_code_key|sendsmscachebj_reg_checkTMP8218059949892]
[14:13:04][|-param-|Array
(
    [mobile] => 18065043496
    [code] => 468135
    [userID] => 169
    [IP] => 192.168.15.235
    [sType] => 3
    [sign] => bj_tradepwd_check
)
]
[14:13:04][|m_code_key|sendsmscachebj_tradepwd_check16918065043496]
[14:18:45][|-param-|Array
(
    [mobile] => 18065043496
    [code] => 305194
    [userID] => 169
    [IP] => 192.168.15.235
    [sType] => 3
    [sign] => bj_tradepwd_check
)
]
[14:18:45][|m_code_key|sendsmscachebj_tradepwd_check16918065043496]
[14:23:37][|-param-|Array
(
    [mobile] => 18065043496
    [code] => 713254
    [userID] => 169
    [IP] => 192.168.15.235
    [sType] => 3
    [sign] => bj_tradepwd_check
)
]
[14:23:37][|m_code_key|sendsmscachebj_tradepwd_check16918065043496]
[14:28:51][|-param-|Array
(
    [mobile] => 18065043496
    [code] => 860908
    [userID] => 169
    [IP] => 192.168.15.235
    [sType] => 3
    [sign] => bj_tradepwd_check
)
]
[14:28:51][|m_code_key|sendsmscachebj_tradepwd_check16918065043496]
[14:37:07][|-param-|Array
(
    [mobile] => 18065043496
    [code] => 621670
    [userID] => 169
    [IP] => 192.168.15.235
    [sType] => 3
    [sign] => bj_tradepwd_check
)
]
[14:37:07][|m_code_key|sendsmscachebj_tradepwd_check16918065043496]
[14:56:51][|-param-|Array
(
    [mobile] => 13338550457
    [code] => 306589
    [tmpMobileID] => 83
    [IP] => 192.168.10.89
    [sType] => 1
    [sign] => bj_reg_check
)
]
[14:56:51][|m_code_key|sendsmscachebj_reg_checkTMP8313338550457]
[15:35:58][|-param-|Array
(
    [mobile] => 18065043496
    [code] => 758547
    [userID] => 169
    [IP] => 192.168.15.235
    [sType] => 3
    [sign] => bj_tradepwd_check
)
]
[15:35:58][|m_code_key|sendsmscachebj_tradepwd_check16918065043496]
