[09:34:56][|-param-|Array
(
    [mobile] => 18671517368
    [code] => 980284
    [userID] => 71
    [IP] => 10.100.0.18
    [sType] => 2
    [sign] => bj_bkpwd_check
)
]
[09:34:56][|m_code_key|sendsmscachebj_bkpwd_check7118671517368]
[09:40:25][|-param-|Array
(
    [mobile] => 18671517368
    [code] => 757036
    [userID] => 71
    [IP] => 10.100.0.18
    [sType] => 2
    [sign] => bj_bkpwd_check
)
]
[09:40:25][|m_code_key|sendsmscachebj_bkpwd_check7118671517368]
[09:43:55][|-param-|Array
(
    [mobile] => 18671517368
    [code] => 913536
    [userID] => 71
    [IP] => 10.100.0.18
    [sType] => 2
    [sign] => bj_bkpwd_check
)
]
[09:43:55][|m_code_key|sendsmscachebj_bkpwd_check7118671517368]
[09:45:44][|-param-|Array
(
    [mobile] => 13071252005
    [code] => 380556
    [tmpMobileID] => 56
    [IP] => 10.100.0.18
    [sType] => 1
    [sign] => bj_reg_check
)
]
[09:45:44][|m_code_key|sendsmscachebj_reg_checkTMP5613071252005]
[09:58:11][|-param-|Array
(
    [mobile] => 18671517368
    [code] => 784948
    [userID] => 71
    [IP] => 10.100.0.18
    [sType] => 2
    [sign] => bj_bkpwd_check
)
]
[09:58:11][|m_code_key|sendsmscachebj_bkpwd_check7118671517368]
[11:05:42][|-param-|Array
(
    [mobile] => 18671517368
    [code] => 022715
    [userID] => 71
    [IP] => 10.100.0.18
    [sType] => 2
    [sign] => bj_bkpwd_check
)
]
[11:05:42][|m_code_key|sendsmscachebj_bkpwd_check7118671517368]
[11:09:48][|-param-|Array
(
    [mobile] => 13071252005
    [code] => 094436
    [tmpMobileID] => 56
    [IP] => 10.100.0.18
    [sType] => 1
    [sign] => bj_reg_check
)
]
[11:09:48][|m_code_key|sendsmscachebj_reg_checkTMP5613071252005]
[13:10:34][|-param-|Array
(
    [mobile] => 13071252005
    [code] => 971592
    [tmpMobileID] => 56
    [IP] => 192.168.15.235
    [sType] => 1
    [sign] => bj_reg_check
)
]
[13:10:34][|m_code_key|sendsmscachebj_reg_checkTMP5613071252005]
[13:19:04][|-param-|Array
(
    [mobile] => 18671517368
    [code] => 013249
    [userID] => 71
    [IP] => 192.168.15.235
    [sType] => 2
    [sign] => bj_bkpwd_check
)
]
[13:19:04][|m_code_key|sendsmscachebj_bkpwd_check7118671517368]
[13:26:54][|-param-|Array
(
    [mobile] => 13477029958
    [code] => 594563
    [tmpMobileID] => 57
    [IP] => 10.100.0.18
    [sType] => 1
    [sign] => bj_reg_check
)
]
[13:26:54][|m_code_key|sendsmscachebj_reg_checkTMP5713477029958]
[13:41:18][|-param-|Array
(
    [mobile] => 13477029958
    [code] => 475821
    [tmpMobileID] => 57
    [IP] => 10.100.0.18
    [sType] => 1
    [sign] => bj_reg_check
)
]
[13:41:18][|m_code_key|sendsmscachebj_reg_checkTMP5713477029958]
[13:57:10][|-param-|Array
(
    [mobile] => 13037100638
    [code] => 999436
    [tmpMobileID] => 58
    [IP] => 192.168.15.235
    [sType] => 1
    [sign] => bj_reg_check
)
]
[13:57:10][|m_code_key|sendsmscachebj_reg_checkTMP5813037100638]
[15:39:14][|-param-|Array
(
    [mobile] => 18125530297
    [code] => 981980
    [tmpMobileID] => 59
    [IP] => 192.168.15.235
    [sType] => 1
    [sign] => bj_reg_check
)
]
[15:39:14][|m_code_key|sendsmscachebj_reg_checkTMP5918125530297]
[16:30:35][|-param-|Array
(
    [mobile] => 13037100638
    [code] => 793734
    [tmpMobileID] => 58
    [IP] => 192.168.15.235
    [sType] => 1
    [sign] => bj_reg_check
)
]
[16:30:35][|m_code_key|sendsmscachebj_reg_checkTMP5813037100638]
[16:32:28][|-param-|Array
(
    [mobile] => 13338550457
    [code] => 271232
    [tmpMobileID] => 60
    [IP] => 192.168.10.89
    [sType] => 1
    [sign] => bj_reg_check
)
]
[16:32:28][|m_code_key|sendsmscachebj_reg_checkTMP6013338550457]
