[09:19:26][|-param-|Array
(
    [mobile] => 18065043496
    [code] => 576340
    [userID] => 169
    [IP] => 192.168.15.235
    [sType] => 3
    [sign] => bj_tradepwd_check
)
]
[09:19:26][|m_code_key|sendsmscachebj_tradepwd_check16918065043496]
[09:20:42][|-param-|Array
(
    [mobile] => 18065043496
    [code] => 832372
    [userID] => 169
    [IP] => 192.168.15.235
    [sType] => 3
    [sign] => bj_tradepwd_check
)
]
[09:20:42][|m_code_key|sendsmscachebj_tradepwd_check16918065043496]
[09:20:46][|-param-|Array
(
    [mobile] => 18065043496
    [code] => 786913
    [userID] => 169
    [IP] => 192.168.15.235
    [sType] => 3
    [sign] => bj_tradepwd_check
)
]
[09:20:46][|m_code_key|sendsmscachebj_tradepwd_check16918065043496]
[09:20:47][|-param-|Array
(
    [mobile] => 18065043496
    [code] => 184949
    [userID] => 169
    [IP] => 192.168.15.235
    [sType] => 3
    [sign] => bj_tradepwd_check
)
]
[09:20:47][|m_code_key|sendsmscachebj_tradepwd_check16918065043496]
[09:28:40][|-param-|Array
(
    [mobile] => 18065043496
    [code] => 609615
    [userID] => 169
    [IP] => 192.168.15.235
    [sType] => 3
    [sign] => bj_tradepwd_check
)
]
[09:28:40][|m_code_key|sendsmscachebj_tradepwd_check16918065043496]
[09:47:29][|-param-|Array
(
    [mobile] => 18125530297
    [code] => 036852
    [userID] => 170
    [IP] => 192.168.15.235
    [sType] => 3
    [sign] => bj_tradepwd_check
)
]
[09:47:29][|m_code_key|sendsmscachebj_tradepwd_check17018125530297]
[09:50:41][|-param-|Array
(
    [mobile] => 18125530297
    [code] => 464852
    [userID] => 178
    [IP] => 192.168.15.235
    [sType] => 3
    [sign] => bj_tradepwd_check
)
]
[09:50:41][|m_code_key|sendsmscachebj_tradepwd_check17818125530297]
[09:50:51][|-param-|Array
(
    [mobile] => 18125530297
    [code] => 837371
    [userID] => 178
    [IP] => 192.168.15.235
    [sType] => 3
    [sign] => bj_tradepwd_check
)
]
[09:50:51][|m_code_key|sendsmscachebj_tradepwd_check17818125530297]
[09:55:42][|-param-|Array
(
    [mobile] => 18065043496
    [code] => 628859
    [userID] => 169
    [IP] => 192.168.15.235
    [sType] => 3
    [sign] => bj_tradepwd_check
)
]
[09:55:42][|m_code_key|sendsmscachebj_tradepwd_check16918065043496]
[09:58:07][|-param-|Array
(
    [mobile] => 18065043496
    [code] => 137379
    [userID] => 215
    [IP] => 192.168.15.235
    [sType] => 3
    [sign] => bj_tradepwd_check
)
]
[09:58:07][|m_code_key|sendsmscachebj_tradepwd_check21518065043496]
[10:12:58][|-param-|Array
(
    [mobile] => 18065043496
    [code] => 812717
    [userID] => 215
    [IP] => 192.168.15.235
    [sType] => 3
    [sign] => bj_tradepwd_check
)
]
[10:12:58][|m_code_key|sendsmscachebj_tradepwd_check21518065043496]
[10:27:50][|-param-|Array
(
    [mobile] => 18125530297
    [code] => 628203
    [userID] => 170
    [IP] => 192.168.15.235
    [sType] => 3
    [sign] => bj_tradepwd_check
)
]
[10:27:50][|m_code_key|sendsmscachebj_tradepwd_check17018125530297]
[10:30:12][|-param-|Array
(
    [mobile] => 18065043496
    [code] => 761006
    [userID] => 215
    [IP] => 192.168.15.235
    [sType] => 3
    [sign] => bj_tradepwd_check
)
]
[10:30:12][|m_code_key|sendsmscachebj_tradepwd_check21518065043496]
[10:40:16][|-param-|Array
(
    [mobile] => 18065043496
    [code] => 876585
    [userID] => 215
    [IP] => 192.168.15.235
    [sType] => 3
    [sign] => bj_tradepwd_check
)
]
[10:40:16][|m_code_key|sendsmscachebj_tradepwd_check21518065043496]
[11:11:04][|-param-|Array
(
    [mobile] => 18065043496
    [code] => 677453
    [userID] => 215
    [IP] => 192.168.15.235
    [sType] => 3
    [sign] => bj_tradepwd_check
)
]
[11:11:04][|m_code_key|sendsmscachebj_tradepwd_check21518065043496]
[11:21:01][|-param-|Array
(
    [mobile] => 18125530297
    [code] => 039953
    [userID] => 170
    [IP] => 192.168.15.235
    [sType] => 3
    [sign] => bj_tradepwd_check
)
]
[11:21:01][|m_code_key|sendsmscachebj_tradepwd_check17018125530297]
[14:17:21][|-param-|Array
(
    [mobile] => 15972158074
    [code] => 003496
    [userID] => 196
    [IP] => 192.168.15.235
    [sType] => 4
    [sign] => bj_trademod_check
)
]
[14:17:21][|m_code_key|sendsmscachebj_trademod_check19615972158074]
