[09:12:37][|-param-|Array
(
    [mobile] => 18065043496
    [code] => 418969
    [userID] => 169
    [IP] => 192.168.15.235
    [sType] => 2
    [sign] => bj_bkpwd_check
)
]
[09:12:37][|m_code_key|sendsmscachebj_bkpwd_check16918065043496]
[10:05:37][|-param-|Array
(
    [mobile] => 13338550457
    [code] => 115821
    [IP] => 192.168.10.89
    [sType] => 3
    [sign] => bj_reg_check
    [tmpMobileID] => 84
)
]
[10:05:37][|m_code_key|sendsmscachebj_reg_checkTMP8413338550457]
[10:06:08][|-param-|Array
(
    [mobile] => 15205006442
    [code] => 909826
    [tmpMobileID] => 85
    [IP] => 192.168.10.39
    [sType] => 1
    [sign] => bj_reg_check
)
]
[10:06:08][|m_code_key|sendsmscachebj_reg_checkTMP8515205006442]
[10:14:06][|-param-|Array
(
    [mobile] => 13338550457
    [code] => 675053
    [IP] => 192.168.10.89
    [sType] => 3
    [sign] => bj_reg_check
    [tmpMobileID] => 84
)
]
[10:14:06][|m_code_key|sendsmscachebj_reg_checkTMP8413338550457]
[10:29:50][|-param-|Array
(
    [mobile] => 13338550457
    [code] => 176617
    [IP] => 192.168.10.89
    [sType] => 3
    [sign] => bj_reg_check
    [tmpMobileID] => 84
)
]
[10:29:50][|m_code_key|sendsmscachebj_reg_checkTMP8413338550457]
[10:57:03][|-param-|Array
(
    [mobile] => 13338550457
    [code] => 434402
    [IP] => 192.168.10.89
    [sType] => 4
    [sign] => bj_reg_check
    [tmpMobileID] => 84
)
]
[10:57:03][|m_code_key|sendsmscachebj_reg_checkTMP8413338550457]
[11:05:43][|-param-|Array
(
    [mobile] => 13338550457
    [code] => 880216
    [IP] => 192.168.10.89
    [sType] => 4
    [sign] => bj_reg_check
    [tmpMobileID] => 84
)
]
[11:05:43][|m_code_key|sendsmscachebj_reg_checkTMP8413338550457]
[11:15:10][|-param-|Array
(
    [mobile] => 15205006442
    [code] => 299029
    [tmpMobileID] => 86
    [IP] => 192.168.10.39
    [sType] => 1
    [sign] => bj_reg_check
)
]
[11:15:10][|m_code_key|sendsmscachebj_reg_checkTMP8615205006442]
[14:17:03][|-param-|Array
(
    [mobile] => 18125530297
    [code] => 437708
    [IP] => 192.168.15.235
    [sType] => 4
    [sign] => bj_reg_check
    [tmpMobileID] => 87
)
]
[14:17:03][|m_code_key|sendsmscachebj_reg_checkTMP8718125530297]
[14:20:23][|-param-|Array
(
    [mobile] => 13338550457
    [code] => 704638
    [IP] => 192.168.10.89
    [sType] => 4
    [sign] => bj_reg_check
    [tmpMobileID] => 84
)
]
[14:20:23][|m_code_key|sendsmscachebj_reg_checkTMP8413338550457]
[15:02:03][|-param-|Array
(
    [mobile] => 15972158074
    [code] => 991276
    [userID] => 196
    [IP] => 192.168.15.235
    [sType] => 3
    [sign] => bj_tradepwd_check
)
]
[15:02:03][|m_code_key|sendsmscachebj_tradepwd_check19615972158074]
[15:08:23][|-param-|Array
(
    [mobile] => 15972158074
    [code] => 434586
    [userID] => 196
    [IP] => 192.168.15.235
    [sType] => 3
    [sign] => bj_tradepwd_check
)
]
[15:08:23][|m_code_key|sendsmscachebj_tradepwd_check19615972158074]
[15:12:20][|-param-|Array
(
    [mobile] => 18125530297
    [code] => 217354
    [IP] => 192.168.15.235
    [sType] => 4
    [sign] => bj_reg_check
    [tmpMobileID] => 87
)
]
[15:12:20][|m_code_key|sendsmscachebj_reg_checkTMP8718125530297]
[15:12:32][|-param-|Array
(
    [mobile] => 18065043496
    [code] => 436761
    [userID] => 169
    [IP] => 192.168.15.235
    [sType] => 3
    [sign] => bj_tradepwd_check
)
]
[15:12:32][|m_code_key|sendsmscachebj_tradepwd_check16918065043496]
[15:23:42][|-param-|Array
(
    [mobile] => 18065043496
    [code] => 467936
    [userID] => 169
    [IP] => 192.168.15.235
    [sType] => 3
    [sign] => bj_tradepwd_check
)
]
[15:23:42][|m_code_key|sendsmscachebj_tradepwd_check16918065043496]
[15:26:38][|-param-|Array
(
    [mobile] => 15972158074
    [code] => 333296
    [userID] => 196
    [IP] => 192.168.15.235
    [sType] => 3
    [sign] => bj_tradepwd_check
)
]
[15:26:38][|m_code_key|sendsmscachebj_tradepwd_check19615972158074]
[16:30:38][|-param-|Array
(
    [mobile] => 15205006442
    [code] => 548419
    [tmpMobileID] => 86
    [IP] => 192.168.10.39
    [sType] => 1
    [sign] => bj_reg_check
)
]
[16:30:38][|m_code_key|sendsmscachebj_reg_checkTMP8615205006442]
[16:55:28][|-param-|Array
(
    [mobile] => 15205006442
    [code] => 586023
    [userID] => 220
    [IP] => 192.168.10.39
    [sType] => 3
    [sign] => bj_tradepwd_check
)
]
[16:55:28][|m_code_key|sendsmscachebj_tradepwd_check22015205006442]
[17:04:55][|-param-|Array
(
    [mobile] => 18065043496
    [code] => 792729
    [userID] => 169
    [IP] => 192.168.15.235
    [sType] => 3
    [sign] => bj_tradepwd_check
)
]
[17:04:55][|m_code_key|sendsmscachebj_tradepwd_check16918065043496]
[17:23:30][|-param-|Array
(
    [mobile] => 15205006442
    [code] => 014533
    [IP] => 192.168.10.39
    [sType] => 4
    [sign] => bj_reg_check
    [tmpMobileID] => 88
)
]
[17:23:30][|m_code_key|sendsmscachebj_reg_checkTMP8815205006442]
[18:49:09][|-param-|Array
(
    [mobile] => 18125530297
    [code] => 933892
    [IP] => 192.168.15.235
    [sType] => 4
    [sign] => bj_reg_check
    [tmpMobileID] => 87
)
]
[18:49:09][|m_code_key|sendsmscachebj_reg_checkTMP8718125530297]
[21:08:54][|-param-|Array
(
    [mobile] => 18125530297
    [code] => 324040
    [userID] => 178
    [IP] => 192.168.15.235
    [sType] => 3
    [sign] => bj_tradepwd_check
)
]
[21:08:54][|m_code_key|sendsmscachebj_tradepwd_check17818125530297]
[21:31:28][|-param-|Array
(
    [mobile] => 18065043496
    [code] => 964325
    [userID] => 169
    [IP] => 192.168.17.222
    [sType] => 3
    [sign] => bj_tradepwd_check
)
]
[21:31:28][|m_code_key|sendsmscachebj_tradepwd_check16918065043496]
[21:52:22][|-param-|Array
(
    [mobile] => 18125530297
    [code] => 696332
    [userID] => 178
    [IP] => 192.168.15.235
    [sType] => 3
    [sign] => bj_tradepwd_check
)
]
[21:52:22][|m_code_key|sendsmscachebj_tradepwd_check17818125530297]
[22:04:15][|-param-|Array
(
    [mobile] => 18065043496
    [code] => 226907
    [userID] => 169
    [IP] => 192.168.17.222
    [sType] => 3
    [sign] => bj_tradepwd_check
)
]
[22:04:15][|m_code_key|sendsmscachebj_tradepwd_check16918065043496]
[22:16:30][|-param-|Array
(
    [mobile] => 18125530297
    [code] => 342446
    [userID] => 178
    [IP] => 192.168.15.235
    [sType] => 3
    [sign] => bj_tradepwd_check
)
]
[22:16:30][|m_code_key|sendsmscachebj_tradepwd_check17818125530297]
