[09:16:39][|-param-|Array
(
    [mobile] => 18671517368
    [code] => 994339
    [tmpMobileID] => 61
    [IP] => 10.100.0.18
    [sType] => 1
    [sign] => bj_reg_check
)
]
[09:16:39][|m_code_key|sendsmscachebj_reg_checkTMP6118671517368]
[10:17:05][|-param-|Array
(
    [mobile] => 18125530297
    [code] => 179150
    [tmpMobileID] => 59
    [IP] => 192.168.15.235
    [sType] => 1
    [sign] => bj_reg_check
)
]
[10:17:05][|m_code_key|sendsmscachebj_reg_checkTMP5918125530297]
[11:29:27][|-param-|Array
(
    [mobile] => 18671517368
    [code] => 778254
    [tmpMobileID] => 61
    [IP] => 10.100.0.18
    [sType] => 1
    [sign] => bj_reg_check
)
]
[11:29:27][|m_code_key|sendsmscachebj_reg_checkTMP6118671517368]
[12:45:43][|-param-|Array
(
    [mobile] => 13477029958
    [code] => 970050
    [tmpMobileID] => 57
    [IP] => 10.100.0.18
    [sType] => 1
    [sign] => bj_reg_check
)
]
[12:45:43][|m_code_key|sendsmscachebj_reg_checkTMP5713477029958]
[13:30:11][|-param-|Array
(
    [mobile] => 13599951535
    [code] => 005588
    [tmpMobileID] => 62
    [IP] => 192.168.10.115
    [sType] => 1
    [sign] => bj_reg_check
)
]
[13:30:11][|m_code_key|sendsmscachebj_reg_checkTMP6213599951535]
[13:32:37][|-param-|Array
(
    [mobile] => 18125530297
    [code] => 367084
    [tmpMobileID] => 59
    [IP] => 192.168.15.235
    [sType] => 1
    [sign] => bj_reg_check
)
]
[13:32:37][|m_code_key|sendsmscachebj_reg_checkTMP5918125530297]
[13:34:14][|-param-|Array
(
    [mobile] => 13599951535
    [code] => 164099
    [tmpMobileID] => 63
    [IP] => 192.168.10.115
    [sType] => 1
    [sign] => bj_reg_check
)
]
[13:34:14][|m_code_key|sendsmscachebj_reg_checkTMP6313599951535]
[13:38:33][|-param-|Array
(
    [mobile] => 18125530297
    [code] => 908213
    [tmpMobileID] => 64
    [IP] => 192.168.15.235
    [sType] => 1
    [sign] => bj_reg_check
)
]
[13:38:33][|m_code_key|sendsmscachebj_reg_checkTMP6418125530297]
[13:43:24][|-param-|Array
(
    [mobile] => 13599951535
    [code] => 364946
    [tmpMobileID] => 65
    [IP] => 192.168.10.115
    [sType] => 1
    [sign] => bj_reg_check
)
]
[13:43:24][|m_code_key|sendsmscachebj_reg_checkTMP6513599951535]
[13:52:31][|-param-|Array
(
    [mobile] => 13037100638
    [code] => 618356
    [tmpMobileID] => 58
    [IP] => 192.168.15.235
    [sType] => 1
    [sign] => bj_reg_check
)
]
[13:52:31][|m_code_key|sendsmscachebj_reg_checkTMP5813037100638]
[14:11:37][|-param-|Array
(
    [mobile] => 18125530297
    [code] => 719881
    [userID] => 178
    [IP] => 192.168.15.235
    [sType] => 2
    [sign] => bj_bkpwd_check
)
]
[14:11:37][|m_code_key|sendsmscachebj_bkpwd_check17818125530297]
[14:25:18][|-param-|Array
(
    [mobile] => 18125530297
    [code] => 829921
    [userID] => 178
    [IP] => 192.168.15.235
    [sType] => 2
    [sign] => bj_bkpwd_check
)
]
[14:25:18][|m_code_key|sendsmscachebj_bkpwd_check17818125530297]
[14:33:10][|-param-|Array
(
    [mobile] => 15205006442
    [code] => 329222
    [tmpMobileID] => 66
    [IP] => 192.168.10.39
    [sType] => 1
    [sign] => bj_reg_check
)
]
[14:33:10][|m_code_key|sendsmscachebj_reg_checkTMP6615205006442]
[14:34:05][|-param-|Array
(
    [mobile] => 18125530297
    [code] => 883050
    [userID] => 178
    [IP] => 192.168.15.235
    [sType] => 2
    [sign] => bj_bkpwd_check
)
]
[14:34:05][|m_code_key|sendsmscachebj_bkpwd_check17818125530297]
[14:36:35][|-param-|Array
(
    [mobile] => 13599951535
    [code] => 079270
    [tmpMobileID] => 67
    [IP] => 192.168.10.115
    [sType] => 1
    [sign] => bj_reg_check
)
]
[14:36:35][|m_code_key|sendsmscachebj_reg_checkTMP6713599951535]
[14:37:39][|-param-|Array
(
    [mobile] => 18671517368
    [code] => 839861
    [tmpMobileID] => 61
    [IP] => 10.100.0.18
    [sType] => 1
    [sign] => bj_reg_check
)
]
[14:37:39][|m_code_key|sendsmscachebj_reg_checkTMP6118671517368]
[14:51:32][|-param-|Array
(
    [mobile] => 18065043496
    [code] => 449692
    [userID] => 169
    [IP] => 192.168.15.235
    [sType] => 2
    [sign] => bj_bkpwd_check
)
]
[14:51:32][|m_code_key|sendsmscachebj_bkpwd_check16918065043496]
[15:01:44][|-param-|Array
(
    [mobile] => 18065043496
    [code] => 133600
    [userID] => 169
    [IP] => 192.168.15.235
    [sType] => 2
    [sign] => bj_bkpwd_check
)
]
[15:01:44][|m_code_key|sendsmscachebj_bkpwd_check16918065043496]
[15:07:59][|-param-|Array
(
    [mobile] => 18065043496
    [code] => 446346
    [userID] => 169
    [IP] => 192.168.15.235
    [sType] => 2
    [sign] => bj_bkpwd_check
)
]
[15:07:59][|m_code_key|sendsmscachebj_bkpwd_check16918065043496]
[15:16:52][|-param-|Array
(
    [mobile] => 15620553970
    [code] => 560981
    [tmpMobileID] => 68
    [IP] => 10.100.0.18
    [sType] => 1
    [sign] => bj_reg_check
)
]
[15:16:52][|m_code_key|sendsmscachebj_reg_checkTMP6815620553970]
[15:17:33][|-param-|Array
(
    [mobile] => 18065043496
    [code] => 771680
    [userID] => 169
    [IP] => 192.168.15.235
    [sType] => 2
    [sign] => bj_bkpwd_check
)
]
[15:17:33][|m_code_key|sendsmscachebj_bkpwd_check16918065043496]
[15:20:29][|-param-|Array
(
    [mobile] => 18125530297
    [code] => 012622
    [userID] => 178
    [IP] => 192.168.15.235
    [sType] => 2
    [sign] => bj_bkpwd_check
)
]
[15:20:29][|m_code_key|sendsmscachebj_bkpwd_check17818125530297]
[15:21:40][|-param-|Array
(
    [mobile] => 18065043496
    [code] => 935011
    [userID] => 169
    [IP] => 192.168.15.235
    [sType] => 2
    [sign] => bj_bkpwd_check
)
]
[15:21:40][|m_code_key|sendsmscachebj_bkpwd_check16918065043496]
[15:28:07][|-param-|Array
(
    [mobile] => 18065043496
    [code] => 192781
    [userID] => 169
    [IP] => 192.168.15.235
    [sType] => 2
    [sign] => bj_bkpwd_check
)
]
[15:28:07][|m_code_key|sendsmscachebj_bkpwd_check16918065043496]
[15:30:53][|-param-|Array
(
    [mobile] => 18125530297
    [code] => 918794
    [userID] => 178
    [IP] => 192.168.15.235
    [sType] => 2
    [sign] => bj_bkpwd_check
)
]
[15:30:53][|m_code_key|sendsmscachebj_bkpwd_check17818125530297]
[15:39:23][|-param-|Array
(
    [mobile] => 18125530297
    [code] => 943584
    [userID] => 178
    [IP] => 192.168.15.235
    [sType] => 2
    [sign] => bj_bkpwd_check
)
]
[15:39:23][|m_code_key|sendsmscachebj_bkpwd_check17818125530297]
[15:45:44][|-param-|Array
(
    [mobile] => 18125530297
    [code] => 438664
    [userID] => 178
    [IP] => 192.168.15.235
    [sType] => 2
    [sign] => bj_bkpwd_check
)
]
[15:45:44][|m_code_key|sendsmscachebj_bkpwd_check17818125530297]
[15:48:22][|-param-|Array
(
    [mobile] => 18065043496
    [code] => 986991
    [userID] => 169
    [IP] => 192.168.15.235
    [sType] => 2
    [sign] => bj_bkpwd_check
)
]
[15:48:22][|m_code_key|sendsmscachebj_bkpwd_check16918065043496]
[15:51:30][|-param-|Array
(
    [mobile] => 18125530297
    [code] => 965118
    [userID] => 178
    [IP] => 192.168.15.235
    [sType] => 2
    [sign] => bj_bkpwd_check
)
]
[15:51:30][|m_code_key|sendsmscachebj_bkpwd_check17818125530297]
[16:03:00][|-param-|Array
(
    [mobile] => 18125530297
    [code] => 782616
    [userID] => 178
    [IP] => 192.168.15.235
    [sType] => 2
    [sign] => bj_bkpwd_check
)
]
[16:03:00][|m_code_key|sendsmscachebj_bkpwd_check17818125530297]
[16:08:06][|-param-|Array
(
    [mobile] => 18125530297
    [code] => 236894
    [userID] => 178
    [IP] => 192.168.15.235
    [sType] => 2
    [sign] => bj_bkpwd_check
)
]
[16:08:06][|m_code_key|sendsmscachebj_bkpwd_check17818125530297]
[16:30:36][|-param-|Array
(
    [mobile] => 18125530297
    [code] => 988899
    [userID] => 178
    [IP] => 192.168.15.235
    [sType] => 2
    [sign] => bj_bkpwd_check
)
]
[16:30:36][|m_code_key|sendsmscachebj_bkpwd_check17818125530297]
