[09:59:02][|-param-|Array
(
    [mobile] => 18065043496
    [code] => 598215
    [userID] => 169
    [IP] => 192.168.15.235
    [sType] => 3
    [sign] => bj_tradepwd_check
)
]
[09:59:02][|m_code_key|sendsmscachebj_tradepwd_check16918065043496]
[10:20:12][|-param-|Array
(
    [mobile] => 18125530297
    [code] => 531997
    [userID] => 178
    [IP] => 192.168.15.235
    [sType] => 3
    [sign] => bj_tradepwd_check
)
]
[10:20:12][|m_code_key|sendsmscachebj_tradepwd_check17818125530297]
[15:04:11][|-param-|Array
(
    [mobile] => 18065043496
    [code] => 829684
    [userID] => 169
    [IP] => 192.168.15.235
    [sType] => 3
    [sign] => bj_tradepwd_check
)
]
[15:04:11][|m_code_key|sendsmscachebj_tradepwd_check16918065043496]
[15:09:18][|-param-|Array
(
    [mobile] => 18125530297
    [code] => 870029
    [userID] => 178
    [IP] => 192.168.15.235
    [sType] => 3
    [sign] => bj_tradepwd_check
)
]
[15:09:18][|m_code_key|sendsmscachebj_tradepwd_check17818125530297]
[15:41:43][|-param-|Array
(
    [mobile] => 18065043496
    [code] => 416853
    [userID] => 169
    [IP] => 192.168.15.235
    [sType] => 3
    [sign] => bj_tradepwd_check
)
]
[15:41:43][|m_code_key|sendsmscachebj_tradepwd_check16918065043496]
[15:53:46][|-param-|Array
(
    [mobile] => 18065043496
    [code] => 992531
    [userID] => 169
    [IP] => 192.168.15.235
    [sType] => 3
    [sign] => bj_tradepwd_check
)
]
[15:53:46][|m_code_key|sendsmscachebj_tradepwd_check16918065043496]
[15:58:57][|-param-|Array
(
    [mobile] => 18065043496
    [code] => 390717
    [userID] => 169
    [IP] => 192.168.15.235
    [sType] => 3
    [sign] => bj_tradepwd_check
)
]
[15:58:57][|m_code_key|sendsmscachebj_tradepwd_check16918065043496]
[16:10:35][|-param-|Array
(
    [mobile] => 18125530297
    [code] => 583463
    [userID] => 178
    [IP] => 192.168.15.235
    [sType] => 3
    [sign] => bj_tradepwd_check
)
]
[16:10:35][|m_code_key|sendsmscachebj_tradepwd_check17818125530297]
[16:11:24][|-param-|Array
(
    [mobile] => 18065043496
    [code] => 684628
    [userID] => 169
    [IP] => 192.168.15.235
    [sType] => 2
    [sign] => bj_bkpwd_check
)
]
[16:11:24][|m_code_key|sendsmscachebj_bkpwd_check16918065043496]
[16:14:49][|-param-|Array
(
    [mobile] => 18065043496
    [code] => 185783
    [userID] => 169
    [IP] => 192.168.15.235
    [sType] => 2
    [sign] => bj_bkpwd_check
)
]
[16:14:49][|m_code_key|sendsmscachebj_bkpwd_check16918065043496]
[16:15:44][|-param-|Array
(
    [mobile] => 18065043496
    [code] => 229498
    [userID] => 169
    [IP] => 192.168.15.235
    [sType] => 3
    [sign] => bj_tradepwd_check
)
]
[16:15:44][|m_code_key|sendsmscachebj_tradepwd_check16918065043496]
[16:15:47][|-param-|Array
(
    [mobile] => 18065043496
    [code] => 129727
    [userID] => 169
    [IP] => 192.168.15.235
    [sType] => 3
    [sign] => bj_tradepwd_check
)
]
[16:15:47][|m_code_key|sendsmscachebj_tradepwd_check16918065043496]
[16:15:56][|-param-|Array
(
    [mobile] => 18065043496
    [code] => 308084
    [userID] => 169
    [IP] => 192.168.15.235
    [sType] => 3
    [sign] => bj_tradepwd_check
)
]
[16:15:56][|m_code_key|sendsmscachebj_tradepwd_check16918065043496]
[16:16:30][|-param-|Array
(
    [mobile] => 18065043496
    [code] => 876224
    [userID] => 169
    [IP] => 192.168.15.235
    [sType] => 3
    [sign] => bj_tradepwd_check
)
]
[16:16:30][|m_code_key|sendsmscachebj_tradepwd_check16918065043496]
[16:16:50][|-param-|Array
(
    [mobile] => 18065043496
    [code] => 286387
    [userID] => 169
    [IP] => 192.168.15.235
    [sType] => 3
    [sign] => bj_tradepwd_check
)
]
[16:16:50][|m_code_key|sendsmscachebj_tradepwd_check16918065043496]
[16:16:59][|-param-|Array
(
    [mobile] => 18125530297
    [code] => 829904
    [userID] => 178
    [IP] => 192.168.15.235
    [sType] => 3
    [sign] => bj_tradepwd_check
)
]
[16:16:59][|m_code_key|sendsmscachebj_tradepwd_check17818125530297]
[16:17:07][|-param-|Array
(
    [mobile] => 18125530297
    [code] => 320174
    [userID] => 178
    [IP] => 192.168.15.235
    [sType] => 3
    [sign] => bj_tradepwd_check
)
]
[16:17:07][|m_code_key|sendsmscachebj_tradepwd_check17818125530297]
[16:20:24][|-param-|Array
(
    [mobile] => 18065043496
    [code] => 347345
    [userID] => 169
    [IP] => 192.168.15.235
    [sType] => 3
    [sign] => bj_tradepwd_check
)
]
[16:20:24][|m_code_key|sendsmscachebj_tradepwd_check16918065043496]
[16:33:18][|-param-|Array
(
    [mobile] => 18125530297
    [code] => 526342
    [userID] => 178
    [IP] => 192.168.15.235
    [sType] => 3
    [sign] => bj_tradepwd_check
)
]
[16:33:18][|m_code_key|sendsmscachebj_tradepwd_check17818125530297]
[16:34:04][|-param-|Array
(
    [mobile] => 18125530297
    [code] => 107313
    [userID] => 178
    [IP] => 192.168.15.235
    [sType] => 3
    [sign] => bj_tradepwd_check
)
]
[16:34:04][|m_code_key|sendsmscachebj_tradepwd_check17818125530297]
[16:34:06][|-param-|Array
(
    [mobile] => 18125530297
    [code] => 028454
    [userID] => 178
    [IP] => 192.168.15.235
    [sType] => 3
    [sign] => bj_tradepwd_check
)
]
[16:34:06][|m_code_key|sendsmscachebj_tradepwd_check17818125530297]
[16:37:18][|-param-|Array
(
    [mobile] => 18065043496
    [code] => 957719
    [userID] => 169
    [IP] => 192.168.15.235
    [sType] => 3
    [sign] => bj_tradepwd_check
)
]
[16:37:18][|m_code_key|sendsmscachebj_tradepwd_check16918065043496]
[16:37:21][|-param-|Array
(
    [mobile] => 18065043496
    [code] => 403619
    [userID] => 169
    [IP] => 192.168.15.235
    [sType] => 3
    [sign] => bj_tradepwd_check
)
]
[16:37:21][|m_code_key|sendsmscachebj_tradepwd_check16918065043496]
[16:37:21][|-param-|Array
(
    [mobile] => 18065043496
    [code] => 659206
    [userID] => 169
    [IP] => 192.168.15.235
    [sType] => 3
    [sign] => bj_tradepwd_check
)
]
[16:37:21][|m_code_key|sendsmscachebj_tradepwd_check16918065043496]
[16:37:21][|-param-|Array
(
    [mobile] => 18065043496
    [code] => 249770
    [userID] => 169
    [IP] => 192.168.15.235
    [sType] => 3
    [sign] => bj_tradepwd_check
)
]
[16:37:21][|m_code_key|sendsmscachebj_tradepwd_check16918065043496]
[16:41:45][|-param-|Array
(
    [mobile] => 18065043496
    [code] => 389751
    [userID] => 169
    [IP] => 192.168.15.235
    [sType] => 3
    [sign] => bj_tradepwd_check
)
]
[16:41:45][|m_code_key|sendsmscachebj_tradepwd_check16918065043496]
[17:01:24][|-param-|Array
(
    [mobile] => 18125530297
    [code] => 389503
    [userID] => 178
    [IP] => 192.168.15.235
    [sType] => 3
    [sign] => bj_tradepwd_check
)
]
[17:01:24][|m_code_key|sendsmscachebj_tradepwd_check17818125530297]
[17:01:57][|-param-|Array
(
    [mobile] => 18125530297
    [code] => 269272
    [userID] => 178
    [IP] => 192.168.15.235
    [sType] => 3
    [sign] => bj_tradepwd_check
)
]
[17:01:57][|m_code_key|sendsmscachebj_tradepwd_check17818125530297]
[17:02:09][|-param-|Array
(
    [mobile] => 18125530297
    [code] => 431110
    [userID] => 178
    [IP] => 192.168.15.235
    [sType] => 3
    [sign] => bj_tradepwd_check
)
]
[17:02:09][|m_code_key|sendsmscachebj_tradepwd_check17818125530297]
[17:02:10][|-param-|Array
(
    [mobile] => 18125530297
    [code] => 913987
    [userID] => 178
    [IP] => 192.168.15.235
    [sType] => 3
    [sign] => bj_tradepwd_check
)
]
[17:02:10][|m_code_key|sendsmscachebj_tradepwd_check17818125530297]
[17:23:27][|-param-|Array
(
    [mobile] => 18065043496
    [code] => 734768
    [userID] => 169
    [IP] => 192.168.15.235
    [sType] => 3
    [sign] => bj_tradepwd_check
)
]
[17:23:27][|m_code_key|sendsmscachebj_tradepwd_check16918065043496]
[17:27:20][|-param-|Array
(
    [mobile] => 18065043496
    [code] => 322953
    [userID] => 169
    [IP] => 192.168.15.235
    [sType] => 3
    [sign] => bj_tradepwd_check
)
]
[17:27:20][|m_code_key|sendsmscachebj_tradepwd_check16918065043496]
[17:27:32][|-param-|Array
(
    [mobile] => 18065043496
    [code] => 138716
    [userID] => 169
    [IP] => 192.168.15.235
    [sType] => 3
    [sign] => bj_tradepwd_check
)
]
[17:27:32][|m_code_key|sendsmscachebj_tradepwd_check16918065043496]
[17:27:33][|-param-|Array
(
    [mobile] => 18065043496
    [code] => 596358
    [userID] => 169
    [IP] => 192.168.15.235
    [sType] => 3
    [sign] => bj_tradepwd_check
)
]
[17:27:33][|m_code_key|sendsmscachebj_tradepwd_check16918065043496]
[17:27:34][|-param-|Array
(
    [mobile] => 18065043496
    [code] => 592258
    [userID] => 169
    [IP] => 192.168.15.235
    [sType] => 3
    [sign] => bj_tradepwd_check
)
]
[17:27:34][|m_code_key|sendsmscachebj_tradepwd_check16918065043496]
[17:27:35][|-param-|Array
(
    [mobile] => 18065043496
    [code] => 149643
    [userID] => 169
    [IP] => 192.168.15.235
    [sType] => 3
    [sign] => bj_tradepwd_check
)
]
[17:27:35][|m_code_key|sendsmscachebj_tradepwd_check16918065043496]
[17:27:38][|-param-|Array
(
    [mobile] => 18065043496
    [code] => 304647
    [userID] => 169
    [IP] => 192.168.15.235
    [sType] => 3
    [sign] => bj_tradepwd_check
)
]
[17:27:38][|m_code_key|sendsmscachebj_tradepwd_check16918065043496]
[17:27:39][|-param-|Array
(
    [mobile] => 18065043496
    [code] => 295962
    [userID] => 169
    [IP] => 192.168.15.235
    [sType] => 3
    [sign] => bj_tradepwd_check
)
]
[17:27:39][|m_code_key|sendsmscachebj_tradepwd_check16918065043496]
