[15:49:14][参数：Array
(
    [targetcomp_id] => 91000
    [sendercomp_id] => 91000
    [access_token] => 58260A9CFDF149F2A9B8A1B2F9FA23C22017012315491557842675
    [request_num] => 1
    [reqry_recordsum_flag] => 1
    [qry_beginrownum] => 0
    [fund_code] => 600570
    [trust_way] => 2
)
https://sitapi.hscloud.cn/cwsale/v1/rate_qry
回参：Array
(
    [data] => {"error":"invalid_token","error_description":"访问令牌无效或已过期!"}
    [code] => 401
)
]
[15:49:17][参数：Array
(
    [targetcomp_id] => 91000
    [sendercomp_id] => 91000
    [access_token] => 84D6A4067F2C40E4818B107A93391B7E2017012315491808039228
    [request_num] => 1
    [reqry_recordsum_flag] => 1
    [qry_beginrownum] => 0
    [fund_code] => 600570
    [trust_way] => 2
)
https://sitapi.hscloud.cn/cwsale/v1/rate_qry
回参：Array
(
    [data] => {"error":"invalid_token","error_description":"访问令牌无效或已过期!"}
    [code] => 401
)
]
[15:53:07][参数：Array
(
    [targetcomp_id] => 91000
    [sendercomp_id] => 91000
    [access_token] => 55BA50CA79914242AAACC88B460B07862017012315530857169421
    [request_num] => 1
    [reqry_recordsum_flag] => 1
    [qry_beginrownum] => 0
    [fund_code] => 600570
)
https://sitapi.hscloud.cn/cwsale/v1/newhq_qry
回参：Array
(
    [data] => {"error":"invalid_token","error_description":"访问令牌无效或已过期!"}
    [code] => 401
)
]
