[10:33:25][参数：Array
(
    [targetcomp_id] => 91000
    [sendercomp_id] => 91000
    [access_token] => 83157445FE4F40BA8E9B0F725A14D6F52017021408361406402056
    [trust_way] => 2
    [request_num] => 1
    [reqry_recordsum_flag] => 1
    [qry_beginrownum] => 0
    [trade_acco] => 1184
    [client_id] => 10268
    [bank_no] => 
)
https://sitapi.hscloud.cn/cwsale/v1/accobank_qry
回参：Array
(
    [data] => {"data":[{"detail_fund_way":"01","rowcount":"1","fund_interface_type":"1","bank_open_id_kind_gb":"0","error_code":"","trade_acco":"1184","total_count":"1","ta_acco":"B01000010000","capital_mode":"l","success_type":"0","branchbank":"104581010280","bank_open_id_no":"422201199901010427","bank_no":"004","bank_account":"6216697000003339540","error_info":"","remittance_no":"","fund_card":"","bank_account_name":"杜拉拉"}]}
    [code] => 200
)
]
[10:33:50][参数：Array
(
    [targetcomp_id] => 91000
    [sendercomp_id] => 91000
    [access_token] => 83157445FE4F40BA8E9B0F725A14D6F52017021408361406402056
    [trust_way] => 2
    [capital_mode] => l
    [trade_source] => bjjj
    [request_num] => 1
    [reqry_recordsum_flag] => 1
    [qry_beginrownum] => 1
    [trade_acco] => 1184
    [client_id] => 
    [taconfirm_flag] => 
    [sort_direction] => 1
    [begin_date] => 20170207
    [end_date] => 20170214
)
https://sitapi.hscloud.cn/cwsale/v1/trade_apply_qry
回参：Array
(
    [data] => {"data":[{"detail_fund_way":"01","send_flags":"0","hope_date":"","money_type":"0","max_trade_succ_quota":"0.00","target_fund_type":"","ta_acco":"B01000010000","balance":"160.00","apply_date":"20170214","original_date":"20170214","protocol_period_unit":"","deduct_status":"2","discount_rate":"1.0000","apply_time":"103248","oppo_netno":"","first_exchdate":"","diffscale":"0.0000","max_succ_times":"","ofund_user_type":"","error_code":"","original_appno":"","busin_ass_code":"","shares":"0.00","portfolio_code":"","success_type":"0","portfolio_allot_no":"","bank_no":"004","expiry_date":"","combined_error_info":"","fund_froze_flag":"","busin_board_type":"","share_type":"A","trade_acco":"1184","capital_mode":"l","oppo_agency":"","after_discount_rate":"1.0000","oppo_trade_account":"","order_date":"103248","protocol_name":"","target_fund_code":"","fund_code":"600570","reserve_discount_rate":"1.0000","auto_buy":"","rowcount":"1","cyber_bank_error_id":"","oppo_fund_account":"","total_count":"4","taconfirm_flag":"9","receivable_account":"6216697000003339540","trade_period":"","allot_no":"20170214000011","fund_exceed_flag":"","fund_busin_code":"022","fund_risk_flag":"0","error_info":""}]}
    [code] => 200
)
]
[10:33:50][参数：Array
(
    [targetcomp_id] => 91000
    [sendercomp_id] => 91000
    [access_token] => 83157445FE4F40BA8E9B0F725A14D6F52017021408361406402056
    [request_num] => 1
    [reqry_recordsum_flag] => 1
    [qry_beginrownum] => 0
    [fund_code] => 600570
)
https://sitapi.hscloud.cn/cwsale/v1/newhq_qry
回参：Array
(
    [data] => {"data":[{"ofund_type":"0","per_myriad_income":"0.0000","fund_code":"600570","fund_curr_income":"0.00","rowcount":"1","forbid_modi_autobuy_flag":"0","pre_income_ratio":"0.0000","fund_full_name":"恒生电子股票基金","accept_hq_date":"20170214","share_type":"A","error_code":"","total_count":"1","fund_share":"0.00","fund_name":"恒生电子股票基金","fund_status":"0","ta_no":"B0","success_type":"0","nav_total":"1.7000","nav":"1.7000","prod_term":"0","ofund_risklevel":"0","en_minshare":"0.00","hq_date":"20170213","fund_curr_ratio":"0.0000","error_info":""}]}
    [code] => 200
)
]
[10:34:45][参数：Array
(
    [targetcomp_id] => 91000
    [sendercomp_id] => 91000
    [access_token] => 83157445FE4F40BA8E9B0F725A14D6F52017021408361406402056
    [trust_way] => 2
    [request_num] => 1
    [reqry_recordsum_flag] => 1
    [qry_beginrownum] => 0
    [trade_acco] => 1191
    [client_id] => 10268
    [bank_no] => 
)
https://sitapi.hscloud.cn/cwsale/v1/accobank_qry
回参：Array
(
    [data] => {"data":[{"detail_fund_way":"01","rowcount":"1","fund_interface_type":"1","bank_open_id_kind_gb":"0","error_code":"","trade_acco":"1191","total_count":"1","ta_acco":"B01000010000","capital_mode":"l","success_type":"0","branchbank":"105100001052","bank_open_id_no":"422201199901010427","bank_no":"005","bank_account":"6217000340000565980","error_info":"","remittance_no":"","fund_card":"","bank_account_name":"杜拉拉"}]}
    [code] => 200
)
]
[10:34:53][参数：Array
(
    [targetcomp_id] => 91000
    [sendercomp_id] => 91000
    [access_token] => 83157445FE4F40BA8E9B0F725A14D6F52017021408361406402056
    [trust_way] => 2
    [capital_mode] => l
    [trade_source] => bjjj
    [request_num] => 1
    [reqry_recordsum_flag] => 1
    [qry_beginrownum] => 1
    [trade_acco] => 1191
    [client_id] => 
    [taconfirm_flag] => 
    [sort_direction] => 1
    [begin_date] => 20170207
    [end_date] => 20170214
)
https://sitapi.hscloud.cn/cwsale/v1/trade_apply_qry
回参：Array
(
    [data] => {"data":[{"detail_fund_way":"","send_flags":"","hope_date":"","money_type":"","max_trade_succ_quota":"","target_fund_type":"","ta_acco":"","balance":"","apply_date":"","original_date":"","protocol_period_unit":"","deduct_status":"","discount_rate":"","apply_time":"","oppo_netno":"","first_exchdate":"","diffscale":"","max_succ_times":"","ofund_user_type":"","error_code":"1000","original_appno":"","busin_ass_code":"","shares":"","portfolio_code":"","success_type":"0","portfolio_allot_no":"","bank_no":"","expiry_date":"","combined_error_info":"","fund_froze_flag":"","busin_board_type":"","share_type":"","trade_acco":"","capital_mode":"","oppo_agency":"","after_discount_rate":"","oppo_trade_account":"","order_date":"","protocol_name":"","target_fund_code":"","fund_code":"","reserve_discount_rate":"","auto_buy":"","rowcount":"","cyber_bank_error_id":"","oppo_fund_account":"","total_count":"","taconfirm_flag":"","receivable_account":"","trade_period":"","allot_no":"","fund_exceed_flag":"","fund_busin_code":"","fund_risk_flag":"","error_info":"HS_QUERY-9K: 总记录数为0!"}]}
    [code] => 200
)
]
[13:37:40][参数：Array
(
    [targetcomp_id] => 91000
    [sendercomp_id] => 91000
    [trust_way] => 2
    [access_token] => 1FA5B344BD9A4D96A32411B1805745AF2017021413362874147399
    [request_num] => 25
    [reqry_recordsum_flag] => 1
    [qry_beginrownum] => 0
    [trade_acco] => 1188
)
https://sitapi.hscloud.cn/cwsale/v1/share_qry
回参：Array
(
    [data] => {"data":[{"excetrans_out_total_quota":"0.00","share_type":"A","c_flag":"1","trade_acco":"1188","today_transin_total_quota":"0.00","current_share":"4705.88","ta_acco":"B01000010011","capital_mode":"l","today_apply_total_quota":"0.00","business_frozen_amount":"0.00","lock_share":"0.00","available_due_share":"4705.88","bank_account":"6228480712413995614","fund_code":"600570","rowcount":"1","auto_buy":"0","today_exceed_total_quota":"0.00","today_transout_total_quota":"0.00","unpaid_income":"0.00","error_code":"","quick_exceed_enable_share":"4705.88","accum_income":"0.00","cost":"10000.00","frozen_share":"0.00","total_count":"1","worth_value":"8000.00","today_income":"0.00","nav_date":"20170213","success_type":"0","enable_shares":"4705.88","bank_no":"003","error_info":"","excetrans_in_total_quota":"0.00"}]}
    [code] => 200
)
]
[13:39:44][参数：Array
(
    [targetcomp_id] => 91000
    [sendercomp_id] => 91000
    [trust_way] => 2
    [access_token] => 1FA5B344BD9A4D96A32411B1805745AF2017021413362874147399
    [request_num] => 25
    [reqry_recordsum_flag] => 1
    [qry_beginrownum] => 0
    [trade_acco] => 1190
)
https://sitapi.hscloud.cn/cwsale/v1/share_qry
回参：Array
(
    [data] => {"data":[{"excetrans_out_total_quota":"","share_type":"","c_flag":"","trade_acco":"","today_transin_total_quota":"","current_share":"","ta_acco":"","capital_mode":"","today_apply_total_quota":"","business_frozen_amount":"","lock_share":"","available_due_share":"","bank_account":"","fund_code":"","rowcount":"","auto_buy":"","today_exceed_total_quota":"","today_transout_total_quota":"","unpaid_income":"","error_code":"","quick_exceed_enable_share":"","accum_income":"","cost":"","frozen_share":"","total_count":"","worth_value":"","today_income":"","nav_date":"","success_type":"0","enable_shares":"","bank_no":"","error_info":"","excetrans_in_total_quota":""}]}
    [code] => 200
)
]
[13:42:58][参数：Array
(
    [targetcomp_id] => 91000
    [sendercomp_id] => 91000
    [trust_way] => 2
    [access_token] => 1FA5B344BD9A4D96A32411B1805745AF2017021413362874147399
    [request_num] => 25
    [reqry_recordsum_flag] => 1
    [qry_beginrownum] => 0
    [trade_acco] => 1188
)
https://sitapi.hscloud.cn/cwsale/v1/share_qry
回参：Array
(
    [data] => {"data":[{"excetrans_out_total_quota":"0.00","share_type":"A","c_flag":"1","trade_acco":"1188","today_transin_total_quota":"0.00","current_share":"4705.88","ta_acco":"B01000010011","capital_mode":"l","today_apply_total_quota":"0.00","business_frozen_amount":"0.00","lock_share":"0.00","available_due_share":"4705.88","bank_account":"6228480712413995614","fund_code":"600570","rowcount":"1","auto_buy":"0","today_exceed_total_quota":"0.00","today_transout_total_quota":"0.00","unpaid_income":"0.00","error_code":"","quick_exceed_enable_share":"4705.88","accum_income":"0.00","cost":"10000.00","frozen_share":"0.00","total_count":"1","worth_value":"8000.00","today_income":"0.00","nav_date":"20170213","success_type":"0","enable_shares":"4705.88","bank_no":"003","error_info":"","excetrans_in_total_quota":"0.00"}]}
    [code] => 200
)
]
[13:44:03][参数：Array
(
    [targetcomp_id] => 91000
    [sendercomp_id] => 91000
    [trust_way] => 2
    [access_token] => 1FA5B344BD9A4D96A32411B1805745AF2017021413362874147399
    [request_num] => 25
    [reqry_recordsum_flag] => 1
    [qry_beginrownum] => 0
    [trade_acco] => 1190
)
https://sitapi.hscloud.cn/cwsale/v1/share_qry
回参：Array
(
    [data] => {"data":[{"excetrans_out_total_quota":"","share_type":"","c_flag":"","trade_acco":"","today_transin_total_quota":"","current_share":"","ta_acco":"","capital_mode":"","today_apply_total_quota":"","business_frozen_amount":"","lock_share":"","available_due_share":"","bank_account":"","fund_code":"","rowcount":"","auto_buy":"","today_exceed_total_quota":"","today_transout_total_quota":"","unpaid_income":"","error_code":"","quick_exceed_enable_share":"","accum_income":"","cost":"","frozen_share":"","total_count":"","worth_value":"","today_income":"","nav_date":"","success_type":"0","enable_shares":"","bank_no":"","error_info":"","excetrans_in_total_quota":""}]}
    [code] => 200
)
]
[13:45:24][参数：Array
(
    [targetcomp_id] => 91000
    [sendercomp_id] => 91000
    [trust_way] => 2
    [access_token] => 1FA5B344BD9A4D96A32411B1805745AF2017021413362874147399
    [request_num] => 25
    [reqry_recordsum_flag] => 1
    [qry_beginrownum] => 0
    [trade_acco] => 1184
)
https://sitapi.hscloud.cn/cwsale/v1/share_qry
回参：Array
(
    [data] => {"data":[{"excetrans_out_total_quota":"","share_type":"","c_flag":"","trade_acco":"","today_transin_total_quota":"","current_share":"","ta_acco":"","capital_mode":"","today_apply_total_quota":"","business_frozen_amount":"","lock_share":"","available_due_share":"","bank_account":"","fund_code":"","rowcount":"","auto_buy":"","today_exceed_total_quota":"","today_transout_total_quota":"","unpaid_income":"","error_code":"","quick_exceed_enable_share":"","accum_income":"","cost":"","frozen_share":"","total_count":"","worth_value":"","today_income":"","nav_date":"","success_type":"0","enable_shares":"","bank_no":"","error_info":"","excetrans_in_total_quota":""}]}
    [code] => 200
)
]
[13:45:37][参数：Array
(
    [targetcomp_id] => 91000
    [sendercomp_id] => 91000
    [trust_way] => 2
    [access_token] => 1FA5B344BD9A4D96A32411B1805745AF2017021413362874147399
    [request_num] => 25
    [reqry_recordsum_flag] => 1
    [qry_beginrownum] => 0
    [trade_acco] => 1193
)
https://sitapi.hscloud.cn/cwsale/v1/share_qry
回参：Array
(
    [data] => {"data":[{"excetrans_out_total_quota":"0.00","share_type":"A","c_flag":"1","trade_acco":"1193","today_transin_total_quota":"0.00","current_share":"47.06","ta_acco":"B01000010033","capital_mode":"l","today_apply_total_quota":"0.00","business_frozen_amount":"0.00","lock_share":"0.00","available_due_share":"47.06","bank_account":"6217000340000565980","fund_code":"600570","rowcount":"1","auto_buy":"0","today_exceed_total_quota":"0.00","today_transout_total_quota":"0.00","unpaid_income":"0.00","error_code":"","quick_exceed_enable_share":"47.06","accum_income":"0.00","cost":"100.00","frozen_share":"0.00","total_count":"1","worth_value":"80.00","today_income":"0.00","nav_date":"20170213","success_type":"0","enable_shares":"47.06","bank_no":"005","error_info":"","excetrans_in_total_quota":"0.00"}]}
    [code] => 200
)
]
[13:45:44][参数：Array
(
    [targetcomp_id] => 91000
    [sendercomp_id] => 91000
    [trust_way] => 2
    [access_token] => 1FA5B344BD9A4D96A32411B1805745AF2017021413362874147399
    [request_num] => 25
    [reqry_recordsum_flag] => 1
    [qry_beginrownum] => 0
    [trade_acco] => 1190
)
https://sitapi.hscloud.cn/cwsale/v1/share_qry
回参：Array
(
    [data] => {"data":[{"excetrans_out_total_quota":"","share_type":"","c_flag":"","trade_acco":"","today_transin_total_quota":"","current_share":"","ta_acco":"","capital_mode":"","today_apply_total_quota":"","business_frozen_amount":"","lock_share":"","available_due_share":"","bank_account":"","fund_code":"","rowcount":"","auto_buy":"","today_exceed_total_quota":"","today_transout_total_quota":"","unpaid_income":"","error_code":"","quick_exceed_enable_share":"","accum_income":"","cost":"","frozen_share":"","total_count":"","worth_value":"","today_income":"","nav_date":"","success_type":"0","enable_shares":"","bank_no":"","error_info":"","excetrans_in_total_quota":""}]}
    [code] => 200
)
]
[13:48:58][参数：Array
(
    [targetcomp_id] => 91000
    [sendercomp_id] => 91000
    [trust_way] => 2
    [access_token] => 1FA5B344BD9A4D96A32411B1805745AF2017021413362874147399
    [request_num] => 25
    [reqry_recordsum_flag] => 1
    [qry_beginrownum] => 0
    [trade_acco] => 1188
)
https://sitapi.hscloud.cn/cwsale/v1/share_qry
回参：Array
(
    [data] => {"data":[{"excetrans_out_total_quota":"0.00","share_type":"A","c_flag":"1","trade_acco":"1188","today_transin_total_quota":"0.00","current_share":"4705.88","ta_acco":"B01000010011","capital_mode":"l","today_apply_total_quota":"0.00","business_frozen_amount":"0.00","lock_share":"0.00","available_due_share":"4705.88","bank_account":"6228480712413995614","fund_code":"600570","rowcount":"1","auto_buy":"0","today_exceed_total_quota":"0.00","today_transout_total_quota":"0.00","unpaid_income":"0.00","error_code":"","quick_exceed_enable_share":"4705.88","accum_income":"0.00","cost":"10000.00","frozen_share":"0.00","total_count":"1","worth_value":"8000.00","today_income":"0.00","nav_date":"20170213","success_type":"0","enable_shares":"4705.88","bank_no":"003","error_info":"","excetrans_in_total_quota":"0.00"}]}
    [code] => 200
)
]
[13:50:13][参数：Array
(
    [targetcomp_id] => 91000
    [sendercomp_id] => 91000
    [access_token] => 1FA5B344BD9A4D96A32411B1805745AF2017021413362874147399
    [trust_way] => 2
    [request_num] => 1
    [reqry_recordsum_flag] => 1
    [qry_beginrownum] => 0
    [trade_acco] => 1188
    [client_id] => 10278
    [bank_no] => 
)
https://sitapi.hscloud.cn/cwsale/v1/accobank_qry
回参：Array
(
    [data] => 
    [code] => 0
)
]
[13:51:05][参数：Array
(
    [targetcomp_id] => 91000
    [sendercomp_id] => 91000
    [trust_way] => 2
    [access_token] => 1FA5B344BD9A4D96A32411B1805745AF2017021413362874147399
    [request_num] => 25
    [reqry_recordsum_flag] => 1
    [qry_beginrownum] => 0
    [trade_acco] => 1188
)
https://sitapi.hscloud.cn/cwsale/v1/share_qry
回参：Array
(
    [data] => {"data":[{"excetrans_out_total_quota":"0.00","share_type":"A","c_flag":"1","trade_acco":"1188","today_transin_total_quota":"0.00","current_share":"4705.88","ta_acco":"B01000010011","capital_mode":"l","today_apply_total_quota":"0.00","business_frozen_amount":"0.00","lock_share":"0.00","available_due_share":"4705.88","bank_account":"6228480712413995614","fund_code":"600570","rowcount":"1","auto_buy":"0","today_exceed_total_quota":"0.00","today_transout_total_quota":"0.00","unpaid_income":"0.00","error_code":"","quick_exceed_enable_share":"4705.88","accum_income":"0.00","cost":"10000.00","frozen_share":"0.00","total_count":"1","worth_value":"8000.00","today_income":"0.00","nav_date":"20170213","success_type":"0","enable_shares":"4705.88","bank_no":"003","error_info":"","excetrans_in_total_quota":"0.00"}]}
    [code] => 200
)
]
[13:53:05][参数：Array
(
    [targetcomp_id] => 91000
    [sendercomp_id] => 91000
    [trust_way] => 2
    [access_token] => 1FA5B344BD9A4D96A32411B1805745AF2017021413362874147399
    [request_num] => 25
    [reqry_recordsum_flag] => 1
    [qry_beginrownum] => 0
    [trade_acco] => 1193
)
https://sitapi.hscloud.cn/cwsale/v1/share_qry
回参：Array
(
    [data] => {"data":[{"excetrans_out_total_quota":"0.00","share_type":"A","c_flag":"1","trade_acco":"1193","today_transin_total_quota":"0.00","current_share":"47.06","ta_acco":"B01000010033","capital_mode":"l","today_apply_total_quota":"0.00","business_frozen_amount":"0.00","lock_share":"0.00","available_due_share":"47.06","bank_account":"6217000340000565980","fund_code":"600570","rowcount":"1","auto_buy":"0","today_exceed_total_quota":"0.00","today_transout_total_quota":"0.00","unpaid_income":"0.00","error_code":"","quick_exceed_enable_share":"47.06","accum_income":"0.00","cost":"100.00","frozen_share":"0.00","total_count":"1","worth_value":"80.00","today_income":"0.00","nav_date":"20170213","success_type":"0","enable_shares":"47.06","bank_no":"005","error_info":"","excetrans_in_total_quota":"0.00"}]}
    [code] => 200
)
]
[13:54:01][参数：Array
(
    [targetcomp_id] => 91000
    [sendercomp_id] => 91000
    [trust_way] => 2
    [access_token] => 1FA5B344BD9A4D96A32411B1805745AF2017021413362874147399
    [request_num] => 25
    [reqry_recordsum_flag] => 1
    [qry_beginrownum] => 0
    [trade_acco] => 1190
)
https://sitapi.hscloud.cn/cwsale/v1/share_qry
回参：Array
(
    [data] => {"data":[{"excetrans_out_total_quota":"","share_type":"","c_flag":"","trade_acco":"","today_transin_total_quota":"","current_share":"","ta_acco":"","capital_mode":"","today_apply_total_quota":"","business_frozen_amount":"","lock_share":"","available_due_share":"","bank_account":"","fund_code":"","rowcount":"","auto_buy":"","today_exceed_total_quota":"","today_transout_total_quota":"","unpaid_income":"","error_code":"","quick_exceed_enable_share":"","accum_income":"","cost":"","frozen_share":"","total_count":"","worth_value":"","today_income":"","nav_date":"","success_type":"0","enable_shares":"","bank_no":"","error_info":"","excetrans_in_total_quota":""}]}
    [code] => 200
)
]
[14:00:08][参数：Array
(
    [targetcomp_id] => 91000
    [sendercomp_id] => 91000
    [trust_way] => 2
    [access_token] => 1FA5B344BD9A4D96A32411B1805745AF2017021413362874147399
    [request_num] => 25
    [reqry_recordsum_flag] => 1
    [qry_beginrownum] => 0
    [trade_acco] => 1197
)
https://sitapi.hscloud.cn/cwsale/v1/share_qry
回参：Array
(
    [data] => {"data":[{"excetrans_out_total_quota":"","share_type":"","c_flag":"","trade_acco":"","today_transin_total_quota":"","current_share":"","ta_acco":"","capital_mode":"","today_apply_total_quota":"","business_frozen_amount":"","lock_share":"","available_due_share":"","bank_account":"","fund_code":"","rowcount":"","auto_buy":"","today_exceed_total_quota":"","today_transout_total_quota":"","unpaid_income":"","error_code":"","quick_exceed_enable_share":"","accum_income":"","cost":"","frozen_share":"","total_count":"","worth_value":"","today_income":"","nav_date":"","success_type":"0","enable_shares":"","bank_no":"","error_info":"","excetrans_in_total_quota":""}]}
    [code] => 200
)
]
[14:06:49][参数：Array
(
    [targetcomp_id] => 91000
    [sendercomp_id] => 91000
    [trust_way] => 2
    [access_token] => 1FA5B344BD9A4D96A32411B1805745AF2017021413362874147399
    [request_num] => 25
    [reqry_recordsum_flag] => 1
    [qry_beginrownum] => 0
    [trade_acco] => 1184
)
https://sitapi.hscloud.cn/cwsale/v1/share_qry
回参：Array
(
    [data] => {"data":[{"excetrans_out_total_quota":"","share_type":"","c_flag":"","trade_acco":"","today_transin_total_quota":"","current_share":"","ta_acco":"","capital_mode":"","today_apply_total_quota":"","business_frozen_amount":"","lock_share":"","available_due_share":"","bank_account":"","fund_code":"","rowcount":"","auto_buy":"","today_exceed_total_quota":"","today_transout_total_quota":"","unpaid_income":"","error_code":"","quick_exceed_enable_share":"","accum_income":"","cost":"","frozen_share":"","total_count":"","worth_value":"","today_income":"","nav_date":"","success_type":"0","enable_shares":"","bank_no":"","error_info":"","excetrans_in_total_quota":""}]}
    [code] => 200
)
]
[14:08:20][参数：Array
(
    [targetcomp_id] => 91000
    [sendercomp_id] => 91000
    [trust_way] => 2
    [access_token] => 1FA5B344BD9A4D96A32411B1805745AF2017021413362874147399
    [request_num] => 25
    [reqry_recordsum_flag] => 1
    [qry_beginrownum] => 0
    [trade_acco] => 1193
)
https://sitapi.hscloud.cn/cwsale/v1/share_qry
回参：Array
(
    [data] => {"data":[{"excetrans_out_total_quota":"0.00","share_type":"A","c_flag":"1","trade_acco":"1193","today_transin_total_quota":"0.00","current_share":"47.06","ta_acco":"B01000010033","capital_mode":"l","today_apply_total_quota":"0.00","business_frozen_amount":"0.00","lock_share":"0.00","available_due_share":"47.06","bank_account":"6217000340000565980","fund_code":"600570","rowcount":"1","auto_buy":"0","today_exceed_total_quota":"0.00","today_transout_total_quota":"0.00","unpaid_income":"0.00","error_code":"","quick_exceed_enable_share":"47.06","accum_income":"0.00","cost":"100.00","frozen_share":"0.00","total_count":"1","worth_value":"80.00","today_income":"0.00","nav_date":"20170213","success_type":"0","enable_shares":"47.06","bank_no":"005","error_info":"","excetrans_in_total_quota":"0.00"}]}
    [code] => 200
)
]
[14:09:01][参数：Array
(
    [targetcomp_id] => 91000
    [sendercomp_id] => 91000
    [trust_way] => 2
    [access_token] => 1FA5B344BD9A4D96A32411B1805745AF2017021413362874147399
    [request_num] => 25
    [reqry_recordsum_flag] => 1
    [qry_beginrownum] => 0
    [trade_acco] => 1188
)
https://sitapi.hscloud.cn/cwsale/v1/share_qry
回参：Array
(
    [data] => {"data":[{"excetrans_out_total_quota":"0.00","share_type":"A","c_flag":"1","trade_acco":"1188","today_transin_total_quota":"0.00","current_share":"4705.88","ta_acco":"B01000010011","capital_mode":"l","today_apply_total_quota":"0.00","business_frozen_amount":"0.00","lock_share":"0.00","available_due_share":"4705.88","bank_account":"6228480712413995614","fund_code":"600570","rowcount":"1","auto_buy":"0","today_exceed_total_quota":"0.00","today_transout_total_quota":"0.00","unpaid_income":"0.00","error_code":"","quick_exceed_enable_share":"4705.88","accum_income":"0.00","cost":"10000.00","frozen_share":"0.00","total_count":"1","worth_value":"8000.00","today_income":"0.00","nav_date":"20170213","success_type":"0","enable_shares":"4705.88","bank_no":"003","error_info":"","excetrans_in_total_quota":"0.00"}]}
    [code] => 200
)
]
[14:10:14][参数：Array
(
    [targetcomp_id] => 91000
    [sendercomp_id] => 91000
    [trust_way] => 2
    [access_token] => 1FA5B344BD9A4D96A32411B1805745AF2017021413362874147399
    [request_num] => 25
    [reqry_recordsum_flag] => 1
    [qry_beginrownum] => 0
    [trade_acco] => 1188
)
https://sitapi.hscloud.cn/cwsale/v1/share_qry
回参：Array
(
    [data] => {"data":[{"excetrans_out_total_quota":"0.00","share_type":"A","c_flag":"1","trade_acco":"1188","today_transin_total_quota":"0.00","current_share":"4705.88","ta_acco":"B01000010011","capital_mode":"l","today_apply_total_quota":"0.00","business_frozen_amount":"0.00","lock_share":"0.00","available_due_share":"4705.88","bank_account":"6228480712413995614","fund_code":"600570","rowcount":"1","auto_buy":"0","today_exceed_total_quota":"0.00","today_transout_total_quota":"0.00","unpaid_income":"0.00","error_code":"","quick_exceed_enable_share":"4705.88","accum_income":"0.00","cost":"10000.00","frozen_share":"0.00","total_count":"1","worth_value":"8000.00","today_income":"0.00","nav_date":"20170213","success_type":"0","enable_shares":"4705.88","bank_no":"003","error_info":"","excetrans_in_total_quota":"0.00"}]}
    [code] => 200
)
]
[14:16:52][参数：Array
(
    [targetcomp_id] => 91000
    [sendercomp_id] => 91000
    [trust_way] => 2
    [access_token] => 1FA5B344BD9A4D96A32411B1805745AF2017021413362874147399
    [request_num] => 25
    [reqry_recordsum_flag] => 1
    [qry_beginrownum] => 0
    [trade_acco] => 1188
)
https://sitapi.hscloud.cn/cwsale/v1/share_qry
回参：Array
(
    [data] => {"data":[{"excetrans_out_total_quota":"0.00","share_type":"A","c_flag":"1","trade_acco":"1188","today_transin_total_quota":"0.00","current_share":"4705.88","ta_acco":"B01000010011","capital_mode":"l","today_apply_total_quota":"0.00","business_frozen_amount":"0.00","lock_share":"0.00","available_due_share":"4705.88","bank_account":"6228480712413995614","fund_code":"600570","rowcount":"1","auto_buy":"0","today_exceed_total_quota":"0.00","today_transout_total_quota":"0.00","unpaid_income":"0.00","error_code":"","quick_exceed_enable_share":"4705.88","accum_income":"0.00","cost":"10000.00","frozen_share":"0.00","total_count":"1","worth_value":"8000.00","today_income":"0.00","nav_date":"20170213","success_type":"0","enable_shares":"4705.88","bank_no":"003","error_info":"","excetrans_in_total_quota":"0.00"}]}
    [code] => 200
)
]
[14:21:30][参数：Array
(
    [targetcomp_id] => 91000
    [sendercomp_id] => 91000
    [access_token] => 1FA5B344BD9A4D96A32411B1805745AF2017021413362874147399
    [trust_way] => 2
    [request_num] => 1
    [reqry_recordsum_flag] => 1
    [qry_beginrownum] => 0
    [trade_acco] => 1197
    [client_id] => 10328
    [bank_no] => 
)
https://sitapi.hscloud.cn/cwsale/v1/accobank_qry
回参：Array
(
    [data] => {"data":[{"detail_fund_way":"01","rowcount":"1","fund_interface_type":"1","bank_open_id_kind_gb":"0","error_code":"","trade_acco":"1197","total_count":"1","ta_acco":"*B0000001197","capital_mode":"l","success_type":"0","branchbank":"302521038273","bank_open_id_no":"420625199305046835","bank_no":"015","bank_account":"6217711504504513","error_info":"","remittance_no":"","fund_card":"","bank_account_name":"石自强"}]}
    [code] => 200
)
]
[14:22:51][参数：Array
(
    [targetcomp_id] => 91000
    [sendercomp_id] => 91000
    [trust_way] => 2
    [access_token] => 1FA5B344BD9A4D96A32411B1805745AF2017021413362874147399
    [request_num] => 25
    [reqry_recordsum_flag] => 1
    [qry_beginrownum] => 0
    [trade_acco] => 1193
)
https://sitapi.hscloud.cn/cwsale/v1/share_qry
回参：Array
(
    [data] => {"data":[{"excetrans_out_total_quota":"0.00","share_type":"A","c_flag":"1","trade_acco":"1193","today_transin_total_quota":"0.00","current_share":"47.06","ta_acco":"B01000010033","capital_mode":"l","today_apply_total_quota":"0.00","business_frozen_amount":"0.00","lock_share":"0.00","available_due_share":"47.06","bank_account":"6217000340000565980","fund_code":"600570","rowcount":"1","auto_buy":"0","today_exceed_total_quota":"0.00","today_transout_total_quota":"0.00","unpaid_income":"0.00","error_code":"","quick_exceed_enable_share":"47.06","accum_income":"0.00","cost":"100.00","frozen_share":"0.00","total_count":"1","worth_value":"80.00","today_income":"0.00","nav_date":"20170213","success_type":"0","enable_shares":"47.06","bank_no":"005","error_info":"","excetrans_in_total_quota":"0.00"}]}
    [code] => 200
)
]
[14:30:20][参数：Array
(
    [targetcomp_id] => 91000
    [sendercomp_id] => 91000
    [trust_way] => 2
    [access_token] => 1FA5B344BD9A4D96A32411B1805745AF2017021413362874147399
    [request_num] => 25
    [reqry_recordsum_flag] => 1
    [qry_beginrownum] => 0
    [trade_acco] => 1193
)
https://sitapi.hscloud.cn/cwsale/v1/share_qry
回参：Array
(
    [data] => 
    [code] => 0
)
]
[14:59:10][参数：Array
(
    [targetcomp_id] => 91000
    [sendercomp_id] => 91000
    [trust_way] => 2
    [access_token] => 1FA5B344BD9A4D96A32411B1805745AF2017021413362874147399
    [request_num] => 25
    [reqry_recordsum_flag] => 1
    [qry_beginrownum] => 0
    [trade_acco] => 1188
)
https://sitapi.hscloud.cn/cwsale/v1/share_qry
回参：Array
(
    [data] => {"data":[{"excetrans_out_total_quota":"0.00","share_type":"A","c_flag":"1","trade_acco":"1188","today_transin_total_quota":"0.00","current_share":"4705.88","ta_acco":"B01000010011","capital_mode":"l","today_apply_total_quota":"0.00","business_frozen_amount":"0.00","lock_share":"0.00","available_due_share":"4705.88","bank_account":"6228480712413995614","fund_code":"600570","rowcount":"1","auto_buy":"0","today_exceed_total_quota":"0.00","today_transout_total_quota":"0.00","unpaid_income":"0.00","error_code":"","quick_exceed_enable_share":"4705.88","accum_income":"0.00","cost":"10000.00","frozen_share":"0.00","total_count":"1","worth_value":"8000.00","today_income":"0.00","nav_date":"20170213","success_type":"0","enable_shares":"4705.88","bank_no":"003","error_info":"","excetrans_in_total_quota":"0.00"}]}
    [code] => 200
)
]
[15:08:20][参数：Array
(
    [targetcomp_id] => 91000
    [sendercomp_id] => 91000
    [trust_way] => 2
    [access_token] => 1FA5B344BD9A4D96A32411B1805745AF2017021413362874147399
    [request_num] => 25
    [reqry_recordsum_flag] => 1
    [qry_beginrownum] => 0
    [trade_acco] => 1193
)
https://sitapi.hscloud.cn/cwsale/v1/share_qry
回参：Array
(
    [data] => {"data":[{"excetrans_out_total_quota":"0.00","share_type":"A","c_flag":"1","trade_acco":"1193","today_transin_total_quota":"0.00","current_share":"47.06","ta_acco":"B01000010033","capital_mode":"l","today_apply_total_quota":"0.00","business_frozen_amount":"0.00","lock_share":"0.00","available_due_share":"47.06","bank_account":"6217000340000565980","fund_code":"600570","rowcount":"1","auto_buy":"0","today_exceed_total_quota":"0.00","today_transout_total_quota":"0.00","unpaid_income":"0.00","error_code":"","quick_exceed_enable_share":"47.06","accum_income":"0.00","cost":"100.00","frozen_share":"0.00","total_count":"1","worth_value":"80.00","today_income":"0.00","nav_date":"20170213","success_type":"0","enable_shares":"47.06","bank_no":"005","error_info":"","excetrans_in_total_quota":"0.00"}]}
    [code] => 200
)
]
[15:11:28][参数：Array
(
    [targetcomp_id] => 91000
    [sendercomp_id] => 91000
    [trust_way] => 2
    [access_token] => 1FA5B344BD9A4D96A32411B1805745AF2017021413362874147399
    [request_num] => 25
    [reqry_recordsum_flag] => 1
    [qry_beginrownum] => 0
    [trade_acco] => 1165
)
https://sitapi.hscloud.cn/cwsale/v1/share_qry
回参：Array
(
    [data] => {"data":[{"excetrans_out_total_quota":"","share_type":"","c_flag":"","trade_acco":"","today_transin_total_quota":"","current_share":"","ta_acco":"","capital_mode":"","today_apply_total_quota":"","business_frozen_amount":"","lock_share":"","available_due_share":"","bank_account":"","fund_code":"","rowcount":"","auto_buy":"","today_exceed_total_quota":"","today_transout_total_quota":"","unpaid_income":"","error_code":"","quick_exceed_enable_share":"","accum_income":"","cost":"","frozen_share":"","total_count":"","worth_value":"","today_income":"","nav_date":"","success_type":"0","enable_shares":"","bank_no":"","error_info":"","excetrans_in_total_quota":""}]}
    [code] => 200
)
]
[15:11:31][参数：Array
(
    [targetcomp_id] => 91000
    [sendercomp_id] => 91000
    [trust_way] => 2
    [access_token] => 1FA5B344BD9A4D96A32411B1805745AF2017021413362874147399
    [request_num] => 25
    [reqry_recordsum_flag] => 1
    [qry_beginrownum] => 0
    [trade_acco] => 1190
)
https://sitapi.hscloud.cn/cwsale/v1/share_qry
回参：Array
(
    [data] => {"data":[{"excetrans_out_total_quota":"","share_type":"","c_flag":"","trade_acco":"","today_transin_total_quota":"","current_share":"","ta_acco":"","capital_mode":"","today_apply_total_quota":"","business_frozen_amount":"","lock_share":"","available_due_share":"","bank_account":"","fund_code":"","rowcount":"","auto_buy":"","today_exceed_total_quota":"","today_transout_total_quota":"","unpaid_income":"","error_code":"","quick_exceed_enable_share":"","accum_income":"","cost":"","frozen_share":"","total_count":"","worth_value":"","today_income":"","nav_date":"","success_type":"0","enable_shares":"","bank_no":"","error_info":"","excetrans_in_total_quota":""}]}
    [code] => 200
)
]
[15:15:42][参数：Array
(
    [targetcomp_id] => 91000
    [sendercomp_id] => 91000
    [trust_way] => 2
    [access_token] => 1FA5B344BD9A4D96A32411B1805745AF2017021413362874147399
    [request_num] => 25
    [reqry_recordsum_flag] => 1
    [qry_beginrownum] => 0
    [trade_acco] => 1188
)
https://sitapi.hscloud.cn/cwsale/v1/share_qry
回参：Array
(
    [data] => {"data":[{"excetrans_out_total_quota":"0.00","share_type":"A","c_flag":"1","trade_acco":"1188","today_transin_total_quota":"0.00","current_share":"4705.88","ta_acco":"B01000010011","capital_mode":"l","today_apply_total_quota":"0.00","business_frozen_amount":"0.00","lock_share":"0.00","available_due_share":"4705.88","bank_account":"6228480712413995614","fund_code":"600570","rowcount":"1","auto_buy":"0","today_exceed_total_quota":"0.00","today_transout_total_quota":"0.00","unpaid_income":"0.00","error_code":"","quick_exceed_enable_share":"4705.88","accum_income":"0.00","cost":"10000.00","frozen_share":"0.00","total_count":"1","worth_value":"8000.00","today_income":"0.00","nav_date":"20170213","success_type":"0","enable_shares":"4705.88","bank_no":"003","error_info":"","excetrans_in_total_quota":"0.00"}]}
    [code] => 200
)
]
[15:17:15][参数：Array
(
    [targetcomp_id] => 91000
    [sendercomp_id] => 91000
    [trust_way] => 2
    [access_token] => 1FA5B344BD9A4D96A32411B1805745AF2017021413362874147399
    [request_num] => 25
    [reqry_recordsum_flag] => 1
    [qry_beginrownum] => 0
    [trade_acco] => 1190
)
https://sitapi.hscloud.cn/cwsale/v1/share_qry
回参：Array
(
    [data] => {"data":[{"excetrans_out_total_quota":"","share_type":"","c_flag":"","trade_acco":"","today_transin_total_quota":"","current_share":"","ta_acco":"","capital_mode":"","today_apply_total_quota":"","business_frozen_amount":"","lock_share":"","available_due_share":"","bank_account":"","fund_code":"","rowcount":"","auto_buy":"","today_exceed_total_quota":"","today_transout_total_quota":"","unpaid_income":"","error_code":"","quick_exceed_enable_share":"","accum_income":"","cost":"","frozen_share":"","total_count":"","worth_value":"","today_income":"","nav_date":"","success_type":"0","enable_shares":"","bank_no":"","error_info":"","excetrans_in_total_quota":""}]}
    [code] => 200
)
]
[15:30:03][参数：Array
(
    [targetcomp_id] => 91000
    [sendercomp_id] => 91000
    [trust_way] => 2
    [access_token] => 1FA5B344BD9A4D96A32411B1805745AF2017021413362874147399
    [request_num] => 25
    [reqry_recordsum_flag] => 1
    [qry_beginrownum] => 0
    [trade_acco] => 1193
)
https://sitapi.hscloud.cn/cwsale/v1/share_qry
回参：Array
(
    [data] => {"data":[{"excetrans_out_total_quota":"0.00","share_type":"A","c_flag":"1","trade_acco":"1193","today_transin_total_quota":"0.00","current_share":"47.06","ta_acco":"B01000010033","capital_mode":"l","today_apply_total_quota":"0.00","business_frozen_amount":"0.00","lock_share":"0.00","available_due_share":"47.06","bank_account":"6217000340000565980","fund_code":"600570","rowcount":"1","auto_buy":"0","today_exceed_total_quota":"0.00","today_transout_total_quota":"0.00","unpaid_income":"0.00","error_code":"","quick_exceed_enable_share":"47.06","accum_income":"0.00","cost":"100.00","frozen_share":"0.00","total_count":"1","worth_value":"80.00","today_income":"0.00","nav_date":"20170213","success_type":"0","enable_shares":"47.06","bank_no":"005","error_info":"","excetrans_in_total_quota":"0.00"}]}
    [code] => 200
)
]
[15:36:52][参数：Array
(
    [targetcomp_id] => 91000
    [sendercomp_id] => 91000
    [trust_way] => 2
    [access_token] => 1FA5B344BD9A4D96A32411B1805745AF2017021413362874147399
    [request_num] => 25
    [reqry_recordsum_flag] => 1
    [qry_beginrownum] => 0
    [trade_acco] => 1155
)
https://sitapi.hscloud.cn/cwsale/v1/share_qry
回参：Array
(
    [data] => {"data":[{"excetrans_out_total_quota":"","share_type":"","c_flag":"","trade_acco":"","today_transin_total_quota":"","current_share":"","ta_acco":"","capital_mode":"","today_apply_total_quota":"","business_frozen_amount":"","lock_share":"","available_due_share":"","bank_account":"","fund_code":"","rowcount":"","auto_buy":"","today_exceed_total_quota":"","today_transout_total_quota":"","unpaid_income":"","error_code":"","quick_exceed_enable_share":"","accum_income":"","cost":"","frozen_share":"","total_count":"","worth_value":"","today_income":"","nav_date":"","success_type":"0","enable_shares":"","bank_no":"","error_info":"","excetrans_in_total_quota":""}]}
    [code] => 200
)
]
[15:43:03][参数：Array
(
    [targetcomp_id] => 91000
    [sendercomp_id] => 91000
    [trust_way] => 2
    [access_token] => 1FA5B344BD9A4D96A32411B1805745AF2017021413362874147399
    [request_num] => 25
    [reqry_recordsum_flag] => 1
    [qry_beginrownum] => 0
    [trade_acco] => 1155
)
https://sitapi.hscloud.cn/cwsale/v1/share_qry
回参：Array
(
    [data] => {"data":[{"excetrans_out_total_quota":"","share_type":"","c_flag":"","trade_acco":"","today_transin_total_quota":"","current_share":"","ta_acco":"","capital_mode":"","today_apply_total_quota":"","business_frozen_amount":"","lock_share":"","available_due_share":"","bank_account":"","fund_code":"","rowcount":"","auto_buy":"","today_exceed_total_quota":"","today_transout_total_quota":"","unpaid_income":"","error_code":"","quick_exceed_enable_share":"","accum_income":"","cost":"","frozen_share":"","total_count":"","worth_value":"","today_income":"","nav_date":"","success_type":"0","enable_shares":"","bank_no":"","error_info":"","excetrans_in_total_quota":""}]}
    [code] => 200
)
]
[15:46:00][参数：Array
(
    [targetcomp_id] => 91000
    [sendercomp_id] => 91000
    [trust_way] => 2
    [access_token] => 1FA5B344BD9A4D96A32411B1805745AF2017021413362874147399
    [request_num] => 25
    [reqry_recordsum_flag] => 1
    [qry_beginrownum] => 0
    [trade_acco] => 1194
)
https://sitapi.hscloud.cn/cwsale/v1/share_qry
回参：Array
(
    [data] => {"data":[{"excetrans_out_total_quota":"0.00","share_type":"A","c_flag":"1","trade_acco":"1194","today_transin_total_quota":"0.00","current_share":"4705.88","ta_acco":"B01000010044","capital_mode":"l","today_apply_total_quota":"0.00","business_frozen_amount":"0.00","lock_share":"0.00","available_due_share":"4705.88","bank_account":"9555500272203935","fund_code":"600570","rowcount":"1","auto_buy":"0","today_exceed_total_quota":"0.00","today_transout_total_quota":"0.00","unpaid_income":"0.00","error_code":"","quick_exceed_enable_share":"4705.88","accum_income":"0.00","cost":"10000.00","frozen_share":"0.00","total_count":"1","worth_value":"8000.00","today_income":"0.00","nav_date":"20170213","success_type":"0","enable_shares":"4705.88","bank_no":"007","error_info":"","excetrans_in_total_quota":"0.00"}]}
    [code] => 200
)
]
[15:47:05][参数：Array
(
    [targetcomp_id] => 91000
    [sendercomp_id] => 91000
    [trust_way] => 2
    [access_token] => 1FA5B344BD9A4D96A32411B1805745AF2017021413362874147399
    [request_num] => 25
    [reqry_recordsum_flag] => 1
    [qry_beginrownum] => 0
    [trade_acco] => 1197
)
https://sitapi.hscloud.cn/cwsale/v1/share_qry
回参：Array
(
    [data] => 
    [code] => 0
)
]
[15:47:41][参数：Array
(
    [targetcomp_id] => 91000
    [sendercomp_id] => 91000
    [trust_way] => 2
    [access_token] => 1FA5B344BD9A4D96A32411B1805745AF2017021413362874147399
    [request_num] => 25
    [reqry_recordsum_flag] => 1
    [qry_beginrownum] => 0
    [trade_acco] => 1188
)
https://sitapi.hscloud.cn/cwsale/v1/share_qry
回参：Array
(
    [data] => {"data":[{"excetrans_out_total_quota":"0.00","share_type":"A","c_flag":"1","trade_acco":"1188","today_transin_total_quota":"0.00","current_share":"4705.88","ta_acco":"B01000010011","capital_mode":"l","today_apply_total_quota":"0.00","business_frozen_amount":"100.00","lock_share":"0.00","available_due_share":"4605.88","bank_account":"6228480712413995614","fund_code":"600570","rowcount":"1","auto_buy":"0","today_exceed_total_quota":"0.00","today_transout_total_quota":"0.00","unpaid_income":"0.00","error_code":"","quick_exceed_enable_share":"4605.88","accum_income":"0.00","cost":"10000.00","frozen_share":"0.00","total_count":"1","worth_value":"8000.00","today_income":"0.00","nav_date":"20170213","success_type":"0","enable_shares":"4605.88","bank_no":"003","error_info":"","excetrans_in_total_quota":"0.00"}]}
    [code] => 200
)
]
[15:48:10][参数：Array
(
    [targetcomp_id] => 91000
    [sendercomp_id] => 91000
    [trust_way] => 2
    [access_token] => 1FA5B344BD9A4D96A32411B1805745AF2017021413362874147399
    [request_num] => 25
    [reqry_recordsum_flag] => 1
    [qry_beginrownum] => 0
    [trade_acco] => 1194
)
https://sitapi.hscloud.cn/cwsale/v1/share_qry
回参：Array
(
    [data] => {"data":[{"excetrans_out_total_quota":"0.00","share_type":"A","c_flag":"1","trade_acco":"1194","today_transin_total_quota":"0.00","current_share":"4705.88","ta_acco":"B01000010044","capital_mode":"l","today_apply_total_quota":"0.00","business_frozen_amount":"0.00","lock_share":"0.00","available_due_share":"4705.88","bank_account":"9555500272203935","fund_code":"600570","rowcount":"1","auto_buy":"0","today_exceed_total_quota":"0.00","today_transout_total_quota":"0.00","unpaid_income":"0.00","error_code":"","quick_exceed_enable_share":"4705.88","accum_income":"0.00","cost":"10000.00","frozen_share":"0.00","total_count":"1","worth_value":"8000.00","today_income":"0.00","nav_date":"20170213","success_type":"0","enable_shares":"4705.88","bank_no":"007","error_info":"","excetrans_in_total_quota":"0.00"}]}
    [code] => 200
)
]
[15:49:16][参数：Array
(
    [targetcomp_id] => 91000
    [sendercomp_id] => 91000
    [trust_way] => 2
    [access_token] => 1FA5B344BD9A4D96A32411B1805745AF2017021413362874147399
    [request_num] => 25
    [reqry_recordsum_flag] => 1
    [qry_beginrownum] => 0
    [trade_acco] => 1197
)
https://sitapi.hscloud.cn/cwsale/v1/share_qry
回参：Array
(
    [data] => {"data":[{"excetrans_out_total_quota":"","share_type":"","c_flag":"","trade_acco":"","today_transin_total_quota":"","current_share":"","ta_acco":"","capital_mode":"","today_apply_total_quota":"","business_frozen_amount":"","lock_share":"","available_due_share":"","bank_account":"","fund_code":"","rowcount":"","auto_buy":"","today_exceed_total_quota":"","today_transout_total_quota":"","unpaid_income":"","error_code":"","quick_exceed_enable_share":"","accum_income":"","cost":"","frozen_share":"","total_count":"","worth_value":"","today_income":"","nav_date":"","success_type":"0","enable_shares":"","bank_no":"","error_info":"","excetrans_in_total_quota":""}]}
    [code] => 200
)
]
[15:54:17][参数：Array
(
    [targetcomp_id] => 91000
    [sendercomp_id] => 91000
    [trust_way] => 2
    [access_token] => 1FA5B344BD9A4D96A32411B1805745AF2017021413362874147399
    [request_num] => 25
    [reqry_recordsum_flag] => 1
    [qry_beginrownum] => 0
    [trade_acco] => 1188
)
https://sitapi.hscloud.cn/cwsale/v1/share_qry
回参：Array
(
    [data] => {"data":[{"excetrans_out_total_quota":"0.00","share_type":"A","c_flag":"1","trade_acco":"1188","today_transin_total_quota":"0.00","current_share":"4705.88","ta_acco":"B01000010011","capital_mode":"l","today_apply_total_quota":"0.00","business_frozen_amount":"100.00","lock_share":"0.00","available_due_share":"4605.88","bank_account":"6228480712413995614","fund_code":"600570","rowcount":"1","auto_buy":"0","today_exceed_total_quota":"0.00","today_transout_total_quota":"0.00","unpaid_income":"0.00","error_code":"","quick_exceed_enable_share":"4605.88","accum_income":"0.00","cost":"10000.00","frozen_share":"0.00","total_count":"1","worth_value":"8000.00","today_income":"0.00","nav_date":"20170213","success_type":"0","enable_shares":"4605.88","bank_no":"003","error_info":"","excetrans_in_total_quota":"0.00"}]}
    [code] => 200
)
]
[15:54:46][参数：Array
(
    [targetcomp_id] => 91000
    [sendercomp_id] => 91000
    [trust_way] => 2
    [access_token] => 1FA5B344BD9A4D96A32411B1805745AF2017021413362874147399
    [request_num] => 25
    [reqry_recordsum_flag] => 1
    [qry_beginrownum] => 0
    [trade_acco] => 1188
)
https://sitapi.hscloud.cn/cwsale/v1/share_qry
回参：Array
(
    [data] => {"data":[{"excetrans_out_total_quota":"0.00","share_type":"A","c_flag":"1","trade_acco":"1188","today_transin_total_quota":"0.00","current_share":"4705.88","ta_acco":"B01000010011","capital_mode":"l","today_apply_total_quota":"0.00","business_frozen_amount":"100.00","lock_share":"0.00","available_due_share":"4605.88","bank_account":"6228480712413995614","fund_code":"600570","rowcount":"1","auto_buy":"0","today_exceed_total_quota":"0.00","today_transout_total_quota":"0.00","unpaid_income":"0.00","error_code":"","quick_exceed_enable_share":"4605.88","accum_income":"0.00","cost":"10000.00","frozen_share":"0.00","total_count":"1","worth_value":"8000.00","today_income":"0.00","nav_date":"20170213","success_type":"0","enable_shares":"4605.88","bank_no":"003","error_info":"","excetrans_in_total_quota":"0.00"}]}
    [code] => 200
)
]
[16:10:56][参数：Array
(
    [targetcomp_id] => 91000
    [sendercomp_id] => 91000
    [trust_way] => 2
    [access_token] => 1FA5B344BD9A4D96A32411B1805745AF2017021413362874147399
    [request_num] => 25
    [reqry_recordsum_flag] => 1
    [qry_beginrownum] => 0
    [trade_acco] => 1181
)
https://sitapi.hscloud.cn/cwsale/v1/share_qry
回参：Array
(
    [data] => {"data":[{"excetrans_out_total_quota":"","share_type":"","c_flag":"","trade_acco":"","today_transin_total_quota":"","current_share":"","ta_acco":"","capital_mode":"","today_apply_total_quota":"","business_frozen_amount":"","lock_share":"","available_due_share":"","bank_account":"","fund_code":"","rowcount":"","auto_buy":"","today_exceed_total_quota":"","today_transout_total_quota":"","unpaid_income":"","error_code":"","quick_exceed_enable_share":"","accum_income":"","cost":"","frozen_share":"","total_count":"","worth_value":"","today_income":"","nav_date":"","success_type":"0","enable_shares":"","bank_no":"","error_info":"","excetrans_in_total_quota":""}]}
    [code] => 200
)
]
[16:12:21][参数：Array
(
    [targetcomp_id] => 91000
    [sendercomp_id] => 91000
    [trust_way] => 2
    [access_token] => 1FA5B344BD9A4D96A32411B1805745AF2017021413362874147399
    [request_num] => 25
    [reqry_recordsum_flag] => 1
    [qry_beginrownum] => 0
    [trade_acco] => 1181
)
https://sitapi.hscloud.cn/cwsale/v1/share_qry
回参：Array
(
    [data] => {"data":[{"excetrans_out_total_quota":"","share_type":"","c_flag":"","trade_acco":"","today_transin_total_quota":"","current_share":"","ta_acco":"","capital_mode":"","today_apply_total_quota":"","business_frozen_amount":"","lock_share":"","available_due_share":"","bank_account":"","fund_code":"","rowcount":"","auto_buy":"","today_exceed_total_quota":"","today_transout_total_quota":"","unpaid_income":"","error_code":"","quick_exceed_enable_share":"","accum_income":"","cost":"","frozen_share":"","total_count":"","worth_value":"","today_income":"","nav_date":"","success_type":"0","enable_shares":"","bank_no":"","error_info":"","excetrans_in_total_quota":""}]}
    [code] => 200
)
]
[16:20:01][参数：Array
(
    [targetcomp_id] => 91000
    [sendercomp_id] => 91000
    [trust_way] => 2
    [access_token] => 1FA5B344BD9A4D96A32411B1805745AF2017021413362874147399
    [request_num] => 25
    [reqry_recordsum_flag] => 1
    [qry_beginrownum] => 0
    [trade_acco] => 1188
)
https://sitapi.hscloud.cn/cwsale/v1/share_qry
回参：Array
(
    [data] => {"data":[{"excetrans_out_total_quota":"0.00","share_type":"A","c_flag":"1","trade_acco":"1188","today_transin_total_quota":"0.00","current_share":"4705.88","ta_acco":"B01000010011","capital_mode":"l","today_apply_total_quota":"0.00","business_frozen_amount":"100.00","lock_share":"0.00","available_due_share":"4605.88","bank_account":"6228480712413995614","fund_code":"600570","rowcount":"1","auto_buy":"0","today_exceed_total_quota":"0.00","today_transout_total_quota":"0.00","unpaid_income":"0.00","error_code":"","quick_exceed_enable_share":"4605.88","accum_income":"0.00","cost":"10000.00","frozen_share":"0.00","total_count":"1","worth_value":"8000.00","today_income":"0.00","nav_date":"20170213","success_type":"0","enable_shares":"4605.88","bank_no":"003","error_info":"","excetrans_in_total_quota":"0.00"}]}
    [code] => 200
)
]
[16:31:39][参数：Array
(
    [targetcomp_id] => 91000
    [sendercomp_id] => 91000
    [trust_way] => 2
    [access_token] => 1FA5B344BD9A4D96A32411B1805745AF2017021413362874147399
    [request_num] => 25
    [reqry_recordsum_flag] => 1
    [qry_beginrownum] => 0
    [trade_acco] => 1188
)
https://sitapi.hscloud.cn/cwsale/v1/share_qry
回参：Array
(
    [data] => {"data":[{"excetrans_out_total_quota":"0.00","share_type":"A","c_flag":"1","trade_acco":"1188","today_transin_total_quota":"0.00","current_share":"4705.88","ta_acco":"B01000010011","capital_mode":"l","today_apply_total_quota":"0.00","business_frozen_amount":"100.00","lock_share":"0.00","available_due_share":"4605.88","bank_account":"6228480712413995614","fund_code":"600570","rowcount":"1","auto_buy":"0","today_exceed_total_quota":"0.00","today_transout_total_quota":"0.00","unpaid_income":"0.00","error_code":"","quick_exceed_enable_share":"4605.88","accum_income":"0.00","cost":"10000.00","frozen_share":"0.00","total_count":"1","worth_value":"8000.00","today_income":"0.00","nav_date":"20170213","success_type":"0","enable_shares":"4605.88","bank_no":"003","error_info":"","excetrans_in_total_quota":"0.00"}]}
    [code] => 200
)
]
[16:33:15][参数：Array
(
    [targetcomp_id] => 91000
    [sendercomp_id] => 91000
    [trust_way] => 2
    [access_token] => 1FA5B344BD9A4D96A32411B1805745AF2017021413362874147399
    [request_num] => 25
    [reqry_recordsum_flag] => 1
    [qry_beginrownum] => 0
    [trade_acco] => 1188
)
https://sitapi.hscloud.cn/cwsale/v1/share_qry
回参：Array
(
    [data] => {"data":[{"excetrans_out_total_quota":"0.00","share_type":"A","c_flag":"1","trade_acco":"1188","today_transin_total_quota":"0.00","current_share":"4705.88","ta_acco":"B01000010011","capital_mode":"l","today_apply_total_quota":"0.00","business_frozen_amount":"100.00","lock_share":"0.00","available_due_share":"4605.88","bank_account":"6228480712413995614","fund_code":"600570","rowcount":"1","auto_buy":"0","today_exceed_total_quota":"0.00","today_transout_total_quota":"0.00","unpaid_income":"0.00","error_code":"","quick_exceed_enable_share":"4605.88","accum_income":"0.00","cost":"10000.00","frozen_share":"0.00","total_count":"1","worth_value":"8000.00","today_income":"0.00","nav_date":"20170213","success_type":"0","enable_shares":"4605.88","bank_no":"003","error_info":"","excetrans_in_total_quota":"0.00"}]}
    [code] => 200
)
]
[16:38:14][参数：Array
(
    [targetcomp_id] => 91000
    [sendercomp_id] => 91000
    [trust_way] => 2
    [access_token] => 1FA5B344BD9A4D96A32411B1805745AF2017021413362874147399
    [request_num] => 25
    [reqry_recordsum_flag] => 1
    [qry_beginrownum] => 0
    [trade_acco] => 1188
)
https://sitapi.hscloud.cn/cwsale/v1/share_qry
回参：Array
(
    [data] => {"data":[{"excetrans_out_total_quota":"0.00","share_type":"A","c_flag":"1","trade_acco":"1188","today_transin_total_quota":"0.00","current_share":"4705.88","ta_acco":"B01000010011","capital_mode":"l","today_apply_total_quota":"0.00","business_frozen_amount":"100.00","lock_share":"0.00","available_due_share":"4605.88","bank_account":"6228480712413995614","fund_code":"600570","rowcount":"1","auto_buy":"0","today_exceed_total_quota":"0.00","today_transout_total_quota":"0.00","unpaid_income":"0.00","error_code":"","quick_exceed_enable_share":"4605.88","accum_income":"0.00","cost":"10000.00","frozen_share":"0.00","total_count":"1","worth_value":"8000.00","today_income":"0.00","nav_date":"20170213","success_type":"0","enable_shares":"4605.88","bank_no":"003","error_info":"","excetrans_in_total_quota":"0.00"}]}
    [code] => 200
)
]
[16:44:36][参数：Array
(
    [targetcomp_id] => 91000
    [sendercomp_id] => 91000
    [trust_way] => 2
    [access_token] => 1FA5B344BD9A4D96A32411B1805745AF2017021413362874147399
    [request_num] => 25
    [reqry_recordsum_flag] => 1
    [qry_beginrownum] => 0
    [trade_acco] => 1188
)
https://sitapi.hscloud.cn/cwsale/v1/share_qry
回参：Array
(
    [data] => {"data":[{"excetrans_out_total_quota":"0.00","share_type":"A","c_flag":"1","trade_acco":"1188","today_transin_total_quota":"0.00","current_share":"4705.88","ta_acco":"B01000010011","capital_mode":"l","today_apply_total_quota":"0.00","business_frozen_amount":"100.00","lock_share":"0.00","available_due_share":"4605.88","bank_account":"6228480712413995614","fund_code":"600570","rowcount":"1","auto_buy":"0","today_exceed_total_quota":"0.00","today_transout_total_quota":"0.00","unpaid_income":"0.00","error_code":"","quick_exceed_enable_share":"4605.88","accum_income":"0.00","cost":"10000.00","frozen_share":"0.00","total_count":"1","worth_value":"8000.00","today_income":"0.00","nav_date":"20170213","success_type":"0","enable_shares":"4605.88","bank_no":"003","error_info":"","excetrans_in_total_quota":"0.00"}]}
    [code] => 200
)
]
[16:48:30][参数：Array
(
    [targetcomp_id] => 91000
    [sendercomp_id] => 91000
    [trust_way] => 2
    [access_token] => 1FA5B344BD9A4D96A32411B1805745AF2017021413362874147399
    [request_num] => 25
    [reqry_recordsum_flag] => 1
    [qry_beginrownum] => 0
    [trade_acco] => 1188
)
https://sitapi.hscloud.cn/cwsale/v1/share_qry
回参：Array
(
    [data] => {"data":[{"excetrans_out_total_quota":"0.00","share_type":"A","c_flag":"1","trade_acco":"1188","today_transin_total_quota":"0.00","current_share":"4705.88","ta_acco":"B01000010011","capital_mode":"l","today_apply_total_quota":"0.00","business_frozen_amount":"200.00","lock_share":"0.00","available_due_share":"4505.88","bank_account":"6228480712413995614","fund_code":"600570","rowcount":"1","auto_buy":"0","today_exceed_total_quota":"0.00","today_transout_total_quota":"0.00","unpaid_income":"0.00","error_code":"","quick_exceed_enable_share":"4505.88","accum_income":"0.00","cost":"10000.00","frozen_share":"0.00","total_count":"1","worth_value":"8000.00","today_income":"0.00","nav_date":"20170213","success_type":"0","enable_shares":"4505.88","bank_no":"003","error_info":"","excetrans_in_total_quota":"0.00"}]}
    [code] => 200
)
]
[16:49:12][参数：Array
(
    [targetcomp_id] => 91000
    [sendercomp_id] => 91000
    [trust_way] => 2
    [access_token] => 1FA5B344BD9A4D96A32411B1805745AF2017021413362874147399
    [request_num] => 25
    [reqry_recordsum_flag] => 1
    [qry_beginrownum] => 0
    [trade_acco] => 1184
)
https://sitapi.hscloud.cn/cwsale/v1/share_qry
回参：Array
(
    [data] => {"data":[{"excetrans_out_total_quota":"","share_type":"","c_flag":"","trade_acco":"","today_transin_total_quota":"","current_share":"","ta_acco":"","capital_mode":"","today_apply_total_quota":"","business_frozen_amount":"","lock_share":"","available_due_share":"","bank_account":"","fund_code":"","rowcount":"","auto_buy":"","today_exceed_total_quota":"","today_transout_total_quota":"","unpaid_income":"","error_code":"","quick_exceed_enable_share":"","accum_income":"","cost":"","frozen_share":"","total_count":"","worth_value":"","today_income":"","nav_date":"","success_type":"0","enable_shares":"","bank_no":"","error_info":"","excetrans_in_total_quota":""}]}
    [code] => 200
)
]
[16:49:13][参数：Array
(
    [targetcomp_id] => 91000
    [sendercomp_id] => 91000
    [trust_way] => 2
    [access_token] => 1FA5B344BD9A4D96A32411B1805745AF2017021413362874147399
    [request_num] => 25
    [reqry_recordsum_flag] => 1
    [qry_beginrownum] => 0
    [trade_acco] => 1188
)
https://sitapi.hscloud.cn/cwsale/v1/share_qry
回参：Array
(
    [data] => {"data":[{"excetrans_out_total_quota":"0.00","share_type":"A","c_flag":"1","trade_acco":"1188","today_transin_total_quota":"0.00","current_share":"4705.88","ta_acco":"B01000010011","capital_mode":"l","today_apply_total_quota":"0.00","business_frozen_amount":"200.00","lock_share":"0.00","available_due_share":"4505.88","bank_account":"6228480712413995614","fund_code":"600570","rowcount":"1","auto_buy":"0","today_exceed_total_quota":"0.00","today_transout_total_quota":"0.00","unpaid_income":"0.00","error_code":"","quick_exceed_enable_share":"4505.88","accum_income":"0.00","cost":"10000.00","frozen_share":"0.00","total_count":"1","worth_value":"8000.00","today_income":"0.00","nav_date":"20170213","success_type":"0","enable_shares":"4505.88","bank_no":"003","error_info":"","excetrans_in_total_quota":"0.00"}]}
    [code] => 200
)
]
[16:53:27][参数：Array
(
    [targetcomp_id] => 91000
    [sendercomp_id] => 91000
    [trust_way] => 2
    [access_token] => 1FA5B344BD9A4D96A32411B1805745AF2017021413362874147399
    [request_num] => 25
    [reqry_recordsum_flag] => 1
    [qry_beginrownum] => 0
    [trade_acco] => 1184
)
https://sitapi.hscloud.cn/cwsale/v1/share_qry
回参：Array
(
    [data] => {"data":[{"excetrans_out_total_quota":"","share_type":"","c_flag":"","trade_acco":"","today_transin_total_quota":"","current_share":"","ta_acco":"","capital_mode":"","today_apply_total_quota":"","business_frozen_amount":"","lock_share":"","available_due_share":"","bank_account":"","fund_code":"","rowcount":"","auto_buy":"","today_exceed_total_quota":"","today_transout_total_quota":"","unpaid_income":"","error_code":"","quick_exceed_enable_share":"","accum_income":"","cost":"","frozen_share":"","total_count":"","worth_value":"","today_income":"","nav_date":"","success_type":"0","enable_shares":"","bank_no":"","error_info":"","excetrans_in_total_quota":""}]}
    [code] => 200
)
]
[17:06:51][参数：Array
(
    [targetcomp_id] => 91000
    [sendercomp_id] => 91000
    [trust_way] => 2
    [access_token] => 1FA5B344BD9A4D96A32411B1805745AF2017021413362874147399
    [request_num] => 25
    [reqry_recordsum_flag] => 1
    [qry_beginrownum] => 0
    [trade_acco] => 1190
)
https://sitapi.hscloud.cn/cwsale/v1/share_qry
回参：Array
(
    [data] => {"data":[{"excetrans_out_total_quota":"","share_type":"","c_flag":"","trade_acco":"","today_transin_total_quota":"","current_share":"","ta_acco":"","capital_mode":"","today_apply_total_quota":"","business_frozen_amount":"","lock_share":"","available_due_share":"","bank_account":"","fund_code":"","rowcount":"","auto_buy":"","today_exceed_total_quota":"","today_transout_total_quota":"","unpaid_income":"","error_code":"","quick_exceed_enable_share":"","accum_income":"","cost":"","frozen_share":"","total_count":"","worth_value":"","today_income":"","nav_date":"","success_type":"0","enable_shares":"","bank_no":"","error_info":"","excetrans_in_total_quota":""}]}
    [code] => 200
)
]
[17:10:11][参数：Array
(
    [targetcomp_id] => 91000
    [sendercomp_id] => 91000
    [trust_way] => 2
    [access_token] => 1FA5B344BD9A4D96A32411B1805745AF2017021413362874147399
    [request_num] => 25
    [reqry_recordsum_flag] => 1
    [qry_beginrownum] => 0
    [trade_acco] => 1188
)
https://sitapi.hscloud.cn/cwsale/v1/share_qry
回参：Array
(
    [data] => {"data":[{"excetrans_out_total_quota":"0.00","share_type":"A","c_flag":"1","trade_acco":"1188","today_transin_total_quota":"0.00","current_share":"4705.88","ta_acco":"B01000010011","capital_mode":"l","today_apply_total_quota":"0.00","business_frozen_amount":"200.00","lock_share":"0.00","available_due_share":"4505.88","bank_account":"6228480712413995614","fund_code":"600570","rowcount":"1","auto_buy":"0","today_exceed_total_quota":"0.00","today_transout_total_quota":"0.00","unpaid_income":"0.00","error_code":"","quick_exceed_enable_share":"4505.88","accum_income":"0.00","cost":"10000.00","frozen_share":"0.00","total_count":"1","worth_value":"8000.00","today_income":"0.00","nav_date":"20170213","success_type":"0","enable_shares":"4505.88","bank_no":"003","error_info":"","excetrans_in_total_quota":"0.00"}]}
    [code] => 200
)
]
[17:10:24][参数：Array
(
    [targetcomp_id] => 91000
    [sendercomp_id] => 91000
    [trust_way] => 2
    [access_token] => 1FA5B344BD9A4D96A32411B1805745AF2017021413362874147399
    [request_num] => 25
    [reqry_recordsum_flag] => 1
    [qry_beginrownum] => 0
    [trade_acco] => 1188
)
https://sitapi.hscloud.cn/cwsale/v1/share_qry
回参：Array
(
    [data] => {"data":[{"excetrans_out_total_quota":"0.00","share_type":"A","c_flag":"1","trade_acco":"1188","today_transin_total_quota":"0.00","current_share":"4705.88","ta_acco":"B01000010011","capital_mode":"l","today_apply_total_quota":"0.00","business_frozen_amount":"200.00","lock_share":"0.00","available_due_share":"4505.88","bank_account":"6228480712413995614","fund_code":"600570","rowcount":"1","auto_buy":"0","today_exceed_total_quota":"0.00","today_transout_total_quota":"0.00","unpaid_income":"0.00","error_code":"","quick_exceed_enable_share":"4505.88","accum_income":"0.00","cost":"10000.00","frozen_share":"0.00","total_count":"1","worth_value":"8000.00","today_income":"0.00","nav_date":"20170213","success_type":"0","enable_shares":"4505.88","bank_no":"003","error_info":"","excetrans_in_total_quota":"0.00"}]}
    [code] => 200
)
]
[17:13:25][参数：Array
(
    [targetcomp_id] => 91000
    [sendercomp_id] => 91000
    [trust_way] => 2
    [access_token] => 1FA5B344BD9A4D96A32411B1805745AF2017021413362874147399
    [request_num] => 25
    [reqry_recordsum_flag] => 1
    [qry_beginrownum] => 0
    [trade_acco] => 1184
)
https://sitapi.hscloud.cn/cwsale/v1/share_qry
回参：Array
(
    [data] => {"data":[{"excetrans_out_total_quota":"","share_type":"","c_flag":"","trade_acco":"","today_transin_total_quota":"","current_share":"","ta_acco":"","capital_mode":"","today_apply_total_quota":"","business_frozen_amount":"","lock_share":"","available_due_share":"","bank_account":"","fund_code":"","rowcount":"","auto_buy":"","today_exceed_total_quota":"","today_transout_total_quota":"","unpaid_income":"","error_code":"","quick_exceed_enable_share":"","accum_income":"","cost":"","frozen_share":"","total_count":"","worth_value":"","today_income":"","nav_date":"","success_type":"0","enable_shares":"","bank_no":"","error_info":"","excetrans_in_total_quota":""}]}
    [code] => 200
)
]
[17:28:49][参数：Array
(
    [targetcomp_id] => 91000
    [sendercomp_id] => 91000
    [trust_way] => 2
    [access_token] => 1FA5B344BD9A4D96A32411B1805745AF2017021413362874147399
    [request_num] => 25
    [reqry_recordsum_flag] => 1
    [qry_beginrownum] => 0
    [trade_acco] => 1188
)
https://sitapi.hscloud.cn/cwsale/v1/share_qry
回参：Array
(
    [data] => {"data":[{"excetrans_out_total_quota":"0.00","share_type":"A","c_flag":"1","trade_acco":"1188","today_transin_total_quota":"0.00","current_share":"4705.88","ta_acco":"B01000010011","capital_mode":"l","today_apply_total_quota":"0.00","business_frozen_amount":"200.00","lock_share":"0.00","available_due_share":"4505.88","bank_account":"6228480712413995614","fund_code":"600570","rowcount":"1","auto_buy":"0","today_exceed_total_quota":"0.00","today_transout_total_quota":"0.00","unpaid_income":"0.00","error_code":"","quick_exceed_enable_share":"4505.88","accum_income":"0.00","cost":"10000.00","frozen_share":"0.00","total_count":"1","worth_value":"8000.00","today_income":"0.00","nav_date":"20170213","success_type":"0","enable_shares":"4505.88","bank_no":"003","error_info":"","excetrans_in_total_quota":"0.00"}]}
    [code] => 200
)
]
