[17:33:18][参数：Array
(
    [targetcomp_id] => 91000
    [sendercomp_id] => 91000
    [access_token] => 111E7EFA38954059AD507E91B5087C1B2017011817331942149195
    [request_num] => 1
    [reqry_recordsum_flag] => 1
    [qry_beginrownum] => 0
    [fund_code] => 600570
)

回参：Array
(
    [data] => {"data":[{"ofund_type":"0","per_myriad_income":"0.0000","fund_code":"600570","fund_curr_income":"0.00","rowcount":"1","forbid_modi_autobuy_flag":"0","pre_income_ratio":"0.0000","fund_full_name":"恒生电子股票基金","accept_hq_date":"20170113","share_type":"A","error_code":"","total_count":"1","fund_share":"0.00","fund_name":"恒生电子股票基金","fund_status":"0","ta_no":"B0","success_type":"0","nav_total":"1.7000","nav":"1.7000","prod_term":"0","ofund_risklevel":"0","en_minshare":"0.00","hq_date":"20170112","fund_curr_ratio":"0.0000","error_info":""}]}
    [code] => 200
)
]
[17:33:19][参数：Array
(
    [targetcomp_id] => 91000
    [sendercomp_id] => 91000
    [access_token] => 111E7EFA38954059AD507E91B5087C1B2017011817331942149195
    [request_num] => 1
    [reqry_recordsum_flag] => 1
    [qry_beginrownum] => 0
    [fund_code] => 600570
)

回参：Array
(
    [data] => {"data":[{"excetrans_out_total_quota":"0.00","share_type":"A","c_flag":"1","trade_acco":"0001","today_transin_total_quota":"0.00","current_share":"708.84","ta_acco":"B01000000010","capital_mode":"3","today_apply_total_quota":"0.00","business_frozen_amount":"0.00","lock_share":"0.00","available_due_share":"708.84","bank_account":"6228480987654321789","fund_code":"600570","rowcount":"1","auto_buy":"0","today_exceed_total_quota":"0.00","today_transout_total_quota":"0.00","unpaid_income":"0.00","error_code":"","quick_exceed_enable_share":"708.84","accum_income":"0.00","cost":"1205.02","frozen_share":"0.00","total_count":"15","worth_value":"1205.03","today_income":"0.00","nav_date":"20170112","success_type":"0","enable_shares":"708.84","bank_no":"003","error_info":"","excetrans_in_total_quota":"0.00"}]}
    [code] => 200
)
]
[17:33:19][参数：Array
(
    [targetcomp_id] => 91000
    [sendercomp_id] => 91000
    [access_token] => 111E7EFA38954059AD507E91B5087C1B2017011817331942149195
    [request_num] => 1
    [reqry_recordsum_flag] => 1
    [qry_beginrownum] => 0
    [fund_code] => 600570
    [share_type] => A
    [trust_way] => 2
    [capital_mode] => l
    [cust_type] => l
)

回参：Array
(
    [data] => {"data":[{"fund_code":"600570","rowcount":"1","second_min":"50.00","share_type":"A","error_code":"","trust_way":"2","total_count":"4","forbid_flag":"","cust_type":"1","capital_mode":"l","fund_busin_code":"020","success_type":"0","max_value":"100000.00","error_info":"","min_value":"100.00"}]}
    [code] => 200
)
]
[17:34:13][参数：Array
(
    [targetcomp_id] => 91000
    [sendercomp_id] => 91000
    [access_token] => 181752ED0B674FE386A4C35208839EB32017011817341398157773
    [request_num] => 1
    [reqry_recordsum_flag] => 1
    [qry_beginrownum] => 0
    [fund_code] => 600570
    [trust_way] => 2
)

回参：Array
(
    [data] => {"data":[{"max_balance":"0.00","min_balance":"0.00","min_fare":"0.00","fund_code":"600570","rowcount":"1","share_type":"A","error_code":"","total_count":"10","sale_type":"0","max_fare":"0.00","cust_type":"1","zoneno":"231","fare_type":"0","ratio":"0.2000","success_type":"0","max_hold":"","min_predays":"","busin_flag":"020","min_hold":"","max_predays":"","error_info":""}]}
    [code] => 200
)
]
[17:34:13][参数：Array
(
    [targetcomp_id] => 91000
    [sendercomp_id] => 91000
    [access_token] => 3AF59A881A5B4D239C727837B341C8EC2017011817341418104613
    [request_num] => 1
    [reqry_recordsum_flag] => 1
    [qry_beginrownum] => 0
    [fund_code] => 600570
    [trust_way] => 2
)

回参：Array
(
    [data] => {"data":[{"max_balance":"0.00","min_balance":"0.00","min_fare":"0.00","fund_code":"600570","rowcount":"1","share_type":"A","error_code":"","total_count":"10","sale_type":"0","max_fare":"0.00","cust_type":"1","zoneno":"231","fare_type":"0","ratio":"0.2000","success_type":"0","max_hold":"","min_predays":"","busin_flag":"020","min_hold":"","max_predays":"","error_info":""}]}
    [code] => 200
)
]
[17:34:15][参数：Array
(
    [targetcomp_id] => 91000
    [sendercomp_id] => 91000
    [access_token] => E2FFA36F4B324DD2A5B6037C203EE8752017011817341620944898
    [request_num] => 1
    [reqry_recordsum_flag] => 1
    [qry_beginrownum] => 0
    [fund_code] => 600570
    [trust_way] => 2
)

回参：Array
(
    [data] => {"data":[{"max_balance":"0.00","min_balance":"0.00","min_fare":"0.00","fund_code":"600570","rowcount":"1","share_type":"A","error_code":"","total_count":"10","sale_type":"0","max_fare":"0.00","cust_type":"1","zoneno":"231","fare_type":"0","ratio":"0.2000","success_type":"0","max_hold":"","min_predays":"","busin_flag":"020","min_hold":"","max_predays":"","error_info":""}]}
    [code] => 200
)
]
[17:34:16][参数：Array
(
    [targetcomp_id] => 91000
    [sendercomp_id] => 91000
    [access_token] => AD3E55BC22E74E4C96F6BFA22304BBFC2017011817341663721887
    [request_num] => 1
    [reqry_recordsum_flag] => 1
    [qry_beginrownum] => 0
    [fund_code] => 600570
    [trust_way] => 2
)

回参：Array
(
    [data] => {"data":[{"max_balance":"0.00","min_balance":"0.00","min_fare":"0.00","fund_code":"600570","rowcount":"1","share_type":"A","error_code":"","total_count":"10","sale_type":"0","max_fare":"0.00","cust_type":"1","zoneno":"231","fare_type":"0","ratio":"0.2000","success_type":"0","max_hold":"","min_predays":"","busin_flag":"020","min_hold":"","max_predays":"","error_info":""}]}
    [code] => 200
)
]
