2017-02-15 09:19:26
|-cParam-|Array
(
    [Type] => 4
    [CheckData] => 18065043496
)
|-result-|Array
(
    [Code] => 00
    [Msg] => 有记录
    [Record] => Array
        (
            [UserID] => 169
        )

)

2017-02-15 09:20:42
|-cParam-|Array
(
    [Type] => 4
    [CheckData] => 18065043496
)
|-result-|Array
(
    [Code] => 00
    [Msg] => 有记录
    [Record] => Array
        (
            [UserID] => 169
        )

)

2017-02-15 09:20:46
|-cParam-|Array
(
    [Type] => 4
    [CheckData] => 18065043496
)
|-result-|Array
(
    [Code] => 00
    [Msg] => 有记录
    [Record] => Array
        (
            [UserID] => 169
        )

)

2017-02-15 09:20:47
|-cParam-|Array
(
    [Type] => 4
    [CheckData] => 18065043496
)
|-result-|Array
(
    [Code] => 00
    [Msg] => 有记录
    [Record] => Array
        (
            [UserID] => 169
        )

)

2017-02-15 09:28:40
|-cParam-|Array
(
    [Type] => 4
    [CheckData] => 18065043496
)
|-result-|Array
(
    [Code] => 00
    [Msg] => 有记录
    [Record] => Array
        (
            [UserID] => 169
        )

)

2017-02-15 09:47:29
|-cParam-|Array
(
    [Type] => 4
    [CheckData] => 18125530297
)
|-result-|Array
(
    [Code] => 00
    [Msg] => 有记录
    [Record] => Array
        (
            [UserID] => 178
        )

)

2017-02-15 09:50:41
|-cParam-|Array
(
    [Type] => 4
    [CheckData] => 18125530297
)
|-result-|Array
(
    [Code] => 00
    [Msg] => 有记录
    [Record] => Array
        (
            [UserID] => 178
        )

)

2017-02-15 09:50:51
|-cParam-|Array
(
    [Type] => 4
    [CheckData] => 18125530297
)
|-result-|Array
(
    [Code] => 00
    [Msg] => 有记录
    [Record] => Array
        (
            [UserID] => 178
        )

)

2017-02-15 09:55:42
|-cParam-|Array
(
    [Type] => 4
    [CheckData] => 18065043496
)
|-result-|Array
(
    [Code] => 00
    [Msg] => 有记录
    [Record] => Array
        (
            [UserID] => 169
        )

)

2017-02-15 09:58:07
|-cParam-|Array
(
    [Type] => 4
    [CheckData] => 18065043496
)
|-result-|Array
(
    [Code] => 00
    [Msg] => 有记录
    [Record] => Array
        (
            [UserID] => 169
        )

)

2017-02-15 10:04:28
|-cParam-|Array
(
    [Type] => 4
    [CheckData] => 18065043496
)
|-result-|Array
(
    [Code] => 00
    [Msg] => 有记录
    [Record] => Array
        (
            [UserID] => 169
        )

)

2017-02-15 10:12:58
|-cParam-|Array
(
    [Type] => 4
    [CheckData] => 18065043496
)
|-result-|Array
(
    [Code] => 00
    [Msg] => 有记录
    [Record] => Array
        (
            [UserID] => 169
        )

)

2017-02-15 10:27:50
|-cParam-|Array
(
    [Type] => 4
    [CheckData] => 18125530297
)
|-result-|Array
(
    [Code] => 00
    [Msg] => 有记录
    [Record] => Array
        (
            [UserID] => 178
        )

)

2017-02-15 10:30:12
|-cParam-|Array
(
    [Type] => 4
    [CheckData] => 18065043496
)
|-result-|Array
(
    [Code] => 00
    [Msg] => 有记录
    [Record] => Array
        (
            [UserID] => 169
        )

)

2017-02-15 10:40:16
|-cParam-|Array
(
    [Type] => 4
    [CheckData] => 18065043496
)
|-result-|Array
(
    [Code] => 00
    [Msg] => 有记录
    [Record] => Array
        (
            [UserID] => 169
        )

)

2017-02-15 14:17:21
|-cParam-|Array
(
    [Type] => 4
    [CheckData] => 15972158074
)
|-result-|Array
(
    [Code] => 00
    [Msg] => 有记录
    [Record] => Array
        (
            [UserID] => 196
        )

)

2017-02-15 14:36:53
|-cParam-|Array
(
    [Type] => 4
    [CheckData] => 13037100638
)
|-result-|Array
(
    [Code] => 00
    [Msg] => 有记录
    [Record] => Array
        (
            [UserID] => 211
        )

)

