2017-01-06 10:32:48
|-cParam-|Array
(
    [Type] => 4
    [CheckData] => 18065043496
)
|-result-|Array
(
    [Code] => 12
    [Msg] => 没有记录
    [Record] => Array
        (
        )

)

2017-01-06 10:37:06
|-cParam-|Array
(
    [Type] => 4
    [CheckData] => 18065043496
)
|-result-|Array
(
    [Code] => 12
    [Msg] => 没有记录
    [Record] => Array
        (
        )

)

2017-01-06 10:48:32
|-cParam-|Array
(
    [Type] => 4
    [CheckData] => 18065043496
)
|-result-|Array
(
    [Code] => 12
    [Msg] => 没有记录
    [Record] => Array
        (
        )

)

2017-01-06 10:49:32
|-cParam-|Array
(
    [Type] => 4
    [CheckData] => 18065043496
)
|-result-|Array
(
    [Code] => 12
    [Msg] => 没有记录
    [Record] => Array
        (
        )

)

2017-01-06 10:49:52
|-cParam-|Array
(
    [Type] => 4
    [CheckData] => 18065043496
)
|-result-|Array
(
    [Code] => 12
    [Msg] => 没有记录
    [Record] => Array
        (
        )

)

2017-01-06 10:50:13
|-cParam-|Array
(
    [Type] => 4
    [CheckData] => 18065043496
)
|-result-|Array
(
    [Code] => 12
    [Msg] => 没有记录
    [Record] => Array
        (
        )

)

2017-01-06 10:54:50
|-cParam-|Array
(
    [Type] => 4
    [CheckData] => 18065043496
)
|-result-|Array
(
    [Code] => 12
    [Msg] => 没有记录
    [Record] => Array
        (
        )

)

2017-01-06 10:57:24
|-cParam-|Array
(
    [Type] => 4
    [CheckData] => 18065043496
)
|-result-|Array
(
    [Code] => 12
    [Msg] => 没有记录
    [Record] => Array
        (
        )

)

2017-01-06 10:58:52
|-cParam-|Array
(
    [Type] => 4
    [CheckData] => 18065043496
)
|-result-|Array
(
    [Code] => 12
    [Msg] => 没有记录
    [Record] => Array
        (
        )

)

2017-01-06 11:08:39
|-cParam-|Array
(
    [Type] => 4
    [CheckData] => 18065043496
)
|-result-|Array
(
    [Code] => 12
    [Msg] => 没有记录
    [Record] => Array
        (
        )

)

2017-01-06 11:20:06
|-cParam-|Array
(
    [Type] => 4
    [CheckData] => 18065043496
)
|-result-|Array
(
    [Code] => 12
    [Msg] => 没有记录
    [Record] => Array
        (
        )

)

2017-01-06 11:23:43
|-cParam-|Array
(
    [Type] => 4
    [CheckData] => 18065043496
)
|-result-|Array
(
    [Code] => 12
    [Msg] => 没有记录
    [Record] => Array
        (
        )

)

2017-01-06 11:27:27
|-cParam-|Array
(
    [Type] => 4
    [CheckData] => 18065043496
)
|-result-|Array
(
    [Code] => 12
    [Msg] => 没有记录
    [Record] => Array
        (
        )

)

2017-01-06 11:28:53
|-cParam-|Array
(
    [Type] => 4
    [CheckData] => 18065043496
)
|-result-|Array
(
    [Code] => 12
    [Msg] => 没有记录
    [Record] => Array
        (
        )

)

2017-01-06 11:31:02
|-cParam-|Array
(
    [Type] => 4
    [CheckData] => 18065043496
)
|-result-|Array
(
    [Code] => 12
    [Msg] => 没有记录
    [Record] => Array
        (
        )

)

2017-01-06 11:34:27
|-cParam-|Array
(
    [Type] => 4
    [CheckData] => 18065043496
)
|-result-|Array
(
    [Code] => 12
    [Msg] => 没有记录
    [Record] => Array
        (
        )

)

