2017-01-18 10:52:55
|-cParam-|Array
(
    [Type] => 4
    [CheckData] => 18065043496
)
|-result-|Array
(
    [Code] => 00
    [Msg] => 有记录
    [Record] => Array
        (
            [UserID] => 21
        )

)

2017-01-18 10:53:35
|-cParam-|Array
(
    [Type] => 4
    [CheckData] => 18065043496
)
|-result-|Array
(
    [Code] => 00
    [Msg] => 有记录
    [Record] => Array
        (
            [UserID] => 21
        )

)

2017-01-18 11:21:47
|-cParam-|Array
(
    [Type] => 4
    [CheckData] => 18065043496
)
|-result-|Array
(
    [Code] => 00
    [Msg] => 有记录
    [Record] => Array
        (
            [UserID] => 21
        )

)

2017-01-18 11:22:16
|-cParam-|Array
(
    [Type] => 4
    [CheckData] => 18065043496
)
|-result-|Array
(
    [Code] => 00
    [Msg] => 有记录
    [Record] => Array
        (
            [UserID] => 21
        )

)

2017-01-18 11:23:41
|-cParam-|Array
(
    [Type] => 4
    [CheckData] => 18065043496
)
|-result-|Array
(
    [Code] => 00
    [Msg] => 有记录
    [Record] => Array
        (
            [UserID] => 21
        )

)

2017-01-18 11:29:29
|-cParam-|Array
(
    [Type] => 4
    [CheckData] => 18060119703
)
|-result-|Array
(
    [Code] => 12
    [Msg] => 没有记录
    [Record] => Array
        (
        )

)

2017-01-18 13:11:55
|-cParam-|Array
(
    [Type] => 4
    [CheckData] => 18060119703
)
|-result-|Array
(
    [Code] => 12
    [Msg] => 没有记录
    [Record] => Array
        (
        )

)

2017-01-18 13:12:25
|-cParam-|Array
(
    [Type] => 4
    [CheckData] => 18060119703
)
|-result-|Array
(
    [Code] => 12
    [Msg] => 没有记录
    [Record] => Array
        (
        )

)

2017-01-18 13:18:15
|-cParam-|Array
(
    [Type] => 4
    [CheckData] => 18060119703
)
|-result-|Array
(
    [Code] => 12
    [Msg] => 没有记录
    [Record] => Array
        (
        )

)

2017-01-18 13:18:57
|-cParam-|Array
(
    [Type] => 4
    [CheckData] => 18060119703
)
|-result-|Array
(
    [Code] => 12
    [Msg] => 没有记录
    [Record] => Array
        (
        )

)

2017-01-18 13:19:34
|-cParam-|Array
(
    [Type] => 4
    [CheckData] => 18065043496
)
|-result-|Array
(
    [Code] => 00
    [Msg] => 有记录
    [Record] => Array
        (
            [UserID] => 21
        )

)

2017-01-18 13:20:07
|-cParam-|Array
(
    [Type] => 4
    [CheckData] => 18065043496
)
|-result-|Array
(
    [Code] => 00
    [Msg] => 有记录
    [Record] => Array
        (
            [UserID] => 21
        )

)

