2016-12-29 10:46:22
|-cParam-|Array
(
    [Type] => 4
    [CheckData] => 13599951535
)
|-result-|Array
(
    [Code] => 12
    [Msg] => 没有记录
    [Record] => Array
        (
        )

)

2016-12-29 11:17:30
|-cParam-|Array
(
    [Type] => 4
    [CheckData] => 13599951535
)
|-result-|Array
(
    [Code] => 12
    [Msg] => 没有记录
    [Record] => Array
        (
        )

)

2016-12-29 11:23:34
|-cParam-|Array
(
    [Type] => 4
    [CheckData] => 13599951535
)
|-result-|Array
(
    [Code] => 12
    [Msg] => 没有记录
    [Record] => Array
        (
        )

)

2016-12-29 11:53:44
|-cParam-|Array
(
    [Type] => 4
    [CheckData] => 13599951535
)
|-result-|Array
(
    [Code] => 12
    [Msg] => 没有记录
    [Record] => Array
        (
        )

)

2016-12-29 13:29:42
|-cParam-|Array
(
    [Type] => 4
    [CheckData] => 13599951535
)
|-result-|Array
(
    [Code] => 12
    [Msg] => 没有记录
    [Record] => Array
        (
        )

)

2016-12-29 18:20:44
|-cParam-|Array
(
    [Type] => 4
    [CheckData] => 13599951535
)
|-result-|Array
(
    [Code] => 12
    [Msg] => 没有记录
    [Record] => Array
        (
        )

)

2016-12-29 18:24:30
|-cParam-|Array
(
    [Type] => 4
    [CheckData] => 13599951535
)
|-result-|Array
(
    [Code] => 12
    [Msg] => 没有记录
    [Record] => Array
        (
        )

)

2016-12-29 18:25:47
|-cParam-|Array
(
    [Type] => 4
    [CheckData] => 13599951535
)
|-result-|Array
(
    [Code] => 12
    [Msg] => 没有记录
    [Record] => Array
        (
        )

)

2016-12-29 18:32:50
|-cParam-|Array
(
    [Type] => 4
    [CheckData] => 13599951535
)
|-result-|Array
(
    [Code] => 12
    [Msg] => 没有记录
    [Record] => Array
        (
        )

)

2016-12-29 18:34:51
|-cParam-|Array
(
    [Type] => 4
    [CheckData] => 13599951535
)
|-result-|Array
(
    [Code] => 12
    [Msg] => 没有记录
    [Record] => Array
        (
        )

)

2016-12-29 18:35:15
|-cParam-|Array
(
    [Type] => 4
    [CheckData] => 13599951535
)
|-result-|Array
(
    [Code] => 12
    [Msg] => 没有记录
    [Record] => Array
        (
        )

)

2016-12-29 18:35:27
|-cParam-|Array
(
    [Type] => 4
    [CheckData] => 13599951535
)
|-result-|Array
(
    [Code] => 12
    [Msg] => 没有记录
    [Record] => Array
        (
        )

)

2016-12-29 18:37:13
|-cParam-|Array
(
    [Type] => 4
    [CheckData] => 13599951535
)
|-result-|Array
(
    [Code] => 12
    [Msg] => 没有记录
    [Record] => Array
        (
        )

)

2016-12-29 18:37:35
|-cParam-|Array
(
    [Type] => 4
    [CheckData] => 13599951535
)
|-result-|Array
(
    [Code] => 12
    [Msg] => 没有记录
    [Record] => Array
        (
        )

)

2016-12-29 18:39:08
|-cParam-|Array
(
    [Type] => 4
    [CheckData] => 13599951535
)
|-result-|Array
(
    [Code] => 12
    [Msg] => 没有记录
    [Record] => Array
        (
        )

)

2016-12-29 18:40:22
|-cParam-|Array
(
    [Type] => 4
    [CheckData] => 13599951535
)
|-result-|Array
(
    [Code] => 12
    [Msg] => 没有记录
    [Record] => Array
        (
        )

)

2016-12-29 18:40:43
|-cParam-|Array
(
    [Type] => 4
    [CheckData] => 13599951535
)
|-result-|Array
(
    [Code] => 12
    [Msg] => 没有记录
    [Record] => Array
        (
        )

)

2016-12-29 18:45:27
|-cParam-|Array
(
    [Type] => 4
    [CheckData] => 13599951535
)
|-result-|Array
(
    [Code] => 12
    [Msg] => 没有记录
    [Record] => Array
        (
        )

)

2016-12-29 18:46:05
|-cParam-|Array
(
    [Type] => 4
    [CheckData] => 13599951535
)
|-result-|Array
(
    [Code] => 12
    [Msg] => 没有记录
    [Record] => Array
        (
        )

)

2016-12-29 18:49:28
|-cParam-|Array
(
    [Type] => 4
    [CheckData] => 13599951535
)
|-result-|Array
(
    [Code] => 12
    [Msg] => 没有记录
    [Record] => Array
        (
        )

)

2016-12-29 18:50:53
|-cParam-|Array
(
    [Type] => 4
    [CheckData] => 13599951535
)
|-result-|Array
(
    [Code] => 12
    [Msg] => 没有记录
    [Record] => Array
        (
        )

)

2016-12-29 18:51:58
|-cParam-|Array
(
    [Type] => 4
    [CheckData] => 13599951535
)
|-result-|Array
(
    [Code] => 12
    [Msg] => 没有记录
    [Record] => Array
        (
        )

)

2016-12-29 18:56:39
|-cParam-|Array
(
    [Type] => 4
    [CheckData] => 13599951535
)
|-result-|Array
(
    [Code] => 12
    [Msg] => 没有记录
    [Record] => Array
        (
        )

)

2016-12-29 19:00:09
|-cParam-|Array
(
    [Type] => 4
    [CheckData] => 13599951535
)
|-result-|Array
(
    [Code] => 12
    [Msg] => 没有记录
    [Record] => Array
        (
        )

)

2016-12-29 19:04:17
|-cParam-|Array
(
    [Type] => 4
    [CheckData] => 13599951535
)
|-result-|Array
(
    [Code] => 12
    [Msg] => 没有记录
    [Record] => Array
        (
        )

)

2016-12-29 19:05:19
|-cParam-|Array
(
    [Type] => 4
    [CheckData] => 13599951535
)
|-result-|Array
(
    [Code] => 12
    [Msg] => 没有记录
    [Record] => Array
        (
        )

)

2016-12-29 19:05:39
|-cParam-|Array
(
    [Type] => 4
    [CheckData] => 13599951535
)
|-result-|Array
(
    [Code] => 12
    [Msg] => 没有记录
    [Record] => Array
        (
        )

)

2016-12-29 19:08:30
|-cParam-|Array
(
    [Type] => 4
    [CheckData] => 13599951535
)
|-result-|Array
(
    [Code] => 00
    [Msg] => 有记录
    [Record] => Array
        (
            [UserID] => 67
        )

)

2016-12-29 19:09:37
|-cParam-|Array
(
    [Type] => 4
    [CheckData] => 13599951535
)
|-result-|Array
(
    [Code] => 12
    [Msg] => 没有记录
    [Record] => Array
        (
        )

)

2016-12-29 19:10:04
|-cParam-|Array
(
    [Type] => 4
    [CheckData] => 13599951535
)
|-result-|Array
(
    [Code] => 12
    [Msg] => 没有记录
    [Record] => Array
        (
        )

)

2016-12-29 19:11:40
|-cParam-|Array
(
    [Type] => 4
    [CheckData] => 13599951535
)
|-result-|Array
(
    [Code] => 12
    [Msg] => 没有记录
    [Record] => Array
        (
        )

)

2016-12-29 19:12:02
|-cParam-|Array
(
    [Type] => 4
    [CheckData] => 13599951535
)
|-result-|Array
(
    [Code] => 12
    [Msg] => 没有记录
    [Record] => Array
        (
        )

)

