2017-02-10 09:25:00
|-cParam-|Array
(
    [Type] => 4
    [CheckData] => 18065043496
)
|-result-|Array
(
    [Code] => 00
    [Msg] => 有记录
    [Record] => Array
        (
            [UserID] => 169
        )

)

2017-02-10 09:33:43
|-cParam-|Array
(
    [Type] => 4
    [CheckData] => 18065043496
)
|-result-|Array
(
    [Code] => 00
    [Msg] => 有记录
    [Record] => Array
        (
            [UserID] => 169
        )

)

2017-02-10 10:23:18
|-cParam-|Array
(
    [Type] => 4
    [CheckData] => 18065043496
)
|-result-|Array
(
    [Code] => 00
    [Msg] => 有记录
    [Record] => Array
        (
            [UserID] => 169
        )

)

2017-02-10 10:27:15
|-cParam-|Array
(
    [Type] => 4
    [CheckData] => 18065043496
)
|-result-|Array
(
    [Code] => 00
    [Msg] => 有记录
    [Record] => Array
        (
            [UserID] => 169
        )

)

2017-02-10 10:30:56
|-cParam-|Array
(
    [Type] => 4
    [CheckData] => 18065043496
)
|-result-|Array
(
    [Code] => 00
    [Msg] => 有记录
    [Record] => Array
        (
            [UserID] => 169
        )

)

2017-02-10 10:35:29
|-cParam-|Array
(
    [Type] => 4
    [CheckData] => 18065043496
)
|-result-|Array
(
    [Code] => 00
    [Msg] => 有记录
    [Record] => Array
        (
            [UserID] => 169
        )

)

2017-02-10 10:38:52
|-cParam-|Array
(
    [Type] => 4
    [CheckData] => 18065043496
)
|-result-|Array
(
    [Code] => 00
    [Msg] => 有记录
    [Record] => Array
        (
            [UserID] => 169
        )

)

2017-02-10 10:39:31
|-cParam-|Array
(
    [Type] => 4
    [CheckData] => 18065043496
)
|-result-|Array
(
    [Code] => 00
    [Msg] => 有记录
    [Record] => Array
        (
            [UserID] => 169
        )

)

2017-02-10 10:40:09
|-cParam-|Array
(
    [Type] => 4
    [CheckData] => 18065043496
)
|-result-|Array
(
    [Code] => 00
    [Msg] => 有记录
    [Record] => Array
        (
            [UserID] => 169
        )

)

2017-02-10 10:41:48
|-cParam-|Array
(
    [Type] => 4
    [CheckData] => 18065043496
)
|-result-|Array
(
    [Code] => 00
    [Msg] => 有记录
    [Record] => Array
        (
            [UserID] => 169
        )

)

2017-02-10 10:43:44
|-cParam-|Array
(
    [Type] => 4
    [CheckData] => 18065043496
)
|-result-|Array
(
    [Code] => 00
    [Msg] => 有记录
    [Record] => Array
        (
            [UserID] => 169
        )

)

2017-02-10 10:44:46
|-cParam-|Array
(
    [Type] => 4
    [CheckData] => 18065043496
)
|-result-|Array
(
    [Code] => 00
    [Msg] => 有记录
    [Record] => Array
        (
            [UserID] => 169
        )

)

2017-02-10 10:47:12
|-cParam-|Array
(
    [Type] => 4
    [CheckData] => 18065043496
)
|-result-|Array
(
    [Code] => 00
    [Msg] => 有记录
    [Record] => Array
        (
            [UserID] => 169
        )

)

2017-02-10 10:48:14
|-cParam-|Array
(
    [Type] => 4
    [CheckData] => 18671517367
)
|-result-|Array
(
    [Code] => 12
    [Msg] => 没有记录
    [Record] => Array
        (
        )

)

2017-02-10 10:49:01
|-cParam-|Array
(
    [Type] => 4
    [CheckData] => 18671517367
)
|-result-|Array
(
    [Code] => 12
    [Msg] => 没有记录
    [Record] => Array
        (
        )

)

2017-02-10 10:51:02
|-cParam-|Array
(
    [Type] => 4
    [CheckData] => 18065043496
)
|-result-|Array
(
    [Code] => 00
    [Msg] => 有记录
    [Record] => Array
        (
            [UserID] => 169
        )

)

2017-02-10 10:51:07
|-cParam-|Array
(
    [Type] => 4
    [CheckData] => 18065043496
)
|-result-|Array
(
    [Code] => 00
    [Msg] => 有记录
    [Record] => Array
        (
            [UserID] => 169
        )

)

2017-02-10 10:51:43
|-cParam-|Array
(
    [Type] => 4
    [CheckData] => 18065043496
)
|-result-|Array
(
    [Code] => 00
    [Msg] => 有记录
    [Record] => Array
        (
            [UserID] => 169
        )

)

2017-02-10 10:53:39
|-cParam-|Array
(
    [Type] => 4
    [CheckData] => 15205006442
)
|-result-|Array
(
    [Code] => 00
    [Msg] => 有记录
    [Record] => Array
        (
            [UserID] => 220
        )

)

2017-02-10 10:54:05
|-cParam-|Array
(
    [Type] => 4
    [CheckData] => 15205006442
)
|-result-|Array
(
    [Code] => 00
    [Msg] => 有记录
    [Record] => Array
        (
            [UserID] => 220
        )

)

2017-02-10 10:57:48
|-cParam-|Array
(
    [Type] => 4
    [CheckData] => 18065043496
)
|-result-|Array
(
    [Code] => 00
    [Msg] => 有记录
    [Record] => Array
        (
            [UserID] => 169
        )

)

2017-02-10 11:01:09
|-cParam-|Array
(
    [Type] => 4
    [CheckData] => 18065043496
)
|-result-|Array
(
    [Code] => 00
    [Msg] => 有记录
    [Record] => Array
        (
            [UserID] => 169
        )

)

2017-02-10 11:03:19
|-cParam-|Array
(
    [Type] => 4
    [CheckData] => 18065043496
)
|-result-|Array
(
    [Code] => 00
    [Msg] => 有记录
    [Record] => Array
        (
            [UserID] => 169
        )

)

2017-02-10 11:07:01
|-cParam-|Array
(
    [Type] => 4
    [CheckData] => 18125530297
)
|-result-|Array
(
    [Code] => 00
    [Msg] => 有记录
    [Record] => Array
        (
            [UserID] => 178
        )

)

2017-02-10 11:07:36
|-cParam-|Array
(
    [Type] => 4
    [CheckData] => 18125530297
)
|-result-|Array
(
    [Code] => 00
    [Msg] => 有记录
    [Record] => Array
        (
            [UserID] => 178
        )

)

2017-02-10 11:08:15
|-cParam-|Array
(
    [Type] => 4
    [CheckData] => 18065043496
)
|-result-|Array
(
    [Code] => 00
    [Msg] => 有记录
    [Record] => Array
        (
            [UserID] => 169
        )

)

2017-02-10 11:12:22
|-cParam-|Array
(
    [Type] => 4
    [CheckData] => 18065043496
)
|-result-|Array
(
    [Code] => 00
    [Msg] => 有记录
    [Record] => Array
        (
            [UserID] => 169
        )

)

2017-02-10 11:15:44
|-cParam-|Array
(
    [Type] => 4
    [CheckData] => 18065043496
)
|-result-|Array
(
    [Code] => 00
    [Msg] => 有记录
    [Record] => Array
        (
            [UserID] => 169
        )

)

2017-02-10 11:15:47
|-cParam-|Array
(
    [Type] => 4
    [CheckData] => 18065043496
)
|-result-|Array
(
    [Code] => 00
    [Msg] => 有记录
    [Record] => Array
        (
            [UserID] => 169
        )

)

2017-02-10 11:20:09
|-cParam-|Array
(
    [Type] => 4
    [CheckData] => 18065043496
)
|-result-|Array
(
    [Code] => 00
    [Msg] => 有记录
    [Record] => Array
        (
            [UserID] => 169
        )

)

2017-02-10 11:21:31
|-cParam-|Array
(
    [Type] => 4
    [CheckData] => 18065043496
)
|-result-|Array
(
    [Code] => 00
    [Msg] => 有记录
    [Record] => Array
        (
            [UserID] => 169
        )

)

2017-02-10 11:24:41
|-cParam-|Array
(
    [Type] => 4
    [CheckData] => 18065043496
)
|-result-|Array
(
    [Code] => 00
    [Msg] => 有记录
    [Record] => Array
        (
            [UserID] => 169
        )

)

2017-02-10 11:27:05
|-cParam-|Array
(
    [Type] => 4
    [CheckData] => 18065043496
)
|-result-|Array
(
    [Code] => 00
    [Msg] => 有记录
    [Record] => Array
        (
            [UserID] => 169
        )

)

2017-02-10 11:28:12
|-cParam-|Array
(
    [Type] => 4
    [CheckData] => 18065043496
)
|-result-|Array
(
    [Code] => 12
    [Msg] => 没有记录
    [Record] => Array
        (
        )

)

2017-02-10 11:30:43
|-cParam-|Array
(
    [Type] => 4
    [CheckData] => 18065043496
)
|-result-|Array
(
    [Code] => 12
    [Msg] => 没有记录
    [Record] => Array
        (
        )

)

2017-02-10 11:35:48
|-cParam-|Array
(
    [Type] => 4
    [CheckData] => 18065043496
)
|-result-|Array
(
    [Code] => 00
    [Msg] => 有记录
    [Record] => Array
        (
            [UserID] => 169
        )

)

2017-02-10 11:36:44
|-cParam-|Array
(
    [Type] => 4
    [CheckData] => 15205006442
)
|-result-|Array
(
    [Code] => 00
    [Msg] => 有记录
    [Record] => Array
        (
            [UserID] => 220
        )

)

2017-02-10 11:37:44
|-cParam-|Array
(
    [Type] => 4
    [CheckData] => 13595505535
)
|-result-|Array
(
    [Code] => 12
    [Msg] => 没有记录
    [Record] => Array
        (
        )

)

2017-02-10 11:37:51
|-cParam-|Array
(
    [Type] => 4
    [CheckData] => 18125530297
)
|-result-|Array
(
    [Code] => 00
    [Msg] => 有记录
    [Record] => Array
        (
            [UserID] => 178
        )

)

2017-02-10 11:38:03
|-cParam-|Array
(
    [Type] => 4
    [CheckData] => 13595505535
)
|-result-|Array
(
    [Code] => 12
    [Msg] => 没有记录
    [Record] => Array
        (
        )

)

2017-02-10 11:51:05
|-cParam-|Array
(
    [Type] => 4
    [CheckData] => 13595505535
)
|-result-|Array
(
    [Code] => 12
    [Msg] => 没有记录
    [Record] => Array
        (
        )

)

2017-02-10 12:17:21
|-cParam-|Array
(
    [Type] => 4
    [CheckData] => 18065043496
)
|-result-|Array
(
    [Code] => 00
    [Msg] => 有记录
    [Record] => Array
        (
            [UserID] => 169
        )

)

2017-02-10 12:18:34
|-cParam-|Array
(
    [Type] => 4
    [CheckData] => 13599055535
)
|-result-|Array
(
    [Code] => 12
    [Msg] => 没有记录
    [Record] => Array
        (
        )

)

2017-02-10 12:59:34
|-cParam-|Array
(
    [Type] => 4
    [CheckData] => 18065043496
)
|-result-|Array
(
    [Code] => 00
    [Msg] => 有记录
    [Record] => Array
        (
            [UserID] => 169
        )

)

2017-02-10 13:00:04
|-cParam-|Array
(
    [Type] => 4
    [CheckData] => 18059949892
)
|-result-|Array
(
    [Code] => 00
    [Msg] => 有记录
    [Record] => Array
        (
            [UserID] => 214
        )

)

2017-02-10 13:03:00
|-cParam-|Array
(
    [Type] => 4
    [CheckData] => 18065043496
)
|-result-|Array
(
    [Code] => 00
    [Msg] => 有记录
    [Record] => Array
        (
            [UserID] => 169
        )

)

2017-02-10 13:20:18
|-cParam-|Array
(
    [Type] => 4
    [CheckData] => 18065043496
)
|-result-|Array
(
    [Code] => 00
    [Msg] => 有记录
    [Record] => Array
        (
            [UserID] => 169
        )

)

2017-02-10 13:23:48
|-cParam-|Array
(
    [Type] => 4
    [CheckData] => 18065043496
)
|-result-|Array
(
    [Code] => 00
    [Msg] => 有记录
    [Record] => Array
        (
            [UserID] => 169
        )

)

2017-02-10 13:24:34
|-cParam-|Array
(
    [Type] => 4
    [CheckData] => 18950473074
)
|-result-|Array
(
    [Code] => 12
    [Msg] => 没有记录
    [Record] => Array
        (
        )

)

2017-02-10 13:32:20
|-cParam-|Array
(
    [Type] => 4
    [CheckData] => 18950473074
)
|-result-|Array
(
    [Code] => 00
    [Msg] => 有记录
    [Record] => Array
        (
            [UserID] => 169
        )

)

2017-02-10 13:34:57
|-cParam-|Array
(
    [Type] => 4
    [CheckData] => 18950473074
)
|-result-|Array
(
    [Code] => 00
    [Msg] => 有记录
    [Record] => Array
        (
            [UserID] => 169
        )

)

2017-02-10 13:39:06
|-cParam-|Array
(
    [Type] => 4
    [CheckData] => 18950473074
)
|-result-|Array
(
    [Code] => 00
    [Msg] => 有记录
    [Record] => Array
        (
            [UserID] => 169
        )

)

2017-02-10 13:40:08
|-cParam-|Array
(
    [Type] => 4
    [CheckData] => 18950473074
)
|-result-|Array
(
    [Code] => 00
    [Msg] => 有记录
    [Record] => Array
        (
            [UserID] => 169
        )

)

2017-02-10 13:49:57
|-cParam-|Array
(
    [Type] => 4
    [CheckData] => 18950473074
)
|-result-|Array
(
    [Code] => 00
    [Msg] => 有记录
    [Record] => Array
        (
            [UserID] => 169
        )

)

2017-02-10 13:50:42
|-cParam-|Array
(
    [Type] => 4
    [CheckData] => 18065043496
)
|-result-|Array
(
    [Code] => 12
    [Msg] => 没有记录
    [Record] => Array
        (
        )

)

2017-02-10 13:52:44
|-cParam-|Array
(
    [Type] => 4
    [CheckData] => 15972158074
)
|-result-|Array
(
    [Code] => 00
    [Msg] => 有记录
    [Record] => Array
        (
            [UserID] => 196
        )

)

2017-02-10 13:52:49
|-cParam-|Array
(
    [Type] => 4
    [CheckData] => 18125530297
)
|-result-|Array
(
    [Code] => 00
    [Msg] => 有记录
    [Record] => Array
        (
            [UserID] => 178
        )

)

2017-02-10 13:53:32
|-cParam-|Array
(
    [Type] => 4
    [CheckData] => 13337804077
)
|-result-|Array
(
    [Code] => 12
    [Msg] => 没有记录
    [Record] => Array
        (
        )

)

2017-02-10 13:53:37
|-cParam-|Array
(
    [Type] => 4
    [CheckData] => 13037100638
)
|-result-|Array
(
    [Code] => 00
    [Msg] => 有记录
    [Record] => Array
        (
            [UserID] => 211
        )

)

2017-02-10 13:53:38
|-cParam-|Array
(
    [Type] => 4
    [CheckData] => 13037100638
)
|-result-|Array
(
    [Code] => 00
    [Msg] => 有记录
    [Record] => Array
        (
            [UserID] => 211
        )

)

2017-02-10 13:53:38
|-cParam-|Array
(
    [Type] => 4
    [CheckData] => 13037100638
)
|-result-|Array
(
    [Code] => 00
    [Msg] => 有记录
    [Record] => Array
        (
            [UserID] => 211
        )

)

2017-02-10 13:54:07
|-cParam-|Array
(
    [Type] => 4
    [CheckData] => 13037100638
)
|-result-|Array
(
    [Code] => 00
    [Msg] => 有记录
    [Record] => Array
        (
            [UserID] => 211
        )

)

2017-02-10 14:54:39
|-cParam-|Array
(
    [Type] => 4
    [CheckData] => 18125530297
)
|-result-|Array
(
    [Code] => 00
    [Msg] => 有记录
    [Record] => Array
        (
            [UserID] => 178
        )

)

2017-02-10 22:09:27
|-cParam-|Array
(
    [Type] => 4
    [CheckData] => 18065043496
)
|-result-|Array
(
    [Code] => 00
    [Msg] => 有记录
    [Record] => Array
        (
            [UserID] => 169
        )

)

