2017-01-23 09:24:25
|-cParam-|Array
(
    [Type] => 4
    [CheckData] => 18671517368
)
|-result-|Array
(
    [Code] => 12
    [Msg] => 没有记录
    [Record] => Array
        (
        )

)

2017-01-23 09:25:09
|-cParam-|Array
(
    [Type] => 4
    [CheckData] => 18671517368
)
|-result-|Array
(
    [Code] => 12
    [Msg] => 没有记录
    [Record] => Array
        (
        )

)

2017-01-23 09:25:16
|-cParam-|Array
(
    [Type] => 4
    [CheckData] => 18671517368
)
|-result-|Array
(
    [Code] => 00
    [Msg] => 有记录
    [Record] => Array
        (
            [UserID] => 71
        )

)

2017-01-23 09:25:53
|-cParam-|Array
(
    [Type] => 4
    [CheckData] => 18671517368
)
|-result-|Array
(
    [Code] => 00
    [Msg] => 有记录
    [Record] => Array
        (
            [UserID] => 71
        )

)

