2017-02-06 09:24:44
|-cParam-|Array
(
    [Type] => 4
    [CheckData] => 15972158074
)
|-result-|Array
(
    [Code] => 12
    [Msg] => 没有记录
    [Record] => Array
        (
        )

)

2017-02-06 09:26:03
|-cParam-|Array
(
    [Type] => 4
    [CheckData] => 15972158074
)
|-result-|Array
(
    [Code] => 12
    [Msg] => 没有记录
    [Record] => Array
        (
        )

)

2017-02-06 09:26:19
|-cParam-|Array
(
    [Type] => 4
    [CheckData] => 15972158074
)
|-result-|Array
(
    [Code] => 00
    [Msg] => 有记录
    [Record] => Array
        (
            [UserID] => 196
        )

)

2017-02-06 09:27:18
|-cParam-|Array
(
    [Type] => 4
    [CheckData] => 15972158074
)
|-result-|Array
(
    [Code] => 00
    [Msg] => 有记录
    [Record] => Array
        (
            [UserID] => 196
        )

)

2017-02-06 09:52:39
|-cParam-|Array
(
    [Type] => 4
    [CheckData] => 13599951535
)
|-result-|Array
(
    [Code] => 00
    [Msg] => 有记录
    [Record] => Array
        (
            [UserID] => 183
        )

)

2017-02-06 09:53:30
|-cParam-|Array
(
    [Type] => 4
    [CheckData] => 13599951535
)
|-result-|Array
(
    [Code] => 12
    [Msg] => 没有记录
    [Record] => Array
        (
        )

)

2017-02-06 09:54:01
|-cParam-|Array
(
    [Type] => 4
    [CheckData] => 13599951535
)
|-result-|Array
(
    [Code] => 12
    [Msg] => 没有记录
    [Record] => Array
        (
        )

)

2017-02-06 09:58:44
|-cParam-|Array
(
    [Type] => 4
    [CheckData] => 13037100638
)
|-result-|Array
(
    [Code] => 00
    [Msg] => 有记录
    [Record] => Array
        (
            [UserID] => 180
        )

)

2017-02-06 10:09:22
|-cParam-|Array
(
    [Type] => 4
    [CheckData] => 13599951535
)
|-result-|Array
(
    [Code] => 12
    [Msg] => 没有记录
    [Record] => Array
        (
        )

)

2017-02-06 10:09:48
|-cParam-|Array
(
    [Type] => 4
    [CheckData] => 13599951535
)
|-result-|Array
(
    [Code] => 12
    [Msg] => 没有记录
    [Record] => Array
        (
        )

)

2017-02-06 10:15:14
|-cParam-|Array
(
    [Type] => 4
    [CheckData] => 13599951535
)
|-result-|Array
(
    [Code] => 12
    [Msg] => 没有记录
    [Record] => Array
        (
        )

)

2017-02-06 10:15:45
|-cParam-|Array
(
    [Type] => 4
    [CheckData] => 13599951535
)
|-result-|Array
(
    [Code] => 12
    [Msg] => 没有记录
    [Record] => Array
        (
        )

)

2017-02-06 10:19:27
|-cParam-|Array
(
    [Type] => 4
    [CheckData] => 13599951535
)
|-result-|Array
(
    [Code] => 12
    [Msg] => 没有记录
    [Record] => Array
        (
        )

)

2017-02-06 10:19:52
|-cParam-|Array
(
    [Type] => 4
    [CheckData] => 13599951535
)
|-result-|Array
(
    [Code] => 12
    [Msg] => 没有记录
    [Record] => Array
        (
        )

)

2017-02-06 10:22:06
|-cParam-|Array
(
    [Type] => 4
    [CheckData] => 15972158074
)
|-result-|Array
(
    [Code] => 00
    [Msg] => 有记录
    [Record] => Array
        (
            [UserID] => 196
        )

)

2017-02-06 10:23:27
|-cParam-|Array
(
    [Type] => 4
    [CheckData] => 13599951535
)
|-result-|Array
(
    [Code] => 00
    [Msg] => 有记录
    [Record] => Array
        (
            [UserID] => 201
        )

)

2017-02-06 10:23:51
|-cParam-|Array
(
    [Type] => 4
    [CheckData] => 13599951535
)
|-result-|Array
(
    [Code] => 12
    [Msg] => 没有记录
    [Record] => Array
        (
        )

)

2017-02-06 10:24:18
|-cParam-|Array
(
    [Type] => 4
    [CheckData] => 13599951535
)
|-result-|Array
(
    [Code] => 12
    [Msg] => 没有记录
    [Record] => Array
        (
        )

)

2017-02-06 10:29:22
|-cParam-|Array
(
    [Type] => 4
    [CheckData] => 13599951535
)
|-result-|Array
(
    [Code] => 12
    [Msg] => 没有记录
    [Record] => Array
        (
        )

)

2017-02-06 10:29:52
|-cParam-|Array
(
    [Type] => 4
    [CheckData] => 13599951535
)
|-result-|Array
(
    [Code] => 12
    [Msg] => 没有记录
    [Record] => Array
        (
        )

)

2017-02-06 10:35:43
|-cParam-|Array
(
    [Type] => 4
    [CheckData] => 13037100638
)
|-result-|Array
(
    [Code] => 00
    [Msg] => 有记录
    [Record] => Array
        (
            [UserID] => 180
        )

)

2017-02-06 10:39:05
|-cParam-|Array
(
    [Type] => 4
    [CheckData] => 13037100638
)
|-result-|Array
(
    [Code] => 12
    [Msg] => 没有记录
    [Record] => Array
        (
        )

)

2017-02-06 10:39:42
|-cParam-|Array
(
    [Type] => 4
    [CheckData] => 13037100638
)
|-result-|Array
(
    [Code] => 12
    [Msg] => 没有记录
    [Record] => Array
        (
        )

)

2017-02-06 11:06:36
|-cParam-|Array
(
    [Type] => 4
    [CheckData] => 15205006442
)
|-result-|Array
(
    [Code] => 00
    [Msg] => 有记录
    [Record] => Array
        (
            [UserID] => 182
        )

)

2017-02-06 11:22:09
|-cParam-|Array
(
    [Type] => 4
    [CheckData] => 15205006442
)
|-result-|Array
(
    [Code] => 12
    [Msg] => 没有记录
    [Record] => Array
        (
        )

)

2017-02-06 11:25:57
|-cParam-|Array
(
    [Type] => 4
    [CheckData] => 13599951535
)
|-result-|Array
(
    [Code] => 00
    [Msg] => 有记录
    [Record] => Array
        (
            [UserID] => 203
        )

)

2017-02-06 11:27:23
|-cParam-|Array
(
    [Type] => 4
    [CheckData] => 13599951535
)
|-result-|Array
(
    [Code] => 00
    [Msg] => 有记录
    [Record] => Array
        (
            [UserID] => 203
        )

)

2017-02-06 11:28:20
|-cParam-|Array
(
    [Type] => 4
    [CheckData] => 13599951535
)
|-result-|Array
(
    [Code] => 00
    [Msg] => 有记录
    [Record] => Array
        (
            [UserID] => 203
        )

)

2017-02-06 11:29:33
|-cParam-|Array
(
    [Type] => 4
    [CheckData] => 13599951535
)
|-result-|Array
(
    [Code] => 00
    [Msg] => 有记录
    [Record] => Array
        (
            [UserID] => 203
        )

)

2017-02-06 11:30:04
|-cParam-|Array
(
    [Type] => 4
    [CheckData] => 13599951535
)
|-result-|Array
(
    [Code] => 00
    [Msg] => 有记录
    [Record] => Array
        (
            [UserID] => 203
        )

)

2017-02-06 11:30:56
|-cParam-|Array
(
    [Type] => 4
    [CheckData] => 13599951535
)
|-result-|Array
(
    [Code] => 00
    [Msg] => 有记录
    [Record] => Array
        (
            [UserID] => 203
        )

)

2017-02-06 11:33:37
|-cParam-|Array
(
    [Type] => 4
    [CheckData] => 15205006442
)
|-result-|Array
(
    [Code] => 12
    [Msg] => 没有记录
    [Record] => Array
        (
        )

)

2017-02-06 12:18:52
|-cParam-|Array
(
    [Type] => 4
    [CheckData] => 15205006442
)
|-result-|Array
(
    [Code] => 12
    [Msg] => 没有记录
    [Record] => Array
        (
        )

)

2017-02-06 12:19:25
|-cParam-|Array
(
    [Type] => 4
    [CheckData] => 15205006442
)
|-result-|Array
(
    [Code] => 12
    [Msg] => 没有记录
    [Record] => Array
        (
        )

)

2017-02-06 13:01:10
|-cParam-|Array
(
    [Type] => 4
    [CheckData] => 15205006442
)
|-result-|Array
(
    [Code] => 00
    [Msg] => 有记录
    [Record] => Array
        (
            [UserID] => 207
        )

)

2017-02-06 13:54:21
|-cParam-|Array
(
    [Type] => 4
    [CheckData] => 13037100638
)
|-result-|Array
(
    [Code] => 00
    [Msg] => 有记录
    [Record] => Array
        (
            [UserID] => 204
        )

)

2017-02-06 14:35:10
|-cParam-|Array
(
    [Type] => 4
    [CheckData] => 18065043496
)
|-result-|Array
(
    [Code] => 00
    [Msg] => 有记录
    [Record] => Array
        (
            [UserID] => 169
        )

)

