2017-01-05 09:59:08
|-cParam-|Array
(
    [Type] => 4
    [CheckData] => 13338550457
)
|-result-|Array
(
    [Code] => 12
    [Msg] => 没有记录
    [Record] => Array
        (
        )

)

2017-01-05 13:39:15
|-cParam-|Array
(
    [Type] => 4
    [CheckData] => 13338550457
)
|-result-|Array
(
    [Code] => 12
    [Msg] => 没有记录
    [Record] => Array
        (
        )

)

2017-01-05 13:53:23
|-cParam-|Array
(
    [Type] => 4
    [CheckData] => 13338550457
)
|-result-|Array
(
    [Code] => 12
    [Msg] => 没有记录
    [Record] => Array
        (
        )

)

2017-01-05 13:53:42
|-cParam-|Array
(
    [Type] => 4
    [CheckData] => 13338550457
)
|-result-|Array
(
    [Code] => 12
    [Msg] => 没有记录
    [Record] => Array
        (
        )

)

2017-01-05 13:54:14
|-cParam-|Array
(
    [Type] => 4
    [CheckData] => 13338550457
)
|-result-|Array
(
    [Code] => 12
    [Msg] => 没有记录
    [Record] => Array
        (
        )

)

2017-01-05 13:56:16
|-cParam-|Array
(
    [Type] => 4
    [CheckData] => 13338550457
)
|-result-|Array
(
    [Code] => 12
    [Msg] => 没有记录
    [Record] => Array
        (
        )

)

2017-01-05 13:57:38
|-cParam-|Array
(
    [Type] => 4
    [CheckData] => 13338550457
)
|-result-|Array
(
    [Code] => 12
    [Msg] => 没有记录
    [Record] => Array
        (
        )

)

2017-01-05 13:59:45
|-cParam-|Array
(
    [Type] => 4
    [CheckData] => 13338550457
)
|-result-|Array
(
    [Code] => 12
    [Msg] => 没有记录
    [Record] => Array
        (
        )

)

2017-01-05 14:00:05
|-cParam-|Array
(
    [Type] => 4
    [CheckData] => 13338550457
)
|-result-|Array
(
    [Code] => 12
    [Msg] => 没有记录
    [Record] => Array
        (
        )

)

2017-01-05 14:00:41
|-cParam-|Array
(
    [Type] => 4
    [CheckData] => 13338550457
)
|-result-|Array
(
    [Code] => 12
    [Msg] => 没有记录
    [Record] => Array
        (
        )

)

2017-01-05 14:02:33
|-cParam-|Array
(
    [Type] => 4
    [CheckData] => 13338550457
)
|-result-|Array
(
    [Code] => 12
    [Msg] => 没有记录
    [Record] => Array
        (
        )

)

2017-01-05 14:02:50
|-cParam-|Array
(
    [Type] => 4
    [CheckData] => 13338550457
)
|-result-|Array
(
    [Code] => 12
    [Msg] => 没有记录
    [Record] => Array
        (
        )

)

2017-01-05 14:04:45
|-cParam-|Array
(
    [Type] => 4
    [CheckData] => 13338550457
)
|-result-|Array
(
    [Code] => 12
    [Msg] => 没有记录
    [Record] => Array
        (
        )

)

2017-01-05 14:05:46
|-cParam-|Array
(
    [Type] => 4
    [CheckData] => 13338550457
)
|-result-|Array
(
    [Code] => 12
    [Msg] => 没有记录
    [Record] => Array
        (
        )

)

2017-01-05 14:10:17
|-cParam-|Array
(
    [Type] => 4
    [CheckData] => 13338550457
)
|-result-|Array
(
    [Code] => 12
    [Msg] => 没有记录
    [Record] => Array
        (
        )

)

2017-01-05 14:10:30
|-cParam-|Array
(
    [Type] => 4
    [CheckData] => 13338550457
)
|-result-|Array
(
    [Code] => 12
    [Msg] => 没有记录
    [Record] => Array
        (
        )

)

2017-01-05 14:10:51
|-cParam-|Array
(
    [Type] => 4
    [CheckData] => 13338550457
)
|-result-|Array
(
    [Code] => 12
    [Msg] => 没有记录
    [Record] => Array
        (
        )

)

2017-01-05 14:39:48
|-cParam-|Array
(
    [Type] => 4
    [CheckData] => 13338550457
)
|-result-|Array
(
    [Code] => 12
    [Msg] => 没有记录
    [Record] => Array
        (
        )

)

2017-01-05 14:40:32
|-cParam-|Array
(
    [Type] => 4
    [CheckData] => 13338550457
)
|-result-|Array
(
    [Code] => 12
    [Msg] => 没有记录
    [Record] => Array
        (
        )

)

2017-01-05 14:41:05
|-cParam-|Array
(
    [Type] => 4
    [CheckData] => 13338550457
)
|-result-|Array
(
    [Code] => 12
    [Msg] => 没有记录
    [Record] => Array
        (
        )

)

2017-01-05 14:42:38
|-cParam-|Array
(
    [Type] => 4
    [CheckData] => 13338550457
)
|-result-|Array
(
    [Code] => 12
    [Msg] => 没有记录
    [Record] => Array
        (
        )

)

2017-01-05 14:43:01
|-cParam-|Array
(
    [Type] => 4
    [CheckData] => 13338550457
)
|-result-|Array
(
    [Code] => 12
    [Msg] => 没有记录
    [Record] => Array
        (
        )

)

2017-01-05 14:43:28
|-cParam-|Array
(
    [Type] => 4
    [CheckData] => 13338550457
)
|-result-|Array
(
    [Code] => 12
    [Msg] => 没有记录
    [Record] => Array
        (
        )

)

2017-01-05 14:43:48
|-cParam-|Array
(
    [Type] => 4
    [CheckData] => 13338550457
)
|-result-|Array
(
    [Code] => 12
    [Msg] => 没有记录
    [Record] => Array
        (
        )

)

2017-01-05 14:44:28
|-cParam-|Array
(
    [Type] => 4
    [CheckData] => 13338550457
)
|-result-|Array
(
    [Code] => 12
    [Msg] => 没有记录
    [Record] => Array
        (
        )

)

2017-01-05 14:45:01
|-cParam-|Array
(
    [Type] => 4
    [CheckData] => 13338550457
)
|-result-|Array
(
    [Code] => 12
    [Msg] => 没有记录
    [Record] => Array
        (
        )

)

2017-01-05 14:45:35
|-cParam-|Array
(
    [Type] => 4
    [CheckData] => 13338550457
)
|-result-|Array
(
    [Code] => 12
    [Msg] => 没有记录
    [Record] => Array
        (
        )

)

2017-01-05 14:46:23
|-cParam-|Array
(
    [Type] => 4
    [CheckData] => 13338550457
)
|-result-|Array
(
    [Code] => 12
    [Msg] => 没有记录
    [Record] => Array
        (
        )

)

2017-01-05 14:49:12
|-cParam-|Array
(
    [Type] => 4
    [CheckData] => 13338550457
)
|-result-|Array
(
    [Code] => 12
    [Msg] => 没有记录
    [Record] => Array
        (
        )

)

2017-01-05 14:50:44
|-cParam-|Array
(
    [Type] => 4
    [CheckData] => 13338550457
)
|-result-|Array
(
    [Code] => 12
    [Msg] => 没有记录
    [Record] => Array
        (
        )

)

2017-01-05 14:51:12
|-cParam-|Array
(
    [Type] => 4
    [CheckData] => 13338550457
)
|-result-|Array
(
    [Code] => 12
    [Msg] => 没有记录
    [Record] => Array
        (
        )

)

2017-01-05 14:52:18
|-cParam-|Array
(
    [Type] => 4
    [CheckData] => 13338550457
)
|-result-|Array
(
    [Code] => 12
    [Msg] => 没有记录
    [Record] => Array
        (
        )

)

2017-01-05 14:53:19
|-cParam-|Array
(
    [Type] => 4
    [CheckData] => 13338550457
)
|-result-|Array
(
    [Code] => 12
    [Msg] => 没有记录
    [Record] => Array
        (
        )

)

2017-01-05 14:55:21
|-cParam-|Array
(
    [Type] => 4
    [CheckData] => 13338550457
)
|-result-|Array
(
    [Code] => 12
    [Msg] => 没有记录
    [Record] => Array
        (
        )

)

2017-01-05 15:23:19
|-cParam-|Array
(
    [Type] => 4
    [CheckData] => 13338550457
)
|-result-|Array
(
    [Code] => 12
    [Msg] => 没有记录
    [Record] => Array
        (
        )

)

2017-01-05 15:53:00
|-cParam-|Array
(
    [Type] => 4
    [CheckData] => 13599951535
)
|-result-|Array
(
    [Code] => 00
    [Msg] => 有记录
    [Record] => Array
        (
            [UserID] => 69
        )

)

2017-01-05 15:53:29
|-cParam-|Array
(
    [Type] => 4
    [CheckData] => 18650517649
)
|-result-|Array
(
    [Code] => 12
    [Msg] => 没有记录
    [Record] => Array
        (
        )

)

2017-01-05 16:09:06
|-cParam-|Array
(
    [Type] => 4
    [CheckData] => 13338550457
)
|-result-|Array
(
    [Code] => 12
    [Msg] => 没有记录
    [Record] => Array
        (
        )

)

2017-01-05 16:30:37
|-cParam-|Array
(
    [Type] => 4
    [CheckData] => 13338550457
)
|-result-|Array
(
    [Code] => 12
    [Msg] => 没有记录
    [Record] => Array
        (
        )

)

2017-01-05 16:30:59
|-cParam-|Array
(
    [Type] => 4
    [CheckData] => 13338550457
)
|-result-|Array
(
    [Code] => 12
    [Msg] => 没有记录
    [Record] => Array
        (
        )

)

2017-01-05 16:31:06
|-cParam-|Array
(
    [Type] => 4
    [CheckData] => 13338550457
)
|-result-|Array
(
    [Code] => 00
    [Msg] => 有记录
    [Record] => Array
        (
            [UserID] => 70
        )

)

