2016-12-28 17:41:22
|-cParam-|Array
(
    [Type] => 4
    [CheckData] => 13599951535
)
|-result-|Array
(
    [Code] => 12
    [Msg] => 没有记录
    [Record] => Array
        (
        )

)

2016-12-28 20:30:02
|-cParam-|Array
(
    [Type] => 4
    [CheckData] => 18671517368
)
|-result-|Array
(
    [Code] => 12
    [Msg] => 没有记录
    [Record] => Array
        (
        )

)

2016-12-28 20:33:07
|-cParam-|Array
(
    [Type] => 4
    [CheckData] => 18671517368
)
|-result-|Array
(
    [Code] => 12
    [Msg] => 没有记录
    [Record] => Array
        (
        )

)

2016-12-28 20:36:51
|-cParam-|Array
(
    [Type] => 4
    [CheckData] => 18671517368
)
|-result-|Array
(
    [Code] => 12
    [Msg] => 没有记录
    [Record] => Array
        (
        )

)

