2017-02-04 09:16:39 |-info-| Array
(
    [content] => 尊敬的客户，您本次开户的验证码为：994339，请及时输入。如有疑问请致电400-027-9899。
    [mobile] => 18671517368
    [type] => 9
    [channel] => 9
    [sign] => 0
)

2017-02-04 09:16:39|-postParam-|Array
(
    [p.apiKey] => 8BE5k8204bo33F382JIA951F24
    [p.can] => 1
    [p.msg] => %E5%B0%8A%E6%95%AC%E7%9A%84%E5%AE%A2%E6%88%B7%EF%BC%8C%E6%82%A8%E6%9C%AC%E6%AC%A1%E5%BC%80%E6%88%B7%E7%9A%84%E9%AA%8C%E8%AF%81%E7%A0%81%E4%B8%BA%EF%BC%9A994339%EF%BC%8C%E8%AF%B7%E5%8F%8A%E6%97%B6%E8%BE%93%E5%85%A5%E3%80%82%E5%A6%82%E6%9C%89%E7%96%91%E9%97%AE%E8%AF%B7%E8%87%B4%E7%94%B5400-027-9899%E3%80%82
    [p.priority] => 0
    [p.receiver] => 18671517368
    [p.sendChannel] => 9
    [p.smstype] => 2
    [p.sysType] => 1
    [p.sign] => 0
)
|-smsRs-|0
2017-02-04 10:17:05 |-info-| Array
(
    [content] => 尊敬的客户，您本次开户的验证码为：179150，请及时输入。如有疑问请致电400-027-9899。
    [mobile] => 18125530297
    [type] => 9
    [channel] => 9
    [sign] => 0
)

2017-02-04 10:17:05|-postParam-|Array
(
    [p.apiKey] => 8BE5k8204bo33F382JIA951F24
    [p.can] => 1
    [p.msg] => %E5%B0%8A%E6%95%AC%E7%9A%84%E5%AE%A2%E6%88%B7%EF%BC%8C%E6%82%A8%E6%9C%AC%E6%AC%A1%E5%BC%80%E6%88%B7%E7%9A%84%E9%AA%8C%E8%AF%81%E7%A0%81%E4%B8%BA%EF%BC%9A179150%EF%BC%8C%E8%AF%B7%E5%8F%8A%E6%97%B6%E8%BE%93%E5%85%A5%E3%80%82%E5%A6%82%E6%9C%89%E7%96%91%E9%97%AE%E8%AF%B7%E8%87%B4%E7%94%B5400-027-9899%E3%80%82
    [p.priority] => 0
    [p.receiver] => 18125530297
    [p.sendChannel] => 9
    [p.smstype] => 2
    [p.sysType] => 1
    [p.sign] => 0
)
|-smsRs-|0
2017-02-04 11:29:27 |-info-| Array
(
    [content] => 尊敬的客户，您本次开户的验证码为：778254，请及时输入。如有疑问请致电400-027-9899。
    [mobile] => 18671517368
    [type] => 9
    [channel] => 9
    [sign] => 0
)

2017-02-04 11:29:27|-postParam-|Array
(
    [p.apiKey] => 8BE5k8204bo33F382JIA951F24
    [p.can] => 1
    [p.msg] => %E5%B0%8A%E6%95%AC%E7%9A%84%E5%AE%A2%E6%88%B7%EF%BC%8C%E6%82%A8%E6%9C%AC%E6%AC%A1%E5%BC%80%E6%88%B7%E7%9A%84%E9%AA%8C%E8%AF%81%E7%A0%81%E4%B8%BA%EF%BC%9A778254%EF%BC%8C%E8%AF%B7%E5%8F%8A%E6%97%B6%E8%BE%93%E5%85%A5%E3%80%82%E5%A6%82%E6%9C%89%E7%96%91%E9%97%AE%E8%AF%B7%E8%87%B4%E7%94%B5400-027-9899%E3%80%82
    [p.priority] => 0
    [p.receiver] => 18671517368
    [p.sendChannel] => 9
    [p.smstype] => 2
    [p.sysType] => 1
    [p.sign] => 0
)
|-smsRs-|0
2017-02-04 12:45:43 |-info-| Array
(
    [content] => 尊敬的客户，您本次开户的验证码为：970050，请及时输入。如有疑问请致电400-027-9899。
    [mobile] => 13477029958
    [type] => 9
    [channel] => 9
    [sign] => 0
)

2017-02-04 12:45:43|-postParam-|Array
(
    [p.apiKey] => 8BE5k8204bo33F382JIA951F24
    [p.can] => 1
    [p.msg] => %E5%B0%8A%E6%95%AC%E7%9A%84%E5%AE%A2%E6%88%B7%EF%BC%8C%E6%82%A8%E6%9C%AC%E6%AC%A1%E5%BC%80%E6%88%B7%E7%9A%84%E9%AA%8C%E8%AF%81%E7%A0%81%E4%B8%BA%EF%BC%9A970050%EF%BC%8C%E8%AF%B7%E5%8F%8A%E6%97%B6%E8%BE%93%E5%85%A5%E3%80%82%E5%A6%82%E6%9C%89%E7%96%91%E9%97%AE%E8%AF%B7%E8%87%B4%E7%94%B5400-027-9899%E3%80%82
    [p.priority] => 0
    [p.receiver] => 13477029958
    [p.sendChannel] => 9
    [p.smstype] => 2
    [p.sysType] => 1
    [p.sign] => 0
)
|-smsRs-|0
2017-02-04 13:30:11 |-info-| Array
(
    [content] => 尊敬的客户，您本次开户的验证码为：005588，请及时输入。如有疑问请致电400-027-9899。
    [mobile] => 13599951535
    [type] => 9
    [channel] => 9
    [sign] => 0
)

2017-02-04 13:30:11|-postParam-|Array
(
    [p.apiKey] => 8BE5k8204bo33F382JIA951F24
    [p.can] => 1
    [p.msg] => %E5%B0%8A%E6%95%AC%E7%9A%84%E5%AE%A2%E6%88%B7%EF%BC%8C%E6%82%A8%E6%9C%AC%E6%AC%A1%E5%BC%80%E6%88%B7%E7%9A%84%E9%AA%8C%E8%AF%81%E7%A0%81%E4%B8%BA%EF%BC%9A005588%EF%BC%8C%E8%AF%B7%E5%8F%8A%E6%97%B6%E8%BE%93%E5%85%A5%E3%80%82%E5%A6%82%E6%9C%89%E7%96%91%E9%97%AE%E8%AF%B7%E8%87%B4%E7%94%B5400-027-9899%E3%80%82
    [p.priority] => 0
    [p.receiver] => 13599951535
    [p.sendChannel] => 9
    [p.smstype] => 2
    [p.sysType] => 1
    [p.sign] => 0
)
|-smsRs-|0
2017-02-04 13:32:37 |-info-| Array
(
    [content] => 尊敬的客户，您本次开户的验证码为：367084，请及时输入。如有疑问请致电400-027-9899。
    [mobile] => 18125530297
    [type] => 9
    [channel] => 9
    [sign] => 0
)

2017-02-04 13:32:37|-postParam-|Array
(
    [p.apiKey] => 8BE5k8204bo33F382JIA951F24
    [p.can] => 1
    [p.msg] => %E5%B0%8A%E6%95%AC%E7%9A%84%E5%AE%A2%E6%88%B7%EF%BC%8C%E6%82%A8%E6%9C%AC%E6%AC%A1%E5%BC%80%E6%88%B7%E7%9A%84%E9%AA%8C%E8%AF%81%E7%A0%81%E4%B8%BA%EF%BC%9A367084%EF%BC%8C%E8%AF%B7%E5%8F%8A%E6%97%B6%E8%BE%93%E5%85%A5%E3%80%82%E5%A6%82%E6%9C%89%E7%96%91%E9%97%AE%E8%AF%B7%E8%87%B4%E7%94%B5400-027-9899%E3%80%82
    [p.priority] => 0
    [p.receiver] => 18125530297
    [p.sendChannel] => 9
    [p.smstype] => 2
    [p.sysType] => 1
    [p.sign] => 0
)
|-smsRs-|0
2017-02-04 13:34:15 |-info-| Array
(
    [content] => 尊敬的客户，您本次开户的验证码为：164099，请及时输入。如有疑问请致电400-027-9899。
    [mobile] => 13599951535
    [type] => 9
    [channel] => 9
    [sign] => 0
)

2017-02-04 13:34:15|-postParam-|Array
(
    [p.apiKey] => 8BE5k8204bo33F382JIA951F24
    [p.can] => 1
    [p.msg] => %E5%B0%8A%E6%95%AC%E7%9A%84%E5%AE%A2%E6%88%B7%EF%BC%8C%E6%82%A8%E6%9C%AC%E6%AC%A1%E5%BC%80%E6%88%B7%E7%9A%84%E9%AA%8C%E8%AF%81%E7%A0%81%E4%B8%BA%EF%BC%9A164099%EF%BC%8C%E8%AF%B7%E5%8F%8A%E6%97%B6%E8%BE%93%E5%85%A5%E3%80%82%E5%A6%82%E6%9C%89%E7%96%91%E9%97%AE%E8%AF%B7%E8%87%B4%E7%94%B5400-027-9899%E3%80%82
    [p.priority] => 0
    [p.receiver] => 13599951535
    [p.sendChannel] => 9
    [p.smstype] => 2
    [p.sysType] => 1
    [p.sign] => 0
)
|-smsRs-|0
2017-02-04 13:38:33 |-info-| Array
(
    [content] => 尊敬的客户，您本次开户的验证码为：908213，请及时输入。如有疑问请致电400-027-9899。
    [mobile] => 18125530297
    [type] => 9
    [channel] => 9
    [sign] => 0
)

2017-02-04 13:38:33|-postParam-|Array
(
    [p.apiKey] => 8BE5k8204bo33F382JIA951F24
    [p.can] => 1
    [p.msg] => %E5%B0%8A%E6%95%AC%E7%9A%84%E5%AE%A2%E6%88%B7%EF%BC%8C%E6%82%A8%E6%9C%AC%E6%AC%A1%E5%BC%80%E6%88%B7%E7%9A%84%E9%AA%8C%E8%AF%81%E7%A0%81%E4%B8%BA%EF%BC%9A908213%EF%BC%8C%E8%AF%B7%E5%8F%8A%E6%97%B6%E8%BE%93%E5%85%A5%E3%80%82%E5%A6%82%E6%9C%89%E7%96%91%E9%97%AE%E8%AF%B7%E8%87%B4%E7%94%B5400-027-9899%E3%80%82
    [p.priority] => 0
    [p.receiver] => 18125530297
    [p.sendChannel] => 9
    [p.smstype] => 2
    [p.sysType] => 1
    [p.sign] => 0
)
|-smsRs-|0
2017-02-04 13:43:24 |-info-| Array
(
    [content] => 尊敬的客户，您本次开户的验证码为：364946，请及时输入。如有疑问请致电400-027-9899。
    [mobile] => 13599951535
    [type] => 9
    [channel] => 9
    [sign] => 0
)

2017-02-04 13:43:24|-postParam-|Array
(
    [p.apiKey] => 8BE5k8204bo33F382JIA951F24
    [p.can] => 1
    [p.msg] => %E5%B0%8A%E6%95%AC%E7%9A%84%E5%AE%A2%E6%88%B7%EF%BC%8C%E6%82%A8%E6%9C%AC%E6%AC%A1%E5%BC%80%E6%88%B7%E7%9A%84%E9%AA%8C%E8%AF%81%E7%A0%81%E4%B8%BA%EF%BC%9A364946%EF%BC%8C%E8%AF%B7%E5%8F%8A%E6%97%B6%E8%BE%93%E5%85%A5%E3%80%82%E5%A6%82%E6%9C%89%E7%96%91%E9%97%AE%E8%AF%B7%E8%87%B4%E7%94%B5400-027-9899%E3%80%82
    [p.priority] => 0
    [p.receiver] => 13599951535
    [p.sendChannel] => 9
    [p.smstype] => 2
    [p.sysType] => 1
    [p.sign] => 0
)
|-smsRs-|0
2017-02-04 13:52:31 |-info-| Array
(
    [content] => 尊敬的客户，您本次开户的验证码为：618356，请及时输入。如有疑问请致电400-027-9899。
    [mobile] => 13037100638
    [type] => 9
    [channel] => 9
    [sign] => 0
)

2017-02-04 13:52:31|-postParam-|Array
(
    [p.apiKey] => 8BE5k8204bo33F382JIA951F24
    [p.can] => 1
    [p.msg] => %E5%B0%8A%E6%95%AC%E7%9A%84%E5%AE%A2%E6%88%B7%EF%BC%8C%E6%82%A8%E6%9C%AC%E6%AC%A1%E5%BC%80%E6%88%B7%E7%9A%84%E9%AA%8C%E8%AF%81%E7%A0%81%E4%B8%BA%EF%BC%9A618356%EF%BC%8C%E8%AF%B7%E5%8F%8A%E6%97%B6%E8%BE%93%E5%85%A5%E3%80%82%E5%A6%82%E6%9C%89%E7%96%91%E9%97%AE%E8%AF%B7%E8%87%B4%E7%94%B5400-027-9899%E3%80%82
    [p.priority] => 0
    [p.receiver] => 13037100638
    [p.sendChannel] => 9
    [p.smstype] => 2
    [p.sysType] => 1
    [p.sign] => 0
)
|-smsRs-|0
2017-02-04 14:11:37 |-info-| Array
(
    [content] => 尊敬的客户，您找回登录密码的验证码为：719881。如有疑问请致电400-027-9899。
    [mobile] => 18125530297
    [type] => 9
    [channel] => 9
    [sign] => 0
)

2017-02-04 14:11:37|-postParam-|Array
(
    [p.apiKey] => 8BE5k8204bo33F382JIA951F24
    [p.can] => 1
    [p.msg] => %E5%B0%8A%E6%95%AC%E7%9A%84%E5%AE%A2%E6%88%B7%EF%BC%8C%E6%82%A8%E6%89%BE%E5%9B%9E%E7%99%BB%E5%BD%95%E5%AF%86%E7%A0%81%E7%9A%84%E9%AA%8C%E8%AF%81%E7%A0%81%E4%B8%BA%EF%BC%9A719881%E3%80%82%E5%A6%82%E6%9C%89%E7%96%91%E9%97%AE%E8%AF%B7%E8%87%B4%E7%94%B5400-027-9899%E3%80%82
    [p.priority] => 0
    [p.receiver] => 18125530297
    [p.sendChannel] => 9
    [p.smstype] => 2
    [p.sysType] => 1
    [p.sign] => 0
)
|-smsRs-|0
2017-02-04 14:25:18 |-info-| Array
(
    [content] => 尊敬的客户，您找回登录密码的验证码为：829921。如有疑问请致电400-027-9899。
    [mobile] => 18125530297
    [type] => 9
    [channel] => 9
    [sign] => 0
)

2017-02-04 14:25:18|-postParam-|Array
(
    [p.apiKey] => 8BE5k8204bo33F382JIA951F24
    [p.can] => 1
    [p.msg] => %E5%B0%8A%E6%95%AC%E7%9A%84%E5%AE%A2%E6%88%B7%EF%BC%8C%E6%82%A8%E6%89%BE%E5%9B%9E%E7%99%BB%E5%BD%95%E5%AF%86%E7%A0%81%E7%9A%84%E9%AA%8C%E8%AF%81%E7%A0%81%E4%B8%BA%EF%BC%9A829921%E3%80%82%E5%A6%82%E6%9C%89%E7%96%91%E9%97%AE%E8%AF%B7%E8%87%B4%E7%94%B5400-027-9899%E3%80%82
    [p.priority] => 0
    [p.receiver] => 18125530297
    [p.sendChannel] => 9
    [p.smstype] => 2
    [p.sysType] => 1
    [p.sign] => 0
)
|-smsRs-|0
2017-02-04 14:33:10 |-info-| Array
(
    [content] => 尊敬的客户，您本次开户的验证码为：329222，请及时输入。如有疑问请致电400-027-9899。
    [mobile] => 15205006442
    [type] => 9
    [channel] => 9
    [sign] => 0
)

2017-02-04 14:33:10|-postParam-|Array
(
    [p.apiKey] => 8BE5k8204bo33F382JIA951F24
    [p.can] => 1
    [p.msg] => %E5%B0%8A%E6%95%AC%E7%9A%84%E5%AE%A2%E6%88%B7%EF%BC%8C%E6%82%A8%E6%9C%AC%E6%AC%A1%E5%BC%80%E6%88%B7%E7%9A%84%E9%AA%8C%E8%AF%81%E7%A0%81%E4%B8%BA%EF%BC%9A329222%EF%BC%8C%E8%AF%B7%E5%8F%8A%E6%97%B6%E8%BE%93%E5%85%A5%E3%80%82%E5%A6%82%E6%9C%89%E7%96%91%E9%97%AE%E8%AF%B7%E8%87%B4%E7%94%B5400-027-9899%E3%80%82
    [p.priority] => 0
    [p.receiver] => 15205006442
    [p.sendChannel] => 9
    [p.smstype] => 2
    [p.sysType] => 1
    [p.sign] => 0
)
|-smsRs-|0
2017-02-04 14:34:05 |-info-| Array
(
    [content] => 尊敬的客户，您找回登录密码的验证码为：883050。如有疑问请致电400-027-9899。
    [mobile] => 18125530297
    [type] => 9
    [channel] => 9
    [sign] => 0
)

2017-02-04 14:34:05|-postParam-|Array
(
    [p.apiKey] => 8BE5k8204bo33F382JIA951F24
    [p.can] => 1
    [p.msg] => %E5%B0%8A%E6%95%AC%E7%9A%84%E5%AE%A2%E6%88%B7%EF%BC%8C%E6%82%A8%E6%89%BE%E5%9B%9E%E7%99%BB%E5%BD%95%E5%AF%86%E7%A0%81%E7%9A%84%E9%AA%8C%E8%AF%81%E7%A0%81%E4%B8%BA%EF%BC%9A883050%E3%80%82%E5%A6%82%E6%9C%89%E7%96%91%E9%97%AE%E8%AF%B7%E8%87%B4%E7%94%B5400-027-9899%E3%80%82
    [p.priority] => 0
    [p.receiver] => 18125530297
    [p.sendChannel] => 9
    [p.smstype] => 2
    [p.sysType] => 1
    [p.sign] => 0
)
|-smsRs-|0
2017-02-04 14:36:35 |-info-| Array
(
    [content] => 尊敬的客户，您本次开户的验证码为：079270，请及时输入。如有疑问请致电400-027-9899。
    [mobile] => 13599951535
    [type] => 9
    [channel] => 9
    [sign] => 0
)

2017-02-04 14:36:35|-postParam-|Array
(
    [p.apiKey] => 8BE5k8204bo33F382JIA951F24
    [p.can] => 1
    [p.msg] => %E5%B0%8A%E6%95%AC%E7%9A%84%E5%AE%A2%E6%88%B7%EF%BC%8C%E6%82%A8%E6%9C%AC%E6%AC%A1%E5%BC%80%E6%88%B7%E7%9A%84%E9%AA%8C%E8%AF%81%E7%A0%81%E4%B8%BA%EF%BC%9A079270%EF%BC%8C%E8%AF%B7%E5%8F%8A%E6%97%B6%E8%BE%93%E5%85%A5%E3%80%82%E5%A6%82%E6%9C%89%E7%96%91%E9%97%AE%E8%AF%B7%E8%87%B4%E7%94%B5400-027-9899%E3%80%82
    [p.priority] => 0
    [p.receiver] => 13599951535
    [p.sendChannel] => 9
    [p.smstype] => 2
    [p.sysType] => 1
    [p.sign] => 0
)
|-smsRs-|0
2017-02-04 14:37:39 |-info-| Array
(
    [content] => 尊敬的客户，您本次开户的验证码为：839861，请及时输入。如有疑问请致电400-027-9899。
    [mobile] => 18671517368
    [type] => 9
    [channel] => 9
    [sign] => 0
)

2017-02-04 14:37:39|-postParam-|Array
(
    [p.apiKey] => 8BE5k8204bo33F382JIA951F24
    [p.can] => 1
    [p.msg] => %E5%B0%8A%E6%95%AC%E7%9A%84%E5%AE%A2%E6%88%B7%EF%BC%8C%E6%82%A8%E6%9C%AC%E6%AC%A1%E5%BC%80%E6%88%B7%E7%9A%84%E9%AA%8C%E8%AF%81%E7%A0%81%E4%B8%BA%EF%BC%9A839861%EF%BC%8C%E8%AF%B7%E5%8F%8A%E6%97%B6%E8%BE%93%E5%85%A5%E3%80%82%E5%A6%82%E6%9C%89%E7%96%91%E9%97%AE%E8%AF%B7%E8%87%B4%E7%94%B5400-027-9899%E3%80%82
    [p.priority] => 0
    [p.receiver] => 18671517368
    [p.sendChannel] => 9
    [p.smstype] => 2
    [p.sysType] => 1
    [p.sign] => 0
)
|-smsRs-|0
2017-02-04 14:51:32 |-info-| Array
(
    [content] => 尊敬的客户，您找回登录密码的验证码为：449692。如有疑问请致电400-027-9899。
    [mobile] => 18065043496
    [type] => 9
    [channel] => 9
    [sign] => 0
)

2017-02-04 14:51:32|-postParam-|Array
(
    [p.apiKey] => 8BE5k8204bo33F382JIA951F24
    [p.can] => 1
    [p.msg] => %E5%B0%8A%E6%95%AC%E7%9A%84%E5%AE%A2%E6%88%B7%EF%BC%8C%E6%82%A8%E6%89%BE%E5%9B%9E%E7%99%BB%E5%BD%95%E5%AF%86%E7%A0%81%E7%9A%84%E9%AA%8C%E8%AF%81%E7%A0%81%E4%B8%BA%EF%BC%9A449692%E3%80%82%E5%A6%82%E6%9C%89%E7%96%91%E9%97%AE%E8%AF%B7%E8%87%B4%E7%94%B5400-027-9899%E3%80%82
    [p.priority] => 0
    [p.receiver] => 18065043496
    [p.sendChannel] => 9
    [p.smstype] => 2
    [p.sysType] => 1
    [p.sign] => 0
)
|-smsRs-|0
2017-02-04 15:01:44 |-info-| Array
(
    [content] => 尊敬的客户，您找回登录密码的验证码为：133600。如有疑问请致电400-027-9899。
    [mobile] => 18065043496
    [type] => 9
    [channel] => 9
    [sign] => 0
)

2017-02-04 15:01:44|-postParam-|Array
(
    [p.apiKey] => 8BE5k8204bo33F382JIA951F24
    [p.can] => 1
    [p.msg] => %E5%B0%8A%E6%95%AC%E7%9A%84%E5%AE%A2%E6%88%B7%EF%BC%8C%E6%82%A8%E6%89%BE%E5%9B%9E%E7%99%BB%E5%BD%95%E5%AF%86%E7%A0%81%E7%9A%84%E9%AA%8C%E8%AF%81%E7%A0%81%E4%B8%BA%EF%BC%9A133600%E3%80%82%E5%A6%82%E6%9C%89%E7%96%91%E9%97%AE%E8%AF%B7%E8%87%B4%E7%94%B5400-027-9899%E3%80%82
    [p.priority] => 0
    [p.receiver] => 18065043496
    [p.sendChannel] => 9
    [p.smstype] => 2
    [p.sysType] => 1
    [p.sign] => 0
)
|-smsRs-|0
2017-02-04 15:07:59 |-info-| Array
(
    [content] => 尊敬的客户，您找回登录密码的验证码为：446346。如有疑问请致电400-027-9899。
    [mobile] => 18065043496
    [type] => 9
    [channel] => 9
    [sign] => 0
)

2017-02-04 15:07:59|-postParam-|Array
(
    [p.apiKey] => 8BE5k8204bo33F382JIA951F24
    [p.can] => 1
    [p.msg] => %E5%B0%8A%E6%95%AC%E7%9A%84%E5%AE%A2%E6%88%B7%EF%BC%8C%E6%82%A8%E6%89%BE%E5%9B%9E%E7%99%BB%E5%BD%95%E5%AF%86%E7%A0%81%E7%9A%84%E9%AA%8C%E8%AF%81%E7%A0%81%E4%B8%BA%EF%BC%9A446346%E3%80%82%E5%A6%82%E6%9C%89%E7%96%91%E9%97%AE%E8%AF%B7%E8%87%B4%E7%94%B5400-027-9899%E3%80%82
    [p.priority] => 0
    [p.receiver] => 18065043496
    [p.sendChannel] => 9
    [p.smstype] => 2
    [p.sysType] => 1
    [p.sign] => 0
)
|-smsRs-|0
2017-02-04 15:16:52 |-info-| Array
(
    [content] => 尊敬的客户，您本次开户的验证码为：560981，请及时输入。如有疑问请致电400-027-9899。
    [mobile] => 15620553970
    [type] => 9
    [channel] => 9
    [sign] => 0
)

2017-02-04 15:16:52|-postParam-|Array
(
    [p.apiKey] => 8BE5k8204bo33F382JIA951F24
    [p.can] => 1
    [p.msg] => %E5%B0%8A%E6%95%AC%E7%9A%84%E5%AE%A2%E6%88%B7%EF%BC%8C%E6%82%A8%E6%9C%AC%E6%AC%A1%E5%BC%80%E6%88%B7%E7%9A%84%E9%AA%8C%E8%AF%81%E7%A0%81%E4%B8%BA%EF%BC%9A560981%EF%BC%8C%E8%AF%B7%E5%8F%8A%E6%97%B6%E8%BE%93%E5%85%A5%E3%80%82%E5%A6%82%E6%9C%89%E7%96%91%E9%97%AE%E8%AF%B7%E8%87%B4%E7%94%B5400-027-9899%E3%80%82
    [p.priority] => 0
    [p.receiver] => 15620553970
    [p.sendChannel] => 9
    [p.smstype] => 2
    [p.sysType] => 1
    [p.sign] => 0
)
|-smsRs-|0
2017-02-04 15:17:33 |-info-| Array
(
    [content] => 尊敬的客户，您找回登录密码的验证码为：771680。如有疑问请致电400-027-9899。
    [mobile] => 18065043496
    [type] => 9
    [channel] => 9
    [sign] => 0
)

2017-02-04 15:17:33|-postParam-|Array
(
    [p.apiKey] => 8BE5k8204bo33F382JIA951F24
    [p.can] => 1
    [p.msg] => %E5%B0%8A%E6%95%AC%E7%9A%84%E5%AE%A2%E6%88%B7%EF%BC%8C%E6%82%A8%E6%89%BE%E5%9B%9E%E7%99%BB%E5%BD%95%E5%AF%86%E7%A0%81%E7%9A%84%E9%AA%8C%E8%AF%81%E7%A0%81%E4%B8%BA%EF%BC%9A771680%E3%80%82%E5%A6%82%E6%9C%89%E7%96%91%E9%97%AE%E8%AF%B7%E8%87%B4%E7%94%B5400-027-9899%E3%80%82
    [p.priority] => 0
    [p.receiver] => 18065043496
    [p.sendChannel] => 9
    [p.smstype] => 2
    [p.sysType] => 1
    [p.sign] => 0
)
|-smsRs-|0
2017-02-04 15:20:29 |-info-| Array
(
    [content] => 尊敬的客户，您找回登录密码的验证码为：012622。如有疑问请致电400-027-9899。
    [mobile] => 18125530297
    [type] => 9
    [channel] => 9
    [sign] => 0
)

2017-02-04 15:20:29|-postParam-|Array
(
    [p.apiKey] => 8BE5k8204bo33F382JIA951F24
    [p.can] => 1
    [p.msg] => %E5%B0%8A%E6%95%AC%E7%9A%84%E5%AE%A2%E6%88%B7%EF%BC%8C%E6%82%A8%E6%89%BE%E5%9B%9E%E7%99%BB%E5%BD%95%E5%AF%86%E7%A0%81%E7%9A%84%E9%AA%8C%E8%AF%81%E7%A0%81%E4%B8%BA%EF%BC%9A012622%E3%80%82%E5%A6%82%E6%9C%89%E7%96%91%E9%97%AE%E8%AF%B7%E8%87%B4%E7%94%B5400-027-9899%E3%80%82
    [p.priority] => 0
    [p.receiver] => 18125530297
    [p.sendChannel] => 9
    [p.smstype] => 2
    [p.sysType] => 1
    [p.sign] => 0
)
|-smsRs-|0
2017-02-04 15:21:40 |-info-| Array
(
    [content] => 尊敬的客户，您找回登录密码的验证码为：935011。如有疑问请致电400-027-9899。
    [mobile] => 18065043496
    [type] => 9
    [channel] => 9
    [sign] => 0
)

2017-02-04 15:21:40|-postParam-|Array
(
    [p.apiKey] => 8BE5k8204bo33F382JIA951F24
    [p.can] => 1
    [p.msg] => %E5%B0%8A%E6%95%AC%E7%9A%84%E5%AE%A2%E6%88%B7%EF%BC%8C%E6%82%A8%E6%89%BE%E5%9B%9E%E7%99%BB%E5%BD%95%E5%AF%86%E7%A0%81%E7%9A%84%E9%AA%8C%E8%AF%81%E7%A0%81%E4%B8%BA%EF%BC%9A935011%E3%80%82%E5%A6%82%E6%9C%89%E7%96%91%E9%97%AE%E8%AF%B7%E8%87%B4%E7%94%B5400-027-9899%E3%80%82
    [p.priority] => 0
    [p.receiver] => 18065043496
    [p.sendChannel] => 9
    [p.smstype] => 2
    [p.sysType] => 1
    [p.sign] => 0
)
|-smsRs-|0
2017-02-04 15:28:07 |-info-| Array
(
    [content] => 尊敬的客户，您找回登录密码的验证码为：192781。如有疑问请致电400-027-9899。
    [mobile] => 18065043496
    [type] => 9
    [channel] => 9
    [sign] => 0
)

2017-02-04 15:28:07|-postParam-|Array
(
    [p.apiKey] => 8BE5k8204bo33F382JIA951F24
    [p.can] => 1
    [p.msg] => %E5%B0%8A%E6%95%AC%E7%9A%84%E5%AE%A2%E6%88%B7%EF%BC%8C%E6%82%A8%E6%89%BE%E5%9B%9E%E7%99%BB%E5%BD%95%E5%AF%86%E7%A0%81%E7%9A%84%E9%AA%8C%E8%AF%81%E7%A0%81%E4%B8%BA%EF%BC%9A192781%E3%80%82%E5%A6%82%E6%9C%89%E7%96%91%E9%97%AE%E8%AF%B7%E8%87%B4%E7%94%B5400-027-9899%E3%80%82
    [p.priority] => 0
    [p.receiver] => 18065043496
    [p.sendChannel] => 9
    [p.smstype] => 2
    [p.sysType] => 1
    [p.sign] => 0
)
|-smsRs-|0
2017-02-04 15:30:53 |-info-| Array
(
    [content] => 尊敬的客户，您找回登录密码的验证码为：918794。如有疑问请致电400-027-9899。
    [mobile] => 18125530297
    [type] => 9
    [channel] => 9
    [sign] => 0
)

2017-02-04 15:30:53|-postParam-|Array
(
    [p.apiKey] => 8BE5k8204bo33F382JIA951F24
    [p.can] => 1
    [p.msg] => %E5%B0%8A%E6%95%AC%E7%9A%84%E5%AE%A2%E6%88%B7%EF%BC%8C%E6%82%A8%E6%89%BE%E5%9B%9E%E7%99%BB%E5%BD%95%E5%AF%86%E7%A0%81%E7%9A%84%E9%AA%8C%E8%AF%81%E7%A0%81%E4%B8%BA%EF%BC%9A918794%E3%80%82%E5%A6%82%E6%9C%89%E7%96%91%E9%97%AE%E8%AF%B7%E8%87%B4%E7%94%B5400-027-9899%E3%80%82
    [p.priority] => 0
    [p.receiver] => 18125530297
    [p.sendChannel] => 9
    [p.smstype] => 2
    [p.sysType] => 1
    [p.sign] => 0
)
|-smsRs-|0
2017-02-04 15:39:23 |-info-| Array
(
    [content] => 尊敬的客户，您找回登录密码的验证码为：943584。如有疑问请致电400-027-9899。
    [mobile] => 18125530297
    [type] => 9
    [channel] => 9
    [sign] => 0
)

2017-02-04 15:39:23|-postParam-|Array
(
    [p.apiKey] => 8BE5k8204bo33F382JIA951F24
    [p.can] => 1
    [p.msg] => %E5%B0%8A%E6%95%AC%E7%9A%84%E5%AE%A2%E6%88%B7%EF%BC%8C%E6%82%A8%E6%89%BE%E5%9B%9E%E7%99%BB%E5%BD%95%E5%AF%86%E7%A0%81%E7%9A%84%E9%AA%8C%E8%AF%81%E7%A0%81%E4%B8%BA%EF%BC%9A943584%E3%80%82%E5%A6%82%E6%9C%89%E7%96%91%E9%97%AE%E8%AF%B7%E8%87%B4%E7%94%B5400-027-9899%E3%80%82
    [p.priority] => 0
    [p.receiver] => 18125530297
    [p.sendChannel] => 9
    [p.smstype] => 2
    [p.sysType] => 1
    [p.sign] => 0
)
|-smsRs-|0
2017-02-04 15:45:44 |-info-| Array
(
    [content] => 尊敬的客户，您找回登录密码的验证码为：438664。如有疑问请致电400-027-9899。
    [mobile] => 18125530297
    [type] => 9
    [channel] => 9
    [sign] => 0
)

2017-02-04 15:45:45|-postParam-|Array
(
    [p.apiKey] => 8BE5k8204bo33F382JIA951F24
    [p.can] => 1
    [p.msg] => %E5%B0%8A%E6%95%AC%E7%9A%84%E5%AE%A2%E6%88%B7%EF%BC%8C%E6%82%A8%E6%89%BE%E5%9B%9E%E7%99%BB%E5%BD%95%E5%AF%86%E7%A0%81%E7%9A%84%E9%AA%8C%E8%AF%81%E7%A0%81%E4%B8%BA%EF%BC%9A438664%E3%80%82%E5%A6%82%E6%9C%89%E7%96%91%E9%97%AE%E8%AF%B7%E8%87%B4%E7%94%B5400-027-9899%E3%80%82
    [p.priority] => 0
    [p.receiver] => 18125530297
    [p.sendChannel] => 9
    [p.smstype] => 2
    [p.sysType] => 1
    [p.sign] => 0
)
|-smsRs-|0
2017-02-04 15:48:22 |-info-| Array
(
    [content] => 尊敬的客户，您找回登录密码的验证码为：986991。如有疑问请致电400-027-9899。
    [mobile] => 18065043496
    [type] => 9
    [channel] => 9
    [sign] => 0
)

2017-02-04 15:48:22|-postParam-|Array
(
    [p.apiKey] => 8BE5k8204bo33F382JIA951F24
    [p.can] => 1
    [p.msg] => %E5%B0%8A%E6%95%AC%E7%9A%84%E5%AE%A2%E6%88%B7%EF%BC%8C%E6%82%A8%E6%89%BE%E5%9B%9E%E7%99%BB%E5%BD%95%E5%AF%86%E7%A0%81%E7%9A%84%E9%AA%8C%E8%AF%81%E7%A0%81%E4%B8%BA%EF%BC%9A986991%E3%80%82%E5%A6%82%E6%9C%89%E7%96%91%E9%97%AE%E8%AF%B7%E8%87%B4%E7%94%B5400-027-9899%E3%80%82
    [p.priority] => 0
    [p.receiver] => 18065043496
    [p.sendChannel] => 9
    [p.smstype] => 2
    [p.sysType] => 1
    [p.sign] => 0
)
|-smsRs-|0
2017-02-04 15:51:30 |-info-| Array
(
    [content] => 尊敬的客户，您找回登录密码的验证码为：965118。如有疑问请致电400-027-9899。
    [mobile] => 18125530297
    [type] => 9
    [channel] => 9
    [sign] => 0
)

2017-02-04 15:51:30|-postParam-|Array
(
    [p.apiKey] => 8BE5k8204bo33F382JIA951F24
    [p.can] => 1
    [p.msg] => %E5%B0%8A%E6%95%AC%E7%9A%84%E5%AE%A2%E6%88%B7%EF%BC%8C%E6%82%A8%E6%89%BE%E5%9B%9E%E7%99%BB%E5%BD%95%E5%AF%86%E7%A0%81%E7%9A%84%E9%AA%8C%E8%AF%81%E7%A0%81%E4%B8%BA%EF%BC%9A965118%E3%80%82%E5%A6%82%E6%9C%89%E7%96%91%E9%97%AE%E8%AF%B7%E8%87%B4%E7%94%B5400-027-9899%E3%80%82
    [p.priority] => 0
    [p.receiver] => 18125530297
    [p.sendChannel] => 9
    [p.smstype] => 2
    [p.sysType] => 1
    [p.sign] => 0
)
|-smsRs-|0
2017-02-04 16:03:00 |-info-| Array
(
    [content] => 尊敬的客户，您找回登录密码的验证码为：782616。如有疑问请致电400-027-9899。
    [mobile] => 18125530297
    [type] => 9
    [channel] => 9
    [sign] => 0
)

2017-02-04 16:03:00|-postParam-|Array
(
    [p.apiKey] => 8BE5k8204bo33F382JIA951F24
    [p.can] => 1
    [p.msg] => %E5%B0%8A%E6%95%AC%E7%9A%84%E5%AE%A2%E6%88%B7%EF%BC%8C%E6%82%A8%E6%89%BE%E5%9B%9E%E7%99%BB%E5%BD%95%E5%AF%86%E7%A0%81%E7%9A%84%E9%AA%8C%E8%AF%81%E7%A0%81%E4%B8%BA%EF%BC%9A782616%E3%80%82%E5%A6%82%E6%9C%89%E7%96%91%E9%97%AE%E8%AF%B7%E8%87%B4%E7%94%B5400-027-9899%E3%80%82
    [p.priority] => 0
    [p.receiver] => 18125530297
    [p.sendChannel] => 9
    [p.smstype] => 2
    [p.sysType] => 1
    [p.sign] => 0
)
|-smsRs-|0
2017-02-04 16:08:06 |-info-| Array
(
    [content] => 尊敬的客户，您找回登录密码的验证码为：236894。如有疑问请致电400-027-9899。
    [mobile] => 18125530297
    [type] => 9
    [channel] => 9
    [sign] => 0
)

2017-02-04 16:08:06|-postParam-|Array
(
    [p.apiKey] => 8BE5k8204bo33F382JIA951F24
    [p.can] => 1
    [p.msg] => %E5%B0%8A%E6%95%AC%E7%9A%84%E5%AE%A2%E6%88%B7%EF%BC%8C%E6%82%A8%E6%89%BE%E5%9B%9E%E7%99%BB%E5%BD%95%E5%AF%86%E7%A0%81%E7%9A%84%E9%AA%8C%E8%AF%81%E7%A0%81%E4%B8%BA%EF%BC%9A236894%E3%80%82%E5%A6%82%E6%9C%89%E7%96%91%E9%97%AE%E8%AF%B7%E8%87%B4%E7%94%B5400-027-9899%E3%80%82
    [p.priority] => 0
    [p.receiver] => 18125530297
    [p.sendChannel] => 9
    [p.smstype] => 2
    [p.sysType] => 1
    [p.sign] => 0
)
|-smsRs-|0
2017-02-04 16:30:36 |-info-| Array
(
    [content] => 尊敬的客户，您找回登录密码的验证码为：988899。如有疑问请致电400-027-9899。
    [mobile] => 18125530297
    [type] => 9
    [channel] => 9
    [sign] => 0
)

2017-02-04 16:30:36|-postParam-|Array
(
    [p.apiKey] => 8BE5k8204bo33F382JIA951F24
    [p.can] => 1
    [p.msg] => %E5%B0%8A%E6%95%AC%E7%9A%84%E5%AE%A2%E6%88%B7%EF%BC%8C%E6%82%A8%E6%89%BE%E5%9B%9E%E7%99%BB%E5%BD%95%E5%AF%86%E7%A0%81%E7%9A%84%E9%AA%8C%E8%AF%81%E7%A0%81%E4%B8%BA%EF%BC%9A988899%E3%80%82%E5%A6%82%E6%9C%89%E7%96%91%E9%97%AE%E8%AF%B7%E8%87%B4%E7%94%B5400-027-9899%E3%80%82
    [p.priority] => 0
    [p.receiver] => 18125530297
    [p.sendChannel] => 9
    [p.smstype] => 2
    [p.sysType] => 1
    [p.sign] => 0
)
|-smsRs-|0
