2017-01-11 09:35:40 |-info-| Array
(
    [mobile] => 18065043496
    [type] => 9
    [content] => 
    [channel] => 9
    [sign] => 0
)

2017-01-11 09:35:41|-postParam-|Array
(
    [p.apiKey] => 8BE5k8204bo33F382JIA951F24
    [p.can] => 1
    [p.msg] => 
    [p.priority] => 0
    [p.receiver] => 18065043496
    [p.sendChannel] => 9
    [p.smstype] => 2
    [p.sysType] => 1
    [p.sign] => 0
)
|-smsRs-|-2
2017-01-11 10:56:54 |-info-| Array
(
    [mobile] => 18065043496
    [type] => 9
    [content] => 
    [channel] => 9
    [sign] => 0
)

2017-01-11 10:56:54|-postParam-|Array
(
    [p.apiKey] => 8BE5k8204bo33F382JIA951F24
    [p.can] => 1
    [p.msg] => 
    [p.priority] => 0
    [p.receiver] => 18065043496
    [p.sendChannel] => 9
    [p.smstype] => 2
    [p.sysType] => 1
    [p.sign] => 0
)
|-smsRs-|-2
2017-01-11 11:57:51 |-info-| Array
(
    [mobile] => 18065043496
    [type] => 9
    [content] => 验证码962295，您在中金在线取回密码，若非本人操作，请勿泄露。
    [channel] => 9
    [sign] => 0
)

2017-01-11 11:57:51|-postParam-|Array
(
    [p.apiKey] => 8BE5k8204bo33F382JIA951F24
    [p.can] => 1
    [p.msg] => %E9%AA%8C%E8%AF%81%E7%A0%81962295%EF%BC%8C%E6%82%A8%E5%9C%A8%E4%B8%AD%E9%87%91%E5%9C%A8%E7%BA%BF%E5%8F%96%E5%9B%9E%E5%AF%86%E7%A0%81%EF%BC%8C%E8%8B%A5%E9%9D%9E%E6%9C%AC%E4%BA%BA%E6%93%8D%E4%BD%9C%EF%BC%8C%E8%AF%B7%E5%8B%BF%E6%B3%84%E9%9C%B2%E3%80%82
    [p.priority] => 0
    [p.receiver] => 18065043496
    [p.sendChannel] => 9
    [p.smstype] => 2
    [p.sysType] => 1
    [p.sign] => 0
)
|-smsRs-|0
2017-01-11 11:59:09 |-info-| Array
(
    [mobile] => 18065043496
    [type] => 9
    [content] => 验证码175451，您在中金在线取回密码，若非本人操作，请勿泄露。
    [channel] => 9
    [sign] => 0
)

2017-01-11 11:59:10|-postParam-|Array
(
    [p.apiKey] => 8BE5k8204bo33F382JIA951F24
    [p.can] => 1
    [p.msg] => %E9%AA%8C%E8%AF%81%E7%A0%81175451%EF%BC%8C%E6%82%A8%E5%9C%A8%E4%B8%AD%E9%87%91%E5%9C%A8%E7%BA%BF%E5%8F%96%E5%9B%9E%E5%AF%86%E7%A0%81%EF%BC%8C%E8%8B%A5%E9%9D%9E%E6%9C%AC%E4%BA%BA%E6%93%8D%E4%BD%9C%EF%BC%8C%E8%AF%B7%E5%8B%BF%E6%B3%84%E9%9C%B2%E3%80%82
    [p.priority] => 0
    [p.receiver] => 18065043496
    [p.sendChannel] => 9
    [p.smstype] => 2
    [p.sysType] => 1
    [p.sign] => 0
)
|-smsRs-|0
