2017-02-03 09:34:56 |-info-| Array
(
    [content] => 尊敬的客户，您找回登录密码的验证码为：980284。如有疑问请致电400-027-9899。
    [mobile] => 18671517368
    [type] => 9
    [channel] => 9
    [sign] => 0
)

2017-02-03 09:34:56|-postParam-|Array
(
    [p.apiKey] => 8BE5k8204bo33F382JIA951F24
    [p.can] => 1
    [p.msg] => %E5%B0%8A%E6%95%AC%E7%9A%84%E5%AE%A2%E6%88%B7%EF%BC%8C%E6%82%A8%E6%89%BE%E5%9B%9E%E7%99%BB%E5%BD%95%E5%AF%86%E7%A0%81%E7%9A%84%E9%AA%8C%E8%AF%81%E7%A0%81%E4%B8%BA%EF%BC%9A980284%E3%80%82%E5%A6%82%E6%9C%89%E7%96%91%E9%97%AE%E8%AF%B7%E8%87%B4%E7%94%B5400-027-9899%E3%80%82
    [p.priority] => 0
    [p.receiver] => 18671517368
    [p.sendChannel] => 9
    [p.smstype] => 2
    [p.sysType] => 1
    [p.sign] => 0
)
|-smsRs-|0
2017-02-03 09:40:26 |-info-| Array
(
    [content] => 尊敬的客户，您找回登录密码的验证码为：757036。如有疑问请致电400-027-9899。
    [mobile] => 18671517368
    [type] => 9
    [channel] => 9
    [sign] => 0
)

2017-02-03 09:40:26|-postParam-|Array
(
    [p.apiKey] => 8BE5k8204bo33F382JIA951F24
    [p.can] => 1
    [p.msg] => %E5%B0%8A%E6%95%AC%E7%9A%84%E5%AE%A2%E6%88%B7%EF%BC%8C%E6%82%A8%E6%89%BE%E5%9B%9E%E7%99%BB%E5%BD%95%E5%AF%86%E7%A0%81%E7%9A%84%E9%AA%8C%E8%AF%81%E7%A0%81%E4%B8%BA%EF%BC%9A757036%E3%80%82%E5%A6%82%E6%9C%89%E7%96%91%E9%97%AE%E8%AF%B7%E8%87%B4%E7%94%B5400-027-9899%E3%80%82
    [p.priority] => 0
    [p.receiver] => 18671517368
    [p.sendChannel] => 9
    [p.smstype] => 2
    [p.sysType] => 1
    [p.sign] => 0
)
|-smsRs-|0
2017-02-03 09:43:55 |-info-| Array
(
    [content] => 尊敬的客户，您找回登录密码的验证码为：913536。如有疑问请致电400-027-9899。
    [mobile] => 18671517368
    [type] => 9
    [channel] => 9
    [sign] => 0
)

2017-02-03 09:43:55|-postParam-|Array
(
    [p.apiKey] => 8BE5k8204bo33F382JIA951F24
    [p.can] => 1
    [p.msg] => %E5%B0%8A%E6%95%AC%E7%9A%84%E5%AE%A2%E6%88%B7%EF%BC%8C%E6%82%A8%E6%89%BE%E5%9B%9E%E7%99%BB%E5%BD%95%E5%AF%86%E7%A0%81%E7%9A%84%E9%AA%8C%E8%AF%81%E7%A0%81%E4%B8%BA%EF%BC%9A913536%E3%80%82%E5%A6%82%E6%9C%89%E7%96%91%E9%97%AE%E8%AF%B7%E8%87%B4%E7%94%B5400-027-9899%E3%80%82
    [p.priority] => 0
    [p.receiver] => 18671517368
    [p.sendChannel] => 9
    [p.smstype] => 2
    [p.sysType] => 1
    [p.sign] => 0
)
|-smsRs-|0
2017-02-03 09:45:44 |-info-| Array
(
    [content] => 尊敬的客户，您本次开户的验证码为：380556，请及时输入。如有疑问请致电400-027-9899。
    [mobile] => 13071252005
    [type] => 9
    [channel] => 9
    [sign] => 0
)

2017-02-03 09:45:44|-postParam-|Array
(
    [p.apiKey] => 8BE5k8204bo33F382JIA951F24
    [p.can] => 1
    [p.msg] => %E5%B0%8A%E6%95%AC%E7%9A%84%E5%AE%A2%E6%88%B7%EF%BC%8C%E6%82%A8%E6%9C%AC%E6%AC%A1%E5%BC%80%E6%88%B7%E7%9A%84%E9%AA%8C%E8%AF%81%E7%A0%81%E4%B8%BA%EF%BC%9A380556%EF%BC%8C%E8%AF%B7%E5%8F%8A%E6%97%B6%E8%BE%93%E5%85%A5%E3%80%82%E5%A6%82%E6%9C%89%E7%96%91%E9%97%AE%E8%AF%B7%E8%87%B4%E7%94%B5400-027-9899%E3%80%82
    [p.priority] => 0
    [p.receiver] => 13071252005
    [p.sendChannel] => 9
    [p.smstype] => 2
    [p.sysType] => 1
    [p.sign] => 0
)
|-smsRs-|0
2017-02-03 09:58:11 |-info-| Array
(
    [content] => 尊敬的客户，您找回登录密码的验证码为：784948。如有疑问请致电400-027-9899。
    [mobile] => 18671517368
    [type] => 9
    [channel] => 9
    [sign] => 0
)

2017-02-03 09:58:11|-postParam-|Array
(
    [p.apiKey] => 8BE5k8204bo33F382JIA951F24
    [p.can] => 1
    [p.msg] => %E5%B0%8A%E6%95%AC%E7%9A%84%E5%AE%A2%E6%88%B7%EF%BC%8C%E6%82%A8%E6%89%BE%E5%9B%9E%E7%99%BB%E5%BD%95%E5%AF%86%E7%A0%81%E7%9A%84%E9%AA%8C%E8%AF%81%E7%A0%81%E4%B8%BA%EF%BC%9A784948%E3%80%82%E5%A6%82%E6%9C%89%E7%96%91%E9%97%AE%E8%AF%B7%E8%87%B4%E7%94%B5400-027-9899%E3%80%82
    [p.priority] => 0
    [p.receiver] => 18671517368
    [p.sendChannel] => 9
    [p.smstype] => 2
    [p.sysType] => 1
    [p.sign] => 0
)
|-smsRs-|0
2017-02-03 11:05:42 |-info-| Array
(
    [content] => 尊敬的客户，您找回登录密码的验证码为：022715。如有疑问请致电400-027-9899。
    [mobile] => 18671517368
    [type] => 9
    [channel] => 9
    [sign] => 0
)

2017-02-03 11:05:42|-postParam-|Array
(
    [p.apiKey] => 8BE5k8204bo33F382JIA951F24
    [p.can] => 1
    [p.msg] => %E5%B0%8A%E6%95%AC%E7%9A%84%E5%AE%A2%E6%88%B7%EF%BC%8C%E6%82%A8%E6%89%BE%E5%9B%9E%E7%99%BB%E5%BD%95%E5%AF%86%E7%A0%81%E7%9A%84%E9%AA%8C%E8%AF%81%E7%A0%81%E4%B8%BA%EF%BC%9A022715%E3%80%82%E5%A6%82%E6%9C%89%E7%96%91%E9%97%AE%E8%AF%B7%E8%87%B4%E7%94%B5400-027-9899%E3%80%82
    [p.priority] => 0
    [p.receiver] => 18671517368
    [p.sendChannel] => 9
    [p.smstype] => 2
    [p.sysType] => 1
    [p.sign] => 0
)
|-smsRs-|0
2017-02-03 11:09:48 |-info-| Array
(
    [content] => 尊敬的客户，您本次开户的验证码为：094436，请及时输入。如有疑问请致电400-027-9899。
    [mobile] => 13071252005
    [type] => 9
    [channel] => 9
    [sign] => 0
)

2017-02-03 11:09:48|-postParam-|Array
(
    [p.apiKey] => 8BE5k8204bo33F382JIA951F24
    [p.can] => 1
    [p.msg] => %E5%B0%8A%E6%95%AC%E7%9A%84%E5%AE%A2%E6%88%B7%EF%BC%8C%E6%82%A8%E6%9C%AC%E6%AC%A1%E5%BC%80%E6%88%B7%E7%9A%84%E9%AA%8C%E8%AF%81%E7%A0%81%E4%B8%BA%EF%BC%9A094436%EF%BC%8C%E8%AF%B7%E5%8F%8A%E6%97%B6%E8%BE%93%E5%85%A5%E3%80%82%E5%A6%82%E6%9C%89%E7%96%91%E9%97%AE%E8%AF%B7%E8%87%B4%E7%94%B5400-027-9899%E3%80%82
    [p.priority] => 0
    [p.receiver] => 13071252005
    [p.sendChannel] => 9
    [p.smstype] => 2
    [p.sysType] => 1
    [p.sign] => 0
)
|-smsRs-|0
2017-02-03 13:10:34 |-info-| Array
(
    [content] => 尊敬的客户，您本次开户的验证码为：971592，请及时输入。如有疑问请致电400-027-9899。
    [mobile] => 13071252005
    [type] => 9
    [channel] => 9
    [sign] => 0
)

2017-02-03 13:10:34|-postParam-|Array
(
    [p.apiKey] => 8BE5k8204bo33F382JIA951F24
    [p.can] => 1
    [p.msg] => %E5%B0%8A%E6%95%AC%E7%9A%84%E5%AE%A2%E6%88%B7%EF%BC%8C%E6%82%A8%E6%9C%AC%E6%AC%A1%E5%BC%80%E6%88%B7%E7%9A%84%E9%AA%8C%E8%AF%81%E7%A0%81%E4%B8%BA%EF%BC%9A971592%EF%BC%8C%E8%AF%B7%E5%8F%8A%E6%97%B6%E8%BE%93%E5%85%A5%E3%80%82%E5%A6%82%E6%9C%89%E7%96%91%E9%97%AE%E8%AF%B7%E8%87%B4%E7%94%B5400-027-9899%E3%80%82
    [p.priority] => 0
    [p.receiver] => 13071252005
    [p.sendChannel] => 9
    [p.smstype] => 2
    [p.sysType] => 1
    [p.sign] => 0
)
|-smsRs-|0
2017-02-03 13:19:04 |-info-| Array
(
    [content] => 尊敬的客户，您找回登录密码的验证码为：013249。如有疑问请致电400-027-9899。
    [mobile] => 18671517368
    [type] => 9
    [channel] => 9
    [sign] => 0
)

2017-02-03 13:19:04|-postParam-|Array
(
    [p.apiKey] => 8BE5k8204bo33F382JIA951F24
    [p.can] => 1
    [p.msg] => %E5%B0%8A%E6%95%AC%E7%9A%84%E5%AE%A2%E6%88%B7%EF%BC%8C%E6%82%A8%E6%89%BE%E5%9B%9E%E7%99%BB%E5%BD%95%E5%AF%86%E7%A0%81%E7%9A%84%E9%AA%8C%E8%AF%81%E7%A0%81%E4%B8%BA%EF%BC%9A013249%E3%80%82%E5%A6%82%E6%9C%89%E7%96%91%E9%97%AE%E8%AF%B7%E8%87%B4%E7%94%B5400-027-9899%E3%80%82
    [p.priority] => 0
    [p.receiver] => 18671517368
    [p.sendChannel] => 9
    [p.smstype] => 2
    [p.sysType] => 1
    [p.sign] => 0
)
|-smsRs-|0
2017-02-03 13:26:54 |-info-| Array
(
    [content] => 尊敬的客户，您本次开户的验证码为：594563，请及时输入。如有疑问请致电400-027-9899。
    [mobile] => 13477029958
    [type] => 9
    [channel] => 9
    [sign] => 0
)

2017-02-03 13:26:54|-postParam-|Array
(
    [p.apiKey] => 8BE5k8204bo33F382JIA951F24
    [p.can] => 1
    [p.msg] => %E5%B0%8A%E6%95%AC%E7%9A%84%E5%AE%A2%E6%88%B7%EF%BC%8C%E6%82%A8%E6%9C%AC%E6%AC%A1%E5%BC%80%E6%88%B7%E7%9A%84%E9%AA%8C%E8%AF%81%E7%A0%81%E4%B8%BA%EF%BC%9A594563%EF%BC%8C%E8%AF%B7%E5%8F%8A%E6%97%B6%E8%BE%93%E5%85%A5%E3%80%82%E5%A6%82%E6%9C%89%E7%96%91%E9%97%AE%E8%AF%B7%E8%87%B4%E7%94%B5400-027-9899%E3%80%82
    [p.priority] => 0
    [p.receiver] => 13477029958
    [p.sendChannel] => 9
    [p.smstype] => 2
    [p.sysType] => 1
    [p.sign] => 0
)
|-smsRs-|0
2017-02-03 13:41:18 |-info-| Array
(
    [content] => 尊敬的客户，您本次开户的验证码为：475821，请及时输入。如有疑问请致电400-027-9899。
    [mobile] => 13477029958
    [type] => 9
    [channel] => 9
    [sign] => 0
)

2017-02-03 13:41:18|-postParam-|Array
(
    [p.apiKey] => 8BE5k8204bo33F382JIA951F24
    [p.can] => 1
    [p.msg] => %E5%B0%8A%E6%95%AC%E7%9A%84%E5%AE%A2%E6%88%B7%EF%BC%8C%E6%82%A8%E6%9C%AC%E6%AC%A1%E5%BC%80%E6%88%B7%E7%9A%84%E9%AA%8C%E8%AF%81%E7%A0%81%E4%B8%BA%EF%BC%9A475821%EF%BC%8C%E8%AF%B7%E5%8F%8A%E6%97%B6%E8%BE%93%E5%85%A5%E3%80%82%E5%A6%82%E6%9C%89%E7%96%91%E9%97%AE%E8%AF%B7%E8%87%B4%E7%94%B5400-027-9899%E3%80%82
    [p.priority] => 0
    [p.receiver] => 13477029958
    [p.sendChannel] => 9
    [p.smstype] => 2
    [p.sysType] => 1
    [p.sign] => 0
)
|-smsRs-|0
2017-02-03 13:57:10 |-info-| Array
(
    [content] => 尊敬的客户，您本次开户的验证码为：999436，请及时输入。如有疑问请致电400-027-9899。
    [mobile] => 13037100638
    [type] => 9
    [channel] => 9
    [sign] => 0
)

2017-02-03 13:57:10|-postParam-|Array
(
    [p.apiKey] => 8BE5k8204bo33F382JIA951F24
    [p.can] => 1
    [p.msg] => %E5%B0%8A%E6%95%AC%E7%9A%84%E5%AE%A2%E6%88%B7%EF%BC%8C%E6%82%A8%E6%9C%AC%E6%AC%A1%E5%BC%80%E6%88%B7%E7%9A%84%E9%AA%8C%E8%AF%81%E7%A0%81%E4%B8%BA%EF%BC%9A999436%EF%BC%8C%E8%AF%B7%E5%8F%8A%E6%97%B6%E8%BE%93%E5%85%A5%E3%80%82%E5%A6%82%E6%9C%89%E7%96%91%E9%97%AE%E8%AF%B7%E8%87%B4%E7%94%B5400-027-9899%E3%80%82
    [p.priority] => 0
    [p.receiver] => 13037100638
    [p.sendChannel] => 9
    [p.smstype] => 2
    [p.sysType] => 1
    [p.sign] => 0
)
|-smsRs-|0
2017-02-03 15:39:14 |-info-| Array
(
    [content] => 尊敬的客户，您本次开户的验证码为：981980，请及时输入。如有疑问请致电400-027-9899。
    [mobile] => 18125530297
    [type] => 9
    [channel] => 9
    [sign] => 0
)

2017-02-03 15:39:14|-postParam-|Array
(
    [p.apiKey] => 8BE5k8204bo33F382JIA951F24
    [p.can] => 1
    [p.msg] => %E5%B0%8A%E6%95%AC%E7%9A%84%E5%AE%A2%E6%88%B7%EF%BC%8C%E6%82%A8%E6%9C%AC%E6%AC%A1%E5%BC%80%E6%88%B7%E7%9A%84%E9%AA%8C%E8%AF%81%E7%A0%81%E4%B8%BA%EF%BC%9A981980%EF%BC%8C%E8%AF%B7%E5%8F%8A%E6%97%B6%E8%BE%93%E5%85%A5%E3%80%82%E5%A6%82%E6%9C%89%E7%96%91%E9%97%AE%E8%AF%B7%E8%87%B4%E7%94%B5400-027-9899%E3%80%82
    [p.priority] => 0
    [p.receiver] => 18125530297
    [p.sendChannel] => 9
    [p.smstype] => 2
    [p.sysType] => 1
    [p.sign] => 0
)
|-smsRs-|0
2017-02-03 16:30:35 |-info-| Array
(
    [content] => 尊敬的客户，您本次开户的验证码为：793734，请及时输入。如有疑问请致电400-027-9899。
    [mobile] => 13037100638
    [type] => 9
    [channel] => 9
    [sign] => 0
)

2017-02-03 16:30:35|-postParam-|Array
(
    [p.apiKey] => 8BE5k8204bo33F382JIA951F24
    [p.can] => 1
    [p.msg] => %E5%B0%8A%E6%95%AC%E7%9A%84%E5%AE%A2%E6%88%B7%EF%BC%8C%E6%82%A8%E6%9C%AC%E6%AC%A1%E5%BC%80%E6%88%B7%E7%9A%84%E9%AA%8C%E8%AF%81%E7%A0%81%E4%B8%BA%EF%BC%9A793734%EF%BC%8C%E8%AF%B7%E5%8F%8A%E6%97%B6%E8%BE%93%E5%85%A5%E3%80%82%E5%A6%82%E6%9C%89%E7%96%91%E9%97%AE%E8%AF%B7%E8%87%B4%E7%94%B5400-027-9899%E3%80%82
    [p.priority] => 0
    [p.receiver] => 13037100638
    [p.sendChannel] => 9
    [p.smstype] => 2
    [p.sysType] => 1
    [p.sign] => 0
)
|-smsRs-|0
2017-02-03 16:32:28 |-info-| Array
(
    [content] => 尊敬的客户，您本次开户的验证码为：271232，请及时输入。如有疑问请致电400-027-9899。
    [mobile] => 13338550457
    [type] => 9
    [channel] => 9
    [sign] => 0
)

2017-02-03 16:32:28|-postParam-|Array
(
    [p.apiKey] => 8BE5k8204bo33F382JIA951F24
    [p.can] => 1
    [p.msg] => %E5%B0%8A%E6%95%AC%E7%9A%84%E5%AE%A2%E6%88%B7%EF%BC%8C%E6%82%A8%E6%9C%AC%E6%AC%A1%E5%BC%80%E6%88%B7%E7%9A%84%E9%AA%8C%E8%AF%81%E7%A0%81%E4%B8%BA%EF%BC%9A271232%EF%BC%8C%E8%AF%B7%E5%8F%8A%E6%97%B6%E8%BE%93%E5%85%A5%E3%80%82%E5%A6%82%E6%9C%89%E7%96%91%E9%97%AE%E8%AF%B7%E8%87%B4%E7%94%B5400-027-9899%E3%80%82
    [p.priority] => 0
    [p.receiver] => 13338550457
    [p.sendChannel] => 9
    [p.smstype] => 2
    [p.sysType] => 1
    [p.sign] => 0
)
|-smsRs-|0
