2017-01-17 10:30:08 |-info-| Array
(
    [content] => 尊敬的客户，您找回登录密码的验证码为：590268。如有疑问请致电400-027-9899。
    [mobile] => 18065043496
    [type] => 9
    [channel] => 9
    [sign] => 0
)

2017-01-17 10:30:08|-postParam-|Array
(
    [p.apiKey] => 8BE5k8204bo33F382JIA951F24
    [p.can] => 1
    [p.msg] => %E5%B0%8A%E6%95%AC%E7%9A%84%E5%AE%A2%E6%88%B7%EF%BC%8C%E6%82%A8%E6%89%BE%E5%9B%9E%E7%99%BB%E5%BD%95%E5%AF%86%E7%A0%81%E7%9A%84%E9%AA%8C%E8%AF%81%E7%A0%81%E4%B8%BA%EF%BC%9A590268%E3%80%82%E5%A6%82%E6%9C%89%E7%96%91%E9%97%AE%E8%AF%B7%E8%87%B4%E7%94%B5400-027-9899%E3%80%82
    [p.priority] => 0
    [p.receiver] => 18065043496
    [p.sendChannel] => 9
    [p.smstype] => 2
    [p.sysType] => 1
    [p.sign] => 0
)
|-smsRs-|0
2017-01-17 11:44:46 |-info-| Array
(
    [content] => 尊敬的客户，您找回登录密码的验证码为：669279。如有疑问请致电400-027-9899。
    [mobile] => 18065043496
    [type] => 9
    [channel] => 9
    [sign] => 0
)

2017-01-17 11:44:46|-postParam-|Array
(
    [p.apiKey] => 8BE5k8204bo33F382JIA951F24
    [p.can] => 1
    [p.msg] => %E5%B0%8A%E6%95%AC%E7%9A%84%E5%AE%A2%E6%88%B7%EF%BC%8C%E6%82%A8%E6%89%BE%E5%9B%9E%E7%99%BB%E5%BD%95%E5%AF%86%E7%A0%81%E7%9A%84%E9%AA%8C%E8%AF%81%E7%A0%81%E4%B8%BA%EF%BC%9A669279%E3%80%82%E5%A6%82%E6%9C%89%E7%96%91%E9%97%AE%E8%AF%B7%E8%87%B4%E7%94%B5400-027-9899%E3%80%82
    [p.priority] => 0
    [p.receiver] => 18065043496
    [p.sendChannel] => 9
    [p.smstype] => 2
    [p.sysType] => 1
    [p.sign] => 0
)
|-smsRs-|0
2017-01-17 11:49:38 |-info-| Array
(
    [content] => 尊敬的客户，您找回登录密码的验证码为：279046。如有疑问请致电400-027-9899。
    [mobile] => 18065043496
    [type] => 9
    [channel] => 9
    [sign] => 0
)

2017-01-17 11:49:38|-postParam-|Array
(
    [p.apiKey] => 8BE5k8204bo33F382JIA951F24
    [p.can] => 1
    [p.msg] => %E5%B0%8A%E6%95%AC%E7%9A%84%E5%AE%A2%E6%88%B7%EF%BC%8C%E6%82%A8%E6%89%BE%E5%9B%9E%E7%99%BB%E5%BD%95%E5%AF%86%E7%A0%81%E7%9A%84%E9%AA%8C%E8%AF%81%E7%A0%81%E4%B8%BA%EF%BC%9A279046%E3%80%82%E5%A6%82%E6%9C%89%E7%96%91%E9%97%AE%E8%AF%B7%E8%87%B4%E7%94%B5400-027-9899%E3%80%82
    [p.priority] => 0
    [p.receiver] => 18065043496
    [p.sendChannel] => 9
    [p.smstype] => 2
    [p.sysType] => 1
    [p.sign] => 0
)
|-smsRs-|0
2017-01-17 11:54:40 |-info-| Array
(
    [content] => 尊敬的客户，您找回登录密码的验证码为：351790。如有疑问请致电400-027-9899。
    [mobile] => 18065043496
    [type] => 9
    [channel] => 9
    [sign] => 0
)

2017-01-17 11:54:40|-postParam-|Array
(
    [p.apiKey] => 8BE5k8204bo33F382JIA951F24
    [p.can] => 1
    [p.msg] => %E5%B0%8A%E6%95%AC%E7%9A%84%E5%AE%A2%E6%88%B7%EF%BC%8C%E6%82%A8%E6%89%BE%E5%9B%9E%E7%99%BB%E5%BD%95%E5%AF%86%E7%A0%81%E7%9A%84%E9%AA%8C%E8%AF%81%E7%A0%81%E4%B8%BA%EF%BC%9A351790%E3%80%82%E5%A6%82%E6%9C%89%E7%96%91%E9%97%AE%E8%AF%B7%E8%87%B4%E7%94%B5400-027-9899%E3%80%82
    [p.priority] => 0
    [p.receiver] => 18065043496
    [p.sendChannel] => 9
    [p.smstype] => 2
    [p.sysType] => 1
    [p.sign] => 0
)
|-smsRs-|0
2017-01-17 13:24:59 |-info-| Array
(
    [content] => 尊敬的客户，您找回登录密码的验证码为：006550。如有疑问请致电400-027-9899。
    [mobile] => 18065043496
    [type] => 9
    [channel] => 9
    [sign] => 0
)

2017-01-17 13:24:59|-postParam-|Array
(
    [p.apiKey] => 8BE5k8204bo33F382JIA951F24
    [p.can] => 1
    [p.msg] => %E5%B0%8A%E6%95%AC%E7%9A%84%E5%AE%A2%E6%88%B7%EF%BC%8C%E6%82%A8%E6%89%BE%E5%9B%9E%E7%99%BB%E5%BD%95%E5%AF%86%E7%A0%81%E7%9A%84%E9%AA%8C%E8%AF%81%E7%A0%81%E4%B8%BA%EF%BC%9A006550%E3%80%82%E5%A6%82%E6%9C%89%E7%96%91%E9%97%AE%E8%AF%B7%E8%87%B4%E7%94%B5400-027-9899%E3%80%82
    [p.priority] => 0
    [p.receiver] => 18065043496
    [p.sendChannel] => 9
    [p.smstype] => 2
    [p.sysType] => 1
    [p.sign] => 0
)
|-smsRs-|0
2017-01-17 13:52:05 |-info-| Array
(
    [content] => 尊敬的客户，您找回登录密码的验证码为：243947。如有疑问请致电400-027-9899。
    [mobile] => 18065043496
    [type] => 9
    [channel] => 9
    [sign] => 0
)

2017-01-17 13:52:05|-postParam-|Array
(
    [p.apiKey] => 8BE5k8204bo33F382JIA951F24
    [p.can] => 1
    [p.msg] => %E5%B0%8A%E6%95%AC%E7%9A%84%E5%AE%A2%E6%88%B7%EF%BC%8C%E6%82%A8%E6%89%BE%E5%9B%9E%E7%99%BB%E5%BD%95%E5%AF%86%E7%A0%81%E7%9A%84%E9%AA%8C%E8%AF%81%E7%A0%81%E4%B8%BA%EF%BC%9A243947%E3%80%82%E5%A6%82%E6%9C%89%E7%96%91%E9%97%AE%E8%AF%B7%E8%87%B4%E7%94%B5400-027-9899%E3%80%82
    [p.priority] => 0
    [p.receiver] => 18065043496
    [p.sendChannel] => 9
    [p.smstype] => 2
    [p.sysType] => 1
    [p.sign] => 0
)
|-smsRs-|0
2017-01-17 13:54:26 |-info-| Array
(
    [content] => 尊敬的客户，您找回登录密码的验证码为：746449。如有疑问请致电400-027-9899。
    [mobile] => 18065043496
    [type] => 9
    [channel] => 9
    [sign] => 0
)

2017-01-17 13:54:26|-postParam-|Array
(
    [p.apiKey] => 8BE5k8204bo33F382JIA951F24
    [p.can] => 1
    [p.msg] => %E5%B0%8A%E6%95%AC%E7%9A%84%E5%AE%A2%E6%88%B7%EF%BC%8C%E6%82%A8%E6%89%BE%E5%9B%9E%E7%99%BB%E5%BD%95%E5%AF%86%E7%A0%81%E7%9A%84%E9%AA%8C%E8%AF%81%E7%A0%81%E4%B8%BA%EF%BC%9A746449%E3%80%82%E5%A6%82%E6%9C%89%E7%96%91%E9%97%AE%E8%AF%B7%E8%87%B4%E7%94%B5400-027-9899%E3%80%82
    [p.priority] => 0
    [p.receiver] => 18065043496
    [p.sendChannel] => 9
    [p.smstype] => 2
    [p.sysType] => 1
    [p.sign] => 0
)
|-smsRs-|0
2017-01-17 14:07:26 |-info-| Array
(
    [content] => 尊敬的客户，您找回登录密码的验证码为：938470。如有疑问请致电400-027-9899。
    [mobile] => 18065043496
    [type] => 9
    [channel] => 9
    [sign] => 0
)

2017-01-17 14:07:27|-postParam-|Array
(
    [p.apiKey] => 8BE5k8204bo33F382JIA951F24
    [p.can] => 1
    [p.msg] => %E5%B0%8A%E6%95%AC%E7%9A%84%E5%AE%A2%E6%88%B7%EF%BC%8C%E6%82%A8%E6%89%BE%E5%9B%9E%E7%99%BB%E5%BD%95%E5%AF%86%E7%A0%81%E7%9A%84%E9%AA%8C%E8%AF%81%E7%A0%81%E4%B8%BA%EF%BC%9A938470%E3%80%82%E5%A6%82%E6%9C%89%E7%96%91%E9%97%AE%E8%AF%B7%E8%87%B4%E7%94%B5400-027-9899%E3%80%82
    [p.priority] => 0
    [p.receiver] => 18065043496
    [p.sendChannel] => 9
    [p.smstype] => 2
    [p.sysType] => 1
    [p.sign] => 0
)
|-smsRs-|0
2017-01-17 14:14:24 |-info-| Array
(
    [content] => 尊敬的客户，您找回登录密码的验证码为：043542。如有疑问请致电400-027-9899。
    [mobile] => 18065043496
    [type] => 9
    [channel] => 9
    [sign] => 0
)

2017-01-17 14:14:24|-postParam-|Array
(
    [p.apiKey] => 8BE5k8204bo33F382JIA951F24
    [p.can] => 1
    [p.msg] => %E5%B0%8A%E6%95%AC%E7%9A%84%E5%AE%A2%E6%88%B7%EF%BC%8C%E6%82%A8%E6%89%BE%E5%9B%9E%E7%99%BB%E5%BD%95%E5%AF%86%E7%A0%81%E7%9A%84%E9%AA%8C%E8%AF%81%E7%A0%81%E4%B8%BA%EF%BC%9A043542%E3%80%82%E5%A6%82%E6%9C%89%E7%96%91%E9%97%AE%E8%AF%B7%E8%87%B4%E7%94%B5400-027-9899%E3%80%82
    [p.priority] => 0
    [p.receiver] => 18065043496
    [p.sendChannel] => 9
    [p.smstype] => 2
    [p.sysType] => 1
    [p.sign] => 0
)
|-smsRs-|0
2017-01-17 14:26:19 |-info-| Array
(
    [content] => 尊敬的客户，您找回登录密码的验证码为：263078。如有疑问请致电400-027-9899。
    [mobile] => 18065043496
    [type] => 9
    [channel] => 9
    [sign] => 0
)

2017-01-17 14:26:19|-postParam-|Array
(
    [p.apiKey] => 8BE5k8204bo33F382JIA951F24
    [p.can] => 1
    [p.msg] => %E5%B0%8A%E6%95%AC%E7%9A%84%E5%AE%A2%E6%88%B7%EF%BC%8C%E6%82%A8%E6%89%BE%E5%9B%9E%E7%99%BB%E5%BD%95%E5%AF%86%E7%A0%81%E7%9A%84%E9%AA%8C%E8%AF%81%E7%A0%81%E4%B8%BA%EF%BC%9A263078%E3%80%82%E5%A6%82%E6%9C%89%E7%96%91%E9%97%AE%E8%AF%B7%E8%87%B4%E7%94%B5400-027-9899%E3%80%82
    [p.priority] => 0
    [p.receiver] => 18065043496
    [p.sendChannel] => 9
    [p.smstype] => 2
    [p.sysType] => 1
    [p.sign] => 0
)
|-smsRs-|0
2017-01-17 14:29:13 |-info-| Array
(
    [content] => 尊敬的客户，您找回登录密码的验证码为：135388。如有疑问请致电400-027-9899。
    [mobile] => 18065043496
    [type] => 9
    [channel] => 9
    [sign] => 0
)

2017-01-17 14:29:13|-postParam-|Array
(
    [p.apiKey] => 8BE5k8204bo33F382JIA951F24
    [p.can] => 1
    [p.msg] => %E5%B0%8A%E6%95%AC%E7%9A%84%E5%AE%A2%E6%88%B7%EF%BC%8C%E6%82%A8%E6%89%BE%E5%9B%9E%E7%99%BB%E5%BD%95%E5%AF%86%E7%A0%81%E7%9A%84%E9%AA%8C%E8%AF%81%E7%A0%81%E4%B8%BA%EF%BC%9A135388%E3%80%82%E5%A6%82%E6%9C%89%E7%96%91%E9%97%AE%E8%AF%B7%E8%87%B4%E7%94%B5400-027-9899%E3%80%82
    [p.priority] => 0
    [p.receiver] => 18065043496
    [p.sendChannel] => 9
    [p.smstype] => 2
    [p.sysType] => 1
    [p.sign] => 0
)
|-smsRs-|0
2017-01-17 14:35:36 |-info-| Array
(
    [content] => 尊敬的客户，您找回登录密码的验证码为：529746。如有疑问请致电400-027-9899。
    [mobile] => 18065043496
    [type] => 9
    [channel] => 9
    [sign] => 0
)

2017-01-17 14:35:37|-postParam-|Array
(
    [p.apiKey] => 8BE5k8204bo33F382JIA951F24
    [p.can] => 1
    [p.msg] => %E5%B0%8A%E6%95%AC%E7%9A%84%E5%AE%A2%E6%88%B7%EF%BC%8C%E6%82%A8%E6%89%BE%E5%9B%9E%E7%99%BB%E5%BD%95%E5%AF%86%E7%A0%81%E7%9A%84%E9%AA%8C%E8%AF%81%E7%A0%81%E4%B8%BA%EF%BC%9A529746%E3%80%82%E5%A6%82%E6%9C%89%E7%96%91%E9%97%AE%E8%AF%B7%E8%87%B4%E7%94%B5400-027-9899%E3%80%82
    [p.priority] => 0
    [p.receiver] => 18065043496
    [p.sendChannel] => 9
    [p.smstype] => 2
    [p.sysType] => 1
    [p.sign] => 0
)
|-smsRs-|0
2017-01-17 14:37:59 |-info-| Array
(
    [content] => 尊敬的客户，您找回登录密码的验证码为：134568。如有疑问请致电400-027-9899。
    [mobile] => 18065043496
    [type] => 9
    [channel] => 9
    [sign] => 0
)

2017-01-17 14:37:59|-postParam-|Array
(
    [p.apiKey] => 8BE5k8204bo33F382JIA951F24
    [p.can] => 1
    [p.msg] => %E5%B0%8A%E6%95%AC%E7%9A%84%E5%AE%A2%E6%88%B7%EF%BC%8C%E6%82%A8%E6%89%BE%E5%9B%9E%E7%99%BB%E5%BD%95%E5%AF%86%E7%A0%81%E7%9A%84%E9%AA%8C%E8%AF%81%E7%A0%81%E4%B8%BA%EF%BC%9A134568%E3%80%82%E5%A6%82%E6%9C%89%E7%96%91%E9%97%AE%E8%AF%B7%E8%87%B4%E7%94%B5400-027-9899%E3%80%82
    [p.priority] => 0
    [p.receiver] => 18065043496
    [p.sendChannel] => 9
    [p.smstype] => 2
    [p.sysType] => 1
    [p.sign] => 0
)
|-smsRs-|0
2017-01-17 17:34:38 |-info-| Array
(
    [content] => 尊敬的客户，您找回登录密码的验证码为：498846。如有疑问请致电400-027-9899。
    [mobile] => 18065043496
    [type] => 9
    [channel] => 9
    [sign] => 0
)

2017-01-17 17:34:39|-postParam-|Array
(
    [p.apiKey] => 8BE5k8204bo33F382JIA951F24
    [p.can] => 1
    [p.msg] => %E5%B0%8A%E6%95%AC%E7%9A%84%E5%AE%A2%E6%88%B7%EF%BC%8C%E6%82%A8%E6%89%BE%E5%9B%9E%E7%99%BB%E5%BD%95%E5%AF%86%E7%A0%81%E7%9A%84%E9%AA%8C%E8%AF%81%E7%A0%81%E4%B8%BA%EF%BC%9A498846%E3%80%82%E5%A6%82%E6%9C%89%E7%96%91%E9%97%AE%E8%AF%B7%E8%87%B4%E7%94%B5400-027-9899%E3%80%82
    [p.priority] => 0
    [p.receiver] => 18065043496
    [p.sendChannel] => 9
    [p.smstype] => 2
    [p.sysType] => 1
    [p.sign] => 0
)
|-smsRs-|0
