2017-02-13 09:59:19 |-info-| Array
(
    [content] => 尊敬的客户，您找回登录密码的验证码为：756283。如有疑问请致电400-027-9899。
    [mobile] => 15972158074
    [type] => 9
    [channel] => 9
    [sign] => 0
)

2017-02-13 09:59:19|-postParam-|Array
(
    [p.apiKey] => 8BE5k8204bo33F382JIA951F24
    [p.can] => 1
    [p.msg] => %E5%B0%8A%E6%95%AC%E7%9A%84%E5%AE%A2%E6%88%B7%EF%BC%8C%E6%82%A8%E6%89%BE%E5%9B%9E%E7%99%BB%E5%BD%95%E5%AF%86%E7%A0%81%E7%9A%84%E9%AA%8C%E8%AF%81%E7%A0%81%E4%B8%BA%EF%BC%9A756283%E3%80%82%E5%A6%82%E6%9C%89%E7%96%91%E9%97%AE%E8%AF%B7%E8%87%B4%E7%94%B5400-027-9899%E3%80%82
    [p.priority] => 0
    [p.receiver] => 15972158074
    [p.sendChannel] => 9
    [p.smstype] => 2
    [p.sysType] => 1
    [p.sign] => 0
)
|-smsRs-|0
2017-02-13 11:23:43 |-info-| Array
(
    [content] => 尊敬的客户，您本次开户的验证码为：298318，请及时输入。如有疑问请致电400-027-9899。
    [mobile] => 15292719187
    [type] => 9
    [channel] => 9
    [sign] => 0
)

2017-02-13 11:23:43|-postParam-|Array
(
    [p.apiKey] => 8BE5k8204bo33F382JIA951F24
    [p.can] => 1
    [p.msg] => %E5%B0%8A%E6%95%AC%E7%9A%84%E5%AE%A2%E6%88%B7%EF%BC%8C%E6%82%A8%E6%9C%AC%E6%AC%A1%E5%BC%80%E6%88%B7%E7%9A%84%E9%AA%8C%E8%AF%81%E7%A0%81%E4%B8%BA%EF%BC%9A298318%EF%BC%8C%E8%AF%B7%E5%8F%8A%E6%97%B6%E8%BE%93%E5%85%A5%E3%80%82%E5%A6%82%E6%9C%89%E7%96%91%E9%97%AE%E8%AF%B7%E8%87%B4%E7%94%B5400-027-9899%E3%80%82
    [p.priority] => 0
    [p.receiver] => 15292719187
    [p.sendChannel] => 9
    [p.smstype] => 2
    [p.sysType] => 1
    [p.sign] => 0
)
|-smsRs-|0
2017-02-13 11:26:31 |-info-| Array
(
    [content] => 尊敬的客户，您本次开户的验证码为：654726，请及时输入。如有疑问请致电400-027-9899。
    [mobile] => 15927191870
    [type] => 9
    [channel] => 9
    [sign] => 0
)

2017-02-13 11:26:31|-postParam-|Array
(
    [p.apiKey] => 8BE5k8204bo33F382JIA951F24
    [p.can] => 1
    [p.msg] => %E5%B0%8A%E6%95%AC%E7%9A%84%E5%AE%A2%E6%88%B7%EF%BC%8C%E6%82%A8%E6%9C%AC%E6%AC%A1%E5%BC%80%E6%88%B7%E7%9A%84%E9%AA%8C%E8%AF%81%E7%A0%81%E4%B8%BA%EF%BC%9A654726%EF%BC%8C%E8%AF%B7%E5%8F%8A%E6%97%B6%E8%BE%93%E5%85%A5%E3%80%82%E5%A6%82%E6%9C%89%E7%96%91%E9%97%AE%E8%AF%B7%E8%87%B4%E7%94%B5400-027-9899%E3%80%82
    [p.priority] => 0
    [p.receiver] => 15927191870
    [p.sendChannel] => 9
    [p.smstype] => 2
    [p.sysType] => 1
    [p.sign] => 0
)
|-smsRs-|0
2017-02-13 11:38:12 |-info-| Array
(
    [content] => 数据输入错误！
    [mobile] => 18065043496
    [type] => 9
    [channel] => 9
    [sign] => 0
)

2017-02-13 11:38:12|-postParam-|Array
(
    [p.apiKey] => 8BE5k8204bo33F382JIA951F24
    [p.can] => 1
    [p.msg] => %E6%95%B0%E6%8D%AE%E8%BE%93%E5%85%A5%E9%94%99%E8%AF%AF%EF%BC%81
    [p.priority] => 0
    [p.receiver] => 18065043496
    [p.sendChannel] => 9
    [p.smstype] => 2
    [p.sysType] => 1
    [p.sign] => 0
)
|-smsRs-|0
2017-02-13 11:38:46 |-info-| Array
(
    [content] => 数据输入错误！
    [mobile] => 18065043496
    [type] => 9
    [channel] => 9
    [sign] => 0
)

2017-02-13 11:38:46|-postParam-|Array
(
    [p.apiKey] => 8BE5k8204bo33F382JIA951F24
    [p.can] => 1
    [p.msg] => %E6%95%B0%E6%8D%AE%E8%BE%93%E5%85%A5%E9%94%99%E8%AF%AF%EF%BC%81
    [p.priority] => 0
    [p.receiver] => 18065043496
    [p.sendChannel] => 9
    [p.smstype] => 2
    [p.sysType] => 1
    [p.sign] => 0
)
|-smsRs-|0
2017-02-13 11:41:55 |-info-| Array
(
    [content] => 数据输入错误！
    [mobile] => 18065043496
    [type] => 9
    [channel] => 9
    [sign] => 0
)

2017-02-13 11:41:55|-postParam-|Array
(
    [p.apiKey] => 8BE5k8204bo33F382JIA951F24
    [p.can] => 1
    [p.msg] => %E6%95%B0%E6%8D%AE%E8%BE%93%E5%85%A5%E9%94%99%E8%AF%AF%EF%BC%81
    [p.priority] => 0
    [p.receiver] => 18065043496
    [p.sendChannel] => 9
    [p.smstype] => 2
    [p.sysType] => 1
    [p.sign] => 0
)
|-smsRs-|0
2017-02-13 11:42:19 |-info-| Array
(
    [content] => 数据输入错误！
    [mobile] => 18065043496
    [type] => 9
    [channel] => 9
    [sign] => 0
)

2017-02-13 11:42:19|-postParam-|Array
(
    [p.apiKey] => 8BE5k8204bo33F382JIA951F24
    [p.can] => 1
    [p.msg] => %E6%95%B0%E6%8D%AE%E8%BE%93%E5%85%A5%E9%94%99%E8%AF%AF%EF%BC%81
    [p.priority] => 0
    [p.receiver] => 18065043496
    [p.sendChannel] => 9
    [p.smstype] => 2
    [p.sysType] => 1
    [p.sign] => 0
)
|-smsRs-|0
2017-02-13 11:43:22 |-info-| Array
(
    [content] => 数据输入错误！
    [mobile] => 18065043496
    [type] => 9
    [channel] => 9
    [sign] => 0
)

2017-02-13 11:43:23|-postParam-|Array
(
    [p.apiKey] => 8BE5k8204bo33F382JIA951F24
    [p.can] => 1
    [p.msg] => %E6%95%B0%E6%8D%AE%E8%BE%93%E5%85%A5%E9%94%99%E8%AF%AF%EF%BC%81
    [p.priority] => 0
    [p.receiver] => 18065043496
    [p.sendChannel] => 9
    [p.smstype] => 2
    [p.sysType] => 1
    [p.sign] => 0
)
|-smsRs-|0
2017-02-13 11:55:53 |-info-| Array
(
    [content] => 数据输入错误！
    [mobile] => 18065043496
    [type] => 9
    [channel] => 9
    [sign] => 0
)

2017-02-13 11:55:53|-postParam-|Array
(
    [p.apiKey] => 8BE5k8204bo33F382JIA951F24
    [p.can] => 1
    [p.msg] => %E6%95%B0%E6%8D%AE%E8%BE%93%E5%85%A5%E9%94%99%E8%AF%AF%EF%BC%81
    [p.priority] => 0
    [p.receiver] => 18065043496
    [p.sendChannel] => 9
    [p.smstype] => 2
    [p.sysType] => 1
    [p.sign] => 0
)
|-smsRs-|0
2017-02-13 11:57:16 |-info-| Array
(
    [content] => 数据输入错误！
    [mobile] => 18065043496
    [type] => 9
    [channel] => 9
    [sign] => 0
)

2017-02-13 11:57:17|-postParam-|Array
(
    [p.apiKey] => 8BE5k8204bo33F382JIA951F24
    [p.can] => 1
    [p.msg] => %E6%95%B0%E6%8D%AE%E8%BE%93%E5%85%A5%E9%94%99%E8%AF%AF%EF%BC%81
    [p.priority] => 0
    [p.receiver] => 18065043496
    [p.sendChannel] => 9
    [p.smstype] => 2
    [p.sysType] => 1
    [p.sign] => 0
)
|-smsRs-|0
2017-02-13 13:09:26 |-info-| Array
(
    [content] => 数据输入错误！
    [mobile] => 18065043496
    [type] => 9
    [channel] => 9
    [sign] => 0
)

2017-02-13 13:09:26|-postParam-|Array
(
    [p.apiKey] => 8BE5k8204bo33F382JIA951F24
    [p.can] => 1
    [p.msg] => %E6%95%B0%E6%8D%AE%E8%BE%93%E5%85%A5%E9%94%99%E8%AF%AF%EF%BC%81
    [p.priority] => 0
    [p.receiver] => 18065043496
    [p.sendChannel] => 9
    [p.smstype] => 2
    [p.sysType] => 1
    [p.sign] => 0
)
|-smsRs-|0
2017-02-13 13:10:56 |-info-| Array
(
    [content] => 数据输入错误！
    [mobile] => 18065043496
    [type] => 9
    [channel] => 9
    [sign] => 0
)

2017-02-13 13:10:56|-postParam-|Array
(
    [p.apiKey] => 8BE5k8204bo33F382JIA951F24
    [p.can] => 1
    [p.msg] => %E6%95%B0%E6%8D%AE%E8%BE%93%E5%85%A5%E9%94%99%E8%AF%AF%EF%BC%81
    [p.priority] => 0
    [p.receiver] => 18065043496
    [p.sendChannel] => 9
    [p.smstype] => 2
    [p.sysType] => 1
    [p.sign] => 0
)
|-smsRs-|0
2017-02-13 13:11:16 |-info-| Array
(
    [content] => 数据输入错误！
    [mobile] => 18065043496
    [type] => 9
    [channel] => 9
    [sign] => 0
)

2017-02-13 13:11:16|-postParam-|Array
(
    [p.apiKey] => 8BE5k8204bo33F382JIA951F24
    [p.can] => 1
    [p.msg] => %E6%95%B0%E6%8D%AE%E8%BE%93%E5%85%A5%E9%94%99%E8%AF%AF%EF%BC%81
    [p.priority] => 0
    [p.receiver] => 18065043496
    [p.sendChannel] => 9
    [p.smstype] => 2
    [p.sysType] => 1
    [p.sign] => 0
)
|-smsRs-|0
2017-02-13 13:11:45 |-info-| Array
(
    [content] => 数据输入错误！
    [mobile] => 15823379934
    [type] => 9
    [channel] => 9
    [sign] => 0
)

2017-02-13 13:11:45|-postParam-|Array
(
    [p.apiKey] => 8BE5k8204bo33F382JIA951F24
    [p.can] => 1
    [p.msg] => %E6%95%B0%E6%8D%AE%E8%BE%93%E5%85%A5%E9%94%99%E8%AF%AF%EF%BC%81
    [p.priority] => 0
    [p.receiver] => 15823379934
    [p.sendChannel] => 9
    [p.smstype] => 2
    [p.sysType] => 1
    [p.sign] => 0
)
|-smsRs-|0
2017-02-13 13:12:30 |-info-| Array
(
    [content] => 数据输入错误！
    [mobile] => 15827379934
    [type] => 9
    [channel] => 9
    [sign] => 0
)

2017-02-13 13:12:30|-postParam-|Array
(
    [p.apiKey] => 8BE5k8204bo33F382JIA951F24
    [p.can] => 1
    [p.msg] => %E6%95%B0%E6%8D%AE%E8%BE%93%E5%85%A5%E9%94%99%E8%AF%AF%EF%BC%81
    [p.priority] => 0
    [p.receiver] => 15827379934
    [p.sendChannel] => 9
    [p.smstype] => 2
    [p.sysType] => 1
    [p.sign] => 0
)
|-smsRs-|0
2017-02-13 13:13:13 |-info-| Array
(
    [content] => 数据输入错误！
    [mobile] => 18065043496
    [type] => 9
    [channel] => 9
    [sign] => 0
)

2017-02-13 13:13:14|-postParam-|Array
(
    [p.apiKey] => 8BE5k8204bo33F382JIA951F24
    [p.can] => 1
    [p.msg] => %E6%95%B0%E6%8D%AE%E8%BE%93%E5%85%A5%E9%94%99%E8%AF%AF%EF%BC%81
    [p.priority] => 0
    [p.receiver] => 18065043496
    [p.sendChannel] => 9
    [p.smstype] => 2
    [p.sysType] => 1
    [p.sign] => 0
)
|-smsRs-|0
2017-02-13 13:13:24 |-info-| Array
(
    [content] => 数据输入错误！
    [mobile] => 18065043496
    [type] => 9
    [channel] => 9
    [sign] => 0
)

2017-02-13 13:13:24|-postParam-|Array
(
    [p.apiKey] => 8BE5k8204bo33F382JIA951F24
    [p.can] => 1
    [p.msg] => %E6%95%B0%E6%8D%AE%E8%BE%93%E5%85%A5%E9%94%99%E8%AF%AF%EF%BC%81
    [p.priority] => 0
    [p.receiver] => 18065043496
    [p.sendChannel] => 9
    [p.smstype] => 2
    [p.sysType] => 1
    [p.sign] => 0
)
|-smsRs-|0
2017-02-13 13:14:11 |-info-| Array
(
    [content] => 数据输入错误！
    [mobile] => 18065043496
    [type] => 9
    [channel] => 3
    [sign] => 0
)

2017-02-13 13:14:11|-postParam-|Array
(
    [p.apiKey] => 8BE5k8204bo33F382JIA951F24
    [p.can] => 1
    [p.msg] => %E6%95%B0%E6%8D%AE%E8%BE%93%E5%85%A5%E9%94%99%E8%AF%AF%EF%BC%81
    [p.priority] => 0
    [p.receiver] => 18065043496
    [p.sendChannel] => 3
    [p.smstype] => 2
    [p.sysType] => 1
    [p.sign] => 0
)
|-smsRs-|0
2017-02-13 13:15:35 |-info-| Array
(
    [content] => 数据输入错误！
    [mobile] => 13971357321
    [type] => 9
    [channel] => 9
    [sign] => 0
)

2017-02-13 13:15:35|-postParam-|Array
(
    [p.apiKey] => 8BE5k8204bo33F382JIA951F24
    [p.can] => 1
    [p.msg] => %E6%95%B0%E6%8D%AE%E8%BE%93%E5%85%A5%E9%94%99%E8%AF%AF%EF%BC%81
    [p.priority] => 0
    [p.receiver] => 13971357321
    [p.sendChannel] => 9
    [p.smstype] => 2
    [p.sysType] => 1
    [p.sign] => 0
)
|-smsRs-|0
2017-02-13 13:15:51 |-info-| Array
(
    [content] => 数据输入错误！
    [mobile] => 15827379934
    [type] => 9
    [channel] => 9
    [sign] => 0
)

2017-02-13 13:15:51|-postParam-|Array
(
    [p.apiKey] => 8BE5k8204bo33F382JIA951F24
    [p.can] => 1
    [p.msg] => %E6%95%B0%E6%8D%AE%E8%BE%93%E5%85%A5%E9%94%99%E8%AF%AF%EF%BC%81
    [p.priority] => 0
    [p.receiver] => 15827379934
    [p.sendChannel] => 9
    [p.smstype] => 2
    [p.sysType] => 1
    [p.sign] => 0
)
|-smsRs-|0
2017-02-13 13:16:41 |-info-| Array
(
    [content] => 尊敬的客户，您于2017年02月13日13时办理（伯嘉基金和123456）的申购业务，申请数额258，交易申请已受理。客服热线400-027-9899。
    [mobile] => 18065043496
    [type] => 9
    [channel] => 3
    [sign] => 0
)

2017-02-13 13:16:41|-postParam-|Array
(
    [p.apiKey] => 8BE5k8204bo33F382JIA951F24
    [p.can] => 1
    [p.msg] => %E5%B0%8A%E6%95%AC%E7%9A%84%E5%AE%A2%E6%88%B7%EF%BC%8C%E6%82%A8%E4%BA%8E2017%E5%B9%B402%E6%9C%8813%E6%97%A513%E6%97%B6%E5%8A%9E%E7%90%86%EF%BC%88%E4%BC%AF%E5%98%89%E5%9F%BA%E9%87%91%E5%92%8C123456%EF%BC%89%E7%9A%84%E7%94%B3%E8%B4%AD%E4%B8%9A%E5%8A%A1%EF%BC%8C%E7%94%B3%E8%AF%B7%E6%95%B0%E9%A2%9D258%EF%BC%8C%E4%BA%A4%E6%98%93%E7%94%B3%E8%AF%B7%E5%B7%B2%E5%8F%97%E7%90%86%E3%80%82%E5%AE%A2%E6%9C%8D%E7%83%AD%E7%BA%BF400-027-9899%E3%80%82
    [p.priority] => 0
    [p.receiver] => 18065043496
    [p.sendChannel] => 3
    [p.smstype] => 2
    [p.sysType] => 1
    [p.sign] => 0
)
|-smsRs-|0
2017-02-13 13:18:32 |-info-| Array
(
    [content] => 尊敬的客户，您于2017年02月13日13时办理（伯嘉基金和123456）的申购业务，申请数额258，交易申请已受理。客服热线400-027-9899。
    [mobile] => 18065043496
    [type] => 9
    [channel] => 3
    [sign] => 0
)

2017-02-13 13:18:32|-postParam-|Array
(
    [p.apiKey] => 8BE5k8204bo33F382JIA951F24
    [p.can] => 1
    [p.msg] => %E5%B0%8A%E6%95%AC%E7%9A%84%E5%AE%A2%E6%88%B7%EF%BC%8C%E6%82%A8%E4%BA%8E2017%E5%B9%B402%E6%9C%8813%E6%97%A513%E6%97%B6%E5%8A%9E%E7%90%86%EF%BC%88%E4%BC%AF%E5%98%89%E5%9F%BA%E9%87%91%E5%92%8C123456%EF%BC%89%E7%9A%84%E7%94%B3%E8%B4%AD%E4%B8%9A%E5%8A%A1%EF%BC%8C%E7%94%B3%E8%AF%B7%E6%95%B0%E9%A2%9D258%EF%BC%8C%E4%BA%A4%E6%98%93%E7%94%B3%E8%AF%B7%E5%B7%B2%E5%8F%97%E7%90%86%E3%80%82%E5%AE%A2%E6%9C%8D%E7%83%AD%E7%BA%BF400-027-9899%E3%80%82
    [p.priority] => 0
    [p.receiver] => 18065043496
    [p.sendChannel] => 3
    [p.smstype] => 2
    [p.sysType] => 1
    [p.sign] => 0
)
|-smsRs-|0
2017-02-13 13:19:40 |-info-| Array
(
    [content] => 尊敬的客户，您本次开户的验证码为：486159，请及时输入。如有疑问请致电400-027-9899。
    [mobile] => 13971357321
    [type] => 9
    [channel] => 9
    [sign] => 0
)

2017-02-13 13:19:40|-postParam-|Array
(
    [p.apiKey] => 8BE5k8204bo33F382JIA951F24
    [p.can] => 1
    [p.msg] => %E5%B0%8A%E6%95%AC%E7%9A%84%E5%AE%A2%E6%88%B7%EF%BC%8C%E6%82%A8%E6%9C%AC%E6%AC%A1%E5%BC%80%E6%88%B7%E7%9A%84%E9%AA%8C%E8%AF%81%E7%A0%81%E4%B8%BA%EF%BC%9A486159%EF%BC%8C%E8%AF%B7%E5%8F%8A%E6%97%B6%E8%BE%93%E5%85%A5%E3%80%82%E5%A6%82%E6%9C%89%E7%96%91%E9%97%AE%E8%AF%B7%E8%87%B4%E7%94%B5400-027-9899%E3%80%82
    [p.priority] => 0
    [p.receiver] => 13971357321
    [p.sendChannel] => 9
    [p.smstype] => 2
    [p.sysType] => 1
    [p.sign] => 0
)
|-smsRs-|0
2017-02-13 13:21:17 |-info-| Array
(
    [content] => 尊敬的客户，您于2017年02月13日13时办理（伯嘉基金和123456）的申购业务，申请数额258，交易申请已受理。客服电话400-027-9899。
    [mobile] => 18065043496
    [type] => 9
    [channel] => 3
    [sign] => 0
)

2017-02-13 13:21:17|-postParam-|Array
(
    [p.apiKey] => 8BE5k8204bo33F382JIA951F24
    [p.can] => 1
    [p.msg] => %E5%B0%8A%E6%95%AC%E7%9A%84%E5%AE%A2%E6%88%B7%EF%BC%8C%E6%82%A8%E4%BA%8E2017%E5%B9%B402%E6%9C%8813%E6%97%A513%E6%97%B6%E5%8A%9E%E7%90%86%EF%BC%88%E4%BC%AF%E5%98%89%E5%9F%BA%E9%87%91%E5%92%8C123456%EF%BC%89%E7%9A%84%E7%94%B3%E8%B4%AD%E4%B8%9A%E5%8A%A1%EF%BC%8C%E7%94%B3%E8%AF%B7%E6%95%B0%E9%A2%9D258%EF%BC%8C%E4%BA%A4%E6%98%93%E7%94%B3%E8%AF%B7%E5%B7%B2%E5%8F%97%E7%90%86%E3%80%82%E5%AE%A2%E6%9C%8D%E7%94%B5%E8%AF%9D400-027-9899%E3%80%82
    [p.priority] => 0
    [p.receiver] => 18065043496
    [p.sendChannel] => 3
    [p.smstype] => 2
    [p.sysType] => 1
    [p.sign] => 0
)
|-smsRs-|0
2017-02-13 13:23:31 |-info-| Array
(
    [content] => 尊敬的客户，您于2017年02月13日13时办理（伯嘉基金和123456）的申购业务，申请数额：258元，交易申请已受理。客服电话400-027-9899。
    [mobile] => 18065043496
    [type] => 9
    [channel] => 3
    [sign] => 0
)

2017-02-13 13:23:31|-postParam-|Array
(
    [p.apiKey] => 8BE5k8204bo33F382JIA951F24
    [p.can] => 1
    [p.msg] => %E5%B0%8A%E6%95%AC%E7%9A%84%E5%AE%A2%E6%88%B7%EF%BC%8C%E6%82%A8%E4%BA%8E2017%E5%B9%B402%E6%9C%8813%E6%97%A513%E6%97%B6%E5%8A%9E%E7%90%86%EF%BC%88%E4%BC%AF%E5%98%89%E5%9F%BA%E9%87%91%E5%92%8C123456%EF%BC%89%E7%9A%84%E7%94%B3%E8%B4%AD%E4%B8%9A%E5%8A%A1%EF%BC%8C%E7%94%B3%E8%AF%B7%E6%95%B0%E9%A2%9D%EF%BC%9A258%E5%85%83%EF%BC%8C%E4%BA%A4%E6%98%93%E7%94%B3%E8%AF%B7%E5%B7%B2%E5%8F%97%E7%90%86%E3%80%82%E5%AE%A2%E6%9C%8D%E7%94%B5%E8%AF%9D400-027-9899%E3%80%82
    [p.priority] => 0
    [p.receiver] => 18065043496
    [p.sendChannel] => 3
    [p.smstype] => 2
    [p.sysType] => 1
    [p.sign] => 0
)
|-smsRs-|0
2017-02-13 13:24:30 |-info-| Array
(
    [content] => 尊敬的客户，您于02月13日（申请日期）申购（伯嘉基金和123456）已确认成功，申请金额258元，确认份额359份，成交净值为260元，请登录伯嘉基金网，查看详情。客服热线400-027-9899。
    [mobile] => 18065043496
    [type] => 9
    [channel] => 3
    [sign] => 0
)

2017-02-13 13:24:30|-postParam-|Array
(
    [p.apiKey] => 8BE5k8204bo33F382JIA951F24
    [p.can] => 1
    [p.msg] => %E5%B0%8A%E6%95%AC%E7%9A%84%E5%AE%A2%E6%88%B7%EF%BC%8C%E6%82%A8%E4%BA%8E02%E6%9C%8813%E6%97%A5%EF%BC%88%E7%94%B3%E8%AF%B7%E6%97%A5%E6%9C%9F%EF%BC%89%E7%94%B3%E8%B4%AD%EF%BC%88%E4%BC%AF%E5%98%89%E5%9F%BA%E9%87%91%E5%92%8C123456%EF%BC%89%E5%B7%B2%E7%A1%AE%E8%AE%A4%E6%88%90%E5%8A%9F%EF%BC%8C%E7%94%B3%E8%AF%B7%E9%87%91%E9%A2%9D258%E5%85%83%EF%BC%8C%E7%A1%AE%E8%AE%A4%E4%BB%BD%E9%A2%9D359%E4%BB%BD%EF%BC%8C%E6%88%90%E4%BA%A4%E5%87%80%E5%80%BC%E4%B8%BA260%E5%85%83%EF%BC%8C%E8%AF%B7%E7%99%BB%E5%BD%95%E4%BC%AF%E5%98%89%E5%9F%BA%E9%87%91%E7%BD%91%EF%BC%8C%E6%9F%A5%E7%9C%8B%E8%AF%A6%E6%83%85%E3%80%82%E5%AE%A2%E6%9C%8D%E7%83%AD%E7%BA%BF400-027-9899%E3%80%82
    [p.priority] => 0
    [p.receiver] => 18065043496
    [p.sendChannel] => 3
    [p.smstype] => 2
    [p.sysType] => 1
    [p.sign] => 0
)
|-smsRs-|0
2017-02-13 13:27:01 |-info-| Array
(
    [content] => 尊敬的客户，您于02月13日（申请日期）申购（伯嘉基金和123456）已确认成功，申请金额258元，确认份额359份，成交净值为260元，请登录伯嘉基金网，查看详情。客服电话400-027-9899。
    [mobile] => 18065043496
    [type] => 9
    [channel] => 3
    [sign] => 0
)

2017-02-13 13:27:01|-postParam-|Array
(
    [p.apiKey] => 8BE5k8204bo33F382JIA951F24
    [p.can] => 1
    [p.msg] => %E5%B0%8A%E6%95%AC%E7%9A%84%E5%AE%A2%E6%88%B7%EF%BC%8C%E6%82%A8%E4%BA%8E02%E6%9C%8813%E6%97%A5%EF%BC%88%E7%94%B3%E8%AF%B7%E6%97%A5%E6%9C%9F%EF%BC%89%E7%94%B3%E8%B4%AD%EF%BC%88%E4%BC%AF%E5%98%89%E5%9F%BA%E9%87%91%E5%92%8C123456%EF%BC%89%E5%B7%B2%E7%A1%AE%E8%AE%A4%E6%88%90%E5%8A%9F%EF%BC%8C%E7%94%B3%E8%AF%B7%E9%87%91%E9%A2%9D258%E5%85%83%EF%BC%8C%E7%A1%AE%E8%AE%A4%E4%BB%BD%E9%A2%9D359%E4%BB%BD%EF%BC%8C%E6%88%90%E4%BA%A4%E5%87%80%E5%80%BC%E4%B8%BA260%E5%85%83%EF%BC%8C%E8%AF%B7%E7%99%BB%E5%BD%95%E4%BC%AF%E5%98%89%E5%9F%BA%E9%87%91%E7%BD%91%EF%BC%8C%E6%9F%A5%E7%9C%8B%E8%AF%A6%E6%83%85%E3%80%82%E5%AE%A2%E6%9C%8D%E7%94%B5%E8%AF%9D400-027-9899%E3%80%82
    [p.priority] => 0
    [p.receiver] => 18065043496
    [p.sendChannel] => 3
    [p.smstype] => 2
    [p.sysType] => 1
    [p.sign] => 0
)
|-smsRs-|0
2017-02-13 13:31:59 |-info-| Array
(
    [content] => 尊敬的客户，您于02月13日（申请日期）申购（伯嘉基金和123456）已确认成功，申请金额258元，确认份额359份，成交净值为260元，请登录伯嘉基金网，查看详情。客服电话400-027-9899。
    [mobile] => 15160356106
    [type] => 9
    [channel] => 3
    [sign] => 0
)

2017-02-13 13:31:59|-postParam-|Array
(
    [p.apiKey] => 8BE5k8204bo33F382JIA951F24
    [p.can] => 1
    [p.msg] => %E5%B0%8A%E6%95%AC%E7%9A%84%E5%AE%A2%E6%88%B7%EF%BC%8C%E6%82%A8%E4%BA%8E02%E6%9C%8813%E6%97%A5%EF%BC%88%E7%94%B3%E8%AF%B7%E6%97%A5%E6%9C%9F%EF%BC%89%E7%94%B3%E8%B4%AD%EF%BC%88%E4%BC%AF%E5%98%89%E5%9F%BA%E9%87%91%E5%92%8C123456%EF%BC%89%E5%B7%B2%E7%A1%AE%E8%AE%A4%E6%88%90%E5%8A%9F%EF%BC%8C%E7%94%B3%E8%AF%B7%E9%87%91%E9%A2%9D258%E5%85%83%EF%BC%8C%E7%A1%AE%E8%AE%A4%E4%BB%BD%E9%A2%9D359%E4%BB%BD%EF%BC%8C%E6%88%90%E4%BA%A4%E5%87%80%E5%80%BC%E4%B8%BA260%E5%85%83%EF%BC%8C%E8%AF%B7%E7%99%BB%E5%BD%95%E4%BC%AF%E5%98%89%E5%9F%BA%E9%87%91%E7%BD%91%EF%BC%8C%E6%9F%A5%E7%9C%8B%E8%AF%A6%E6%83%85%E3%80%82%E5%AE%A2%E6%9C%8D%E7%94%B5%E8%AF%9D400-027-9899%E3%80%82
    [p.priority] => 0
    [p.receiver] => 15160356106
    [p.sendChannel] => 3
    [p.smstype] => 2
    [p.sysType] => 1
    [p.sign] => 0
)
|-smsRs-|0
2017-02-13 13:47:55 |-info-| Array
(
    [content] => 尊敬的客户，您本次开户的验证码为：363602，请及时输入。如有疑问请致电400-027-9899。
    [mobile] => 15827379934
    [type] => 9
    [channel] => 9
    [sign] => 0
)

2017-02-13 13:47:55|-postParam-|Array
(
    [p.apiKey] => 8BE5k8204bo33F382JIA951F24
    [p.can] => 1
    [p.msg] => %E5%B0%8A%E6%95%AC%E7%9A%84%E5%AE%A2%E6%88%B7%EF%BC%8C%E6%82%A8%E6%9C%AC%E6%AC%A1%E5%BC%80%E6%88%B7%E7%9A%84%E9%AA%8C%E8%AF%81%E7%A0%81%E4%B8%BA%EF%BC%9A363602%EF%BC%8C%E8%AF%B7%E5%8F%8A%E6%97%B6%E8%BE%93%E5%85%A5%E3%80%82%E5%A6%82%E6%9C%89%E7%96%91%E9%97%AE%E8%AF%B7%E8%87%B4%E7%94%B5400-027-9899%E3%80%82
    [p.priority] => 0
    [p.receiver] => 15827379934
    [p.sendChannel] => 9
    [p.smstype] => 2
    [p.sysType] => 1
    [p.sign] => 0
)
|-smsRs-|0
2017-02-13 14:51:15 |-info-| Array
(
    [content] => 尊敬的客户，您修改手机号码的验证码为：243352。如有疑问请致电400-027-9899。
    [mobile] => 15972158074
    [type] => 9
    [channel] => 9
    [sign] => 0
)

2017-02-13 14:51:16|-postParam-|Array
(
    [p.apiKey] => 8BE5k8204bo33F382JIA951F24
    [p.can] => 1
    [p.msg] => %E5%B0%8A%E6%95%AC%E7%9A%84%E5%AE%A2%E6%88%B7%EF%BC%8C%E6%82%A8%E4%BF%AE%E6%94%B9%E6%89%8B%E6%9C%BA%E5%8F%B7%E7%A0%81%E7%9A%84%E9%AA%8C%E8%AF%81%E7%A0%81%E4%B8%BA%EF%BC%9A243352%E3%80%82%E5%A6%82%E6%9C%89%E7%96%91%E9%97%AE%E8%AF%B7%E8%87%B4%E7%94%B5400-027-9899%E3%80%82
    [p.priority] => 0
    [p.receiver] => 15972158074
    [p.sendChannel] => 9
    [p.smstype] => 2
    [p.sysType] => 1
    [p.sign] => 0
)
|-smsRs-|0
2017-02-13 15:58:04 |-info-| Array
(
    [content] => 尊敬的客户，您修改手机号码的验证码为：208686。如有疑问请致电400-027-9899。
    [mobile] => 13971357321
    [type] => 9
    [channel] => 9
    [sign] => 0
)

2017-02-13 15:58:04|-postParam-|Array
(
    [p.apiKey] => 8BE5k8204bo33F382JIA951F24
    [p.can] => 1
    [p.msg] => %E5%B0%8A%E6%95%AC%E7%9A%84%E5%AE%A2%E6%88%B7%EF%BC%8C%E6%82%A8%E4%BF%AE%E6%94%B9%E6%89%8B%E6%9C%BA%E5%8F%B7%E7%A0%81%E7%9A%84%E9%AA%8C%E8%AF%81%E7%A0%81%E4%B8%BA%EF%BC%9A208686%E3%80%82%E5%A6%82%E6%9C%89%E7%96%91%E9%97%AE%E8%AF%B7%E8%87%B4%E7%94%B5400-027-9899%E3%80%82
    [p.priority] => 0
    [p.receiver] => 13971357321
    [p.sendChannel] => 9
    [p.smstype] => 2
    [p.sysType] => 1
    [p.sign] => 0
)
|-smsRs-|0
