2017-02-16 10:10:05 |-info-| Array
(
    [content] => 尊敬的客户，您找回登录密码的验证码为：938432。如有疑问请致电400-027-9899。
    [mobile] => 15927191870
    [type] => 9
    [channel] => 9
    [sign] => 0
)

2017-02-16 10:10:05|-postParam-|Array
(
    [p.apiKey] => 8BE5k8204bo33F382JIA951F24
    [p.can] => 1
    [p.msg] => %E5%B0%8A%E6%95%AC%E7%9A%84%E5%AE%A2%E6%88%B7%EF%BC%8C%E6%82%A8%E6%89%BE%E5%9B%9E%E7%99%BB%E5%BD%95%E5%AF%86%E7%A0%81%E7%9A%84%E9%AA%8C%E8%AF%81%E7%A0%81%E4%B8%BA%EF%BC%9A938432%E3%80%82%E5%A6%82%E6%9C%89%E7%96%91%E9%97%AE%E8%AF%B7%E8%87%B4%E7%94%B5400-027-9899%E3%80%82
    [p.priority] => 0
    [p.receiver] => 15927191870
    [p.sendChannel] => 9
    [p.smstype] => 2
    [p.sysType] => 1
    [p.sign] => 0
)
|-smsRs-|0
2017-02-16 11:28:22 |-info-| Array
(
    [content] => 尊敬的客户，您找回登录密码的验证码为：418856。如有疑问请致电400-027-9899。
    [mobile] => 18065043496
    [type] => 9
    [channel] => 9
    [sign] => 0
)

2017-02-16 11:28:23|-postParam-|Array
(
    [p.apiKey] => 8BE5k8204bo33F382JIA951F24
    [p.can] => 1
    [p.msg] => %E5%B0%8A%E6%95%AC%E7%9A%84%E5%AE%A2%E6%88%B7%EF%BC%8C%E6%82%A8%E6%89%BE%E5%9B%9E%E7%99%BB%E5%BD%95%E5%AF%86%E7%A0%81%E7%9A%84%E9%AA%8C%E8%AF%81%E7%A0%81%E4%B8%BA%EF%BC%9A418856%E3%80%82%E5%A6%82%E6%9C%89%E7%96%91%E9%97%AE%E8%AF%B7%E8%87%B4%E7%94%B5400-027-9899%E3%80%82
    [p.priority] => 0
    [p.receiver] => 18065043496
    [p.sendChannel] => 9
    [p.smstype] => 2
    [p.sysType] => 1
    [p.sign] => 0
)
|-smsRs-|0
2017-02-16 11:33:21 |-info-| Array
(
    [content] => 尊敬的客户，您找回登录密码的验证码为：505502。如有疑问请致电400-027-9899。
    [mobile] => 18065043496
    [type] => 9
    [channel] => 9
    [sign] => 0
)

2017-02-16 11:33:21|-postParam-|Array
(
    [p.apiKey] => 8BE5k8204bo33F382JIA951F24
    [p.can] => 1
    [p.msg] => %E5%B0%8A%E6%95%AC%E7%9A%84%E5%AE%A2%E6%88%B7%EF%BC%8C%E6%82%A8%E6%89%BE%E5%9B%9E%E7%99%BB%E5%BD%95%E5%AF%86%E7%A0%81%E7%9A%84%E9%AA%8C%E8%AF%81%E7%A0%81%E4%B8%BA%EF%BC%9A505502%E3%80%82%E5%A6%82%E6%9C%89%E7%96%91%E9%97%AE%E8%AF%B7%E8%87%B4%E7%94%B5400-027-9899%E3%80%82
    [p.priority] => 0
    [p.receiver] => 18065043496
    [p.sendChannel] => 9
    [p.smstype] => 2
    [p.sysType] => 1
    [p.sign] => 0
)
|-smsRs-|0
2017-02-16 11:37:01 |-info-| Array
(
    [content] => 尊敬的客户，您找回登录密码的验证码为：199480。如有疑问请致电400-027-9899。
    [mobile] => 18065043496
    [type] => 9
    [channel] => 9
    [sign] => 0
)

2017-02-16 11:37:01|-postParam-|Array
(
    [p.apiKey] => 8BE5k8204bo33F382JIA951F24
    [p.can] => 1
    [p.msg] => %E5%B0%8A%E6%95%AC%E7%9A%84%E5%AE%A2%E6%88%B7%EF%BC%8C%E6%82%A8%E6%89%BE%E5%9B%9E%E7%99%BB%E5%BD%95%E5%AF%86%E7%A0%81%E7%9A%84%E9%AA%8C%E8%AF%81%E7%A0%81%E4%B8%BA%EF%BC%9A199480%E3%80%82%E5%A6%82%E6%9C%89%E7%96%91%E9%97%AE%E8%AF%B7%E8%87%B4%E7%94%B5400-027-9899%E3%80%82
    [p.priority] => 0
    [p.receiver] => 18065043496
    [p.sendChannel] => 9
    [p.smstype] => 2
    [p.sysType] => 1
    [p.sign] => 0
)
|-smsRs-|0
2017-02-16 11:42:59 |-info-| Array
(
    [content] => 尊敬的客户，您找回登录密码的验证码为：381659。如有疑问请致电400-027-9899。
    [mobile] => 18065043496
    [type] => 9
    [channel] => 9
    [sign] => 0
)

2017-02-16 11:42:59|-postParam-|Array
(
    [p.apiKey] => 8BE5k8204bo33F382JIA951F24
    [p.can] => 1
    [p.msg] => %E5%B0%8A%E6%95%AC%E7%9A%84%E5%AE%A2%E6%88%B7%EF%BC%8C%E6%82%A8%E6%89%BE%E5%9B%9E%E7%99%BB%E5%BD%95%E5%AF%86%E7%A0%81%E7%9A%84%E9%AA%8C%E8%AF%81%E7%A0%81%E4%B8%BA%EF%BC%9A381659%E3%80%82%E5%A6%82%E6%9C%89%E7%96%91%E9%97%AE%E8%AF%B7%E8%87%B4%E7%94%B5400-027-9899%E3%80%82
    [p.priority] => 0
    [p.receiver] => 18065043496
    [p.sendChannel] => 9
    [p.smstype] => 2
    [p.sysType] => 1
    [p.sign] => 0
)
|-smsRs-|0
2017-02-16 11:47:17 |-info-| Array
(
    [content] => 尊敬的客户，您找回登录密码的验证码为：625144。如有疑问请致电400-027-9899。
    [mobile] => 18065043496
    [type] => 9
    [channel] => 9
    [sign] => 0
)

2017-02-16 11:47:18|-postParam-|Array
(
    [p.apiKey] => 8BE5k8204bo33F382JIA951F24
    [p.can] => 1
    [p.msg] => %E5%B0%8A%E6%95%AC%E7%9A%84%E5%AE%A2%E6%88%B7%EF%BC%8C%E6%82%A8%E6%89%BE%E5%9B%9E%E7%99%BB%E5%BD%95%E5%AF%86%E7%A0%81%E7%9A%84%E9%AA%8C%E8%AF%81%E7%A0%81%E4%B8%BA%EF%BC%9A625144%E3%80%82%E5%A6%82%E6%9C%89%E7%96%91%E9%97%AE%E8%AF%B7%E8%87%B4%E7%94%B5400-027-9899%E3%80%82
    [p.priority] => 0
    [p.receiver] => 18065043496
    [p.sendChannel] => 9
    [p.smstype] => 2
    [p.sysType] => 1
    [p.sign] => 0
)
|-smsRs-|0
2017-02-16 11:53:13 |-info-| Array
(
    [content] => 尊敬的客户，您找回登录密码的验证码为：144068。如有疑问请致电400-027-9899。
    [mobile] => 18065043496
    [type] => 9
    [channel] => 9
    [sign] => 0
)

2017-02-16 11:53:13|-postParam-|Array
(
    [p.apiKey] => 8BE5k8204bo33F382JIA951F24
    [p.can] => 1
    [p.msg] => %E5%B0%8A%E6%95%AC%E7%9A%84%E5%AE%A2%E6%88%B7%EF%BC%8C%E6%82%A8%E6%89%BE%E5%9B%9E%E7%99%BB%E5%BD%95%E5%AF%86%E7%A0%81%E7%9A%84%E9%AA%8C%E8%AF%81%E7%A0%81%E4%B8%BA%EF%BC%9A144068%E3%80%82%E5%A6%82%E6%9C%89%E7%96%91%E9%97%AE%E8%AF%B7%E8%87%B4%E7%94%B5400-027-9899%E3%80%82
    [p.priority] => 0
    [p.receiver] => 18065043496
    [p.sendChannel] => 9
    [p.smstype] => 2
    [p.sysType] => 1
    [p.sign] => 0
)
|-smsRs-|0
2017-02-16 12:29:59 |-info-| Array
(
    [content] => 尊敬的客户，您找回登录密码的验证码为：040208。如有疑问请致电400-027-9899。
    [mobile] => 18065043496
    [type] => 9
    [channel] => 9
    [sign] => 0
)

2017-02-16 12:29:59|-postParam-|Array
(
    [p.apiKey] => 8BE5k8204bo33F382JIA951F24
    [p.can] => 1
    [p.msg] => %E5%B0%8A%E6%95%AC%E7%9A%84%E5%AE%A2%E6%88%B7%EF%BC%8C%E6%82%A8%E6%89%BE%E5%9B%9E%E7%99%BB%E5%BD%95%E5%AF%86%E7%A0%81%E7%9A%84%E9%AA%8C%E8%AF%81%E7%A0%81%E4%B8%BA%EF%BC%9A040208%E3%80%82%E5%A6%82%E6%9C%89%E7%96%91%E9%97%AE%E8%AF%B7%E8%87%B4%E7%94%B5400-027-9899%E3%80%82
    [p.priority] => 0
    [p.receiver] => 18065043496
    [p.sendChannel] => 9
    [p.smstype] => 2
    [p.sysType] => 1
    [p.sign] => 0
)
|-smsRs-|0
2017-02-16 12:36:40 |-info-| Array
(
    [content] => 尊敬的客户，您找回登录密码的验证码为：740716。如有疑问请致电400-027-9899。
    [mobile] => 18065043496
    [type] => 9
    [channel] => 9
    [sign] => 0
)

2017-02-16 12:36:40|-postParam-|Array
(
    [p.apiKey] => 8BE5k8204bo33F382JIA951F24
    [p.can] => 1
    [p.msg] => %E5%B0%8A%E6%95%AC%E7%9A%84%E5%AE%A2%E6%88%B7%EF%BC%8C%E6%82%A8%E6%89%BE%E5%9B%9E%E7%99%BB%E5%BD%95%E5%AF%86%E7%A0%81%E7%9A%84%E9%AA%8C%E8%AF%81%E7%A0%81%E4%B8%BA%EF%BC%9A740716%E3%80%82%E5%A6%82%E6%9C%89%E7%96%91%E9%97%AE%E8%AF%B7%E8%87%B4%E7%94%B5400-027-9899%E3%80%82
    [p.priority] => 0
    [p.receiver] => 18065043496
    [p.sendChannel] => 9
    [p.smstype] => 2
    [p.sysType] => 1
    [p.sign] => 0
)
|-smsRs-|0
2017-02-16 12:38:14 |-info-| Array
(
    [content] => 尊敬的客户，您找回登录密码的验证码为：799428。如有疑问请致电400-027-9899。
    [mobile] => 18065043496
    [type] => 9
    [channel] => 9
    [sign] => 0
)

2017-02-16 12:38:15|-postParam-|Array
(
    [p.apiKey] => 8BE5k8204bo33F382JIA951F24
    [p.can] => 1
    [p.msg] => %E5%B0%8A%E6%95%AC%E7%9A%84%E5%AE%A2%E6%88%B7%EF%BC%8C%E6%82%A8%E6%89%BE%E5%9B%9E%E7%99%BB%E5%BD%95%E5%AF%86%E7%A0%81%E7%9A%84%E9%AA%8C%E8%AF%81%E7%A0%81%E4%B8%BA%EF%BC%9A799428%E3%80%82%E5%A6%82%E6%9C%89%E7%96%91%E9%97%AE%E8%AF%B7%E8%87%B4%E7%94%B5400-027-9899%E3%80%82
    [p.priority] => 0
    [p.receiver] => 18065043496
    [p.sendChannel] => 9
    [p.smstype] => 2
    [p.sysType] => 1
    [p.sign] => 0
)
|-smsRs-|0
2017-02-16 12:45:09 |-info-| Array
(
    [content] => 尊敬的客户，您找回登录密码的验证码为：339460。如有疑问请致电400-027-9899。
    [mobile] => 18065043496
    [type] => 9
    [channel] => 9
    [sign] => 0
)

2017-02-16 12:45:09|-postParam-|Array
(
    [p.apiKey] => 8BE5k8204bo33F382JIA951F24
    [p.can] => 1
    [p.msg] => %E5%B0%8A%E6%95%AC%E7%9A%84%E5%AE%A2%E6%88%B7%EF%BC%8C%E6%82%A8%E6%89%BE%E5%9B%9E%E7%99%BB%E5%BD%95%E5%AF%86%E7%A0%81%E7%9A%84%E9%AA%8C%E8%AF%81%E7%A0%81%E4%B8%BA%EF%BC%9A339460%E3%80%82%E5%A6%82%E6%9C%89%E7%96%91%E9%97%AE%E8%AF%B7%E8%87%B4%E7%94%B5400-027-9899%E3%80%82
    [p.priority] => 0
    [p.receiver] => 18065043496
    [p.sendChannel] => 9
    [p.smstype] => 2
    [p.sysType] => 1
    [p.sign] => 0
)
|-smsRs-|0
2017-02-16 13:15:55 |-info-| Array
(
    [content] => 尊敬的客户，您找回登录密码的验证码为：908659。如有疑问请致电400-027-9899。
    [mobile] => 18065043496
    [type] => 9
    [channel] => 9
    [sign] => 0
)

2017-02-16 13:15:55|-postParam-|Array
(
    [p.apiKey] => 8BE5k8204bo33F382JIA951F24
    [p.can] => 1
    [p.msg] => %E5%B0%8A%E6%95%AC%E7%9A%84%E5%AE%A2%E6%88%B7%EF%BC%8C%E6%82%A8%E6%89%BE%E5%9B%9E%E7%99%BB%E5%BD%95%E5%AF%86%E7%A0%81%E7%9A%84%E9%AA%8C%E8%AF%81%E7%A0%81%E4%B8%BA%EF%BC%9A908659%E3%80%82%E5%A6%82%E6%9C%89%E7%96%91%E9%97%AE%E8%AF%B7%E8%87%B4%E7%94%B5400-027-9899%E3%80%82
    [p.priority] => 0
    [p.receiver] => 18065043496
    [p.sendChannel] => 9
    [p.smstype] => 2
    [p.sysType] => 1
    [p.sign] => 0
)
|-smsRs-|0
2017-02-16 13:51:46 |-info-| Array
(
    [content] => 尊敬的客户，您本次开户的验证码为：652217，请及时输入。如有疑问请致电400-027-9899。
    [mobile] => 18671517368
    [type] => 9
    [channel] => 9
    [sign] => 0
)

2017-02-16 13:51:46|-postParam-|Array
(
    [p.apiKey] => 8BE5k8204bo33F382JIA951F24
    [p.can] => 1
    [p.msg] => %E5%B0%8A%E6%95%AC%E7%9A%84%E5%AE%A2%E6%88%B7%EF%BC%8C%E6%82%A8%E6%9C%AC%E6%AC%A1%E5%BC%80%E6%88%B7%E7%9A%84%E9%AA%8C%E8%AF%81%E7%A0%81%E4%B8%BA%EF%BC%9A652217%EF%BC%8C%E8%AF%B7%E5%8F%8A%E6%97%B6%E8%BE%93%E5%85%A5%E3%80%82%E5%A6%82%E6%9C%89%E7%96%91%E9%97%AE%E8%AF%B7%E8%87%B4%E7%94%B5400-027-9899%E3%80%82
    [p.priority] => 0
    [p.receiver] => 18671517368
    [p.sendChannel] => 9
    [p.smstype] => 2
    [p.sysType] => 1
    [p.sign] => 0
)
|-smsRs-|0
