[11:32:15][1111]
[11:32:38][1111]
[11:32:53][1111]
[11:32:53][1111]
[11:32:53][1111]
[11:32:54][1111]
[11:32:54][1111]
[11:32:54][1111]
[11:32:54][1111]
[11:32:55][1111]
[11:32:55][1111]
[11:32:55][1111]
[11:32:55][1111]
[11:32:55][1111]
[11:32:56][1111]
[11:32:56][1111]
[11:32:56][1111]
[11:32:56][1111]
[11:32:57][1111]
[11:33:05][1111]
[11:33:06][1111]
[11:33:06][1111]
[11:34:02][1111]
[11:34:03][1111]
[11:34:03][1111]
[11:34:03][1111]
[11:34:04][1111]
[11:34:04][1111]
[11:34:04][1111]
[11:34:04][1111]
[11:34:42][1111]
[11:34:42][1111]
[11:34:43][1111]
[11:34:43][1111]
[11:34:43][1111]
[11:34:44][1111]
[11:34:44][1111]
[11:34:44][1111]
[11:34:44][1111]
[11:34:44][1111]
[11:34:45][1111]
[11:34:45][1111]
[11:34:45][1111]
[11:34:45][1111]
[11:35:03][1111]
[11:35:04][1111]
[11:35:04][1111]
[11:35:04][1111]
[11:35:05][1111]
[11:35:05][1111]
[11:35:05][1111]
[11:35:05][1111]
[11:35:05][1111]
[11:35:06][1111]
[11:35:06][1111]
[11:35:06][1111]
[11:35:06][1111]
[11:35:43][1111]
[11:35:44][1111]
[11:35:44][1111]
[11:37:56][1111]
[11:37:56][1111]
[11:37:57][1111]
[11:37:57][1111]
[11:37:57][1111]
[11:37:57][1111]
[11:37:58][1111]
[11:37:58][1111]
[11:37:58][1111]
[11:37:58][1111]
[11:37:58][1111]
[11:37:59][1111]
[11:38:34][1111]
[11:38:34][1111]
[11:38:34][1111]
[11:38:35][1111]
[11:38:35][1111]
[11:38:35][1111]
[11:55:56][1111]
[11:55:57][1111]
[11:55:58][1111]
[11:55:58][1111]
[11:55:58][1111]
[11:55:58][1111]
[11:55:59][1111]
[11:55:59][1111]
[11:55:59][1111]
[11:56:33][1111]
[11:56:35][1111]
[11:56:35][1111]
[11:56:36][1111]
[11:56:36][1111]
[11:56:36][1111]
[11:56:36][1111]
[11:56:37][1111]
[11:56:37][1111]
[11:56:37][1111]
[11:57:57][1111]
[11:57:58][1111]
[11:57:58][1111]
[11:57:58][1111]
[11:57:59][1111]
[11:57:59][1111]
[11:57:59][1111]
[11:58:15][1111]
[11:58:23][1111]
[11:59:26][1111]
[11:59:27][1111]
