[10:08:17][1111]
[10:27:31][1111]
[10:29:12][1111]
[10:29:12][1111]
[10:38:53][1111]
[10:39:22][1111]
[10:39:44][1111]
[10:39:45][1111]
[10:40:24][1111]
[11:17:13][1111]
[11:23:24][1111]
[11:53:38][1111]
[13:29:28][1111]
[18:20:37][1111]
[18:25:40][1111]
[18:40:13][1111]
[18:45:22][1111]
[18:45:35][1111]
[18:46:00][1111]
[18:49:23][1111]
[18:50:46][1111]
[18:51:47][1111]
[18:56:32][1111]
[18:56:52][1111]
[19:00:04][1111]
[19:04:13][1111]
[19:05:14][1111]
[19:08:23][1111]
[19:11:30][1111]
[19:25:58][1111]
