[11:59:52][1111]
[15:04:48][1111]
[15:05:02][1111]
[15:05:03][1111]
[15:05:16][1111]
[15:06:37][1111]
[16:59:28][1111]
[16:59:32][1111]
[17:10:33][1111]
[17:15:30][1111]
[17:43:54][1111]
[17:43:58][1111]
[17:44:07][1111]
[17:44:07][1111]
[17:44:07][1111]
[17:44:07][1111]
[17:44:07][1111]
[17:44:23][1111]
[17:45:36][1111]
[17:46:55][1111]
[17:49:41][1111]
[17:52:15][1111]
[18:04:13][1111]
[18:08:24][1111]
[18:12:36][1111]
[18:12:48][1111]
[18:13:59][1111]
[18:14:38][1111]
[18:14:52][1111]
[18:14:52][1111]
[18:14:52][1111]
[18:14:52][1111]
[18:14:52][1111]
[18:15:10][1111]
[18:15:10][1111]
[18:15:10][1111]
[18:15:10][1111]
[18:15:10][1111]
[18:16:21][1111]
[18:16:26][1111]
[18:17:44][1111]
[18:17:52][1111]
[18:17:52][1111]
[18:17:52][1111]
[18:18:29][1111]
[18:18:44][1111]
[18:19:55][1111]
[18:20:13][1111]
[18:27:53][1111]
[18:29:39][1111]
[18:30:26][1111]
[18:30:29][1111]
[18:30:38][1111]
[18:30:56][1111]
[18:30:58][1111]
[18:31:37][1111]
[18:31:38][1111]
[18:33:37][1111]
[18:34:58][1111]
[18:35:59][1111]
[18:45:48][1111]
[18:47:41][1111]
[18:47:42][1111]
