[13:38:04][|-Param-|Array
(
    [trade_acco] => 1177
)
]
[13:38:04][|-uRs-|Array
(
    [flag] => 10000
    [msg] => ok
)
]
[15:46:27][|-Param-|Array
(
    [trade_acco] => 1199
)
]
[15:46:27][|-uRs-|Array
(
    [flag] => 10000
    [msg] => ok
)
]
[15:46:40][|-Param-|Array
(
    [trade_acco] => 1199
)
]
[15:46:40][|-uRs-|Array
(
    [flag] => 10000
    [msg] => ok
)
]
[15:46:44][|-Param-|Array
(
    [trade_acco] => 1199
)
]
[15:46:44][|-uRs-|Array
(
    [flag] => 10000
    [msg] => ok
)
]
[15:46:51][|-Param-|Array
(
    [trade_acco] => 1199
)
]
[15:46:51][|-uRs-|Array
(
    [flag] => 10000
    [msg] => ok
)
]
[16:09:56][|-Param-|Array
(
    [trade_acco] => 1200
)
]
[16:09:57][|-uRs-|Array
(
    [flag] => 10000
    [msg] => ok
)
]
[16:10:06][|-Param-|Array
(
    [trade_acco] => 1200
)
]
[16:10:06][|-uRs-|Array
(
    [flag] => 10000
    [msg] => ok
)
]
[16:10:35][|-Param-|Array
(
    [trade_acco] => 1200
)
]
[16:10:35][|-uRs-|Array
(
    [flag] => 10000
    [msg] => ok
)
]
[16:13:44][|-Param-|Array
(
    [trade_acco] => 1201
)
]
[16:13:44][|-uRs-|Array
(
    [flag] => 10000
    [msg] => ok
)
]
[16:14:02][|-Param-|Array
(
    [trade_acco] => 1201
)
]
[16:14:02][|-uRs-|Array
(
    [flag] => 10000
    [msg] => ok
)
]
[16:14:37][|-Param-|Array
(
    [trade_acco] => 1201
)
]
[16:14:37][|-uRs-|Array
(
    [flag] => 10000
    [msg] => ok
)
]
[16:15:23][|-Param-|Array
(
    [trade_acco] => 1201
)
]
[16:15:23][|-uRs-|Array
(
    [flag] => 10000
    [msg] => ok
)
]
