[09:56:13][|-Param-|Array
(
    [trade_acco] => 1201
)
]
[09:56:13][|-uRs-|Array
(
    [flag] => 10000
    [msg] => ok
)
]
[09:57:06][|-Param-|Array
(
    [trade_acco] => 1197
)
]
[09:57:06][|-uRs-|Array
(
    [flag] => 10000
    [msg] => ok
)
]
[10:00:18][|-Param-|Array
(
    [trade_acco] => 1205
)
]
[10:00:18][|-uRs-|Array
(
    [flag] => 10000
    [msg] => ok
)
]
[10:00:33][|-Param-|Array
(
    [trade_acco] => 1205
)
]
[10:00:33][|-uRs-|Array
(
    [flag] => 10000
    [msg] => ok
)
]
[10:01:30][|-Param-|Array
(
    [trade_acco] => 1205
)
]
[10:01:31][|-uRs-|Array
(
    [flag] => 10000
    [msg] => ok
)
]
