[09:41:44][参数：Array
(
    [targetcomp_id] => 91000
    [sendercomp_id] => 91000
    [access_token] => A9B563C80BFA4BFCB4F799712A96613E2017021508381579144143
    [trust_way] => 2
    [capital_mode] => l
    [trade_source] => bjjj
    [request_num] => 1
    [reqry_recordsum_flag] => 1
    [qry_beginrownum] => 0
    [trade_acco] => 
    [client_id] => 10288
    [allot_no] => 20170214000050
    [fund_code] => 
    [taconfirm_flag] => 9
    [begin_date] => 20170215
    [end_date] => 20170215
)
https://sitapi.hscloud.cn/cwsale/v1/trade_apply_qry
回参：Array
(
    [data] => {"data":[{"detail_fund_way":"","send_flags":"0","hope_date":"","money_type":"0","max_trade_succ_quota":"0.00","target_fund_type":"","ta_acco":"B01000010022","balance":"0.00","apply_date":"20170215","original_date":"20170214","protocol_period_unit":"","deduct_status":"2","discount_rate":"1.0000","apply_time":"093000","oppo_netno":"","first_exchdate":"","diffscale":"0.0000","max_succ_times":"","ofund_user_type":"","error_code":"","original_appno":"","busin_ass_code":"","shares":"5447.06","portfolio_code":"","success_type":"0","portfolio_allot_no":"","bank_no":"005","expiry_date":"","combined_error_info":"","fund_froze_flag":"","busin_board_type":"","share_type":"A","trade_acco":"1189","capital_mode":"l","oppo_agency":"","after_discount_rate":"1.0000","oppo_trade_account":"","order_date":"153907","protocol_name":"","target_fund_code":"","fund_code":"600570","reserve_discount_rate":"1.0000","auto_buy":"","rowcount":"1","cyber_bank_error_id":"","oppo_fund_account":"","total_count":"1","taconfirm_flag":"9","receivable_account":"6217000340000565980","trade_period":"","allot_no":"20170214000050","fund_exceed_flag":"1","fund_busin_code":"024","fund_risk_flag":"0","error_info":""}]}
    [code] => 200
)
]
[09:41:44][参数：Array
(
    [targetcomp_id] => 91000
    [sendercomp_id] => 91000
    [access_token] => A9B563C80BFA4BFCB4F799712A96613E2017021508381579144143
    [request_num] => 1
    [reqry_recordsum_flag] => 1
    [qry_beginrownum] => 0
    [fund_code] => 600570
)
https://sitapi.hscloud.cn/cwsale/v1/newhq_qry
回参：Array
(
    [data] => {"data":[{"ofund_type":"0","per_myriad_income":"0.0000","fund_code":"600570","fund_curr_income":"0.00","rowcount":"1","forbid_modi_autobuy_flag":"0","pre_income_ratio":"0.0000","fund_full_name":"恒生电子股票基金","accept_hq_date":"20170214","share_type":"A","error_code":"","total_count":"1","fund_share":"0.00","fund_name":"恒生电子股票基金","fund_status":"0","ta_no":"B0","success_type":"0","nav_total":"1.7000","nav":"1.7000","prod_term":"0","ofund_risklevel":"0","en_minshare":"0.00","hq_date":"20170213","fund_curr_ratio":"0.0000","error_info":""}]}
    [code] => 200
)
]
[09:41:44][参数：Array
(
    [trust_way] => 2
    [targetcomp_id] => 91000
    [sendercomp_id] => 91000
    [access_token] => A9B563C80BFA4BFCB4F799712A96613E2017021508381579144143
    [capital_mode] => l
    [trade_source] => bjjj
    [original_appno] => 20170214000050
    [trade_acco] => 1189
    [password] => 6803cbb9b19241ab53919a7f025bc107
)
https://sitapi.hscloud.cn/cwsale/v1/undotradeapply_trade
回参：Array
(
    [data] => {"data":[{"apply_time":"093000","allot_no":"20170214000078","apply_date":"20170215","success_type":"0","error_code":"","error_info":""}]}
    [code] => 200
)
]
[09:43:54][参数：Array
(
    [targetcomp_id] => 91000
    [sendercomp_id] => 91000
    [access_token] => A9B563C80BFA4BFCB4F799712A96613E2017021508381579144143
    [trust_way] => 2
    [capital_mode] => l
    [trade_source] => bjjj
    [request_num] => 1
    [reqry_recordsum_flag] => 1
    [qry_beginrownum] => 0
    [trade_acco] => 
    [client_id] => 10278
    [allot_no] => 20170214000052
    [fund_code] => 
    [taconfirm_flag] => 9
    [begin_date] => 20170215
    [end_date] => 20170215
)
https://sitapi.hscloud.cn/cwsale/v1/trade_apply_qry
回参：Array
(
    [data] => {"data":[{"detail_fund_way":"","send_flags":"0","hope_date":"","money_type":"0","max_trade_succ_quota":"0.00","target_fund_type":"2","ta_acco":"B01000010011","balance":"0.00","apply_date":"20170215","original_date":"20170214","protocol_period_unit":"","deduct_status":"2","discount_rate":"1.0000","apply_time":"093000","oppo_netno":"","first_exchdate":"","diffscale":"0.0000","max_succ_times":"","ofund_user_type":"","error_code":"","original_appno":"","busin_ass_code":"","shares":"100.00","portfolio_code":"","success_type":"0","portfolio_allot_no":"","bank_no":"003","expiry_date":"","combined_error_info":"","fund_froze_flag":"","busin_board_type":"","share_type":"A","trade_acco":"1188","capital_mode":"l","oppo_agency":"","after_discount_rate":"1.0000","oppo_trade_account":"","order_date":"154546","protocol_name":"","target_fund_code":"070002","fund_code":"600570","reserve_discount_rate":"1.0000","auto_buy":"","rowcount":"1","cyber_bank_error_id":"","oppo_fund_account":"","total_count":"1","taconfirm_flag":"9","receivable_account":"6228480712413995614","trade_period":"","allot_no":"20170214000052","fund_exceed_flag":"1","fund_busin_code":"036","fund_risk_flag":"0","error_info":""}]}
    [code] => 200
)
]
[09:43:54][参数：Array
(
    [targetcomp_id] => 91000
    [sendercomp_id] => 91000
    [access_token] => A9B563C80BFA4BFCB4F799712A96613E2017021508381579144143
    [request_num] => 1
    [reqry_recordsum_flag] => 1
    [qry_beginrownum] => 0
    [fund_code] => 600570
)
https://sitapi.hscloud.cn/cwsale/v1/newhq_qry
回参：Array
(
    [data] => {"data":[{"ofund_type":"0","per_myriad_income":"0.0000","fund_code":"600570","fund_curr_income":"0.00","rowcount":"1","forbid_modi_autobuy_flag":"0","pre_income_ratio":"0.0000","fund_full_name":"恒生电子股票基金","accept_hq_date":"20170214","share_type":"A","error_code":"","total_count":"1","fund_share":"0.00","fund_name":"恒生电子股票基金","fund_status":"0","ta_no":"B0","success_type":"0","nav_total":"1.7000","nav":"1.7000","prod_term":"0","ofund_risklevel":"0","en_minshare":"0.00","hq_date":"20170213","fund_curr_ratio":"0.0000","error_info":""}]}
    [code] => 200
)
]
[09:43:54][参数：Array
(
    [trust_way] => 2
    [targetcomp_id] => 91000
    [sendercomp_id] => 91000
    [access_token] => A9B563C80BFA4BFCB4F799712A96613E2017021508381579144143
    [capital_mode] => l
    [trade_source] => bjjj
    [original_appno] => 20170214000052
    [trade_acco] => 1188
    [password] => 571644c4a63665e4c2804a9f0438abe9
)
https://sitapi.hscloud.cn/cwsale/v1/undotradeapply_trade
回参：Array
(
    [data] => {"data":[{"apply_time":"093000","allot_no":"20170214000082","apply_date":"20170215","success_type":"0","error_code":"","error_info":""}]}
    [code] => 200
)
]
[13:09:55][参数：Array
(
    [targetcomp_id] => 91000
    [sendercomp_id] => 91000
    [access_token] => AA2BF967800449AD968CEE4D203F727A2017021511052934754555
    [trust_way] => 2
    [capital_mode] => l
    [trade_source] => bjjj
    [request_num] => 1
    [reqry_recordsum_flag] => 1
    [qry_beginrownum] => 0
    [trade_acco] => 
    [client_id] => 10278
    [allot_no] => 20170214000064
    [fund_code] => 
    [taconfirm_flag] => 9
    [begin_date] => 20170215
    [end_date] => 20170215
)
https://sitapi.hscloud.cn/cwsale/v1/trade_apply_qry
回参：Array
(
    [data] => {"data":[{"detail_fund_way":"","send_flags":"0","hope_date":"","money_type":"0","max_trade_succ_quota":"0.00","target_fund_type":"","ta_acco":"B01000010011","balance":"0.00","apply_date":"20170215","original_date":"20170214","protocol_period_unit":"","deduct_status":"2","discount_rate":"1.0000","apply_time":"093000","oppo_netno":"","first_exchdate":"","diffscale":"0.0000","max_succ_times":"","ofund_user_type":"","error_code":"","original_appno":"","busin_ass_code":"","shares":"100.00","portfolio_code":"","success_type":"0","portfolio_allot_no":"","bank_no":"003","expiry_date":"","combined_error_info":"","fund_froze_flag":"","busin_board_type":"","share_type":"A","trade_acco":"1188","capital_mode":"l","oppo_agency":"","after_discount_rate":"1.0000","oppo_trade_account":"","order_date":"164503","protocol_name":"","target_fund_code":"","fund_code":"600570","reserve_discount_rate":"1.0000","auto_buy":"","rowcount":"1","cyber_bank_error_id":"","oppo_fund_account":"","total_count":"1","taconfirm_flag":"9","receivable_account":"6228480712413995614","trade_period":"","allot_no":"20170214000064","fund_exceed_flag":"1","fund_busin_code":"024","fund_risk_flag":"0","error_info":""}]}
    [code] => 200
)
]
[13:09:55][参数：Array
(
    [targetcomp_id] => 91000
    [sendercomp_id] => 91000
    [access_token] => AA2BF967800449AD968CEE4D203F727A2017021511052934754555
    [request_num] => 1
    [reqry_recordsum_flag] => 1
    [qry_beginrownum] => 0
    [fund_code] => 600570
)
https://sitapi.hscloud.cn/cwsale/v1/newhq_qry
回参：Array
(
    [data] => {"data":[{"ofund_type":"0","per_myriad_income":"0.0000","fund_code":"600570","fund_curr_income":"0.00","rowcount":"1","forbid_modi_autobuy_flag":"0","pre_income_ratio":"0.0000","fund_full_name":"恒生电子股票基金","accept_hq_date":"20170215","share_type":"A","error_code":"","total_count":"1","fund_share":"0.00","fund_name":"恒生电子股票基金","fund_status":"0","ta_no":"B0","success_type":"0","nav_total":"1.7000","nav":"1.7000","prod_term":"0","ofund_risklevel":"0","en_minshare":"0.00","hq_date":"20170214","fund_curr_ratio":"0.0000","error_info":""}]}
    [code] => 200
)
]
[13:09:56][参数：Array
(
    [trust_way] => 2
    [targetcomp_id] => 91000
    [sendercomp_id] => 91000
    [access_token] => AA2BF967800449AD968CEE4D203F727A2017021511052934754555
    [capital_mode] => l
    [trade_source] => bjjj
    [original_appno] => 20170214000064
    [trade_acco] => 1188
    [password] => 571644c4a63665e4c2804a9f0438abe9
)
https://sitapi.hscloud.cn/cwsale/v1/undotradeapply_trade
回参：Array
(
    [data] => {"data":[{"apply_time":"130956","allot_no":"20170215000024","apply_date":"20170215","success_type":"0","error_code":"","error_info":""}]}
    [code] => 200
)
]
[15:31:16][参数：Array
(
    [targetcomp_id] => 91000
    [sendercomp_id] => 91000
    [access_token] => AA2BF967800449AD968CEE4D203F727A2017021511052934754555
    [trust_way] => 2
    [capital_mode] => l
    [trade_source] => bjjj
    [request_num] => 1
    [reqry_recordsum_flag] => 1
    [qry_beginrownum] => 0
    [trade_acco] => 
    [client_id] => 10108
    [allot_no] => 20170214000075
    [fund_code] => 
    [taconfirm_flag] => 9
    [begin_date] => 20170215
    [end_date] => 20170215
)
https://sitapi.hscloud.cn/cwsale/v1/trade_apply_qry
回参：Array
(
    [data] => {"data":[{"detail_fund_way":"","send_flags":"0","hope_date":"","money_type":"0","max_trade_succ_quota":"0.00","target_fund_type":"2","ta_acco":"B01000009851","balance":"0.00","apply_date":"20170215","original_date":"20170215","protocol_period_unit":"","deduct_status":"2","discount_rate":"1.0000","apply_time":"093000","oppo_netno":"","first_exchdate":"","diffscale":"0.0000","max_succ_times":"","ofund_user_type":"","error_code":"","original_appno":"","busin_ass_code":"","shares":"200.00","portfolio_code":"","success_type":"0","portfolio_allot_no":"","bank_no":"004","expiry_date":"","combined_error_info":"","fund_froze_flag":"","busin_board_type":"","share_type":"A","trade_acco":"1164","capital_mode":"l","oppo_agency":"","after_discount_rate":"1.0000","oppo_trade_account":"","order_date":"093044","protocol_name":"","target_fund_code":"070002","fund_code":"600570","reserve_discount_rate":"1.0000","auto_buy":"","rowcount":"1","cyber_bank_error_id":"","oppo_fund_account":"","total_count":"1","taconfirm_flag":"9","receivable_account":"6217857600002597495","trade_period":"","allot_no":"20170214000075","fund_exceed_flag":"1","fund_busin_code":"036","fund_risk_flag":"0","error_info":""}]}
    [code] => 200
)
]
[15:31:17][参数：Array
(
    [targetcomp_id] => 91000
    [sendercomp_id] => 91000
    [access_token] => AA2BF967800449AD968CEE4D203F727A2017021511052934754555
    [request_num] => 1
    [reqry_recordsum_flag] => 1
    [qry_beginrownum] => 0
    [fund_code] => 600570
)
https://sitapi.hscloud.cn/cwsale/v1/newhq_qry
回参：Array
(
    [data] => {"data":[{"ofund_type":"0","per_myriad_income":"0.0000","fund_code":"600570","fund_curr_income":"0.00","rowcount":"1","forbid_modi_autobuy_flag":"0","pre_income_ratio":"0.0000","fund_full_name":"恒生电子股票基金","accept_hq_date":"20170215","share_type":"A","error_code":"","total_count":"1","fund_share":"0.00","fund_name":"恒生电子股票基金","fund_status":"0","ta_no":"B0","success_type":"0","nav_total":"1.7000","nav":"1.7000","prod_term":"0","ofund_risklevel":"0","en_minshare":"0.00","hq_date":"20170214","fund_curr_ratio":"0.0000","error_info":""}]}
    [code] => 200
)
]
[15:31:17][参数：Array
(
    [trust_way] => 2
    [targetcomp_id] => 91000
    [sendercomp_id] => 91000
    [access_token] => AA2BF967800449AD968CEE4D203F727A2017021511052934754555
    [capital_mode] => l
    [trade_source] => bjjj
    [original_appno] => 20170214000075
    [trade_acco] => 1164
    [password] => e820143041a4921b0ba1fb73f90c36a5
)
https://sitapi.hscloud.cn/cwsale/v1/undotradeapply_trade
回参：Array
(
    [data] => {"data":[{"apply_time":"","allot_no":"","apply_date":"","success_type":"3","error_code":"1261","error_info":"当前工作日与原工作日不同！当前工作日20170216"}]}
    [code] => 200
)
]
