[09:43:09][参数：Array
(
    [targetcomp_id] => 91000
    [sendercomp_id] => 91000
    [access_token] => 83157445FE4F40BA8E9B0F725A14D6F52017021408361406402056
    [trust_way] => 2
    [capital_mode] => l
    [trade_source] => bjjj
    [request_num] => 1
    [reqry_recordsum_flag] => 1
    [qry_beginrownum] => 0
    [trade_acco] => 
    [client_id] => 10298
    [allot_no] => 20170213000058
    [fund_code] => 
    [taconfirm_flag] => 9
    [begin_date] => 20170214
    [end_date] => 20170214
)
https://sitapi.hscloud.cn/cwsale/v1/trade_apply_qry
回参：Array
(
    [data] => {"data":[{"detail_fund_way":"01","send_flags":"0","hope_date":"","money_type":"0","max_trade_succ_quota":"0.00","target_fund_type":"","ta_acco":"*B0000001190","balance":"10000.00","apply_date":"20170214","original_date":"20170214","protocol_period_unit":"","deduct_status":"2","discount_rate":"1.0000","apply_time":"093000","oppo_netno":"","first_exchdate":"","diffscale":"0.0000","max_succ_times":"","ofund_user_type":"","error_code":"","original_appno":"","busin_ass_code":"","shares":"0.00","portfolio_code":"","success_type":"0","portfolio_allot_no":"","bank_no":"005","expiry_date":"","combined_error_info":"","fund_froze_flag":"","busin_board_type":"","share_type":"A","trade_acco":"1190","capital_mode":"l","oppo_agency":"","after_discount_rate":"1.0000","oppo_trade_account":"","order_date":"093931","protocol_name":"","target_fund_code":"","fund_code":"600570","reserve_discount_rate":"1.0000","auto_buy":"","rowcount":"1","cyber_bank_error_id":"","oppo_fund_account":"","total_count":"1","taconfirm_flag":"9","receivable_account":"6217000340000565980","trade_period":"","allot_no":"20170213000058","fund_exceed_flag":"","fund_busin_code":"022","fund_risk_flag":"0","error_info":""}]}
    [code] => 200
)
]
[09:43:09][参数：Array
(
    [targetcomp_id] => 91000
    [sendercomp_id] => 91000
    [access_token] => 83157445FE4F40BA8E9B0F725A14D6F52017021408361406402056
    [request_num] => 1
    [reqry_recordsum_flag] => 1
    [qry_beginrownum] => 0
    [fund_code] => 600570
)
https://sitapi.hscloud.cn/cwsale/v1/newhq_qry
回参：Array
(
    [data] => {"data":[{"ofund_type":"0","per_myriad_income":"0.0000","fund_code":"600570","fund_curr_income":"0.00","rowcount":"1","forbid_modi_autobuy_flag":"0","pre_income_ratio":"0.0000","fund_full_name":"恒生电子股票基金","accept_hq_date":"20170213","share_type":"A","error_code":"","total_count":"1","fund_share":"0.00","fund_name":"恒生电子股票基金","fund_status":"0","ta_no":"B0","success_type":"0","nav_total":"1.7000","nav":"1.7000","prod_term":"0","ofund_risklevel":"0","en_minshare":"0.00","hq_date":"20170210","fund_curr_ratio":"0.0000","error_info":""}]}
    [code] => 200
)
]
[09:43:09][参数：Array
(
    [trust_way] => 2
    [targetcomp_id] => 91000
    [sendercomp_id] => 91000
    [access_token] => 83157445FE4F40BA8E9B0F725A14D6F52017021408361406402056
    [capital_mode] => l
    [trade_source] => bjjj
    [original_appno] => 20170213000058
    [trade_acco] => 1190
    [password] => 5b91455166a1f7232278929ae7c8d44a
)
https://sitapi.hscloud.cn/cwsale/v1/undotradeapply_trade
回参：Array
(
    [data] => {"data":[{"apply_time":"093000","allot_no":"20170213000061","apply_date":"20170214","success_type":"0","error_code":"","error_info":""}]}
    [code] => 200
)
]
[09:44:01][参数：Array
(
    [targetcomp_id] => 91000
    [sendercomp_id] => 91000
    [access_token] => 83157445FE4F40BA8E9B0F725A14D6F52017021408361406402056
    [trust_way] => 2
    [capital_mode] => l
    [trade_source] => bjjj
    [request_num] => 1
    [reqry_recordsum_flag] => 1
    [qry_beginrownum] => 0
    [trade_acco] => 
    [client_id] => 10288
    [allot_no] => 20170213000062
    [fund_code] => 
    [taconfirm_flag] => 9
    [begin_date] => 20170214
    [end_date] => 20170214
)
https://sitapi.hscloud.cn/cwsale/v1/trade_apply_qry
回参：Array
(
    [data] => {"data":[{"detail_fund_way":"01","send_flags":"0","hope_date":"","money_type":"0","max_trade_succ_quota":"0.00","target_fund_type":"","ta_acco":"*B0000001189","balance":"66666.66","apply_date":"20170214","original_date":"20170214","protocol_period_unit":"","deduct_status":"2","discount_rate":"1.0000","apply_time":"093000","oppo_netno":"","first_exchdate":"","diffscale":"0.0000","max_succ_times":"","ofund_user_type":"","error_code":"","original_appno":"","busin_ass_code":"","shares":"0.00","portfolio_code":"","success_type":"0","portfolio_allot_no":"","bank_no":"005","expiry_date":"","combined_error_info":"","fund_froze_flag":"","busin_board_type":"","share_type":"A","trade_acco":"1189","capital_mode":"l","oppo_agency":"","after_discount_rate":"1.0000","oppo_trade_account":"","order_date":"094326","protocol_name":"","target_fund_code":"","fund_code":"600570","reserve_discount_rate":"1.0000","auto_buy":"","rowcount":"1","cyber_bank_error_id":"","oppo_fund_account":"","total_count":"1","taconfirm_flag":"9","receivable_account":"6217000340000565980","trade_period":"","allot_no":"20170213000062","fund_exceed_flag":"","fund_busin_code":"022","fund_risk_flag":"0","error_info":""}]}
    [code] => 200
)
]
[09:44:01][参数：Array
(
    [targetcomp_id] => 91000
    [sendercomp_id] => 91000
    [access_token] => 83157445FE4F40BA8E9B0F725A14D6F52017021408361406402056
    [request_num] => 1
    [reqry_recordsum_flag] => 1
    [qry_beginrownum] => 0
    [fund_code] => 600570
)
https://sitapi.hscloud.cn/cwsale/v1/newhq_qry
回参：Array
(
    [data] => {"data":[{"ofund_type":"0","per_myriad_income":"0.0000","fund_code":"600570","fund_curr_income":"0.00","rowcount":"1","forbid_modi_autobuy_flag":"0","pre_income_ratio":"0.0000","fund_full_name":"恒生电子股票基金","accept_hq_date":"20170213","share_type":"A","error_code":"","total_count":"1","fund_share":"0.00","fund_name":"恒生电子股票基金","fund_status":"0","ta_no":"B0","success_type":"0","nav_total":"1.7000","nav":"1.7000","prod_term":"0","ofund_risklevel":"0","en_minshare":"0.00","hq_date":"20170210","fund_curr_ratio":"0.0000","error_info":""}]}
    [code] => 200
)
]
[09:44:01][参数：Array
(
    [trust_way] => 2
    [targetcomp_id] => 91000
    [sendercomp_id] => 91000
    [access_token] => 83157445FE4F40BA8E9B0F725A14D6F52017021408361406402056
    [capital_mode] => l
    [trade_source] => bjjj
    [original_appno] => 20170213000062
    [trade_acco] => 1189
    [password] => 6803cbb9b19241ab53919a7f025bc107
)
https://sitapi.hscloud.cn/cwsale/v1/undotradeapply_trade
回参：Array
(
    [data] => {"data":[{"apply_time":"093000","allot_no":"20170213000065","apply_date":"20170214","success_type":"0","error_code":"","error_info":""}]}
    [code] => 200
)
]
[09:57:48][参数：Array
(
    [targetcomp_id] => 91000
    [sendercomp_id] => 91000
    [access_token] => 83157445FE4F40BA8E9B0F725A14D6F52017021408361406402056
    [trust_way] => 2
    [capital_mode] => l
    [trade_source] => bjjj
    [request_num] => 1
    [reqry_recordsum_flag] => 1
    [qry_beginrownum] => 0
    [trade_acco] => 
    [client_id] => 10278
    [allot_no] => 20170213000078
    [fund_code] => 
    [taconfirm_flag] => 9
    [begin_date] => 20170214
    [end_date] => 20170214
)
https://sitapi.hscloud.cn/cwsale/v1/trade_apply_qry
回参：Array
(
    [data] => {"data":[{"detail_fund_way":"01","send_flags":"0","hope_date":"","money_type":"0","max_trade_succ_quota":"0.00","target_fund_type":"","ta_acco":"*B0000001188","balance":"100000.00","apply_date":"20170214","original_date":"20170214","protocol_period_unit":"","deduct_status":"2","discount_rate":"1.0000","apply_time":"093000","oppo_netno":"","first_exchdate":"","diffscale":"0.0000","max_succ_times":"","ofund_user_type":"","error_code":"","original_appno":"","busin_ass_code":"","shares":"0.00","portfolio_code":"","success_type":"0","portfolio_allot_no":"","bank_no":"003","expiry_date":"","combined_error_info":"","fund_froze_flag":"","busin_board_type":"","share_type":"A","trade_acco":"1188","capital_mode":"l","oppo_agency":"","after_discount_rate":"1.0000","oppo_trade_account":"","order_date":"095659","protocol_name":"","target_fund_code":"","fund_code":"600570","reserve_discount_rate":"1.0000","auto_buy":"","rowcount":"1","cyber_bank_error_id":"","oppo_fund_account":"","total_count":"1","taconfirm_flag":"9","receivable_account":"6228480712413995614","trade_period":"","allot_no":"20170213000078","fund_exceed_flag":"","fund_busin_code":"022","fund_risk_flag":"0","error_info":""}]}
    [code] => 200
)
]
[09:57:48][参数：Array
(
    [targetcomp_id] => 91000
    [sendercomp_id] => 91000
    [access_token] => 83157445FE4F40BA8E9B0F725A14D6F52017021408361406402056
    [request_num] => 1
    [reqry_recordsum_flag] => 1
    [qry_beginrownum] => 0
    [fund_code] => 600570
)
https://sitapi.hscloud.cn/cwsale/v1/newhq_qry
回参：Array
(
    [data] => {"data":[{"ofund_type":"0","per_myriad_income":"0.0000","fund_code":"600570","fund_curr_income":"0.00","rowcount":"1","forbid_modi_autobuy_flag":"0","pre_income_ratio":"0.0000","fund_full_name":"恒生电子股票基金","accept_hq_date":"20170213","share_type":"A","error_code":"","total_count":"1","fund_share":"0.00","fund_name":"恒生电子股票基金","fund_status":"0","ta_no":"B0","success_type":"0","nav_total":"1.7000","nav":"1.7000","prod_term":"0","ofund_risklevel":"0","en_minshare":"0.00","hq_date":"20170210","fund_curr_ratio":"0.0000","error_info":""}]}
    [code] => 200
)
]
[09:57:49][参数：Array
(
    [trust_way] => 2
    [targetcomp_id] => 91000
    [sendercomp_id] => 91000
    [access_token] => 83157445FE4F40BA8E9B0F725A14D6F52017021408361406402056
    [capital_mode] => l
    [trade_source] => bjjj
    [original_appno] => 20170213000078
    [trade_acco] => 1188
    [password] => 571644c4a63665e4c2804a9f0438abe9
)
https://sitapi.hscloud.cn/cwsale/v1/undotradeapply_trade
回参：Array
(
    [data] => {"data":[{"apply_time":"093000","allot_no":"20170213000081","apply_date":"20170214","success_type":"0","error_code":"","error_info":""}]}
    [code] => 200
)
]
[10:02:15][参数：Array
(
    [targetcomp_id] => 91000
    [sendercomp_id] => 91000
    [access_token] => 83157445FE4F40BA8E9B0F725A14D6F52017021408361406402056
    [trust_way] => 2
    [capital_mode] => l
    [trade_source] => bjjj
    [request_num] => 1
    [reqry_recordsum_flag] => 1
    [qry_beginrownum] => 0
    [trade_acco] => 
    [client_id] => 10278
    [allot_no] => 20170213000082
    [fund_code] => 
    [taconfirm_flag] => 9
    [begin_date] => 20170214
    [end_date] => 20170214
)
https://sitapi.hscloud.cn/cwsale/v1/trade_apply_qry
回参：Array
(
    [data] => {"data":[{"detail_fund_way":"01","send_flags":"0","hope_date":"","money_type":"0","max_trade_succ_quota":"0.00","target_fund_type":"","ta_acco":"*B0000001188","balance":"100000.00","apply_date":"20170214","original_date":"20170214","protocol_period_unit":"","deduct_status":"2","discount_rate":"1.0000","apply_time":"093000","oppo_netno":"","first_exchdate":"","diffscale":"0.0000","max_succ_times":"","ofund_user_type":"","error_code":"","original_appno":"","busin_ass_code":"","shares":"0.00","portfolio_code":"","success_type":"0","portfolio_allot_no":"","bank_no":"003","expiry_date":"","combined_error_info":"","fund_froze_flag":"","busin_board_type":"","share_type":"A","trade_acco":"1188","capital_mode":"l","oppo_agency":"","after_discount_rate":"1.0000","oppo_trade_account":"","order_date":"100141","protocol_name":"","target_fund_code":"","fund_code":"600570","reserve_discount_rate":"1.0000","auto_buy":"","rowcount":"1","cyber_bank_error_id":"","oppo_fund_account":"","total_count":"1","taconfirm_flag":"9","receivable_account":"6228480712413995614","trade_period":"","allot_no":"20170213000082","fund_exceed_flag":"","fund_busin_code":"022","fund_risk_flag":"0","error_info":""}]}
    [code] => 200
)
]
[10:02:15][参数：Array
(
    [targetcomp_id] => 91000
    [sendercomp_id] => 91000
    [access_token] => 83157445FE4F40BA8E9B0F725A14D6F52017021408361406402056
    [request_num] => 1
    [reqry_recordsum_flag] => 1
    [qry_beginrownum] => 0
    [fund_code] => 600570
)
https://sitapi.hscloud.cn/cwsale/v1/newhq_qry
回参：Array
(
    [data] => {"data":[{"ofund_type":"0","per_myriad_income":"0.0000","fund_code":"600570","fund_curr_income":"0.00","rowcount":"1","forbid_modi_autobuy_flag":"0","pre_income_ratio":"0.0000","fund_full_name":"恒生电子股票基金","accept_hq_date":"20170213","share_type":"A","error_code":"","total_count":"1","fund_share":"0.00","fund_name":"恒生电子股票基金","fund_status":"0","ta_no":"B0","success_type":"0","nav_total":"1.7000","nav":"1.7000","prod_term":"0","ofund_risklevel":"0","en_minshare":"0.00","hq_date":"20170210","fund_curr_ratio":"0.0000","error_info":""}]}
    [code] => 200
)
]
[10:02:15][参数：Array
(
    [trust_way] => 2
    [targetcomp_id] => 91000
    [sendercomp_id] => 91000
    [access_token] => 83157445FE4F40BA8E9B0F725A14D6F52017021408361406402056
    [capital_mode] => l
    [trade_source] => bjjj
    [original_appno] => 20170213000082
    [trade_acco] => 1188
    [password] => 571644c4a63665e4c2804a9f0438abe9
)
https://sitapi.hscloud.cn/cwsale/v1/undotradeapply_trade
回参：Array
(
    [data] => {"data":[{"apply_time":"093000","allot_no":"20170213000085","apply_date":"20170214","success_type":"0","error_code":"","error_info":""}]}
    [code] => 200
)
]
[10:29:44][参数：Array
(
    [targetcomp_id] => 91000
    [sendercomp_id] => 91000
    [access_token] => 83157445FE4F40BA8E9B0F725A14D6F52017021408361406402056
    [trust_way] => 2
    [capital_mode] => l
    [trade_source] => bjjj
    [request_num] => 1
    [reqry_recordsum_flag] => 1
    [qry_beginrownum] => 0
    [trade_acco] => 
    [client_id] => 10108
    [allot_no] => 20170214000003
    [fund_code] => 
    [taconfirm_flag] => 9
    [begin_date] => 20170214
    [end_date] => 20170214
)
https://sitapi.hscloud.cn/cwsale/v1/trade_apply_qry
回参：Array
(
    [data] => {"data":[{"detail_fund_way":"01","send_flags":"0","hope_date":"","money_type":"0","max_trade_succ_quota":"0.00","target_fund_type":"","ta_acco":"B01000009851","balance":"50000.00","apply_date":"20170214","original_date":"20170214","protocol_period_unit":"","deduct_status":"2","discount_rate":"1.0000","apply_time":"102914","oppo_netno":"","first_exchdate":"","diffscale":"0.0000","max_succ_times":"","ofund_user_type":"","error_code":"","original_appno":"","busin_ass_code":"","shares":"0.00","portfolio_code":"","success_type":"0","portfolio_allot_no":"","bank_no":"005","expiry_date":"","combined_error_info":"","fund_froze_flag":"","busin_board_type":"","share_type":"A","trade_acco":"1195","capital_mode":"l","oppo_agency":"","after_discount_rate":"1.0000","oppo_trade_account":"","order_date":"102914","protocol_name":"","target_fund_code":"","fund_code":"600570","reserve_discount_rate":"1.0000","auto_buy":"","rowcount":"1","cyber_bank_error_id":"","oppo_fund_account":"","total_count":"1","taconfirm_flag":"9","receivable_account":"6217000340000565980","trade_period":"","allot_no":"20170214000003","fund_exceed_flag":"","fund_busin_code":"022","fund_risk_flag":"0","error_info":""}]}
    [code] => 200
)
]
[10:29:44][参数：Array
(
    [targetcomp_id] => 91000
    [sendercomp_id] => 91000
    [access_token] => 83157445FE4F40BA8E9B0F725A14D6F52017021408361406402056
    [request_num] => 1
    [reqry_recordsum_flag] => 1
    [qry_beginrownum] => 0
    [fund_code] => 600570
)
https://sitapi.hscloud.cn/cwsale/v1/newhq_qry
回参：Array
(
    [data] => {"data":[{"ofund_type":"0","per_myriad_income":"0.0000","fund_code":"600570","fund_curr_income":"0.00","rowcount":"1","forbid_modi_autobuy_flag":"0","pre_income_ratio":"0.0000","fund_full_name":"恒生电子股票基金","accept_hq_date":"20170214","share_type":"A","error_code":"","total_count":"1","fund_share":"0.00","fund_name":"恒生电子股票基金","fund_status":"0","ta_no":"B0","success_type":"0","nav_total":"1.7000","nav":"1.7000","prod_term":"0","ofund_risklevel":"0","en_minshare":"0.00","hq_date":"20170213","fund_curr_ratio":"0.0000","error_info":""}]}
    [code] => 200
)
]
[10:29:45][参数：Array
(
    [trust_way] => 2
    [targetcomp_id] => 91000
    [sendercomp_id] => 91000
    [access_token] => 83157445FE4F40BA8E9B0F725A14D6F52017021408361406402056
    [capital_mode] => l
    [trade_source] => bjjj
    [original_appno] => 20170214000003
    [trade_acco] => 1195
    [password] => e820143041a4921b0ba1fb73f90c36a5
)
https://sitapi.hscloud.cn/cwsale/v1/undotradeapply_trade
回参：Array
(
    [data] => {"data":[{"apply_time":"102945","allot_no":"20170214000006","apply_date":"20170214","success_type":"0","error_code":"","error_info":""}]}
    [code] => 200
)
]
[11:15:36][参数：Array
(
    [targetcomp_id] => 91000
    [sendercomp_id] => 91000
    [access_token] => 83157445FE4F40BA8E9B0F725A14D6F52017021408361406402056
    [trust_way] => 2
    [capital_mode] => l
    [trade_source] => bjjj
    [request_num] => 1
    [reqry_recordsum_flag] => 1
    [qry_beginrownum] => 0
    [trade_acco] => 
    [client_id] => 10118
    [allot_no] => 20170214000018
    [fund_code] => 
    [taconfirm_flag] => 9
    [begin_date] => 20170214
    [end_date] => 20170214
)
https://sitapi.hscloud.cn/cwsale/v1/trade_apply_qry
回参：Array
(
    [data] => {"data":[{"detail_fund_way":"01","send_flags":"0","hope_date":"","money_type":"0","max_trade_succ_quota":"0.00","target_fund_type":"","ta_acco":"B01000009862","balance":"100000.00","apply_date":"20170214","original_date":"20170214","protocol_period_unit":"","deduct_status":"2","discount_rate":"1.0000","apply_time":"111231","oppo_netno":"","first_exchdate":"","diffscale":"0.0000","max_succ_times":"","ofund_user_type":"","error_code":"","original_appno":"","busin_ass_code":"","shares":"0.00","portfolio_code":"","success_type":"0","portfolio_allot_no":"","bank_no":"003","expiry_date":"","combined_error_info":"","fund_froze_flag":"","busin_board_type":"","share_type":"A","trade_acco":"1165","capital_mode":"l","oppo_agency":"","after_discount_rate":"1.0000","oppo_trade_account":"","order_date":"111231","protocol_name":"","target_fund_code":"","fund_code":"600570","reserve_discount_rate":"1.0000","auto_buy":"","rowcount":"1","cyber_bank_error_id":"","oppo_fund_account":"","total_count":"1","taconfirm_flag":"9","receivable_account":"6228452408037333076","trade_period":"","allot_no":"20170214000018","fund_exceed_flag":"","fund_busin_code":"022","fund_risk_flag":"0","error_info":""}]}
    [code] => 200
)
]
[11:15:36][参数：Array
(
    [targetcomp_id] => 91000
    [sendercomp_id] => 91000
    [access_token] => 83157445FE4F40BA8E9B0F725A14D6F52017021408361406402056
    [request_num] => 1
    [reqry_recordsum_flag] => 1
    [qry_beginrownum] => 0
    [fund_code] => 600570
)
https://sitapi.hscloud.cn/cwsale/v1/newhq_qry
回参：Array
(
    [data] => {"data":[{"ofund_type":"0","per_myriad_income":"0.0000","fund_code":"600570","fund_curr_income":"0.00","rowcount":"1","forbid_modi_autobuy_flag":"0","pre_income_ratio":"0.0000","fund_full_name":"恒生电子股票基金","accept_hq_date":"20170214","share_type":"A","error_code":"","total_count":"1","fund_share":"0.00","fund_name":"恒生电子股票基金","fund_status":"0","ta_no":"B0","success_type":"0","nav_total":"1.7000","nav":"1.7000","prod_term":"0","ofund_risklevel":"0","en_minshare":"0.00","hq_date":"20170213","fund_curr_ratio":"0.0000","error_info":""}]}
    [code] => 200
)
]
[11:15:37][参数：Array
(
    [trust_way] => 2
    [targetcomp_id] => 91000
    [sendercomp_id] => 91000
    [access_token] => 83157445FE4F40BA8E9B0F725A14D6F52017021408361406402056
    [capital_mode] => l
    [trade_source] => bjjj
    [original_appno] => 20170214000018
    [trade_acco] => 1165
    [password] => 5dcc73f8fd666d3a9d2d0ce70d36e3ff
)
https://sitapi.hscloud.cn/cwsale/v1/undotradeapply_trade
回参：Array
(
    [data] => {"data":[{"apply_time":"111537","allot_no":"20170214000021","apply_date":"20170214","success_type":"0","error_code":"","error_info":""}]}
    [code] => 200
)
]
[16:41:02][参数：Array
(
    [targetcomp_id] => 91000
    [sendercomp_id] => 91000
    [access_token] => 1FA5B344BD9A4D96A32411B1805745AF2017021413362874147399
    [trust_way] => 2
    [capital_mode] => l
    [trade_source] => bjjj
    [request_num] => 1
    [reqry_recordsum_flag] => 1
    [qry_beginrownum] => 0
    [trade_acco] => 
    [client_id] => 10288
    [allot_no] => 20170214000028
    [fund_code] => 
    [taconfirm_flag] => 9
    [begin_date] => 20170214
    [end_date] => 20170214
)
https://sitapi.hscloud.cn/cwsale/v1/trade_apply_qry
回参：Array
(
    [data] => {"data":[{"detail_fund_way":"","send_flags":"0","hope_date":"","money_type":"0","max_trade_succ_quota":"0.00","target_fund_type":"","ta_acco":"B01000010022","balance":"0.00","apply_date":"20170214","original_date":"20170214","protocol_period_unit":"","deduct_status":"2","discount_rate":"1.0000","apply_time":"141625","oppo_netno":"","first_exchdate":"","diffscale":"0.0000","max_succ_times":"","ofund_user_type":"","error_code":"","original_appno":"","busin_ass_code":"","shares":"5647.06","portfolio_code":"","success_type":"0","portfolio_allot_no":"","bank_no":"003","expiry_date":"","combined_error_info":"","fund_froze_flag":"","busin_board_type":"","share_type":"A","trade_acco":"1192","capital_mode":"l","oppo_agency":"","after_discount_rate":"1.0000","oppo_trade_account":"","order_date":"141625","protocol_name":"","target_fund_code":"","fund_code":"600570","reserve_discount_rate":"1.0000","auto_buy":"","rowcount":"1","cyber_bank_error_id":"","oppo_fund_account":"","total_count":"1","taconfirm_flag":"9","receivable_account":"6228480712413995614","trade_period":"","allot_no":"20170214000028","fund_exceed_flag":"1","fund_busin_code":"024","fund_risk_flag":"0","error_info":""}]}
    [code] => 200
)
]
[16:41:02][参数：Array
(
    [targetcomp_id] => 91000
    [sendercomp_id] => 91000
    [access_token] => 1FA5B344BD9A4D96A32411B1805745AF2017021413362874147399
    [request_num] => 1
    [reqry_recordsum_flag] => 1
    [qry_beginrownum] => 0
    [fund_code] => 600570
)
https://sitapi.hscloud.cn/cwsale/v1/newhq_qry
回参：Array
(
    [data] => {"data":[{"ofund_type":"0","per_myriad_income":"0.0000","fund_code":"600570","fund_curr_income":"0.00","rowcount":"1","forbid_modi_autobuy_flag":"0","pre_income_ratio":"0.0000","fund_full_name":"恒生电子股票基金","accept_hq_date":"20170214","share_type":"A","error_code":"","total_count":"1","fund_share":"0.00","fund_name":"恒生电子股票基金","fund_status":"0","ta_no":"B0","success_type":"0","nav_total":"1.7000","nav":"1.7000","prod_term":"0","ofund_risklevel":"0","en_minshare":"0.00","hq_date":"20170213","fund_curr_ratio":"0.0000","error_info":""}]}
    [code] => 200
)
]
[16:41:02][参数：Array
(
    [trust_way] => 2
    [targetcomp_id] => 91000
    [sendercomp_id] => 91000
    [access_token] => 1FA5B344BD9A4D96A32411B1805745AF2017021413362874147399
    [capital_mode] => l
    [trade_source] => bjjj
    [original_appno] => 20170214000028
    [trade_acco] => 1192
    [password] => 6803cbb9b19241ab53919a7f025bc107
)
https://sitapi.hscloud.cn/cwsale/v1/undotradeapply_trade
回参：Array
(
    [data] => {"data":[{"apply_time":"","allot_no":"","apply_date":"","success_type":"3","error_code":"1261","error_info":"当前工作日与原工作日不同！当前工作日20170215"}]}
    [code] => 200
)
]
[16:47:04][参数：Array
(
    [targetcomp_id] => 91000
    [sendercomp_id] => 91000
    [access_token] => 1FA5B344BD9A4D96A32411B1805745AF2017021413362874147399
    [trust_way] => 2
    [capital_mode] => l
    [trade_source] => bjjj
    [request_num] => 1
    [reqry_recordsum_flag] => 1
    [qry_beginrownum] => 0
    [trade_acco] => 
    [client_id] => 10288
    [allot_no] => 20170214000028
    [fund_code] => 
    [taconfirm_flag] => 9
    [begin_date] => 20170214
    [end_date] => 20170214
)
https://sitapi.hscloud.cn/cwsale/v1/trade_apply_qry
回参：Array
(
    [data] => {"data":[{"detail_fund_way":"","send_flags":"0","hope_date":"","money_type":"0","max_trade_succ_quota":"0.00","target_fund_type":"","ta_acco":"B01000010022","balance":"0.00","apply_date":"20170214","original_date":"20170214","protocol_period_unit":"","deduct_status":"2","discount_rate":"1.0000","apply_time":"141625","oppo_netno":"","first_exchdate":"","diffscale":"0.0000","max_succ_times":"","ofund_user_type":"","error_code":"","original_appno":"","busin_ass_code":"","shares":"5647.06","portfolio_code":"","success_type":"0","portfolio_allot_no":"","bank_no":"003","expiry_date":"","combined_error_info":"","fund_froze_flag":"","busin_board_type":"","share_type":"A","trade_acco":"1192","capital_mode":"l","oppo_agency":"","after_discount_rate":"1.0000","oppo_trade_account":"","order_date":"141625","protocol_name":"","target_fund_code":"","fund_code":"600570","reserve_discount_rate":"1.0000","auto_buy":"","rowcount":"1","cyber_bank_error_id":"","oppo_fund_account":"","total_count":"1","taconfirm_flag":"9","receivable_account":"6228480712413995614","trade_period":"","allot_no":"20170214000028","fund_exceed_flag":"1","fund_busin_code":"024","fund_risk_flag":"0","error_info":""}]}
    [code] => 200
)
]
[16:47:05][参数：Array
(
    [targetcomp_id] => 91000
    [sendercomp_id] => 91000
    [access_token] => 1FA5B344BD9A4D96A32411B1805745AF2017021413362874147399
    [request_num] => 1
    [reqry_recordsum_flag] => 1
    [qry_beginrownum] => 0
    [fund_code] => 600570
)
https://sitapi.hscloud.cn/cwsale/v1/newhq_qry
回参：Array
(
    [data] => {"data":[{"ofund_type":"0","per_myriad_income":"0.0000","fund_code":"600570","fund_curr_income":"0.00","rowcount":"1","forbid_modi_autobuy_flag":"0","pre_income_ratio":"0.0000","fund_full_name":"恒生电子股票基金","accept_hq_date":"20170214","share_type":"A","error_code":"","total_count":"1","fund_share":"0.00","fund_name":"恒生电子股票基金","fund_status":"0","ta_no":"B0","success_type":"0","nav_total":"1.7000","nav":"1.7000","prod_term":"0","ofund_risklevel":"0","en_minshare":"0.00","hq_date":"20170213","fund_curr_ratio":"0.0000","error_info":""}]}
    [code] => 200
)
]
[16:47:05][参数：Array
(
    [trust_way] => 2
    [targetcomp_id] => 91000
    [sendercomp_id] => 91000
    [access_token] => 1FA5B344BD9A4D96A32411B1805745AF2017021413362874147399
    [capital_mode] => l
    [trade_source] => bjjj
    [original_appno] => 20170214000028
    [trade_acco] => 1192
    [password] => 6803cbb9b19241ab53919a7f025bc107
)
https://sitapi.hscloud.cn/cwsale/v1/undotradeapply_trade
回参：Array
(
    [data] => {"data":[{"apply_time":"","allot_no":"","apply_date":"","success_type":"3","error_code":"1261","error_info":"当前工作日与原工作日不同！当前工作日20170215"}]}
    [code] => 200
)
]
[16:59:40][参数：Array
(
    [targetcomp_id] => 91000
    [sendercomp_id] => 91000
    [access_token] => 1FA5B344BD9A4D96A32411B1805745AF2017021413362874147399
    [trust_way] => 2
    [capital_mode] => l
    [trade_source] => bjjj
    [request_num] => 1
    [reqry_recordsum_flag] => 1
    [qry_beginrownum] => 0
    [trade_acco] => 
    [client_id] => 10288
    [allot_no] => 20170214000028
    [fund_code] => 
    [taconfirm_flag] => 9
    [begin_date] => 20170214
    [end_date] => 20170214
)
https://sitapi.hscloud.cn/cwsale/v1/trade_apply_qry
回参：Array
(
    [data] => {"data":[{"detail_fund_way":"","send_flags":"0","hope_date":"","money_type":"0","max_trade_succ_quota":"0.00","target_fund_type":"","ta_acco":"B01000010022","balance":"0.00","apply_date":"20170214","original_date":"20170214","protocol_period_unit":"","deduct_status":"2","discount_rate":"1.0000","apply_time":"141625","oppo_netno":"","first_exchdate":"","diffscale":"0.0000","max_succ_times":"","ofund_user_type":"","error_code":"","original_appno":"","busin_ass_code":"","shares":"5647.06","portfolio_code":"","success_type":"0","portfolio_allot_no":"","bank_no":"003","expiry_date":"","combined_error_info":"","fund_froze_flag":"","busin_board_type":"","share_type":"A","trade_acco":"1192","capital_mode":"l","oppo_agency":"","after_discount_rate":"1.0000","oppo_trade_account":"","order_date":"141625","protocol_name":"","target_fund_code":"","fund_code":"600570","reserve_discount_rate":"1.0000","auto_buy":"","rowcount":"1","cyber_bank_error_id":"","oppo_fund_account":"","total_count":"1","taconfirm_flag":"9","receivable_account":"6228480712413995614","trade_period":"","allot_no":"20170214000028","fund_exceed_flag":"1","fund_busin_code":"024","fund_risk_flag":"0","error_info":""}]}
    [code] => 200
)
]
[16:59:40][参数：Array
(
    [targetcomp_id] => 91000
    [sendercomp_id] => 91000
    [access_token] => 1FA5B344BD9A4D96A32411B1805745AF2017021413362874147399
    [request_num] => 1
    [reqry_recordsum_flag] => 1
    [qry_beginrownum] => 0
    [fund_code] => 600570
)
https://sitapi.hscloud.cn/cwsale/v1/newhq_qry
回参：Array
(
    [data] => {"data":[{"ofund_type":"0","per_myriad_income":"0.0000","fund_code":"600570","fund_curr_income":"0.00","rowcount":"1","forbid_modi_autobuy_flag":"0","pre_income_ratio":"0.0000","fund_full_name":"恒生电子股票基金","accept_hq_date":"20170214","share_type":"A","error_code":"","total_count":"1","fund_share":"0.00","fund_name":"恒生电子股票基金","fund_status":"0","ta_no":"B0","success_type":"0","nav_total":"1.7000","nav":"1.7000","prod_term":"0","ofund_risklevel":"0","en_minshare":"0.00","hq_date":"20170213","fund_curr_ratio":"0.0000","error_info":""}]}
    [code] => 200
)
]
[16:59:41][参数：Array
(
    [trust_way] => 2
    [targetcomp_id] => 91000
    [sendercomp_id] => 91000
    [access_token] => 1FA5B344BD9A4D96A32411B1805745AF2017021413362874147399
    [capital_mode] => l
    [trade_source] => bjjj
    [original_appno] => 20170214000028
    [trade_acco] => 1192
    [password] => 6803cbb9b19241ab53919a7f025bc107
)
https://sitapi.hscloud.cn/cwsale/v1/undotradeapply_trade
回参：Array
(
    [data] => {"data":[{"apply_time":"","allot_no":"","apply_date":"","success_type":"3","error_code":"1261","error_info":"当前工作日与原工作日不同！当前工作日20170215"}]}
    [code] => 200
)
]
[16:59:52][参数：Array
(
    [targetcomp_id] => 91000
    [sendercomp_id] => 91000
    [access_token] => 1FA5B344BD9A4D96A32411B1805745AF2017021413362874147399
    [trust_way] => 2
    [capital_mode] => l
    [trade_source] => bjjj
    [request_num] => 1
    [reqry_recordsum_flag] => 1
    [qry_beginrownum] => 0
    [trade_acco] => 
    [client_id] => 10288
    [allot_no] => 20170214000028
    [fund_code] => 
    [taconfirm_flag] => 9
    [begin_date] => 20170214
    [end_date] => 20170214
)
https://sitapi.hscloud.cn/cwsale/v1/trade_apply_qry
回参：Array
(
    [data] => {"data":[{"detail_fund_way":"","send_flags":"0","hope_date":"","money_type":"0","max_trade_succ_quota":"0.00","target_fund_type":"","ta_acco":"B01000010022","balance":"0.00","apply_date":"20170214","original_date":"20170214","protocol_period_unit":"","deduct_status":"2","discount_rate":"1.0000","apply_time":"141625","oppo_netno":"","first_exchdate":"","diffscale":"0.0000","max_succ_times":"","ofund_user_type":"","error_code":"","original_appno":"","busin_ass_code":"","shares":"5647.06","portfolio_code":"","success_type":"0","portfolio_allot_no":"","bank_no":"003","expiry_date":"","combined_error_info":"","fund_froze_flag":"","busin_board_type":"","share_type":"A","trade_acco":"1192","capital_mode":"l","oppo_agency":"","after_discount_rate":"1.0000","oppo_trade_account":"","order_date":"141625","protocol_name":"","target_fund_code":"","fund_code":"600570","reserve_discount_rate":"1.0000","auto_buy":"","rowcount":"1","cyber_bank_error_id":"","oppo_fund_account":"","total_count":"1","taconfirm_flag":"9","receivable_account":"6228480712413995614","trade_period":"","allot_no":"20170214000028","fund_exceed_flag":"1","fund_busin_code":"024","fund_risk_flag":"0","error_info":""}]}
    [code] => 200
)
]
[16:59:52][参数：Array
(
    [targetcomp_id] => 91000
    [sendercomp_id] => 91000
    [access_token] => 1FA5B344BD9A4D96A32411B1805745AF2017021413362874147399
    [request_num] => 1
    [reqry_recordsum_flag] => 1
    [qry_beginrownum] => 0
    [fund_code] => 600570
)
https://sitapi.hscloud.cn/cwsale/v1/newhq_qry
回参：Array
(
    [data] => {"data":[{"ofund_type":"0","per_myriad_income":"0.0000","fund_code":"600570","fund_curr_income":"0.00","rowcount":"1","forbid_modi_autobuy_flag":"0","pre_income_ratio":"0.0000","fund_full_name":"恒生电子股票基金","accept_hq_date":"20170214","share_type":"A","error_code":"","total_count":"1","fund_share":"0.00","fund_name":"恒生电子股票基金","fund_status":"0","ta_no":"B0","success_type":"0","nav_total":"1.7000","nav":"1.7000","prod_term":"0","ofund_risklevel":"0","en_minshare":"0.00","hq_date":"20170213","fund_curr_ratio":"0.0000","error_info":""}]}
    [code] => 200
)
]
[16:59:53][参数：Array
(
    [trust_way] => 2
    [targetcomp_id] => 91000
    [sendercomp_id] => 91000
    [access_token] => 1FA5B344BD9A4D96A32411B1805745AF2017021413362874147399
    [capital_mode] => l
    [trade_source] => bjjj
    [original_appno] => 20170214000028
    [trade_acco] => 1192
    [password] => 6803cbb9b19241ab53919a7f025bc107
)
https://sitapi.hscloud.cn/cwsale/v1/undotradeapply_trade
回参：Array
(
    [data] => {"data":[{"apply_time":"","allot_no":"","apply_date":"","success_type":"3","error_code":"1261","error_info":"当前工作日与原工作日不同！当前工作日20170215"}]}
    [code] => 200
)
]
[17:30:58][参数：Array
(
    [targetcomp_id] => 91000
    [sendercomp_id] => 91000
    [access_token] => 1FA5B344BD9A4D96A32411B1805745AF2017021413362874147399
    [trust_way] => 2
    [capital_mode] => l
    [trade_source] => bjjj
    [request_num] => 1
    [reqry_recordsum_flag] => 1
    [qry_beginrownum] => 0
    [trade_acco] => 
    [client_id] => 10288
    [allot_no] => 20170214000028
    [fund_code] => 
    [taconfirm_flag] => 9
    [begin_date] => 20170214
    [end_date] => 20170214
)
https://sitapi.hscloud.cn/cwsale/v1/trade_apply_qry
回参：Array
(
    [data] => {"data":[{"detail_fund_way":"","send_flags":"0","hope_date":"","money_type":"0","max_trade_succ_quota":"0.00","target_fund_type":"","ta_acco":"B01000010022","balance":"0.00","apply_date":"20170214","original_date":"20170214","protocol_period_unit":"","deduct_status":"2","discount_rate":"1.0000","apply_time":"141625","oppo_netno":"","first_exchdate":"","diffscale":"0.0000","max_succ_times":"","ofund_user_type":"","error_code":"","original_appno":"","busin_ass_code":"","shares":"5647.06","portfolio_code":"","success_type":"0","portfolio_allot_no":"","bank_no":"003","expiry_date":"","combined_error_info":"","fund_froze_flag":"","busin_board_type":"","share_type":"A","trade_acco":"1192","capital_mode":"l","oppo_agency":"","after_discount_rate":"1.0000","oppo_trade_account":"","order_date":"141625","protocol_name":"","target_fund_code":"","fund_code":"600570","reserve_discount_rate":"1.0000","auto_buy":"","rowcount":"1","cyber_bank_error_id":"","oppo_fund_account":"","total_count":"1","taconfirm_flag":"9","receivable_account":"6228480712413995614","trade_period":"","allot_no":"20170214000028","fund_exceed_flag":"1","fund_busin_code":"024","fund_risk_flag":"0","error_info":""}]}
    [code] => 200
)
]
[17:30:58][参数：Array
(
    [targetcomp_id] => 91000
    [sendercomp_id] => 91000
    [access_token] => 1FA5B344BD9A4D96A32411B1805745AF2017021413362874147399
    [request_num] => 1
    [reqry_recordsum_flag] => 1
    [qry_beginrownum] => 0
    [fund_code] => 600570
)
https://sitapi.hscloud.cn/cwsale/v1/newhq_qry
回参：Array
(
    [data] => {"data":[{"ofund_type":"0","per_myriad_income":"0.0000","fund_code":"600570","fund_curr_income":"0.00","rowcount":"1","forbid_modi_autobuy_flag":"0","pre_income_ratio":"0.0000","fund_full_name":"恒生电子股票基金","accept_hq_date":"20170214","share_type":"A","error_code":"","total_count":"1","fund_share":"0.00","fund_name":"恒生电子股票基金","fund_status":"0","ta_no":"B0","success_type":"0","nav_total":"1.7000","nav":"1.7000","prod_term":"0","ofund_risklevel":"0","en_minshare":"0.00","hq_date":"20170213","fund_curr_ratio":"0.0000","error_info":""}]}
    [code] => 200
)
]
[17:30:58][参数：Array
(
    [trust_way] => 2
    [targetcomp_id] => 91000
    [sendercomp_id] => 91000
    [access_token] => 1FA5B344BD9A4D96A32411B1805745AF2017021413362874147399
    [capital_mode] => l
    [trade_source] => bjjj
    [original_appno] => 20170214000028
    [trade_acco] => 1192
    [password] => 6803cbb9b19241ab53919a7f025bc107
)
https://sitapi.hscloud.cn/cwsale/v1/undotradeapply_trade
回参：Array
(
    [data] => {"data":[{"apply_time":"","allot_no":"","apply_date":"","success_type":"3","error_code":"1261","error_info":"当前工作日与原工作日不同！当前工作日20170215"}]}
    [code] => 200
)
]
