[20:21:27][|-dParam-|Array
(
    [SendRate] => 2303
    [UserID] => 167
)
]
[20:22:51][|-dParam-|Array
(
    [SendRate] => 2303
    [UserID] => 167
)
]
[20:24:15][|-dParam-|Array
(
    [SendRate] => 2303
    [UserID] => 167
)
]
[20:24:26][|-dParam-|Array
(
    [SendRate] => 2303
    [UserID] => 167
)
]
[20:27:26][|-dParam-|Array
(
    [TelPhone] => adfadfadfad
    [Address] => safdadfasdf
    [Postal] => 2323232
    [Email] => kaslf@cmlsa.com
    [SendRate] => 2303
    [SendMethod] => 
    [UserID] => 167
)
]
[20:27:42][|-dParam-|Array
(
    [TelPhone] => adfadfadfad
    [Address] => safdadfasdf
    [Postal] => 2323232
    [Email] => kaslf@cmlsa.com
    [SendRate] => 2303
    [SendMethod] => 
    [UserID] => 167
)
]
[20:28:25][|-dParam-|Array
(
    [TelPhone] => adfadfadfad
    [Address] => safdadfasdf
    [Postal] => 2323232
    [Email] => kaslf@cmlsa.com
    [SendRate] => 2303
    [SendMethod] => a:1:{i:0;i:1;}
    [UserID] => 167
)
]
[20:28:37][|-dParam-|Array
(
    [TelPhone] => adfadfadfad
    [Address] => safdadfasdf
    [Postal] => 2323232
    [Email] => kaslf@cmlsa.com
    [SendRate] => 2303
    [SendMethod] => a:1:{i:0;i:1;}
    [UserID] => 167
)
]
[20:42:29][|-dParam-|Array
(
    [TelPhone] => adfadfadfad
    [Address] => safdadfasdf
    [Postal] => 2323232
    [Email] => kaslf@cmlsa.com
    [SendRate] => 2303
    [SendMethod] => a:1:{i:0;i:1;}
    [UserID] => 167
)
]
[20:43:17][|-dParam-|Array
(
    [TelPhone] => adfadfadfad
    [Address] => safdadfasdf
    [Postal] => 2323232
    [Email] => kaslf@cmlsa.com
    [SendRate] => 2303
    [SendMethod] => a:1:{i:0;i:1;}
    [UserID] => 167
)
]
[20:43:34][|-dParam-|Array
(
    [TelPhone] => adfadfadfad
    [Address] => safdadfasdf
    [Postal] => 2323232
    [Email] => kaslf@cmlsa.com
    [SendRate] => 2303
    [SendMethod] => a:1:{i:0;i:1;}
    [UserID] => 167
)
]
[20:47:42][|-dParam-|Array
(
    [SendRate] => 2303
    [SendMethod] => a:1:{i:0;i:1;}
    [UserID] => 167
)
]
[20:47:53][|-dParam-|Array
(
    [SendRate] => 2303
    [UserID] => 167
)
]
[20:48:04][|-dParam-|Array
(
    [SendRate] => 1
    [UserID] => 167
)
]
[20:51:50][|-dParam-|Array
(
    [SendMethod] => a:2:{i:0;i:1;i:1;i:2;}
    [UserID] => 167
)
]
[20:55:20][|-dParam-|Array
(
    [SendMethod] => a:1:{i:0;i:1;}
    [UserID] => 167
)
]
[20:56:31][|-dParam-|Array
(
    [SendMethod] => a:2:{i:0;i:1;i:1;i:2;}
    [UserID] => 167
)
]
[20:56:39][|-dParam-|Array
(
    [SendMethod] => a:1:{i:0;i:2;}
    [UserID] => 167
)
]
[20:56:54][|-dParam-|Array
(
    [SendMethod] => a:2:{i:0;i:1;i:1;i:2;}
    [UserID] => 167
)
]
[21:00:25][|-aParam-|Array
(
    [EndValidDate] => 2021-04-29
)
]
[21:00:34][|-aParam-|Array
(
    [EndValidDate] => 2021-04-29
)
]
[21:01:25][|-aParam-|Array
(
    [EndValidDate] => 2021-04-29
)
]
[21:01:25][|-uRs-|Array
(
    [flag] => 10000
    [msg] => ok
    [info] => 
)
]
