[10:55:34][|-dParam-|Array
(
    [SendRate] => 2
    [UserID] => 178
)
]
[10:55:42][|-dParam-|Array
(
    [SendRate] => 2
    [UserID] => 178
)
]
[10:56:39][|-dParam-|Array
(
    [SendRate] => 2
    [UserID] => 178
)
]
[11:00:05][|-dParam-|Array
(
    [ReservedContent] => 123
    [UserID] => 170
)
]
[14:51:06][|-dParam-|Array
(
    [SendRate] => 2
    [SendMethod] => a:1:{i:0;i:2;}
    [UserID] => 196
)
]
[15:06:38][|-dParam-|Array
(
    [SendRate] => 3
    [UserID] => 178
)
]
[16:31:01][|-dParam-|Array
(
    [SendRate] => 3
    [SendMethod] => a:1:{i:0;i:1;}
    [UserID] => 178
)
]
[16:31:02][|-dParam-|Array
(
    [TelPhone] => 7512116
    [Address] => 湖北省武汉市洪山区
    [Postal] => 430000
    [Email] => 18320825218@163.com
    [ReservedContent] => 好好学习天天向上
    [Job] => 1
    [UserID] => 225
)
]
[16:31:30][|-dParam-|Array
(
    [SendRate] => 3
    [SendMethod] => a:1:{i:0;i:1;}
    [UserID] => 178
)
]
