[17:02:35][|-Param-|Array
(
    [UserID] => 69
    [Province] => 福建省
    [City] => 福州市
    [BankName] => 中国农业银行
    [BankNo] => 003
    [BranchBank] => 103391013537
    [BankCard] => 6228480068816522772
    [Mobile] => 13599951535
    [NickName] => 邹奋
    [IdentityNumber] => 350122198812076538
    [Sex] => 1
    [Password] => d65999b4039b0ae2adc5d534fa7e96b8
    [EndValidDate] => 2099-01-01
    [Status] => 1
    [protocolNo] => 
    [DataTime] => 2017-01-24 17:02:35
)
]
[17:02:35][|-uuRs-|1]
[17:02:35][|-xParam-|Array
(
    [en_entrust_way] => 0|1|1|0|0|0|0|
    [order_date] => 2017-01-24
    [apply_time] => 2017-01-24
    [cust_type] => l
    [client_full_name] => 邹奋
    [client_name] => 邹奋
    [fund_nationality] => 156
    [id_kind_gb] => 0
    [id_no] => 350122198812076538
    [password] => d65999b4039b0ae2adc5d534fa7e96b8
    [mobile_tel] => 13599951535
    [bank_no] => 003
    [bank_name] => 
    [bank_account] => 6228480068816522772
    [bank_account_name] => 邹奋
    [capital_mode] => l
    [ta_no] => B0
    [fund_card] => 
    [branchbank] => 103391013537
    [detail_fund_way] => 01
    [id_enddate] => 2099-01-01
    [fund_interface_type] => 1
)
]
[17:02:40][|-rs-|Array
(
)
]
[17:02:40][|-ibParam-|Array
(
    [UserID] => 69
    [Province] => 福建省
    [City] => 福州市
    [BankName] => 中国农业银行
    [BankNo] => 003
    [BranchBank] => 103391013537
    [BankCard] => 6228480068816522772
    [Mobile] => 13599951535
    [Status] => 1
    [DataTime] => 2017-01-24 17:02:40
)
]
[17:02:40][|-ibRs-|2]
[17:02:40][|-iaParam-|Array
(
    [UserID] => 69
    [TrueName] => 中国农业银行
    [Sex] => 1
    [IdentityNumber] => 350122198812076538
    [Status] => 1
    [CheckTime] => 2017-01-24 17:02:40
    [DataTime] => 2017-01-24 17:02:40
    [EndValidDate] => 2099-01-01
)
]
[17:02:40][|-iaRs-|0]
[17:05:42][|-Param-|Array
(
    [UserID] => 69
    [Province] => 福建省
    [City] => 福州市
    [BankName] => 中国农业银行
    [BankNo] => 003
    [BranchBank] => 103391013537
    [BankCard] => 6228480068816522772
    [Mobile] => 13599951535
    [NickName] => 邹奋
    [IdentityNumber] => 350122198812076538
    [Sex] => 1
    [Password] => d65999b4039b0ae2adc5d534fa7e96b8
    [EndValidDate] => 2099-01-01
    [Status] => 1
    [protocolNo] => 
    [DataTime] => 2017-01-24 17:05:42
)
]
[17:05:42][|-xParam-|Array
(
    [en_entrust_way] => 0|1|1|0|0|0|0|
    [order_date] => 2017-01-24
    [apply_time] => 2017-01-24
    [cust_type] => l
    [client_full_name] => 邹奋
    [client_name] => 邹奋
    [fund_nationality] => 156
    [id_kind_gb] => 0
    [id_no] => 350122198812076538
    [password] => d65999b4039b0ae2adc5d534fa7e96b8
    [mobile_tel] => 13599951535
    [bank_no] => 003
    [bank_name] => 中国农业银行
    [bank_account] => 6228480068816522772
    [bank_account_name] => 邹奋
    [capital_mode] => l
    [ta_no] => B0
    [fund_card] => 
    [branchbank] => 103391013537
    [detail_fund_way] => 01
    [id_enddate] => 2099-01-01
    [fund_interface_type] => 1
)
]
[17:05:47][|-rs-|Array
(
)
]
[17:05:47][|-ibParam-|Array
(
    [UserID] => 69
    [Province] => 福建省
    [City] => 福州市
    [BankName] => 中国农业银行
    [BankNo] => 003
    [BranchBank] => 103391013537
    [BankCard] => 6228480068816522772
    [Mobile] => 13599951535
    [Status] => 1
    [DataTime] => 2017-01-24 17:05:47
)
]
[17:05:47][|-ibRs-|3]
[17:09:38][|-Param-|Array
(
    [UserID] => 69
    [Province] => 福建省
    [City] => 福州市
    [BankName] => 中国农业银行
    [BankNo] => 003
    [BranchBank] => 103391013537
    [BankCard] => 6228480068816522772
    [Mobile] => 13599951535
    [NickName] => 邹奋
    [IdentityNumber] => 350122198812076538
    [Sex] => 1
    [Password] => d65999b4039b0ae2adc5d534fa7e96b8
    [EndValidDate] => 2099-01-01
    [Status] => 1
    [protocolNo] => 
    [DataTime] => 2017-01-24 17:09:38
)
]
[17:09:38][|-xParam-|Array
(
    [en_entrust_way] => 0|1|1|0|0|0|0|
    [order_date] => 2017-01-24
    [apply_time] => 2017-01-24
    [cust_type] => l
    [client_full_name] => 邹奋
    [client_name] => 邹奋
    [fund_nationality] => 156
    [id_kind_gb] => 0
    [id_no] => 350122198812076538
    [password] => d65999b4039b0ae2adc5d534fa7e96b8
    [mobile_tel] => 13599951535
    [bank_no] => 003
    [bank_name] => 中国农业银行
    [bank_account] => 6228480068816522772
    [bank_account_name] => 邹奋
    [capital_mode] => l
    [ta_no] => B0
    [fund_card] => 
    [branchbank] => 103391013537
    [detail_fund_way] => 01
    [id_enddate] => 2099-01-01
    [fund_interface_type] => 1
)
]
[17:09:43][|-rs-|Array
(
)
]
[17:13:27][|-Param-|Array
(
    [UserID] => 69
    [Province] => 福建省
    [City] => 福州市
    [BankName] => 中国农业银行
    [BankNo] => 003
    [BranchBank] => 103391013537
    [BankCard] => 6228480068816522772
    [Mobile] => 13599951535
    [NickName] => 邹奋
    [IdentityNumber] => 350122198812076538
    [Sex] => 1
    [Password] => d65999b4039b0ae2adc5d534fa7e96b8
    [EndValidDate] => 2099-01-01
    [Status] => 1
    [protocolNo] => 
    [DataTime] => 2017-01-24 17:13:27
)
]
[17:13:27][|-xParam-|Array
(
    [trust_way] => 2
    [en_entrust_way] => 0|1|1|0|0|0|0|
    [order_date] => 2017-01-24
    [apply_time] => 2017-01-24
    [cust_type] => l
    [client_full_name] => 邹奋
    [client_name] => 邹奋
    [fund_nationality] => 156
    [id_kind_gb] => 0
    [id_no] => 350122198812076538
    [password] => d65999b4039b0ae2adc5d534fa7e96b8
    [mobile_tel] => 13599951535
    [bank_no] => 003
    [bank_name] => 中国农业银行
    [bank_account] => 6228480068816522772
    [bank_account_name] => 邹奋
    [capital_mode] => l
    [ta_no] => B0
    [fund_card] => 
    [branchbank] => 103391013537
    [detail_fund_way] => 01
    [id_enddate] => 2099-01-01
    [fund_interface_type] => 1
)
]
[17:13:32][|-rs-|Array
(
)
]
[17:16:17][|-Param-|Array
(
    [UserID] => 69
    [Province] => 福建省
    [City] => 福州市
    [BankName] => 中国农业银行
    [BankNo] => 003
    [BranchBank] => 103391013537
    [BankCard] => 6228480068816522772
    [Mobile] => 13599951535
    [NickName] => 邹奋
    [IdentityNumber] => 350122198812076538
    [Sex] => 1
    [Password] => d65999b4039b0ae2adc5d534fa7e96b8
    [EndValidDate] => 2099-01-01
    [Status] => 1
    [protocolNo] => 
    [DataTime] => 2017-01-24 17:16:17
)
]
[17:16:17][|-xParam-|Array
(
    [trust_way] => 2
    [en_entrust_way] => 0|1|1|0|0|0|0|
    [order_date] => 2017-01-24
    [apply_time] => 2017-01-24
    [cust_type] => l
    [client_full_name] => 邹奋
    [client_name] => 邹奋
    [fund_nationality] => 156
    [id_kind_gb] => 0
    [id_no] => 350122198812076538
    [password] => d65999b4039b0ae2adc5d534fa7e96b8
    [mobile_tel] => 13599951535
    [bank_no] => 003
    [bank_name] => 中国农业银行
    [bank_account] => 6228480068816522772
    [bank_account_name] => 邹奋
    [capital_mode] => l
    [ta_no] => B0
    [fund_card] => 
    [branchbank] => 103391013537
    [detail_fund_way] => 01
    [id_enddate] => 2099-01-01
    [fund_interface_type] => 1
)
]
[17:16:22][|-rs-|Array
(
)
]
[17:42:15][|-Param-|Array
(
    [UserID] => 69
    [Province] => 福建省
    [City] => 福州市
    [BankName] => 中国农业银行
    [BankNo] => 003
    [BranchBank] => 103391013537
    [BankCard] => 6228480068816522772
    [Mobile] => 13599951535
    [NickName] => 邹奋
    [IdentityNumber] => 350122198812076538
    [Sex] => 1
    [Password] => d65999b4039b0ae2adc5d534fa7e96b8
    [EndValidDate] => 2099-01-01
    [Status] => 1
    [protocolNo] => 
    [DataTime] => 2017-01-24 17:42:15
)
]
[17:42:15][|-xParam-|Array
(
    [trust_way] => 2
    [en_entrust_way] => 0|1|1|0|0|0|0|
    [order_date] => 20170124
    [apply_time] => 174215
    [cust_type] => l
    [client_full_name] => 邹奋
    [client_name] => 邹奋
    [fund_nationality] => 156
    [id_kind_gb] => 0
    [id_no] => 350122198812076538
    [password] => d65999b4039b0ae2adc5d534fa7e96b8
    [mobile_tel] => 13599951535
    [bank_no] => 003
    [bank_name] => 中国农业银行
    [bank_account] => 6228480068816522772
    [bank_account_name] => 邹奋
    [capital_mode] => l
    [ta_no] => B0
    [fund_card] => 
    [branchbank] => 103391013537
    [detail_fund_way] => 01
    [id_enddate] => 2099-01-01
    [fund_interface_type] => 1
)
]
[17:42:20][|-rs-|Array
(
)
]
