[14:04:56][参数：Array
(
    [targetcomp_id] => 91000
    [sendercomp_id] => 91000
    [access_token] => FE586AF32990427A8AB1F2C6167333372017012214045756620958
    [request_num] => 1
    [reqry_recordsum_flag] => 1
    [qry_beginrownum] => 0
    [fund_code] => 600570
    [trust_way] => 2
)
https://sitapi.hscloud.cn/cwsale/v1/rate_qry
回参：Array
(
    [data] => {"data":[{"max_balance":"0.00","min_balance":"0.00","min_fare":"0.00","fund_code":"600570","rowcount":"1","share_type":"A","error_code":"","total_count":"10","sale_type":"0","max_fare":"0.00","cust_type":"1","zoneno":"231","fare_type":"0","ratio":"0.2000","success_type":"0","max_hold":"","min_predays":"","busin_flag":"020","min_hold":"","max_predays":"","error_info":""}]}
    [code] => 200
)
]
[14:04:57][参数：Array
(
    [targetcomp_id] => 91000
    [sendercomp_id] => 91000
    [access_token] => FE586AF32990427A8AB1F2C6167333372017012214045756620958
    [request_num] => 1
    [reqry_recordsum_flag] => 1
    [qry_beginrownum] => 0
    [fund_code] => 600570
)
https://sitapi.hscloud.cn/cwsale/v1/newhq_qry
回参：Array
(
    [data] => {"data":[{"ofund_type":"0","per_myriad_income":"0.0000","fund_code":"600570","fund_curr_income":"0.00","rowcount":"1","forbid_modi_autobuy_flag":"0","pre_income_ratio":"0.0000","fund_full_name":"恒生电子股票基金","accept_hq_date":"20170118","share_type":"A","error_code":"","total_count":"1","fund_share":"0.00","fund_name":"恒生电子股票基金","fund_status":"0","ta_no":"B0","success_type":"0","nav_total":"1.7000","nav":"1.7000","prod_term":"0","ofund_risklevel":"0","en_minshare":"0.00","hq_date":"20170117","fund_curr_ratio":"0.0000","error_info":""}]}
    [code] => 200
)
]
[14:04:57][参数：Array
(
    [targetcomp_id] => 91000
    [sendercomp_id] => 91000
    [access_token] => C36E6207DCA4429A9A6934CFA3898E0D2017012214045778602054
    [request_num] => 1
    [reqry_recordsum_flag] => 1
    [qry_beginrownum] => 0
    [fund_code] => 600570
    [trust_way] => 2
)
https://sitapi.hscloud.cn/cwsale/v1/rate_qry
回参：Array
(
    [data] => {"data":[{"max_balance":"0.00","min_balance":"0.00","min_fare":"0.00","fund_code":"600570","rowcount":"1","share_type":"A","error_code":"","total_count":"10","sale_type":"0","max_fare":"0.00","cust_type":"1","zoneno":"231","fare_type":"0","ratio":"0.2000","success_type":"0","max_hold":"","min_predays":"","busin_flag":"020","min_hold":"","max_predays":"","error_info":""}]}
    [code] => 200
)
]
[14:04:57][参数：Array
(
    [targetcomp_id] => 91000
    [sendercomp_id] => 91000
    [access_token] => C36E6207DCA4429A9A6934CFA3898E0D2017012214045778602054
    [request_num] => 1
    [reqry_recordsum_flag] => 1
    [qry_beginrownum] => 0
    [fund_code] => 600570
)
https://sitapi.hscloud.cn/cwsale/v1/newhq_qry
回参：Array
(
    [data] => {"data":[{"ofund_type":"0","per_myriad_income":"0.0000","fund_code":"600570","fund_curr_income":"0.00","rowcount":"1","forbid_modi_autobuy_flag":"0","pre_income_ratio":"0.0000","fund_full_name":"恒生电子股票基金","accept_hq_date":"20170118","share_type":"A","error_code":"","total_count":"1","fund_share":"0.00","fund_name":"恒生电子股票基金","fund_status":"0","ta_no":"B0","success_type":"0","nav_total":"1.7000","nav":"1.7000","prod_term":"0","ofund_risklevel":"0","en_minshare":"0.00","hq_date":"20170117","fund_curr_ratio":"0.0000","error_info":""}]}
    [code] => 200
)
]
[14:05:01][参数：Array
(
    [targetcomp_id] => 91000
    [sendercomp_id] => 91000
    [access_token] => 5188857CBDB6461CB9FD97DEB09959FD2017012214050216527897
    [request_num] => 1
    [reqry_recordsum_flag] => 1
    [qry_beginrownum] => 0
    [fund_code] => 600570
    [trust_way] => 2
)
https://sitapi.hscloud.cn/cwsale/v1/rate_qry
回参：Array
(
    [data] => {"data":[{"max_balance":"0.00","min_balance":"0.00","min_fare":"0.00","fund_code":"600570","rowcount":"1","share_type":"A","error_code":"","total_count":"10","sale_type":"0","max_fare":"0.00","cust_type":"1","zoneno":"231","fare_type":"0","ratio":"0.2000","success_type":"0","max_hold":"","min_predays":"","busin_flag":"020","min_hold":"","max_predays":"","error_info":""}]}
    [code] => 200
)
]
[14:05:01][参数：Array
(
    [targetcomp_id] => 91000
    [sendercomp_id] => 91000
    [access_token] => 5188857CBDB6461CB9FD97DEB09959FD2017012214050216527897
    [request_num] => 1
    [reqry_recordsum_flag] => 1
    [qry_beginrownum] => 0
    [fund_code] => 600570
)
https://sitapi.hscloud.cn/cwsale/v1/newhq_qry
回参：Array
(
    [data] => {"data":[{"ofund_type":"0","per_myriad_income":"0.0000","fund_code":"600570","fund_curr_income":"0.00","rowcount":"1","forbid_modi_autobuy_flag":"0","pre_income_ratio":"0.0000","fund_full_name":"恒生电子股票基金","accept_hq_date":"20170118","share_type":"A","error_code":"","total_count":"1","fund_share":"0.00","fund_name":"恒生电子股票基金","fund_status":"0","ta_no":"B0","success_type":"0","nav_total":"1.7000","nav":"1.7000","prod_term":"0","ofund_risklevel":"0","en_minshare":"0.00","hq_date":"20170117","fund_curr_ratio":"0.0000","error_info":""}]}
    [code] => 200
)
]
[14:05:05][参数：Array
(
    [targetcomp_id] => 91000
    [sendercomp_id] => 91000
    [access_token] => C8283E6EB2BF4BCCA0678D1A0A61B6552017012214050576034825
    [request_num] => 1
    [reqry_recordsum_flag] => 1
    [qry_beginrownum] => 0
    [fund_code] => 600570
    [trust_way] => 2
)
https://sitapi.hscloud.cn/cwsale/v1/rate_qry
回参：Array
(
    [data] => {"data":[{"max_balance":"0.00","min_balance":"0.00","min_fare":"0.00","fund_code":"600570","rowcount":"1","share_type":"A","error_code":"","total_count":"10","sale_type":"0","max_fare":"0.00","cust_type":"1","zoneno":"231","fare_type":"0","ratio":"0.2000","success_type":"0","max_hold":"","min_predays":"","busin_flag":"020","min_hold":"","max_predays":"","error_info":""}]}
    [code] => 200
)
]
[14:05:05][参数：Array
(
    [targetcomp_id] => 91000
    [sendercomp_id] => 91000
    [access_token] => C8283E6EB2BF4BCCA0678D1A0A61B6552017012214050576034825
    [request_num] => 1
    [reqry_recordsum_flag] => 1
    [qry_beginrownum] => 0
    [fund_code] => 600570
)
https://sitapi.hscloud.cn/cwsale/v1/newhq_qry
回参：Array
(
    [data] => {"data":[{"ofund_type":"0","per_myriad_income":"0.0000","fund_code":"600570","fund_curr_income":"0.00","rowcount":"1","forbid_modi_autobuy_flag":"0","pre_income_ratio":"0.0000","fund_full_name":"恒生电子股票基金","accept_hq_date":"20170118","share_type":"A","error_code":"","total_count":"1","fund_share":"0.00","fund_name":"恒生电子股票基金","fund_status":"0","ta_no":"B0","success_type":"0","nav_total":"1.7000","nav":"1.7000","prod_term":"0","ofund_risklevel":"0","en_minshare":"0.00","hq_date":"20170117","fund_curr_ratio":"0.0000","error_info":""}]}
    [code] => 200
)
]
[14:05:05][参数：Array
(
    [targetcomp_id] => 91000
    [sendercomp_id] => 91000
    [access_token] => E8B55E9F46104CC8A11DCB2595B8AAAB2017012214050595807075
    [request_num] => 1
    [reqry_recordsum_flag] => 1
    [qry_beginrownum] => 0
    [fund_code] => 600570
    [trust_way] => 2
)
https://sitapi.hscloud.cn/cwsale/v1/rate_qry
回参：Array
(
    [data] => {"data":[{"max_balance":"0.00","min_balance":"0.00","min_fare":"0.00","fund_code":"600570","rowcount":"1","share_type":"A","error_code":"","total_count":"10","sale_type":"0","max_fare":"0.00","cust_type":"1","zoneno":"231","fare_type":"0","ratio":"0.2000","success_type":"0","max_hold":"","min_predays":"","busin_flag":"020","min_hold":"","max_predays":"","error_info":""}]}
    [code] => 200
)
]
[14:05:05][参数：Array
(
    [targetcomp_id] => 91000
    [sendercomp_id] => 91000
    [access_token] => E8B55E9F46104CC8A11DCB2595B8AAAB2017012214050595807075
    [request_num] => 1
    [reqry_recordsum_flag] => 1
    [qry_beginrownum] => 0
    [fund_code] => 600570
)
https://sitapi.hscloud.cn/cwsale/v1/newhq_qry
回参：Array
(
    [data] => {"data":[{"ofund_type":"0","per_myriad_income":"0.0000","fund_code":"600570","fund_curr_income":"0.00","rowcount":"1","forbid_modi_autobuy_flag":"0","pre_income_ratio":"0.0000","fund_full_name":"恒生电子股票基金","accept_hq_date":"20170118","share_type":"A","error_code":"","total_count":"1","fund_share":"0.00","fund_name":"恒生电子股票基金","fund_status":"0","ta_no":"B0","success_type":"0","nav_total":"1.7000","nav":"1.7000","prod_term":"0","ofund_risklevel":"0","en_minshare":"0.00","hq_date":"20170117","fund_curr_ratio":"0.0000","error_info":""}]}
    [code] => 200
)
]
[14:05:07][参数：Array
(
    [targetcomp_id] => 91000
    [sendercomp_id] => 91000
    [access_token] => E1052D4A0C624518A5078F64909CDA912017012214050779671073
    [request_num] => 1
    [reqry_recordsum_flag] => 1
    [qry_beginrownum] => 0
    [fund_code] => 600570
    [trust_way] => 2
)
https://sitapi.hscloud.cn/cwsale/v1/rate_qry
回参：Array
(
    [data] => {"data":[{"max_balance":"0.00","min_balance":"0.00","min_fare":"0.00","fund_code":"600570","rowcount":"1","share_type":"A","error_code":"","total_count":"10","sale_type":"0","max_fare":"0.00","cust_type":"1","zoneno":"231","fare_type":"0","ratio":"0.2000","success_type":"0","max_hold":"","min_predays":"","busin_flag":"020","min_hold":"","max_predays":"","error_info":""}]}
    [code] => 200
)
]
[14:05:07][参数：Array
(
    [targetcomp_id] => 91000
    [sendercomp_id] => 91000
    [access_token] => E1052D4A0C624518A5078F64909CDA912017012214050779671073
    [request_num] => 1
    [reqry_recordsum_flag] => 1
    [qry_beginrownum] => 0
    [fund_code] => 600570
)
https://sitapi.hscloud.cn/cwsale/v1/newhq_qry
回参：Array
(
    [data] => {"data":[{"ofund_type":"0","per_myriad_income":"0.0000","fund_code":"600570","fund_curr_income":"0.00","rowcount":"1","forbid_modi_autobuy_flag":"0","pre_income_ratio":"0.0000","fund_full_name":"恒生电子股票基金","accept_hq_date":"20170118","share_type":"A","error_code":"","total_count":"1","fund_share":"0.00","fund_name":"恒生电子股票基金","fund_status":"0","ta_no":"B0","success_type":"0","nav_total":"1.7000","nav":"1.7000","prod_term":"0","ofund_risklevel":"0","en_minshare":"0.00","hq_date":"20170117","fund_curr_ratio":"0.0000","error_info":""}]}
    [code] => 200
)
]
[14:05:09][参数：Array
(
    [targetcomp_id] => 91000
    [sendercomp_id] => 91000
    [access_token] => 5AB3A66DF52949B7A27470A242795D002017012214050984908641
    [request_num] => 1
    [reqry_recordsum_flag] => 1
    [qry_beginrownum] => 0
    [fund_code] => 600570
    [trust_way] => 2
)
https://sitapi.hscloud.cn/cwsale/v1/rate_qry
回参：Array
(
    [data] => {"data":[{"max_balance":"0.00","min_balance":"0.00","min_fare":"0.00","fund_code":"600570","rowcount":"1","share_type":"A","error_code":"","total_count":"10","sale_type":"0","max_fare":"0.00","cust_type":"1","zoneno":"231","fare_type":"0","ratio":"0.2000","success_type":"0","max_hold":"","min_predays":"","busin_flag":"020","min_hold":"","max_predays":"","error_info":""}]}
    [code] => 200
)
]
[14:05:09][参数：Array
(
    [targetcomp_id] => 91000
    [sendercomp_id] => 91000
    [access_token] => 5AB3A66DF52949B7A27470A242795D002017012214050984908641
    [request_num] => 1
    [reqry_recordsum_flag] => 1
    [qry_beginrownum] => 0
    [fund_code] => 600570
)
https://sitapi.hscloud.cn/cwsale/v1/newhq_qry
回参：Array
(
    [data] => {"data":[{"ofund_type":"0","per_myriad_income":"0.0000","fund_code":"600570","fund_curr_income":"0.00","rowcount":"1","forbid_modi_autobuy_flag":"0","pre_income_ratio":"0.0000","fund_full_name":"恒生电子股票基金","accept_hq_date":"20170118","share_type":"A","error_code":"","total_count":"1","fund_share":"0.00","fund_name":"恒生电子股票基金","fund_status":"0","ta_no":"B0","success_type":"0","nav_total":"1.7000","nav":"1.7000","prod_term":"0","ofund_risklevel":"0","en_minshare":"0.00","hq_date":"20170117","fund_curr_ratio":"0.0000","error_info":""}]}
    [code] => 200
)
]
[14:05:09][参数：Array
(
    [targetcomp_id] => 91000
    [sendercomp_id] => 91000
    [access_token] => 376DE833F81543EB9208F342EB86276C2017012214051016720784
    [request_num] => 1
    [reqry_recordsum_flag] => 1
    [qry_beginrownum] => 0
    [fund_code] => 600570
    [trust_way] => 2
)
https://sitapi.hscloud.cn/cwsale/v1/rate_qry
回参：Array
(
    [data] => {"data":[{"max_balance":"0.00","min_balance":"0.00","min_fare":"0.00","fund_code":"600570","rowcount":"1","share_type":"A","error_code":"","total_count":"10","sale_type":"0","max_fare":"0.00","cust_type":"1","zoneno":"231","fare_type":"0","ratio":"0.2000","success_type":"0","max_hold":"","min_predays":"","busin_flag":"020","min_hold":"","max_predays":"","error_info":""}]}
    [code] => 200
)
]
[14:05:09][参数：Array
(
    [targetcomp_id] => 91000
    [sendercomp_id] => 91000
    [access_token] => 376DE833F81543EB9208F342EB86276C2017012214051016720784
    [request_num] => 1
    [reqry_recordsum_flag] => 1
    [qry_beginrownum] => 0
    [fund_code] => 600570
)
https://sitapi.hscloud.cn/cwsale/v1/newhq_qry
回参：Array
(
    [data] => {"data":[{"ofund_type":"0","per_myriad_income":"0.0000","fund_code":"600570","fund_curr_income":"0.00","rowcount":"1","forbid_modi_autobuy_flag":"0","pre_income_ratio":"0.0000","fund_full_name":"恒生电子股票基金","accept_hq_date":"20170118","share_type":"A","error_code":"","total_count":"1","fund_share":"0.00","fund_name":"恒生电子股票基金","fund_status":"0","ta_no":"B0","success_type":"0","nav_total":"1.7000","nav":"1.7000","prod_term":"0","ofund_risklevel":"0","en_minshare":"0.00","hq_date":"20170117","fund_curr_ratio":"0.0000","error_info":""}]}
    [code] => 200
)
]
[14:05:09][参数：Array
(
    [targetcomp_id] => 91000
    [sendercomp_id] => 91000
    [access_token] => 97DEEA08EB1440C5A7CC6617A570FE8D2017012214051046315311
    [request_num] => 1
    [reqry_recordsum_flag] => 1
    [qry_beginrownum] => 0
    [fund_code] => 600570
    [trust_way] => 2
)
https://sitapi.hscloud.cn/cwsale/v1/rate_qry
回参：Array
(
    [data] => {"data":[{"max_balance":"0.00","min_balance":"0.00","min_fare":"0.00","fund_code":"600570","rowcount":"1","share_type":"A","error_code":"","total_count":"10","sale_type":"0","max_fare":"0.00","cust_type":"1","zoneno":"231","fare_type":"0","ratio":"0.2000","success_type":"0","max_hold":"","min_predays":"","busin_flag":"020","min_hold":"","max_predays":"","error_info":""}]}
    [code] => 200
)
]
[14:05:09][参数：Array
(
    [targetcomp_id] => 91000
    [sendercomp_id] => 91000
    [access_token] => 97DEEA08EB1440C5A7CC6617A570FE8D2017012214051046315311
    [request_num] => 1
    [reqry_recordsum_flag] => 1
    [qry_beginrownum] => 0
    [fund_code] => 600570
)
https://sitapi.hscloud.cn/cwsale/v1/newhq_qry
回参：Array
(
    [data] => {"data":[{"ofund_type":"0","per_myriad_income":"0.0000","fund_code":"600570","fund_curr_income":"0.00","rowcount":"1","forbid_modi_autobuy_flag":"0","pre_income_ratio":"0.0000","fund_full_name":"恒生电子股票基金","accept_hq_date":"20170118","share_type":"A","error_code":"","total_count":"1","fund_share":"0.00","fund_name":"恒生电子股票基金","fund_status":"0","ta_no":"B0","success_type":"0","nav_total":"1.7000","nav":"1.7000","prod_term":"0","ofund_risklevel":"0","en_minshare":"0.00","hq_date":"20170117","fund_curr_ratio":"0.0000","error_info":""}]}
    [code] => 200
)
]
[14:05:10][参数：Array
(
    [targetcomp_id] => 91000
    [sendercomp_id] => 91000
    [access_token] => 33AC1697EB7A4744AB3819F4CD91CA032017012214051128745876
    [request_num] => 1
    [reqry_recordsum_flag] => 1
    [qry_beginrownum] => 0
    [fund_code] => 600570
    [trust_way] => 2
)
https://sitapi.hscloud.cn/cwsale/v1/rate_qry
回参：Array
(
    [data] => {"data":[{"max_balance":"0.00","min_balance":"0.00","min_fare":"0.00","fund_code":"600570","rowcount":"1","share_type":"A","error_code":"","total_count":"10","sale_type":"0","max_fare":"0.00","cust_type":"1","zoneno":"231","fare_type":"0","ratio":"0.2000","success_type":"0","max_hold":"","min_predays":"","busin_flag":"020","min_hold":"","max_predays":"","error_info":""}]}
    [code] => 200
)
]
[14:05:10][参数：Array
(
    [targetcomp_id] => 91000
    [sendercomp_id] => 91000
    [access_token] => 33AC1697EB7A4744AB3819F4CD91CA032017012214051128745876
    [request_num] => 1
    [reqry_recordsum_flag] => 1
    [qry_beginrownum] => 0
    [fund_code] => 600570
)
https://sitapi.hscloud.cn/cwsale/v1/newhq_qry
回参：Array
(
    [data] => {"data":[{"ofund_type":"0","per_myriad_income":"0.0000","fund_code":"600570","fund_curr_income":"0.00","rowcount":"1","forbid_modi_autobuy_flag":"0","pre_income_ratio":"0.0000","fund_full_name":"恒生电子股票基金","accept_hq_date":"20170118","share_type":"A","error_code":"","total_count":"1","fund_share":"0.00","fund_name":"恒生电子股票基金","fund_status":"0","ta_no":"B0","success_type":"0","nav_total":"1.7000","nav":"1.7000","prod_term":"0","ofund_risklevel":"0","en_minshare":"0.00","hq_date":"20170117","fund_curr_ratio":"0.0000","error_info":""}]}
    [code] => 200
)
]
[14:05:11][参数：Array
(
    [targetcomp_id] => 91000
    [sendercomp_id] => 91000
    [access_token] => 75981591BABE43ABA0E3F6B993D2021C2017012214051189501002
    [request_num] => 1
    [reqry_recordsum_flag] => 1
    [qry_beginrownum] => 0
    [fund_code] => 600570
    [trust_way] => 2
)
https://sitapi.hscloud.cn/cwsale/v1/rate_qry
回参：Array
(
    [data] => {"data":[{"max_balance":"0.00","min_balance":"0.00","min_fare":"0.00","fund_code":"600570","rowcount":"1","share_type":"A","error_code":"","total_count":"10","sale_type":"0","max_fare":"0.00","cust_type":"1","zoneno":"231","fare_type":"0","ratio":"0.2000","success_type":"0","max_hold":"","min_predays":"","busin_flag":"020","min_hold":"","max_predays":"","error_info":""}]}
    [code] => 200
)
]
[14:05:11][参数：Array
(
    [targetcomp_id] => 91000
    [sendercomp_id] => 91000
    [access_token] => 75981591BABE43ABA0E3F6B993D2021C2017012214051189501002
    [request_num] => 1
    [reqry_recordsum_flag] => 1
    [qry_beginrownum] => 0
    [fund_code] => 600570
)
https://sitapi.hscloud.cn/cwsale/v1/newhq_qry
回参：Array
(
    [data] => {"data":[{"ofund_type":"0","per_myriad_income":"0.0000","fund_code":"600570","fund_curr_income":"0.00","rowcount":"1","forbid_modi_autobuy_flag":"0","pre_income_ratio":"0.0000","fund_full_name":"恒生电子股票基金","accept_hq_date":"20170118","share_type":"A","error_code":"","total_count":"1","fund_share":"0.00","fund_name":"恒生电子股票基金","fund_status":"0","ta_no":"B0","success_type":"0","nav_total":"1.7000","nav":"1.7000","prod_term":"0","ofund_risklevel":"0","en_minshare":"0.00","hq_date":"20170117","fund_curr_ratio":"0.0000","error_info":""}]}
    [code] => 200
)
]
[14:05:11][参数：Array
(
    [targetcomp_id] => 91000
    [sendercomp_id] => 91000
    [access_token] => 019BD1A41D88468187DA7F3BE9F0F3E82017012214051209408393
    [request_num] => 1
    [reqry_recordsum_flag] => 1
    [qry_beginrownum] => 0
    [fund_code] => 600570
    [trust_way] => 2
)
https://sitapi.hscloud.cn/cwsale/v1/rate_qry
回参：Array
(
    [data] => {"data":[{"max_balance":"0.00","min_balance":"0.00","min_fare":"0.00","fund_code":"600570","rowcount":"1","share_type":"A","error_code":"","total_count":"10","sale_type":"0","max_fare":"0.00","cust_type":"1","zoneno":"231","fare_type":"0","ratio":"0.2000","success_type":"0","max_hold":"","min_predays":"","busin_flag":"020","min_hold":"","max_predays":"","error_info":""}]}
    [code] => 200
)
]
[14:05:11][参数：Array
(
    [targetcomp_id] => 91000
    [sendercomp_id] => 91000
    [access_token] => 019BD1A41D88468187DA7F3BE9F0F3E82017012214051209408393
    [request_num] => 1
    [reqry_recordsum_flag] => 1
    [qry_beginrownum] => 0
    [fund_code] => 600570
)
https://sitapi.hscloud.cn/cwsale/v1/newhq_qry
回参：Array
(
    [data] => {"data":[{"ofund_type":"0","per_myriad_income":"0.0000","fund_code":"600570","fund_curr_income":"0.00","rowcount":"1","forbid_modi_autobuy_flag":"0","pre_income_ratio":"0.0000","fund_full_name":"恒生电子股票基金","accept_hq_date":"20170118","share_type":"A","error_code":"","total_count":"1","fund_share":"0.00","fund_name":"恒生电子股票基金","fund_status":"0","ta_no":"B0","success_type":"0","nav_total":"1.7000","nav":"1.7000","prod_term":"0","ofund_risklevel":"0","en_minshare":"0.00","hq_date":"20170117","fund_curr_ratio":"0.0000","error_info":""}]}
    [code] => 200
)
]
