[11:23:50][参数：Array
(
    [targetcomp_id] => 91000
    [sendercomp_id] => 91000
    [access_token] => DCD8E390D9864EA5AB7F6DE8497F316E2017012011235068791890
    [request_num] => 1
    [reqry_recordsum_flag] => 1
    [qry_beginrownum] => 0
    [fund_code] => 600570
    [trust_way] => 2
)
https://sitapi.hscloud.cn/cwsale/v1/rate_qry
回参：Array
(
    [data] => {"data":[{"max_balance":"0.00","min_balance":"0.00","min_fare":"0.00","fund_code":"600570","rowcount":"1","share_type":"A","error_code":"","total_count":"10","sale_type":"0","max_fare":"0.00","cust_type":"1","zoneno":"231","fare_type":"0","ratio":"0.2000","success_type":"0","max_hold":"","min_predays":"","busin_flag":"020","min_hold":"","max_predays":"","error_info":""}]}
    [code] => 200
)
]
[11:23:53][参数：Array
(
    [targetcomp_id] => 91000
    [sendercomp_id] => 91000
    [access_token] => AC337E6F357F476DADAD5108A24616B12017012011235399617665
    [request_num] => 1
    [reqry_recordsum_flag] => 1
    [qry_beginrownum] => 0
    [fund_code] => 600570
    [trust_way] => 2
)
https://sitapi.hscloud.cn/cwsale/v1/rate_qry
回参：Array
(
    [data] => {"data":[{"max_balance":"0.00","min_balance":"0.00","min_fare":"0.00","fund_code":"600570","rowcount":"1","share_type":"A","error_code":"","total_count":"10","sale_type":"0","max_fare":"0.00","cust_type":"1","zoneno":"231","fare_type":"0","ratio":"0.2000","success_type":"0","max_hold":"","min_predays":"","busin_flag":"020","min_hold":"","max_predays":"","error_info":""}]}
    [code] => 200
)
]
[11:23:54][参数：Array
(
    [targetcomp_id] => 91000
    [sendercomp_id] => 91000
    [access_token] => 8D3FEA1405264ECE8E071011796574BF2017012011235431910793
    [request_num] => 1
    [reqry_recordsum_flag] => 1
    [qry_beginrownum] => 0
    [fund_code] => 600570
    [trust_way] => 2
)
https://sitapi.hscloud.cn/cwsale/v1/rate_qry
回参：Array
(
    [data] => {"data":[{"max_balance":"0.00","min_balance":"0.00","min_fare":"0.00","fund_code":"600570","rowcount":"1","share_type":"A","error_code":"","total_count":"10","sale_type":"0","max_fare":"0.00","cust_type":"1","zoneno":"231","fare_type":"0","ratio":"0.2000","success_type":"0","max_hold":"","min_predays":"","busin_flag":"020","min_hold":"","max_predays":"","error_info":""}]}
    [code] => 200
)
]
[11:23:54][参数：Array
(
    [targetcomp_id] => 91000
    [sendercomp_id] => 91000
    [access_token] => 6324B2CE23BB4C749815EE0D7F58923A2017012011235474858709
    [request_num] => 1
    [reqry_recordsum_flag] => 1
    [qry_beginrownum] => 0
    [fund_code] => 600570
    [trust_way] => 2
)
https://sitapi.hscloud.cn/cwsale/v1/rate_qry
回参：Array
(
    [data] => {"data":[{"max_balance":"0.00","min_balance":"0.00","min_fare":"0.00","fund_code":"600570","rowcount":"1","share_type":"A","error_code":"","total_count":"10","sale_type":"0","max_fare":"0.00","cust_type":"1","zoneno":"231","fare_type":"0","ratio":"0.2000","success_type":"0","max_hold":"","min_predays":"","busin_flag":"020","min_hold":"","max_predays":"","error_info":""}]}
    [code] => 200
)
]
[11:23:56][参数：Array
(
    [targetcomp_id] => 91000
    [sendercomp_id] => 91000
    [access_token] => 3FE8B90FA05440E49AA5DF155A6317C22017012011235637296162
    [request_num] => 1
    [reqry_recordsum_flag] => 1
    [qry_beginrownum] => 0
    [fund_code] => 600570
    [trust_way] => 2
)
https://sitapi.hscloud.cn/cwsale/v1/rate_qry
回参：Array
(
    [data] => {"data":[{"max_balance":"0.00","min_balance":"0.00","min_fare":"0.00","fund_code":"600570","rowcount":"1","share_type":"A","error_code":"","total_count":"10","sale_type":"0","max_fare":"0.00","cust_type":"1","zoneno":"231","fare_type":"0","ratio":"0.2000","success_type":"0","max_hold":"","min_predays":"","busin_flag":"020","min_hold":"","max_predays":"","error_info":""}]}
    [code] => 200
)
]
[11:23:56][参数：Array
(
    [targetcomp_id] => 91000
    [sendercomp_id] => 91000
    [access_token] => 4783054037D04755A0231772920A998C2017012011235671722537
    [request_num] => 1
    [reqry_recordsum_flag] => 1
    [qry_beginrownum] => 0
    [fund_code] => 600570
    [trust_way] => 2
)
https://sitapi.hscloud.cn/cwsale/v1/rate_qry
回参：Array
(
    [data] => {"data":[{"max_balance":"0.00","min_balance":"0.00","min_fare":"0.00","fund_code":"600570","rowcount":"1","share_type":"A","error_code":"","total_count":"10","sale_type":"0","max_fare":"0.00","cust_type":"1","zoneno":"231","fare_type":"0","ratio":"0.2000","success_type":"0","max_hold":"","min_predays":"","busin_flag":"020","min_hold":"","max_predays":"","error_info":""}]}
    [code] => 200
)
]
[11:23:58][参数：Array
(
    [targetcomp_id] => 91000
    [sendercomp_id] => 91000
    [access_token] => CDA11BBD3306472AAAA8F972C0B4E2712017012011235838727638
    [request_num] => 1
    [reqry_recordsum_flag] => 1
    [qry_beginrownum] => 0
    [fund_code] => 600570
    [trust_way] => 2
)
https://sitapi.hscloud.cn/cwsale/v1/rate_qry
回参：Array
(
    [data] => {"data":[{"max_balance":"0.00","min_balance":"0.00","min_fare":"0.00","fund_code":"600570","rowcount":"1","share_type":"A","error_code":"","total_count":"10","sale_type":"0","max_fare":"0.00","cust_type":"1","zoneno":"231","fare_type":"0","ratio":"0.2000","success_type":"0","max_hold":"","min_predays":"","busin_flag":"020","min_hold":"","max_predays":"","error_info":""}]}
    [code] => 200
)
]
[11:23:58][参数：Array
(
    [targetcomp_id] => 91000
    [sendercomp_id] => 91000
    [access_token] => E9BE52E5F28F4925940E88CFF58E2EFB2017012011235859721702
    [request_num] => 1
    [reqry_recordsum_flag] => 1
    [qry_beginrownum] => 0
    [fund_code] => 600570
    [trust_way] => 2
)
https://sitapi.hscloud.cn/cwsale/v1/rate_qry
回参：Array
(
    [data] => {"data":[{"max_balance":"0.00","min_balance":"0.00","min_fare":"0.00","fund_code":"600570","rowcount":"1","share_type":"A","error_code":"","total_count":"10","sale_type":"0","max_fare":"0.00","cust_type":"1","zoneno":"231","fare_type":"0","ratio":"0.2000","success_type":"0","max_hold":"","min_predays":"","busin_flag":"020","min_hold":"","max_predays":"","error_info":""}]}
    [code] => 200
)
]
[11:42:18][参数：Array
(
    [targetcomp_id] => 91000
    [sendercomp_id] => 91000
    [access_token] => FC6EE6F8094643C3835AC4E7F5092B882017012011421828829200
    [request_num] => 1
    [reqry_recordsum_flag] => 1
    [qry_beginrownum] => 0
    [fund_code] => 600570
    [trust_way] => 2
)
https://sitapi.hscloud.cn/cwsale/v1/rate_qry
回参：Array
(
    [data] => {"data":[{"max_balance":"0.00","min_balance":"0.00","min_fare":"0.00","fund_code":"600570","rowcount":"1","share_type":"A","error_code":"","total_count":"10","sale_type":"0","max_fare":"0.00","cust_type":"1","zoneno":"231","fare_type":"0","ratio":"0.2000","success_type":"0","max_hold":"","min_predays":"","busin_flag":"020","min_hold":"","max_predays":"","error_info":""}]}
    [code] => 200
)
]
[11:42:19][参数：Array
(
    [targetcomp_id] => 91000
    [sendercomp_id] => 91000
    [access_token] => 7223AC4334A14B8CA9988095A5A0244C2017012011421955627950
    [request_num] => 1
    [reqry_recordsum_flag] => 1
    [qry_beginrownum] => 0
    [fund_code] => 600570
    [trust_way] => 2
)
https://sitapi.hscloud.cn/cwsale/v1/rate_qry
回参：Array
(
    [data] => {"data":[{"max_balance":"0.00","min_balance":"0.00","min_fare":"0.00","fund_code":"600570","rowcount":"1","share_type":"A","error_code":"","total_count":"10","sale_type":"0","max_fare":"0.00","cust_type":"1","zoneno":"231","fare_type":"0","ratio":"0.2000","success_type":"0","max_hold":"","min_predays":"","busin_flag":"020","min_hold":"","max_predays":"","error_info":""}]}
    [code] => 200
)
]
[13:15:11][参数：Array
(
    [targetcomp_id] => 91000
    [sendercomp_id] => 91000
    [access_token] => 03CF38C6B4A9422DB5B166D4DC5B0A232017012013151205845892
    [request_num] => 1
    [reqry_recordsum_flag] => 1
    [qry_beginrownum] => 0
    [fund_code] => 600570
    [trust_way] => 2
)
https://sitapi.hscloud.cn/cwsale/v1/rate_qry
回参：Array
(
    [data] => {"data":[{"max_balance":"0.00","min_balance":"0.00","min_fare":"0.00","fund_code":"600570","rowcount":"1","share_type":"A","error_code":"","total_count":"10","sale_type":"0","max_fare":"0.00","cust_type":"1","zoneno":"231","fare_type":"0","ratio":"0.2000","success_type":"0","max_hold":"","min_predays":"","busin_flag":"020","min_hold":"","max_predays":"","error_info":""}]}
    [code] => 200
)
]
[13:15:11][参数：Array
(
    [targetcomp_id] => 91000
    [sendercomp_id] => 91000
    [access_token] => ACDB7C0FDA63464490BD111AF69C92C22017012013151226675037
    [request_num] => 1
    [reqry_recordsum_flag] => 1
    [qry_beginrownum] => 0
    [fund_code] => 600570
    [trust_way] => 2
)
https://sitapi.hscloud.cn/cwsale/v1/rate_qry
回参：Array
(
    [data] => {"data":[{"max_balance":"0.00","min_balance":"0.00","min_fare":"0.00","fund_code":"600570","rowcount":"1","share_type":"A","error_code":"","total_count":"10","sale_type":"0","max_fare":"0.00","cust_type":"1","zoneno":"231","fare_type":"0","ratio":"0.2000","success_type":"0","max_hold":"","min_predays":"","busin_flag":"020","min_hold":"","max_predays":"","error_info":""}]}
    [code] => 200
)
]
[13:15:13][参数：Array
(
    [targetcomp_id] => 91000
    [sendercomp_id] => 91000
    [access_token] => 524015E1717D4542AEF910B4F71D3E962017012013151378971744
    [request_num] => 1
    [reqry_recordsum_flag] => 1
    [qry_beginrownum] => 0
    [fund_code] => 600570
    [trust_way] => 2
)
https://sitapi.hscloud.cn/cwsale/v1/rate_qry
回参：Array
(
    [data] => {"data":[{"max_balance":"0.00","min_balance":"0.00","min_fare":"0.00","fund_code":"600570","rowcount":"1","share_type":"A","error_code":"","total_count":"10","sale_type":"0","max_fare":"0.00","cust_type":"1","zoneno":"231","fare_type":"0","ratio":"0.2000","success_type":"0","max_hold":"","min_predays":"","busin_flag":"020","min_hold":"","max_predays":"","error_info":""}]}
    [code] => 200
)
]
[13:23:22][参数：Array
(
    [targetcomp_id] => 91000
    [sendercomp_id] => 91000
    [access_token] => 1CE3E524399744D8BC5E399FF2773BD82017012013232309218685
    [request_num] => 1
    [reqry_recordsum_flag] => 1
    [qry_beginrownum] => 0
    [fund_code] => 600570
    [trust_way] => 2
)
https://sitapi.hscloud.cn/cwsale/v1/rate_qry
回参：Array
(
    [data] => {"data":[{"max_balance":"0.00","min_balance":"0.00","min_fare":"0.00","fund_code":"600570","rowcount":"1","share_type":"A","error_code":"","total_count":"10","sale_type":"0","max_fare":"0.00","cust_type":"1","zoneno":"231","fare_type":"0","ratio":"0.2000","success_type":"0","max_hold":"","min_predays":"","busin_flag":"020","min_hold":"","max_predays":"","error_info":""}]}
    [code] => 200
)
]
[13:25:28][参数：Array
(
    [targetcomp_id] => 91000
    [sendercomp_id] => 91000
    [access_token] => 68096525DB4E4B9F91DEDC5394660CEE2017012013252912461415
    [request_num] => 1
    [reqry_recordsum_flag] => 1
    [qry_beginrownum] => 0
    [fund_code] => 600570
    [trust_way] => 2
)
https://sitapi.hscloud.cn/cwsale/v1/rate_qry
回参：Array
(
    [data] => {"data":[{"max_balance":"0.00","min_balance":"0.00","min_fare":"0.00","fund_code":"600570","rowcount":"1","share_type":"A","error_code":"","total_count":"10","sale_type":"0","max_fare":"0.00","cust_type":"1","zoneno":"231","fare_type":"0","ratio":"0.2000","success_type":"0","max_hold":"","min_predays":"","busin_flag":"020","min_hold":"","max_predays":"","error_info":""}]}
    [code] => 200
)
]
[13:25:28][参数：Array
(
    [targetcomp_id] => 91000
    [sendercomp_id] => 91000
    [access_token] => 68096525DB4E4B9F91DEDC5394660CEE2017012013252912461415
    [request_num] => 1
    [reqry_recordsum_flag] => 1
    [qry_beginrownum] => 0
    [fund_code] => 600570
)
https://sitapi.hscloud.cn/cwsale/v1/newhq_qry
回参：Array
(
    [data] => {"data":[{"ofund_type":"0","per_myriad_income":"0.0000","fund_code":"600570","fund_curr_income":"0.00","rowcount":"1","forbid_modi_autobuy_flag":"0","pre_income_ratio":"0.0000","fund_full_name":"恒生电子股票基金","accept_hq_date":"20170116","share_type":"A","error_code":"","total_count":"1","fund_share":"0.00","fund_name":"恒生电子股票基金","fund_status":"0","ta_no":"B0","success_type":"0","nav_total":"1.7000","nav":"1.7000","prod_term":"0","ofund_risklevel":"0","en_minshare":"0.00","hq_date":"20170113","fund_curr_ratio":"0.0000","error_info":""}]}
    [code] => 200
)
]
[13:32:15][参数：Array
(
    [targetcomp_id] => 91000
    [sendercomp_id] => 91000
    [access_token] => 4D300E62CFC84F5696E61AB25D6DF1FE2017012013321548710572
    [request_num] => 1
    [reqry_recordsum_flag] => 1
    [qry_beginrownum] => 0
    [fund_code] => 600570
    [trust_way] => 2
)
https://sitapi.hscloud.cn/cwsale/v1/rate_qry
回参：Array
(
    [data] => {"data":[{"max_balance":"0.00","min_balance":"0.00","min_fare":"0.00","fund_code":"600570","rowcount":"1","share_type":"A","error_code":"","total_count":"10","sale_type":"0","max_fare":"0.00","cust_type":"1","zoneno":"231","fare_type":"0","ratio":"0.2000","success_type":"0","max_hold":"","min_predays":"","busin_flag":"020","min_hold":"","max_predays":"","error_info":""}]}
    [code] => 200
)
]
[13:32:15][参数：Array
(
    [targetcomp_id] => 91000
    [sendercomp_id] => 91000
    [access_token] => 4D300E62CFC84F5696E61AB25D6DF1FE2017012013321548710572
    [request_num] => 1
    [reqry_recordsum_flag] => 1
    [qry_beginrownum] => 0
    [fund_code] => 600570
)
https://sitapi.hscloud.cn/cwsale/v1/newhq_qry
回参：Array
(
    [data] => {"data":[{"ofund_type":"0","per_myriad_income":"0.0000","fund_code":"600570","fund_curr_income":"0.00","rowcount":"1","forbid_modi_autobuy_flag":"0","pre_income_ratio":"0.0000","fund_full_name":"恒生电子股票基金","accept_hq_date":"20170116","share_type":"A","error_code":"","total_count":"1","fund_share":"0.00","fund_name":"恒生电子股票基金","fund_status":"0","ta_no":"B0","success_type":"0","nav_total":"1.7000","nav":"1.7000","prod_term":"0","ofund_risklevel":"0","en_minshare":"0.00","hq_date":"20170113","fund_curr_ratio":"0.0000","error_info":""}]}
    [code] => 200
)
]
[13:32:15][参数：Array
(
    [targetcomp_id] => 91000
    [sendercomp_id] => 91000
    [access_token] => 87226B010C8E4C458A989BD8C0A96B972017012013321589513407
    [request_num] => 1
    [reqry_recordsum_flag] => 1
    [qry_beginrownum] => 0
    [fund_code] => 600570
    [trust_way] => 2
)
https://sitapi.hscloud.cn/cwsale/v1/rate_qry
回参：Array
(
    [data] => {"data":[{"max_balance":"0.00","min_balance":"0.00","min_fare":"0.00","fund_code":"600570","rowcount":"1","share_type":"A","error_code":"","total_count":"10","sale_type":"0","max_fare":"0.00","cust_type":"1","zoneno":"231","fare_type":"0","ratio":"0.2000","success_type":"0","max_hold":"","min_predays":"","busin_flag":"020","min_hold":"","max_predays":"","error_info":""}]}
    [code] => 200
)
]
[13:32:15][参数：Array
(
    [targetcomp_id] => 91000
    [sendercomp_id] => 91000
    [access_token] => 87226B010C8E4C458A989BD8C0A96B972017012013321589513407
    [request_num] => 1
    [reqry_recordsum_flag] => 1
    [qry_beginrownum] => 0
    [fund_code] => 600570
)
https://sitapi.hscloud.cn/cwsale/v1/newhq_qry
回参：Array
(
    [data] => {"data":[{"ofund_type":"0","per_myriad_income":"0.0000","fund_code":"600570","fund_curr_income":"0.00","rowcount":"1","forbid_modi_autobuy_flag":"0","pre_income_ratio":"0.0000","fund_full_name":"恒生电子股票基金","accept_hq_date":"20170116","share_type":"A","error_code":"","total_count":"1","fund_share":"0.00","fund_name":"恒生电子股票基金","fund_status":"0","ta_no":"B0","success_type":"0","nav_total":"1.7000","nav":"1.7000","prod_term":"0","ofund_risklevel":"0","en_minshare":"0.00","hq_date":"20170113","fund_curr_ratio":"0.0000","error_info":""}]}
    [code] => 200
)
]
[13:37:49][参数：Array
(
    [targetcomp_id] => 91000
    [sendercomp_id] => 91000
    [access_token] => CC1DBCEEB2674C39B8DB93D32130C6632017012013374943201872
    [request_num] => 1
    [reqry_recordsum_flag] => 1
    [qry_beginrownum] => 0
    [fund_code] => 600570
    [trust_way] => 2
)
https://sitapi.hscloud.cn/cwsale/v1/rate_qry
回参：Array
(
    [data] => {"data":[{"max_balance":"0.00","min_balance":"0.00","min_fare":"0.00","fund_code":"600570","rowcount":"1","share_type":"A","error_code":"","total_count":"10","sale_type":"0","max_fare":"0.00","cust_type":"1","zoneno":"231","fare_type":"0","ratio":"0.2000","success_type":"0","max_hold":"","min_predays":"","busin_flag":"020","min_hold":"","max_predays":"","error_info":""}]}
    [code] => 200
)
]
[13:37:49][参数：Array
(
    [targetcomp_id] => 91000
    [sendercomp_id] => 91000
    [access_token] => CC1DBCEEB2674C39B8DB93D32130C6632017012013374943201872
    [request_num] => 1
    [reqry_recordsum_flag] => 1
    [qry_beginrownum] => 0
    [fund_code] => 600570
)
https://sitapi.hscloud.cn/cwsale/v1/newhq_qry
回参：Array
(
    [data] => {"data":[{"ofund_type":"0","per_myriad_income":"0.0000","fund_code":"600570","fund_curr_income":"0.00","rowcount":"1","forbid_modi_autobuy_flag":"0","pre_income_ratio":"0.0000","fund_full_name":"恒生电子股票基金","accept_hq_date":"20170116","share_type":"A","error_code":"","total_count":"1","fund_share":"0.00","fund_name":"恒生电子股票基金","fund_status":"0","ta_no":"B0","success_type":"0","nav_total":"1.7000","nav":"1.7000","prod_term":"0","ofund_risklevel":"0","en_minshare":"0.00","hq_date":"20170113","fund_curr_ratio":"0.0000","error_info":""}]}
    [code] => 200
)
]
[13:37:49][参数：Array
(
    [targetcomp_id] => 91000
    [sendercomp_id] => 91000
    [access_token] => A1F4945B2DEF4523AB3ECB49CFCABFD12017012013374988274622
    [request_num] => 1
    [reqry_recordsum_flag] => 1
    [qry_beginrownum] => 0
    [fund_code] => 600570
    [trust_way] => 2
)
https://sitapi.hscloud.cn/cwsale/v1/rate_qry
回参：Array
(
    [data] => {"data":[{"max_balance":"0.00","min_balance":"0.00","min_fare":"0.00","fund_code":"600570","rowcount":"1","share_type":"A","error_code":"","total_count":"10","sale_type":"0","max_fare":"0.00","cust_type":"1","zoneno":"231","fare_type":"0","ratio":"0.2000","success_type":"0","max_hold":"","min_predays":"","busin_flag":"020","min_hold":"","max_predays":"","error_info":""}]}
    [code] => 200
)
]
[13:37:49][参数：Array
(
    [targetcomp_id] => 91000
    [sendercomp_id] => 91000
    [access_token] => A1F4945B2DEF4523AB3ECB49CFCABFD12017012013374988274622
    [request_num] => 1
    [reqry_recordsum_flag] => 1
    [qry_beginrownum] => 0
    [fund_code] => 600570
)
https://sitapi.hscloud.cn/cwsale/v1/newhq_qry
回参：Array
(
    [data] => {"data":[{"ofund_type":"0","per_myriad_income":"0.0000","fund_code":"600570","fund_curr_income":"0.00","rowcount":"1","forbid_modi_autobuy_flag":"0","pre_income_ratio":"0.0000","fund_full_name":"恒生电子股票基金","accept_hq_date":"20170116","share_type":"A","error_code":"","total_count":"1","fund_share":"0.00","fund_name":"恒生电子股票基金","fund_status":"0","ta_no":"B0","success_type":"0","nav_total":"1.7000","nav":"1.7000","prod_term":"0","ofund_risklevel":"0","en_minshare":"0.00","hq_date":"20170113","fund_curr_ratio":"0.0000","error_info":""}]}
    [code] => 200
)
]
[13:37:49][参数：Array
(
    [targetcomp_id] => 91000
    [sendercomp_id] => 91000
    [access_token] => 00F436E900FF4EDAA080D99BCADBD2C22017012013375034564687
    [request_num] => 1
    [reqry_recordsum_flag] => 1
    [qry_beginrownum] => 0
    [fund_code] => 600570
    [trust_way] => 2
)
https://sitapi.hscloud.cn/cwsale/v1/rate_qry
回参：Array
(
    [data] => {"data":[{"max_balance":"0.00","min_balance":"0.00","min_fare":"0.00","fund_code":"600570","rowcount":"1","share_type":"A","error_code":"","total_count":"10","sale_type":"0","max_fare":"0.00","cust_type":"1","zoneno":"231","fare_type":"0","ratio":"0.2000","success_type":"0","max_hold":"","min_predays":"","busin_flag":"020","min_hold":"","max_predays":"","error_info":""}]}
    [code] => 200
)
]
[13:37:50][参数：Array
(
    [targetcomp_id] => 91000
    [sendercomp_id] => 91000
    [access_token] => 00F436E900FF4EDAA080D99BCADBD2C22017012013375034564687
    [request_num] => 1
    [reqry_recordsum_flag] => 1
    [qry_beginrownum] => 0
    [fund_code] => 600570
)
https://sitapi.hscloud.cn/cwsale/v1/newhq_qry
回参：Array
(
    [data] => {"data":[{"ofund_type":"0","per_myriad_income":"0.0000","fund_code":"600570","fund_curr_income":"0.00","rowcount":"1","forbid_modi_autobuy_flag":"0","pre_income_ratio":"0.0000","fund_full_name":"恒生电子股票基金","accept_hq_date":"20170116","share_type":"A","error_code":"","total_count":"1","fund_share":"0.00","fund_name":"恒生电子股票基金","fund_status":"0","ta_no":"B0","success_type":"0","nav_total":"1.7000","nav":"1.7000","prod_term":"0","ofund_risklevel":"0","en_minshare":"0.00","hq_date":"20170113","fund_curr_ratio":"0.0000","error_info":""}]}
    [code] => 200
)
]
[13:48:54][参数：Array
(
    [targetcomp_id] => 91000
    [sendercomp_id] => 91000
    [access_token] => 93192EEACA5044B097B8E3B5DB03D46E2017012013485516469990
    [request_num] => 1
    [reqry_recordsum_flag] => 1
    [qry_beginrownum] => 0
    [fund_code] => 600570
    [trust_way] => 2
)
https://sitapi.hscloud.cn/cwsale/v1/rate_qry
回参：Array
(
    [data] => {"data":[{"max_balance":"0.00","min_balance":"0.00","min_fare":"0.00","fund_code":"600570","rowcount":"1","share_type":"A","error_code":"","total_count":"10","sale_type":"0","max_fare":"0.00","cust_type":"1","zoneno":"231","fare_type":"0","ratio":"0.2000","success_type":"0","max_hold":"","min_predays":"","busin_flag":"020","min_hold":"","max_predays":"","error_info":""}]}
    [code] => 200
)
]
[13:48:54][参数：Array
(
    [targetcomp_id] => 91000
    [sendercomp_id] => 91000
    [access_token] => 93192EEACA5044B097B8E3B5DB03D46E2017012013485516469990
    [request_num] => 1
    [reqry_recordsum_flag] => 1
    [qry_beginrownum] => 0
    [fund_code] => 600570
)
https://sitapi.hscloud.cn/cwsale/v1/newhq_qry
回参：Array
(
    [data] => {"data":[{"ofund_type":"0","per_myriad_income":"0.0000","fund_code":"600570","fund_curr_income":"0.00","rowcount":"1","forbid_modi_autobuy_flag":"0","pre_income_ratio":"0.0000","fund_full_name":"恒生电子股票基金","accept_hq_date":"20170116","share_type":"A","error_code":"","total_count":"1","fund_share":"0.00","fund_name":"恒生电子股票基金","fund_status":"0","ta_no":"B0","success_type":"0","nav_total":"1.7000","nav":"1.7000","prod_term":"0","ofund_risklevel":"0","en_minshare":"0.00","hq_date":"20170113","fund_curr_ratio":"0.0000","error_info":""}]}
    [code] => 200
)
]
[13:48:55][参数：Array
(
    [targetcomp_id] => 91000
    [sendercomp_id] => 91000
    [access_token] => 0F1273ED65344DB688C601D35B18E3F52017012013485577012678
    [request_num] => 1
    [reqry_recordsum_flag] => 1
    [qry_beginrownum] => 0
    [fund_code] => 600570
    [trust_way] => 2
)
https://sitapi.hscloud.cn/cwsale/v1/rate_qry
回参：Array
(
    [data] => {"data":[{"max_balance":"0.00","min_balance":"0.00","min_fare":"0.00","fund_code":"600570","rowcount":"1","share_type":"A","error_code":"","total_count":"10","sale_type":"0","max_fare":"0.00","cust_type":"1","zoneno":"231","fare_type":"0","ratio":"0.2000","success_type":"0","max_hold":"","min_predays":"","busin_flag":"020","min_hold":"","max_predays":"","error_info":""}]}
    [code] => 200
)
]
[13:48:55][参数：Array
(
    [targetcomp_id] => 91000
    [sendercomp_id] => 91000
    [access_token] => 0F1273ED65344DB688C601D35B18E3F52017012013485577012678
    [request_num] => 1
    [reqry_recordsum_flag] => 1
    [qry_beginrownum] => 0
    [fund_code] => 600570
)
https://sitapi.hscloud.cn/cwsale/v1/newhq_qry
回参：Array
(
    [data] => {"data":[{"ofund_type":"0","per_myriad_income":"0.0000","fund_code":"600570","fund_curr_income":"0.00","rowcount":"1","forbid_modi_autobuy_flag":"0","pre_income_ratio":"0.0000","fund_full_name":"恒生电子股票基金","accept_hq_date":"20170116","share_type":"A","error_code":"","total_count":"1","fund_share":"0.00","fund_name":"恒生电子股票基金","fund_status":"0","ta_no":"B0","success_type":"0","nav_total":"1.7000","nav":"1.7000","prod_term":"0","ofund_risklevel":"0","en_minshare":"0.00","hq_date":"20170113","fund_curr_ratio":"0.0000","error_info":""}]}
    [code] => 200
)
]
