[10:13:26][参数：Array
(
    [targetcomp_id] => 91000
    [sendercomp_id] => 91000
    [access_token] => 0398E85639A042EEA8000ED2177F455D2017020709415200045217
    [request_num] => 1
    [reqry_recordsum_flag] => 1
    [qry_beginrownum] => 0
    [fund_code] => 400003
    [trust_way] => 2
)
https://sitapi.hscloud.cn/cwsale/v1/rate_qry
回参：Array
(
    [data] => {"data":[{"max_balance":"","min_balance":"","min_fare":"","fund_code":"","rowcount":"","share_type":"","error_code":"1000","total_count":"","sale_type":"","max_fare":"","cust_type":"","zoneno":"","fare_type":"","ratio":"","success_type":"0","max_hold":"","min_predays":"","busin_flag":"","min_hold":"","max_predays":"","error_info":"HS_QUERY-O1: 总记录数为0!"}]}
    [code] => 200
)
]
[10:13:27][参数：Array
(
    [targetcomp_id] => 91000
    [sendercomp_id] => 91000
    [access_token] => 0398E85639A042EEA8000ED2177F455D2017020709415200045217
    [request_num] => 1
    [reqry_recordsum_flag] => 1
    [qry_beginrownum] => 0
    [fund_code] => 400003
    [trust_way] => 2
)
https://sitapi.hscloud.cn/cwsale/v1/rate_qry
回参：Array
(
    [data] => {"data":[{"max_balance":"","min_balance":"","min_fare":"","fund_code":"","rowcount":"","share_type":"","error_code":"1000","total_count":"","sale_type":"","max_fare":"","cust_type":"","zoneno":"","fare_type":"","ratio":"","success_type":"0","max_hold":"","min_predays":"","busin_flag":"","min_hold":"","max_predays":"","error_info":"HS_QUERY-O1: 总记录数为0!"}]}
    [code] => 200
)
]
[10:13:27][参数：Array
(
    [targetcomp_id] => 91000
    [sendercomp_id] => 91000
    [access_token] => 0398E85639A042EEA8000ED2177F455D2017020709415200045217
    [request_num] => 1
    [reqry_recordsum_flag] => 1
    [qry_beginrownum] => 0
    [fund_code] => 400003
    [trust_way] => 2
)
https://sitapi.hscloud.cn/cwsale/v1/rate_qry
回参：Array
(
    [data] => {"data":[{"max_balance":"","min_balance":"","min_fare":"","fund_code":"","rowcount":"","share_type":"","error_code":"1000","total_count":"","sale_type":"","max_fare":"","cust_type":"","zoneno":"","fare_type":"","ratio":"","success_type":"0","max_hold":"","min_predays":"","busin_flag":"","min_hold":"","max_predays":"","error_info":"HS_QUERY-O1: 总记录数为0!"}]}
    [code] => 200
)
]
[10:13:27][参数：Array
(
    [targetcomp_id] => 91000
    [sendercomp_id] => 91000
    [access_token] => 0398E85639A042EEA8000ED2177F455D2017020709415200045217
    [request_num] => 1
    [reqry_recordsum_flag] => 1
    [qry_beginrownum] => 0
    [fund_code] => 400003
    [trust_way] => 2
)
https://sitapi.hscloud.cn/cwsale/v1/rate_qry
回参：Array
(
    [data] => {"data":[{"max_balance":"","min_balance":"","min_fare":"","fund_code":"","rowcount":"","share_type":"","error_code":"1000","total_count":"","sale_type":"","max_fare":"","cust_type":"","zoneno":"","fare_type":"","ratio":"","success_type":"0","max_hold":"","min_predays":"","busin_flag":"","min_hold":"","max_predays":"","error_info":"HS_QUERY-O1: 总记录数为0!"}]}
    [code] => 200
)
]
[10:13:28][参数：Array
(
    [targetcomp_id] => 91000
    [sendercomp_id] => 91000
    [access_token] => 0398E85639A042EEA8000ED2177F455D2017020709415200045217
    [request_num] => 1
    [reqry_recordsum_flag] => 1
    [qry_beginrownum] => 0
    [fund_code] => 400003
    [trust_way] => 2
)
https://sitapi.hscloud.cn/cwsale/v1/rate_qry
回参：Array
(
    [data] => {"data":[{"max_balance":"","min_balance":"","min_fare":"","fund_code":"","rowcount":"","share_type":"","error_code":"1000","total_count":"","sale_type":"","max_fare":"","cust_type":"","zoneno":"","fare_type":"","ratio":"","success_type":"0","max_hold":"","min_predays":"","busin_flag":"","min_hold":"","max_predays":"","error_info":"HS_QUERY-O1: 总记录数为0!"}]}
    [code] => 200
)
]
[12:35:02][参数：Array
(
    [targetcomp_id] => 91000
    [sendercomp_id] => 91000
    [access_token] => 0398E85639A042EEA8000ED2177F455D2017020709415200045217
    [request_num] => 1
    [reqry_recordsum_flag] => 1
    [qry_beginrownum] => 0
    [fund_code] => 519008
    [trust_way] => 2
)
https://sitapi.hscloud.cn/cwsale/v1/rate_qry
回参：Array
(
    [data] => {"data":[{"max_balance":"","min_balance":"","min_fare":"","fund_code":"","rowcount":"","share_type":"","error_code":"1000","total_count":"","sale_type":"","max_fare":"","cust_type":"","zoneno":"","fare_type":"","ratio":"","success_type":"0","max_hold":"","min_predays":"","busin_flag":"","min_hold":"","max_predays":"","error_info":"HS_QUERY-O1: 总记录数为0!"}]}
    [code] => 200
)
]
[12:35:02][参数：Array
(
    [targetcomp_id] => 91000
    [sendercomp_id] => 91000
    [access_token] => 0398E85639A042EEA8000ED2177F455D2017020709415200045217
    [request_num] => 1
    [reqry_recordsum_flag] => 1
    [qry_beginrownum] => 0
    [fund_code] => 519008
    [trust_way] => 2
)
https://sitapi.hscloud.cn/cwsale/v1/rate_qry
回参：Array
(
    [data] => {"data":[{"max_balance":"","min_balance":"","min_fare":"","fund_code":"","rowcount":"","share_type":"","error_code":"1000","total_count":"","sale_type":"","max_fare":"","cust_type":"","zoneno":"","fare_type":"","ratio":"","success_type":"0","max_hold":"","min_predays":"","busin_flag":"","min_hold":"","max_predays":"","error_info":"HS_QUERY-O1: 总记录数为0!"}]}
    [code] => 200
)
]
[12:35:02][参数：Array
(
    [targetcomp_id] => 91000
    [sendercomp_id] => 91000
    [access_token] => 0398E85639A042EEA8000ED2177F455D2017020709415200045217
    [request_num] => 1
    [reqry_recordsum_flag] => 1
    [qry_beginrownum] => 0
    [fund_code] => 519008
    [trust_way] => 2
)
https://sitapi.hscloud.cn/cwsale/v1/rate_qry
回参：Array
(
    [data] => {"data":[{"max_balance":"","min_balance":"","min_fare":"","fund_code":"","rowcount":"","share_type":"","error_code":"1000","total_count":"","sale_type":"","max_fare":"","cust_type":"","zoneno":"","fare_type":"","ratio":"","success_type":"0","max_hold":"","min_predays":"","busin_flag":"","min_hold":"","max_predays":"","error_info":"HS_QUERY-O1: 总记录数为0!"}]}
    [code] => 200
)
]
[12:35:03][参数：Array
(
    [targetcomp_id] => 91000
    [sendercomp_id] => 91000
    [access_token] => 0398E85639A042EEA8000ED2177F455D2017020709415200045217
    [request_num] => 1
    [reqry_recordsum_flag] => 1
    [qry_beginrownum] => 0
    [fund_code] => 519008
    [trust_way] => 2
)
https://sitapi.hscloud.cn/cwsale/v1/rate_qry
回参：Array
(
    [data] => {"data":[{"max_balance":"","min_balance":"","min_fare":"","fund_code":"","rowcount":"","share_type":"","error_code":"1000","total_count":"","sale_type":"","max_fare":"","cust_type":"","zoneno":"","fare_type":"","ratio":"","success_type":"0","max_hold":"","min_predays":"","busin_flag":"","min_hold":"","max_predays":"","error_info":"HS_QUERY-O1: 总记录数为0!"}]}
    [code] => 200
)
]
[12:35:03][参数：Array
(
    [targetcomp_id] => 91000
    [sendercomp_id] => 91000
    [access_token] => 0398E85639A042EEA8000ED2177F455D2017020709415200045217
    [request_num] => 1
    [reqry_recordsum_flag] => 1
    [qry_beginrownum] => 0
    [fund_code] => 519008
    [trust_way] => 2
)
https://sitapi.hscloud.cn/cwsale/v1/rate_qry
回参：Array
(
    [data] => {"data":[{"max_balance":"","min_balance":"","min_fare":"","fund_code":"","rowcount":"","share_type":"","error_code":"1000","total_count":"","sale_type":"","max_fare":"","cust_type":"","zoneno":"","fare_type":"","ratio":"","success_type":"0","max_hold":"","min_predays":"","busin_flag":"","min_hold":"","max_predays":"","error_info":"HS_QUERY-O1: 总记录数为0!"}]}
    [code] => 200
)
]
[13:49:08][参数：Array
(
    [targetcomp_id] => 91000
    [sendercomp_id] => 91000
    [access_token] => 0398E85639A042EEA8000ED2177F455D2017020709415200045217
    [request_num] => 1
    [reqry_recordsum_flag] => 1
    [qry_beginrownum] => 0
    [fund_code] => 000011
    [trust_way] => 2
)
https://sitapi.hscloud.cn/cwsale/v1/rate_qry
回参：Array
(
    [data] => {"data":[{"max_balance":"0.00","min_balance":"0.00","min_fare":"0.00","fund_code":"000011","rowcount":"1","share_type":"A","error_code":"","total_count":"4","sale_type":"0","max_fare":"0.00","cust_type":"0","zoneno":"267","fare_type":"0","ratio":"1.0000","success_type":"0","max_hold":"4","min_predays":"","busin_flag":"024","min_hold":"","max_predays":"","error_info":""}]}
    [code] => 200
)
]
[13:49:08][参数：Array
(
    [targetcomp_id] => 91000
    [sendercomp_id] => 91000
    [access_token] => 0398E85639A042EEA8000ED2177F455D2017020709415200045217
    [request_num] => 1
    [reqry_recordsum_flag] => 1
    [qry_beginrownum] => 0
    [fund_code] => 000011
)
https://sitapi.hscloud.cn/cwsale/v1/newhq_qry
回参：Array
(
    [data] => {"data":[{"ofund_type":"0","per_myriad_income":"0.0000","fund_code":"000011","fund_curr_income":"0.00","rowcount":"1","forbid_modi_autobuy_flag":"0","pre_income_ratio":"0.0000","fund_full_name":"华夏大盘精选证券投资基金","accept_hq_date":"20170207","share_type":"A","error_code":"","total_count":"1","fund_share":"0.00","fund_name":"华夏大盘精选证券投资","fund_status":"0","ta_no":"CS","success_type":"0","nav_total":"1.0300","nav":"1.0300","prod_term":"0","ofund_risklevel":"0","en_minshare":"0.00","hq_date":"20170206","fund_curr_ratio":"0.0000","error_info":""}]}
    [code] => 200
)
]
[13:49:10][参数：Array
(
    [targetcomp_id] => 91000
    [sendercomp_id] => 91000
    [access_token] => 0398E85639A042EEA8000ED2177F455D2017020709415200045217
    [request_num] => 1
    [reqry_recordsum_flag] => 1
    [qry_beginrownum] => 0
    [fund_code] => 000011
    [trust_way] => 2
)
https://sitapi.hscloud.cn/cwsale/v1/rate_qry
回参：Array
(
    [data] => {"data":[{"max_balance":"0.00","min_balance":"0.00","min_fare":"0.00","fund_code":"000011","rowcount":"1","share_type":"A","error_code":"","total_count":"4","sale_type":"0","max_fare":"0.00","cust_type":"0","zoneno":"267","fare_type":"0","ratio":"1.0000","success_type":"0","max_hold":"4","min_predays":"","busin_flag":"024","min_hold":"","max_predays":"","error_info":""}]}
    [code] => 200
)
]
[13:49:10][参数：Array
(
    [targetcomp_id] => 91000
    [sendercomp_id] => 91000
    [access_token] => 0398E85639A042EEA8000ED2177F455D2017020709415200045217
    [request_num] => 1
    [reqry_recordsum_flag] => 1
    [qry_beginrownum] => 0
    [fund_code] => 000011
)
https://sitapi.hscloud.cn/cwsale/v1/newhq_qry
回参：Array
(
    [data] => {"data":[{"ofund_type":"0","per_myriad_income":"0.0000","fund_code":"000011","fund_curr_income":"0.00","rowcount":"1","forbid_modi_autobuy_flag":"0","pre_income_ratio":"0.0000","fund_full_name":"华夏大盘精选证券投资基金","accept_hq_date":"20170207","share_type":"A","error_code":"","total_count":"1","fund_share":"0.00","fund_name":"华夏大盘精选证券投资","fund_status":"0","ta_no":"CS","success_type":"0","nav_total":"1.0300","nav":"1.0300","prod_term":"0","ofund_risklevel":"0","en_minshare":"0.00","hq_date":"20170206","fund_curr_ratio":"0.0000","error_info":""}]}
    [code] => 200
)
]
[13:49:11][参数：Array
(
    [targetcomp_id] => 91000
    [sendercomp_id] => 91000
    [access_token] => 0398E85639A042EEA8000ED2177F455D2017020709415200045217
    [request_num] => 1
    [reqry_recordsum_flag] => 1
    [qry_beginrownum] => 0
    [fund_code] => 000011
    [trust_way] => 2
)
https://sitapi.hscloud.cn/cwsale/v1/rate_qry
回参：Array
(
    [data] => {"data":[{"max_balance":"0.00","min_balance":"0.00","min_fare":"0.00","fund_code":"000011","rowcount":"1","share_type":"A","error_code":"","total_count":"4","sale_type":"0","max_fare":"0.00","cust_type":"0","zoneno":"267","fare_type":"0","ratio":"1.0000","success_type":"0","max_hold":"4","min_predays":"","busin_flag":"024","min_hold":"","max_predays":"","error_info":""}]}
    [code] => 200
)
]
[13:49:11][参数：Array
(
    [targetcomp_id] => 91000
    [sendercomp_id] => 91000
    [access_token] => 0398E85639A042EEA8000ED2177F455D2017020709415200045217
    [request_num] => 1
    [reqry_recordsum_flag] => 1
    [qry_beginrownum] => 0
    [fund_code] => 000011
)
https://sitapi.hscloud.cn/cwsale/v1/newhq_qry
回参：Array
(
    [data] => {"data":[{"ofund_type":"0","per_myriad_income":"0.0000","fund_code":"000011","fund_curr_income":"0.00","rowcount":"1","forbid_modi_autobuy_flag":"0","pre_income_ratio":"0.0000","fund_full_name":"华夏大盘精选证券投资基金","accept_hq_date":"20170207","share_type":"A","error_code":"","total_count":"1","fund_share":"0.00","fund_name":"华夏大盘精选证券投资","fund_status":"0","ta_no":"CS","success_type":"0","nav_total":"1.0300","nav":"1.0300","prod_term":"0","ofund_risklevel":"0","en_minshare":"0.00","hq_date":"20170206","fund_curr_ratio":"0.0000","error_info":""}]}
    [code] => 200
)
]
[13:49:12][参数：Array
(
    [targetcomp_id] => 91000
    [sendercomp_id] => 91000
    [access_token] => 0398E85639A042EEA8000ED2177F455D2017020709415200045217
    [request_num] => 1
    [reqry_recordsum_flag] => 1
    [qry_beginrownum] => 0
    [fund_code] => 000011
    [trust_way] => 2
)
https://sitapi.hscloud.cn/cwsale/v1/rate_qry
回参：Array
(
    [data] => {"data":[{"max_balance":"0.00","min_balance":"0.00","min_fare":"0.00","fund_code":"000011","rowcount":"1","share_type":"A","error_code":"","total_count":"4","sale_type":"0","max_fare":"0.00","cust_type":"0","zoneno":"267","fare_type":"0","ratio":"1.0000","success_type":"0","max_hold":"4","min_predays":"","busin_flag":"024","min_hold":"","max_predays":"","error_info":""}]}
    [code] => 200
)
]
[13:49:12][参数：Array
(
    [targetcomp_id] => 91000
    [sendercomp_id] => 91000
    [access_token] => 0398E85639A042EEA8000ED2177F455D2017020709415200045217
    [request_num] => 1
    [reqry_recordsum_flag] => 1
    [qry_beginrownum] => 0
    [fund_code] => 000011
)
https://sitapi.hscloud.cn/cwsale/v1/newhq_qry
回参：Array
(
    [data] => {"data":[{"ofund_type":"0","per_myriad_income":"0.0000","fund_code":"000011","fund_curr_income":"0.00","rowcount":"1","forbid_modi_autobuy_flag":"0","pre_income_ratio":"0.0000","fund_full_name":"华夏大盘精选证券投资基金","accept_hq_date":"20170207","share_type":"A","error_code":"","total_count":"1","fund_share":"0.00","fund_name":"华夏大盘精选证券投资","fund_status":"0","ta_no":"CS","success_type":"0","nav_total":"1.0300","nav":"1.0300","prod_term":"0","ofund_risklevel":"0","en_minshare":"0.00","hq_date":"20170206","fund_curr_ratio":"0.0000","error_info":""}]}
    [code] => 200
)
]
[13:49:13][参数：Array
(
    [targetcomp_id] => 91000
    [sendercomp_id] => 91000
    [access_token] => 0398E85639A042EEA8000ED2177F455D2017020709415200045217
    [request_num] => 1
    [reqry_recordsum_flag] => 1
    [qry_beginrownum] => 0
    [fund_code] => 000011
    [trust_way] => 2
)
https://sitapi.hscloud.cn/cwsale/v1/rate_qry
回参：Array
(
    [data] => {"data":[{"max_balance":"0.00","min_balance":"0.00","min_fare":"0.00","fund_code":"000011","rowcount":"1","share_type":"A","error_code":"","total_count":"4","sale_type":"0","max_fare":"0.00","cust_type":"0","zoneno":"267","fare_type":"0","ratio":"1.0000","success_type":"0","max_hold":"4","min_predays":"","busin_flag":"024","min_hold":"","max_predays":"","error_info":""}]}
    [code] => 200
)
]
[13:49:13][参数：Array
(
    [targetcomp_id] => 91000
    [sendercomp_id] => 91000
    [access_token] => 0398E85639A042EEA8000ED2177F455D2017020709415200045217
    [request_num] => 1
    [reqry_recordsum_flag] => 1
    [qry_beginrownum] => 0
    [fund_code] => 000011
)
https://sitapi.hscloud.cn/cwsale/v1/newhq_qry
回参：Array
(
    [data] => {"data":[{"ofund_type":"0","per_myriad_income":"0.0000","fund_code":"000011","fund_curr_income":"0.00","rowcount":"1","forbid_modi_autobuy_flag":"0","pre_income_ratio":"0.0000","fund_full_name":"华夏大盘精选证券投资基金","accept_hq_date":"20170207","share_type":"A","error_code":"","total_count":"1","fund_share":"0.00","fund_name":"华夏大盘精选证券投资","fund_status":"0","ta_no":"CS","success_type":"0","nav_total":"1.0300","nav":"1.0300","prod_term":"0","ofund_risklevel":"0","en_minshare":"0.00","hq_date":"20170206","fund_curr_ratio":"0.0000","error_info":""}]}
    [code] => 200
)
]
[13:49:13][参数：Array
(
    [targetcomp_id] => 91000
    [sendercomp_id] => 91000
    [access_token] => 0398E85639A042EEA8000ED2177F455D2017020709415200045217
    [request_num] => 1
    [reqry_recordsum_flag] => 1
    [qry_beginrownum] => 0
    [fund_code] => 000011
    [trust_way] => 2
)
https://sitapi.hscloud.cn/cwsale/v1/rate_qry
回参：Array
(
    [data] => {"data":[{"max_balance":"0.00","min_balance":"0.00","min_fare":"0.00","fund_code":"000011","rowcount":"1","share_type":"A","error_code":"","total_count":"4","sale_type":"0","max_fare":"0.00","cust_type":"0","zoneno":"267","fare_type":"0","ratio":"1.0000","success_type":"0","max_hold":"4","min_predays":"","busin_flag":"024","min_hold":"","max_predays":"","error_info":""}]}
    [code] => 200
)
]
[13:49:13][参数：Array
(
    [targetcomp_id] => 91000
    [sendercomp_id] => 91000
    [access_token] => 0398E85639A042EEA8000ED2177F455D2017020709415200045217
    [request_num] => 1
    [reqry_recordsum_flag] => 1
    [qry_beginrownum] => 0
    [fund_code] => 000011
)
https://sitapi.hscloud.cn/cwsale/v1/newhq_qry
回参：Array
(
    [data] => {"data":[{"ofund_type":"0","per_myriad_income":"0.0000","fund_code":"000011","fund_curr_income":"0.00","rowcount":"1","forbid_modi_autobuy_flag":"0","pre_income_ratio":"0.0000","fund_full_name":"华夏大盘精选证券投资基金","accept_hq_date":"20170207","share_type":"A","error_code":"","total_count":"1","fund_share":"0.00","fund_name":"华夏大盘精选证券投资","fund_status":"0","ta_no":"CS","success_type":"0","nav_total":"1.0300","nav":"1.0300","prod_term":"0","ofund_risklevel":"0","en_minshare":"0.00","hq_date":"20170206","fund_curr_ratio":"0.0000","error_info":""}]}
    [code] => 200
)
]
[16:09:12][参数：Array
(
    [targetcomp_id] => 91000
    [sendercomp_id] => 91000
    [access_token] => 0398E85639A042EEA8000ED2177F455D2017020709415200045217
    [request_num] => 1
    [reqry_recordsum_flag] => 1
    [qry_beginrownum] => 0
    [fund_code] => 60056
    [trust_way] => 2
)
https://sitapi.hscloud.cn/cwsale/v1/rate_qry
回参：Array
(
    [data] => {"data":[{"max_balance":"","min_balance":"","min_fare":"","fund_code":"","rowcount":"","share_type":"","error_code":"1000","total_count":"","sale_type":"","max_fare":"","cust_type":"","zoneno":"","fare_type":"","ratio":"","success_type":"0","max_hold":"","min_predays":"","busin_flag":"","min_hold":"","max_predays":"","error_info":"HS_QUERY-O1: 总记录数为0!"}]}
    [code] => 200
)
]
[17:03:16][参数：Array
(
    [targetcomp_id] => 91000
    [sendercomp_id] => 91000
    [access_token] => 0398E85639A042EEA8000ED2177F455D2017020709415200045217
    [request_num] => 1
    [reqry_recordsum_flag] => 1
    [qry_beginrownum] => 0
    [fund_code] => 400003
    [trust_way] => 2
)
https://sitapi.hscloud.cn/cwsale/v1/rate_qry
回参：Array
(
    [data] => {"data":[{"max_balance":"","min_balance":"","min_fare":"","fund_code":"","rowcount":"","share_type":"","error_code":"1000","total_count":"","sale_type":"","max_fare":"","cust_type":"","zoneno":"","fare_type":"","ratio":"","success_type":"0","max_hold":"","min_predays":"","busin_flag":"","min_hold":"","max_predays":"","error_info":"HS_QUERY-O1: 总记录数为0!"}]}
    [code] => 200
)
]
[17:03:16][参数：Array
(
    [targetcomp_id] => 91000
    [sendercomp_id] => 91000
    [access_token] => 0398E85639A042EEA8000ED2177F455D2017020709415200045217
    [request_num] => 1
    [reqry_recordsum_flag] => 1
    [qry_beginrownum] => 0
    [fund_code] => 400003
    [trust_way] => 2
)
https://sitapi.hscloud.cn/cwsale/v1/rate_qry
回参：Array
(
    [data] => {"data":[{"max_balance":"","min_balance":"","min_fare":"","fund_code":"","rowcount":"","share_type":"","error_code":"1000","total_count":"","sale_type":"","max_fare":"","cust_type":"","zoneno":"","fare_type":"","ratio":"","success_type":"0","max_hold":"","min_predays":"","busin_flag":"","min_hold":"","max_predays":"","error_info":"HS_QUERY-O1: 总记录数为0!"}]}
    [code] => 200
)
]
[17:03:16][参数：Array
(
    [targetcomp_id] => 91000
    [sendercomp_id] => 91000
    [access_token] => 0398E85639A042EEA8000ED2177F455D2017020709415200045217
    [request_num] => 1
    [reqry_recordsum_flag] => 1
    [qry_beginrownum] => 0
    [fund_code] => 400003
    [trust_way] => 2
)
https://sitapi.hscloud.cn/cwsale/v1/rate_qry
回参：Array
(
    [data] => {"data":[{"max_balance":"","min_balance":"","min_fare":"","fund_code":"","rowcount":"","share_type":"","error_code":"1000","total_count":"","sale_type":"","max_fare":"","cust_type":"","zoneno":"","fare_type":"","ratio":"","success_type":"0","max_hold":"","min_predays":"","busin_flag":"","min_hold":"","max_predays":"","error_info":"HS_QUERY-O1: 总记录数为0!"}]}
    [code] => 200
)
]
